-0.176691 0.980188 2.410243
-0.111248 0.982155 2.331412
-0.056924 0.983784 2.851695
-0.034002 0.984469 12.423353
-0.031710 0.984537 12.414608
-0.029647 0.983948 13.868341
-0.027584 0.980670 12.393877
-0.025521 0.976052 13.845259
-0.023458 0.971593 12.373196
-0.021396 0.969288 13.825542
-0.019332 0.968161 12.361362
-0.017270 0.967377 13.815358
-0.015206 0.967112 12.352353
-0.013144 0.967159 13.805396
-0.011081 0.967301 12.344550
-0.009018 0.967274 13.800605
-0.006955 0.966876 12.342823
-0.004892 0.966288 13.798843
-0.002829 0.965738 12.341349
-0.000766 0.965434 13.797527
0.001297 0.965486 12.343198
0.003360 0.965608 13.803369
0.005423 0.965789 12.348805
0.007486 0.966029 13.809411
0.009549 0.966341 12.354273
0.011611 0.966730 13.816206
0.013675 0.967217 12.361367
0.015737 0.967821 13.824704
0.017801 0.968591 12.368946
0.019863 0.969582 13.832917
0.021926 0.970982 12.378055
0.023990 0.973982 13.850749
0.026052 0.978834 12.399275
0.028115 0.983385 13.874918
0.030178 0.986046 12.420968
0.032241 0.986423 13.898461
0.034304 0.986483 12.434277
0.068228 0.987443 2.323396
0.133784 0.989222 2.324845
0.199110 0.990877 2.332981
0.264436 0.992404 2.326127
0.329763 0.993799 2.334000
0.395089 0.995051 2.326118
0.460645 0.996161 2.325987
0.525971 0.997115 2.334643
0.591298 0.997915 2.326528
0.656624 0.998559 2.336023
0.721786 0.999047 2.337205
0.787277 0.999382 2.336607
0.852604 0.999564 2.330156
0.918159 0.999598 2.330822
0.957813 0.999554 5.085933
0.965836 0.999538 12.468206
0.968128 0.999534 12.471664
0.970191 0.999024 13.939630
0.972254 0.995860 12.450782
0.974317 0.991236 13.901197
0.976380 0.986615 12.416462
0.978443 0.984068 13.862887
0.980506 0.982838 12.384873
0.982569 0.981940 13.847191
0.984632 0.981265 12.388519
0.986695 0.980734 13.854434
0.988758 0.980324 12.395099
0.990820 0.980002 13.861903
0.992884 0.979761 12.400193
0.994946 0.979584 13.864652
0.997009 0.979470 12.401582
0.999073 0.979411 13.866184
1.001135 0.979408 12.403054
1.003198 0.979482 13.866424
1.005261 0.979925 12.399289
1.007324 0.980598 13.859242
1.009387 0.981304 12.392664
1.011450 0.981803 13.851608
1.013513 0.981912 12.386950
1.015576 0.981946 13.852971
1.017639 0.982162 12.395100
1.019701 0.982815 13.863370
1.021765 0.984097 12.404379
1.023827 0.986820 13.873482
1.025891 0.991559 12.417031
1.027954 0.996116 13.893977
1.030016 0.998917 12.437315
1.032079 0.999326 13.916751
1.034142 0.999317 12.457763
1.068066 0.999149 2.332798
1.133622 0.998739 2.334975
1.198948 0.998216 2.343019
1.264275 0.997588 2.335050
1.329601 0.996867 2.345742
1.394928 0.996095 2.337278
1.460483 0.995313 2.338537
1.525810 0.994534 2.347033
1.591136 0.993763 2.338794
1.656463 0.993006 2.348472
1.721789 0.992268 2.341717
1.787116 0.991556 2.353388
1.854085 0.990857 2.440165
1.917998 0.990226 2.346775
1.957652 0.989851 5.125130
1.965675 0.989778 12.531221
1.967967 0.989757 12.520809
1.970030 0.989355 13.988222
1.972093 0.986373 12.501412
1.974156 0.981802 13.964486
1.976219 0.977089 12.478986
1.978282 0.974342 13.939420
1.980345 0.973061 12.456648
1.982407 0.972130 13.915204
1.984470 0.971427 12.443894
1.986533 0.970873 13.912006
1.988596 0.970442 12.442703
1.990660 0.970101 13.910780
1.992722 0.969842 12.441709
1.994785 0.969649 13.908814
1.996848 0.969519 12.438487
1.998911 0.969444 13.904306
2.000974 0.969425 12.434224
2.003037 0.969459 13.899517
2.005100 0.969551 12.431193
2.007163 0.969703 13.900853
2.009226 0.969924 12.435654
2.011289 0.970222 13.906127
2.013352 0.970614 12.440170
2.015414 0.971119 13.911271
2.017478 0.971782 12.449138
2.019540 0.972673 13.926861
2.021603 0.974143 12.464037
2.023667 0.976868 13.943623
2.025729 0.981532 12.479001
2.027792 0.985936 13.964756
2.029855 0.988703 12.505286
2.031918 0.989195 13.997952
2.033981 0.989177 12.535044
2.035356 0.989165 28.051459
2.068364 0.988897 2.349182
2.133919 0.988395 2.348495
2.199246 0.987947 2.358274
2.264572 0.987551 2.350482
2.329899 0.987204 2.358612
2.395225 0.986911 2.350536
2.460781 0.986673 2.349717
2.526107 0.986496 2.359608
2.591434 0.986384 2.350187
2.656760 0.986338 2.358553
2.722087 0.986361 2.351196
2.787414 0.986454 2.359080
2.852740 0.986613 2.350090
2.918296 0.986836 2.349932
2.957950 0.986999 5.131956
2.965973 0.987034 12.548457
2.968265 0.987045 12.527819
2.970328 0.986459 13.985789
2.972391 0.983202 12.490743
2.974454 0.978547 13.945229
2.976517 0.973994 12.466724
2.978579 0.971555 13.934055
2.980643 0.970370 12.459322
2.982705 0.969505 13.925891
2.984768 0.968856 12.452120
2.986832 0.968350 13.921958
2.988894 0.967963 12.454964
2.990957 0.967661 13.928073
2.993020 0.967441 12.460384
2.995083 0.967286 13.934246
2.997146 0.967192 12.464815
2.999209 0.967153 13.934546
3.001272 0.967170 12.461881
3.003335 0.967241 13.930852
3.005398 0.967371 12.458370
3.007461 0.967560 13.927000
3.009524 0.967821 12.455501
3.011586 0.968158 13.924509
3.013650 0.968595 12.453470
3.015713 0.969147 13.922257
3.017775 0.969866 12.451227
3.019839 0.970803 13.933586
3.021901 0.972147 12.483983
3.023964 0.975065 13.981469
3.026027 0.979861 12.526840
3.028090 0.984376 14.029416
3.030153 0.987021 12.563824
3.032216 0.987365 14.047412
3.034279 0.987376 12.564045
3.068203 0.987569 2.349237
3.133759 0.987978 2.346812
3.199085 0.988440 2.356284
3.264412 0.988954 2.347781
3.329738 0.989518 2.355282
3.395065 0.990128 2.344403
3.460621 0.990783 2.338912
3.525947 0.991472 2.349101
3.591274 0.992195 2.340051
3.656600 0.992945 2.346731
3.721927 0.993717 2.339289
3.787253 0.994505 2.344589
3.853573 0.995314 2.433125
3.918136 0.996105 2.335748
3.957790 0.996589 5.097166
3.965813 0.996687 12.478685
3.968105 0.996715 12.471314
3.970168 0.996253 13.932526
3.972231 0.993148 12.451991
3.974294 0.988563 13.911019
3.976357 0.984047 12.432841
3.978420 0.981830 13.892117
3.980483 0.981034 12.422415
3.982546 0.980498 13.885291
3.984608 0.979688 12.416401
3.986671 0.978792 13.878680
3.988734 0.978014 12.409972
3.990798 0.977523 13.867118
3.992860 0.977310 12.395525
3.994923 0.977163 13.849999
3.996986 0.977081 12.380153
3.999049 0.977052 13.832917
4.001112 0.977079 12.374468
4.003175 0.977160 13.842595
4.005238 0.977300 12.387939
4.007301 0.977499 13.857457
4.009364 0.977768 12.401015
4.011427 0.978112 13.871189
4.013490 0.978555 12.410926
4.015553 0.979110 13.880539
4.017616 0.979828 12.419389
4.019678 0.980757 13.890017
4.021741 0.982071 12.428363
4.023805 0.984797 13.905171
4.025867 0.989560 12.446738
4.027930 0.994160 13.926629
4.029993 0.997022 12.466019
4.032056 0.997479 13.948283
4.034119 0.997503 12.480399
4.068043 0.997875 2.335581
4.133599 0.998527 2.334653
4.198925 0.999071 2.341676
4.264252 0.999499 2.333758
4.329579 0.999802 2.341778
4.394905 0.999970 2.333456
4.460461 0.999996 2.333207
4.525788 0.999875 2.341363
4.591114 0.999601 2.332720
4.656441 0.999172 2.341869
4.721767 0.998586 2.333817
4.787094 0.997842 2.342858
4.852421 0.996942 2.335766
4.917977 0.995883 2.336017
4.957631 0.995176 5.101383
4.965654 0.995025 12.488890
4.967946 0.994981 12.484797
4.970009 0.994574 13.952688
4.972072 0.991598 12.468650
4.974134 0.987015 13.927639
4.976197 0.982272 12.445909
4.978260 0.979478 13.902304
4.980323 0.978170 12.423765
4.982387 0.977214 13.885575
4.984449 0.976488 12.417922
4.986512 0.975911 13.881787
4.988575 0.975456 12.414627
4.990638 0.975092 13.878217
4.992701 0.974810 12.412318
4.994764 0.974711 13.877720
4.996827 0.974966 12.412765
4.998890 0.975330 13.877952
5.000953 0.975635 12.412924
5.003016 0.975692 13.878590
5.005079 0.975481 12.415356
5.007142 0.975158 13.883159
5.009205 0.974920 12.419616
5.011268 0.974974 13.887731
5.013330 0.975338 12.423597
5.015394 0.975817 13.894096
5.017456 0.976452 12.431579
5.019519 0.977294 13.903815
5.021582 0.978502 12.440371
5.023645 0.980965 13.913660
5.025708 0.985598 12.451206
5.027771 0.990196 13.931283
5.029834 0.993183 12.469877
5.031897 0.993694 13.952258
5.033960 0.993651 12.488725
5.035335 0.993621 27.939771
5.068342 0.992894 2.336891
5.133898 0.991360 2.339283
5.199225 0.989703 2.351334
5.264551 0.987926 2.344102
5.329878 0.986040 2.354228
5.395205 0.984084 2.346998
5.460761 0.982107 2.346299
5.526087 0.980138 2.356943
5.591414 0.978188 2.348542
5.656740 0.976273 2.357198
5.722067 0.974409 2.349216
5.787394 0.972609 2.357012
5.853064 0.970880 2.445290
5.918276 0.969254 2.349371
5.957931 0.968312 5.129743
5.965953 0.968126 12.556887
5.968245 0.968074 12.551057
5.970308 0.967418 14.026699
5.972371 0.964079 12.538333
5.974435 0.959369 14.002967
5.976497 0.954775 12.510557
5.978561 0.952315 13.971526
5.980623 0.951069 12.482504
5.982686 0.950145 13.941049
5.984749 0.949439 12.466134
5.986812 0.948876 13.936376
5.988875 0.948430 12.463877
5.990938 0.948073 13.933755
5.993001 0.947796 12.461635
5.995064 0.947583 13.930163
5.997127 0.947433 12.456592
5.999190 0.947338 13.923666
6.001253 0.947299 12.450626
6.003316 0.947314 13.916739
6.005379 0.947387 12.446142
6.007441 0.947520 13.918632
6.009504 0.947725 12.452600
6.011567 0.948005 13.926282
6.013630 0.948419 12.459474
6.015693 0.949178 13.933946
6.017756 0.950219 12.469013
6.019819 0.951390 13.948305
6.021882 0.952508 12.482523
6.023945 0.954963 13.963516
6.026008 0.959384 12.496222
6.028071 0.963749 13.983068
6.030134 0.966364 12.520380
6.032197 0.966665 14.013392
6.034260 0.966621 12.547575
6.068184 0.965928 2.349707
6.133740 0.964677 2.350060
6.199066 0.963567 2.358688
6.264393 0.962598 2.350344
6.329720 0.961768 2.358716
6.395046 0.961079 2.350479
6.460602 0.960533 2.349493
6.525929 0.960132 2.357249
6.591256 0.959877 2.349495
6.656582 0.959764 2.357878
6.721909 0.959795 2.348057
6.787236 0.959970 2.355793
6.852562 0.960290 2.347385
6.918118 0.960757 2.347092
6.957773 0.961105 5.124757
6.965795 0.961183 12.532011
6.968088 0.961206 12.508302
6.970150 0.960762 13.960871
6.972214 0.957863 12.465674
6.974277 0.953611 13.913242
6.976339 0.949102 12.435450
6.978402 0.946371 13.899976
6.980465 0.944831 12.429606
6.982528 0.943810 13.893522
6.984591 0.943159 12.423933
6.986654 0.942653 13.887214
6.988717 0.942268 12.418182
6.990780 0.941972 13.880571
6.992843 0.941758 12.412000
6.994906 0.941609 13.873560
6.996969 0.941523 12.406241
6.999032 0.941491 13.870210
7.001095 0.941517 12.406008
7.003158 0.941595 13.870512
7.005221 0.941732 12.406125
7.007284 0.941929 13.870386
7.009347 0.942196 12.406873
7.011410 0.942538 13.872753
7.013472 0.942979 12.409515
7.015535 0.943533 13.875821
7.017598 0.944249 12.412292
7.019661 0.945176 13.886948
7.021724 0.946484 12.444213
7.023787 0.949192 13.939170
7.025850 0.953952 12.490936
7.027913 0.958559 13.991424
7.029976 0.961441 12.534934
7.032039 0.961910 14.020447
7.034102 0.961935 12.542706
7.068026 0.962372 2.345114
7.133582 0.963312 2.343282
7.198909 0.964390 2.350208
7.264235 0.965604 2.338472
7.329562 0.966947 2.344858
7.394889 0.968409 2.335805
7.460445 0.969984 2.333403
7.525772 0.971652 2.340505
7.591098 0.973404 2.332713
7.656425 0.975227 2.338710
7.721752 0.977107 2.329976
7.787079 0.979030 2.338958
7.852061 0.980969 2.425893
7.917961 0.982944 2.329686
7.957616 0.984132 5.091678
7.965638 0.984371 12.450755
7.967930 0.984440 12.441416
7.969993 0.984144 13.898188
7.972056 0.981287 12.420462
7.974120 0.976813 13.874855
7.976182 0.972165 12.399677
7.978245 0.969454 13.853094
7.980308 0.968244 12.387227
7.982371 0.967398 13.845829
7.984434 0.967052 12.380968
7.986497 0.967064 13.838912
7.988560 0.967204 12.374962
7.990623 0.967219 13.833802
7.992686 0.966871 12.372231
7.994749 0.966290 13.831234
7.996812 0.965722 12.369695
7.998875 0.965360 13.828300
8.000938 0.965384 12.368516
8.003000 0.965497 13.830473
8.005064 0.965667 12.372239
8.007127 0.965897 13.834739
8.009189 0.966196 12.375900
8.011253 0.966570 13.838759
8.013315 0.967039 12.380445
8.015379 0.967621 13.844874
8.017441 0.968358 12.386071
8.019504 0.969302 13.851279
8.021567 0.970609 12.392130
8.023630 0.973157 13.863297
8.025693 0.977888 12.409089
8.027756 0.982594 13.884318
8.029819 0.985702 12.427979
8.031882 0.986329 13.905537
8.033945 0.986389 12.443405
8.035320 0.986429 27.826299
8.068327 0.987364 2.328561
8.133883 0.989148 2.329392
8.199210 0.990808 2.337250
8.264537 0.992342 2.329906
8.329864 0.993742 2.337381
8.395190 0.995001 2.329931
8.460746 0.996117 2.332357
8.526073 0.997077 2.339153
8.591400 0.997884 2.330024
8.656727 0.998535 2.338912
8.722054 0.999030 2.331667
8.787380 0.999371 2.341891
8.852707 0.999559 2.335316
8.918263 0.999600 2.339956
8.957918 0.999560 5.107264
8.965940 0.999545 12.490745
8.968233 0.999539 12.483714
8.970295 0.998939 13.948732
8.972358 0.995657 12.462375
8.974422 0.990993 13.917508
8.976484 0.986432 12.434056
8.978547 0.984000 13.885926
8.980610 0.982794 12.406387
8.982673 0.981909 13.864450
8.984736 0.981243 12.398072
8.986799 0.980720 13.858298
8.988862 0.980314 12.392450
8.990925 0.979996 13.852116
8.992988 0.979759 12.388991
8.995051 0.979586 13.853313
8.997114 0.979474 12.392615
8.999177 0.979419 13.857232
9.001240 0.979419 12.395887
9.003303 0.979507 13.860982
9.005366 0.979979 12.399916
9.007428 0.980660 13.866164
9.009492 0.981358 12.404686
9.011554 0.981824 13.871569
9.013617 0.981913 12.409413
9.015681 0.981950 13.878401
9.017743 0.982183 12.417653
9.019806 0.982878 13.888370
9.021869 0.984190 12.426669
9.023932 0.987049 13.898561
9.025995 0.991817 12.440972
9.028058 0.996327 13.927391
9.030121 0.998994 12.473123
9.032184 0.999338 13.963395
9.034247 0.999329 12.505388
9.068171 0.999163 2.341121
9.133727 0.998759 2.341087
9.199054 0.998241 2.350970
9.264381 0.997617 2.343679
9.329708 0.996900 2.363760
9.395034 0.996129 2.343227
9.460590 0.995346 2.344246
9.525917 0.994567 2.351916
9.591244 0.993796 2.345064
9.656571 0.993037 2.352905
9.721898 0.992299 2.344364
9.787225 0.991586 2.352800
9.851558 0.990913 2.440964
9.918108 0.990253 2.345271
9.957762 0.989877 5.122033
9.965785 0.989803 12.533732
9.968077 0.989782 12.526311
9.970140 0.989299 13.997431
9.972203 0.986183 12.512372
9.974266 0.981564 13.976597
9.976329 0.976904 12.488771
9.978392 0.974286 13.949146
9.980455 0.973030 12.464258
9.982518 0.972113 13.921826
9.984581 0.971420 12.445490
9.986643 0.970873 13.910309
9.988706 0.970448 12.437957
9.990769 0.970112 13.901626
9.992832 0.969856 12.430071
9.994895 0.969666 13.894158
9.996958 0.969539 12.426836
9.999021 0.969466 13.893146
10.001084 0.969451 12.426026
10.003147 0.969488 13.892109
10.005210 0.969583 12.425316
10.007273 0.969738 13.894559
10.009336 0.969963 12.430529
10.011399 0.970265 13.901004
10.013462 0.970664 12.436394
10.015525 0.971174 13.907632
10.017588 0.971848 12.450167
10.019651 0.972760 13.936290
10.021714 0.974270 12.479859
10.023777 0.977118 13.969561
10.025840 0.981814 12.509684
10.027902 0.986159 13.999278
10.029965 0.988806 12.526280
10.032028 0.989218 14.010153
10.034091 0.989201 12.535887
10.068016 0.988923 2.346014
10.133572 0.988419 2.346746
10.198898 0.987968 2.355828
10.264225 0.987570 2.348226
10.329552 0.987220 2.356669
10.394879 0.986924 2.348126
10.460435 0.986683 2.349154
10.525762 0.986504 2.357281
10.591089 0.986388 2.349875
10.656416 0.986338 2.358874
10.721743 0.986359 2.350610
10.787070 0.986448 2.358462
10.852397 0.986604 2.350589
10.917953 0.986824 2.350623
10.957607 0.986984 5.129660
10.965630 0.987021 12.554287
10.967922 0.987030 12.545447
10.969985 0.986709 14.017395
10.972048 0.983863 12.529678
10.974111 0.979351 13.999867
10.976174 0.974628 12.511500
10.978237 0.971795 13.973079
10.980300 0.970527 12.484075
10.982363 0.969617 13.942159
10.984426 0.968940 12.456453
10.986488 0.968411 13.914673
10.988552 0.968007 12.448746
10.990614 0.967692 13.922729
10.992678 0.967459 12.456918
10.994740 0.967292 13.931603
10.996803 0.967190 12.464488
10.998867 0.967142 13.935612
11.000929 0.967149 12.462863
11.002992 0.967211 13.932251
11.005055 0.967331 12.459952
11.007118 0.967509 13.928865
11.009181 0.967758 12.456942
11.011244 0.968081 13.926111
11.013307 0.968500 12.454895
11.015370 0.969031 13.923937
11.017433 0.969718 12.453054
11.019496 0.970611 13.926028
11.021559 0.971866 12.475383
11.023622 0.974355 13.971119
11.025685 0.979032 12.516927
11.027748 0.983692 14.017603
11.029811 0.986762 12.557691
11.031873 0.987347 14.047582
11.033937 0.987358 12.566226
11.035312 0.987365 28.101198
11.068319 0.987553 2.351503
11.133875 0.987960 2.351194
11.199202 0.988419 2.358734
11.264529 0.988931 2.350105
11.329856 0.989493 2.358317
11.395183 0.990101 2.349684
11.460739 0.990754 2.349304
11.526066 0.991442 2.357238
11.591393 0.992164 2.348234
11.656720 0.992913 2.356586
11.722047 0.993684 2.347859
11.787374 0.994471 2.355689
11.851058 0.995248 2.443608
11.918257 0.996071 2.348166
11.957912 0.996555 5.124551
11.965934 0.996654 12.549954
11.968226 0.996681 12.542202
11.970289 0.996116 14.003396
11.972352 0.992869 12.507792
11.974415 0.988238 13.964910
11.976478 0.983809 12.473424
11.978541 0.981739 13.928890
11.980604 0.980970 12.453148
11.982667 0.980426 13.917933
11.984730 0.979589 12.443812
11.986793 0.978694 13.907320
11.988856 0.977930 12.434547
11.990919 0.977471 13.899622
11.992982 0.977264 12.430735
11.995045 0.977122 13.896401
11.997108 0.977042 12.427766
11.999171 0.977017 13.892814
12.001234 0.977048 12.427021
12.003297 0.977132 13.898419
12.005360 0.977275 12.435279
12.007423 0.977477 13.907763
12.009486 0.977751 12.443705
12.011548 0.978100 13.915954
12.013612 0.978550 12.445568
12.015674 0.979113 13.912892
12.017737 0.979842 12.442622
12.019801 0.980788 13.909713
12.021863 0.982134 12.440872
12.023926 0.985015 13.926054
12.025989 0.989816 12.476535
12.028052 0.994361 13.972338
12.030115 0.997067 12.517956
12.032178 0.997448 14.018685
12.034241 0.997471 12.550390
12.068165 0.997845 2.346870
12.133721 0.998501 2.347046
12.199048 0.999050 2.354903
12.264375 0.999484 2.346464
12.329702 0.999792 2.354210
12.395029 0.999966 2.346860
12.460586 0.999998 2.346618
12.525913 0.999883 2.354683
12.591240 0.999616 2.346832
12.656567 0.999193 2.355665
12.721894 0.998614 2.347227
12.787221 0.997877 2.356433
12.852548 0.996983 2.348401
12.918104 0.995931 2.348233
12.957759 0.995228 5.139272
12.965781 0.995077 12.569726
12.968073 0.995034 12.559118
12.970136 0.994533 14.028419
12.972199 0.991401 12.530983
12.974262 0.986764 13.989575
12.976325 0.982079 12.494285
12.978388 0.979436 13.948524
12.980451 0.978159 12.457615
12.982514 0.977220 13.918693
12.984577 0.976505 12.448889
12.986640 0.975937 13.917830
12.988703 0.975488 12.447887
12.990766 0.975130 13.916538
12.992829 0.974852 12.447566
12.994891 0.974788 13.919258
12.996955 0.975058 12.452136
12.999017 0.975425 13.924620
13.001081 0.975709 12.456844
13.003143 0.975743 13.929362
13.005207 0.975510 12.457641
13.007269 0.975185 13.926067
13.009332 0.974962 12.454118
13.011395 0.975049 13.922242
13.013458 0.975424 12.450768
13.015522 0.975911 13.920755
13.017584 0.976559 12.453174
13.019647 0.977417 13.925442
13.021710 0.978656 12.457467
13.023773 0.981276 13.930357
13.025836 0.985961 12.465989
13.027899 0.990507 13.956024
13.029962 0.993340 12.499758
13.032025 0.993753 13.994306
13.034088 0.993710 12.534044
13.068012 0.992967 2.349582
13.133568 0.991439 2.350115
13.198895 0.989787 2.359536
13.264222 0.988016 2.351317
13.329550 0.986134 2.360025
13.394877 0.984182 2.351494
13.460433 0.982204 2.352950
13.525760 0.980235 2.361739
13.591087 0.978283 2.354150
13.656414 0.976367 2.362699
13.721741 0.974499 2.355842
13.787068 0.972696 2.364975
13.850065 0.971031 2.452747
13.917951 0.969332 2.356762
13.957606 0.968386 5.144250
13.965629 0.968200 12.593388
13.967921 0.968147 12.587328
13.969984 0.967749 14.067018
13.972047 0.964796 12.576383
13.974110 0.960217 14.051433
13.976173 0.955457 12.558478
13.978236 0.952626 14.029954
13.980299 0.951305 12.539044
13.982361 0.950340 14.008249
13.984425 0.949605 12.524628
13.986487 0.949020 14.004585
13.988550 0.948559 12.527587
13.990614 0.948189 14.007912
13.992676 0.947900 12.530334
13.994739 0.947677 14.010271
13.996802 0.947518 12.529801
13.998865 0.947414 14.007090
14.000928 0.947366 12.526896
14.002991 0.947371 14.003956
14.005054 0.947436 12.524145
14.007117 0.947558 14.003186
14.009180 0.947751 12.526404
14.011243 0.948019 14.006760
14.013306 0.948400 12.529702
14.015369 0.949106 14.010561
14.017432 0.950116 12.537440
14.019495 0.951276 14.029753
14.021558 0.952377 12.559717
14.023621 0.954431 14.054674
14.025684 0.958720 12.582090
14.027747 0.963187 14.078318
14.029810 0.966202 12.595917
14.031873 0.966733 14.086480
14.033936 0.966689 12.602551
14.035311 0.966659 28.185002
14.068318 0.965984 2.356729
14.133875 0.964728 2.357273
14.199202 0.963611 2.364357
14.264455 0.962637 2.365005
14.329856 0.961800 2.364742
14.395183 0.961106 2.356184
14.460739 0.960553 2.357221
14.526066 0.960146 2.365223
14.591394 0.959885 2.355489
14.656721 0.959766 2.364294
14.722048 0.959791 2.355623
14.787375 0.959959 2.362547
14.852702 0.960273 2.354184
14.918258 0.960735 2.354379
14.957913 0.961079 5.139929
14.965936 0.961156 12.585305
14.968228 0.961178 12.571703
14.970291 0.960620 14.041830
14.972354 0.957578 12.547125
14.974417 0.953266 14.014437
14.976480 0.948810 12.523438
14.978543 0.946213 13.989895
14.980606 0.944709 12.502420
14.982668 0.943729 13.966143
14.984732 0.943090 12.480987
14.986795 0.942593 13.944356
14.988858 0.942215 12.472311
14.990920 0.941925 13.945338
14.992983 0.941715 12.473922
14.995047 0.941570 13.947086
14.997109 0.941487 12.475269
14.999173 0.941459 13.948922
15.001235 0.941488 12.477515
15.003298 0.941571 13.951704
15.005361 0.941711 12.480105
15.007424 0.941912 13.954703
15.009487 0.942184 12.480587
15.011550 0.942532 13.949840
15.013613 0.942980 12.473698
15.015676 0.943543 13.942249
15.017739 0.944271 12.467009
15.019802 0.945216 13.939564
15.021865 0.946562 12.488348
15.023928 0.949451 13.986541
15.025991 0.954253 12.531517
15.028054 0.958796 14.034802
15.030117 0.961499 12.573777
15.032180 0.961876 14.064840
15.034243 0.961901 12.580605
15.068167 0.962335 2.352123
15.133723 0.963269 2.352519
15.199050 0.964341 2.359613
15.264378 0.965550 2.351331
15.329705 0.966887 2.358374
15.395032 0.968344 2.349812
15.460588 0.969915 2.348565
15.525916 0.971579 2.356737
15.591243 0.973328 2.347957
15.656570 0.975148 2.355354
15.721897 0.977027 2.347962
15.787224 0.978948 2.355663
15.852551 0.980896 2.346865
15.920591 0.982936 2.442926
15.957763 0.984049 5.125630
15.965785 0.984289 12.545764
15.968077 0.984357 12.539010
15.970140 0.983955 14.002247
15.972203 0.980918 12.508199
15.974266 0.976380 13.966878
15.976329 0.971799 12.476541
15.978392 0.969262 13.932303
15.980455 0.968087 12.455742
15.982518 0.967270 13.921883
15.984581 0.966970 12.448464
15.986644 0.966999 13.913509
15.988707 0.967136 12.440800
15.990770 0.967121 13.905924
15.992833 0.966735 12.435573
15.994896 0.966145 13.900917
15.996959 0.965587 12.431197
15.999022 0.965263 13.895969
16.001085 0.965304 12.427524
16.003148 0.965420 13.895748
16.005211 0.965596 12.430165
16.007274 0.965830 13.899001
16.009337 0.966134 12.433177
16.011400 0.966514 13.902488
16.013463 0.966992 12.436334
16.015526 0.967582 13.906003
16.017588 0.968334 12.439533
16.019652 0.969296 13.909695
16.021714 0.970639 12.442939
16.023778 0.973367 13.925297
16.025840 0.978157 12.475713
16.027904 0.982805 13.970996
16.029966 0.985736 12.516349
16.032029 0.986249 14.016435
16.034092 0.986309 12.551259
16.068017 0.987274 2.346294
16.133573 0.989063 2.346703
16.198900 0.990730 2.354888
16.264227 0.992270 2.346584
16.329555 0.993677 2.355157
16.394882 0.994942 2.346962
16.460438 0.996065 2.346228
16.525765 0.997034 2.355546
16.591093 0.997848 2.347575
16.656420 0.998507 2.355548
16.721747 0.999009 2.348390
16.787074 0.999358 2.357216
16.852402 0.999554 2.348570
16.917958 0.999601 2.348842
16.957613 0.999565 5.128615
16.965636 0.999551 12.564982
16.967928 0.999546 12.566155
16.969991 0.999186 14.046433
16.972054 0.996266 12.543406
16.974117 0.991728 14.000090
16.976180 0.987012 12.500481
16.978243 0.984232 13.951759
16.980305 0.982954 12.457671
16.982368 0.982032 13.925524
16.984431 0.981339 12.452800
16.986494 0.980796 13.919837
16.988557 0.980376 12.447746
16.990620 0.980047 13.913952
16.992683 0.979798 12.442644
16.994746 0.979615 13.910757
16.996809 0.979496 12.442063
16.998872 0.979432 13.910596
17.000935 0.979424 12.442022
17.002998 0.979489 13.910495
17.005061 0.979913 12.442969
17.007124 0.980580 13.913597
17.009187 0.981283 12.446484
17.011250 0.981793 13.917643
17.013313 0.981911 12.450205
17.015376 0.981936 13.926523
17.017439 0.982129 12.470374
17.019502 0.982739 13.958025
17.021565 0.983969 12.498536
17.023628 0.986446 13.989590
17.025691 0.991108 12.526237
17.027754 0.995747 14.016265
17.029817 0.998790 12.546194
17.031880 0.999351 14.037654
17.033943 0.999342 12.565140
17.035318 0.999336 28.110690
17.068325 0.999178 2.349425
17.133882 0.998779 2.350784
17.199209 0.998265 2.358635
17.264536 0.997645 2.350484
17.329864 0.996931 2.358931
17.395191 0.996161 2.351027
17.460518 0.995382 2.359329
17.525846 0.994603 2.351877
17.591402 0.993828 2.351384
17.656729 0.993069 2.360044
17.722057 0.992330 2.352710
17.787384 0.991615 2.360653
17.852711 0.990931 2.353186
17.919867 0.990264 2.459003
17.957693 0.989904 5.052454
17.965945 0.989828 12.576134
17.968237 0.989807 12.570179
17.970301 0.989188 14.047952
17.972363 0.985886 12.559074
17.974426 0.981206 14.025745
17.976489 0.976634 12.527753
17.978552 0.974194 13.987153
17.980615 0.972975 12.492987
17.982678 0.972077 13.948004
17.984741 0.971399 12.465296
17.986804 0.970863 13.935497
17.988867 0.970444 12.463332
17.990930 0.970115 13.933417
17.992993 0.969865 12.461453
17.995056 0.969679 13.931844
17.997119 0.969557 12.463926
17.999182 0.969489 13.938658
18.001245 0.969477 12.470355
18.003308 0.969518 13.945959
18.005371 0.969618 12.477261
18.007434 0.969778 13.958732
18.009497 0.970010 12.494491
18.011560 0.970317 13.979847
18.013623 0.970724 12.513465
18.015686 0.971246 14.001159
18.017749 0.971933 12.531483
18.019812 0.972880 14.018517
18.021875 0.974447 12.545385
18.023938 0.977484 14.033826
18.026000 0.982213 12.559135
18.028064 0.986467 14.048658
18.030126 0.988927 12.569216
18.032190 0.989242 14.056802
18.034252 0.989225 12.576288
18.068177 0.988945 2.354023
18.133733 0.988439 2.354325
18.199061 0.987986 2.362627
18.264388 0.987585 2.355277
18.329715 0.987234 2.363946
18.395043 0.986935 2.354492
18.460599 0.986692 2.355205
18.525927 0.986510 2.363724
18.591254 0.986391 2.355450
18.656581 0.986339 2.363490
18.721909 0.986356 2.356220
18.787236 0.986443 2.363630
18.852563 0.986596 2.356211
18.917891 0.986813 2.364102
18.957545 0.986972 5.061240
18.965797 0.987008 12.591611
18.968090 0.987019 12.581933
18.970153 0.986578 14.057105
18.972216 0.983523 12.564106
18.974279 0.978936 14.037139
18.976341 0.974287 12.546965
18.978404 0.971655 14.020589
18.980467 0.970429 12.533980
18.982531 0.969542 14.006253
18.984593 0.968878 12.520950
18.986657 0.968361 13.991986
18.988719 0.967964 12.515404
18.990782 0.967656 13.994962
18.992845 0.967430 12.519598
18.994908 0.967268 13.999765
18.996971 0.967170 12.523874
18.999034 0.967125 13.996328
19.001097 0.967138 12.507860
19.003160 0.967204 13.972146
19.005223 0.967329 12.486316
19.007286 0.967513 13.948152
19.009349 0.967766 12.470694
19.011412 0.968096 13.953615
19.013475 0.968524 12.491172
19.015538 0.969065 13.977543
19.017601 0.969768 12.512659
19.019664 0.970682 14.001719
19.021727 0.971978 12.535166
19.023790 0.974672 14.027945
19.025853 0.979418 12.558562
19.027916 0.984010 14.053854
19.029979 0.986877 12.581778
19.032041 0.987332 14.075479
19.034105 0.987343 12.594086
19.068486 0.987536 2.348301
19.133815 0.987940 2.363408
19.199142 0.988397 2.354801
19.264470 0.988907 2.361669
19.329797 0.989466 2.354083
19.395432 0.990075 2.377658
19.460452 0.990721 2.351634
19.526008 0.991410 2.351193
19.591336 0.992131 2.358733
19.656663 0.992879 2.349381
19.721991 0.993649 2.357509
19.787318 0.994435 2.348627
19.852646 0.995232 2.356942
19.919119 0.996046 2.442931
19.957628 0.996517 5.125367
19.965651 0.996614 12.560188
19.967943 0.996642 12.558910
19.970005 0.996301 14.021620
19.972069 0.993392 12.520795
19.974131 0.988877 13.975513
19.976195 0.984275 12.479254
19.978257 0.981861 13.928971
19.980321 0.981025 12.450261
19.982384 0.980478 13.917743
19.984446 0.979671 12.446608
19.986510 0.978766 13.913731
19.988572 0.977980 12.442816
19.990635 0.977473 13.909025
19.992698 0.977253 12.438029
19.994762 0.977102 13.903308
19.996824 0.977015 12.433018
19.998887 0.976981 13.897820
20.000950 0.977005 12.428775
20.003014 0.977082 13.897796
20.005076 0.977217 12.433089
20.007139 0.977411 13.903492
20.009202 0.977674 12.438286
20.011265 0.978012 13.909417
20.013328 0.978447 12.442698
20.015391 0.978993 13.912568
20.017454 0.979696 12.444790
20.019517 0.980605 13.914886
20.021580 0.981879 12.446967
20.023643 0.984406 13.924894
20.025706 0.989106 12.476023
20.027769 0.993772 13.972320
20.029832 0.996829 12.518169
20.031895 0.997411 14.019136
20.033958 0.997435 12.556880
20.035333 0.997450 28.081013
20.068341 0.997815 2.347727
20.133897 0.998476 2.346902
20.199225 0.999030 2.355983
20.264552 0.999468 2.347110
20.329880 0.999782 2.354697
20.395207 0.999961 2.347083
20.460535 1.000000 2.354171
20.525862 0.999892 2.347343
20.591419 0.999630 2.347347
20.659253 0.999196 2.481410
20.689983 0.998949 16.212839
