0.852604 0.999545 2.330156
0.918159 0.999592 2.330822
0.957813 0.999550 5.085933
0.965836 0.999535 12.468206
0.968128 0.999531 12.471664
0.970191 0.999128 13.939630
0.972254 0.995855 12.450782
0.974317 0.991085 13.901197
0.976380 0.986267 12.416462
0.978443 0.983839 13.862887
0.980506 0.982683 12.384873
0.982569 0.981870 13.847191
0.984632 0.981248 12.388519
0.986695 0.980735 13.854434
0.988758 0.980342 12.395099
0.990820 0.980042 13.861903
0.992884 0.979807 12.400193
0.994946 0.979684 13.864652
0.997009 0.979730 12.401582
0.999073 0.979850 13.866184
1.001135 0.979981 12.403054
1.003198 0.980039 13.866424
1.005261 0.980222 12.399289
1.007324 0.980499 13.859242
1.009387 0.980836 12.392664
1.011450 0.981183 13.851608
1.013513 0.981423 12.386950
1.015576 0.981672 13.852971
1.017639 0.982087 12.395100
1.019701 0.982842 13.863370
1.021765 0.984078 12.404379
1.023827 0.986771 13.873482
1.025891 0.991576 12.417031
1.027954 0.996177 13.893977
1.030016 0.999128 12.437315
1.032079 0.999334 13.916751
1.034142 0.999325 12.457763
1.068066 0.999167 2.332798
1.133622 0.998765 2.334975
1.198948 0.998247 2.343019
1.264275 0.997622 2.335050
1.329601 0.996901 2.345742
1.394928 0.996127 2.337278
1.460483 0.995342 2.338537
1.525810 0.994559 2.347033
1.591136 0.993782 2.338794
1.656463 0.993016 2.348472
1.721789 0.992268 2.341717
1.787116 0.991545 2.353388
1.854085 0.990835 2.440165
1.917998 0.990194 2.346775
1.957652 0.989817 5.125130
1.965675 0.989742 12.531221
1.967967 0.989721 12.520809
1.970030 0.989441 13.988222
1.972093 0.986332 12.501412
1.974156 0.981595 13.964486
1.976219 0.976695 12.478986
1.978282 0.974003 13.939420
1.980345 0.972710 12.456648
1.982407 0.971744 13.915204
1.984470 0.970996 12.443894
1.986533 0.970416 13.912006
1.988596 0.969998 12.442703
1.990660 0.969700 13.910780
1.992722 0.969481 12.441709
1.994785 0.969315 13.908814
1.996848 0.969195 12.438487
1.998911 0.969200 13.904306
2.000974 0.969277 12.434224
2.003037 0.969394 13.899517
2.005100 0.969503 12.431193
2.007163 0.969663 13.900853
2.009226 0.969903 12.435654
2.011289 0.970217 13.906127
2.013352 0.970616 12.440170
2.015414 0.971210 13.911271
2.017478 0.972012 12.449138
2.019540 0.973012 13.926861
2.021603 0.974320 12.464037
2.023667 0.976767 13.943623
2.025729 0.981371 12.479001
2.027792 0.985840 13.964756
2.029855 0.988833 12.505286
2.031918 0.989156 13.997952
2.033981 0.989139 12.535044
2.035356 0.989127 28.051459
2.068364 0.988855 2.349182
2.133919 0.988357 2.348495
2.199246 0.987917 2.358274
2.264572 0.987536 2.350482
2.329899 0.987206 2.358612
2.395225 0.986931 2.350536
2.460781 0.986711 2.349717
2.526107 0.986548 2.359608
2.591434 0.986445 2.350187
2.656760 0.986401 2.358553
2.722087 0.986419 2.351196
2.787414 0.986502 2.359080
2.852740 0.986648 2.350090
2.918296 0.986857 2.349932
2.957950 0.987014 5.131956
2.965973 0.987048 12.548457
2.968265 0.987058 12.527819
2.970328 0.986562 13.985789
2.972391 0.983278 12.490743
2.974454 0.978593 13.945229
2.976517 0.973740 12.466724
2.978579 0.971184 13.934055
2.980643 0.969718 12.459322
2.982705 0.968828 13.925891
2.984768 0.968277 12.452120
2.986832 0.967880 13.921958
2.988894 0.967535 12.454964
2.990957 0.967250 13.928073
2.993020 0.967057 12.460384
2.995083 0.966933 13.934246
2.997146 0.966855 12.464815
2.999209 0.966810 13.934546
3.001272 0.966798 12.461881
3.003335 0.966835 13.930852
3.005398 0.966937 12.458370
3.007461 0.967124 13.927000
3.009524 0.967417 12.455501
3.011586 0.967808 13.924509
3.013650 0.968295 12.453470
3.015713 0.968886 13.922257
3.017775 0.969669 12.451227
3.019839 0.970695 13.933586
3.021901 0.972087 12.483983
3.023964 0.975026 13.981469
3.026027 0.979893 12.526840
3.028090 0.984439 14.029416
3.030153 0.987232 12.563824
3.032216 0.987366 14.047412
3.034279 0.987377 12.564045
3.068203 0.987564 2.349237
3.133759 0.987968 2.346812
3.199085 0.988428 2.356284
3.264412 0.988944 2.347781
3.329738 0.989511 2.355282
3.395065 0.990126 2.344403
3.460621 0.990786 2.338912
3.525947 0.991482 2.349101
3.591274 0.992210 2.340051
3.656600 0.992966 2.346731
3.721927 0.993744 2.339289
3.787253 0.994537 2.344589
3.853573 0.995352 2.433125
3.918136 0.996146 2.335748
3.957790 0.996632 5.097166
3.965813 0.996730 12.478685
3.968105 0.996758 12.471314
3.970168 0.996417 13.932526
3.972231 0.993301 12.451991
3.974294 0.988718 13.911019
3.976357 0.984088 12.432841
3.978420 0.981798 13.892117
3.980483 0.980729 12.422415
3.982546 0.979981 13.885291
3.984608 0.979278 12.416401
3.986671 0.978655 13.878680
3.988734 0.978144 12.409972
3.990798 0.977794 13.867118
3.992860 0.977443 12.395525
3.994923 0.976958 13.849999
3.996986 0.976508 12.380153
3.999049 0.976228 13.832917
4.001112 0.976257 12.374468
4.003175 0.976442 13.842595
4.005238 0.976724 12.387939
4.007301 0.977053 13.857457
4.009364 0.977373 12.401015
4.011427 0.977742 13.871189
4.013490 0.978222 12.410926
4.015553 0.978820 13.880539
4.017616 0.979557 12.419389
4.019678 0.980481 13.890017
4.021741 0.981766 12.428363
4.023805 0.984521 13.905171
4.025867 0.989460 12.446738
4.027930 0.994196 13.926629
4.029993 0.997263 12.466019
4.032056 0.997523 13.948283
4.034119 0.997547 12.480399
4.068043 0.997921 2.335581
4.133599 0.998571 2.334653
4.198925 0.999110 2.341676
4.264252 0.999532 2.333758
4.329579 0.999827 2.341778
4.394905 0.999987 2.333456
4.460461 1.000005 2.333207
4.525788 0.999875 2.341363
4.591114 0.999594 2.332720
4.656441 0.999160 2.341869
4.721767 0.998570 2.333817
4.787094 0.997824 2.342858
4.852421 0.996924 2.335766
4.917977 0.995867 2.336017
4.957631 0.995155 5.101383
4.965654 0.995004 12.488890
4.967946 0.994961 12.484797
4.970009 0.994687 13.952688
4.972072 0.991649 12.468650
4.974134 0.986995 13.927639
4.976197 0.982150 12.445909
4.978260 0.979448 13.902304
4.980323 0.978180 12.423765
4.982387 0.977266 13.885575
4.984449 0.976564 12.417922
4.986512 0.976032 13.881787
4.988575 0.975644 12.414627
4.990638 0.975351 13.878217
4.992701 0.975104 12.412318
4.994764 0.974921 13.877720
4.996827 0.974878 12.412765
4.998890 0.974908 13.877952
5.000953 0.974964 12.412924
5.003016 0.974985 13.878590
5.005079 0.974960 12.415356
5.007142 0.974933 13.883159
5.009205 0.974981 12.419616
5.011268 0.975175 13.887731
5.013330 0.975372 12.423597
5.015394 0.975534 13.894096
5.017456 0.975858 12.431579
5.019519 0.976580 13.903815
5.021582 0.977906 12.440371
5.023645 0.980509 13.913660
5.025708 0.985409 12.451206
5.027771 0.990151 13.931283
5.029834 0.993347 12.469877
5.031897 0.993676 13.952258
5.033960 0.993633 12.488725
5.035335 0.993604 27.939771
5.068342 0.992884 2.336891
5.133898 0.991353 2.339283
5.199225 0.989698 2.351334
5.264551 0.987924 2.344102
5.329878 0.986040 2.354228
5.395205 0.984088 2.346998
5.460761 0.982115 2.346299
5.526087 0.980151 2.356943
5.591414 0.978205 2.348542
5.656740 0.976294 2.357198
5.722067 0.974433 2.349216
5.787394 0.972636 2.357012
5.853064 0.970910 2.445290
5.918276 0.969288 2.349371
5.957931 0.968352 5.129743
5.965953 0.968167 12.556887
5.968245 0.968114 12.551057
5.970308 0.967564 14.026699
5.972371 0.964185 12.538333
5.974435 0.959419 14.002967
5.976497 0.954715 12.510557
5.978561 0.952429 13.971526
5.980623 0.951191 12.482504
5.982686 0.950224 13.941049
5.984749 0.949458 12.466134
5.986812 0.948867 13.936376
5.988875 0.948432 12.463877
5.990938 0.948096 13.933755
5.993001 0.947836 12.461635
5.995064 0.947633 13.930163
5.997127 0.947491 12.456592
5.999190 0.947427 13.923666
6.001253 0.947424 12.450626
6.003316 0.947466 13.916739
6.005379 0.947542 12.446142
6.007441 0.947717 13.918632
6.009504 0.947984 12.452600
6.011567 0.948326 13.926282
6.013630 0.948727 12.459474
6.015693 0.949291 13.933946
6.017756 0.950037 12.469013
6.019819 0.950985 13.948305
6.021882 0.952156 12.482523
6.023945 0.954802 13.963516
6.026008 0.959436 12.496222
6.028071 0.963856 13.983068
6.030134 0.966610 12.520380
6.032197 0.966708 14.013392
6.034260 0.966664 12.547575
6.068184 0.965966 2.349707
6.133740 0.964714 2.350060
6.199066 0.963599 2.358688
6.264393 0.962621 2.350344
6.329720 0.961777 2.358716
6.395046 0.961071 2.350479
6.460602 0.960505 2.349493
6.525929 0.960086 2.357249
6.591256 0.959814 2.349495
6.656582 0.959691 2.357878
6.721909 0.959718 2.348057
6.787236 0.959897 2.355793
6.852562 0.960229 2.347385
6.918118 0.960714 2.347092
6.957773 0.961079 5.124757
6.965795 0.961160 12.532011
6.968088 0.961183 12.508302
6.970150 0.960862 13.960871
6.972214 0.957862 12.465674
6.974277 0.953423 13.913242
6.976339 0.948746 12.435450
6.978402 0.946167 13.899976
6.980465 0.944775 12.429606
6.982528 0.943819 13.893522
6.984591 0.943138 12.423933
6.986654 0.942611 13.887214
6.988717 0.942210 12.418182
6.990780 0.941949 13.880571
6.992843 0.941793 12.412000
6.994906 0.941709 13.873560
6.996969 0.941661 12.406241
6.999032 0.941626 13.870210
7.001095 0.941597 12.406008
7.003158 0.941608 13.870512
7.005221 0.941687 12.406125
7.007284 0.941868 13.870386
7.009347 0.942146 12.406873
7.011410 0.942508 13.872753
7.013472 0.942965 12.409515
7.015535 0.943532 13.875821
7.017598 0.944264 12.412292
7.019661 0.945219 13.886948
7.021724 0.946536 12.444213
7.023787 0.949240 13.939170
7.025850 0.954046 12.490936
7.027913 0.958652 13.991424
7.029976 0.961640 12.534934
7.032039 0.961908 14.020447
7.034102 0.961933 12.542706
7.068026 0.962375 2.345114
7.133582 0.963335 2.343282
7.198909 0.964428 2.350208
7.264235 0.965651 2.338472
7.329562 0.966999 2.344858
7.394889 0.968461 2.335805
7.460445 0.970033 2.333403
7.525772 0.971694 2.340505
7.591098 0.973437 2.332713
7.656425 0.975251 2.338710
7.721752 0.977122 2.329976
7.787079 0.979035 2.338958
7.852061 0.980964 2.425893
7.917961 0.982933 2.329686
7.957616 0.984116 5.091678
7.965638 0.984355 12.450755
7.967930 0.984423 12.441416
7.969993 0.984261 13.898188
7.972056 0.981350 12.420462
7.974120 0.976815 13.874855
7.976182 0.972095 12.399677
7.978245 0.969593 13.853094
7.980308 0.968549 12.387227
7.982371 0.967845 13.845829
7.984434 0.967324 12.380968
7.986497 0.966978 13.838912
7.988560 0.966747 12.374962
7.990623 0.966560 13.833802
7.992686 0.966296 12.372231
7.994749 0.965923 13.831234
7.996812 0.965580 12.369695
7.998875 0.965369 13.828300
8.000938 0.965417 12.368516
8.003000 0.965509 13.830473
8.005064 0.965648 12.372239
8.007127 0.965848 13.834739
8.009189 0.966135 12.375900
8.011253 0.966535 13.838759
8.013315 0.967059 12.380445
8.015379 0.967697 13.844874
8.017441 0.968456 12.386071
8.019504 0.969349 13.851279
8.021567 0.970576 12.392130
8.023630 0.973048 13.863297
8.025693 0.977860 12.409089
8.027756 0.982615 13.884318
8.029819 0.985866 12.427979
8.031882 0.986306 13.905537
8.033945 0.986365 12.443405
8.035320 0.986405 27.826299
8.068327 0.987341 2.328561
8.133883 0.989120 2.329392
8.199210 0.990776 2.337250
8.264537 0.992307 2.329906
8.329864 0.993705 2.337381
