2.965973 0.987047 12.548457
2.968265 0.987057 12.527819
2.970328 0.986555 13.985789
2.972391 0.983297 12.490743
2.974454 0.978670 13.945229
2.976517 0.973883 12.466724
2.978579 0.971375 13.934055
2.980643 0.969922 12.459322
2.982705 0.969049 13.925891
2.984768 0.968517 12.452120
2.986832 0.968137 13.921958
2.988894 0.967803 12.454964
2.990957 0.967512 13.928073
2.993020 0.967304 12.460384
2.995083 0.967164 13.934246
2.997146 0.967077 12.464815
2.999209 0.967051 13.934546
3.001272 0.967143 12.461881
3.003335 0.967305 13.930852
3.005398 0.967511 12.458370
3.007461 0.967714 13.927000
3.009524 0.967951 12.455501
3.011586 0.968254 13.924509
3.013650 0.968654 12.453470
3.015713 0.969176 13.922257
3.017775 0.969760 12.451227
3.019839 0.970547 13.933586
3.021901 0.971755 12.483983
3.023964 0.974719 13.981469
3.026027 0.979713 12.526840
3.028090 0.984372 14.029416
3.030153 0.987226 12.563824
3.032216 0.987363 14.047412
3.034279 0.987374 12.564045
3.068203 0.987561 2.349237
3.133759 0.987966 2.346812
3.199085 0.988428 2.356284
3.264412 0.988945 2.347781
3.329738 0.989513 2.355282
3.395065 0.990127 2.344403
3.460621 0.990785 2.338912
3.525947 0.991478 2.349101
3.591274 0.992201 2.340051
3.656600 0.992952 2.346731
3.721927 0.993726 2.339289
3.787253 0.994516 2.344589
3.853573 0.995328 2.433125
3.918136 0.996122 2.335748
3.957790 0.996607 5.097166
3.965813 0.996705 12.478685
3.968105 0.996733 12.471314
3.970168 0.996388 13.932526
3.972231 0.993267 12.451991
3.974294 0.988715 13.911019
3.976357 0.984111 12.432841
3.978420 0.981777 13.892117
3.980483 0.980601 12.422415
3.982546 0.979757 13.885291
3.984608 0.979128 12.416401
3.986671 0.978654 13.878680
3.988734 0.978291 12.409972
3.990798 0.978015 13.867118
3.992860 0.977666 12.395525
3.994923 0.977180 13.849999
3.996986 0.976729 12.380153
3.999049 0.976448 13.832917
4.001112 0.976477 12.374468
4.003175 0.976670 13.842595
4.005238 0.976962 12.387939
4.007301 0.977301 13.857457
4.009364 0.977620 12.401015
4.011427 0.977976 13.871189
4.013490 0.978434 12.410926
4.015553 0.979009 13.880539
4.017616 0.979746 12.419389
4.019678 0.980742 13.890017
4.021741 0.982097 12.428363
4.023805 0.984835 13.905171
4.025867 0.989639 12.446738
4.027930 0.994241 13.926629
4.029993 0.997241 12.466019
4.032056 0.997498 13.948283
4.034119 0.997522 12.480399
4.068043 0.997897 2.335581
4.133599 0.998548 2.334653
4.198925 0.999090 2.341676
4.264252 0.999516 2.333758
4.329579 0.999815 2.341778
4.394905 0.999981 2.333456
4.460461 1.000004 2.333207
4.525788 0.999880 2.341363
4.591114 0.999603 2.332720
4.656441 0.999171 2.341869
4.721767 0.998583 2.333817
4.787094 0.997838 2.342858
4.852421 0.996938 2.335766
4.917977 0.995882 2.336017
4.957631 0.995170 5.101383
4.965654 0.995020 12.488890
4.967946 0.994976 12.484797
4.970009 0.994705 13.952688
4.972072 0.991696 12.468650
4.974134 0.987067 13.927639
4.976197 0.982239 12.445909
4.978260 0.979511 13.902304
4.980323 0.978170 12.423765
4.982387 0.977180 13.885575
4.984449 0.976418 12.417922
4.986512 0.975936 13.881787
4.988575 0.975651 12.414627
4.990638 0.975464 13.878217
4.992701 0.975278 12.412318
4.994764 0.975066 13.877720
4.996827 0.974905 12.412765
4.998890 0.974801 13.877952
5.000953 0.974750 12.412924
5.003016 0.974759 13.878590
5.005079 0.974831 12.415356
5.007142 0.974964 13.883159
5.009205 0.975165 12.419616
5.011268 0.975433 13.887731
5.013330 0.975624 12.423597
5.015394 0.975776 13.894096
5.017456 0.976090 12.431579
5.019519 0.976803 13.903815
5.021582 0.978121 12.440371
5.023645 0.980697 13.913660
5.025708 0.985536 12.451206
5.027771 0.990213 13.931283
5.029834 0.993367 12.469877
5.031897 0.993692 13.952258
5.033960 0.993649 12.488725
5.035335 0.993619 27.939771
5.068342 0.992900 2.336891
5.133898 0.991368 2.339283
5.199225 0.989710 2.351334
5.264551 0.987931 2.344102
5.329878 0.986040 2.354228
5.395205 0.984079 2.346998
5.460761 0.982096 2.346299
5.526087 0.980124 2.356943
5.591414 0.978173 2.348542
5.656740 0.976259 2.357198
5.722067 0.974399 2.349216
5.787394 0.972608 2.357012
5.853064 0.970890 2.445290
5.918276 0.969276 2.349371
5.957931 0.968343 5.129743
5.965953 0.968159 12.556887
5.968245 0.968107 12.551057
5.970308 0.967560 14.026699
5.972371 0.964137 12.538333
5.974435 0.959377 14.002967
5.976497 0.954775 12.510557
5.978561 0.952642 13.971526
5.980623 0.951496 12.482504
5.982686 0.950482 13.941049
5.984749 0.949664 12.466134
5.986812 0.949045 13.936376
5.988875 0.948591 12.463877
5.990938 0.948222 13.933755
5.993001 0.947927 12.461635
5.995064 0.947709 13.930163
5.997127 0.947547 12.456592
5.999190 0.947407 13.923666
6.001253 0.947315 12.450626
6.003316 0.947288 13.916739
6.005379 0.947357 12.446142
6.007441 0.947604 13.918632
6.009504 0.947982 12.452600
6.011567 0.948427 13.926282
6.013630 0.948872 12.459474
6.015693 0.949351 13.933946
6.017756 0.949981 12.469013
6.019819 0.950834 13.948305
6.021882 0.952060 12.482523
6.023945 0.954807 13.963516
6.026008 0.959495 12.496222
6.028071 0.963891 13.983068
6.030134 0.966609 12.520380
6.032197 0.966706 14.013392
6.034260 0.966663 12.547575
6.068184 0.965967 2.349707
6.133740 0.964717 2.350060
6.199066 0.963602 2.358688
6.264393 0.962621 2.350344
6.329720 0.961773 2.358716
6.395046 0.961064 2.350479
6.460602 0.960495 2.349493
6.525929 0.960075 2.357249
6.591256 0.959802 2.349495
6.656582 0.959680 2.357878
6.721909 0.959709 2.348057
6.787236 0.959892 2.355793
6.852562 0.960229 2.347385
6.918118 0.960718 2.347092
6.957773 0.961087 5.124757
6.965795 0.961168 12.532011
6.968088 0.961192 12.508302
6.970150 0.960863 13.960871
6.972214 0.957851 12.465674
6.974277 0.953416 13.913242
6.976339 0.948848 12.435450
6.978402 0.946436 13.899976
6.980465 0.945189 12.429606
6.982528 0.944154 13.893522
6.984591 0.943232 12.423933
6.986654 0.942456 13.887214
6.988717 0.941922 12.418182
6.990780 0.941768 13.880571
6.992843 0.941839 12.412000
6.994906 0.941990 13.873560
6.996969 0.942086 12.406241
6.999032 0.942045 13.870210
7.001095 0.941958 12.406008
7.003158 0.941896 13.870512
7.005221 0.941909 12.406125
7.007284 0.942072 13.870386
7.009347 0.942329 12.406873
7.011410 0.942653 13.872753
7.013472 0.943073 12.409515
7.015535 0.943613 13.875821
7.017598 0.944289 12.412292
7.019661 0.945173 13.886948
7.021724 0.946455 12.444213
7.023787 0.949202 13.939170
7.025850 0.954057 12.490936
7.027913 0.958687 13.991424
7.029976 0.961655 12.534934
7.032039 0.961921 14.020447
7.034102 0.961947 12.542706
7.068026 0.962391 2.345114
7.133582 0.963354 2.343282
7.198909 0.964448 2.350208
7.264235 0.965671 2.338472
7.329562 0.967015 2.344858
7.394889 0.968471 2.335805
7.460445 0.970037 2.333403
7.525772 0.971690 2.340505
7.591098 0.973424 2.332713
7.656425 0.975231 2.338710
7.721752 0.977097 2.329976
7.787079 0.979007 2.338958
7.852061 0.980936 2.425893
7.917961 0.982905 2.329686
7.957616 0.984090 5.091678
7.965638 0.984329 12.450755
7.967930 0.984397 12.441416
7.969993 0.984229 13.898188
7.972056 0.981246 12.420462
7.974120 0.976607 13.874855
7.976182 0.971785 12.399677
7.978245 0.969242 13.853094
7.980308 0.968186 12.387227
7.982371 0.967475 13.845829
7.984434 0.967012 12.380968
7.986497 0.966783 13.838912
7.988560 0.966673 12.374962
7.990623 0.966553 13.833802
7.992686 0.966344 12.372231
7.994749 0.966130 13.831234
7.996812 0.965962 12.369695
7.998875 0.965881 13.828300
8.000938 0.965932 12.368516
8.003000 0.965831 13.830473
8.005064 0.965689 12.372239
8.007127 0.965626 13.834739
8.009189 0.965808 12.375900
8.011253 0.966315 13.838759
8.013315 0.967056 12.380445
8.015379 0.967910 13.844874
8.017441 0.968789 12.386071
8.019504 0.969618 13.851279
8.021567 0.970768 12.392130
8.023630 0.973152 13.863297
8.025693 0.977904 12.409089
8.027756 0.982615 13.884318
8.029819 0.985845 12.427979
8.031882 0.986283 13.905537
8.033945 0.986343 12.443405
8.035320 0.986383 27.826299
8.068327 0.987322 2.328561
8.133883 0.989106 2.329392
8.199210 0.990770 2.337250
8.264537 0.992310 2.329906
8.329864 0.993718 2.337381
8.395190 0.994986 2.329931
8.460746 0.996112 2.332357
8.526073 0.997084 2.339153
8.591400 0.997900 2.330024
8.656727 0.998560 2.338912
8.722054 0.999063 2.331667
8.787380 0.999409 2.341891
8.852707 0.999600 2.335316
8.918263 0.999640 2.339956
8.957918 0.999593 5.107264
8.965940 0.999577 12.490745
8.968233 0.999572 12.483714
8.970295 0.999081 13.948732
8.972358 0.995785 12.462375
8.974422 0.991070 13.917508
8.976484 0.986373 12.434056
8.978547 0.983989 13.885926
8.980610 0.982624 12.406387
8.982673 0.981578 13.864450
8.984736 0.980784 12.398072
8.986799 0.980279 13.858298
8.988862 0.979906 12.392450
8.990925 0.979626 13.852116
8.992988 0.979399 12.388991
8.995051 0.979287 13.853313
8.997114 0.979352 12.392615
8.999177 0.979489 13.857232
9.001240 0.979629 12.395887
9.003303 0.979692 13.860982
9.005366 0.979977 12.399916
9.007428 0.980393 13.866164
9.009492 0.980858 12.404686
9.011554 0.981253 13.871569
9.013617 0.981581 12.409413
9.015681 0.981985 13.878401
9.017743 0.982547 12.417653
9.019806 0.983278 13.888370
9.021869 0.984321 12.426669
9.023932 0.987007 13.898561
9.025995 0.991787 12.440972
9.028058 0.996403 13.927391
9.030121 0.999233 12.473123
9.032184 0.999365 13.963395
9.034247 0.999356 12.505388
9.068171 0.999192 2.341121
9.133727 0.998779 2.341087
9.199054 0.998250 2.350970
9.264381 0.997616 2.343679
9.329708 0.996889 2.363760
9.395034 0.996112 2.343227
9.460590 0.995330 2.344246
9.525917 0.994554 2.351916
9.591244 0.993786 2.345064
9.656571 0.993034 2.352905
9.721898 0.992301 2.344364
9.787225 0.991592 2.352800
9.851558 0.990922 2.440964
9.918108 0.990262 2.345271
9.957762 0.989887 5.122033
9.965785 0.989813 12.533732
9.968077 0.989792 12.526311
9.970140 0.989422 13.997431
9.972203 0.986229 12.512372
9.974266 0.981506 13.976597
9.976329 0.976697 12.488771
9.978392 0.974175 13.949146
9.980455 0.972964 12.464258
9.982518 0.972132 13.921826
9.984581 0.971516 12.445490
9.986643 0.971025 13.910309
9.988706 0.970583 12.437957
9.990769 0.970218 13.901626
9.992832 0.969928 12.430071
9.994895 0.969723 13.894158
9.996958 0.969561 12.426836
9.999021 0.969326 13.893146
10.001084 0.969115 12.426026
10.003147 0.968994 13.892109
10.005210 0.969065 12.425316
10.007273 0.969249 13.894559
10.009336 0.969523 12.430529
10.011399 0.969873 13.901004
10.013462 0.970300 12.436394
10.015525 0.970929 13.907632
10.017588 0.971769 12.450167
10.019651 0.972817 13.936290
10.021714 0.974242 12.479859
10.023777 0.976948 13.969561
10.025840 0.981683 12.509684
10.027902 0.986133 13.999278
10.029965 0.988998 12.526280
10.032028 0.989227 14.010153
10.034091 0.989210 12.535887
10.068016 0.988929 2.346014
10.133572 0.988426 2.346746
10.198898 0.987979 2.355828
10.264225 0.987589 2.348226
10.329552 0.987253 2.356669
10.394879 0.986970 2.348126
10.460435 0.986744 2.349154
