13.656414 0.976412 2.362699
13.721741 0.974552 2.355842
13.787068 0.972753 2.364975
13.850065 0.971088 2.452747
13.917951 0.969386 2.356762
13.957606 0.968440 5.144250
13.965629 0.968253 12.593388
13.967921 0.968200 12.587328
13.969984 0.967938 14.067018
13.972047 0.964970 12.576383
13.974110 0.960375 14.051433
13.976173 0.955541 12.558478
13.978236 0.952777 14.029954
13.980299 0.951524 12.539044
13.982361 0.950767 14.008249
13.984425 0.950246 12.524628
13.986487 0.949816 14.004585
13.988550 0.949201 12.527587
13.990614 0.948505 14.007912
13.992676 0.947872 12.530334
13.994739 0.947443 14.010271
13.996802 0.947280 12.529801
13.998865 0.947175 14.007090
14.000928 0.947125 12.526896
14.002991 0.947130 14.003956
14.005054 0.947195 12.524145
14.007117 0.947327 14.003186
14.009180 0.947537 12.526404
14.011243 0.947823 14.006760
14.013306 0.948197 12.529702
14.015369 0.948746 14.010561
14.017432 0.949495 12.537440
14.019495 0.950445 14.029753
14.021558 0.951614 12.559717
14.023621 0.953923 14.054674
14.025684 0.958579 12.582090
14.027747 0.963235 14.078318
14.029810 0.966426 12.595917
14.031873 0.966776 14.086480
14.033936 0.966732 12.602551
14.035311 0.966703 28.185002
14.068318 0.966015 2.356729
14.133875 0.964743 2.357273
14.199202 0.963609 2.364357
14.264455 0.962614 2.365005
14.329856 0.961757 2.364742
14.395183 0.961045 2.356184
14.460739 0.960479 2.357221
14.526066 0.960064 2.365223
14.591394 0.959801 2.355489
14.656721 0.959690 2.364294
14.722048 0.959730 2.355623
14.787375 0.959918 2.362547
14.852702 0.960255 2.354184
14.918258 0.960739 2.354379
14.957913 0.961101 5.139929
14.965936 0.961181 12.585305
14.968228 0.961204 12.571703
14.970291 0.960756 14.041830
14.972354 0.957628 12.547125
14.974417 0.953159 14.014437
14.976480 0.948546 12.523438
14.978543 0.946141 13.989895
14.980606 0.944778 12.502420
14.982668 0.943900 13.966143
14.984732 0.943314 12.480987
14.986795 0.942877 13.944356
14.988858 0.942527 12.472311
14.990920 0.942215 13.945338
14.992983 0.941950 12.473922
14.995047 0.941751 13.947086
14.997109 0.941638 12.475269
14.999173 0.941641 13.948922
15.001235 0.941857 12.477515
15.003298 0.942167 13.951704
15.005361 0.942498 12.480105
15.007424 0.942734 13.954703
15.009487 0.942795 12.480587
15.011550 0.942802 13.949840
15.013613 0.942916 12.473698
15.015676 0.943320 13.942249
15.017739 0.944051 12.467009
15.019802 0.945010 13.939564
15.021865 0.946348 12.488348
15.023928 0.949269 13.986541
15.025991 0.954208 12.531517
15.028054 0.958851 14.034802
15.030117 0.961746 12.573777
15.032180 0.961920 14.064840
15.034243 0.961945 12.580605
15.068167 0.962379 2.352123
15.133723 0.963320 2.352519
15.199050 0.964393 2.359613
15.264378 0.965599 2.351331
15.329705 0.966930 2.358374
15.395032 0.968379 2.349812
15.460588 0.969943 2.348565
15.525916 0.971601 2.356737
15.591243 0.973346 2.347957
15.656570 0.975162 2.355354
15.721897 0.977034 2.347962
15.787224 0.978947 2.355663
15.852551 0.980886 2.346865
15.920591 0.982915 2.442926
15.957763 0.984021 5.125630
15.965785 0.984259 12.545764
15.968077 0.984327 12.539010
15.970140 0.984046 14.002247
15.972203 0.980920 12.508199
15.974266 0.976137 13.966878
15.976329 0.971287 12.476541
15.978392 0.969003 13.932303
15.980455 0.968208 12.455742
15.982518 0.967723 13.921883
15.984581 0.967258 12.448464
15.986644 0.966938 13.913509
15.988707 0.966728 12.440800
15.990770 0.966549 13.905924
15.992833 0.966269 12.435573
15.994896 0.965885 13.900917
15.996959 0.965537 12.431197
15.999022 0.965334 13.895969
16.001085 0.965394 12.427524
16.003148 0.965551 13.895748
16.005211 0.965780 12.430165
16.007274 0.966062 13.899001
16.009337 0.966381 12.433177
16.011400 0.966728 13.902488
16.013463 0.967144 12.436334
16.015526 0.967675 13.906003
16.017588 0.968416 12.439533
16.019652 0.969522 13.909695
16.021714 0.970976 12.442939
16.023778 0.973631 13.925297
16.025840 0.978305 12.475713
16.027904 0.982827 13.970996
16.029966 0.985886 12.516349
16.032029 0.986204 14.016435
16.034092 0.986263 12.551259
16.068017 0.987225 2.346294
16.133573 0.989007 2.346703
16.198900 0.990673 2.354888
16.264227 0.992219 2.346584
16.329555 0.993637 2.355157
16.394882 0.994919 2.346962
16.460438 0.996061 2.346228
16.525765 0.997046 2.355546
16.591093 0.997872 2.347575
16.656420 0.998537 2.355548
16.721747 0.999041 2.348390
16.787074 0.999386 2.357216
16.852402 0.999575 2.348570
16.917958 0.999613 2.348842
16.957613 0.999566 5.128615
16.965636 0.999550 12.564982
16.967928 0.999546 12.566155
16.969991 0.999323 14.046433
16.972054 0.996398 12.543406
16.974117 0.991807 14.000090
16.976180 0.986978 12.500481
16.978243 0.984235 13.951759
16.980305 0.982975 12.457671
16.982368 0.982103 13.925524
16.984431 0.981443 12.452800
16.986494 0.980750 13.919837
16.988557 0.980032 12.447746
16.990620 0.979405 13.913952
16.992683 0.978982 12.442644
16.994746 0.978902 13.910757
16.996809 0.979205 12.442063
16.998872 0.979633 13.910596
17.000935 0.980016 12.442022
17.002998 0.980108 13.910495
17.005061 0.980283 12.442969
17.007124 0.980566 13.913597
17.009187 0.980911 12.446484
17.011250 0.981264 13.917643
17.013313 0.981508 12.450205
17.015376 0.981736 13.926523
17.017439 0.982117 12.470374
17.019502 0.982836 13.958025
17.021565 0.984079 12.498536
17.023628 0.986520 13.989590
17.025691 0.991220 12.526237
17.027754 0.995830 14.016265
17.029817 0.998972 12.546194
17.031880 0.999344 14.037654
17.033943 0.999335 12.565140
17.035318 0.999330 28.110690
17.068325 0.999174 2.349425
17.133882 0.998771 2.350784
17.199209 0.998255 2.358635
17.264536 0.997636 2.350484
17.329864 0.996923 2.358931
17.395191 0.996158 2.351027
17.460518 0.995384 2.359329
17.525846 0.994608 2.351877
17.591402 0.993835 2.351384
17.656729 0.993076 2.360044
17.722057 0.992337 2.352710
17.787384 0.991621 2.360653
17.852711 0.990937 2.353186
17.919867 0.990270 2.459003
17.957693 0.989912 5.052454
17.965945 0.989836 12.576134
17.968237 0.989815 12.570179
17.970301 0.989290 14.047952
17.972363 0.985867 12.559074
17.974426 0.981060 14.025745
17.976489 0.976366 12.527753
17.978552 0.974154 13.987153
17.980615 0.973074 12.492987
17.982678 0.972275 13.948004
17.984741 0.971681 12.465296
17.986804 0.971202 13.935497
17.988867 0.970716 12.463332
17.990930 0.970276 13.933417
17.992993 0.969911 12.461453
17.995056 0.969673 13.931844
17.997119 0.969560 12.463926
17.999182 0.969533 13.938658
18.001245 0.969568 12.470355
18.003308 0.969647 13.945959
18.005371 0.969751 12.477261
18.007434 0.969715 13.958732
18.009497 0.969645 12.494491
18.011560 0.969672 13.979847
18.013623 0.969965 12.513465
18.015686 0.970804 14.001159
18.017749 0.971916 12.531483
18.019812 0.973213 14.018517
18.021875 0.974678 12.545385
18.023938 0.977467 14.033826
18.026000 0.982131 12.559135
18.028064 0.986456 14.048658
18.030126 0.989128 12.569216
18.032190 0.989250 14.056802
18.034252 0.989233 12.576288
18.068177 0.988952 2.354023
18.133733 0.988446 2.354325
18.199061 0.987994 2.362627
18.264388 0.987595 2.355277
18.329715 0.987248 2.363946
18.395043 0.986954 2.354492
18.460599 0.986716 2.355205
18.525927 0.986538 2.363724
18.591254 0.986422 2.355450
18.656581 0.986369 2.363490
18.721909 0.986379 2.356220
18.787236 0.986453 2.363630
18.852563 0.986589 2.356211
18.917891 0.986787 2.364102
18.957545 0.986937 5.061240
18.965797 0.986971 12.591611
18.968090 0.986981 12.581933
18.970153 0.986638 14.057105
18.972216 0.983470 12.564106
18.974279 0.978757 14.037139
18.976341 0.973922 12.546965
18.978404 0.971360 14.020589
18.980467 0.970087 12.533980
18.982531 0.969151 14.006253
18.984593 0.968421 12.520950
18.986657 0.967846 13.991986
18.988719 0.967412 12.515404
18.990782 0.967192 13.994962
18.992845 0.967145 12.519598
18.994908 0.967176 13.999765
18.996971 0.967193 12.523874
18.999034 0.967159 13.996328
19.001097 0.967246 12.507860
19.003160 0.967406 13.972146
19.005223 0.967612 12.486316
19.007286 0.967813 13.948152
19.009349 0.968001 12.470694
19.011412 0.968213 13.953615
19.013475 0.968522 12.491172
19.015538 0.969000 13.977543
19.017601 0.969726 12.512659
19.019664 0.970678 14.001719
19.021727 0.971912 12.535166
19.023790 0.974463 14.027945
19.025853 0.979232 12.558562
19.027916 0.983885 14.053854
19.029979 0.987016 12.581778
19.032041 0.987279 14.075479
19.034105 0.987289 12.594086
19.068486 0.987474 2.348301
19.133815 0.987869 2.363408
19.199142 0.988327 2.354801
19.264470 0.988847 2.361669
19.329797 0.989423 2.354083
19.395432 0.990054 2.377658
19.460452 0.990725 2.351634
19.526008 0.991441 2.351193
19.591336 0.992187 2.358733
19.656663 0.992955 2.349381
19.721991 0.993738 2.357509
19.787318 0.994531 2.348627
19.852646 0.995326 2.356942
19.919119 0.996132 2.442931
19.957628 0.996595 5.125367
19.965651 0.996691 12.560188
19.967943 0.996718 12.558910
19.970005 0.996507 14.021620
19.972069 0.993502 12.520795
19.974131 0.988859 13.975513
19.976195 0.984031 12.479254
19.978257 0.981442 13.928971
19.980321 0.980312 12.450261
19.982384 0.979528 13.917743
19.984446 0.978825 12.446608
19.986510 0.978203 13.913731
19.988572 0.977695 12.442816
19.990635 0.977333 13.909025
19.992698 0.977095 12.438029
19.994762 0.976899 13.903308
19.996824 0.976759 12.433018
19.998887 0.976690 13.897820
20.000950 0.976710 12.428775
20.003014 0.976750 13.897796
20.005076 0.976830 12.433089
20.007139 0.976975 13.903492
20.009202 0.977223 12.438286
20.011265 0.977652 13.909417
20.013328 0.978268 12.442698
20.015391 0.978998 13.912568
20.017454 0.979819 12.444790
20.019517 0.980785 13.914886
20.021580 0.982094 12.446967
20.023643 0.984573 13.924894
20.025706 0.989272 12.476023
20.027769 0.993899 13.972320
20.029832 0.997072 12.518169
20.031895 0.997464 14.019136
20.033958 0.997487 12.556880
20.035333 0.997503 28.081013
20.068341 0.997859 2.347727
20.133897 0.998496 2.346902
20.199225 0.999029 2.355983
20.264552 0.999452 2.347110
20.329880 0.999755 2.354697
20.395207 0.999929 2.347083
20.460535 0.999970 2.354171
20.525862 0.999863 2.347343
20.591419 0.999602 2.347347
20.659253 0.999165 2.481410
