1.917998 0.990234 2.346775
1.957652 0.989861 5.125130
1.965675 0.989787 12.531221
1.967967 0.989766 12.520809
1.970030 0.989496 13.988222
1.972093 0.986449 12.501412
1.974156 0.981790 13.964486
1.976219 0.976952 12.478986
1.978282 0.974274 13.939420
1.980345 0.972986 12.456648
1.982407 0.972041 13.915204
1.984470 0.971312 12.443894
1.986533 0.970747 13.912006
1.988596 0.970268 12.442703
1.990660 0.969843 13.910780
1.992722 0.969493 12.441709
1.994785 0.969250 13.908814
1.996848 0.969152 12.438487
1.998911 0.969299 13.904306
2.000974 0.969547 12.434224
2.003037 0.969808 13.899517
2.005100 0.969944 12.431193
2.007163 0.969976 13.900853
2.009226 0.969979 12.435654
2.011289 0.970059 13.906127
2.013352 0.970333 12.440170
2.015414 0.970963 13.911271
2.017478 0.971821 12.449138
2.019540 0.972878 13.926861
2.021603 0.974312 12.464037
2.023667 0.976871 13.943623
2.025729 0.981523 12.479001
2.027792 0.985955 13.964756
2.029855 0.988887 12.505286
2.031918 0.989204 13.997952
2.033981 0.989187 12.535044
2.035356 0.989175 28.051459
2.068364 0.988903 2.349182
2.133919 0.988400 2.348495
2.199246 0.987950 2.358274
2.264572 0.987553 2.350482
2.329899 0.987207 2.358612
2.395225 0.986915 2.350536
2.460781 0.986679 2.349717
2.526107 0.986505 2.359608
2.591434 0.986393 2.350187
2.656760 0.986346 2.358553
2.722087 0.986365 2.351196
2.787414 0.986452 2.359080
2.852740 0.986603 2.350090
2.918296 0.986819 2.349932
2.957950 0.986979 5.131956
2.965973 0.987015 12.548457
2.968265 0.987025 12.527819
2.970328 0.986529 13.985789
2.972391 0.983245 12.490743
2.974454 0.978574 13.945229
2.976517 0.973895 12.466724
2.978579 0.971580 13.934055
2.980643 0.970347 12.459322
2.982705 0.969459 13.925891
2.984768 0.968784 12.452120
2.986832 0.968260 13.921958
2.988894 0.967860 12.454964
2.990957 0.967563 13.928073
2.993020 0.967342 12.460384
2.995083 0.967188 13.934246
2.997146 0.967095 12.464815
2.999209 0.967053 13.934546
3.001272 0.967050 12.461881
3.003335 0.967097 13.930852
3.005398 0.967207 12.458370
3.007461 0.967393 13.927000
3.009524 0.967603 12.455501
3.011586 0.967862 13.924509
3.013650 0.968222 12.453470
3.015713 0.968766 13.922257
3.017775 0.969664 12.451227
3.019839 0.970827 13.933586
3.021901 0.972265 12.483983
3.023964 0.975094 13.981469
3.026027 0.979856 12.526840
3.028090 0.984361 14.029416
3.030153 0.987202 12.563824
3.032216 0.987338 14.047412
3.034279 0.987349 12.564045
3.068203 0.987539 2.349237
3.133759 0.987947 2.346812
3.199085 0.988412 2.356284
3.264412 0.988934 2.347781
3.329738 0.989510 2.355282
3.395065 0.990133 2.344403
3.460621 0.990803 2.338912
3.525947 0.991509 2.349101
3.591274 0.992247 2.340051
3.656600 0.993007 2.346731
3.721927 0.993782 2.339289
3.787253 0.994568 2.344589
3.853573 0.995370 2.433125
3.918136 0.996148 2.335748
3.957790 0.996622 5.097166
3.965813 0.996717 12.478685
3.968105 0.996745 12.471314
3.970168 0.996399 13.932526
3.972231 0.993229 12.451991
3.974294 0.988527 13.911019
3.976357 0.983789 12.432841
3.978420 0.981525 13.892117
3.980483 0.980577 12.422415
3.982546 0.979940 13.885291
3.984608 0.979257 12.416401
3.986671 0.978637 13.878680
3.988734 0.978127 12.409972
3.990798 0.977778 13.867118
3.992860 0.977535 12.395525
3.994923 0.977316 13.849999
3.996986 0.977150 12.380153
3.999049 0.977066 13.832917
4.001112 0.977091 12.374468
4.003175 0.977154 13.842595
4.005238 0.977268 12.387939
4.007301 0.977444 13.857457
4.009364 0.977706 12.401015
4.011427 0.978052 13.871189
4.013490 0.978495 12.410926
4.015553 0.979054 13.880539
4.017616 0.979765 12.419389
4.019678 0.980683 13.890017
4.021741 0.981953 12.428363
4.023805 0.984635 13.905171
4.025867 0.989494 12.446738
4.027930 0.994168 13.926629
4.029993 0.997227 12.466019
4.032056 0.997488 13.948283
4.034119 0.997511 12.480399
4.068043 0.997876 2.335581
4.133599 0.998510 2.334653
4.198925 0.999040 2.341676
4.264252 0.999459 2.333758
4.329579 0.999756 2.341778
4.394905 0.999924 2.333456
4.460461 0.999956 2.333207
4.525788 0.999841 2.341363
4.591114 0.999576 2.332720
4.656441 0.999156 2.341869
4.721767 0.998579 2.333817
4.787094 0.997846 2.342858
4.852421 0.996956 2.335766
4.917977 0.995909 2.336017
4.957631 0.995201 5.101383
4.965654 0.995051 12.488890
4.967946 0.995008 12.484797
4.970009 0.994735 13.952688
4.972072 0.991715 12.468650
4.974134 0.987003 13.927639
4.976197 0.982054 12.445909
4.978260 0.979251 13.902304
4.980323 0.977978 12.423765
4.982387 0.977110 13.885575
4.984449 0.976445 12.417922
4.986512 0.975851 13.881787
4.988575 0.975348 12.414627
4.990638 0.974940 13.878217
4.992701 0.974628 12.412318
4.994764 0.974480 13.877720
4.996827 0.974589 12.412765
4.998890 0.974795 13.877952
5.000953 0.974992 12.412924
5.003016 0.975030 13.878590
5.005079 0.975007 12.415356
5.007142 0.974984 13.883159
5.009205 0.975034 12.419616
5.011268 0.975231 13.887731
5.013330 0.975555 12.423597
5.015394 0.975958 13.894096
5.017456 0.976515 12.431579
5.019519 0.977307 13.903815
5.021582 0.978475 12.440371
5.023645 0.980891 13.913660
5.025708 0.985608 12.451206
5.027771 0.990262 13.931283
5.029834 0.993403 12.469877
5.031897 0.993728 13.952258
5.033960 0.993684 12.488725
5.035335 0.993655 27.939771
5.068342 0.992936 2.336891
5.133898 0.991405 2.339283
5.199225 0.989746 2.351334
5.264551 0.987964 2.344102
5.329878 0.986068 2.354228
5.395205 0.984103 2.346998
5.460761 0.982117 2.346299
5.526087 0.980143 2.356943
5.591414 0.978190 2.348542
5.656740 0.976274 2.357198
5.722067 0.974411 2.349216
5.787394 0.972616 2.357012
5.853064 0.970892 2.445290
5.918276 0.969271 2.349371
5.957931 0.968335 5.129743
5.965953 0.968150 12.556887
5.968245 0.968098 12.551057
5.970308 0.967548 14.026699
5.972371 0.964136 12.538333
5.974435 0.959368 14.002967
5.976497 0.954722 12.510557
5.978561 0.952529 13.971526
5.980623 0.951354 12.482504
5.982686 0.950370 13.941049
5.984749 0.949585 12.466134
5.986812 0.948985 13.936376
5.988875 0.948446 12.463877
5.990938 0.947940 13.933755
5.993001 0.947513 12.461635
5.995064 0.947229 13.930163
5.997127 0.947100 12.456592
5.999190 0.947097 13.923666
6.001253 0.947163 12.450626
6.003316 0.947262 13.916739
6.005379 0.947345 12.446142
6.007441 0.947449 13.918632
6.009504 0.947608 12.452600
6.011567 0.947849 13.926282
6.013630 0.948214 12.459474
6.015693 0.948899 13.933946
6.017756 0.949809 12.469013
6.019819 0.950907 13.948305
6.021882 0.952137 12.482523
6.023945 0.954800 13.963516
6.026008 0.959440 12.496222
6.028071 0.963857 13.983068
6.030134 0.966598 12.520380
6.032197 0.966690 14.013392
6.034260 0.966647 12.547575
6.068184 0.965949 2.349707
6.133740 0.964696 2.350060
6.199066 0.963580 2.358688
6.264393 0.962603 2.350344
6.329720 0.961764 2.358716
6.395046 0.961066 2.350479
6.460602 0.960511 2.349493
6.525929 0.960104 2.357249
6.591256 0.959844 2.349495
6.656582 0.959731 2.357878
6.721909 0.959764 2.348057
6.787236 0.959945 2.355793
6.852562 0.960273 2.347385
6.918118 0.960750 2.347092
6.957773 0.961109 5.124757
6.965795 0.961188 12.532011
6.968088 0.961211 12.508302
6.970150 0.960886 13.960871
6.972214 0.957925 12.465674
6.974277 0.953574 13.913242
6.976339 0.948975 12.435450
6.978402 0.946436 13.899976
6.980465 0.945031 12.429606
6.982528 0.943990 13.893522
6.984591 0.943171 12.423933
6.986654 0.942502 13.887214
6.988717 0.942025 12.418182
6.990780 0.941829 13.880571
6.992843 0.941813 12.412000
6.994906 0.941874 13.873560
6.996969 0.941915 12.406241
6.999032 0.941877 13.870210
7.001095 0.941825 12.406008
7.003158 0.941806 13.870512
7.005221 0.941857 12.406125
7.007284 0.942030 13.870386
7.009347 0.942217 12.406873
7.011410 0.942415 13.872753
7.013472 0.942712 12.409515
7.015535 0.943199 13.875821
7.017598 0.943987 12.412292
7.019661 0.945013 13.886948
7.021724 0.946374 12.444213
7.023787 0.949076 13.939170
7.025850 0.953919 12.490936
7.027913 0.958586 13.991424
7.029976 0.961650 12.534934
7.032039 0.961923 14.020447
7.034102 0.961948 12.542706
7.068026 0.962383 2.345114
7.133582 0.963327 2.343282
7.198909 0.964407 2.350208
7.264235 0.965622 2.338472
7.329562 0.966964 2.344858
7.394889 0.968426 2.335805
7.460445 0.970002 2.333403
7.525772 0.971671 2.340505
7.591098 0.973426 2.332713
7.656425 0.975251 2.338710
7.721752 0.977129 2.329976
7.787079 0.979047 2.338958
7.852061 0.980978 2.425893
7.917961 0.982944 2.329686
7.957616 0.984124 5.091678
7.965638 0.984361 12.450755
7.967930 0.984429 12.441416
7.969993 0.984271 13.898188
7.972056 0.981377 12.420462
7.974120 0.976776 13.874855
7.976182 0.971963 12.399677
7.978245 0.969379 13.853094
7.980308 0.968351 12.387227
7.982371 0.967673 13.845829
7.984434 0.967252 12.380968
7.986497 0.967083 13.838912
7.988560 0.967034 12.374962
7.990623 0.966950 13.833802
7.992686 0.966675 12.372231
7.994749 0.966264 13.831234
7.996812 0.965878 12.369695
7.998875 0.965635 13.828300
8.000938 0.965679 12.368516
8.003000 0.965662 13.830473
8.005064 0.965642 12.372239
8.007127 0.965694 13.834739
8.009189 0.965922 12.375900
8.011253 0.966389 13.838759
8.013315 0.967047 12.380445
8.015379 0.967820 13.844874
8.017441 0.968656 12.386071
8.019504 0.969520 13.851279
8.021567 0.970708 12.392130
8.023630 0.973090 13.863297
8.025693 0.977851 12.409089
8.027756 0.982581 13.884318
8.029819 0.985856 12.427979
8.031882 0.986303 13.905537
8.033945 0.986362 12.443405
8.035320 0.986401 27.826299
8.068327 0.987334 2.328561
8.133883 0.989108 2.329392
8.199210 0.990762 2.337250
8.264537 0.992296 2.329906
8.329864 0.993699 2.337381
8.395190 0.994966 2.329931
8.460746 0.996093 2.332357
8.526073 0.997066 2.339153
8.591400 0.997883 2.330024
8.656727 0.998544 2.338912
8.722054 0.999047 2.331667
8.787380 0.999394 2.341891
8.852707 0.999588 2.335316
8.918263 0.999631 2.339956
8.957918 0.999586 5.107264
8.965940 0.999570 12.490745
8.968233 0.999565 12.483714
8.970295 0.999067 13.948732
8.972358 0.995720 12.462375
8.974422 0.990903 13.917508
8.976484 0.986093 12.434056
8.978547 0.983793 13.885926
8.980610 0.982774 12.406387
8.982673 0.982123 13.864450
8.984736 0.981613 12.398072
8.986799 0.980959 13.858298
8.988862 0.980337 12.392450
8.990925 0.979814 13.852116
8.992988 0.979480 12.388991
8.995051 0.979381 13.853313
8.997114 0.979480 12.392615
8.999177 0.979654 13.857232
9.001240 0.979821 12.395887
9.003303 0.979885 13.860982
9.005366 0.980211 12.399916
9.007428 0.980683 13.866164
9.009492 0.981199 12.404686
9.011554 0.981610 13.871569
9.013617 0.981809 12.409413
9.015681 0.982015 13.878401
9.017743 0.982391 12.417653
9.019806 0.983085 13.888370
9.021869 0.984226 12.426669
9.023932 0.986986 13.898561
9.025995 0.991800 12.440972
9.028058 0.996398 13.927391
9.030121 0.999228 12.473123
9.032184 0.999361 13.963395
9.034247 0.999352 12.505388
9.068171 0.999189 2.341121
9.133727 0.998777 2.341087
9.199054 0.998248 2.350970
9.264381 0.997611 2.343679
9.329708 0.996880 2.363760
9.395034 0.996097 2.343227
