10.965630 0.987004 12.554287
10.967922 0.987014 12.545447
10.969985 0.986812 14.017395
10.972048 0.983891 12.529678
10.974111 0.979319 13.999867
10.976174 0.974297 12.511500
10.978237 0.971220 13.973079
10.980300 0.969599 12.484075
10.982363 0.968681 13.942159
10.984426 0.968300 12.456453
10.986488 0.968097 13.914673
10.988552 0.967881 12.448746
10.990614 0.967569 13.922729
10.992678 0.967336 12.456918
10.994740 0.967174 13.931603
10.996803 0.967070 12.464488
10.998867 0.967029 13.935612
11.000929 0.967127 12.462863
11.002992 0.967308 13.932251
11.005055 0.967533 12.459952
11.007118 0.967743 13.928865
11.009181 0.967993 12.456942
11.011244 0.968322 13.926111
11.013307 0.968744 12.454895
11.015370 0.969270 13.923937
11.017433 0.969777 12.453054
11.019496 0.970434 13.926028
11.021559 0.971497 12.475383
11.023622 0.974003 13.971119
11.025685 0.978910 12.516927
11.027748 0.983713 14.017603
11.029811 0.986929 12.557691
11.031873 0.987328 14.047582
11.033937 0.987339 12.566226
11.035312 0.987346 28.101198
11.068319 0.987532 2.351503
11.133875 0.987944 2.351194
11.199202 0.988410 2.358734
11.264529 0.988928 2.350105
11.329856 0.989494 2.358317
11.395183 0.990105 2.349684
11.460739 0.990758 2.349304
11.526066 0.991444 2.357238
11.591393 0.992161 2.348234
11.656720 0.992909 2.356586
11.722047 0.993682 2.347859
11.787374 0.994473 2.355689
11.851058 0.995255 2.443608
11.918257 0.996086 2.348166
11.957912 0.996575 5.124551
11.965934 0.996673 12.549954
11.968226 0.996701 12.542202
11.970289 0.996239 14.003396
11.972352 0.992969 12.507792
11.974415 0.988333 13.964910
11.976478 0.983753 12.473424
11.978541 0.981617 13.928890
11.980604 0.980546 12.453148
11.982667 0.979786 13.917933
11.984730 0.979067 12.443812
11.986793 0.978433 13.907320
11.988856 0.977913 12.434547
11.990919 0.977567 13.899622
11.992982 0.977172 12.430735
11.995045 0.976615 13.896401
11.997108 0.976100 12.427766
11.999171 0.975793 13.892814
12.001234 0.975846 12.427021
12.003297 0.976222 13.898419
12.005360 0.976746 12.435279
12.007423 0.977290 13.907763
12.009486 0.977669 12.443705
12.011548 0.978023 13.915954
12.013612 0.978474 12.445568
12.015674 0.979044 13.912892
12.017737 0.979791 12.442622
12.019801 0.980823 13.909713
12.021863 0.982228 12.440872
12.023926 0.985145 13.926054
12.025989 0.989961 12.476535
12.028052 0.994481 13.972338
12.030115 0.997304 12.517956
12.032178 0.997474 14.018685
12.034241 0.997497 12.550390
12.068165 0.997876 2.346870
12.133721 0.998535 2.347046
12.199048 0.999085 2.354903
12.264375 0.999520 2.346464
12.329702 0.999829 2.354210
12.395029 1.000004 2.346860
12.460586 1.000039 2.346618
12.525913 0.999925 2.354683
12.591240 0.999657 2.346832
12.656567 0.999231 2.355665
12.721894 0.998646 2.347227
12.787221 0.997900 2.356433
12.852548 0.996995 2.348401
12.918104 0.995929 2.348233
12.957759 0.995212 5.139272
12.965781 0.995060 12.569726
12.968073 0.995016 12.559118
12.970136 0.994644 14.028419
12.972199 0.991540 12.530983
12.974262 0.986862 13.989575
12.976325 0.982047 12.494285
12.978388 0.979419 13.948524
12.980451 0.978073 12.457615
12.982514 0.977094 13.918693
12.984577 0.976339 12.448889
12.986640 0.975855 13.917830
12.988703 0.975546 12.447887
12.990766 0.975330 13.916538
12.992829 0.975121 12.447566
12.994891 0.974939 13.919258
12.996955 0.974874 12.452136
12.999017 0.974876 13.924620
13.001081 0.974909 12.456844
13.003143 0.974927 13.929362
13.005207 0.974888 12.457641
13.007269 0.974850 13.926067
13.009332 0.974892 12.454118
13.011395 0.975096 13.922242
13.013458 0.975250 12.450768
13.015522 0.975360 13.920755
13.017584 0.975646 12.453174
13.019647 0.976462 13.925442
13.021710 0.977996 12.457467
13.023773 0.980919 13.930357
13.025836 0.985903 12.465989
13.027899 0.990512 13.956024
13.029962 0.993511 12.499758
13.032025 0.993727 13.994306
13.034088 0.993683 12.534044
13.068012 0.992943 2.349582
13.133568 0.991413 2.350115
13.198895 0.989765 2.359536
13.264222 0.988001 2.351317
13.329550 0.986133 2.360025
13.394877 0.984196 2.351494
13.460433 0.982232 2.352950
13.525760 0.980271 2.361739
13.591087 0.978323 2.354150
13.656414 0.976403 2.362699
13.721741 0.974527 2.355842
13.787068 0.972710 2.364975
13.850065 0.971033 2.452747
13.917951 0.969325 2.356762
13.957606 0.968381 5.144250
13.965629 0.968195 12.593388
13.967921 0.968142 12.587328
13.969984 0.967877 14.067018
13.972047 0.964917 12.576383
13.974110 0.960306 14.051433
13.976173 0.955381 12.558478
13.978236 0.952501 14.029954
13.980299 0.951157 12.539044
13.982361 0.950413 14.008249
13.984425 0.949915 12.524628
13.986487 0.949502 14.004585
13.988550 0.948970 12.527587
13.990614 0.948450 14.007912
13.992676 0.947999 12.530334
13.994739 0.947682 14.010271
13.996802 0.947514 12.529801
13.998865 0.947366 14.007090
14.000928 0.947262 12.526896
14.002991 0.947222 14.003956
14.005054 0.947275 12.524145
14.007117 0.947472 14.003186
14.009180 0.947806 12.526404
14.011243 0.948213 14.006760
14.013306 0.948651 12.529702
14.015369 0.949165 14.010561
14.017432 0.949861 12.537440
14.019495 0.950755 14.029753
14.021558 0.951861 12.559717
14.023621 0.954083 14.054674
14.025684 0.958633 12.582090
14.027747 0.963212 14.078318
14.029810 0.966369 12.595917
14.031873 0.966727 14.086480
14.033936 0.966683 12.602551
14.035311 0.966654 28.185002
14.068318 0.965973 2.356729
14.133875 0.964721 2.357273
14.199202 0.963610 2.364357
14.264455 0.962641 2.365005
14.329856 0.961803 2.364742
14.395183 0.961102 2.356184
14.460739 0.960539 2.357221
14.526066 0.960119 2.365223
14.591394 0.959843 2.355489
14.656721 0.959710 2.364294
14.722048 0.959725 2.355623
14.787375 0.959892 2.362547
14.852702 0.960212 2.354184
14.918258 0.960686 2.354379
14.957913 0.961046 5.139929
14.965936 0.961126 12.585305
14.968228 0.961149 12.571703
14.970291 0.960680 14.041830
14.972354 0.957565 12.547125
14.974417 0.953156 14.014437
14.976480 0.948490 12.523438
14.978543 0.945965 13.989895
14.980606 0.944420 12.502420
14.982668 0.943570 13.966143
14.984732 0.943132 12.480987
14.986795 0.942846 13.944356
14.988858 0.942568 12.472311
14.990920 0.942171 13.945338
14.992983 0.941747 12.473922
14.995047 0.941389 13.947086
14.997109 0.941186 12.475269
14.999173 0.941193 13.948922
15.001235 0.941443 12.477515
15.003298 0.941794 13.951704
15.005361 0.942163 12.480105
15.007424 0.942409 13.954703
15.009487 0.942579 12.480587
15.011550 0.942765 13.949840
15.013613 0.943051 12.473698
15.015676 0.943533 13.942249
15.017739 0.944219 12.467009
15.019802 0.945123 13.939564
15.021865 0.946442 12.488348
15.023928 0.949380 13.986541
15.025991 0.954292 12.531517
15.028054 0.958878 14.034802
15.030117 0.961698 12.573777
15.032180 0.961868 14.064840
15.034243 0.961894 12.580605
15.068167 0.962334 2.352123
15.133723 0.963294 2.352519
15.199050 0.964387 2.359613
15.264378 0.965610 2.351331
15.329705 0.966956 2.358374
15.395032 0.968415 2.349812
15.460588 0.969982 2.348565
15.525916 0.971635 2.356737
15.591243 0.973369 2.347957
15.656570 0.975176 2.355354
15.721897 0.977041 2.347962
15.787224 0.978952 2.355663
15.852551 0.980891 2.346865
15.920591 0.982926 2.442926
15.957763 0.984038 5.125630
15.965785 0.984277 12.545764
15.968077 0.984346 12.539010
15.970140 0.984053 14.002247
15.972203 0.980922 12.508199
15.974266 0.976308 13.966878
15.976329 0.971612 12.476541
15.978392 0.969177 13.932303
15.980455 0.967948 12.455742
15.982518 0.967066 13.921883
15.984581 0.966729 12.448464
15.986644 0.966749 13.913509
15.988707 0.966881 12.440800
15.990770 0.966874 13.905924
15.992833 0.966508 12.435573
15.994896 0.965897 13.900917
15.996959 0.965306 12.431197
15.999022 0.964933 13.895969
16.001085 0.964995 12.427524
16.003148 0.965280 13.895748
16.005211 0.965686 12.430165
16.007274 0.966129 13.899001
16.009337 0.966506 12.433177
16.011400 0.966772 13.902488
16.013463 0.967041 12.436334
16.015526 0.967428 13.906003
16.017588 0.968102 12.439533
16.019652 0.969253 13.909695
16.021714 0.970767 12.442939
16.023778 0.973542 13.925297
16.025840 0.978298 12.475713
16.027904 0.982872 13.970996
16.029966 0.985921 12.516349
16.032029 0.986235 14.016435
16.034092 0.986295 12.551259
16.068017 0.987262 2.346294
16.133573 0.989051 2.346703
16.198900 0.990718 2.354888
16.264227 0.992261 2.346584
16.329555 0.993670 2.355157
16.394882 0.994940 2.346962
16.460438 0.996066 2.346228
16.525765 0.997035 2.355546
16.591093 0.997847 2.347575
16.656420 0.998501 2.355548
16.721747 0.998998 2.348390
16.787074 0.999337 2.357216
16.852402 0.999523 2.348570
16.917958 0.999561 2.348842
16.957613 0.999516 5.128615
16.965636 0.999500 12.564982
16.967928 0.999496 12.566155
16.969991 0.999272 14.046433
16.972054 0.996335 12.543406
16.974117 0.991791 14.000090
16.976180 0.987044 12.500481
16.978243 0.984310 13.951759
16.980305 0.982832 12.457671
16.982368 0.981669 13.925524
16.984431 0.980777 12.452800
16.986494 0.980311 13.919837
16.988557 0.980061 12.447746
16.990620 0.979913 13.913952
16.992683 0.979763 12.442644
16.994746 0.979567 13.910757
16.996809 0.979382 12.442063
16.998872 0.979246 13.910596
17.000935 0.979179 12.442022
17.002998 0.979218 13.910495
17.005061 0.979618 12.442969
17.007124 0.980274 13.913597
17.009187 0.980984 12.446484
17.011250 0.981515 13.917643
17.013313 0.981646 12.450205
17.015376 0.981657 13.926523
17.017439 0.981827 12.470374
17.019502 0.982479 13.958025
17.021565 0.983860 12.498536
17.023628 0.986413 13.989590
17.025691 0.991182 12.526237
17.027754 0.995775 14.016265
17.029817 0.998921 12.546194
17.031880 0.999300 14.037654
17.033943 0.999292 12.565140
17.035318 0.999286 28.110690
17.068325 0.999135 2.349425
17.133882 0.998744 2.350784
17.199209 0.998243 2.358635
17.264536 0.997642 2.350484
17.329864 0.996950 2.358931
17.395191 0.996205 2.351027
17.460518 0.995445 2.359329
17.525846 0.994677 2.351877
17.591402 0.993905 2.351384
17.656729 0.993141 2.360044
17.722057 0.992388 2.352710
17.787384 0.991652 2.360653
17.852711 0.990946 2.353186
17.919867 0.990260 2.459003
17.957693 0.989895 5.052454
17.965945 0.989817 12.576134
17.968237 0.989796 12.570179
17.970301 0.989265 14.047952
17.972363 0.985898 12.559074
17.974426 0.981125 14.025745
17.976489 0.976393 12.527753
17.978552 0.974084 13.987153
17.980615 0.972922 12.492987
17.982678 0.972136 13.948004
17.984741 0.971559 12.465296
17.986804 0.971087 13.935497
17.988867 0.970680 12.463332
17.990930 0.970369 13.933417
17.992993 0.970131 12.461453
17.995056 0.969954 13.931844
17.997119 0.969768 12.463926
17.999182 0.969449 13.938658
18.001245 0.969148 12.470355
18.003308 0.968960 13.945959
18.005371 0.969036 12.477261
18.007434 0.969321 13.958732
18.009497 0.969743 12.494491
18.011560 0.970233 13.979847
18.013623 0.970719 12.513465
18.015686 0.971198 14.001159
18.017749 0.971817 12.531483
18.019812 0.972692 14.018517
18.021875 0.974219 12.545385
18.023938 0.977271 14.033826
18.026000 0.982125 12.559135
18.028064 0.986459 14.048658
18.030126 0.989097 12.569216
18.032190 0.989222 14.056802
18.034252 0.989204 12.576288
18.068177 0.988921 2.354023
18.133733 0.988417 2.354325
18.199061 0.987973 2.362627
18.264388 0.987588 2.355277
18.329715 0.987251 2.363946
18.395043 0.986965 2.354492
18.460599 0.986732 2.355205
