11.526066 0.991444 2.357238
11.591393 0.992150 2.348234
11.656720 0.992888 2.356586
11.722047 0.993652 2.347859
11.787374 0.994439 2.355689
11.851058 0.995220 2.443608
11.918257 0.996053 2.348166
11.957912 0.996547 5.124551
11.965934 0.996647 12.549954
11.968226 0.996675 12.542202
11.970289 0.996203 14.003396
11.972352 0.992891 12.507792
11.974415 0.988232 13.964910
11.976478 0.983677 12.473424
11.978541 0.981702 13.928890
11.980604 0.980792 12.453148
11.982667 0.980167 13.917933
11.984730 0.979359 12.443812
11.986793 0.978556 13.907320
11.988856 0.977869 12.434547
11.990919 0.977449 13.899622
11.992982 0.977261 12.430735
11.995045 0.977166 13.896401
11.997108 0.977133 12.427766
11.999171 0.977140 13.892814
12.001234 0.977163 12.427021
12.003297 0.977140 13.898419
12.005360 0.977143 12.435279
12.007423 0.977221 13.907763
12.009486 0.977459 12.443705
12.011548 0.977919 13.915954
12.013612 0.978544 12.445568
12.015674 0.979280 13.912892
12.017737 0.980068 12.442622
12.019801 0.980947 13.909713
12.021863 0.982191 12.440872
12.023926 0.985015 13.926054
12.025989 0.989872 12.476535
12.028052 0.994442 13.972338
12.030115 0.997288 12.517956
12.032178 0.997459 14.018685
12.034241 0.997483 12.550390
12.068165 0.997868 2.346870
12.133721 0.998537 2.347046
12.199048 0.999096 2.354903
12.264375 0.999534 2.346464
12.329702 0.999842 2.354210
12.395029 1.000010 2.346860
12.460586 1.000031 2.346618
12.525913 0.999903 2.354683
12.591240 0.999623 2.346832
12.656567 0.999189 2.355665
12.721894 0.998601 2.347227
12.787221 0.997858 2.356433
12.852548 0.996962 2.348401
12.918104 0.995911 2.348233
12.957759 0.995202 5.139272
12.965781 0.995052 12.569726
12.968073 0.995008 12.559118
12.970136 0.994620 14.028419
12.972199 0.991363 12.530983
12.974262 0.986689 13.989575
12.976325 0.981984 12.494285
12.978388 0.979511 13.948524
12.980451 0.978067 12.457615
12.982514 0.976876 13.918693
12.984577 0.975959 12.448889
12.986640 0.975524 13.917830
12.988703 0.975314 12.447887
12.990766 0.975199 13.916538
12.992829 0.975040 12.447566
12.994891 0.974907 13.919258
12.996955 0.975009 12.452136
12.999017 0.975197 13.924620
13.001081 0.975373 12.456844
13.003143 0.975402 13.929362
13.005207 0.975239 12.457641
13.007269 0.975013 13.926067
13.009332 0.974875 12.454118
13.011395 0.975001 13.922242
13.013458 0.975396 12.450768
13.015522 0.975925 13.920755
13.017584 0.976607 12.453174
13.019647 0.977442 13.925442
13.021710 0.978555 12.457467
13.023773 0.981103 13.930357
13.025836 0.985865 12.465989
13.027899 0.990513 13.956024
13.029962 0.993518 12.499758
13.032025 0.993728 13.994306
13.034088 0.993685 12.534044
13.068012 0.992948 2.349582
13.133568 0.991421 2.350115
13.198895 0.989769 2.359536
13.264222 0.987997 2.351317
13.329550 0.986115 2.360025
13.394877 0.984165 2.351494
13.460433 0.982195 2.352950
13.525760 0.980235 2.361739
13.591087 0.978293 2.354150
13.656414 0.976385 2.362699
13.721741 0.974527 2.355842
13.787068 0.972731 2.364975
13.850065 0.971070 2.452747
13.917951 0.969373 2.356762
13.957606 0.968431 5.144250
13.965629 0.968245 12.593388
13.967921 0.968192 12.587328
13.969984 0.967929 14.067018
13.972047 0.964949 12.576383
13.974110 0.960334 14.051433
13.976173 0.955472 12.558478
13.978236 0.952685 14.029954
13.980299 0.951261 12.539044
13.982361 0.950135 14.008249
13.984425 0.949218 12.524628
13.986487 0.948512 14.004585
13.988550 0.948182 12.527587
13.990614 0.948097 14.007912
13.992676 0.948101 12.530334
13.994739 0.948061 14.010271
13.996802 0.947864 12.529801
13.998865 0.947511 14.007090
14.000928 0.947156 12.526896
14.002991 0.946902 14.003956
14.005054 0.946911 12.524145
14.007117 0.947167 14.003186
14.009180 0.947609 12.526404
14.011243 0.948126 14.006760
14.013306 0.948627 12.529702
14.015369 0.949235 14.010561
14.017432 0.950085 12.537440
14.019495 0.951120 14.029753
14.021558 0.952192 12.559717
14.023621 0.954289 14.054674
14.025684 0.958731 12.582090
14.027747 0.963275 14.078318
14.029810 0.966432 12.595917
14.031873 0.966776 14.086480
14.033936 0.966732 12.602551
14.035311 0.966703 28.185002
14.068318 0.966019 2.356729
14.133875 0.964758 2.357273
14.199202 0.963636 2.364357
14.264455 0.962656 2.365005
14.329856 0.961812 2.364742
14.395183 0.961110 2.356184
14.460739 0.960549 2.357221
14.526066 0.960135 2.365223
14.591394 0.959865 2.355489
14.656721 0.959739 2.364294
14.722048 0.959758 2.355623
14.787375 0.959923 2.362547
14.852702 0.960238 2.354184
14.918258 0.960703 2.354379
14.957913 0.961057 5.139929
14.965936 0.961135 12.585305
14.968228 0.961158 12.571703
14.970291 0.960684 14.041830
14.972354 0.957608 12.547125
14.974417 0.953273 14.014437
14.976480 0.948680 12.523438
14.978543 0.946198 13.989895
14.980606 0.944656 12.502420
14.982668 0.943727 13.966143
14.984732 0.943162 12.480987
14.986795 0.942747 13.944356
14.988858 0.942407 12.472311
14.990920 0.942085 13.945338
14.992983 0.941803 12.473922
14.995047 0.941589 13.947086
14.997109 0.941466 12.475269
14.999173 0.941414 13.948922
15.001235 0.941282 12.477515
15.003298 0.941169 13.951704
15.005361 0.941146 12.480105
15.007424 0.941316 13.954703
15.009487 0.941767 12.480587
15.011550 0.942411 13.949840
15.013613 0.943138 12.473698
15.015676 0.943818 13.942249
15.017739 0.944332 12.467009
15.019802 0.945028 13.939564
15.021865 0.946204 12.488348
15.023928 0.949189 13.986541
15.025991 0.954207 12.531517
15.028054 0.958865 14.034802
15.030117 0.961697 12.573777
15.032180 0.961866 14.064840
15.034243 0.961891 12.580605
15.068167 0.962325 2.352123
15.133723 0.963273 2.352519
15.199050 0.964358 2.359613
15.264378 0.965575 2.351331
15.329705 0.966917 2.358374
15.395032 0.968374 2.349812
15.460588 0.969942 2.348565
15.525916 0.971598 2.356737
15.591243 0.973336 2.347957
15.656570 0.975149 2.355354
15.721897 0.977024 2.347962
15.787224 0.978946 2.355663
15.852551 0.980898 2.346865
15.920591 0.982945 2.442926
15.957763 0.984063 5.125630
15.965785 0.984304 12.545764
15.968077 0.984373 12.539010
15.970140 0.984083 14.002247
15.972203 0.980973 12.508199
15.974266 0.976393 13.966878
15.976329 0.971718 12.476541
15.978392 0.969230 13.932303
15.980455 0.967917 12.455742
15.982518 0.966961 13.921883
15.984581 0.966700 12.448464
15.986644 0.966871 13.913509
15.988707 0.967154 12.440800
15.990770 0.967225 13.905924
15.992833 0.966856 12.435573
15.994896 0.966230 13.900917
15.996959 0.965620 12.431197
15.999022 0.965234 13.895969
16.001085 0.965293 12.427524
16.003148 0.965471 13.895748
16.005211 0.965731 12.430165
16.007274 0.966041 13.899001
16.009337 0.966371 12.433177
16.011400 0.966711 13.902488
16.013463 0.967115 12.436334
16.015526 0.967635 13.906003
16.017588 0.968316 12.439533
16.019652 0.969152 13.909695
16.021714 0.970343 12.442939
16.023778 0.973078 13.925297
16.025840 0.978075 12.475713
16.027904 0.982877 13.970996
16.029966 0.985961 12.516349
16.032029 0.986272 14.016435
16.034092 0.986331 12.551259
16.068017 0.987301 2.346294
16.133573 0.989089 2.346703
16.198900 0.990750 2.354888
16.264227 0.992282 2.346584
16.329555 0.993678 2.355157
16.394882 0.994932 2.346962
16.460438 0.996042 2.346228
16.525765 0.997001 2.355546
16.591093 0.997811 2.347575
16.656420 0.998471 2.355548
16.721747 0.998979 2.348390
16.787074 0.999336 2.357216
16.852402 0.999544 2.348570
16.917958 0.999606 2.348842
16.957613 0.999572 5.128615
16.965636 0.999558 12.564982
16.967928 0.999554 12.566155
16.969991 0.999330 14.046433
16.972054 0.996361 12.543406
16.974117 0.991784 14.000090
16.976180 0.987009 12.500481
16.978243 0.984292 13.951759
16.980305 0.982877 12.457671
16.982368 0.981782 13.925524
16.984431 0.980943 12.452800
16.986494 0.980489 13.919837
16.988557 0.980252 12.447746
16.990620 0.980115 13.913952
16.992683 0.979973 12.442644
16.994746 0.979756 13.910757
16.996809 0.979480 12.442063
16.998872 0.979238 13.910596
17.000935 0.979086 12.442022
17.002998 0.979115 13.910495
17.005061 0.979611 12.442969
17.007124 0.980427 13.913597
17.009187 0.981290 12.446484
17.011250 0.981896 13.917643
17.013313 0.982012 12.450205
17.015376 0.981998 13.926523
17.017439 0.982141 12.470374
17.019502 0.982732 13.958025
17.021565 0.984003 12.498536
17.023628 0.986476 13.989590
17.025691 0.991209 12.526237
17.027754 0.995837 14.016265
17.029817 0.998994 12.546194
17.031880 0.999368 14.037654
17.033943 0.999360 12.565140
17.035318 0.999354 28.110690
17.068325 0.999204 2.349425
17.133882 0.998809 2.350784
17.199209 0.998295 2.358635
17.264536 0.997672 2.350484
17.329864 0.996951 2.358931
17.395191 0.996175 2.351027
17.460518 0.995391 2.359329
17.525846 0.994607 2.351877
17.591402 0.993827 2.351384
17.656729 0.993063 2.360044
17.722057 0.992321 2.352710
17.787384 0.991605 2.360653
17.852711 0.990922 2.353186
17.919867 0.990257 2.459003
17.957693 0.989901 5.052454
17.965945 0.989825 12.576134
17.968237 0.989804 12.570179
17.970301 0.989288 14.047952
17.972363 0.985904 12.559074
17.974426 0.981149 14.025745
17.976489 0.976502 12.527753
17.978552 0.974307 13.987153
17.980615 0.973150 12.492987
17.982678 0.972201 13.948004
17.984741 0.971451 12.465296
17.986804 0.970882 13.935497
17.988867 0.970493 12.463332
17.990930 0.970215 13.933417
17.992993 0.970011 12.461453
17.995056 0.969851 13.931844
17.997119 0.969682 12.463926
17.999182 0.969432 13.938658
18.001245 0.969210 12.470355
18.003308 0.969086 13.945959
18.005371 0.969169 12.477261
18.007434 0.969460 13.958732
18.009497 0.969890 12.494491
18.011560 0.970388 13.979847
18.013623 0.970874 12.513465
18.015686 0.971286 14.001159
18.017749 0.971813 12.531483
18.019812 0.972613 14.018517
18.021875 0.974200 12.545385
18.023938 0.977342 14.033826
18.026000 0.982232 12.559135
18.028064 0.986526 14.048658
18.030126 0.989119 12.569216
18.032190 0.989242 14.056802
18.034252 0.989224 12.576288
18.068177 0.988945 2.354023
18.133733 0.988442 2.354325
18.199061 0.987991 2.362627
18.264388 0.987591 2.355277
18.329715 0.987240 2.363946
18.395043 0.986940 2.354492
18.460599 0.986696 2.355205
18.525927 0.986512 2.363724
18.591254 0.986391 2.355450
18.656581 0.986336 2.363490
18.721909 0.986351 2.356220
18.787236 0.986438 2.363630
18.852563 0.986594 2.356211
18.917891 0.986816 2.364102
18.957545 0.986982 5.061240
18.965797 0.987019 12.591611
18.968090 0.987029 12.581933
18.970153 0.986703 14.057105
18.972216 0.983593 12.564106
18.974279 0.978931 14.037139
18.976341 0.974185 12.546965
18.978404 0.971695 14.020589
18.980467 0.970514 12.533980
18.982531 0.969581 14.006253
18.984593 0.968790 12.520950
18.986657 0.968150 13.991986
18.988719 0.967682 12.515404
18.990782 0.967464 13.994962
18.992845 0.967416 12.519598
18.994908 0.967445 13.999765
18.996971 0.967461 12.523874
18.999034 0.967412 13.996328
19.001097 0.967357 12.507860
19.003160 0.967338 13.972146
19.005223 0.967389 12.486316
19.007286 0.967553 13.948152
19.009349 0.967832 12.470694
19.011412 0.968207 13.953615
19.013475 0.968675 12.491172
19.015538 0.969230 13.977543
19.017601 0.969793 12.512659
19.019664 0.970538 14.001719
19.021727 0.971711 12.535166
19.023790 0.974466 14.027945
19.025853 0.979400 12.558562
