8.329864 0.993660 2.337381
8.395190 0.994940 2.329931
8.460746 0.996079 2.332357
8.526073 0.997059 2.339153
8.591400 0.997876 2.330024
8.656727 0.998531 2.338912
8.722054 0.999024 2.331667
8.787380 0.999356 2.341891
8.852707 0.999531 2.335316
8.918263 0.999555 2.339956
8.957918 0.999502 5.107264
8.965940 0.999486 12.490745
8.968233 0.999481 12.483714
8.970295 0.998997 13.948732
8.972358 0.995756 12.462375
8.974422 0.991081 13.917508
8.976484 0.986407 12.434056
8.978547 0.984055 13.885926
8.980610 0.982799 12.406387
8.982673 0.981882 13.864450
8.984736 0.981181 12.398072
8.986799 0.980698 13.858298
8.988862 0.980346 12.392450
8.990925 0.980084 13.852116
8.992988 0.979869 12.388991
8.995051 0.979707 13.853313
8.997114 0.979619 12.392615
8.999177 0.979588 13.857232
9.001240 0.979605 12.395887
9.003303 0.979663 13.860982
9.005366 0.980010 12.399916
9.007428 0.980512 13.866164
9.009492 0.981055 12.404686
9.011554 0.981477 13.871569
9.013617 0.981547 12.409413
9.015681 0.981550 13.878401
9.017743 0.981741 12.417653
9.019806 0.982556 13.888370
9.021869 0.984098 12.426669
9.023932 0.987081 13.898561
9.025995 0.991925 12.440972
9.028058 0.996340 13.927391
9.030121 0.999136 12.473123
9.032184 0.999276 13.963395
9.034247 0.999268 12.505388
9.068171 0.999109 2.341121
9.133727 0.998715 2.341087
9.199054 0.998214 2.350970
9.264381 0.997614 2.343679
9.329708 0.996926 2.363760
9.395034 0.996185 2.343227
9.460590 0.995424 2.344246
9.525917 0.994656 2.351916
9.591244 0.993885 2.345064
9.656571 0.993116 2.352905
9.721898 0.992357 2.344364
9.787225 0.991613 2.352800
9.851558 0.990910 2.440964
9.918108 0.990225 2.345271
9.957762 0.989838 5.122033
9.965785 0.989762 12.533732
9.968077 0.989741 12.526311
9.970140 0.989370 13.997431
9.972203 0.986236 12.512372
9.974266 0.981566 13.976597
9.976329 0.976741 12.488771
9.978392 0.974144 13.949146
9.980455 0.972911 12.464258
9.982518 0.972201 13.921826
9.984581 0.971716 12.445490
9.986643 0.971308 13.910309
9.988706 0.970831 12.437957
9.990769 0.970398 13.901626
9.992832 0.970036 12.430071
9.994895 0.969792 13.894158
9.996958 0.969655 12.426836
9.999021 0.969535 13.893146
10.001084 0.969461 12.426026
10.003147 0.969452 13.892109
10.005210 0.969539 12.425316
10.007273 0.969724 13.894559
10.009336 0.970001 12.430529
10.011399 0.970353 13.901004
10.013462 0.970772 12.436394
10.015525 0.971292 13.907632
10.017588 0.971974 12.450167
10.019651 0.972874 13.936290
10.021714 0.974272 12.479859
10.023777 0.976985 13.969561
10.025840 0.981698 12.509684
10.027902 0.986096 13.999278
10.029965 0.988927 12.526280
10.032028 0.989164 14.010153
10.034091 0.989146 12.535887
10.068016 0.988862 2.346014
10.133572 0.988355 2.346746
10.198898 0.987911 2.355828
10.264225 0.987525 2.348226
10.329552 0.987190 2.356669
10.394879 0.986908 2.348126
10.460435 0.986680 2.349154
10.525762 0.986512 2.357281
10.591089 0.986404 2.349875
10.656416 0.986359 2.358874
10.721743 0.986379 2.350610
10.787070 0.986465 2.358462
10.852397 0.986616 2.350589
10.917953 0.986830 2.350623
10.957607 0.986988 5.129660
10.965630 0.987023 12.554287
10.967922 0.987033 12.545447
10.969985 0.986835 14.017395
10.972048 0.983936 12.529678
10.974111 0.979374 13.999867
10.976174 0.974398 12.511500
10.978237 0.971373 13.973079
10.980300 0.969821 12.484075
10.982363 0.968955 13.942159
10.984426 0.968614 12.456453
10.986488 0.968450 13.914673
10.988552 0.968259 12.448746
10.990614 0.967890 13.922729
10.992678 0.967514 12.456918
10.994740 0.967200 13.931603
10.996803 0.966992 12.464488
10.998867 0.966957 13.935612
11.000929 0.967143 12.462863
11.002992 0.967441 13.932251
11.005055 0.967772 12.459952
11.007118 0.968013 13.928865
11.009181 0.968206 12.456942
11.011244 0.968419 13.926111
11.013307 0.968723 12.454895
11.015370 0.969181 13.923937
11.017433 0.969827 12.453054
11.019496 0.970667 13.926028
11.021559 0.971861 12.475383
11.023622 0.974314 13.971119
11.025685 0.979074 12.516927
11.027748 0.983763 14.017603
11.029811 0.986946 12.557691
11.031873 0.987341 14.047582
11.033937 0.987352 12.566226
11.035312 0.987359 28.101198
11.068319 0.987540 2.351503
11.133875 0.987938 2.351194
11.199202 0.988391 2.358734
11.264529 0.988899 2.350105
11.329856 0.989460 2.358317
11.395183 0.990071 2.349684
11.460739 0.990730 2.349304
11.526066 0.991429 2.357238
11.591393 0.992164 2.348234
11.656720 0.992928 2.356586
11.722047 0.993712 2.347859
11.787374 0.994509 2.355689
11.851058 0.995292 2.443608
11.918257 0.996115 2.348166
11.957912 0.996597 5.124551
11.965934 0.996694 12.549954
11.968226 0.996722 12.542202
11.970289 0.996273 14.003396
11.972352 0.992987 12.507792
11.974415 0.988184 13.964910
11.976478 0.983456 12.473424
11.978541 0.981389 13.928890
11.980604 0.980620 12.453148
11.982667 0.980123 13.917933
11.984730 0.979372 12.443812
11.986793 0.978633 13.907320
11.988856 0.978010 12.434547
11.990919 0.977618 13.899622
11.992982 0.977256 12.430735
11.995045 0.976774 13.896401
11.997108 0.976338 12.427766
11.999171 0.976081 13.892814
12.001234 0.976136 12.427021
12.003297 0.976535 13.898419
12.005360 0.977090 12.435279
12.007423 0.977660 13.907763
12.009486 0.978043 12.443705
12.011548 0.978307 13.915954
12.013612 0.978610 12.445568
12.015674 0.979038 13.912892
12.017737 0.979735 12.442622
12.019801 0.980849 13.909713
12.021863 0.982333 12.440872
12.023926 0.985258 13.926054
12.025989 0.990015 12.476535
12.028052 0.994485 13.972338
12.030115 0.997306 12.517956
12.032178 0.997476 14.018685
12.034241 0.997499 12.550390
12.068165 0.997869 2.346870
12.133721 0.998513 2.347046
12.199048 0.999052 2.354903
12.264375 0.999480 2.346464
12.329702 0.999787 2.354210
12.395029 0.999966 2.346860
12.460586 1.000011 2.346618
12.525913 0.999908 2.354683
12.591240 0.999649 2.346832
12.656567 0.999229 2.355665
12.721894 0.998647 2.347227
12.787221 0.997902 2.356433
12.852548 0.996993 2.348401
12.918104 0.995920 2.348233
12.957759 0.995199 5.139272
12.965781 0.995047 12.569726
12.968073 0.995003 12.559118
12.970136 0.994635 14.028419
12.972199 0.991566 12.530983
12.974262 0.986781 13.989575
12.976325 0.981784 12.494285
12.978388 0.979064 13.948524
12.980451 0.977956 12.457615
12.982514 0.977326 13.918693
12.984577 0.976837 12.448889
12.986640 0.976119 13.917830
12.988703 0.975388 12.447887
12.990766 0.974750 13.916538
12.992829 0.974325 12.447566
12.994891 0.974242 13.919258
12.996955 0.974530 12.452136
12.999017 0.974929 13.924620
13.001081 0.975268 12.456844
13.003143 0.975311 13.929362
13.005207 0.975193 12.457641
13.007269 0.975035 13.926067
13.009332 0.974962 12.454118
13.011395 0.975115 13.922242
13.013458 0.975307 12.450768
13.015522 0.975484 13.920755
13.017584 0.975833 12.453174
13.019647 0.976684 13.925442
13.021710 0.978222 12.457467
13.023773 0.981100 13.930357
13.025836 0.986006 12.465989
13.027899 0.990531 13.956024
13.029962 0.993493 12.499758
13.032025 0.993709 13.994306
13.034088 0.993666 12.534044
13.068012 0.992925 2.349582
13.133568 0.991395 2.350115
13.198895 0.989750 2.359536
13.264222 0.987992 2.351317
13.329550 0.986133 2.360025
13.394877 0.984207 2.351494
13.460433 0.982251 2.352950
13.525760 0.980296 2.361739
13.591087 0.978352 2.354150
13.656414 0.976433 2.362699
13.721741 0.974556 2.355842
13.787068 0.972735 2.364975
13.850065 0.971052 2.452747
13.917951 0.969339 2.356762
13.957606 0.968391 5.144250
13.965629 0.968204 12.593388
13.967921 0.968151 12.587328
13.969984 0.967885 14.067018
13.972047 0.964953 12.576383
13.974110 0.960344 14.051433
13.976173 0.955335 12.558478
13.978236 0.952328 14.029954
13.980299 0.950951 12.539044
13.982361 0.950382 14.008249
13.984425 0.950085 12.524628
13.986487 0.949810 14.004585
13.988550 0.949130 12.527587
13.990614 0.948300 14.007912
13.992676 0.947529 12.530334
13.994739 0.947016 14.010271
13.996802 0.946897 12.529801
13.998865 0.947090 14.007090
14.000928 0.947405 12.526896
14.002991 0.947722 14.003956
14.005054 0.947851 12.524145
14.007117 0.947821 14.003186
14.009180 0.947727 12.526404
14.011243 0.947710 14.006760
14.013306 0.947913 12.529702
14.015369 0.948643 14.010561
14.017432 0.949691 12.537440
14.019495 0.950916 14.029753
14.021558 0.952120 12.559717
14.023621 0.954240 14.054674
14.025684 0.958694 12.582090
14.027747 0.963228 14.078318
14.029810 0.966376 12.595917
14.031873 0.966731 14.086480
14.033936 0.966687 12.602551
14.035311 0.966658 28.185002
14.068318 0.965975 2.356729
14.133875 0.964718 2.357273
14.199202 0.963605 2.364357
14.264455 0.962634 2.365005
14.329856 0.961796 2.364742
14.395183 0.961098 2.356184
14.460739 0.960538 2.357221
14.526066 0.960124 2.365223
14.591394 0.959853 2.355489
14.656721 0.959727 2.364294
14.722048 0.959746 2.355623
14.787375 0.959913 2.362547
14.852702 0.960229 2.354184
14.918258 0.960695 2.354379
14.957913 0.961049 5.139929
14.965936 0.961127 12.585305
14.968228 0.961150 12.571703
14.970291 0.960691 14.041830
14.972354 0.957582 12.547125
14.974417 0.953157 14.014437
14.976480 0.948450 12.523438
14.978543 0.945873 13.989895
14.980606 0.944304 12.502420
14.982668 0.943511 13.966143
14.984732 0.943179 12.480987
14.986795 0.942998 13.944356
14.988858 0.942772 12.472311
14.990920 0.942277 13.945338
14.992983 0.941668 12.473922
14.995047 0.941123 13.947086
14.997109 0.940815 12.475269
14.999173 0.940850 13.948922
15.001235 0.941288 12.477515
15.003298 0.941871 13.951704
15.005361 0.942434 12.480105
15.007424 0.942719 13.954703
15.009487 0.942700 12.480587
15.011550 0.942576 13.949840
15.013613 0.942565 12.473698
15.015676 0.942937 13.942249
15.017739 0.943914 12.467009
15.019802 0.945172 13.939564
15.021865 0.946673 12.488348
15.023928 0.949460 13.986541
15.025991 0.954215 12.531517
15.028054 0.958757 14.034802
15.030117 0.961684 12.573777
15.032180 0.961857 14.064840
15.034243 0.961882 12.580605
15.068167 0.962315 2.352123
15.133723 0.963260 2.352519
15.199050 0.964345 2.359613
15.264378 0.965567 2.351331
15.329705 0.966917 2.358374
15.395032 0.968386 2.349812
15.460588 0.969968 2.348565
15.525916 0.971641 2.356737
15.591243 0.973395 2.347957
15.656570 0.975214 2.355354
15.721897 0.977086 2.347962
15.787224 0.978995 2.355663
