7.264235 0.965624 2.338472
7.329562 0.966964 2.344858
7.394889 0.968423 2.335805
7.460445 0.969997 2.333403
7.525772 0.971665 2.340505
7.591098 0.973420 2.332713
7.656425 0.975248 2.338710
7.721752 0.977133 2.329976
7.787079 0.979061 2.338958
7.852061 0.981004 2.425893
7.917961 0.982984 2.329686
7.957616 0.984173 5.091678
7.965638 0.984412 12.450755
7.967930 0.984481 12.441416
7.969993 0.984322 13.898188
7.972056 0.981415 12.420462
7.974120 0.976797 13.874855
7.976182 0.971986 12.399677
7.978245 0.969512 13.853094
7.980308 0.968628 12.387227
7.982371 0.968080 13.845829
7.984434 0.967515 12.380968
7.986497 0.967024 13.838912
7.988560 0.966643 12.374962
7.990623 0.966372 13.833802
7.992686 0.966086 12.372231
7.994749 0.965659 13.831234
7.996812 0.965257 12.369695
7.998875 0.965004 13.828300
8.000938 0.965051 12.368516
8.003000 0.965304 13.830473
8.005064 0.965676 12.372239
8.007127 0.966095 13.834739
8.009189 0.966470 12.375900
8.011253 0.966779 13.838759
8.013315 0.967115 12.380445
8.015379 0.967564 13.844874
8.017441 0.968224 12.386071
8.019504 0.969205 13.851279
8.021567 0.970535 12.392130
8.023630 0.973121 13.863297
8.025693 0.977960 12.409089
8.027756 0.982710 13.884318
8.029819 0.985934 12.427979
8.031882 0.986368 13.905537
8.033945 0.986428 12.443405
8.035320 0.986467 27.826299
8.068327 0.987405 2.328561
8.133883 0.989181 2.329392
8.199210 0.990832 2.337250
8.264537 0.992355 2.329906
8.329864 0.993742 2.337381
8.395190 0.994987 2.329931
8.460746 0.996088 2.332357
8.526073 0.997037 2.339153
8.591400 0.997836 2.330024
8.656727 0.998483 2.338912
8.722054 0.998977 2.331667
8.787380 0.999321 2.341891
8.852707 0.999517 2.335316
8.918263 0.999569 2.339956
8.957918 0.999531 5.107264
8.965940 0.999517 12.490745
8.968233 0.999513 12.483714
8.970295 0.999020 13.948732
8.972358 0.995710 12.462375
8.974422 0.991021 13.917508
8.976484 0.986372 12.434056
8.978547 0.984124 13.885926
8.980610 0.982961 12.406387
8.982673 0.982117 13.864450
8.984736 0.981468 12.398072
8.986799 0.980818 13.858298
8.988862 0.980207 12.392450
8.990925 0.979693 13.852116
8.992988 0.979363 12.388991
8.995051 0.979318 13.853313
8.997114 0.979571 12.392615
8.999177 0.979913 13.857232
9.001240 0.980203 12.395887
9.003303 0.980266 13.860982
9.005366 0.980342 12.399916
9.007428 0.980461 13.866164
9.009492 0.980652 12.404686
9.011554 0.980945 13.871569
9.013617 0.981152 12.409413
9.015681 0.981365 13.878401
9.017743 0.981755 12.417653
9.019806 0.982611 13.888370
9.021869 0.984054 12.426669
9.023932 0.987012 13.898561
9.025995 0.991884 12.440972
9.028058 0.996377 13.927391
9.030121 0.999187 12.473123
9.032184 0.999325 13.963395
9.034247 0.999317 12.505388
9.068171 0.999164 2.341121
9.133727 0.998775 2.341087
9.199054 0.998271 2.350970
9.264381 0.997659 2.343679
9.329708 0.996951 2.363760
9.395034 0.996186 2.343227
9.460590 0.995406 2.344246
9.525917 0.994622 2.351916
9.591244 0.993841 2.345064
9.656571 0.993069 2.352905
9.721898 0.992313 2.344364
9.787225 0.991581 2.352800
9.851558 0.990891 2.440964
9.918108 0.990216 2.345271
9.957762 0.989835 5.122033
9.965785 0.989760 12.533732
9.968077 0.989739 12.526311
9.970140 0.989370 13.997431
9.972203 0.986162 12.512372
9.974266 0.981469 13.976597
9.976329 0.976783 12.488771
9.978392 0.974415 13.949146
9.980455 0.973240 12.464258
9.982518 0.972243 13.921826
9.984581 0.971445 12.445490
9.986643 0.970840 13.910309
9.988706 0.970449 12.437957
9.990769 0.970180 13.901626
9.992832 0.969987 12.430071
9.994895 0.969835 13.894158
9.996958 0.969711 12.426836
9.999021 0.969658 13.893146
10.001084 0.969663 12.426026
10.003147 0.969717 13.892109
10.005210 0.969814 12.425316
10.007273 0.969845 13.894559
10.009336 0.969862 12.430529
10.011399 0.969961 13.901004
10.013462 0.970258 12.436394
10.015525 0.970999 13.907632
10.017588 0.972006 12.450167
10.019651 0.973197 13.936290
10.021714 0.974516 12.479859
10.023777 0.976995 13.969561
10.025840 0.981576 12.509684
10.027902 0.986016 13.999278
10.029965 0.988930 12.526280
10.032028 0.989169 14.010153
10.034091 0.989151 12.535887
10.068016 0.988869 2.346014
10.133572 0.988365 2.346746
10.198898 0.987918 2.355828
10.264225 0.987529 2.348226
10.329552 0.987192 2.356669
10.394879 0.986910 2.348126
10.460435 0.986686 2.349154
10.525762 0.986521 2.357281
10.591089 0.986419 2.349875
10.656416 0.986379 2.358874
10.721743 0.986401 2.350610
10.787070 0.986486 2.358462
10.852397 0.986632 2.350589
10.917953 0.986839 2.350623
10.957607 0.986992 5.129660
10.965630 0.987026 12.554287
10.967922 0.987036 12.545447
10.969985 0.986834 14.017395
10.972048 0.983919 12.529678
10.974111 0.979353 13.999867
10.976174 0.974476 12.511500
10.978237 0.971621 13.973079
10.980300 0.970226 12.484075
10.982363 0.969273 13.942159
10.984426 0.968616 12.456453
10.986488 0.968120 13.914673
10.988552 0.967727 12.448746
10.990614 0.967501 13.922729
10.992678 0.967473 12.456918
10.994740 0.967530 13.931603
10.996803 0.967575 12.464488
10.998867 0.967523 13.935612
11.000929 0.967435 12.462863
11.002992 0.967371 13.932251
11.005055 0.967376 12.459952
11.007118 0.967518 13.928865
11.009181 0.967795 12.456942
11.011244 0.968177 13.926111
11.013307 0.968653 12.454895
11.015370 0.969218 13.923937
11.017433 0.969906 12.453054
11.019496 0.970805 13.926028
11.021559 0.972000 12.475383
11.023622 0.974336 13.971119
11.025685 0.979012 12.516927
11.027748 0.983676 14.017603
11.029811 0.986933 12.557691
11.031873 0.987336 14.047582
11.033937 0.987347 12.566226
11.035312 0.987354 28.101198
11.068319 0.987531 2.351503
11.133875 0.987925 2.351194
11.199202 0.988377 2.358734
11.264529 0.988888 2.350105
11.329856 0.989453 2.358317
11.395183 0.990068 2.349684
11.460739 0.990730 2.349304
11.526066 0.991429 2.357238
11.591393 0.992161 2.348234
11.656720 0.992919 2.356586
11.722047 0.993697 2.347859
11.787374 0.994491 2.355689
11.851058 0.995273 2.443608
11.918257 0.996101 2.348166
11.957912 0.996589 5.124551
11.965934 0.996687 12.549954
11.968226 0.996715 12.542202
11.970289 0.996246 14.003396
11.972352 0.992916 12.507792
11.974415 0.988187 13.964910
11.976478 0.983540 12.473424
11.978541 0.981462 13.928890
11.980604 0.980503 12.453148
11.982667 0.979841 13.917933
11.984730 0.979129 12.443812
11.986793 0.978487 13.907320
11.988856 0.977958 12.434547
11.990919 0.977609 13.899622
11.992982 0.977328 12.430735
11.995045 0.977025 13.896401
11.997108 0.976776 12.427766
11.999171 0.976641 13.892814
12.001234 0.976674 12.427021
12.003297 0.976791 13.898419
12.005360 0.976977 12.435279
12.007423 0.977219 13.907763
12.009486 0.977506 12.443705
12.011548 0.977982 13.915954
12.013612 0.978635 12.445568
12.015674 0.979397 13.912892
12.017737 0.980188 12.442622
12.019801 0.981034 13.909713
12.021863 0.982243 12.440872
12.023926 0.985045 13.926054
12.025989 0.989902 12.476535
12.028052 0.994473 13.972338
12.030115 0.997315 12.517956
12.032178 0.997485 14.018685
12.034241 0.997509 12.550390
12.068165 0.997887 2.346870
12.133721 0.998544 2.347046
12.199048 0.999092 2.354903
12.264375 0.999523 2.346464
12.329702 0.999827 2.354210
12.395029 0.999995 2.346860
12.460586 1.000019 2.346618
12.525913 0.999895 2.354683
12.591240 0.999620 2.346832
12.656567 0.999190 2.355665
12.721894 0.998605 2.347227
12.787221 0.997864 2.356433
12.852548 0.996966 2.348401
12.918104 0.995912 2.348233
12.957759 0.995201 5.139272
12.965781 0.995050 12.569726
12.968073 0.995007 12.559118
12.970136 0.994626 14.028419
12.972199 0.991444 12.530983
12.974262 0.986794 13.989575
12.976325 0.982072 12.494285
12.978388 0.979537 13.948524
12.980451 0.978092 12.457615
12.982514 0.976938 13.918693
12.984577 0.976049 12.448889
12.986640 0.975537 13.917830
12.988703 0.975195 12.447887
12.990766 0.974948 13.916538
12.992829 0.974722 12.447566
12.994891 0.974577 13.919258
12.996955 0.974648 12.452136
12.999017 0.974803 13.924620
13.001081 0.974954 12.456844
13.003143 0.974982 13.929362
13.005207 0.974936 12.457641
13.007269 0.974888 13.926067
13.009332 0.974920 12.454118
13.011395 0.975119 13.922242
13.013458 0.975405 12.450768
13.015522 0.975742 13.920755
13.017584 0.976243 12.453174
13.019647 0.977051 13.925442
13.021710 0.978314 12.457467
13.023773 0.981015 13.930357
13.025836 0.985872 12.465989
13.027899 0.990516 13.956024
13.029962 0.993515 12.499758
13.032025 0.993724 13.994306
13.034088 0.993680 12.534044
13.068012 0.992943 2.349582
13.133568 0.991416 2.350115
13.198895 0.989767 2.359536
13.264222 0.988001 2.351317
13.329550 0.986128 2.360025
13.394877 0.984189 2.351494
13.460433 0.982227 2.352950
13.525760 0.980272 2.361739
13.591087 0.978333 2.354150
13.656414 0.976424 2.362699
13.721741 0.974561 2.355842
13.787068 0.972757 2.364975
13.850065 0.971088 2.452747
13.917951 0.969383 2.356762
13.957606 0.968437 5.144250
13.965629 0.968251 12.593388
13.967921 0.968198 12.587328
13.969984 0.967931 14.067018
13.972047 0.964949 12.576383
13.974110 0.960321 14.051433
13.976173 0.955416 12.558478
13.978236 0.952580 14.029954
13.980299 0.951198 12.539044
13.982361 0.950269 14.008249
13.984425 0.949569 12.524628
13.986487 0.949014 14.004585
13.988550 0.948608 12.527587
13.990614 0.948358 14.007912
13.992676 0.948189 12.530334
13.994739 0.948043 14.010271
13.996802 0.947850 12.529801
13.998865 0.947531 14.007090
14.000928 0.947217 12.526896
14.002991 0.946998 14.003956
14.005054 0.947014 12.524145
14.007117 0.947200 14.003186
14.009180 0.947511 12.526404
14.011243 0.947897 14.006760
14.013306 0.948328 12.529702
14.015369 0.948927 14.010561
14.017432 0.949761 12.537440
14.019495 0.950787 14.029753
14.021558 0.951953 12.559717
14.023621 0.954175 14.054674
14.025684 0.958715 12.582090
14.027747 0.963283 14.078318
14.029810 0.966426 12.595917
14.031873 0.966775 14.086480
14.033936 0.966731 12.602551
14.035311 0.966701 28.185002
14.068318 0.966015 2.356729
14.133875 0.964747 2.357273
14.199202 0.963617 2.364357
14.264455 0.962628 2.365005
14.329856 0.961775 2.364742
14.395183 0.961066 2.356184
14.460739 0.960501 2.357221
14.526066 0.960087 2.365223
14.591394 0.959822 2.355489
14.656721 0.959709 2.364294
14.722048 0.959746 2.355623
