4.591114 0.999559 2.332720
4.656441 0.999128 2.341869
4.721767 0.998541 2.333817
4.787094 0.997799 2.342858
4.852421 0.996904 2.335766
4.917977 0.995853 2.336017
4.957631 0.995144 5.101383
4.965654 0.994994 12.488890
4.967946 0.994951 12.484797
4.970009 0.994674 13.952688
4.972072 0.991597 12.468650
4.974134 0.986980 13.927639
4.976197 0.982218 12.445909
4.978260 0.979482 13.902304
4.980323 0.977805 12.423765
4.982387 0.976370 13.885575
4.984449 0.975254 12.417922
4.986512 0.974920 13.881787
4.988575 0.974977 12.414627
4.990638 0.975143 13.878217
4.992701 0.975153 12.412318
4.994764 0.974887 13.877720
4.996827 0.974517 12.412765
4.998890 0.974172 13.877952
5.000953 0.973932 12.412924
5.003016 0.973921 13.878590
5.005079 0.974166 12.415356
5.007142 0.974584 13.883159
5.009205 0.975063 12.419616
5.011268 0.975468 13.887731
5.013330 0.975785 12.423597
5.015394 0.976180 13.894096
5.017456 0.976726 12.431579
5.019519 0.977512 13.903815
5.021582 0.978681 12.440371
5.023645 0.981074 13.913660
5.025708 0.985716 12.451206
5.027771 0.990278 13.931283
5.029834 0.993357 12.469877
5.031897 0.993674 13.952258
5.033960 0.993630 12.488725
5.035335 0.993601 27.939771
5.068342 0.992886 2.336891
5.133898 0.991362 2.339283
5.199225 0.989715 2.351334
5.264551 0.987948 2.344102
5.329878 0.986070 2.354228
5.395205 0.984124 2.346998
5.460761 0.982156 2.346299
5.526087 0.980196 2.356943
5.591414 0.978255 2.348542
5.656740 0.976349 2.357198
5.722067 0.974494 2.349216
5.787394 0.972703 2.357012
5.853064 0.970980 2.445290
5.918276 0.969356 2.349371
5.957931 0.968415 5.129743
5.965953 0.968229 12.556887
5.968245 0.968176 12.551057
5.970308 0.967621 14.026699
5.972371 0.964162 12.538333
5.974435 0.959325 14.002967
5.976497 0.954610 12.510557
5.978561 0.952383 13.971526
5.980623 0.951167 12.482504
5.982686 0.950125 13.941049
5.984749 0.949283 12.466134
5.986812 0.948648 13.936376
5.988875 0.948326 12.463877
5.990938 0.948180 13.933755
5.993001 0.948105 12.461635
5.995064 0.947993 13.930163
5.997127 0.947719 12.456592
5.999190 0.947139 13.923666
6.001253 0.946544 12.450626
6.003316 0.946121 13.916739
6.005379 0.946149 12.446142
6.007441 0.946650 13.918632
6.009504 0.947410 12.452600
6.011567 0.948221 13.926282
6.013630 0.948829 12.459474
6.015693 0.949167 13.933946
6.017756 0.949604 12.469013
6.019819 0.950305 13.948305
6.021882 0.951652 12.482523
6.023945 0.954649 13.963516
6.026008 0.959530 12.496222
6.028071 0.963970 13.983068
6.030134 0.966667 12.520380
6.032197 0.966757 14.013392
6.034260 0.966713 12.547575
6.068184 0.966006 2.349707
6.133740 0.964733 2.350060
6.199066 0.963591 2.358688
6.264393 0.962584 2.350344
6.329720 0.961717 2.358716
6.395046 0.960995 2.350479
6.460602 0.960421 2.349493
6.525929 0.960004 2.357249
6.591256 0.959742 2.349495
6.656582 0.959638 2.357878
6.721909 0.959690 2.348057
6.787236 0.959895 2.355793
6.852562 0.960251 2.347385
6.918118 0.960757 2.347092
6.957773 0.961134 5.124757
6.965795 0.961216 12.532011
6.968088 0.961240 12.508302
6.970150 0.960924 13.960871
6.972214 0.957829 12.465674
6.974277 0.953191 13.913242
6.976339 0.948488 12.435450
6.978402 0.946045 13.899976
6.980465 0.944898 12.429606
6.982528 0.943924 13.893522
6.984591 0.943033 12.423933
6.986654 0.942293 13.887214
6.988717 0.941776 12.418182
6.990780 0.941578 13.880571
6.992843 0.941564 12.412000
6.994906 0.941629 13.873560
6.996969 0.941672 12.406241
6.999032 0.941629 13.870210
7.001095 0.941536 12.406008
7.003158 0.941467 13.870512
7.005221 0.941475 12.406125
7.007284 0.941641 13.870386
7.009347 0.942023 12.406873
7.011410 0.942572 13.872753
7.013472 0.943212 12.409515
7.015535 0.943853 13.875821
7.017598 0.944212 12.412292
7.019661 0.944699 13.886948
7.021724 0.945739 12.444213
7.023787 0.948673 13.939170
7.025850 0.953855 12.490936
7.027913 0.958714 13.991424
7.029976 0.961708 12.534934
7.032039 0.961977 14.020447
7.034102 0.962003 12.542706
7.068026 0.962448 2.345114
7.133582 0.963409 2.343282
7.198909 0.964495 2.350208
7.264235 0.965708 2.338472
7.329562 0.967040 2.344858
7.394889 0.968487 2.335805
7.460445 0.970046 2.333403
7.525772 0.971698 2.340505
7.591098 0.973437 2.332713
7.656425 0.975255 2.338710
7.721752 0.977134 2.329976
7.787079 0.979059 2.338958
7.852061 0.981000 2.425893
7.917961 0.982979 2.329686
7.957616 0.984167 5.091678
7.965638 0.984406 12.450755
7.967930 0.984474 12.441416
7.969993 0.984317 13.898188
7.972056 0.981396 12.420462
7.974120 0.976679 13.874855
7.976182 0.971757 12.399677
7.978245 0.969285 13.853094
7.980308 0.968523 12.387227
7.982371 0.968098 13.845829
7.984434 0.967442 12.380968
7.986497 0.966734 13.838912
7.988560 0.966132 12.374962
7.990623 0.965735 13.833802
7.992686 0.965575 12.372231
7.994749 0.965527 13.831234
7.996812 0.965545 12.369695
7.998875 0.965602 13.828300
8.000938 0.965661 12.368516
8.003000 0.965592 13.830473
8.005064 0.965499 12.372239
8.007127 0.965482 13.834739
8.009189 0.965684 12.375900
8.011253 0.966158 13.838759
8.013315 0.966827 12.380445
8.015379 0.967612 13.844874
8.017441 0.968456 12.386071
8.019504 0.969300 13.851279
8.021567 0.970475 12.392130
8.023630 0.972983 13.863297
8.025693 0.977867 12.409089
8.027756 0.982680 13.884318
8.029819 0.985926 12.427979
8.031882 0.986359 13.905537
8.033945 0.986419 12.443405
8.035320 0.986458 27.826299
8.068327 0.987394 2.328561
8.133883 0.989167 2.329392
8.199210 0.990815 2.337250
8.264537 0.992335 2.329906
8.329864 0.993721 2.337381
8.395190 0.994967 2.329931
8.460746 0.996073 2.332357
8.526073 0.997028 2.339153
8.591400 0.997833 2.330024
8.656727 0.998487 2.338912
8.722054 0.998987 2.331667
8.787380 0.999335 2.341891
8.852707 0.999533 2.335316
8.918263 0.999583 2.339956
8.957918 0.999543 5.107264
8.965940 0.999528 12.490745
8.968233 0.999524 12.483714
8.970295 0.999041 13.948732
8.972358 0.995793 12.462375
8.974422 0.991100 13.917508
8.976484 0.986403 12.434056
8.978547 0.984091 13.885926
8.980610 0.982969 12.406387
8.982673 0.982203 13.864450
8.984736 0.981609 12.398072
8.986799 0.980830 13.858298
8.988862 0.980017 12.392450
8.990925 0.979309 13.852116
8.992988 0.978890 12.388991
8.995051 0.978900 13.853313
8.997114 0.979318 12.392615
8.999177 0.979841 13.857232
9.001240 0.980264 12.395887
9.003303 0.980329 13.860982
9.005366 0.980242 12.399916
9.007428 0.980134 13.866164
9.009492 0.980116 12.404686
9.011554 0.980334 13.871569
9.013617 0.980787 12.409413
9.015681 0.981381 13.878401
9.017743 0.982125 12.417653
9.019806 0.982969 13.888370
9.021869 0.984065 12.426669
9.023932 0.986807 13.898561
9.025995 0.991658 12.440972
9.028058 0.996323 13.927391
9.030121 0.999195 12.473123
9.032184 0.999331 13.963395
9.034247 0.999322 12.505388
9.068171 0.999166 2.341121
9.133727 0.998769 2.341087
9.199054 0.998256 2.350970
9.264381 0.997638 2.343679
9.329708 0.996926 2.363760
9.395034 0.996162 2.343227
9.460590 0.995388 2.344246
9.525917 0.994618 2.351916
9.591244 0.993853 2.345064
9.656571 0.993101 2.352905
9.721898 0.992366 2.344364
9.787225 0.991655 2.352800
9.851558 0.990979 2.440964
9.918108 0.990309 2.345271
9.957762 0.989928 5.122033
9.965785 0.989852 12.533732
9.968077 0.989831 12.526311
9.970140 0.989473 13.997431
9.972203 0.986360 12.512372
9.974266 0.981747 13.976597
9.976329 0.977044 12.488771
9.978392 0.974570 13.949146
9.980455 0.973363 12.464258
9.982518 0.972510 13.921826
9.984581 0.971867 12.445490
9.986643 0.971360 13.910309
9.988706 0.970873 12.437957
9.990769 0.970423 13.901626
9.992832 0.970044 12.430071
9.994895 0.969791 13.894158
9.996958 0.969682 12.426836
9.999021 0.969707 13.893146
10.001084 0.969805 12.426026
10.003147 0.969936 13.892109
10.005210 0.970044 12.425316
10.007273 0.969958 13.894559
10.009336 0.969775 12.430529
10.011399 0.969681 13.901004
10.013462 0.969885 12.436394
10.015525 0.970739 13.907632
10.017588 0.971913 12.450167
10.019651 0.973254 13.936290
10.021714 0.974527 12.479859
10.023777 0.976917 13.969561
10.025840 0.981491 12.509684
10.027902 0.986019 13.999278
10.029965 0.989016 12.526280
10.032028 0.989251 14.010153
10.034091 0.989233 12.535887
10.068016 0.988943 2.346014
10.133572 0.988419 2.346746
10.198898 0.987947 2.355828
10.264225 0.987530 2.348226
10.329552 0.987169 2.356669
10.394879 0.986869 2.348126
10.460435 0.986629 2.349154
10.525762 0.986453 2.357281
10.591089 0.986342 2.349875
10.656416 0.986296 2.358874
10.721743 0.986314 2.350610
10.787070 0.986396 2.358462
10.852397 0.986541 2.350589
10.917953 0.986750 2.350623
10.957607 0.986907 5.129660
10.965630 0.986942 12.554287
10.967922 0.986952 12.545447
10.969985 0.986740 14.017395
10.972048 0.983827 12.529678
10.974111 0.979353 13.999867
10.976174 0.974647 12.511500
10.978237 0.971997 13.973079
10.980300 0.970704 12.484075
10.982363 0.969794 13.942159
10.984426 0.969130 12.456453
10.986488 0.968619 13.914673
10.988552 0.968221 12.448746
10.990614 0.967919 13.922729
10.992678 0.967696 12.456918
10.994740 0.967544 13.931603
10.996803 0.967447 12.464488
10.998867 0.967404 13.935612
11.000929 0.967445 12.462863
11.002992 0.967550 13.932251
11.005055 0.967707 12.459952
11.007118 0.967894 13.928865
11.009181 0.968080 12.456942
11.011244 0.968279 13.926111
11.013307 0.968569 12.454895
11.015370 0.969022 13.923937
11.017433 0.969769 12.453054
11.019496 0.970746 13.926028
11.021559 0.971974 12.475383
11.023622 0.974239 13.971119
11.025685 0.978866 12.516927
11.027748 0.983528 14.017603
11.029811 0.986852 12.557691
11.031873 0.987265 14.047582
11.033937 0.987276 12.566226
11.035312 0.987283 28.101198
11.068319 0.987470 2.351503
11.133875 0.987886 2.351194
11.199202 0.988364 2.358734
11.264529 0.988901 2.350105
11.329856 0.989490 2.358317
11.395183 0.990124 2.349684
11.460739 0.990800 2.349304
11.526066 0.991505 2.357238
11.591393 0.992233 2.348234
11.656720 0.992982 2.356586
11.722047 0.993746 2.347859
11.787374 0.994523 2.355689
11.851058 0.995288 2.443608
11.918257 0.996098 2.348166
11.957912 0.996575 5.124551
11.965934 0.996671 12.549954
11.968226 0.996699 12.542202
11.970289 0.996207 14.003396
11.972352 0.992841 12.507792
11.974415 0.988204 13.964910
11.976478 0.983612 12.473424
11.978541 0.981355 13.928890
11.980604 0.979988 12.453148
11.982667 0.978976 13.917933
11.984730 0.978494 12.443812
11.986793 0.978283 13.907320
11.988856 0.978177 12.434547
11.990919 0.978017 13.899622
11.992982 0.977779 12.430735
11.995045 0.977564 13.896401
11.997108 0.977403 12.427766
11.999171 0.977326 13.892814
12.001234 0.977357 12.427021
12.003297 0.977444 13.898419
12.005360 0.977590 12.435279
12.007423 0.977793 13.907763
12.009486 0.978063 12.443705
12.011548 0.978413 13.915954
12.013612 0.978861 12.445568
12.015674 0.979425 13.912892
12.017737 0.980146 12.442622
12.019801 0.981107 13.909713
12.021863 0.982424 12.440872
12.023926 0.985221 13.926054
12.025989 0.989971 12.476535
12.028052 0.994451 13.972338
12.030115 0.997283 12.517956
12.032178 0.997454 14.018685
12.034241 0.997477 12.550390
12.068165 0.997849 2.346870
