10.460435 0.986665 2.349154
10.525762 0.986508 2.357281
10.591089 0.986415 2.349875
10.656416 0.986386 2.358874
10.721743 0.986420 2.350610
10.787070 0.986513 2.358462
10.852397 0.986663 2.350589
10.917953 0.986870 2.350623
10.957607 0.987022 5.129660
10.965630 0.987055 12.554287
10.967922 0.987065 12.545447
10.969985 0.986870 14.017395
10.972048 0.984006 12.529678
10.974111 0.979496 13.999867
10.976174 0.974643 12.511500
10.978237 0.971758 13.973079
10.980300 0.970336 12.484075
10.982363 0.969420 13.942159
10.984426 0.968862 12.456453
10.986488 0.968468 13.914673
10.988552 0.968139 12.448746
10.990614 0.967781 13.922729
10.992678 0.967434 12.456918
10.994740 0.967151 13.931603
10.996803 0.966965 12.464488
10.998867 0.966923 13.935612
11.000929 0.967013 12.462863
11.002992 0.967185 13.932251
11.005055 0.967403 12.459952
11.007118 0.967611 13.928865
11.009181 0.967785 12.456942
11.011244 0.967956 13.926111
11.013307 0.968220 12.454895
11.015370 0.968665 13.923937
11.017433 0.969491 12.453054
11.019496 0.970574 13.926028
11.021559 0.971918 12.475383
11.023622 0.974280 13.971119
11.025685 0.978957 12.516927
11.027748 0.983644 14.017603
11.029811 0.986950 12.557691
11.031873 0.987360 14.047582
11.033937 0.987370 12.566226
11.035312 0.987377 28.101198
11.068319 0.987550 2.351503
11.133875 0.987932 2.351194
11.199202 0.988374 2.358734
11.264529 0.988876 2.350105
11.329856 0.989435 2.358317
11.395183 0.990048 2.349684
11.460739 0.990710 2.349304
11.526066 0.991413 2.357238
11.591393 0.992151 2.348234
11.656720 0.992915 2.356586
11.722047 0.993697 2.347859
11.787374 0.994493 2.355689
11.851058 0.995276 2.443608
11.918257 0.996102 2.348166
11.957912 0.996588 5.124551
11.965934 0.996686 12.549954
11.968226 0.996714 12.542202
11.970289 0.996258 14.003396
11.972352 0.992981 12.507792
11.974415 0.988272 13.964910
11.976478 0.983659 12.473424
11.978541 0.981681 13.928890
11.980604 0.980896 12.453148
11.982667 0.980381 13.917933
11.984730 0.979621 12.443812
11.986793 0.978866 13.907320
11.988856 0.978226 12.434547
11.990919 0.977828 13.899622
11.992982 0.977529 12.430735
11.995045 0.977181 13.896401
11.997108 0.976883 12.427766
11.999171 0.976716 13.892814
12.001234 0.976756 12.427021
12.003297 0.976953 13.898419
12.005360 0.977245 12.435279
12.007423 0.977579 13.907763
12.009486 0.977891 12.443705
12.011548 0.978176 13.915954
12.013612 0.978513 12.445568
12.015674 0.978974 13.912892
12.017737 0.979667 12.442622
12.019801 0.980699 13.909713
12.021863 0.982098 12.440872
12.023926 0.984985 13.926054
12.025989 0.989833 12.476535
12.028052 0.994406 13.972338
12.030115 0.997304 12.517956
12.032178 0.997479 14.018685
12.034241 0.997502 12.550390
12.068165 0.997878 2.346870
12.133721 0.998533 2.347046
12.199048 0.999080 2.354903
12.264375 0.999512 2.346464
12.329702 0.999817 2.354210
12.395029 0.999987 2.346860
12.460586 1.000013 2.346618
12.525913 0.999890 2.354683
12.591240 0.999614 2.346832
12.656567 0.999182 2.355665
12.721894 0.998594 2.347227
12.787221 0.997850 2.356433
12.852548 0.996952 2.348401
12.918104 0.995899 2.348233
12.957759 0.995190 5.139272
12.965781 0.995039 12.569726
12.968073 0.994996 12.559118
12.970136 0.994611 14.028419
12.972199 0.991377 12.530983
12.974262 0.986663 13.989575
12.976325 0.981883 12.494285
12.978388 0.979408 13.948524
12.980451 0.978177 12.457615
12.982514 0.977262 13.918693
12.984577 0.976555 12.448889
12.986640 0.975966 13.917830
12.988703 0.975470 12.447887
12.990766 0.975068 13.916538
12.992829 0.974763 12.447566
12.994891 0.974671 13.919258
12.996955 0.974918 12.452136
12.999017 0.975268 13.924620
13.001081 0.975569 12.456844
13.003143 0.975608 13.929362
13.005207 0.975473 12.457641
13.007269 0.975290 13.926067
13.009332 0.975191 12.454118
13.011395 0.975330 13.922242
13.013458 0.975587 12.450768
13.015522 0.975876 13.920755
13.017584 0.976329 12.453174
13.019647 0.977141 13.925442
13.021710 0.978469 12.457467
13.023773 0.981155 13.930357
13.025836 0.985959 12.465989
13.027899 0.990518 13.956024
13.029962 0.993500 12.499758
13.032025 0.993718 13.994306
13.034088 0.993674 12.534044
13.068012 0.992939 2.349582
13.133568 0.991416 2.350115
13.198895 0.989769 2.359536
13.264222 0.988002 2.351317
13.329550 0.986125 2.360025
13.394877 0.984177 2.351494
13.460433 0.982206 2.352950
13.525760 0.980243 2.361739
13.591087 0.978297 2.354150
13.656414 0.976384 2.362699
13.721741 0.974520 2.355842
13.787068 0.972720 2.364975
13.850065 0.971059 2.452747
13.917951 0.969363 2.356762
13.957606 0.968423 5.144250
13.965629 0.968237 12.593388
13.967921 0.968185 12.587328
13.969984 0.967923 14.067018
13.972047 0.964910 12.576383
13.974110 0.960271 14.051433
13.976173 0.955453 12.558478
13.978236 0.952752 14.029954
13.980299 0.951415 12.539044
13.982361 0.950298 14.008249
13.984425 0.949383 12.524628
13.986487 0.948678 14.004585
13.988550 0.948281 12.527587
13.990614 0.948055 14.007912
13.992676 0.947913 12.530334
13.994739 0.947784 14.010271
13.996802 0.947625 12.529801
13.998865 0.947532 14.007090
14.000928 0.947495 12.526896
14.002991 0.947511 14.003956
14.005054 0.947575 12.524145
14.007117 0.947672 14.003186
14.009180 0.947816 12.526404
14.011243 0.948035 14.006760
14.013306 0.948369 12.529702
14.015369 0.949064 14.010561
14.017432 0.950055 12.537440
14.019495 0.951224 14.029753
14.021558 0.952376 12.559717
14.023621 0.954456 14.054674
14.025684 0.958842 12.582090
14.027747 0.963316 14.078318
14.029810 0.966425 12.595917
14.031873 0.966771 14.086480
14.033936 0.966727 12.602551
14.035311 0.966698 28.185002
14.068318 0.966016 2.356729
14.133875 0.964755 2.357273
14.199202 0.963630 2.364357
14.264455 0.962644 2.365005
14.329856 0.961792 2.364742
14.395183 0.961083 2.356184
14.460739 0.960519 2.357221
14.526066 0.960105 2.365223
14.591394 0.959841 2.355489
14.656721 0.959729 2.364294
14.722048 0.959766 2.355623
14.787375 0.959949 2.362547
14.852702 0.960276 2.354184
14.918258 0.960749 2.354379
14.957913 0.961103 5.139929
14.965936 0.961182 12.585305
14.968228 0.961204 12.571703
14.970291 0.960760 14.041830
14.972354 0.957590 12.547125
14.974417 0.953043 14.014437
14.976480 0.948425 12.523438
14.978543 0.946079 13.989895
14.980606 0.944816 12.502420
14.982668 0.943892 13.966143
14.984732 0.943176 12.480987
14.986795 0.942611 13.944356
14.988858 0.942197 12.472311
14.990920 0.941952 13.945338
14.992983 0.941817 12.473922
14.995047 0.941751 13.947086
14.997109 0.941712 12.475269
14.999173 0.941659 13.948922
15.001235 0.941523 12.477515
15.003298 0.941403 13.951704
15.005361 0.941374 12.480105
15.007424 0.941542 13.954703
15.009487 0.941905 12.480587
15.011550 0.942406 13.949840
15.013613 0.942997 12.473698
15.015676 0.943633 13.942249
15.017739 0.944359 12.467009
15.019802 0.945311 13.939564
15.021865 0.946617 12.488348
15.023928 0.949463 13.986541
15.025991 0.954305 12.531517
15.028054 0.958870 14.034802
15.030117 0.961735 12.573777
15.032180 0.961905 14.064840
15.034243 0.961930 12.580605
15.068167 0.962357 2.352123
15.133723 0.963283 2.352519
15.199050 0.964347 2.359613
15.264378 0.965548 2.351331
15.329705 0.966879 2.358374
15.395032 0.968333 2.349812
15.460588 0.969906 2.348565
15.525916 0.971575 2.356737
15.591243 0.973333 2.347957
15.656570 0.975163 2.355354
15.721897 0.977049 2.347962
15.787224 0.978975 2.355663
15.852551 0.980926 2.346865
15.920591 0.982965 2.442926
15.957763 0.984076 5.125630
15.965785 0.984315 12.545764
15.968077 0.984383 12.539010
15.970140 0.984104 14.002247
15.972203 0.980995 12.508199
15.974266 0.976236 13.966878
15.976329 0.971414 12.476541
15.978392 0.969164 13.932303
15.980455 0.968407 12.455742
15.982518 0.967954 13.921883
15.984581 0.967393 12.448464
15.986644 0.966902 13.913509
15.988707 0.966521 12.440800
15.990770 0.966254 13.905924
15.992833 0.966026 12.435573
15.994896 0.965779 13.900917
15.996959 0.965579 12.431197
15.999022 0.965480 13.895969
16.001085 0.965538 12.427524
16.003148 0.965592 13.895748
16.005211 0.965681 12.430165
16.007274 0.965835 13.899001
16.009337 0.966111 12.433177
16.011400 0.966529 13.902488
16.013463 0.967075 12.436334
16.015526 0.967735 13.906003
16.017588 0.968489 12.439533
16.019652 0.969312 13.909695
16.021714 0.970480 12.442939
16.023778 0.973143 13.925297
16.025840 0.978086 12.475713
16.027904 0.982853 13.970996
16.029966 0.985952 12.516349
16.032029 0.986265 14.016435
16.034092 0.986324 12.551259
16.068017 0.987286 2.346294
16.133573 0.989063 2.346703
16.198900 0.990718 2.354888
16.264227 0.992249 2.346584
16.329555 0.993649 2.355157
16.394882 0.994911 2.346962
16.460438 0.996035 2.346228
16.525765 0.997008 2.355546
16.591093 0.997830 2.347575
16.656420 0.998498 2.355548
16.721747 0.999012 2.348390
16.787074 0.999371 2.357216
16.852402 0.999577 2.348570
16.917958 0.999633 2.348842
16.957613 0.999595 5.128615
16.965636 0.999581 12.564982
16.967928 0.999576 12.566155
16.969991 0.999351 14.046433
16.972054 0.996385 12.543406
16.974117 0.991709 14.000090
16.976180 0.986781 12.500481
16.978243 0.984010 13.951759
16.980305 0.982855 12.457671
16.982368 0.982125 13.925524
16.984431 0.981578 12.452800
16.986494 0.980892 13.919837
16.988557 0.980170 12.447746
16.990620 0.979537 13.913952
16.992683 0.979112 12.442644
16.994746 0.979040 13.910757
16.996809 0.979375 12.442063
16.998872 0.979839 13.910596
17.000935 0.980250 12.442022
17.002998 0.980346 13.910495
17.005061 0.980412 12.442969
17.007124 0.980514 13.913597
17.009187 0.980685 12.446484
17.011250 0.980954 13.917643
17.013313 0.981272 12.450205
17.015376 0.981636 13.926523
17.017439 0.982152 12.470374
17.019502 0.982912 13.958025
17.021565 0.984059 12.498536
17.023628 0.986442 13.989590
17.025691 0.991147 12.526237
17.027754 0.995832 14.016265
17.029817 0.999013 12.546194
17.031880 0.999383 14.037654
17.033943 0.999375 12.565140
17.035318 0.999369 28.110690
17.068325 0.999216 2.349425
17.133882 0.998814 2.350784
17.199209 0.998295 2.358635
17.264536 0.997669 2.350484
17.329864 0.996947 2.358931
17.395191 0.996172 2.351027
17.460518 0.995390 2.359329
17.525846 0.994605 2.351877
17.591402 0.993824 2.351384
17.656729 0.993056 2.360044
17.722057 0.992306 2.352710
17.787384 0.991579 2.360653
17.852711 0.990881 2.353186
17.919867 0.990201 2.459003
17.957693 0.989836 5.052454
