3.525947 0.991440 2.349101
3.591274 0.992154 2.340051
3.656600 0.992899 2.346731
3.721927 0.993671 2.339289
3.787253 0.994463 2.344589
3.853573 0.995279 2.433125
3.918136 0.996080 2.335748
3.957790 0.996572 5.097166
3.965813 0.996672 12.478685
3.968105 0.996700 12.471314
3.970168 0.996354 13.932526
3.972231 0.993194 12.451991
3.974294 0.988553 13.911019
3.976357 0.983908 12.432841
3.978420 0.981799 13.892117
3.980483 0.980970 12.422415
3.982546 0.980431 13.885291
3.984608 0.979602 12.416401
3.986671 0.978706 13.878680
3.988734 0.977920 12.409972
3.990798 0.977435 13.867118
3.992860 0.977225 12.395525
3.994923 0.977089 13.849999
3.996986 0.977014 12.380153
3.999049 0.976993 13.832917
4.001112 0.977022 12.374468
4.003175 0.977121 13.842595
4.005238 0.977285 12.387939
4.007301 0.977506 13.857457
4.009364 0.977783 12.401015
4.011427 0.978107 13.871189
4.013490 0.978510 12.410926
4.015553 0.979030 13.880539
4.017616 0.979736 12.419389
4.019678 0.980722 13.890017
4.021741 0.982069 12.428363
4.023805 0.984817 13.905171
4.025867 0.989629 12.446738
4.027930 0.994234 13.926629
4.029993 0.997222 12.466019
4.032056 0.997477 13.948283
4.034119 0.997501 12.480399
4.068043 0.997883 2.335581
4.133599 0.998545 2.334653
4.198925 0.999098 2.341676
4.264252 0.999532 2.333758
4.329579 0.999838 2.341778
4.394905 1.000008 2.333456
4.460461 1.000035 2.333207
4.525788 0.999912 2.341363
4.591114 0.999636 2.332720
4.656441 0.999202 2.341869
4.721767 0.998610 2.333817
4.787094 0.997860 2.342858
4.852421 0.996951 2.335766
4.917977 0.995884 2.336017
4.957631 0.995165 5.101383
4.965654 0.995013 12.488890
4.967946 0.994969 12.484797
4.970009 0.994696 13.952688
4.972072 0.991677 12.468650
4.974134 0.987036 13.927639
4.976197 0.982193 12.445909
4.978260 0.979454 13.902304
4.980323 0.978094 12.423765
4.982387 0.977086 13.885575
4.984449 0.976309 12.417922
4.986512 0.975772 13.881787
4.988575 0.975390 12.414627
4.990638 0.975106 13.878217
4.992701 0.974863 12.412318
4.994764 0.974742 13.877720
4.996827 0.974949 12.412765
4.998890 0.975268 13.877952
5.000953 0.975553 12.412924
5.003016 0.975599 13.878590
5.005079 0.975391 12.415356
5.007142 0.975066 13.883159
5.009205 0.974823 12.419616
5.011268 0.974878 13.887731
5.013330 0.975248 12.423597
5.015394 0.975737 13.894096
5.017456 0.976379 12.431579
5.019519 0.977234 13.903815
5.021582 0.978436 12.440371
5.023645 0.980873 13.913660
5.025708 0.985591 12.451206
5.027771 0.990222 13.931283
5.029834 0.993351 12.469877
5.031897 0.993676 13.952258
5.033960 0.993632 12.488725
5.035335 0.993603 27.939771
5.068342 0.992879 2.336891
5.133898 0.991341 2.339283
5.199225 0.989681 2.351334
5.264551 0.987904 2.344102
5.329878 0.986018 2.354228
5.395205 0.984066 2.346998
5.460761 0.982093 2.346299
5.526087 0.980128 2.356943
5.591414 0.978182 2.348542
5.656740 0.976271 2.357198
5.722067 0.974411 2.349216
5.787394 0.972615 2.357012
5.853064 0.970889 2.445290
5.918276 0.969266 2.349371
5.957931 0.968329 5.129743
5.965953 0.968144 12.556887
5.968245 0.968091 12.551057
5.970308 0.967542 14.026699
5.972371 0.964157 12.538333
5.974435 0.959356 14.002967
5.976497 0.954583 12.510557
5.978561 0.952226 13.971526
5.980623 0.951006 12.482504
5.982686 0.950150 13.941049
5.984749 0.949502 12.466134
5.986812 0.948978 13.936376
5.988875 0.948521 12.463877
5.990938 0.948149 13.933755
5.993001 0.947851 12.461635
5.995064 0.947631 13.930163
5.997127 0.947465 12.456592
5.999190 0.947309 13.923666
6.001253 0.947201 12.450626
6.003316 0.947160 13.916739
6.005379 0.947228 12.446142
6.007441 0.947414 13.918632
6.009504 0.947698 12.452600
6.011567 0.948057 13.926282
6.013630 0.948472 12.459474
6.015693 0.949216 13.933946
6.017756 0.950207 12.469013
6.019819 0.951358 13.948305
6.021882 0.952427 12.482523
6.023945 0.954881 13.963516
6.026008 0.959382 12.496222
6.028071 0.963808 13.983068
6.030134 0.966590 12.520380
6.032197 0.966683 14.013392
6.034260 0.966639 12.547575
6.068184 0.965940 2.349707
6.133740 0.964687 2.350060
6.199066 0.963571 2.358688
6.264393 0.962595 2.350344
6.329720 0.961758 2.358716
6.395046 0.961064 2.350479
6.460602 0.960513 2.349493
6.525929 0.960111 2.357249
6.591256 0.959855 2.349495
6.656582 0.959746 2.357878
6.721909 0.959782 2.348057
6.787236 0.959963 2.355793
6.852562 0.960290 2.347385
6.918118 0.960765 2.347092
6.957773 0.961123 5.124757
6.965795 0.961202 12.532011
6.968088 0.961225 12.508302
6.970150 0.960895 13.960871
6.972214 0.957910 12.465674
6.974277 0.953531 13.913242
6.976339 0.948891 12.435450
6.978402 0.946320 13.899976
6.980465 0.944883 12.429606
6.982528 0.943892 13.893522
6.984591 0.943184 12.423933
6.986654 0.942628 13.887214
6.988717 0.942212 12.418182
6.990780 0.941913 13.880571
6.992843 0.941681 12.412000
6.994906 0.941519 13.873560
6.996969 0.941422 12.406241
6.999032 0.941398 13.870210
7.001095 0.941480 12.406008
7.003158 0.941631 13.870512
7.005221 0.941831 12.406125
7.007284 0.942043 13.870386
7.009347 0.942299 12.406873
7.011410 0.942621 13.872753
7.013472 0.943039 12.409515
7.015535 0.943580 13.875821
7.017598 0.944246 12.412292
7.019661 0.945119 13.886948
7.021724 0.946373 12.444213
7.023787 0.949096 13.939170
7.025850 0.953973 12.490936
7.027913 0.958643 13.991424
7.029976 0.961668 12.534934
7.032039 0.961937 14.020447
7.034102 0.961962 12.542706
7.068026 0.962397 2.345114
7.133582 0.963343 2.343282
7.198909 0.964426 2.350208
7.264235 0.965642 2.338472
7.329562 0.966984 2.344858
7.394889 0.968441 2.335805
7.460445 0.970009 2.333403
7.525772 0.971666 2.340505
7.591098 0.973405 2.332713
7.656425 0.975216 2.338710
7.721752 0.977087 2.329976
7.787079 0.979003 2.338958
7.852061 0.980939 2.425893
7.917961 0.982916 2.329686
7.957616 0.984105 5.091678
7.965638 0.984345 12.450755
7.967930 0.984414 12.441416
7.969993 0.984248 13.898188
7.972056 0.981310 12.420462
7.974120 0.976802 13.874855
7.976182 0.972111 12.399677
7.978245 0.969533 13.853094
7.980308 0.968315 12.387227
7.982371 0.967445 13.845829
7.984434 0.967006 12.380968
7.986497 0.966886 13.838912
7.988560 0.966888 12.374962
7.990623 0.966833 13.833802
7.992686 0.966548 12.372231
7.994749 0.966109 13.831234
7.996812 0.965692 12.369695
7.998875 0.965427 13.828300
8.000938 0.965471 12.368516
8.003000 0.965542 13.830473
8.005064 0.965650 12.372239
8.007127 0.965821 13.834739
8.009189 0.966097 12.375900
8.011253 0.966466 13.838759
8.013315 0.966922 12.380445
8.015379 0.967492 13.844874
8.017441 0.968229 12.386071
8.019504 0.969224 13.851279
8.021567 0.970564 12.392130
8.023630 0.973109 13.863297
8.025693 0.977906 12.409089
8.027756 0.982630 13.884318
8.029819 0.985869 12.427979
8.031882 0.986309 13.905537
8.033945 0.986369 12.443405
8.035320 0.986409 27.826299
8.068327 0.987351 2.328561
8.133883 0.989141 2.329392
8.199210 0.990807 2.337250
8.264537 0.992346 2.329906
8.329864 0.993751 2.337381
8.395190 0.995013 2.329931
8.460746 0.996131 2.332357
8.526073 0.997093 2.339153
8.591400 0.997900 2.330024
8.656727 0.998549 2.338912
8.722054 0.999041 2.331667
8.787380 0.999378 2.341891
8.852707 0.999560 2.335316
8.918263 0.999594 2.339956
8.957918 0.999545 5.107264
8.965940 0.999529 12.490745
8.968233 0.999524 12.483714
8.970295 0.999032 13.948732
8.972358 0.995736 12.462375
8.974422 0.991048 13.917508
8.976484 0.986390 12.434056
8.978547 0.984044 13.885926
8.980610 0.982688 12.406387
8.982673 0.981639 13.864450
8.984736 0.980844 12.398072
8.986799 0.980447 13.858298
8.988862 0.980233 12.392450
8.990925 0.980108 13.852116
8.992988 0.979954 12.388991
8.995051 0.979770 13.853313
8.997114 0.979622 12.392615
8.999177 0.979525 13.857232
9.001240 0.979494 12.395887
9.003303 0.979551 13.860982
9.005366 0.979920 12.399916
9.007428 0.980453 13.866164
9.009492 0.981026 12.404686
9.011554 0.981460 13.871569
9.013617 0.981645 12.409413
9.015681 0.981827 13.878401
9.017743 0.982183 12.417653
9.019806 0.982917 13.888370
9.021869 0.984155 12.426669
9.023932 0.986958 13.898561
9.025995 0.991783 12.440972
9.028058 0.996345 13.927391
9.030121 0.999181 12.473123
9.032184 0.999318 13.963395
9.034247 0.999309 12.505388
9.068171 0.999147 2.341121
9.133727 0.998742 2.341087
9.199054 0.998223 2.350970
9.264381 0.997600 2.343679
9.329708 0.996886 2.363760
9.395034 0.996121 2.343227
9.460590 0.995346 2.344246
9.525917 0.994574 2.351916
9.591244 0.993807 2.345064
9.656571 0.993053 2.352905
9.721898 0.992318 2.344364
9.787225 0.991606 2.352800
9.851558 0.990932 2.440964
9.918108 0.990270 2.345271
9.957762 0.989894 5.122033
9.965785 0.989819 12.533732
9.968077 0.989798 12.526311
9.970140 0.989435 13.997431
9.972203 0.986276 12.512372
9.974266 0.981583 13.976597
9.976329 0.976774 12.488771
9.978392 0.974222 13.949146
9.980455 0.972979 12.464258
9.982518 0.972134 13.921826
9.984581 0.971506 12.445490
9.986643 0.971007 13.910309
9.988706 0.970594 12.437957
9.990769 0.970285 13.901626
9.992832 0.970050 12.430071
9.994895 0.969875 13.894158
9.996958 0.969713 12.426836
9.999021 0.969469 13.893146
10.001084 0.969249 12.426026
10.003147 0.969119 13.892109
10.005210 0.969188 12.425316
10.007273 0.969461 13.894559
10.009336 0.969887 12.430529
10.011399 0.970383 13.901004
10.013462 0.970876 12.436394
10.015525 0.971359 13.907632
10.017588 0.971985 12.450167
10.019651 0.972837 13.936290
10.021714 0.974233 12.479859
10.023777 0.976992 13.969561
10.025840 0.981745 12.509684
10.027902 0.986165 13.999278
10.029965 0.988998 12.526280
10.032028 0.989230 14.010153
10.034091 0.989213 12.535887
10.068016 0.988930 2.346014
10.133572 0.988420 2.346746
10.198898 0.987963 2.355828
10.264225 0.987559 2.348226
10.329552 0.987207 2.356669
10.394879 0.986910 2.348126
10.460435 0.986671 2.349154
10.525762 0.986496 2.357281
10.591089 0.986386 2.349875
10.656416 0.986344 2.358874
10.721743 0.986371 2.350610
10.787070 0.986466 2.358462
10.852397 0.986626 2.350589
10.917953 0.986850 2.350623
10.957607 0.987014 5.129660
10.965630 0.987050 12.554287
10.967922 0.987060 12.545447
10.969985 0.986867 14.017395
10.972048 0.983962 12.529678
10.974111 0.979362 13.999867
10.976174 0.974524 12.511500
10.978237 0.971753 13.973079
10.980300 0.970498 12.484075
10.982363 0.969610 13.942159
10.984426 0.968951 12.456453
10.986488 0.968450 13.914673
10.988552 0.968056 12.448746
10.990614 0.967728 13.922729
10.992678 0.967454 12.456918
10.994740 0.967249 13.931603
10.996803 0.967116 12.464488
10.998867 0.967073 13.935612
11.000929 0.967139 12.462863
11.002992 0.967278 13.932251
11.005055 0.967466 12.459952
11.007118 0.967666 13.928865
11.009181 0.967922 12.456942
11.011244 0.968263 13.926111
11.013307 0.968697 12.454895
11.015370 0.969233 13.923937
11.017433 0.969793 12.453054
11.019496 0.970520 13.926028
11.021559 0.971645 12.475383
11.023622 0.974164 13.971119
11.025685 0.979034 12.516927
