5.133898 0.991328 2.339283
5.199225 0.989686 2.351334
5.264551 0.987928 2.344102
5.329878 0.986065 2.354228
5.395205 0.984134 2.346998
5.460761 0.982178 2.346299
5.526087 0.980227 2.356943
5.591414 0.978289 2.348542
5.656740 0.976380 2.357198
5.722067 0.974515 2.349216
5.787394 0.972707 2.357012
5.853064 0.970965 2.445290
5.918276 0.969325 2.349371
5.957931 0.968376 5.129743
5.965953 0.968188 12.556887
5.968245 0.968135 12.551057
5.970308 0.967580 14.026699
5.972371 0.964218 12.538333
5.974435 0.959469 14.002967
5.976497 0.954771 12.510557
5.978561 0.952475 13.971526
5.980623 0.951359 12.482504
5.982686 0.950645 13.941049
5.984749 0.950139 12.466134
5.986812 0.949698 13.936376
5.988875 0.949120 12.463877
5.990938 0.948539 13.933755
5.993001 0.948036 12.461635
5.995064 0.947716 13.930163
5.997127 0.947497 12.456592
5.999190 0.947135 13.923666
6.001253 0.946791 12.450626
6.003316 0.946565 13.916739
6.005379 0.946614 12.446142
6.007441 0.946896 13.918632
6.009504 0.947326 12.452600
6.011567 0.947824 13.926282
6.013630 0.948299 12.459474
6.015693 0.948718 13.933946
6.017756 0.949265 12.469013
6.019819 0.950062 13.948305
6.021882 0.951372 12.482523
6.023945 0.954322 13.963516
6.026008 0.959251 12.496222
6.028071 0.963814 13.983068
6.030134 0.966611 12.520380
6.032197 0.966707 14.013392
6.034260 0.966663 12.547575
6.068184 0.965953 2.349707
6.133740 0.964678 2.350060
6.199066 0.963542 2.358688
6.264393 0.962545 2.350344
6.329720 0.961687 2.358716
6.395046 0.960974 2.350479
6.460602 0.960407 2.349493
6.525929 0.959992 2.357249
6.591256 0.959731 2.349495
6.656582 0.959623 2.357878
6.721909 0.959670 2.348057
6.787236 0.959871 2.355793
6.852562 0.960225 2.347385
6.918118 0.960731 2.347092
6.957773 0.961109 5.124757
6.965795 0.961192 12.532011
6.968088 0.961216 12.508302
6.970150 0.960897 13.960871
6.972214 0.957839 12.465674
6.974277 0.953282 13.913242
6.976339 0.948480 12.435450
6.978402 0.945818 13.899976
6.980465 0.944404 12.429606
6.982528 0.943539 13.893522
6.984591 0.943034 12.423933
6.986654 0.942687 13.887214
6.988717 0.942384 12.418182
6.990780 0.942105 13.880571
6.992843 0.941912 12.412000
6.994906 0.941789 13.873560
6.996969 0.941717 12.406241
6.999032 0.941708 13.870210
7.001095 0.941907 12.406008
7.003158 0.942203 13.870512
7.005221 0.942529 12.406125
7.007284 0.942769 13.870386
7.009347 0.942904 12.406873
7.011410 0.943012 13.872753
7.013472 0.943217 12.409515
7.015535 0.943631 13.875821
7.017598 0.944153 12.412292
7.019661 0.944843 13.886948
7.021724 0.945982 12.444213
7.023787 0.948782 13.939170
7.025850 0.953823 12.490936
7.027913 0.958621 13.991424
7.029976 0.961684 12.534934
7.032039 0.961959 14.020447
7.034102 0.961985 12.542706
7.068026 0.962436 2.345114
7.133582 0.963408 2.343282
7.198909 0.964508 2.350208
7.264235 0.965734 2.338472
7.329562 0.967077 2.344858
7.394889 0.968532 2.335805
7.460445 0.970093 2.333403
7.525772 0.971742 2.340505
7.591098 0.973471 2.332713
7.656425 0.975273 2.338710
7.721752 0.977133 2.329976
7.787079 0.979036 2.338958
7.852061 0.980959 2.425893
7.917961 0.982921 2.329686
7.957616 0.984101 5.091678
7.965638 0.984339 12.450755
7.967930 0.984408 12.441416
7.969993 0.984244 13.898188
7.972056 0.981311 12.420462
7.974120 0.976721 13.874855
7.976182 0.971949 12.399677
7.978245 0.969474 13.853094
7.980308 0.968510 12.387227
7.982371 0.967881 13.845829
7.984434 0.967277 12.380968
7.986497 0.966748 13.838912
7.988560 0.966331 12.374962
7.990623 0.966038 13.833802
7.992686 0.965770 12.372231
7.994749 0.965403 13.831234
7.996812 0.965068 12.369695
7.998875 0.964865 13.828300
8.000938 0.964914 12.368516
8.003000 0.965148 13.830473
8.005064 0.965494 12.372239
8.007127 0.965888 13.834739
8.009189 0.966254 12.375900
8.011253 0.966635 13.838759
8.013315 0.967119 12.380445
8.015379 0.967716 13.844874
8.017441 0.968480 12.386071
8.019504 0.969553 13.851279
8.021567 0.970975 12.392130
8.023630 0.973470 13.863297
8.025693 0.978101 12.409089
8.027756 0.982666 13.884318
8.029819 0.985849 12.427979
8.031882 0.986288 13.905537
8.033945 0.986347 12.443405
8.035320 0.986387 27.826299
8.068327 0.987323 2.328561
8.133883 0.989104 2.329392
8.199210 0.990764 2.337250
8.264537 0.992301 2.329906
8.329864 0.993705 2.337381
8.395190 0.994969 2.329931
8.460746 0.996088 2.332357
8.526073 0.997050 2.339153
8.591400 0.997857 2.330024
8.656727 0.998506 2.338912
8.722054 0.999000 2.331667
8.787380 0.999339 2.341891
8.852707 0.999527 2.335316
8.918263 0.999570 2.339956
8.957918 0.999528 5.107264
8.965940 0.999513 12.490745
8.968233 0.999509 12.483714
8.970295 0.999014 13.948732
8.972358 0.995702 12.462375
8.974422 0.991068 13.917508
8.976484 0.986498 12.434056
8.978547 0.984254 13.885926
8.980610 0.982939 12.406387
8.982673 0.981902 13.864450
8.984736 0.981116 12.398072
8.986799 0.980572 13.858298
8.988862 0.980130 12.392450
8.990925 0.979783 13.852116
8.992988 0.979527 12.388991
8.995051 0.979448 13.853313
8.997114 0.979600 12.392615
8.999177 0.979831 13.857232
9.001240 0.980040 12.395887
9.003303 0.980100 13.860982
9.005366 0.980152 12.399916
9.007428 0.980239 13.866164
9.009492 0.980401 12.404686
9.011554 0.980685 13.871569
9.013617 0.980935 12.409413
9.015681 0.981214 13.878401
9.017743 0.981667 12.417653
9.019806 0.982546 13.888370
9.021869 0.983974 12.426669
9.023932 0.986955 13.898561
9.025995 0.991854 12.440972
9.028058 0.996375 13.927391
9.030121 0.999181 12.473123
9.032184 0.999316 13.963395
9.034247 0.999308 12.505388
9.068171 0.999154 2.341121
9.133727 0.998764 2.341087
9.199054 0.998261 2.350970
9.264381 0.997655 2.343679
9.329708 0.996955 2.363760
9.395034 0.996200 2.343227
9.460590 0.995428 2.344246
9.525917 0.994653 2.351916
9.591244 0.993879 2.345064
9.656571 0.993112 2.352905
9.721898 0.992359 2.344364
9.787225 0.991628 2.352800
9.851558 0.990936 2.440964
9.918108 0.990259 2.345271
9.957762 0.989875 5.122033
9.965785 0.989800 12.533732
9.968077 0.989778 12.526311
9.970140 0.989406 13.997431
9.972203 0.986182 12.512372
9.974266 0.981463 13.976597
9.976329 0.976738 12.488771
9.978392 0.974341 13.949146
9.980455 0.973159 12.464258
9.982518 0.972185 13.921826
9.984581 0.971414 12.445490
9.986643 0.970825 13.910309
9.988706 0.970495 12.437957
9.990769 0.970337 13.901626
9.992832 0.970256 12.430071
9.994895 0.970166 13.894158
9.996958 0.970005 12.426836
9.999021 0.969760 13.893146
10.001084 0.969538 12.426026
10.003147 0.969405 13.892109
10.005210 0.969472 12.425316
10.007273 0.969607 13.894559
10.009336 0.969801 12.430529
10.011399 0.970072 13.901004
10.013462 0.970455 12.436394
10.015525 0.971130 13.907632
10.017588 0.972040 12.450167
10.019651 0.973141 13.936290
10.021714 0.974410 12.479859
10.023777 0.976899 13.969561
10.025840 0.981519 12.509684
10.027902 0.986010 13.999278
10.029965 0.988962 12.526280
10.032028 0.989202 14.010153
10.034091 0.989184 12.535887
10.068016 0.988898 2.346014
10.133572 0.988385 2.346746
10.198898 0.987929 2.355828
10.264225 0.987529 2.348226
10.329552 0.987183 2.356669
10.394879 0.986891 2.348126
10.460435 0.986657 2.349154
10.525762 0.986483 2.357281
10.591089 0.986371 2.349875
10.656416 0.986321 2.358874
10.721743 0.986336 2.350610
10.787070 0.986416 2.358462
10.852397 0.986561 2.350589
10.917953 0.986772 2.350623
10.957607 0.986932 5.129660
10.965630 0.986967 12.554287
10.967922 0.986977 12.545447
10.969985 0.986763 14.017395
10.972048 0.983770 12.529678
10.974111 0.979142 13.999867
10.976174 0.974220 12.511500
10.978237 0.971382 13.973079
10.980300 0.969975 12.484075
10.982363 0.969035 13.942159
10.984426 0.968415 12.456453
10.986488 0.967960 13.914673
10.988552 0.967592 12.448746
10.990614 0.967354 13.922729
10.992678 0.967302 12.456918
10.994740 0.967333 13.931603
10.996803 0.967360 12.464488
10.998867 0.967310 13.935612
11.000929 0.967249 12.462863
11.002992 0.967222 13.932251
11.005055 0.967260 12.459952
11.007118 0.967413 13.928865
11.009181 0.967742 12.456942
11.011244 0.968230 13.926111
11.013307 0.968813 12.454895
11.015370 0.969437 13.923937
11.017433 0.969985 12.453054
11.019496 0.970696 13.926028
11.021559 0.971760 12.475383
11.023622 0.974146 13.971119
11.025685 0.978925 12.516927
11.027748 0.983652 14.017603
11.029811 0.986891 12.557691
11.031873 0.987293 14.047582
11.033937 0.987304 12.566226
11.035312 0.987311 28.101198
11.068319 0.987499 2.351503
11.133875 0.987918 2.351194
11.199202 0.988396 2.358734
11.264529 0.988929 2.350105
11.329856 0.989514 2.358317
11.395183 0.990145 2.349684
11.460739 0.990818 2.349304
11.526066 0.991522 2.357238
11.591393 0.992255 2.348234
11.656720 0.993011 2.356586
11.722047 0.993786 2.347859
11.787374 0.994573 2.355689
11.851058 0.995345 2.443608
11.918257 0.996158 2.348166
11.957912 0.996635 5.124551
11.965934 0.996731 12.549954
11.968226 0.996758 12.542202
11.970289 0.996279 14.003396
11.972352 0.992915 12.507792
11.974415 0.988171 13.964910
11.976478 0.983452 12.473424
11.978541 0.981117 13.928890
11.980604 0.979816 12.453148
11.982667 0.978865 13.917933
11.984730 0.978280 12.443812
11.986793 0.977904 13.907320
11.988856 0.977640 12.434547
11.990919 0.977405 13.899622
11.992982 0.977122 12.430735
11.995045 0.976820 13.896401
11.997108 0.976572 12.427766
11.999171 0.976438 13.892814
12.001234 0.976474 12.427021
12.003297 0.976628 13.898419
12.005360 0.976864 12.435279
12.007423 0.977150 13.907763
12.009486 0.977452 12.443705
12.011548 0.977915 13.915954
12.013612 0.978546 12.445568
12.015674 0.979288 13.912892
12.017737 0.980078 12.442622
12.019801 0.980954 13.909713
12.021863 0.982203 12.440872
12.023926 0.985068 13.926054
12.025989 0.989947 12.476535
12.028052 0.994522 13.972338
12.030115 0.997337 12.517956
12.032178 0.997505 14.018685
12.034241 0.997528 12.550390
12.068165 0.997893 2.346870
12.133721 0.998523 2.347046
12.199048 0.999046 2.354903
12.264375 0.999454 2.346464
12.329702 0.999738 2.354210
12.395029 0.999892 2.346860
12.460586 0.999908 2.346618
12.525913 0.999782 2.354683
12.591240 0.999507 2.346832
