6.199066 0.963744 2.358688
6.264393 0.962721 2.350344
6.329720 0.961836 2.358716
6.395046 0.961093 2.350479
6.460602 0.960496 2.349493
6.525929 0.960053 2.357249
6.591256 0.959763 2.349495
6.656582 0.959630 2.357878
6.721909 0.959653 2.348057
6.787236 0.959836 2.355793
6.852562 0.960176 2.347385
6.918118 0.960673 2.347092
6.957773 0.961048 5.124757
6.965795 0.961130 12.532011
6.968088 0.961154 12.508302
6.970150 0.960834 13.960871
6.972214 0.957751 12.465674
6.974277 0.953153 13.913242
6.976339 0.948426 12.435450
6.978402 0.945916 13.899976
6.980465 0.944672 12.429606
6.982528 0.943727 13.893522
6.984591 0.942960 12.423933
6.986654 0.942345 13.887214
6.988717 0.941896 12.418182
6.990780 0.941635 13.880571
6.992843 0.941488 12.412000
6.994906 0.941414 13.873560
6.996969 0.941372 12.406241
6.999032 0.941339 13.870210
7.001095 0.941337 12.406008
7.003158 0.941382 13.870512
7.005221 0.941491 12.406125
7.007284 0.941682 13.870386
7.009347 0.941891 12.406873
7.011410 0.942126 13.872753
7.013472 0.942461 12.409515
7.015535 0.942975 13.875821
7.017598 0.943833 12.412292
7.019661 0.944947 13.886948
7.021724 0.946392 12.444213
7.023787 0.949126 13.939170
7.025850 0.953952 12.490936
7.027913 0.958592 13.991424
7.029976 0.961624 12.534934
7.032039 0.961897 14.020447
7.034102 0.961923 12.542706
7.068026 0.962376 2.345114
7.133582 0.963356 2.343282
7.198909 0.964469 2.350208
7.264235 0.965709 2.338472
7.329562 0.967068 2.344858
7.394889 0.968538 2.335805
7.460445 0.970113 2.333403
7.525772 0.971772 2.340505
7.591098 0.973508 2.332713
7.656425 0.975312 2.338710
7.721752 0.977170 2.329976
7.787079 0.979069 2.338958
7.852061 0.980985 2.425893
7.917961 0.982939 2.329686
7.957616 0.984115 5.091678
7.965638 0.984352 12.450755
7.967930 0.984420 12.441416
7.969993 0.984255 13.898188
7.972056 0.981342 12.420462
7.974120 0.976860 13.874855
7.976182 0.972207 12.399677
7.978245 0.969730 13.853094
7.980308 0.968641 12.387227
7.982371 0.967887 13.845829
7.984434 0.967227 12.380968
7.986497 0.966647 13.838912
7.988560 0.966178 12.374962
7.990623 0.965856 13.833802
7.992686 0.965655 12.372231
7.994749 0.965488 13.831234
7.996812 0.965374 12.369695
7.998875 0.965333 13.828300
8.000938 0.965388 12.368516
8.003000 0.965415 13.830473
8.005064 0.965461 12.372239
8.007127 0.965575 13.834739
8.009189 0.965829 12.375900
8.011253 0.966239 13.838759
8.013315 0.966778 12.380445
8.015379 0.967434 13.844874
8.017441 0.968212 12.386071
8.019504 0.969138 13.851279
8.021567 0.970401 12.392130
8.023630 0.972875 13.863297
8.025693 0.977723 12.409089
8.027756 0.982525 13.884318
8.029819 0.985841 12.427979
8.031882 0.986292 13.905537
8.033945 0.986351 12.443405
8.035320 0.986391 27.826299
8.068327 0.987323 2.328561
8.133883 0.989098 2.329392
8.199210 0.990753 2.337250
8.264537 0.992287 2.329906
8.329864 0.993689 2.337381
8.395190 0.994952 2.329931
8.460746 0.996074 2.332357
8.526073 0.997041 2.339153
8.591400 0.997856 2.330024
8.656727 0.998516 2.338912
8.722054 0.999022 2.331667
8.787380 0.999376 2.341891
8.852707 0.999579 2.335316
8.918263 0.999635 2.339956
8.957918 0.999598 5.107264
8.965940 0.999584 12.490745
8.968233 0.999580 12.483714
8.970295 0.999086 13.948732
8.972358 0.995771 12.462375
8.974422 0.991117 13.917508
8.976484 0.986522 12.434056
8.978547 0.984254 13.885926
8.980610 0.982928 12.406387
8.982673 0.981887 13.864450
8.984736 0.981098 12.398072
8.986799 0.980684 13.858298
8.988862 0.980442 12.392450
8.990925 0.980288 13.852116
8.992988 0.980122 12.388991
8.995051 0.979985 13.853313
8.997114 0.979967 12.392615
8.999177 0.980011 13.857232
9.001240 0.980083 12.395887
9.003303 0.980135 13.860982
9.005366 0.980151 12.399916
9.007428 0.980187 13.866164
9.009492 0.980302 12.404686
9.011554 0.980570 13.871569
9.013617 0.980946 12.409413
9.015681 0.981421 13.878401
9.017743 0.982055 12.417653
9.019806 0.982901 13.888370
9.021869 0.984103 12.426669
9.023932 0.986907 13.898561
9.025995 0.991770 12.440972
9.028058 0.996390 13.927391
9.030121 0.999252 12.473123
9.032184 0.999389 13.963395
9.034247 0.999381 12.505388
9.068171 0.999224 2.341121
9.133727 0.998823 2.341087
9.199054 0.998302 2.350970
9.264381 0.997669 2.343679
9.329708 0.996936 2.363760
9.395034 0.996147 2.343227
9.460590 0.995348 2.344246
9.525917 0.994555 2.351916
9.591244 0.993772 2.345064
9.656571 0.993006 2.352905
9.721898 0.992266 2.344364
9.787225 0.991557 2.352800
9.851558 0.990890 2.440964
9.918108 0.990234 2.345271
9.957762 0.989863 5.122033
9.965785 0.989789 12.533732
9.968077 0.989768 12.526311
9.970140 0.989409 13.997431
9.972203 0.986172 12.512372
9.974266 0.981469 13.976597
9.976329 0.976841 12.488771
9.978392 0.974567 13.949146
9.980455 0.973443 12.464258
9.982518 0.972361 13.921826
9.984581 0.971471 12.445490
9.986643 0.970807 13.910309
9.988706 0.970462 12.437957
9.990769 0.970278 13.901626
9.992832 0.970170 12.430071
9.994895 0.970066 13.894158
9.996958 0.969904 12.426836
9.999021 0.969660 13.893146
10.001084 0.969437 12.426026
10.003147 0.969304 13.892109
10.005210 0.969372 12.425316
10.007273 0.969624 13.894559
10.009336 0.970015 12.430529
10.011399 0.970476 13.901004
10.013462 0.970951 12.436394
10.015525 0.971509 13.907632
10.017588 0.972246 12.450167
10.019651 0.973186 13.936290
10.021714 0.974358 12.479859
10.023777 0.976840 13.969561
10.025840 0.981473 12.509684
10.027902 0.985996 13.999278
10.029965 0.988971 12.526280
10.032028 0.989207 14.010153
10.034091 0.989190 12.535887
10.068016 0.988910 2.346014
10.133572 0.988407 2.346746
10.198898 0.987955 2.355828
10.264225 0.987556 2.348226
10.329552 0.987211 2.356669
10.394879 0.986922 2.348126
10.460435 0.986690 2.349154
10.525762 0.986518 2.357281
10.591089 0.986406 2.349875
10.656416 0.986356 2.358874
10.721743 0.986368 2.350610
10.787070 0.986444 2.358462
10.852397 0.986585 2.350589
10.917953 0.986790 2.350623
10.957607 0.986945 5.129660
10.965630 0.986979 12.554287
10.967922 0.986989 12.545447
10.969985 0.986780 14.017395
10.972048 0.983898 12.529678
10.974111 0.979464 13.999867
10.976174 0.974821 12.511500
10.978237 0.972225 13.973079
10.980300 0.970982 12.484075
10.982363 0.969920 13.942159
10.984426 0.968913 12.456453
10.986488 0.968044 13.914673
10.988552 0.967427 12.448746
10.990614 0.967267 13.922729
10.992678 0.967402 12.456918
10.994740 0.967632 13.931603
10.996803 0.967793 12.464488
10.998867 0.967737 13.935612
11.000929 0.967565 12.462863
11.002992 0.967390 13.932251
11.005055 0.967295 12.459952
11.007118 0.967406 13.928865
11.009181 0.967723 12.456942
11.011244 0.968186 13.926111
11.013307 0.968744 12.454895
11.015370 0.969353 13.923937
11.017433 0.969904 12.453054
11.019496 0.970618 13.926028
11.021559 0.971723 12.475383
11.023622 0.974202 13.971119
11.025685 0.979020 12.516927
11.027748 0.983739 14.017603
11.029811 0.986904 12.557691
11.031873 0.987296 14.047582
11.033937 0.987307 12.566226
11.035312 0.987314 28.101198
11.068319 0.987497 2.351503
11.133875 0.987905 2.351194
11.199202 0.988370 2.358734
11.264529 0.988889 2.350105
11.329856 0.989460 2.358317
11.395183 0.990078 2.349684
11.460739 0.990741 2.349304
11.526066 0.991440 2.357238
11.591393 0.992172 2.348234
11.656720 0.992932 2.356586
11.722047 0.993715 2.347859
11.787374 0.994513 2.355689
11.851058 0.995299 2.443608
11.918257 0.996128 2.348166
11.957912 0.996614 5.124551
11.965934 0.996711 12.549954
11.968226 0.996739 12.542202
11.970289 0.996281 14.003396
11.972352 0.993003 12.507792
11.974415 0.988310 13.964910
11.976478 0.983634 12.473424
11.978541 0.981335 13.928890
11.980604 0.980140 12.453148
11.982667 0.979280 13.917933
11.984730 0.978795 12.443812
11.986793 0.978546 13.907320
11.988856 0.978403 12.434547
11.990919 0.978227 13.899622
11.992982 0.978011 12.430735
11.995045 0.977841 13.896401
11.997108 0.977728 12.427766
11.999171 0.977682 13.892814
12.001234 0.977689 12.427021
12.003297 0.977478 13.898419
12.005360 0.977235 12.435279
12.007423 0.977094 13.907763
12.009486 0.977267 12.443705
12.011548 0.977841 13.915954
12.013612 0.978656 12.445568
12.015674 0.979573 13.912892
12.017737 0.980418 12.442622
12.019801 0.981176 13.909713
12.021863 0.982296 12.440872
12.023926 0.985057 13.926054
12.025989 0.989926 12.476535
12.028052 0.994506 13.972338
12.030115 0.997333 12.517956
12.032178 0.997501 14.018685
12.034241 0.997525 12.550390
12.068165 0.997897 2.346870
12.133721 0.998541 2.347046
12.199048 0.999076 2.354903
12.264375 0.999494 2.346464
12.329702 0.999786 2.354210
12.395029 0.999946 2.346860
12.460586 0.999967 2.346618
12.525913 0.999843 2.354683
12.591240 0.999572 2.346832
12.656567 0.999148 2.355665
12.721894 0.998570 2.347227
12.787221 0.997838 2.356433
12.852548 0.996952 2.348401
12.918104 0.995909 2.348233
12.957759 0.995204 5.139272
12.965781 0.995055 12.569726
12.968073 0.995012 12.559118
12.970136 0.994629 14.028419
12.972199 0.991412 12.530983
12.974262 0.986587 13.989575
12.976325 0.981631 12.494285
12.978388 0.979020 13.948524
12.980451 0.977855 12.457615
12.982514 0.977085 13.918693
12.984577 0.976490 12.448889
12.986640 0.975933 13.917830
12.988703 0.975487 12.447887
12.990766 0.975136 13.916538
12.992829 0.974857 12.447566
12.994891 0.974641 13.919258
12.996955 0.974468 12.452136
12.999017 0.974349 13.924620
13.001081 0.974291 12.456844
13.003143 0.974303 13.929362
13.005207 0.974537 12.457641
13.007269 0.974912 13.926067
13.009332 0.975343 12.454118
13.011395 0.975715 13.922242
13.013458 0.976055 12.450768
13.015522 0.976492 13.920755
13.017584 0.977080 12.453174
13.019647 0.977781 13.925442
13.021710 0.978705 12.457467
13.023773 0.981113 13.930357
13.025836 0.985813 12.465989
13.027899 0.990514 13.956024
13.029962 0.993530 12.499758
13.032025 0.993737 13.994306
13.034088 0.993693 12.534044
13.068012 0.992959 2.349582
13.133568 0.991435 2.350115
13.198895 0.989786 2.359536
13.264222 0.988017 2.351317
13.329550 0.986139 2.360025
13.394877 0.984196 2.351494
13.460433 0.982237 2.352950
13.525760 0.980292 2.361739
13.591087 0.978369 2.354150
13.656414 0.976482 2.362699
