9.395034 0.996202 2.343227
9.460590 0.995424 2.344246
9.525917 0.994648 2.351916
9.591244 0.993875 2.345064
9.656571 0.993112 2.352905
9.721898 0.992364 2.344364
9.787225 0.991635 2.352800
9.851558 0.990942 2.440964
9.918108 0.990259 2.345271
9.957762 0.989870 5.122033
9.965785 0.989793 12.533732
9.968077 0.989771 12.526311
9.970140 0.989396 13.997431
9.972203 0.986206 12.512372
9.974266 0.981498 13.976597
9.976329 0.976709 12.488771
9.978392 0.974207 13.949146
9.980455 0.973033 12.464258
9.982518 0.972269 13.921826
9.984581 0.971725 12.445490
9.986643 0.971279 13.910309
9.988706 0.970723 12.437957
9.990769 0.970148 13.901626
9.992832 0.969644 12.430071
9.994895 0.969321 13.894158
9.996958 0.969234 12.426836
9.999021 0.969381 13.893146
10.001084 0.969624 12.426026
10.003147 0.969875 13.892109
10.005210 0.970004 12.425316
10.007273 0.970025 13.894559
10.009336 0.970027 12.430529
10.011399 0.970111 13.901004
10.013462 0.970398 12.436394
10.015525 0.971116 13.907632
10.017588 0.972090 12.450167
10.019651 0.973246 13.936290
10.021714 0.974456 12.479859
10.023777 0.976868 13.969561
10.025840 0.981451 12.509684
10.027902 0.985968 13.999278
10.029965 0.988952 12.526280
10.032028 0.989185 14.010153
10.034091 0.989167 12.535887
10.068016 0.988876 2.346014
10.133572 0.988355 2.346746
10.198898 0.987893 2.355828
10.264225 0.987493 2.348226
10.329552 0.987151 2.356669
10.394879 0.986868 2.348126
10.460435 0.986645 2.349154
10.525762 0.986483 2.357281
10.591089 0.986383 2.349875
10.656416 0.986343 2.358874
10.721743 0.986365 2.350610
10.787070 0.986449 2.358462
10.852397 0.986596 2.350589
10.917953 0.986807 2.350623
10.957607 0.986964 5.129660
10.965630 0.986999 12.554287
10.967922 0.987009 12.545447
10.969985 0.986802 14.017395
10.972048 0.983890 12.529678
10.974111 0.979381 13.999867
10.976174 0.974411 12.511500
10.978237 0.971365 13.973079
10.980300 0.969715 12.484075
10.982363 0.968765 13.942159
10.984426 0.968353 12.456453
10.986488 0.968117 13.914673
10.988552 0.967881 12.448746
10.990614 0.967576 13.922729
10.992678 0.967357 12.456918
10.994740 0.967211 13.931603
10.996803 0.967118 12.464488
10.998867 0.967080 13.935612
11.000929 0.967213 12.462863
11.002992 0.967441 13.932251
11.005055 0.967708 12.459952
11.007118 0.967930 13.928865
11.009181 0.968060 12.456942
11.011244 0.968143 13.926111
11.013307 0.968317 12.454895
11.015370 0.968706 13.923937
11.017433 0.969551 12.453054
11.019496 0.970658 13.926028
11.021559 0.972036 12.475383
11.023622 0.974420 13.971119
11.025685 0.979055 12.516927
11.027748 0.983683 14.017603
11.029811 0.986919 12.557691
11.031873 0.987320 14.047582
11.033937 0.987331 12.566226
11.035312 0.987339 28.101198
11.068319 0.987524 2.351503
11.133875 0.987936 2.351194
11.199202 0.988406 2.358734
11.264529 0.988933 2.350105
11.329856 0.989512 2.358317
11.395183 0.990138 2.349684
11.460739 0.990807 2.349304
11.526066 0.991509 2.357238
11.591393 0.992238 2.348234
11.656720 0.992990 2.356586
11.722047 0.993760 2.347859
11.787374 0.994540 2.355689
11.851058 0.995308 2.443608
11.918257 0.996117 2.348166
11.957912 0.996592 5.124551
11.965934 0.996688 12.549954
11.968226 0.996715 12.542202
11.970289 0.996250 14.003396
11.972352 0.992978 12.507792
11.974415 0.988360 13.964910
11.976478 0.983771 12.473424
11.978541 0.981517 13.928890
11.980604 0.980275 12.453148
11.982667 0.979371 13.917933
11.984730 0.978786 12.443812
11.986793 0.978391 13.907320
11.988856 0.978106 12.434547
11.990919 0.977865 13.899622
11.992982 0.977447 12.430735
11.995045 0.976836 13.896401
11.997108 0.976264 12.427766
11.999171 0.975918 13.892814
12.001234 0.975969 12.427021
12.003297 0.976313 13.898419
12.005360 0.976797 12.435279
12.007423 0.977305 13.907763
12.009486 0.977672 12.443705
12.011548 0.978034 13.915954
12.013612 0.978499 12.445568
12.015674 0.979082 13.912892
12.017737 0.979842 12.442622
12.019801 0.980902 13.909713
12.021863 0.982320 12.440872
12.023926 0.985167 13.926054
12.025989 0.989925 12.476535
12.028052 0.994419 13.972338
12.030115 0.997290 12.517956
12.032178 0.997464 14.018685
12.034241 0.997487 12.550390
12.068165 0.997855 2.346870
12.133721 0.998497 2.347046
12.199048 0.999036 2.354903
12.264375 0.999463 2.346464
12.329702 0.999767 2.354210
12.395029 0.999941 2.346860
12.460586 0.999975 2.346618
12.525913 0.999862 2.354683
12.591240 0.999595 2.346832
12.656567 0.999172 2.355665
12.721894 0.998593 2.347227
12.787221 0.997858 2.356433
12.852548 0.996968 2.348401
12.918104 0.995923 2.348233
12.957759 0.995218 5.139272
12.965781 0.995069 12.569726
12.968073 0.995026 12.559118
12.970136 0.994644 14.028419
12.972199 0.991426 12.530983
12.974262 0.986672 13.989575
12.976325 0.981821 12.494285
12.978388 0.979252 13.948524
12.980451 0.977956 12.457615
12.982514 0.977001 13.918693
12.984577 0.976264 12.448889
12.986640 0.975815 13.917830
12.988703 0.975566 12.447887
12.990766 0.975410 13.916538
12.992829 0.975231 12.447566
12.994891 0.974997 13.919258
12.996955 0.974756 12.452136
12.999017 0.974559 13.924620
13.001081 0.974440 12.456844
13.003143 0.974448 13.929362
13.005207 0.974581 12.457641
13.007269 0.974805 13.926067
13.009332 0.975094 12.454118
13.011395 0.975406 13.922242
13.013458 0.975525 12.450768
13.015522 0.975578 13.920755
13.017584 0.975807 12.453174
13.019647 0.976578 13.925442
13.021710 0.978079 12.457467
13.023773 0.980972 13.930357
13.025836 0.985935 12.465989
13.027899 0.990543 13.956024
13.029962 0.993539 12.499758
13.032025 0.993755 13.994306
13.034088 0.993711 12.534044
13.068012 0.992980 2.349582
13.133568 0.991462 2.350115
13.198895 0.989820 2.359536
13.264222 0.988055 2.351317
13.329550 0.986177 2.360025
13.394877 0.984227 2.351494
13.460433 0.982252 2.352950
13.525760 0.980283 2.361739
13.591087 0.978331 2.354150
13.656414 0.976413 2.362699
13.721741 0.974545 2.355842
13.787068 0.972744 2.364975
13.850065 0.971083 2.452747
13.917951 0.969389 2.356762
13.957606 0.968450 5.144250
13.965629 0.968264 12.593388
13.967921 0.968212 12.587328
13.969984 0.967950 14.067018
13.972047 0.964863 12.576383
13.974110 0.960153 14.051433
13.976173 0.955366 12.558478
13.978236 0.952775 14.029954
13.980299 0.951561 12.539044
13.982361 0.950451 14.008249
13.984425 0.949536 12.524628
13.986487 0.948832 14.004585
13.988550 0.948375 12.527587
13.990614 0.948028 14.007912
13.992676 0.947759 12.530334
13.994739 0.947552 14.010271
13.996802 0.947388 12.529801
13.998865 0.947268 14.007090
14.000928 0.947199 12.526896
14.002991 0.947189 14.003956
14.005054 0.947250 12.524145
14.007117 0.947480 14.003186
14.009180 0.947873 12.526404
14.011243 0.948340 14.006760
14.013306 0.948812 12.529702
14.015369 0.949226 14.010561
14.017432 0.949757 12.537440
14.019495 0.950500 14.029753
14.021558 0.951670 12.559717
14.023621 0.954074 14.054674
14.025684 0.958748 12.582090
14.027747 0.963334 14.078318
14.029810 0.966445 12.595917
14.031873 0.966799 14.086480
14.033936 0.966755 12.602551
14.035311 0.966726 28.185002
14.068318 0.966044 2.356729
14.133875 0.964782 2.357273
14.199202 0.963652 2.364357
14.264455 0.962656 2.365005
14.329856 0.961791 2.364742
14.395183 0.961065 2.356184
14.460739 0.960481 2.357221
14.526066 0.960048 2.365223
14.591394 0.959766 2.355489
14.656721 0.959638 2.364294
14.722048 0.959666 2.355623
14.787375 0.959850 2.362547
14.852702 0.960188 2.354184
14.918258 0.960681 2.354379
14.957913 0.961052 5.139929
14.965936 0.961133 12.585305
14.968228 0.961157 12.571703
14.970291 0.960713 14.041830
14.972354 0.957470 12.547125
14.974417 0.952802 14.014437
14.976480 0.948179 12.523438
14.978543 0.945933 13.989895
14.980606 0.944821 12.502420
14.982668 0.943825 13.966143
14.984732 0.942907 12.480987
14.986795 0.942140 13.944356
14.988858 0.941627 12.472311
14.990920 0.941497 13.945338
14.992983 0.941584 12.473922
14.995047 0.941744 13.947086
14.997109 0.941830 12.475269
14.999173 0.941778 13.948922
15.001235 0.941638 12.477515
15.003298 0.941513 13.951704
15.005361 0.941479 12.480105
15.007424 0.941645 13.954703
15.009487 0.941935 12.480587
15.011550 0.942314 13.949840
15.013613 0.942788 12.473698
15.015676 0.943369 13.942249
15.017739 0.944085 12.467009
15.019802 0.945026 13.939564
15.021865 0.946394 12.488348
15.023928 0.949375 13.986541
15.025991 0.954313 12.531517
15.028054 0.958909 14.034802
15.030117 0.961719 12.573777
15.032180 0.961889 14.064840
15.034243 0.961915 12.580605
15.068167 0.962360 2.352123
15.133723 0.963325 2.352519
15.199050 0.964419 2.359613
15.264378 0.965642 2.351331
15.329705 0.966986 2.358374
15.395032 0.968445 2.349812
15.460588 0.970014 2.348565
15.525916 0.971672 2.356737
15.591243 0.973414 2.347957
15.656570 0.975227 2.355354
15.721897 0.977096 2.347962
15.787224 0.979005 2.355663
15.852551 0.980940 2.346865
15.920591 0.982962 2.442926
15.957763 0.984064 5.125630
15.965785 0.984302 12.545764
15.968077 0.984369 12.539010
15.970140 0.984094 14.002247
15.972203 0.981035 12.508199
15.974266 0.976380 13.966878
15.976329 0.971654 12.476541
15.978392 0.969375 13.932303
15.980455 0.968507 12.455742
15.982518 0.967949 13.921883
15.984581 0.967266 12.448464
15.986644 0.966601 13.913509
15.988707 0.966047 12.440800
15.990770 0.965691 13.905924
15.992833 0.965539 12.435573
15.994896 0.965497 13.900917
15.996959 0.965518 12.431197
15.999022 0.965575 13.895969
16.001085 0.965629 12.427524
16.003148 0.965520 13.895748
16.005211 0.965387 12.430165
16.007274 0.965340 13.899001
16.009337 0.965548 12.433177
16.011400 0.966087 13.902488
16.013463 0.966851 12.436334
16.015526 0.967726 13.906003
16.017588 0.968597 12.439533
16.019652 0.969409 13.909695
16.021714 0.970559 12.442939
16.023778 0.973161 13.925297
16.025840 0.978063 12.475713
16.027904 0.982807 13.970996
16.029966 0.985921 12.516349
16.032029 0.986237 14.016435
16.034092 0.986296 12.551259
16.068017 0.987252 2.346294
16.133573 0.989019 2.346703
16.198900 0.990669 2.354888
16.264227 0.992198 2.346584
16.329555 0.993599 2.355157
16.394882 0.994867 2.346962
16.460438 0.995999 2.346228
16.525765 0.996980 2.355546
16.591093 0.997809 2.347575
16.656420 0.998484 2.355548
16.721747 0.999004 2.348390
16.787074 0.999367 2.357216
16.852402 0.999576 2.348570
