0.329763 0.993755 2.334000
0.395089 0.995026 2.326118
0.460645 0.996156 2.325987
0.525971 0.997124 2.334643
0.591298 0.997931 2.326528
0.656624 0.998577 2.336023
0.721786 0.999060 2.337205
0.787277 0.999388 2.336607
0.852604 0.999559 2.330156
0.918159 0.999582 2.330822
0.957813 0.999529 5.085933
0.965836 0.999512 12.468206
0.968128 0.999507 12.471664
0.970191 0.999111 13.939630
0.972254 0.995891 12.450782
0.974317 0.991170 13.901197
0.976380 0.986390 12.416462
0.978443 0.983972 13.862887
0.980506 0.982849 12.384873
0.982569 0.982080 13.847191
0.984632 0.981490 12.388519
0.986695 0.980831 13.854434
0.988758 0.980192 12.395099
0.990820 0.979649 13.861903
0.992884 0.979294 12.400193
0.994946 0.979221 13.864652
0.997009 0.979434 12.401582
0.999073 0.979742 13.866184
1.001135 0.980014 12.403054
1.003198 0.980082 13.866424
1.005261 0.980250 12.399289
1.007324 0.980505 13.859242
1.009387 0.980822 12.392664
1.011450 0.981160 13.851608
1.013513 0.981369 12.386950
1.015576 0.981568 13.852971
1.017639 0.981935 12.395100
1.019701 0.982729 13.863370
1.021765 0.984096 12.404379
1.023827 0.986846 13.873482
1.025891 0.991641 12.417031
1.027954 0.996157 13.893977
1.030016 0.999088 12.437315
1.032079 0.999299 13.916751
1.034142 0.999290 12.457763
1.068066 0.999129 2.332798
1.133622 0.998726 2.334975
1.198948 0.998212 2.343019
1.264275 0.997594 2.335050
1.329601 0.996885 2.345742
1.394928 0.996121 2.337278
1.460483 0.995343 2.338537
1.525810 0.994564 2.347033
1.591136 0.993790 2.338794
1.656463 0.993027 2.348472
1.721789 0.992282 2.341717
1.787116 0.991562 2.353388
1.854085 0.990857 2.440165
1.917998 0.990219 2.346775
1.957652 0.989843 5.125130
1.965675 0.989769 12.531221
1.967967 0.989748 12.520809
1.970030 0.989477 13.988222
1.972093 0.986402 12.501412
1.974156 0.981720 13.964486
1.976219 0.976899 12.478986
1.978282 0.974269 13.939420
1.980345 0.973029 12.456648
1.982407 0.972080 13.915204
1.984470 0.971344 12.443894
1.986533 0.970774 13.912006
1.988596 0.970334 12.442703
1.990660 0.969987 13.910780
1.992722 0.969715 12.441709
1.994785 0.969518 13.908814
1.996848 0.969404 12.438487
1.998911 0.969443 13.904306
2.000974 0.969560 12.434224
2.003037 0.969710 13.899517
2.005100 0.969824 12.431193
2.007163 0.969850 13.900853
2.009226 0.969842 12.435654
2.011289 0.969913 13.906127
2.013352 0.970183 12.440170
2.015414 0.970885 13.911271
2.017478 0.971858 12.449138
2.019540 0.973019 13.926861
2.021603 0.974393 12.464037
2.023667 0.976818 13.943623
2.025729 0.981403 12.479001
2.027792 0.985864 13.964756
2.029855 0.988857 12.505286
2.031918 0.989182 13.997952
2.033981 0.989165 12.535044
2.035356 0.989153 28.051459
2.068364 0.988880 2.349182
2.133919 0.988374 2.348495
2.199246 0.987923 2.358274
2.264572 0.987524 2.350482
2.329899 0.987179 2.358612
2.395225 0.986890 2.350536
2.460781 0.986660 2.349717
2.526107 0.986494 2.359608
2.591434 0.986393 2.350187
2.656760 0.986360 2.358553
2.722087 0.986393 2.351196
2.787414 0.986489 2.359080
2.852740 0.986646 2.350090
2.918296 0.986862 2.349932
2.957950 0.987020 5.131956
2.965973 0.987055 12.548457
2.968265 0.987065 12.527819
2.970328 0.986584 13.985789
2.972391 0.983262 12.490743
2.974454 0.978504 13.945229
2.976517 0.973813 12.466724
2.978579 0.971548 13.934055
2.980643 0.970425 12.459322
2.982705 0.969518 13.925891
2.984768 0.968753 12.452120
2.986832 0.968140 13.921958
2.988894 0.967697 12.454964
2.990957 0.967449 13.928073
2.993020 0.967319 12.460384
2.995083 0.967258 13.934246
2.997146 0.967214 12.464815
2.999209 0.967171 13.934546
3.001272 0.967159 12.461881
3.003335 0.967194 13.930852
3.005398 0.967294 12.458370
3.007461 0.967478 13.927000
3.009524 0.967733 12.455501
3.011586 0.968064 13.924509
3.013650 0.968492 12.453470
3.015713 0.969054 13.922257
3.017775 0.969857 12.451227
3.019839 0.970906 13.933586
3.021901 0.972246 12.483983
3.023964 0.975059 13.981469
3.026027 0.979845 12.526840
3.028090 0.984375 14.029416
3.030153 0.987234 12.563824
3.032216 0.987370 14.047412
3.034279 0.987381 12.564045
3.068203 0.987564 2.349237
3.133759 0.987957 2.346812
3.199085 0.988407 2.356284
3.264412 0.988917 2.347781
3.329738 0.989483 2.355282
3.395065 0.990101 2.344403
3.460621 0.990769 2.338912
3.525947 0.991477 2.349101
3.591274 0.992222 2.340051
3.656600 0.992989 2.346731
3.721927 0.993773 2.339289
3.787253 0.994566 2.344589
3.853573 0.995374 2.433125
3.918136 0.996156 2.335748
3.957790 0.996631 5.097166
3.965813 0.996727 12.478685
3.968105 0.996754 12.471314
3.970168 0.996417 13.932526
3.972231 0.993275 12.451991
3.974294 0.988544 13.911019
3.976357 0.983790 12.432841
3.978420 0.981626 13.892117
3.980483 0.980886 12.422415
3.982546 0.980433 13.885291
3.984608 0.979605 12.416401
3.986671 0.978689 13.878680
3.988734 0.977884 12.409972
3.990798 0.977388 13.867118
3.992860 0.977204 12.395525
3.994923 0.977137 13.849999
3.996986 0.977135 12.380153
3.999049 0.977164 13.832917
4.001112 0.977188 12.374468
4.003175 0.977177 13.842595
4.005238 0.977193 12.387939
4.007301 0.977280 13.857457
4.009364 0.977512 12.401015
4.011427 0.977909 13.871189
4.013490 0.978441 12.410926
4.015553 0.979088 13.880539
4.017616 0.979845 12.419389
4.019678 0.980752 13.890017
4.021741 0.982012 12.428363
4.023805 0.984702 13.905171
4.025867 0.989552 12.446738
4.027930 0.994210 13.926629
4.029993 0.997239 12.466019
4.032056 0.997497 13.948283
4.034119 0.997520 12.480399
4.068043 0.997884 2.335581
4.133599 0.998518 2.334653
4.198925 0.999047 2.341676
4.264252 0.999466 2.333758
4.329579 0.999765 2.341778
4.394905 0.999937 2.333456
4.460461 0.999976 2.333207
4.525788 0.999869 2.341363
4.591114 0.999608 2.332720
4.656441 0.999189 2.341869
4.721767 0.998608 2.333817
4.787094 0.997865 2.342858
4.852421 0.996958 2.335766
4.917977 0.995887 2.336017
4.957631 0.995164 5.101383
4.965654 0.995012 12.488890
4.967946 0.994968 12.484797
4.970009 0.994704 13.952688
4.972072 0.991824 12.468650
4.974134 0.987162 13.927639
4.976197 0.982189 12.445909
4.978260 0.979295 13.902304
4.980323 0.978076 12.423765
4.982387 0.977353 13.885575
4.984449 0.976803 12.417922
4.986512 0.976121 13.881787
4.988575 0.975432 12.414627
4.990638 0.974833 13.878217
4.992701 0.974414 12.412318
4.994764 0.974320 13.877720
4.996827 0.974646 12.412765
4.998890 0.975104 13.877952
5.000953 0.975500 12.412924
5.003016 0.975560 13.878590
5.005079 0.975341 12.415356
5.007142 0.974997 13.883159
5.009205 0.974737 12.419616
5.011268 0.974784 13.887731
5.013330 0.975189 12.423597
5.015394 0.975744 13.894096
5.017456 0.976450 12.431579
5.019519 0.977300 13.903815
5.021582 0.978398 12.440371
5.023645 0.980770 13.913660
5.025708 0.985484 12.451206
5.027771 0.990182 13.931283
5.029834 0.993345 12.469877
5.031897 0.993668 13.952258
5.033960 0.993624 12.488725
5.035335 0.993594 27.939771
5.068342 0.992867 2.336891
5.133898 0.991324 2.339283
5.199225 0.989662 2.351334
5.264551 0.987886 2.344102
5.329878 0.986007 2.354228
5.395205 0.984065 2.346998
5.460761 0.982103 2.346299
5.526087 0.980151 2.356943
5.591414 0.978216 2.348542
5.656740 0.976315 2.357198
5.722067 0.974460 2.349216
5.787394 0.972667 2.357012
5.853064 0.970938 2.445290
5.918276 0.969310 2.349371
5.957931 0.968367 5.129743
5.965953 0.968181 12.556887
5.968245 0.968128 12.551057
5.970308 0.967581 14.026699
5.972371 0.964262 12.538333
5.974435 0.959492 14.002967
5.976497 0.954665 12.510557
5.978561 0.952189 13.971526
5.980623 0.951065 12.482504
5.982686 0.950563 13.941049
5.984749 0.950280 12.466134
5.986812 0.949965 13.936376
5.988875 0.949236 12.463877
5.990938 0.948408 13.933755
5.993001 0.947660 12.461635
5.995064 0.947222 13.930163
5.997127 0.947129 12.456592
5.999190 0.947267 13.923666
6.001253 0.947496 12.450626
6.003316 0.947722 13.916739
6.005379 0.947817 12.446142
6.007441 0.947789 13.918632
6.009504 0.947747 12.452600
6.011567 0.947797 13.926282
6.013630 0.948082 12.459474
6.015693 0.948921 13.933946
6.017756 0.950043 12.469013
6.019819 0.951311 13.948305
6.021882 0.952419 12.482523
6.023945 0.954874 13.963516
6.026008 0.959385 12.496222
6.028071 0.963827 13.983068
6.030134 0.966618 12.520380
6.032197 0.966710 14.013392
6.034260 0.966666 12.547575
6.068184 0.965961 2.349707
6.133740 0.964695 2.350060
6.199066 0.963566 2.358688
6.264393 0.962577 2.350344
6.329720 0.961731 2.358716
6.395046 0.961029 2.350479
6.460602 0.960473 2.349493
6.525929 0.960070 2.357249
6.591256 0.959817 2.349495
6.656582 0.959714 2.357878
6.721909 0.959758 2.348057
6.787236 0.959946 2.355793
6.852562 0.960278 2.347385
6.918118 0.960755 2.347092
6.957773 0.961112 5.124757
6.965795 0.961191 12.532011
6.968088 0.961214 12.508302
6.970150 0.960893 13.960871
6.972214 0.957896 12.465674
6.974277 0.953458 13.913242
6.976339 0.948749 12.435450
6.978402 0.946119 13.899976
6.980465 0.944679 12.429606
6.982528 0.943797 13.893522
6.984591 0.943282 12.423933
6.986654 0.942923 13.887214
6.988717 0.942615 12.418182
6.990780 0.942222 13.880571
6.992843 0.941791 12.412000
6.994906 0.941423 13.873560
6.996969 0.941199 12.406241
6.999032 0.941211 13.870210
7.001095 0.941618 12.406008
7.003158 0.942177 13.870512
7.005221 0.942732 12.406125
7.007284 0.943028 13.870386
7.009347 0.943029 12.406873
7.011410 0.942894 13.872753
7.013472 0.942862 12.409515
7.015535 0.943173 13.875821
7.017598 0.944062 12.412292
7.019661 0.945215 13.886948
7.021724 0.946634 12.444213
7.023787 0.949242 13.939170
7.025850 0.953966 12.490936
7.027913 0.958563 13.991424
7.029976 0.961647 12.534934
7.032039 0.961920 14.020447
7.034102 0.961945 12.542706
7.068026 0.962375 2.345114
7.133582 0.963310 2.343282
7.198909 0.964382 2.350208
7.264235 0.965594 2.338472
7.329562 0.966936 2.344858
7.394889 0.968400 2.335805
7.460445 0.969982 2.333403
7.525772 0.971659 2.340505
7.591098 0.973423 2.332713
7.656425 0.975255 2.338710
7.721752 0.977139 2.329976
7.787079 0.979062 2.338958
