1.394928 0.996209 2.337278
1.460483 0.995412 2.338537
1.525810 0.994616 2.347033
1.591136 0.993826 2.338794
1.656463 0.993049 2.348472
1.721789 0.992292 2.341717
1.787116 0.991560 2.353388
1.854085 0.990843 2.440165
1.917998 0.990195 2.346775
1.957652 0.989812 5.125130
1.965675 0.989737 12.531221
1.967967 0.989715 12.520809
1.970030 0.989442 13.988222
1.972093 0.986375 12.501412
1.974156 0.981741 13.964486
1.976219 0.977026 12.478986
1.978282 0.974510 13.939420
1.980345 0.973291 12.456648
1.982407 0.972227 13.915204
1.984470 0.971359 12.443894
1.986533 0.970701 13.912006
1.988596 0.970328 12.442703
1.990660 0.970111 13.910780
1.992722 0.969973 12.441709
1.994785 0.969856 13.908814
1.996848 0.969691 12.438487
1.998911 0.969419 13.904306
2.000974 0.969157 12.434224
2.003037 0.968989 13.899517
2.005100 0.969042 12.431193
2.007163 0.969301 13.900853
2.009226 0.969721 12.435654
2.011289 0.970213 13.906127
2.013352 0.970711 12.440170
2.015414 0.971248 13.911271
2.017478 0.971960 12.449138
2.019540 0.972877 13.926861
2.021603 0.974130 12.464037
2.023667 0.976587 13.943623
2.025729 0.981241 12.479001
2.027792 0.985776 13.964756
2.029855 0.988818 12.505286
2.031918 0.989142 13.997952
2.033981 0.989124 12.535044
2.035356 0.989112 28.051459
2.068364 0.988837 2.349182
2.133919 0.988330 2.348495
2.199246 0.987883 2.358274
2.264572 0.987495 2.350482
2.329899 0.987162 2.358612
2.395225 0.986887 2.350536
2.460781 0.986670 2.349717
2.526107 0.986513 2.359608
2.591434 0.986416 2.350187
2.656760 0.986381 2.358553
2.722087 0.986407 2.351196
2.787414 0.986497 2.359080
2.852740 0.986648 2.350090
2.918296 0.986861 2.349932
2.957950 0.987019 5.131956
2.965973 0.987053 12.548457
2.968265 0.987063 12.527819
2.970328 0.986564 13.985789
2.972391 0.983352 12.490743
2.974454 0.978800 13.945229
2.976517 0.974103 12.466724
2.978579 0.971657 13.934055
2.980643 0.970240 12.459322
2.982705 0.969308 13.925891
2.984768 0.968664 12.452120
2.986832 0.968172 13.921958
2.988894 0.967786 12.454964
2.990957 0.967600 13.928073
2.993020 0.967580 12.460384
2.995083 0.967629 13.934246
2.997146 0.967646 12.464815
2.999209 0.967581 13.934546
3.001272 0.967438 12.461881
3.003335 0.967315 13.930852
3.005398 0.967281 12.458370
3.007461 0.967438 13.927000
3.009524 0.967772 12.455501
3.011586 0.968232 13.924509
3.013650 0.968781 12.453470
3.015713 0.969369 13.922257
3.017775 0.969915 12.451227
3.019839 0.970656 13.933586
3.021901 0.971863 12.483983
3.023964 0.974864 13.981469
3.026027 0.979847 12.526840
3.028090 0.984458 14.029416
3.030153 0.987237 12.563824
3.032216 0.987371 14.047412
3.034279 0.987382 12.564045
3.068203 0.987568 2.349237
3.133759 0.987968 2.346812
3.199085 0.988423 2.356284
3.264412 0.988930 2.347781
3.329738 0.989488 2.355282
3.395065 0.990093 2.344403
3.460621 0.990744 2.338912
3.525947 0.991430 2.349101
3.591274 0.992152 2.340051
3.656600 0.992905 2.346731
3.721927 0.993685 2.339289
3.787253 0.994484 2.344589
3.853573 0.995308 2.433125
3.918136 0.996116 2.335748
3.957790 0.996611 5.097166
3.965813 0.996711 12.478685
3.968105 0.996740 12.471314
3.970168 0.996394 13.932526
3.972231 0.993231 12.451991
3.974294 0.988571 13.911019
3.976357 0.983870 12.432841
3.978420 0.981579 13.892117
3.980483 0.980549 12.422415
3.982546 0.979836 13.885291
3.984608 0.979273 12.416401
3.986671 0.978868 13.878680
3.988734 0.978573 12.409972
3.990798 0.978333 13.867118
3.992860 0.977996 12.395525
3.994923 0.977533 13.849999
3.996986 0.977106 12.380153
3.999049 0.976840 13.832917
4.001112 0.976865 12.374468
4.003175 0.976960 13.842595
4.005238 0.977119 12.387939
4.007301 0.977335 13.857457
4.009364 0.977613 12.401015
4.011427 0.978064 13.871189
4.013490 0.978696 12.410926
4.015553 0.979438 13.880539
4.017616 0.980216 12.419389
4.019678 0.981001 13.890017
4.021741 0.982131 12.428363
4.023805 0.984757 13.905171
4.025867 0.989609 12.446738
4.027930 0.994268 13.926629
4.029993 0.997266 12.466019
4.032056 0.997521 13.948283
4.034119 0.997545 12.480399
4.068043 0.997928 2.335581
4.133599 0.998590 2.334653
4.198925 0.999138 2.341676
4.264252 0.999565 2.333758
4.329579 0.999860 2.341778
4.394905 1.000014 2.333456
4.460461 1.000021 2.333207
4.525788 0.999880 2.341363
4.591114 0.999590 2.332720
4.656441 0.999147 2.341869
4.721767 0.998552 2.333817
4.787094 0.997804 2.342858
4.852421 0.996906 2.335766
4.917977 0.995854 2.336017
4.957631 0.995145 5.101383
4.965654 0.994995 12.488890
4.967946 0.994951 12.484797
4.970009 0.994669 13.952688
4.972072 0.991525 12.468650
4.974134 0.986847 13.927639
4.976197 0.982042 12.445909
4.978260 0.979431 13.902304
4.980323 0.978128 12.423765
4.982387 0.977105 13.885575
4.984449 0.976317 12.417922
4.986512 0.975761 13.881787
4.988575 0.975346 12.414627
4.990638 0.975026 13.878217
4.992701 0.974764 12.412318
4.994764 0.974593 13.877720
4.996827 0.974605 12.412765
4.998890 0.974701 13.877952
5.000953 0.974810 12.412924
5.003016 0.974838 13.878590
5.005079 0.974950 12.415356
5.007142 0.975149 13.883159
5.009205 0.975414 12.419616
5.011268 0.975710 13.887731
5.013330 0.975904 12.423597
5.015394 0.976066 13.894096
5.017456 0.976386 12.431579
5.019519 0.977059 13.903815
5.021582 0.978268 12.440371
5.023645 0.980763 13.913660
5.025708 0.985541 12.451206
5.027771 0.990218 13.931283
5.029834 0.993354 12.469877
5.031897 0.993669 13.952258
5.033960 0.993625 12.488725
5.035335 0.993596 27.939771
5.068342 0.992877 2.336891
5.133898 0.991345 2.339283
5.199225 0.989689 2.351334
5.264551 0.987911 2.344102
5.329878 0.986023 2.354228
5.395205 0.984068 2.346998
5.460761 0.982095 2.346299
5.526087 0.980134 2.356943
5.591414 0.978195 2.348542
5.656740 0.976293 2.357198
5.722067 0.974442 2.349216
5.787394 0.972657 2.357012
5.853064 0.970941 2.445290
5.918276 0.969327 2.349371
5.957931 0.968393 5.129743
5.965953 0.968209 12.556887
5.968245 0.968157 12.551057
5.970308 0.967607 14.026699
5.972371 0.964215 12.538333
5.974435 0.959427 14.002967
5.976497 0.954696 12.510557
5.978561 0.952392 13.971526
5.980623 0.951038 12.482504
5.982686 0.949873 13.941049
5.984749 0.948905 12.466134
5.986812 0.948197 13.936376
5.988875 0.947920 12.463877
5.990938 0.947853 13.933755
5.993001 0.947858 12.461635
5.995064 0.947784 13.930163
5.997127 0.947614 12.456592
5.999190 0.947441 13.923666
6.001253 0.947311 12.450626
6.003316 0.947255 13.916739
6.005379 0.947321 12.446142
6.007441 0.947483 13.918632
6.009504 0.947732 12.452600
6.011567 0.948058 13.926282
6.013630 0.948457 12.459474
6.015693 0.949070 13.933946
6.017756 0.949882 12.469013
6.019819 0.950903 13.948305
6.021882 0.952223 12.482523
6.023945 0.954985 13.963516
6.026008 0.959646 12.496222
6.028071 0.963985 13.983068
6.030134 0.966658 12.520380
6.032197 0.966752 14.013392
6.034260 0.966709 12.547575
6.068184 0.966011 2.349707
6.133740 0.964755 2.350060
6.199066 0.963633 2.358688
6.264393 0.962645 2.350344
6.329720 0.961791 2.358716
6.395046 0.961074 2.350479
6.460602 0.960499 2.349493
6.525929 0.960073 2.357249
6.591256 0.959795 2.349495
6.656582 0.959669 2.357878
6.721909 0.959695 2.348057
6.787236 0.959874 2.355793
6.852562 0.960208 2.347385
6.918118 0.960695 2.347092
6.957773 0.961063 5.124757
6.965795 0.961145 12.532011
6.968088 0.961168 12.508302
6.970150 0.960843 13.960871
6.972214 0.957795 12.465674
6.974277 0.953278 13.913242
6.976339 0.948603 12.435450
6.978402 0.946102 13.899976
6.980465 0.944815 12.429606
6.982528 0.943869 13.893522
6.984591 0.943131 12.423933
6.986654 0.942545 13.887214
6.988717 0.942114 12.418182
6.990780 0.941847 13.880571
6.992843 0.941685 12.412000
6.994906 0.941595 13.873560
6.996969 0.941542 12.406241
6.999032 0.941487 13.870210
7.001095 0.941285 12.406008
7.003158 0.941079 13.870512
7.005221 0.940969 12.406125
7.007284 0.941108 13.870386
7.009347 0.941539 12.406873
7.011410 0.942176 13.872753
7.013472 0.942904 12.409515
7.015535 0.943613 13.875821
7.017598 0.944265 12.412292
7.019661 0.945119 13.886948
7.021724 0.946349 12.444213
7.023787 0.949047 13.939170
7.025850 0.953916 12.490936
7.027913 0.958588 13.991424
7.029976 0.961627 12.534934
7.032039 0.961898 14.020447
7.034102 0.961924 12.542706
7.068026 0.962370 2.345114
7.133582 0.963337 2.343282
7.198909 0.964439 2.350208
7.264235 0.965672 2.338472
7.329562 0.967027 2.344858
7.394889 0.968496 2.335805
7.460445 0.970072 2.333403
7.525772 0.971735 2.340505
7.591098 0.973477 2.332713
7.656425 0.975288 2.338710
7.721752 0.977156 2.329976
7.787079 0.979067 2.338958
7.852061 0.980994 2.425893
7.917961 0.982961 2.329686
7.957616 0.984144 5.091678
7.965638 0.984383 12.450755
7.967930 0.984451 12.441416
7.969993 0.984283 13.898188
7.972056 0.981338 12.420462
7.974120 0.976816 13.874855
7.976182 0.972123 12.399677
7.978245 0.969616 13.853094
7.980308 0.968495 12.387227
7.982371 0.967712 13.845829
7.984434 0.967145 12.380968
7.986497 0.966749 13.838912
7.988560 0.966469 12.374962
7.990623 0.966253 13.833802
7.992686 0.966032 12.372231
7.994749 0.965795 13.831234
7.996812 0.965603 12.369695
7.998875 0.965505 13.828300
8.000938 0.965557 12.368516
8.003000 0.965604 13.830473
8.005064 0.965677 12.372239
8.007127 0.965815 13.834739
8.009189 0.966078 12.375900
8.011253 0.966477 13.838759
8.013315 0.966997 12.380445
8.015379 0.967631 13.844874
8.017441 0.968369 12.386071
8.019504 0.969128 13.851279
8.021567 0.970213 12.392130
8.023630 0.972704 13.863297
8.025693 0.977683 12.409089
8.027756 0.982600 13.884318
8.029819 0.985896 12.427979
8.031882 0.986333 13.905537
8.033945 0.986393 12.443405
8.035320 0.986432 27.826299
8.068327 0.987368 2.328561
8.133883 0.989143 2.329392
8.199210 0.990793 2.337250
8.264537 0.992316 2.329906
8.329864 0.993705 2.337381
8.395190 0.994953 2.329931
8.460746 0.996059 2.332357
8.526073 0.997015 2.339153
8.591400 0.997825 2.330024
8.656727 0.998487 2.338912
8.722054 0.998998 2.331667
8.787380 0.999361 2.341891
8.852707 0.999576 2.335316
