12.591240 0.999666 2.346832
12.656567 0.999221 2.355665
12.721894 0.998618 2.347227
12.787221 0.997857 2.356433
12.852548 0.996941 2.348401
12.918104 0.995871 2.348233
12.957759 0.995154 5.139272
12.965781 0.995002 12.569726
12.968073 0.994959 12.559118
12.970136 0.994574 14.028419
12.972199 0.991360 12.530983
12.974262 0.986700 13.989575
12.976325 0.981986 12.494285
12.978388 0.979479 13.948524
12.980451 0.978037 12.457615
12.982514 0.976870 13.918693
12.984577 0.975970 12.448889
12.986640 0.975492 13.917830
12.988703 0.975206 12.447887
12.990766 0.975016 13.916538
12.992829 0.974819 12.447566
12.994891 0.974641 13.919258
12.996955 0.974597 12.452136
12.999017 0.974622 13.924620
13.001081 0.974673 12.456844
13.003143 0.974694 13.929362
13.005207 0.974751 12.457641
13.007269 0.974860 13.926067
13.009332 0.975040 12.454118
13.011395 0.975304 13.922242
13.013458 0.975571 12.450768
13.015522 0.975880 13.920755
13.017584 0.976352 12.453174
13.019647 0.977161 13.925442
13.021710 0.978462 12.457467
13.023773 0.981124 13.930357
13.025836 0.985912 12.465989
13.027899 0.990474 13.956024
13.029962 0.993456 12.499758
13.032025 0.993673 13.994306
13.034088 0.993629 12.534044
13.068012 0.992893 2.349582
13.133568 0.991373 2.350115
13.198895 0.989737 2.359536
13.264222 0.987986 2.351317
13.329550 0.986132 2.360025
13.394877 0.984210 2.351494
13.460433 0.982260 2.352950
13.525760 0.980313 2.361739
13.591087 0.978376 2.354150
13.656414 0.976464 2.362699
13.721741 0.974593 2.355842
13.787068 0.972777 2.364975
13.850065 0.971095 2.452747
13.917951 0.969377 2.356762
13.957606 0.968425 5.144250
13.965629 0.968237 12.593388
13.967921 0.968184 12.587328
13.969984 0.967913 14.067018
13.972047 0.964943 12.576383
13.974110 0.960338 14.051433
13.976173 0.955446 12.558478
13.978236 0.952612 14.029954
13.980299 0.951184 12.539044
13.982361 0.950178 14.008249
13.984425 0.949397 12.524628
13.986487 0.948785 14.004585
13.988550 0.948411 12.527587
13.990614 0.948233 14.007912
13.992676 0.948139 12.530334
13.994739 0.948039 14.010271
13.996802 0.947844 12.529801
13.998865 0.947513 14.007090
14.000928 0.947183 12.526896
14.002991 0.946951 14.003956
14.005054 0.946964 12.524145
14.007117 0.947179 14.003186
14.009180 0.947546 12.526404
14.011243 0.947988 14.006760
14.013306 0.948449 12.529702
14.015369 0.948980 14.010561
14.017432 0.949704 12.537440
14.019495 0.950627 14.029753
14.021558 0.951823 12.559717
14.023621 0.954148 14.054674
14.025684 0.958748 12.582090
14.027747 0.963305 14.078318
14.029810 0.966410 12.595917
14.031873 0.966754 14.086480
14.033936 0.966710 12.602551
14.035311 0.966680 28.185002
14.068318 0.965992 2.356729
14.133875 0.964723 2.357273
14.199202 0.963598 2.364357
14.264455 0.962618 2.365005
14.329856 0.961774 2.364742
14.395183 0.961072 2.356184
14.460739 0.960512 2.357221
14.526066 0.960101 2.365223
14.591394 0.959836 2.355489
14.656721 0.959719 2.364294
14.722048 0.959749 2.355623
14.787375 0.959929 2.362547
14.852702 0.960258 2.354184
14.918258 0.960736 2.354379
14.957913 0.961095 5.139929
14.965936 0.961174 12.585305
14.968228 0.961197 12.571703
14.970291 0.960744 14.041830
14.972354 0.957618 12.547125
14.974417 0.953149 14.014437
14.976480 0.948334 12.523438
14.978543 0.945634 13.989895
14.980606 0.943972 12.502420
14.982668 0.943185 13.966143
14.984732 0.942916 12.480987
14.986795 0.942800 13.944356
14.988858 0.942603 12.472311
14.990920 0.942229 13.945338
14.992983 0.941850 12.473922
14.995047 0.941535 13.947086
14.997109 0.941357 12.475269
14.999173 0.941324 13.948922
15.001235 0.941318 12.477515
15.003298 0.941358 13.951704
15.005361 0.941463 12.480105
15.007424 0.941659 13.954703
15.009487 0.942048 12.480587
15.011550 0.942591 13.949840
15.013613 0.943222 12.473698
15.015676 0.943856 13.942249
15.017739 0.944386 12.467009
15.019802 0.945102 13.939564
15.021865 0.946276 12.488348
15.023928 0.949227 13.986541
15.025991 0.954224 12.531517
15.028054 0.958882 14.034802
15.030117 0.961738 12.573777
15.032180 0.961909 14.064840
15.034243 0.961934 12.580605
15.068167 0.962368 2.352123
15.133723 0.963308 2.352519
15.199050 0.964382 2.359613
15.264378 0.965588 2.351331
15.329705 0.966920 2.358374
15.395032 0.968371 2.349812
15.460588 0.969936 2.348565
15.525916 0.971594 2.356737
15.591243 0.973341 2.347957
15.656570 0.975162 2.355354
15.721897 0.977042 2.347962
15.787224 0.978965 2.355663
15.852551 0.980916 2.346865
15.920591 0.982958 2.442926
15.957763 0.984072 5.125630
15.965785 0.984312 12.545764
15.968077 0.984380 12.539010
15.970140 0.984098 14.002247
15.972203 0.980966 12.508199
15.974266 0.976200 13.966878
15.976329 0.971363 12.476541
15.978392 0.969045 13.932303
15.980455 0.968178 12.455742
15.982518 0.967627 13.921883
15.984581 0.967193 12.448464
15.986644 0.966945 13.913509
15.988707 0.966807 12.440800
15.990770 0.966664 13.905924
15.992833 0.966249 12.435573
15.994896 0.965520 13.900917
15.996959 0.964803 12.431197
15.999022 0.964342 13.895969
16.001085 0.964409 12.427524
16.003148 0.964843 13.895748
16.005211 0.965453 12.430165
16.007274 0.966084 13.899001
16.009337 0.966528 12.433177
16.011400 0.966816 13.902488
16.013463 0.967125 12.436334
16.015526 0.967553 13.906003
16.017588 0.968204 12.439533
16.019652 0.969146 13.909695
16.021714 0.970448 12.442939
16.023778 0.973219 13.925297
16.025840 0.978154 12.475713
16.027904 0.982892 13.970996
16.029966 0.985959 12.516349
16.032029 0.986269 14.016435
16.034092 0.986328 12.551259
16.068017 0.987294 2.346294
16.133573 0.989076 2.346703
16.198900 0.990734 2.354888
16.264227 0.992268 2.346584
16.329555 0.993670 2.355157
16.394882 0.994933 2.346962
16.460438 0.996057 2.346228
16.525765 0.997029 2.355546
16.591093 0.997849 2.347575
16.656420 0.998513 2.355548
16.721747 0.999022 2.348390
16.787074 0.999374 2.357216
16.852402 0.999570 2.348570
16.917958 0.999615 2.348842
16.957613 0.999572 5.128615
16.965636 0.999556 12.564982
16.967928 0.999552 12.566155
16.969991 0.999333 14.046433
16.972054 0.996458 12.543406
16.974117 0.991895 14.000090
16.976180 0.987072 12.500481
16.978243 0.984283 13.951759
16.980305 0.982960 12.457671
16.982368 0.982039 13.925524
16.984431 0.981340 12.452800
16.986494 0.980677 13.919837
16.988557 0.980022 12.447746
16.990620 0.979460 13.913952
16.992683 0.979073 12.442644
16.994746 0.978975 13.910757
16.996809 0.979199 12.442063
16.998872 0.979537 13.910596
17.000935 0.979848 12.442022
17.002998 0.979932 13.910495
17.005061 0.980155 12.442969
17.007124 0.980516 13.913597
17.009187 0.980939 12.446484
17.011250 0.981329 13.917643
17.013313 0.981411 12.450205
17.015376 0.981323 13.926523
17.017439 0.981400 12.470374
17.019502 0.982064 13.958025
17.021565 0.983614 12.498536
17.023628 0.986345 13.989590
17.025691 0.991236 12.526237
17.027754 0.995835 14.016265
17.029817 0.998977 12.546194
17.031880 0.999354 14.037654
17.033943 0.999345 12.565140
17.035318 0.999340 28.110690
17.068325 0.999185 2.349425
17.133882 0.998785 2.350784
17.199209 0.998272 2.358635
17.264536 0.997655 2.350484
17.329864 0.996946 2.358931
17.395191 0.996183 2.351027
17.460518 0.995407 2.359329
17.525846 0.994626 2.351877
17.591402 0.993843 2.351384
17.656729 0.993073 2.360044
17.722057 0.992318 2.352710
17.787384 0.991585 2.360653
17.852711 0.990887 2.353186
17.919867 0.990215 2.459003
17.957693 0.989857 5.052454
17.965945 0.989781 12.576134
17.968237 0.989760 12.570179
17.970301 0.989245 14.047952
17.972363 0.985921 12.559074
17.974426 0.981162 14.025745
17.976489 0.976389 12.527753
17.978552 0.973999 13.987153
17.980615 0.972876 12.492987
17.982678 0.972260 13.948004
17.984741 0.971858 12.465296
17.986804 0.971489 13.935497
17.988867 0.970947 12.463332
17.990930 0.970409 13.933417
17.992993 0.969947 12.461453
17.995056 0.969662 13.931844
17.997119 0.969537 12.463926
17.999182 0.969462 13.938658
18.001245 0.969442 12.470355
18.003308 0.969477 13.945959
18.005371 0.969577 12.477261
18.007434 0.969584 13.958732
18.009497 0.969582 12.494491
18.011560 0.969673 13.979847
18.013623 0.969993 12.513465
18.015686 0.970775 14.001159
18.017749 0.971811 12.531483
18.019812 0.973043 14.018517
18.021875 0.974532 12.545385
18.023938 0.977361 14.033826
18.026000 0.982062 12.559135
18.028064 0.986393 14.048658
18.030126 0.989072 12.569216
18.032190 0.989202 14.056802
18.034252 0.989184 12.576288
18.068177 0.988909 2.354023
18.133733 0.988418 2.354325
18.199061 0.987985 2.362627
18.264388 0.987607 2.355277
18.329715 0.987275 2.363946
18.395043 0.986991 2.354492
18.460599 0.986758 2.355205
18.525927 0.986581 2.363724
18.591254 0.986460 2.355450
18.656581 0.986398 2.363490
18.721909 0.986397 2.356220
18.787236 0.986462 2.363630
18.852563 0.986590 2.356211
18.917891 0.986782 2.364102
18.957545 0.986929 5.061240
18.965797 0.986962 12.591611
18.968090 0.986972 12.581933
18.970153 0.986633 14.057105
18.972216 0.983541 12.564106
18.974279 0.978955 14.037139
18.976341 0.974175 12.546965
18.978404 0.971573 14.020589
18.980467 0.970212 12.533980
18.982531 0.969332 14.006253
18.984593 0.968762 12.520950
18.986657 0.968349 13.991986
18.988719 0.968004 12.515404
18.990782 0.967650 13.994962
18.992845 0.967316 12.519598
18.994908 0.967048 13.999765
18.996971 0.966882 12.523874
18.999034 0.966867 13.996328
19.001097 0.967130 12.507860
19.003160 0.967512 13.972146
19.005223 0.967910 12.486316
19.007286 0.968158 13.948152
19.009349 0.968288 12.470694
19.011412 0.968398 13.953615
19.013475 0.968605 12.491172
19.015538 0.969025 13.977543
19.017601 0.969715 12.512659
19.019664 0.970622 14.001719
19.021727 0.971833 12.535166
19.023790 0.974412 14.027945
19.025853 0.979214 12.558562
19.027916 0.983883 14.053854
19.029979 0.987004 12.581778
19.032041 0.987266 14.075479
19.034105 0.987276 12.594086
19.068486 0.987459 2.348301
19.133815 0.987851 2.363408
19.199142 0.988306 2.354801
19.264470 0.988822 2.361669
19.329797 0.989394 2.354083
19.395432 0.990020 2.377658
19.460452 0.990685 2.351634
19.526008 0.991395 2.351193
19.591336 0.992136 2.358733
19.656663 0.992902 2.349381
19.721991 0.993690 2.357509
19.787318 0.994492 2.348627
19.852646 0.995304 2.356942
19.919119 0.996132 2.442931
19.957628 0.996610 5.125367
19.965651 0.996710 12.560188
19.967943 0.996738 12.558910
19.970005 0.996525 14.021620
19.972069 0.993519 12.520795
19.974131 0.988933 13.975513
19.976195 0.984184 12.479254
19.978257 0.981668 13.928971
19.980321 0.980546 12.450261
19.982384 0.979762 13.917743
19.984446 0.979121 12.446608
19.986510 0.978608 13.913731
19.988572 0.978209 12.442816
19.990635 0.977911 13.909025
19.992698 0.977633 12.438029
19.994762 0.977307 13.903308
19.996824 0.977022 12.433018
19.998887 0.976846 13.897820
20.000950 0.976863 12.428775
20.003014 0.977020 13.897796
20.005076 0.977269 12.433089
20.007139 0.977569 13.903492
20.009202 0.977876 12.438286
20.011265 0.978165 13.909417
20.013328 0.978499 12.442698
20.015391 0.978947 13.912568
20.017454 0.979623 12.444790
20.019517 0.980744 13.914886
20.021580 0.982226 12.446967
20.023643 0.984789 13.924894
20.025706 0.989430 12.476023
20.027769 0.993978 13.972320
20.029832 0.997124 12.518169
20.031895 0.997516 14.019136
20.033958 0.997540 12.556880
20.035333 0.997556 28.081013
20.068341 0.997927 2.347727
