7.787079 0.979046 2.338958
7.852061 0.980986 2.425893
7.917961 0.982963 2.329686
7.957616 0.984151 5.091678
7.965638 0.984391 12.450755
7.967930 0.984459 12.441416
7.969993 0.984298 13.898188
7.972056 0.981385 12.420462
7.974120 0.976824 13.874855
7.976182 0.972054 12.399677
7.978245 0.969409 13.853094
7.980308 0.968216 12.387227
7.982371 0.967380 13.845829
7.984434 0.966965 12.380968
7.986497 0.966877 13.838912
7.988560 0.966912 12.374962
7.990623 0.966875 13.833802
7.992686 0.966533 12.372231
7.994749 0.965929 13.831234
7.996812 0.965331 12.369695
7.998875 0.964932 13.828300
8.000938 0.964972 12.368516
8.003000 0.965227 13.830473
8.005064 0.965603 12.372239
8.007127 0.966026 13.834739
8.009189 0.966403 12.375900
8.011253 0.966667 13.838759
8.013315 0.966911 12.380445
8.015379 0.967269 13.844874
8.017441 0.967898 12.386071
8.019504 0.969014 13.851279
8.021567 0.970493 12.392130
8.023630 0.973130 13.863297
8.025693 0.977939 12.409089
8.027756 0.982656 13.884318
8.029819 0.985905 12.427979
8.031882 0.986348 13.905537
8.033945 0.986407 12.443405
8.035320 0.986447 27.826299
8.068327 0.987386 2.328561
8.133883 0.989166 2.329392
8.199210 0.990824 2.337250
8.264537 0.992354 2.329906
8.329864 0.993751 2.337381
8.395190 0.995008 2.329931
8.460746 0.996122 2.332357
8.526073 0.997081 2.339153
8.591400 0.997884 2.330024
8.656727 0.998531 2.338912
8.722054 0.999022 2.331667
8.787380 0.999358 2.341891
8.852707 0.999542 2.335316
8.918263 0.999579 2.339956
8.957918 0.999533 5.107264
8.965940 0.999518 12.490745
8.968233 0.999513 12.483714
8.970295 0.999025 13.948732
8.972358 0.995746 12.462375
8.974422 0.991037 13.917508
8.976484 0.986340 12.434056
8.978547 0.984009 13.885926
8.980610 0.982792 12.406387
8.982673 0.981913 13.864450
8.984736 0.981239 12.398072
8.986799 0.980698 13.858298
8.988862 0.980257 12.392450
8.990925 0.979910 13.852116
8.992988 0.979655 12.388991
8.995051 0.979489 13.853313
8.997114 0.979394 12.392615
8.999177 0.979357 13.857232
9.001240 0.979370 12.395887
9.003303 0.979430 13.860982
9.005366 0.979826 12.399916
9.007428 0.980397 13.866164
9.009492 0.981005 12.404686
9.011554 0.981453 13.871569
9.013617 0.981539 12.409413
9.015681 0.981567 13.878401
9.017743 0.981781 12.417653
9.019806 0.982557 13.888370
9.021869 0.984005 12.426669
9.023932 0.986956 13.898561
9.025995 0.991837 12.440972
9.028058 0.996344 13.927391
9.030121 0.999175 12.473123
9.032184 0.999315 13.963395
9.034247 0.999307 12.505388
9.068171 0.999150 2.341121
9.133727 0.998753 2.341087
9.199054 0.998244 2.350970
9.264381 0.997629 2.343679
9.329708 0.996921 2.363760
9.395034 0.996159 2.343227
9.460590 0.995381 2.344246
9.525917 0.994602 2.351916
9.591244 0.993826 2.345064
9.656571 0.993059 2.352905
9.721898 0.992310 2.344364
9.787225 0.991584 2.352800
9.851558 0.990900 2.440964
9.918108 0.990232 2.345271
9.957762 0.989855 5.122033
9.965785 0.989780 12.533732
9.968077 0.989759 12.526311
9.970140 0.989394 13.997431
9.972203 0.986216 12.512372
9.974266 0.981544 13.976597
9.976329 0.976838 12.488771
9.978392 0.974420 13.949146
9.980455 0.973244 12.464258
9.982518 0.972335 13.921826
9.984581 0.971632 12.445490
9.986643 0.971087 13.910309
9.988706 0.970631 12.437957
9.990769 0.970240 13.901626
9.992832 0.969922 12.430071
9.994895 0.969702 13.894158
9.996958 0.969572 12.426836
9.999021 0.969493 13.893146
10.001084 0.969466 12.426026
10.003147 0.969496 13.892109
10.005210 0.969590 12.425316
10.007273 0.969724 13.894559
10.009336 0.969915 12.430529
10.011399 0.970183 13.901004
10.013462 0.970563 12.436394
10.015525 0.971087 13.907632
10.017588 0.971772 12.450167
10.019651 0.972682 13.936290
10.021714 0.974128 12.479859
10.023777 0.976909 13.969561
10.025840 0.981687 12.509684
10.027902 0.986117 13.999278
10.029965 0.988958 12.526280
10.032028 0.989195 14.010153
10.034091 0.989177 12.535887
10.068016 0.988898 2.346014
10.133572 0.988398 2.346746
10.198898 0.987955 2.355828
10.264225 0.987567 2.348226
10.329552 0.987227 2.356669
10.394879 0.986938 2.348126
10.460435 0.986702 2.349154
10.525762 0.986523 2.357281
10.591089 0.986403 2.349875
10.656416 0.986345 2.358874
10.721743 0.986351 2.350610
10.787070 0.986428 2.358462
10.852397 0.986573 2.350589
10.917953 0.986787 2.350623
10.957607 0.986948 5.129660
10.965630 0.986983 12.554287
10.967922 0.986993 12.545447
10.969985 0.986790 14.017395
10.972048 0.983896 12.529678
10.974111 0.979398 13.999867
10.976174 0.974580 12.511500
10.978237 0.971759 13.973079
10.980300 0.970350 12.484075
10.982363 0.969394 13.942159
10.984426 0.968747 12.456453
10.986488 0.968260 13.914673
10.988552 0.967874 12.448746
10.990614 0.967616 13.922729
10.992678 0.967507 12.456918
10.994740 0.967477 13.931603
10.996803 0.967463 12.464488
10.998867 0.967417 13.935612
11.000929 0.967410 12.462863
11.002992 0.967452 13.932251
11.005055 0.967552 12.459952
11.007118 0.967723 13.928865
11.009181 0.967940 12.456942
11.011244 0.968200 13.926111
11.013307 0.968554 12.454895
11.015370 0.969044 13.923937
11.017433 0.969721 12.453054
11.019496 0.970603 13.926028
11.021559 0.971819 12.475383
11.023622 0.974247 13.971119
11.025685 0.978994 12.516927
11.027748 0.983691 14.017603
11.029811 0.986911 12.557691
11.031873 0.987311 14.047582
11.033937 0.987323 12.566226
11.035312 0.987330 28.101198
11.068319 0.987519 2.351503
11.133875 0.987937 2.351194
11.199202 0.988410 2.358734
11.264529 0.988935 2.350105
11.329856 0.989508 2.358317
11.395183 0.990124 2.349684
11.460739 0.990781 2.349304
11.526066 0.991468 2.357238
11.591393 0.992184 2.348234
11.656720 0.992925 2.356586
11.722047 0.993688 2.347859
11.787374 0.994468 2.355689
11.851058 0.995238 2.443608
11.918257 0.996057 2.348166
11.957912 0.996539 5.124551
11.965934 0.996637 12.549954
11.968226 0.996665 12.542202
11.970289 0.996191 14.003396
11.972352 0.992887 12.507792
11.974415 0.988254 13.964910
11.976478 0.983684 12.473424
11.978541 0.981547 13.928890
11.980604 0.980417 12.453148
11.982667 0.979605 13.917933
11.984730 0.978980 12.443812
11.986793 0.978500 13.907320
11.988856 0.978130 12.434547
11.990919 0.977853 13.899622
11.992982 0.977557 12.430735
11.995045 0.977218 13.896401
11.997108 0.976929 12.427766
11.999171 0.976768 13.892814
12.001234 0.976802 12.427021
12.003297 0.976921 13.898419
12.005360 0.977109 12.435279
12.007423 0.977353 13.907763
12.009486 0.977639 12.443705
12.011548 0.978064 13.915954
12.013612 0.978633 12.445568
12.015674 0.979314 13.912892
12.017737 0.980085 12.442622
12.019801 0.981004 13.909713
12.021863 0.982283 12.440872
12.023926 0.985086 13.926054
12.025989 0.989887 12.476535
12.028052 0.994413 13.972338
12.030115 0.997258 12.517956
12.032178 0.997429 14.018685
12.034241 0.997453 12.550390
12.068165 0.997829 2.346870
12.133721 0.998486 2.347046
12.199048 0.999038 2.354903
12.264375 0.999477 2.346464
12.329702 0.999792 2.354210
12.395029 0.999974 2.346860
12.460586 1.000016 2.346618
12.525913 0.999909 2.354683
12.591240 0.999647 2.346832
12.656567 0.999228 2.355665
12.721894 0.998648 2.347227
12.787221 0.997907 2.356433
12.852548 0.997007 2.348401
12.918104 0.995945 2.348233
12.957759 0.995228 5.139272
12.965781 0.995076 12.569726
12.968073 0.995033 12.559118
12.970136 0.994654 14.028419
12.972199 0.991492 12.530983
12.974262 0.986770 13.989575
12.976325 0.981930 12.494285
12.978388 0.979289 13.948524
12.980451 0.977866 12.457615
12.982514 0.976787 13.918693
12.984577 0.975956 12.448889
12.986640 0.975550 13.917830
12.988703 0.975386 12.447887
12.990766 0.975317 13.916538
12.992829 0.975182 12.447566
12.994891 0.974981 13.919258
12.996955 0.974852 12.452136
12.999017 0.974783 13.924620
13.001081 0.974761 12.456844
13.003143 0.974775 13.929362
13.005207 0.974843 12.457641
13.007269 0.974967 13.926067
13.009332 0.975162 12.454118
13.011395 0.975431 13.922242
13.013458 0.975689 12.450768
13.015522 0.975983 13.920755
13.017584 0.976440 12.453174
13.019647 0.977221 13.925442
13.021710 0.978476 12.457467
13.023773 0.981141 13.930357
13.025836 0.985950 12.465989
13.027899 0.990551 13.956024
13.029962 0.993531 12.499758
13.032025 0.993741 13.994306
13.034088 0.993697 12.534044
13.068012 0.992956 2.349582
13.133568 0.991421 2.350115
13.198895 0.989765 2.359536
13.264222 0.987993 2.351317
13.329550 0.986115 2.360025
13.394877 0.984172 2.351494
13.460433 0.982206 2.352950
13.525760 0.980248 2.361739
13.591087 0.978307 2.354150
13.656414 0.976397 2.362699
13.721741 0.974534 2.355842
13.787068 0.972731 2.364975
13.850065 0.971064 2.452747
13.917951 0.969363 2.356762
13.957606 0.968420 5.144250
13.965629 0.968234 12.593388
13.967921 0.968181 12.587328
13.969984 0.967914 14.067018
13.972047 0.964926 12.576383
13.974110 0.960262 14.051433
13.976173 0.955269 12.558478
13.978236 0.952337 14.029954
13.980299 0.950949 12.539044
13.982361 0.950161 14.008249
13.984425 0.949621 12.524628
13.986487 0.949176 14.004585
13.988550 0.948677 12.527587
13.990614 0.948232 14.007912
13.992676 0.947861 12.530334
13.994739 0.947591 14.010271
13.996802 0.947410 12.529801
13.998865 0.947176 14.007090
14.000928 0.946968 12.526896
14.002991 0.946840 14.003956
14.005054 0.946877 12.524145
14.007117 0.947156 14.003186
14.009180 0.947644 12.526404
14.011243 0.948206 14.006760
14.013306 0.948732 12.529702
14.015369 0.949210 14.010561
14.017432 0.949846 12.537440
14.019495 0.950686 14.029753
14.021558 0.951847 12.559717
14.023621 0.954178 14.054674
14.025684 0.958776 12.582090
14.027747 0.963325 14.078318
14.029810 0.966421 12.595917
14.031873 0.966765 14.086480
14.033936 0.966721 12.602551
14.035311 0.966692 28.185002
14.068318 0.966009 2.356729
14.133875 0.964751 2.357273
14.199202 0.963632 2.364357
14.264455 0.962655 2.365005
14.329856 0.961811 2.364742
14.395183 0.961107 2.356184
14.460739 0.960543 2.357221
14.526066 0.960125 2.365223
14.591394 0.959852 2.355489
14.656721 0.959724 2.364294
14.722048 0.959743 2.355623
14.787375 0.959915 2.362547
14.852702 0.960240 2.354184
14.918258 0.960717 2.354379
14.957913 0.961080 5.139929
14.965936 0.961160 12.585305
14.968228 0.961183 12.571703
14.970291 0.960718 14.041830
14.972354 0.957592 12.547125
14.974417 0.953152 14.014437
14.976480 0.948450 12.523438
14.978543 0.945897 13.989895
14.980606 0.944346 12.502420
14.982668 0.943476 13.966143
14.984732 0.943012 12.480987
14.986795 0.942700 13.944356
14.988858 0.942408 12.472311
14.990920 0.941994 13.945338
14.992983 0.941542 12.473922
14.995047 0.941156 13.947086
14.997109 0.940938 12.475269
14.999173 0.940940 13.948922
15.001235 0.941160 12.477515
15.003298 0.941477 13.951704
15.005361 0.941818 12.480105
15.007424 0.942060 13.954703
15.009487 0.942284 12.480587
15.011550 0.942555 13.949840
15.013613 0.942925 12.473698
15.015676 0.943443 13.942249
15.017739 0.944068 12.467009
15.019802 0.944898 13.939564
15.021865 0.946202 12.488348
15.023928 0.949238 13.986541
15.025991 0.954263 12.531517
15.028054 0.958918 14.034802
15.030117 0.961734 12.573777
15.032180 0.961904 14.064840
15.034243 0.961930 12.580605
15.068167 0.962371 2.352123
15.133723 0.963331 2.352519
15.199050 0.964424 2.359613
15.264378 0.965648 2.351331
