5.656740 0.976386 2.357198
5.722067 0.974505 2.349216
5.787394 0.972685 2.357012
5.853064 0.970934 2.445290
5.918276 0.969289 2.349371
5.957931 0.968340 5.129743
5.965953 0.968153 12.556887
5.968245 0.968099 12.551057
5.970308 0.967544 14.026699
5.972371 0.964168 12.538333
5.974435 0.959406 14.002967
5.976497 0.954703 12.510557
5.978561 0.952414 13.971526
5.980623 0.951199 12.482504
5.982686 0.950288 13.941049
5.984749 0.949580 12.466134
5.986812 0.949023 13.936376
5.988875 0.948576 12.463877
5.990938 0.948219 13.933755
5.993001 0.947936 12.461635
5.995064 0.947723 13.930163
5.997127 0.947536 12.456592
5.999190 0.947298 13.923666
6.001253 0.947094 12.450626
6.003316 0.946979 13.916739
6.005379 0.947039 12.446142
6.007441 0.947297 13.918632
6.009504 0.947690 12.452600
6.011567 0.948152 13.926282
6.013630 0.948610 12.459474
6.015693 0.949209 13.933946
6.017756 0.950004 12.469013
6.019819 0.950992 13.948305
6.021882 0.952123 12.482523
6.023945 0.954728 13.963516
6.026008 0.959351 12.496222
6.028071 0.963803 13.983068
6.030134 0.966580 12.520380
6.032197 0.966675 14.013392
6.034260 0.966631 12.547575
6.068184 0.965926 2.349707
6.133740 0.964663 2.350060
6.199066 0.963543 2.358688
6.264393 0.962566 2.350344
6.329720 0.961730 2.358716
6.395046 0.961037 2.350479
6.460602 0.960488 2.349493
6.525929 0.960088 2.357249
6.591256 0.959837 2.349495
6.656582 0.959734 2.357878
6.721909 0.959778 2.348057
6.787236 0.959967 2.355793
6.852562 0.960302 2.347385
6.918118 0.960783 2.347092
6.957773 0.961142 5.124757
6.965795 0.961221 12.532011
6.968088 0.961244 12.508302
6.970150 0.960924 13.960871
6.972214 0.957951 12.465674
6.974277 0.953551 13.913242
6.976339 0.948800 12.435450
6.978402 0.946070 13.899976
6.980465 0.944513 12.429606
6.982528 0.943568 13.893522
6.984591 0.943025 12.423933
6.986654 0.942640 13.887214
6.988717 0.942316 12.418182
6.990780 0.942045 13.880571
6.992843 0.941872 12.412000
6.994906 0.941770 13.873560
6.996969 0.941710 12.406241
6.999032 0.941679 13.870210
7.001095 0.941702 12.406008
7.003158 0.941777 13.870512
7.005221 0.941911 12.406125
7.007284 0.942105 13.870386
7.009347 0.942368 12.406873
7.011410 0.942704 13.872753
7.013472 0.943135 12.409515
7.015535 0.943677 13.875821
7.017598 0.944283 12.412292
7.019661 0.945079 13.886948
7.021724 0.946293 12.444213
7.023787 0.949057 13.939170
7.025850 0.953985 12.490936
7.027913 0.958680 13.991424
7.029976 0.961685 12.534934
7.032039 0.961953 14.020447
7.034102 0.961978 12.542706
7.068026 0.962409 2.345114
7.133582 0.963342 2.343282
7.198909 0.964409 2.350208
7.264235 0.965609 2.338472
7.329562 0.966938 2.344858
7.394889 0.968387 2.335805
7.460445 0.969955 2.333403
7.525772 0.971619 2.340505
7.591098 0.973376 2.332713
7.656425 0.975207 2.338710
7.721752 0.977097 2.329976
7.787079 0.979031 2.338958
7.852061 0.980980 2.425893
7.917961 0.982966 2.329686
7.957616 0.984157 5.091678
7.965638 0.984398 12.450755
7.967930 0.984466 12.441416
7.969993 0.984310 13.898188
7.972056 0.981392 12.420462
7.974120 0.976673 13.874855
7.976182 0.971742 12.399677
7.978245 0.969224 13.853094
7.980308 0.968412 12.387227
7.982371 0.967942 13.845829
7.984434 0.967488 12.380968
7.986497 0.967167 13.838912
7.988560 0.966961 12.374962
7.990623 0.966789 13.833802
7.992686 0.966459 12.372231
7.994749 0.965894 13.831234
7.996812 0.965340 12.369695
7.998875 0.964973 13.828300
8.000938 0.965014 12.368516
8.003000 0.965221 13.830473
8.005064 0.965526 12.372239
8.007127 0.965883 13.834739
8.009189 0.966234 12.375900
8.011253 0.966626 13.838759
8.013315 0.967133 12.380445
8.015379 0.967753 13.844874
8.017441 0.968508 12.386071
8.019504 0.969443 13.851279
8.021567 0.970715 12.392130
8.023630 0.973204 13.863297
8.025693 0.977981 12.409089
8.027756 0.982693 13.884318
8.029819 0.985921 12.427979
8.031882 0.986359 13.905537
8.033945 0.986418 12.443405
8.035320 0.986458 27.826299
8.068327 0.987398 2.328561
8.133883 0.989182 2.329392
8.199210 0.990841 2.337250
8.264537 0.992372 2.329906
8.329864 0.993768 2.337381
8.395190 0.995022 2.329931
8.460746 0.996133 2.332357
8.526073 0.997087 2.339153
8.591400 0.997888 2.330024
8.656727 0.998533 2.338912
8.722054 0.999023 2.331667
8.787380 0.999359 2.341891
8.852707 0.999543 2.335316
8.918263 0.999581 2.339956
8.957918 0.999534 5.107264
8.965940 0.999518 12.490745
8.968233 0.999513 12.483714
8.970295 0.999012 13.948732
8.972358 0.995649 12.462375
8.974422 0.990869 13.917508
8.976484 0.986122 12.434056
8.978547 0.983882 13.885926
8.980610 0.982855 12.406387
8.982673 0.982172 13.864450
8.984736 0.981638 12.398072
8.986799 0.980847 13.858298
8.988862 0.980016 12.392450
8.990925 0.979288 13.852116
8.992988 0.978861 12.388991
8.995051 0.978852 13.853313
8.997114 0.979220 12.392615
8.999177 0.979688 13.857232
9.001240 0.980071 12.395887
9.003303 0.980141 13.860982
9.005366 0.980345 12.399916
9.007428 0.980647 13.866164
9.009492 0.981005 12.404686
9.011554 0.981357 13.871569
9.013617 0.981469 12.409413
9.015681 0.981536 13.878401
9.017743 0.981788 12.417653
9.019806 0.982556 13.888370
9.021869 0.983956 12.426669
9.023932 0.986919 13.898561
9.025995 0.991820 12.440972
9.028058 0.996361 13.927391
9.030121 0.999176 12.473123
9.032184 0.999311 13.963395
9.034247 0.999302 12.505388
9.068171 0.999142 2.341121
9.133727 0.998740 2.341087
9.199054 0.998225 2.350970
9.264381 0.997607 2.343679
9.329708 0.996898 2.363760
9.395034 0.996137 2.343227
9.460590 0.995364 2.344246
9.525917 0.994591 2.351916
9.591244 0.993823 2.345064
9.656571 0.993065 2.352905
9.721898 0.992322 2.344364
9.787225 0.991601 2.352800
9.851558 0.990921 2.440964
9.918108 0.990255 2.345271
9.957762 0.989879 5.122033
9.965785 0.989805 12.533732
9.968077 0.989784 12.526311
9.970140 0.989418 13.997431
9.972203 0.986273 12.512372
9.974266 0.981578 13.976597
9.976329 0.976722 12.488771
9.978392 0.974102 13.949146
9.980455 0.972766 12.464258
9.982518 0.971851 13.921826
9.984581 0.971153 12.445490
9.986643 0.970608 13.910309
9.988706 0.970192 12.437957
9.990769 0.969885 13.901626
9.992832 0.969654 12.430071
9.994895 0.969481 13.894158
9.996958 0.969389 12.426836
9.999021 0.969504 13.893146
10.001084 0.969709 12.426026
10.003147 0.969928 13.892109
10.005210 0.970052 12.425316
10.007273 0.969954 13.894559
10.009336 0.969752 12.430529
10.011399 0.969640 13.901004
10.013462 0.969834 12.436394
10.015525 0.970659 13.907632
10.017588 0.971789 12.450167
10.019651 0.973099 13.936290
10.021714 0.974566 12.479859
10.023777 0.977136 13.969561
10.025840 0.981743 12.509684
10.027902 0.986128 13.999278
10.029965 0.988982 12.526280
10.032028 0.989219 14.010153
10.034091 0.989201 12.535887
10.068016 0.988921 2.346014
10.133572 0.988419 2.346746
10.198898 0.987973 2.355828
10.264225 0.987581 2.348226
10.329552 0.987239 2.356669
10.394879 0.986948 2.348126
10.460435 0.986712 2.349154
10.525762 0.986535 2.357281
10.591089 0.986420 2.349875
10.656416 0.986367 2.358874
10.721743 0.986379 2.350610
10.787070 0.986456 2.358462
10.852397 0.986596 2.350589
10.917953 0.986800 2.350623
10.957607 0.986954 5.129660
10.965630 0.986987 12.554287
10.967922 0.986997 12.545447
10.969985 0.986797 14.017395
10.972048 0.983876 12.529678
10.974111 0.979286 13.999867
10.976174 0.974398 12.511500
10.978237 0.971547 13.973079
10.980300 0.970175 12.484075
10.982363 0.969300 13.942159
10.984426 0.968775 12.456453
10.986488 0.968416 13.914673
10.988552 0.968107 12.448746
10.990614 0.967737 13.922729
10.992678 0.967362 12.456918
10.994740 0.967049 13.931603
10.996803 0.966843 12.464488
10.998867 0.966795 13.935612
11.000929 0.966808 12.462863
11.002992 0.966878 13.932251
11.005055 0.967005 12.459952
11.007118 0.967188 13.928865
11.009181 0.967453 12.456942
11.011244 0.967808 13.926111
11.013307 0.968259 12.454895
11.015370 0.968815 13.923937
11.017433 0.969632 12.453054
11.019496 0.970703 13.926028
11.021559 0.972011 12.475383
11.023622 0.974294 13.971119
11.025685 0.978909 12.516927
11.027748 0.983562 14.017603
11.029811 0.986888 12.557691
11.031873 0.987300 14.047582
11.033937 0.987311 12.566226
11.035312 0.987318 28.101198
11.068319 0.987498 2.351503
11.133875 0.987898 2.351194
11.199202 0.988360 2.358734
11.264529 0.988883 2.350105
11.329856 0.989462 2.358317
11.395183 0.990092 2.349684
11.460739 0.990767 2.349304
11.526066 0.991479 2.357238
11.591393 0.992220 2.348234
11.656720 0.992982 2.356586
11.722047 0.993759 2.347859
11.787374 0.994547 2.355689
11.851058 0.995320 2.443608
11.918257 0.996135 2.348166
11.957912 0.996613 5.124551
11.965934 0.996710 12.549954
11.968226 0.996737 12.542202
11.970289 0.996269 14.003396
11.972352 0.992974 12.507792
11.974415 0.988318 13.964910
11.976478 0.983740 12.473424
11.978541 0.981673 13.928890
11.980604 0.980674 12.453148
11.982667 0.979974 13.917933
11.984730 0.979212 12.443812
11.986793 0.978497 13.907320
11.988856 0.977898 12.434547
11.990919 0.977516 13.899622
11.992982 0.977249 12.430735
11.995045 0.976980 13.896401
11.997108 0.976765 12.427766
11.999171 0.976653 13.892814
12.001234 0.976694 12.427021
12.003297 0.976921 13.898419
12.005360 0.977251 12.435279
12.007423 0.977620 13.907763
12.009486 0.977942 12.443705
12.011548 0.978209 13.915954
12.013612 0.978517 12.445568
12.015674 0.978950 13.912892
12.017737 0.979613 12.442622
12.019801 0.980579 13.909713
12.021863 0.981921 12.440872
12.023926 0.984846 13.926054
12.025989 0.989783 12.476535
12.028052 0.994424 13.972338
12.030115 0.997318 12.517956
12.032178 0.997490 14.018685
12.034241 0.997514 12.550390
12.068165 0.997883 2.346870
12.133721 0.998526 2.347046
12.199048 0.999062 2.354903
12.264375 0.999485 2.346464
12.329702 0.999783 2.354210
12.395029 0.999949 2.346860
12.460586 0.999975 2.346618
12.525913 0.999855 2.354683
12.591240 0.999586 2.346832
12.656567 0.999163 2.355665
12.721894 0.998585 2.347227
12.787221 0.997851 2.356433
12.852548 0.996962 2.348401
12.918104 0.995917 2.348233
12.957759 0.995211 5.139272
12.965781 0.995062 12.569726
12.968073 0.995019 12.559118
12.970136 0.994642 14.028419
12.972199 0.991486 12.530983
12.974262 0.986809 13.989575
12.976325 0.982031 12.494285
12.978388 0.979449 13.948524
12.980451 0.978051 12.457615
12.982514 0.976980 13.918693
12.984577 0.976154 12.448889
12.986640 0.975689 13.917830
12.988703 0.975421 12.447887
12.990766 0.975247 13.916538
12.992829 0.975059 12.447566
12.994891 0.974899 13.919258
12.996955 0.974912 12.452136
12.999017 0.975001 13.924620
13.001081 0.975101 12.456844
13.003143 0.975124 13.929362
13.005207 0.975028 12.457641
13.007269 0.974904 13.926067
13.009332 0.974863 12.454118
13.011395 0.975031 13.922242
13.013458 0.975337 12.450768
13.015522 0.975709 13.920755
13.017584 0.976243 12.453174
13.019647 0.977112 13.925442
13.021710 0.978470 12.457467
13.023773 0.981179 13.930357
13.025836 0.985994 12.465989
13.027899 0.990546 13.956024
13.029962 0.993527 12.499758
13.032025 0.993745 13.994306
13.034088 0.993702 12.534044
13.068012 0.992969 2.349582
13.133568 0.991450 2.350115
