9.918108 0.990250 2.345271
9.957762 0.989876 5.122033
9.965785 0.989803 12.533732
9.968077 0.989782 12.526311
9.970140 0.989419 13.997431
9.972203 0.986265 12.512372
9.974266 0.981520 13.976597
9.976329 0.976560 12.488771
9.978392 0.973829 13.949146
9.980455 0.972577 12.464258
9.982518 0.971977 13.921826
9.984581 0.971616 12.445490
9.986643 0.971286 13.910309
9.988706 0.970716 12.437957
9.990769 0.970116 13.901626
9.992832 0.969587 12.430071
9.994895 0.969250 13.894158
9.996958 0.969131 12.426836
9.999021 0.969115 13.893146
10.001084 0.969164 12.426026
10.003147 0.969257 13.892109
10.005210 0.969363 12.425316
10.007273 0.969527 13.894559
10.009336 0.969769 12.430529
10.011399 0.970087 13.901004
10.013462 0.970493 12.436394
10.015525 0.971082 13.907632
10.017588 0.971862 12.450167
10.019651 0.972856 13.936290
10.021714 0.974281 12.479859
10.023777 0.976994 13.969561
10.025840 0.981718 12.509684
10.027902 0.986140 13.999278
10.029965 0.988987 12.526280
10.032028 0.989221 14.010153
10.034091 0.989204 12.535887
10.068016 0.988926 2.346014
10.133572 0.988427 2.346746
10.198898 0.987983 2.355828
10.264225 0.987594 2.348226
10.329552 0.987253 2.356669
10.394879 0.986964 2.348126
10.460435 0.986728 2.349154
10.525762 0.986551 2.357281
10.591089 0.986432 2.349875
10.656416 0.986375 2.358874
10.721743 0.986382 2.350610
10.787070 0.986455 2.358462
10.852397 0.986594 2.350589
10.917953 0.986800 2.350623
10.957607 0.986955 5.129660
10.965630 0.986989 12.554287
10.967922 0.986999 12.545447
10.969985 0.986797 14.017395
10.972048 0.983905 12.529678
10.974111 0.979397 13.999867
10.976174 0.974587 12.511500
10.978237 0.971784 13.973079
10.980300 0.970406 12.484075
10.982363 0.969480 13.942159
10.984426 0.968861 12.456453
10.986488 0.968403 13.914673
10.988552 0.968035 12.448746
10.990614 0.967618 13.922729
10.992678 0.967135 12.456918
10.994740 0.966708 13.931603
10.996803 0.966424 12.464488
10.998867 0.966395 13.935612
11.000929 0.966697 12.462863
11.002992 0.967150 13.932251
11.005055 0.967620 12.459952
11.007118 0.967906 13.928865
11.009181 0.968024 12.456942
11.011244 0.968083 13.926111
11.013307 0.968234 12.454895
11.015370 0.968607 13.923937
11.017433 0.969343 12.453054
11.019496 0.970304 13.926028
11.021559 0.971606 12.475383
11.023622 0.974108 13.971119
11.025685 0.978920 12.516927
11.027748 0.983668 14.017603
11.029811 0.986906 12.557691
11.031873 0.987307 14.047582
11.033937 0.987318 12.566226
11.035312 0.987325 28.101198
11.068319 0.987508 2.351503
11.133875 0.987916 2.351194
11.199202 0.988381 2.358734
11.264529 0.988900 2.350105
11.329856 0.989471 2.358317
11.395183 0.990089 2.349684
11.460739 0.990751 2.349304
11.526066 0.991447 2.357238
11.591393 0.992174 2.348234
11.656720 0.992929 2.356586
11.722047 0.993706 2.347859
11.787374 0.994498 2.355689
11.851058 0.995280 2.443608
11.918257 0.996106 2.348166
11.957912 0.996592 5.124551
11.965934 0.996690 12.549954
11.968226 0.996718 12.542202
11.970289 0.996259 14.003396
11.972352 0.993007 12.507792
11.974415 0.988394 13.964910
11.976478 0.983830 12.473424
11.978541 0.981675 13.928890
11.980604 0.980578 12.453148
11.982667 0.979795 13.917933
11.984730 0.979135 12.443812
11.986793 0.978595 13.907320
11.988856 0.978166 12.434547
11.990919 0.977862 13.899622
11.992982 0.977584 12.430735
11.995045 0.977284 13.896401
11.997108 0.977036 12.427766
11.999171 0.976902 13.892814
12.001234 0.976937 12.427021
12.003297 0.977078 13.898419
12.005360 0.977294 12.435279
12.007423 0.977562 13.907763
12.009486 0.977854 12.443705
12.011548 0.978062 13.915954
12.013612 0.978271 12.445568
12.015674 0.978610 13.912892
12.017737 0.979301 12.442622
12.019801 0.980542 13.909713
12.021863 0.982158 12.440872
12.023926 0.985150 13.926054
12.025989 0.989930 12.476535
12.028052 0.994429 13.972338
12.030115 0.997309 12.517956
12.032178 0.997484 14.018685
12.034241 0.997508 12.550390
12.068165 0.997884 2.346870
12.133721 0.998538 2.347046
12.199048 0.999086 2.354903
12.264375 0.999517 2.346464
12.329702 0.999824 2.354210
12.395029 0.999996 2.346860
12.460586 1.000026 2.346618
12.525913 0.999905 2.354683
12.591240 0.999628 2.346832
12.656567 0.999192 2.355665
12.721894 0.998597 2.347227
12.787221 0.997844 2.356433
12.852548 0.996936 2.348401
12.918104 0.995871 2.348233
12.957759 0.995157 5.139272
12.965781 0.995006 12.569726
12.968073 0.994962 12.559118
12.970136 0.994583 14.028419
12.972199 0.991398 12.530983
12.974262 0.986669 13.989575
12.976325 0.981834 12.494285
12.978388 0.979271 13.948524
12.980451 0.978010 12.457615
12.982514 0.977102 13.918693
12.984577 0.976400 12.448889
12.986640 0.975916 13.917830
12.988703 0.975601 12.447887
12.990766 0.975378 13.916538
12.992829 0.975167 12.447566
12.994891 0.974975 13.919258
12.996955 0.974879 12.452136
12.999017 0.974845 13.924620
13.001081 0.974850 12.456844
13.003143 0.974867 13.929362
13.005207 0.974891 12.457641
13.007269 0.974949 13.926067
13.009332 0.975081 12.454118
13.011395 0.975322 13.922242
13.013458 0.975602 12.450768
13.015522 0.975934 13.920755
13.017584 0.976426 12.453174
13.019647 0.977232 13.925442
13.021710 0.978500 12.457467
13.023773 0.981109 13.930357
13.025836 0.985878 12.465989
13.027899 0.990450 13.956024
13.029962 0.993457 12.499758
13.032025 0.993681 13.994306
13.034088 0.993637 12.534044
13.068012 0.992902 2.349582
13.133568 0.991382 2.350115
13.198895 0.989743 2.359536
13.264222 0.987987 2.351317
13.329550 0.986123 2.360025
13.394877 0.984189 2.351494
13.460433 0.982229 2.352950
13.525760 0.980274 2.361739
13.591087 0.978334 2.354150
13.656414 0.976425 2.362699
13.721741 0.974561 2.355842
13.787068 0.972758 2.364975
13.850065 0.971091 2.452747
13.917951 0.969387 2.356762
13.957606 0.968442 5.144250
13.965629 0.968256 12.593388
13.967921 0.968203 12.587328
13.969984 0.967938 14.067018
13.972047 0.964931 12.576383
13.974110 0.960302 14.051433
13.976173 0.955486 12.558478
13.978236 0.952782 14.029954
13.980299 0.951478 12.539044
13.982361 0.950463 14.008249
13.984425 0.949660 12.524628
13.986487 0.949033 14.004585
13.988550 0.948558 12.527587
13.990614 0.948168 14.007912
13.992676 0.947854 12.530334
13.994739 0.947619 14.010271
13.996802 0.947461 12.529801
13.998865 0.947381 14.007090
14.000928 0.947360 12.526896
14.002991 0.947390 14.003956
14.005054 0.947458 12.524145
14.007117 0.947649 14.003186
14.009180 0.947972 12.526404
14.011243 0.948369 14.006760
14.013306 0.948799 12.529702
14.015369 0.949293 14.010561
14.017432 0.949956 12.537440
14.019495 0.950818 14.029753
14.021558 0.951954 12.559717
14.023621 0.954236 14.054674
14.025684 0.958796 12.582090
14.027747 0.963335 14.078318
14.029810 0.966438 12.595917
14.031873 0.966781 14.086480
14.033936 0.966737 12.602551
14.035311 0.966708 28.185002
14.068318 0.966022 2.356729
14.133875 0.964755 2.357273
14.199202 0.963626 2.364357
14.264455 0.962638 2.365005
14.329856 0.961784 2.364742
14.395183 0.961072 2.356184
14.460739 0.960502 2.357221
14.526066 0.960081 2.365223
14.591394 0.959808 2.355489
14.656721 0.959683 2.364294
14.722048 0.959708 2.355623
14.787375 0.959885 2.362547
14.852702 0.960214 2.354184
14.918258 0.960696 2.354379
14.957913 0.961060 5.139929
14.965936 0.961140 12.585305
14.968228 0.961163 12.571703
14.970291 0.960704 14.041830
14.972354 0.957576 12.547125
14.974417 0.953125 14.014437
14.976480 0.948481 12.523438
14.978543 0.946022 13.989895
14.980606 0.944577 12.502420
14.982668 0.943656 13.966143
14.984732 0.943048 12.480987
14.986795 0.942591 13.944356
14.988858 0.942229 12.472311
14.990920 0.941974 13.945338
14.992983 0.941819 12.473922
14.995047 0.941732 13.947086
14.997109 0.941681 12.475269
14.999173 0.941645 13.948922
15.001235 0.941608 12.477515
15.003298 0.941610 13.951704
15.005361 0.941683 12.480105
15.007424 0.941870 13.954703
15.009487 0.942129 12.480587
15.011550 0.942459 13.949840
15.013613 0.942886 12.473698
15.015676 0.943445 13.942249
15.017739 0.944188 12.467009
15.019802 0.945162 13.939564
15.021865 0.946535 12.488348
15.023928 0.949469 13.986541
15.025991 0.954350 12.531517
15.028054 0.958909 14.034802
15.030117 0.961716 12.573777
15.032180 0.961886 14.064840
15.034243 0.961911 12.580605
15.068167 0.962352 2.352123
15.133723 0.963309 2.352519
15.199050 0.964398 2.359613
15.264378 0.965617 2.351331
15.329705 0.966958 2.358374
15.395032 0.968413 2.349812
15.460588 0.969978 2.348565
15.525916 0.971631 2.356737
15.591243 0.973366 2.347957
15.656570 0.975173 2.355354
15.721897 0.977038 2.347962
15.787224 0.978947 2.355663
15.852551 0.980883 2.346865
15.920591 0.982912 2.442926
15.957763 0.984020 5.125630
15.965785 0.984259 12.545764
15.968077 0.984327 12.539010
15.970140 0.984040 14.002247
15.972203 0.980926 12.508199
15.974266 0.976276 13.966878
15.976329 0.971550 12.476541
15.978392 0.969184 13.932303
15.980455 0.968118 12.455742
15.982518 0.967384 13.921883
15.984581 0.966966 12.448464
15.986644 0.966802 13.913509
15.988707 0.966749 12.440800
15.990770 0.966649 13.905924
15.992833 0.966331 12.435573
15.994896 0.965848 13.900917
15.996959 0.965393 12.431197
15.999022 0.965116 13.895969
16.001085 0.965175 12.427524
16.003148 0.965320 13.895748
16.005211 0.965535 12.430165
16.007274 0.965805 13.899001
16.009337 0.966123 12.433177
16.011400 0.966529 13.902488
16.013463 0.967053 12.436334
16.015526 0.967692 13.906003
16.017588 0.968450 12.439533
16.019652 0.969351 13.909695
16.021714 0.970598 12.442939
16.023778 0.973245 13.925297
16.025840 0.978104 12.475713
16.027904 0.982800 13.970996
16.029966 0.985893 12.516349
16.032029 0.986208 14.016435
16.034092 0.986268 12.551259
16.068017 0.987232 2.346294
16.133573 0.989015 2.346703
16.198900 0.990680 2.354888
16.264227 0.992224 2.346584
16.329555 0.993639 2.355157
16.394882 0.994919 2.346962
16.460438 0.996062 2.346228
16.525765 0.997049 2.355546
16.591093 0.997881 2.347575
16.656420 0.998554 2.355548
16.721747 0.999066 2.348390
16.787074 0.999418 2.357216
16.852402 0.999611 2.348570
16.917958 0.999648 2.348842
16.957613 0.999599 5.128615
16.965636 0.999582 12.564982
16.967928 0.999577 12.566155
16.969991 0.999354 14.046433
16.972054 0.996437 12.543406
16.974117 0.991781 14.000090
16.976180 0.986847 12.500481
16.978243 0.983995 13.951759
16.980305 0.982690 12.457671
16.982368 0.981817 13.925524
16.984431 0.981156 12.452800
16.986494 0.980622 13.919837
16.988557 0.980208 12.447746
16.990620 0.979891 13.913952
16.992683 0.979645 12.442644
16.994746 0.979492 13.910757
16.996809 0.979483 12.442063
16.998872 0.979551 13.910596
17.000935 0.979646 12.442022
17.002998 0.979703 13.910495
17.005061 0.979982 12.442969
17.007124 0.980438 13.913597
17.009187 0.980952 12.446484
17.011250 0.981387 13.917643
17.013313 0.981582 12.450205
17.015376 0.981716 13.926523
17.017439 0.982006 12.470374
17.019502 0.982673 13.958025
17.021565 0.983919 12.498536
17.023628 0.986396 13.989590
17.025691 0.991155 12.526237
17.027754 0.995826 14.016265
17.029817 0.998998 12.546194
17.031880 0.999368 14.037654
17.033943 0.999359 12.565140
17.035318 0.999353 28.110690
17.068325 0.999191 2.349425
17.133882 0.998777 2.350784
17.199209 0.998249 2.358635
17.264536 0.997618 2.350484
17.329864 0.996897 2.358931
17.395191 0.996125 2.351027
