8.852707 0.999598 2.335316
8.918263 0.999629 2.339956
8.957918 0.999577 5.107264
8.965940 0.999561 12.490745
8.968233 0.999555 12.483714
8.970295 0.999080 13.948732
8.972358 0.995891 12.462375
8.974422 0.991281 13.917508
8.976484 0.986668 12.434056
8.978547 0.984259 13.885926
8.980610 0.982829 12.406387
8.982673 0.981718 13.864450
8.984736 0.980879 12.398072
8.986799 0.980539 13.858298
8.988862 0.980413 12.392450
8.990925 0.980374 13.852116
8.992988 0.980258 12.388991
8.995051 0.980040 13.853313
8.997114 0.979788 12.392615
8.999177 0.979578 13.857232
9.001240 0.979464 12.395887
9.003303 0.979514 13.860982
9.005366 0.979721 12.399916
9.007428 0.980027 13.866164
9.009492 0.980391 12.404686
9.011554 0.980753 13.871569
9.013617 0.981002 12.409413
9.015681 0.981281 13.878401
9.017743 0.981732 12.417653
9.019806 0.982519 13.888370
9.021869 0.983776 12.426669
9.023932 0.986708 13.898561
9.025995 0.991676 12.440972
9.028058 0.996356 13.927391
9.030121 0.999214 12.473123
9.032184 0.999345 13.963395
9.034247 0.999337 12.505388
9.068171 0.999173 2.341121
9.133727 0.998763 2.341087
9.199054 0.998242 2.350970
9.264381 0.997619 2.343679
9.329708 0.996906 2.363760
9.395034 0.996144 2.343227
9.460590 0.995371 2.344246
9.525917 0.994600 2.351916
9.591244 0.993833 2.345064
9.656571 0.993076 2.352905
9.721898 0.992336 2.344364
9.787225 0.991616 2.352800
9.851558 0.990935 2.440964
9.918108 0.990264 2.345271
9.957762 0.989882 5.122033
9.965785 0.989807 12.533732
9.968077 0.989786 12.526311
9.970140 0.989424 13.997431
9.972203 0.986307 12.512372
9.974266 0.981667 13.976597
9.976329 0.976894 12.488771
9.978392 0.974342 13.949146
9.980455 0.973164 12.464258
9.982518 0.972492 13.921826
9.984581 0.972043 12.445490
9.986643 0.971660 13.910309
9.988706 0.971179 12.437957
9.990769 0.970731 13.901626
9.992832 0.970354 12.430071
9.994895 0.970102 13.894158
9.996958 0.969927 12.426836
9.999021 0.969615 13.893146
10.001084 0.969314 12.426026
10.003147 0.969117 13.892109
10.005210 0.969175 12.425316
10.007273 0.969498 13.894559
10.009336 0.970009 12.430529
10.011399 0.970587 13.901004
10.013462 0.971119 12.436394
10.015525 0.971532 13.907632
10.017588 0.972055 12.450167
10.019651 0.972806 13.936290
10.021714 0.974048 12.479859
10.023777 0.976716 13.969561
10.025840 0.981487 12.509684
10.027902 0.986025 13.999278
10.029965 0.988971 12.526280
10.032028 0.989211 14.010153
10.034091 0.989193 12.535887
10.068016 0.988907 2.346014
10.133572 0.988391 2.346746
10.198898 0.987931 2.355828
10.264225 0.987526 2.348226
10.329552 0.987173 2.356669
10.394879 0.986877 2.348126
10.460435 0.986638 2.349154
10.525762 0.986462 2.357281
10.591089 0.986350 2.349875
10.656416 0.986304 2.358874
10.721743 0.986325 2.350610
10.787070 0.986415 2.358462
10.852397 0.986573 2.350589
10.917953 0.986796 2.350623
10.957607 0.986961 5.129660
10.965630 0.986998 12.554287
10.967922 0.987008 12.545447
10.969985 0.986806 14.017395
10.972048 0.983902 12.529678
10.974111 0.979369 13.999867
10.976174 0.974550 12.511500
10.978237 0.971758 13.973079
10.980300 0.970404 12.484075
10.982363 0.969528 13.942159
10.984426 0.968986 12.456453
10.986488 0.968607 13.914673
10.988552 0.968288 12.448746
10.990614 0.967944 13.922729
10.992678 0.967626 12.456918
10.994740 0.967373 13.931603
10.996803 0.967207 12.464488
10.998867 0.967175 13.935612
11.000929 0.967384 12.462863
11.002992 0.967713 13.932251
11.005055 0.968070 12.459952
11.007118 0.968318 13.928865
11.009181 0.968498 12.456942
11.011244 0.968688 13.926111
11.013307 0.968968 12.454895
11.015370 0.969405 13.923937
11.017433 0.969911 12.453054
11.019496 0.970565 13.926028
11.021559 0.971640 12.475383
11.023622 0.974170 13.971119
11.025685 0.979045 12.516927
11.027748 0.983795 14.017603
11.029811 0.986940 12.557691
11.031873 0.987331 14.047582
11.033937 0.987342 12.566226
11.035312 0.987350 28.101198
11.068319 0.987539 2.351503
11.133875 0.987956 2.351194
11.199202 0.988425 2.358734
11.264529 0.988943 2.350105
11.329856 0.989509 2.358317
11.395183 0.990119 2.349684
11.460739 0.990771 2.349304
11.526066 0.991458 2.357238
11.591393 0.992177 2.348234
11.656720 0.992926 2.356586
11.722047 0.993698 2.347859
11.787374 0.994487 2.355689
11.851058 0.995265 2.443608
11.918257 0.996088 2.348166
11.957912 0.996570 5.124551
11.965934 0.996667 12.549954
11.968226 0.996695 12.542202
11.970289 0.996236 14.003396
11.972352 0.992941 12.507792
11.974415 0.988207 13.964910
11.976478 0.983531 12.473424
11.978541 0.981386 13.928890
11.980604 0.980408 12.453148
11.982667 0.979732 13.917933
11.984730 0.979067 12.443812
11.986793 0.978499 13.907320
11.988856 0.978044 12.434547
11.990919 0.977727 13.899622
11.992982 0.977463 12.430735
11.995045 0.977196 13.896401
11.997108 0.976983 12.427766
11.999171 0.976872 13.892814
12.001234 0.976911 12.427021
12.003297 0.977116 13.898419
12.005360 0.977416 12.435279
12.007423 0.977757 13.907763
12.009486 0.978069 12.443705
12.011548 0.978364 13.915954
12.013612 0.978721 12.445568
12.015674 0.979198 13.912892
12.017737 0.979920 12.442622
12.019801 0.981044 13.909713
12.021863 0.982533 12.440872
12.023926 0.985427 13.926054
12.025989 0.990107 12.476535
12.028052 0.994504 13.972338
12.030115 0.997285 12.517956
12.032178 0.997453 14.018685
12.034241 0.997476 12.550390
12.068165 0.997848 2.346870
12.133721 0.998494 2.347046
12.199048 0.999034 2.354903
12.264375 0.999461 2.346464
12.329702 0.999767 2.354210
12.395029 0.999942 2.346860
12.460586 0.999981 2.346618
12.525913 0.999873 2.354683
12.591240 0.999610 2.346832
12.656567 0.999189 2.355665
12.721894 0.998609 2.347227
12.787221 0.997869 2.356433
12.852548 0.996970 2.348401
12.918104 0.995912 2.348233
12.957759 0.995200 5.139272
12.965781 0.995049 12.569726
12.968073 0.995006 12.559118
12.970136 0.994642 14.028419
12.972199 0.991601 12.530983
12.974262 0.986936 13.989575
12.976325 0.982097 12.494285
12.978388 0.979416 13.948524
12.980451 0.978092 12.457615
12.982514 0.977171 13.918693
12.984577 0.976461 12.448889
12.986640 0.975870 13.917830
12.988703 0.975374 12.447887
12.990766 0.974973 13.916538
12.992829 0.974669 12.447566
12.994891 0.974520 13.919258
12.996955 0.974576 12.452136
12.999017 0.974715 13.924620
13.001081 0.974854 12.456844
13.003143 0.974882 13.929362
13.005207 0.974889 12.457641
13.007269 0.974921 13.926067
13.009332 0.975027 12.454118
13.011395 0.975259 13.922242
13.013458 0.975559 12.450768
13.015522 0.975924 13.920755
13.017584 0.976450 12.453174
13.019647 0.977298 13.925442
13.021710 0.978621 12.457467
13.023773 0.981292 13.930357
13.025836 0.986053 12.465989
13.027899 0.990564 13.956024
13.029962 0.993511 12.499758
13.032025 0.993725 13.994306
13.034088 0.993681 12.534044
13.068012 0.992946 2.349582
13.133568 0.991424 2.350115
13.198895 0.989781 2.359536
13.264222 0.988020 2.351317
13.329550 0.986150 2.360025
13.394877 0.984211 2.351494
13.460433 0.982245 2.352950
13.525760 0.980283 2.361739
13.591087 0.978337 2.354150
13.656414 0.976422 2.362699
13.721741 0.974553 2.355842
13.787068 0.972748 2.364975
13.850065 0.971080 2.452747
13.917951 0.969376 2.356762
13.957606 0.968431 5.144250
13.965629 0.968244 12.593388
13.967921 0.968191 12.587328
13.969984 0.967922 14.067018
13.972047 0.964820 12.576383
13.974110 0.960119 14.051433
13.976173 0.955388 12.558478
13.978236 0.952877 14.029954
13.980299 0.951846 12.539044
13.982361 0.951037 14.008249
13.984425 0.950441 12.524628
13.986487 0.949960 14.004585
13.988550 0.949361 12.527587
13.990614 0.948692 14.007912
13.992676 0.948086 12.530334
13.994739 0.947674 14.010271
13.996802 0.947514 12.529801
13.998865 0.947420 14.007090
14.000928 0.947384 12.526896
14.002991 0.947400 14.003956
14.005054 0.947465 12.524145
14.007117 0.947564 14.003186
14.009180 0.947712 12.526404
14.011243 0.947935 14.006760
14.013306 0.948272 12.529702
14.015369 0.948866 14.010561
14.017432 0.949689 12.537440
14.019495 0.950706 14.029753
14.021558 0.951908 12.559717
14.023621 0.954182 14.054674
14.025684 0.958749 12.582090
14.027747 0.963306 14.078318
14.029810 0.966425 12.595917
14.031873 0.966769 14.086480
14.033936 0.966725 12.602551
14.035311 0.966696 28.185002
14.068318 0.966010 2.356729
14.133875 0.964742 2.357273
14.199202 0.963611 2.364357
14.264455 0.962619 2.365005
14.329856 0.961762 2.364742
14.395183 0.961048 2.356184
14.460739 0.960477 2.357221
14.526066 0.960056 2.365223
14.591394 0.959782 2.355489
14.656721 0.959658 2.364294
14.722048 0.959682 2.355623
14.787375 0.959859 2.362547
14.852702 0.960188 2.354184
14.918258 0.960671 2.354379
14.957913 0.961036 5.139929
14.965936 0.961117 12.585305
14.968228 0.961140 12.571703
14.970291 0.960677 14.041830
14.972354 0.957450 12.547125
14.974417 0.952842 14.014437
14.976480 0.948105 12.523438
14.978543 0.945652 13.989895
14.980606 0.944273 12.502420
14.982668 0.943296 13.966143
14.984732 0.942564 12.480987
14.986795 0.941986 13.944356
14.988858 0.941562 12.472311
14.990920 0.941478 13.945338
14.992983 0.941652 12.473922
14.995047 0.941898 13.947086
14.997109 0.942034 12.475269
14.999173 0.942026 13.948922
15.001235 0.942161 12.477515
15.003298 0.942372 13.951704
15.005361 0.942620 12.480105
15.007424 0.942836 13.954703
15.009487 0.942910 12.480587
15.011550 0.942938 13.949840
15.013613 0.943072 12.473698
15.015676 0.943483 13.942249
15.017739 0.944214 12.467009
15.019802 0.945173 13.939564
15.021865 0.946489 12.488348
15.023928 0.949351 13.986541
15.025991 0.954220 12.531517
15.028054 0.958811 14.034802
15.030117 0.961694 12.573777
15.032180 0.961867 14.064840
15.034243 0.961893 12.580605
15.068167 0.962337 2.352123
15.133723 0.963304 2.352519
15.199050 0.964406 2.359613
15.264378 0.965638 2.351331
15.329705 0.966991 2.358374
15.395032 0.968457 2.349812
15.460588 0.970028 2.348565
15.525916 0.971684 2.356737
15.591243 0.973417 2.347957
15.656570 0.975217 2.355354
15.721897 0.977073 2.347962
15.787224 0.978971 2.355663
15.852551 0.980896 2.346865
15.920591 0.982915 2.442926
15.957763 0.984017 5.125630
15.965785 0.984255 12.545764
15.968077 0.984323 12.539010
15.970140 0.984033 14.002247
15.972203 0.980948 12.508199
15.974266 0.976439 13.966878
15.976329 0.971851 12.476541
15.978392 0.969447 13.932303
15.980455 0.968176 12.455742
15.982518 0.967251 13.921883
15.984581 0.966698 12.448464
15.986644 0.966368 13.913509
15.988707 0.966152 12.440800
15.990770 0.965966 13.905924
15.992833 0.965689 12.435573
15.994896 0.965321 13.900917
15.996959 0.964993 12.431197
15.999022 0.964805 13.895969
16.001085 0.964861 12.427524
16.003148 0.964918 13.895748
16.005211 0.965013 12.430165
16.007274 0.965175 13.899001
16.009337 0.965459 12.433177
16.011400 0.966042 13.902488
16.013463 0.966887 12.436334
16.015526 0.967840 13.906003
16.017588 0.968797 12.439533
16.019652 0.969818 13.909695
16.021714 0.971176 12.442939
16.023778 0.973749 13.925297
16.025840 0.978374 12.475713
16.027904 0.982856 13.970996
16.029966 0.985884 12.516349
16.032029 0.986198 14.016435
16.034092 0.986257 12.551259
16.068017 0.987220 2.346294
16.133573 0.989003 2.346703
16.198900 0.990672 2.354888
16.264227 0.992221 2.346584
16.329555 0.993643 2.355157
