2.460781 0.986643 2.349717
2.526107 0.986490 2.359608
2.591434 0.986398 2.350187
2.656760 0.986367 2.358553
2.722087 0.986398 2.351196
2.787414 0.986493 2.359080
2.852740 0.986649 2.350090
2.918296 0.986865 2.349932
2.957950 0.987025 5.131956
2.965973 0.987060 12.548457
2.968265 0.987070 12.527819
2.970328 0.986578 13.985789
2.972391 0.983323 12.490743
2.974454 0.978684 13.945229
2.976517 0.973888 12.466724
2.978579 0.971370 13.934055
2.980643 0.969928 12.459322
2.982705 0.969075 13.925891
2.984768 0.968566 12.452120
2.986832 0.968209 13.921958
2.988894 0.967885 12.454964
2.990957 0.967652 13.928073
2.993020 0.967546 12.460384
2.995083 0.967508 13.934246
2.997146 0.967477 12.464815
2.999209 0.967460 13.934546
3.001272 0.967603 12.461881
3.003335 0.967826 13.930852
3.005398 0.968081 12.458370
3.007461 0.968290 13.927000
3.009524 0.968416 12.455501
3.011586 0.968544 13.924509
3.013650 0.968775 12.453470
3.015713 0.969211 13.922257
3.017775 0.969759 12.451227
3.019839 0.970504 13.933586
3.021901 0.971671 12.483983
3.023964 0.974631 13.981469
3.026027 0.979656 12.526840
3.028090 0.984353 14.029416
3.030153 0.987242 12.563824
3.032216 0.987380 14.047412
3.034279 0.987391 12.564045
3.068203 0.987577 2.349237
3.133759 0.987978 2.346812
3.199085 0.988433 2.356284
3.264412 0.988942 2.347781
3.329738 0.989502 2.355282
3.395065 0.990109 2.344403
3.460621 0.990761 2.338912
3.525947 0.991449 2.349101
3.591274 0.992170 2.340051
3.656600 0.992921 2.346731
3.721927 0.993695 2.339289
3.787253 0.994486 2.344589
3.853573 0.995301 2.433125
3.918136 0.996099 2.335748
3.957790 0.996589 5.097166
3.965813 0.996688 12.478685
3.968105 0.996716 12.471314
3.970168 0.996369 13.932526
3.972231 0.993202 12.451991
3.974294 0.988548 13.911019
3.976357 0.983867 12.432841
3.978420 0.981642 13.892117
3.980483 0.980678 12.422415
3.982546 0.980023 13.885291
3.984608 0.979355 12.416401
3.986671 0.978761 13.878680
3.988734 0.978277 12.409972
3.990798 0.977942 13.867118
3.992860 0.977600 12.395525
3.994923 0.977131 13.849999
3.996986 0.976699 12.380153
3.999049 0.976430 13.832917
4.001112 0.976460 12.374468
4.003175 0.976672 13.842595
4.005238 0.976989 12.387939
4.007301 0.977350 13.857457
4.009364 0.977677 12.401015
4.011427 0.978082 13.871189
4.013490 0.978631 12.410926
4.015553 0.979293 13.880539
4.017616 0.980080 12.419389
4.019678 0.981099 13.890017
4.021741 0.982467 12.428363
4.023805 0.985120 13.905171
4.025867 0.989784 12.446738
4.027930 0.994267 13.926629
4.029993 0.997233 12.466019
4.032056 0.997489 13.948283
4.034119 0.997513 12.480399
4.068043 0.997894 2.335581
4.133599 0.998555 2.334653
4.198925 0.999108 2.341676
4.264252 0.999543 2.333758
4.329579 0.999848 2.341778
4.394905 1.000014 2.333456
4.460461 1.000034 2.333207
4.525788 0.999901 2.341363
4.591114 0.999613 2.332720
4.656441 0.999169 2.341869
4.721767 0.998567 2.333817
4.787094 0.997810 2.342858
4.852421 0.996899 2.335766
4.917977 0.995835 2.336017
4.957631 0.995119 5.101383
4.965654 0.994968 12.488890
4.967946 0.994925 12.484797
4.970009 0.994652 13.952688
4.972072 0.991628 12.468650
4.974134 0.987130 13.927639
4.976197 0.982511 12.445909
4.978260 0.979928 13.902304
4.980323 0.978451 12.423765
4.982387 0.977210 13.885575
4.984449 0.976248 12.417922
4.986512 0.975694 13.881787
4.988575 0.975305 12.414627
4.990638 0.975013 13.878217
4.992701 0.974767 12.412318
4.994764 0.974612 13.877720
4.996827 0.974689 12.412765
4.998890 0.974858 13.877952
5.000953 0.975025 12.412924
5.003016 0.975059 13.878590
5.005079 0.975049 12.415356
5.007142 0.975047 13.883159
5.009205 0.975118 12.419616
5.011268 0.975323 13.887731
5.013330 0.975523 12.423597
5.015394 0.975692 13.894096
5.017456 0.976023 12.431579
5.019519 0.976752 13.903815
5.021582 0.978087 12.440371
5.023645 0.980689 13.913660
5.025708 0.985530 12.451206
5.027771 0.990190 13.931283
5.029834 0.993321 12.469877
5.031897 0.993639 13.952258
5.033960 0.993595 12.488725
5.035335 0.993566 27.939771
5.068342 0.992847 2.336891
5.133898 0.991320 2.339283
5.199225 0.989673 2.351334
5.264551 0.987909 2.344102
5.329878 0.986038 2.354228
5.395205 0.984099 2.346998
5.460761 0.982137 2.346299
5.526087 0.980181 2.356943
5.591414 0.978239 2.348542
5.656740 0.976328 2.357198
5.722067 0.974462 2.349216
5.787394 0.972655 2.357012
5.853064 0.970916 2.445290
5.918276 0.969282 2.349371
5.957931 0.968339 5.129743
5.965953 0.968153 12.556887
5.968245 0.968100 12.551057
5.970308 0.967552 14.026699
5.972371 0.964243 12.538333
5.974435 0.959587 14.002967
5.976497 0.954997 12.510557
5.978561 0.952774 13.971526
5.980623 0.951494 12.482504
5.982686 0.950425 13.941049
5.984749 0.949549 12.466134
5.986812 0.948898 13.936376
5.988875 0.948629 12.463877
5.990938 0.948562 13.933755
5.993001 0.948565 12.461635
5.995064 0.948492 13.930163
5.997127 0.948263 12.456592
5.999190 0.947847 13.923666
6.001253 0.947438 12.450626
6.003316 0.947160 13.916739
6.005379 0.947199 12.446142
6.007441 0.947381 13.918632
6.009504 0.947658 12.452600
6.011567 0.948011 13.926282
6.013630 0.948423 12.459474
6.015693 0.949078 13.933946
6.017756 0.949949 12.469013
6.019819 0.951011 13.948305
6.021882 0.952234 12.482523
6.023945 0.954875 13.963516
6.026008 0.959481 12.496222
6.028071 0.963863 13.983068
6.030134 0.966588 12.520380
6.032197 0.966684 14.013392
6.034260 0.966641 12.547575
6.068184 0.965939 2.349707
6.133740 0.964681 2.350060
6.199066 0.963562 2.358688
6.264393 0.962584 2.350344
6.329720 0.961741 2.358716
6.395046 0.961038 2.350479
6.460602 0.960476 2.349493
6.525929 0.960063 2.357249
6.591256 0.959797 2.349495
6.656582 0.959679 2.357878
6.721909 0.959712 2.348057
6.787236 0.959895 2.355793
6.852562 0.960228 2.347385
6.918118 0.960712 2.347092
6.957773 0.961077 5.124757
6.965795 0.961157 12.532011
6.968088 0.961180 12.508302
6.970150 0.960846 13.960871
6.972214 0.957822 12.465674
6.974277 0.953384 13.913242
6.976339 0.948658 12.435450
6.978402 0.946017 13.899976
6.980465 0.944526 12.429606
6.982528 0.943663 13.893522
6.984591 0.943217 12.423933
6.986654 0.942930 13.887214
6.988717 0.942660 12.418182
6.990780 0.942404 13.880571
6.992843 0.942250 12.412000
6.994906 0.942167 13.873560
6.996969 0.942119 12.406241
6.999032 0.942072 13.870210
7.001095 0.941934 12.406008
7.003158 0.941807 13.870512
7.005221 0.941764 12.406125
7.007284 0.941913 13.870386
7.009347 0.942329 12.406873
7.011410 0.942941 13.872753
7.013472 0.943642 12.409515
7.015535 0.944314 13.875821
7.017598 0.944767 12.412292
7.019661 0.945371 13.886948
7.021724 0.946388 12.444213
7.023787 0.949034 13.939170
7.025850 0.953919 12.490936
7.027913 0.958599 13.991424
7.029976 0.961632 12.534934
7.032039 0.961903 14.020447
7.034102 0.961929 12.542706
7.068026 0.962369 2.345114
7.133582 0.963326 2.343282
7.198909 0.964418 2.350208
7.264235 0.965642 2.338472
7.329562 0.966992 2.344858
7.394889 0.968457 2.335805
7.460445 0.970034 2.333403
7.525772 0.971699 2.340505
7.591098 0.973447 2.332713
7.656425 0.975265 2.338710
7.721752 0.977140 2.329976
7.787079 0.979055 2.338958
7.852061 0.980985 2.425893
7.917961 0.982952 2.329686
7.957616 0.984133 5.091678
7.965638 0.984372 12.450755
7.967930 0.984440 12.441416
7.969993 0.984270 13.898188
7.972056 0.981261 12.420462
7.974120 0.976568 13.874855
7.976182 0.971681 12.399677
7.978245 0.969070 13.853094
7.980308 0.967967 12.387227
7.982371 0.967218 13.845829
7.984434 0.966799 12.380968
7.986497 0.966673 13.838912
7.988560 0.966670 12.374962
7.990623 0.966610 13.833802
7.992686 0.966307 12.372231
7.994749 0.965821 13.831234
7.996812 0.965355 12.369695
7.998875 0.965053 13.828300
8.000938 0.965098 12.368516
8.003000 0.965372 13.830473
8.005064 0.965776 12.372239
8.007127 0.966224 13.834739
8.009189 0.966609 12.375900
8.011253 0.967000 13.838759
8.013315 0.967511 12.380445
8.015379 0.968133 13.844874
8.017441 0.968860 12.386071
8.019504 0.969646 13.851279
8.021567 0.970752 12.392130
8.023630 0.973198 13.863297
8.025693 0.977996 12.409089
8.027756 0.982724 13.884318
8.029819 0.985894 12.427979
8.031882 0.986317 13.905537
8.033945 0.986376 12.443405
8.035320 0.986416 27.826299
8.068327 0.987348 2.328561
8.133883 0.989118 2.329392
8.199210 0.990766 2.337250
8.264537 0.992289 2.329906
8.329864 0.993682 2.337381
8.395190 0.994937 2.329931
8.460746 0.996055 2.332357
8.526073 0.997024 2.339153
8.591400 0.997845 2.330024
8.656727 0.998514 2.338912
8.722054 0.999029 2.331667
8.787380 0.999391 2.341891
8.852707 0.999600 2.335316
8.918263 0.999658 2.339956
8.957918 0.999621 5.107264
8.965940 0.999607 12.490745
8.968233 0.999603 12.483714
8.970295 0.999126 13.948732
8.972358 0.995913 12.462375
8.974422 0.991228 13.917508
8.976484 0.986522 12.434056
8.978547 0.984049 13.885926
8.980610 0.982616 12.406387
8.982673 0.981522 13.864450
8.984736 0.980695 12.398072
8.986799 0.980165 13.858298
8.988862 0.979754 12.392450
8.990925 0.979439 13.852116
8.992988 0.979196 12.388991
8.995051 0.979072 13.853313
8.997114 0.979104 12.392615
8.999177 0.979206 13.857232
9.001240 0.979322 12.395887
9.003303 0.979387 13.860982
9.005366 0.979759 12.399916
9.007428 0.980296 13.866164
9.009492 0.980873 12.404686
9.011554 0.981312 13.871569
9.013617 0.981476 12.409413
9.015681 0.981625 13.878401
9.017743 0.981952 12.417653
9.019806 0.982788 13.888370
9.021869 0.984245 12.426669
9.023932 0.987233 13.898561
9.025995 0.992082 12.440972
9.028058 0.996526 13.927391
9.030121 0.999280 12.473123
9.032184 0.999412 13.963395
9.034247 0.999404 12.505388
9.068171 0.999247 2.341121
9.133727 0.998848 2.341087
9.199054 0.998330 2.350970
9.264381 0.997704 2.343679
9.329708 0.996980 2.363760
9.395034 0.996200 2.343227
9.460590 0.995403 2.344246
9.525917 0.994605 2.351916
9.591244 0.993809 2.345064
9.656571 0.993022 2.352905
9.721898 0.992251 2.344364
9.787225 0.991504 2.352800
9.851558 0.990801 2.440964
9.918108 0.990116 2.345271
9.957762 0.989732 5.122033
