-0.176691 0.980218 2.410243
-0.111248 0.982174 2.331412
-0.056924 0.983801 2.851695
-0.034002 0.984485 12.423353
-0.031710 0.984554 12.414608
-0.029647 0.984048 13.868341
-0.027584 0.980650 12.393877
-0.025521 0.975879 13.845259
-0.023458 0.971213 12.373196
-0.021396 0.969103 13.825542
-0.019332 0.968037 12.361362
-0.017270 0.967289 13.815358
-0.015206 0.966856 12.352353
-0.013144 0.966643 13.805396
-0.011081 0.966533 12.344550
-0.009018 0.966388 13.800605
-0.006955 0.966109 12.342823
-0.004892 0.965766 13.798843
-0.002829 0.965474 12.341349
-0.000766 0.965330 13.797527
0.001297 0.965395 12.343198
0.003360 0.965474 13.803369
0.005423 0.965600 12.348805
0.007486 0.965794 13.809411
0.009549 0.966093 12.354273
0.011611 0.966467 13.816206
0.013675 0.966926 12.361367
0.015737 0.967508 13.824704
0.017801 0.968293 12.368946
0.019863 0.969393 13.832917
0.021926 0.970870 12.378055
0.023990 0.973921 13.850749
0.026052 0.978838 12.399275
0.028115 0.983426 13.874918
0.030178 0.986271 12.420968
0.032241 0.986442 13.898461
0.034304 0.986501 12.434277
0.068228 0.987467 2.323396
0.133784 0.989250 2.324845
0.199110 0.990908 2.332981
0.264436 0.992439 2.326127
0.329763 0.993833 2.334000
0.395089 0.995083 2.326118
0.460645 0.996186 2.325987
0.525971 0.997132 2.334643
0.591298 0.997924 2.326528
0.656624 0.998560 2.336023
0.721786 0.999040 2.337205
0.787277 0.999370 2.336607
0.852604 0.999549 2.330156
0.918159 0.999584 2.330822
0.957813 0.999537 5.085933
0.965836 0.999521 12.468206
0.968128 0.999516 12.471664
0.970191 0.999120 13.939630
0.972254 0.995897 12.450782
0.974317 0.991295 13.901197
0.976380 0.986688 12.416462
0.978443 0.984281 13.862887
0.980506 0.982795 12.384873
0.982569 0.981563 13.847191
0.984632 0.980626 12.388519
0.986695 0.980144 13.854434
0.988758 0.979826 12.395099
0.990820 0.979603 13.861903
0.992884 0.979404 12.400193
0.994946 0.979252 13.864652
0.997009 0.979215 12.401582
0.999073 0.979245 13.866184
1.001135 0.979308 12.403054
1.003198 0.979364 13.866424
1.005261 0.979636 12.399289
1.007324 0.980044 13.859242
1.009387 0.980507 12.392664
1.011450 0.980910 13.851608
1.013513 0.981174 12.386950
1.015576 0.981462 13.852971
1.017639 0.981915 12.395100
1.019701 0.982686 13.863370
1.021765 0.983916 12.404379
1.023827 0.986605 13.873482
1.025891 0.991449 12.417031
1.027954 0.996105 13.893977
1.030016 0.999103 12.437315
1.032079 0.999315 13.916751
1.034142 0.999306 12.457763
1.068066 0.999147 2.332798
1.133622 0.998746 2.334975
1.198948 0.998231 2.343019
1.264275 0.997611 2.335050
1.329601 0.996898 2.345742
1.394928 0.996131 2.337278
1.460483 0.995352 2.338537
1.525810 0.994575 2.347033
1.591136 0.993802 2.338794
1.656463 0.993041 2.348472
1.721789 0.992297 2.341717
1.787116 0.991576 2.353388
1.854085 0.990868 2.440165
1.917998 0.990227 2.346775
1.957652 0.989848 5.125130
1.965675 0.989774 12.531221
1.967967 0.989752 12.520809
1.970030 0.989475 13.988222
1.972093 0.986388 12.501412
1.974156 0.981728 13.964486
1.976219 0.976992 12.478986
1.978282 0.974470 13.939420
1.980345 0.973253 12.456648
1.982407 0.972197 13.915204
1.984470 0.971340 12.443894
1.986533 0.970688 13.912006
1.988596 0.970369 12.442703
1.990660 0.970257 13.910780
1.992722 0.970228 12.441709
1.994785 0.970175 13.908814
1.996848 0.969989 12.438487
1.998911 0.969578 13.904306
2.000974 0.969149 12.434224
2.003037 0.968840 13.899517
2.005100 0.968865 12.431193
2.007163 0.969078 13.900853
2.009226 0.969412 12.435654
2.011289 0.969821 13.906127
2.013352 0.970278 12.440170
2.015414 0.970836 13.911271
2.017478 0.971579 12.449138
2.019540 0.972531 13.926861
2.021603 0.973902 12.464037
2.023667 0.976492 13.943623
2.025729 0.981256 12.479001
2.027792 0.985824 13.964756
2.029855 0.988857 12.505286
2.031918 0.989184 13.997952
2.033981 0.989166 12.535044
2.035356 0.989154 28.051459
2.068364 0.988880 2.349182
2.133919 0.988375 2.348495
2.199246 0.987927 2.358274
2.264572 0.987536 2.350482
2.329899 0.987198 2.358612
2.395225 0.986914 2.350536
2.460781 0.986687 2.349717
2.526107 0.986519 2.359608
2.591434 0.986413 2.350187
2.656760 0.986368 2.358553
2.722087 0.986387 2.351196
2.787414 0.986471 2.359080
2.852740 0.986620 2.350090
2.918296 0.986833 2.349932
2.957950 0.986992 5.131956
2.965973 0.987027 12.548457
2.968265 0.987037 12.527819
2.970328 0.986537 13.985789
2.972391 0.983248 12.490743
2.974454 0.978567 13.945229
2.976517 0.973771 12.466724
2.978579 0.971296 13.934055
2.980643 0.969901 12.459322
2.982705 0.969016 13.925891
2.984768 0.968434 12.452120
2.986832 0.968005 13.921958
2.988894 0.967647 12.454964
2.990957 0.967463 13.928073
2.993020 0.967449 12.460384
2.995083 0.967504 13.934246
2.997146 0.967524 12.464815
2.999209 0.967461 13.934546
3.001272 0.967331 12.461881
3.003335 0.967222 13.930852
3.005398 0.967200 12.458370
3.007461 0.967360 13.927000
3.009524 0.967760 12.455501
3.011586 0.968323 13.924509
3.013650 0.968971 12.453470
3.015713 0.969590 13.922257
3.017775 0.970018 12.451227
3.019839 0.970617 13.933586
3.021901 0.971685 12.483983
3.023964 0.974651 13.981469
3.026027 0.979683 12.526840
3.028090 0.984363 14.029416
3.030153 0.987212 12.563824
3.032216 0.987349 14.047412
3.034279 0.987360 12.564045
3.068203 0.987549 2.349237
3.133759 0.987957 2.346812
3.199085 0.988420 2.356284
3.264412 0.988937 2.347781
3.329738 0.989505 2.355282
3.395065 0.990119 2.344403
3.460621 0.990777 2.338912
3.525947 0.991471 2.349101
3.591274 0.992198 2.340051
3.656600 0.992953 2.346731
3.721927 0.993731 2.339289
3.787253 0.994526 2.344589
3.853573 0.995343 2.433125
3.918136 0.996140 2.335748
3.957790 0.996627 5.097166
3.965813 0.996725 12.478685
3.968105 0.996753 12.471314
3.970168 0.996407 13.932526
3.972231 0.993249 12.451991
3.974294 0.988601 13.911019
3.976357 0.983909 12.432841
3.978420 0.981605 13.892117
3.980483 0.980549 12.422415
3.982546 0.979813 13.885291
3.984608 0.979144 12.416401
3.986671 0.978575 13.878680
3.988734 0.978118 12.409972
3.990798 0.977795 13.867118
3.992860 0.977477 12.395525
3.994923 0.977072 13.849999
3.996986 0.976709 12.380153
3.999049 0.976488 13.832917
4.001112 0.976516 12.374468
4.003175 0.976670 13.842595
4.005238 0.976908 12.387939
4.007301 0.977197 13.857457
4.009364 0.977501 12.401015
4.011427 0.977958 13.871189
4.013490 0.978598 12.410926
4.015553 0.979348 13.880539
4.017616 0.980136 12.419389
4.019678 0.980934 13.890017
4.021741 0.982083 12.428363
4.023805 0.984758 13.905171
4.025867 0.989630 12.446738
4.027930 0.994294 13.926629
4.029993 0.997269 12.466019
4.032056 0.997520 13.948283
4.034119 0.997544 12.480399
4.068043 0.997919 2.335581
4.133599 0.998568 2.334653
4.198925 0.999106 2.341676
4.264252 0.999527 2.333758
4.329579 0.999821 2.341778
4.394905 0.999980 2.333456
4.460461 0.999998 2.333207
4.525788 0.999872 2.341363
4.591114 0.999596 2.332720
4.656441 0.999167 2.341869
4.721767 0.998582 2.333817
4.787094 0.997841 2.342858
4.852421 0.996943 2.335766
4.917977 0.995886 2.336017
4.957631 0.995173 5.101383
4.965654 0.995022 12.488890
4.967946 0.994978 12.484797
4.970009 0.994704 13.952688
4.972072 0.991672 12.468650
4.974134 0.986968 13.927639
4.976197 0.982041 12.445909
4.978260 0.979255 13.902304
4.980323 0.977955 12.423765
4.982387 0.977045 13.885575
4.984449 0.976346 12.417922
4.986512 0.975804 13.881787
4.988575 0.975403 12.414627
4.990638 0.975098 13.878217
4.992701 0.974844 12.412318
4.994764 0.974666 13.877720
4.996827 0.974650 12.412765
4.998890 0.974712 13.877952
5.000953 0.974794 12.412924
5.003016 0.974819 13.878590
5.005079 0.974830 12.415356
5.007142 0.974865 13.883159
5.009205 0.974971 12.419616
5.011268 0.975195 13.887731
5.013330 0.975430 12.423597
5.015394 0.975665 13.894096
5.017456 0.976059 12.431579
5.019519 0.976804 13.903815
5.021582 0.978086 12.440371
5.023645 0.980662 13.913660
5.025708 0.985513 12.451206
5.027771 0.990220 13.931283
5.029834 0.993373 12.469877
5.031897 0.993690 13.952258
5.033960 0.993646 12.488725
5.035335 0.993617 27.939771
5.068342 0.992895 2.336891
5.133898 0.991359 2.339283
5.199225 0.989700 2.351334
5.264551 0.987922 2.344102
5.329878 0.986036 2.354228
5.395205 0.984083 2.346998
5.460761 0.982110 2.346299
5.526087 0.980147 2.356943
5.591414 0.978203 2.348542
5.656740 0.976294 2.357198
5.722067 0.974436 2.349216
5.787394 0.972643 2.357012
5.853064 0.970919 2.445290
5.918276 0.969299 2.349371
5.957931 0.968363 5.129743
5.965953 0.968179 12.556887
5.968245 0.968126 12.551057
5.970308 0.967571 14.026699
5.972371 0.964154 12.538333
5.974435 0.959300 14.002967
5.976497 0.954467 12.510557
5.978561 0.952069 13.971526
5.980623 0.950855 12.482504
5.982686 0.950044 13.941049
5.984749 0.949445 12.466134
5.986812 0.948947 13.936376
5.988875 0.948435 12.463877
5.990938 0.947976 13.933755
5.993001 0.947594 12.461635
5.995064 0.947332 13.930163
5.997127 0.947193 12.456592
5.999190 0.947145 13.923666
6.001253 0.947161 12.450626
6.003316 0.947220 13.916739
6.005379 0.947299 12.446142
6.007441 0.947471 13.918632
6.009504 0.947734 12.452600
6.011567 0.948073 13.926282
6.013630 0.948477 12.459474
6.015693 0.949069 13.933946
6.017756 0.949852 12.469013
6.019819 0.950839 13.948305
6.021882 0.952064 12.482523
6.023945 0.954765 13.963516
6.026008 0.959443 12.496222
6.028071 0.963874 13.983068
6.030134 0.966623 12.520380
6.032197 0.966720 14.013392
6.034260 0.966676 12.547575
6.068184 0.965978 2.349707
6.133740 0.964725 2.350060
6.199066 0.963608 2.358688
6.264393 0.962627 2.350344
6.329720 0.961782 2.358716
6.395046 0.961076 2.350479
6.460602 0.960511 2.349493
6.525929 0.960095 2.357249
6.591256 0.959826 2.349495
6.656582 0.959706 2.357878
6.721909 0.959737 2.348057
6.787236 0.959920 2.355793
6.852562 0.960256 2.347385
6.918118 0.960744 2.347092
6.957773 0.961113 5.124757
6.965795 0.961194 12.532011
6.968088 0.961217 12.508302
6.970150 0.960884 13.960871
6.972214 0.957828 12.465674
6.974277 0.953325 13.913242
6.976339 0.948611 12.435450
6.978402 0.946048 13.899976
6.980465 0.944670 12.429606
6.982528 0.943704 13.893522
6.984591 0.942995 12.423933
6.986654 0.942441 13.887214
6.988717 0.942026 12.418182
6.990780 0.941713 13.880571
6.992843 0.941459 12.412000
6.994906 0.941275 13.873560
6.996969 0.941165 12.406241
6.999032 0.941146 13.870210
7.001095 0.941278 12.406008
7.003158 0.941493 13.870512
7.005221 0.941749 12.406125
7.007284 0.941976 13.870386
7.009347 0.942189 12.406873
7.011410 0.942434 13.872753
7.013472 0.942776 12.409515
7.015535 0.943284 13.875821
7.017598 0.944039 12.412292
7.019661 0.945024 13.886948
7.021724 0.946372 12.444213
7.023787 0.949112 13.939170
7.025850 0.953979 12.490936
7.027913 0.958646 13.991424
7.029976 0.961676 12.534934
7.032039 0.961947 14.020447
7.034102 0.961973 12.542706
7.068026 0.962419 2.345114
7.133582 0.963385 2.343282
7.198909 0.964486 2.350208
7.264235 0.965718 2.338472
