6.721909 0.959738 2.348057
6.787236 0.959910 2.355793
6.852562 0.960234 2.347385
6.918118 0.960711 2.347092
6.957773 0.961073 5.124757
6.965795 0.961153 12.532011
6.968088 0.961176 12.508302
6.970150 0.960843 13.960871
6.972214 0.957839 12.465674
6.974277 0.953439 13.913242
6.976339 0.948815 12.435450
6.978402 0.946292 13.899976
6.980465 0.944903 12.429606
6.982528 0.943873 13.893522
6.984591 0.943060 12.423933
6.986654 0.942397 13.887214
6.988717 0.941923 12.418182
6.990780 0.941715 13.880571
6.992843 0.941675 12.412000
6.994906 0.941713 13.873560
6.996969 0.941739 12.406241
6.999032 0.941712 13.870210
7.001095 0.941757 12.406008
7.003158 0.941862 13.870512
7.005221 0.942020 12.406125
7.007284 0.942219 13.870386
7.009347 0.942390 12.406873
7.011410 0.942559 13.872753
7.013472 0.942826 12.409515
7.015535 0.943293 13.875821
7.017598 0.944066 12.412292
7.019661 0.945074 13.886948
7.021724 0.946437 12.444213
7.023787 0.949165 13.939170
7.025850 0.953993 12.490936
7.027913 0.958623 13.991424
7.029976 0.961629 12.534934
7.032039 0.961897 14.020447
7.034102 0.961923 12.542706
7.068026 0.962364 2.345114
7.133582 0.963324 2.343282
7.198909 0.964418 2.350208
7.264235 0.965644 2.338472
7.329562 0.966993 2.344858
7.394889 0.968455 2.335805
7.460445 0.970027 2.333403
7.525772 0.971686 2.340505
7.591098 0.973426 2.332713
7.656425 0.975237 2.338710
7.721752 0.977105 2.329976
7.787079 0.979016 2.338958
7.852061 0.980945 2.425893
7.917961 0.982914 2.329686
7.957616 0.984099 5.091678
7.965638 0.984338 12.450755
7.967930 0.984406 12.441416
7.969993 0.984239 13.898188
7.972056 0.981281 12.420462
7.974120 0.976719 13.874855
7.976182 0.971966 12.399677
7.978245 0.969350 13.853094
7.980308 0.968130 12.387227
7.982371 0.967264 13.845829
7.984434 0.966837 12.380968
7.986497 0.966742 13.838912
7.988560 0.966770 12.374962
7.990623 0.966729 13.833802
7.992686 0.966463 12.372231
7.994749 0.966083 13.831234
7.996812 0.965731 12.369695
7.998875 0.965515 13.828300
8.000938 0.965561 12.368516
8.003000 0.965550 13.830473
8.005064 0.965541 12.372239
8.007127 0.965603 13.834739
8.009189 0.965836 12.375900
8.011253 0.966294 13.838759
8.013315 0.966934 12.380445
8.015379 0.967688 13.844874
8.017441 0.968527 12.386071
8.019504 0.969476 13.851279
8.021567 0.970760 12.392130
8.023630 0.973195 13.863297
8.025693 0.977920 12.409089
8.027756 0.982600 13.884318
8.029819 0.985848 12.427979
8.031882 0.986292 13.905537
8.033945 0.986352 12.443405
8.035320 0.986392 27.826299
8.068327 0.987331 2.328561
8.133883 0.989118 2.329392
8.199210 0.990784 2.337250
8.264537 0.992327 2.329906
8.329864 0.993737 2.337381
8.395190 0.995007 2.329931
8.460746 0.996134 2.332357
8.526073 0.997104 2.339153
8.591400 0.997917 2.330024
8.656727 0.998571 2.338912
8.722054 0.999067 2.331667
8.787380 0.999407 2.341891
8.852707 0.999593 2.335316
8.918263 0.999628 2.339956
8.957918 0.999580 5.107264
8.965940 0.999563 12.490745
8.968233 0.999558 12.483714
8.970295 0.999062 13.948732
8.972358 0.995733 12.462375
8.974422 0.991007 13.917508
8.976484 0.986317 12.434056
8.978547 0.983972 13.885926
8.980610 0.982634 12.406387
8.982673 0.981604 13.864450
8.984736 0.980823 12.398072
8.986799 0.980384 13.858298
8.988862 0.980109 12.392450
8.990925 0.979925 13.852116
8.992988 0.979743 12.388991
8.995051 0.979563 13.853313
8.997114 0.979431 12.392615
8.999177 0.979352 13.857232
9.001240 0.979334 12.395887
9.003303 0.979393 13.860982
9.005366 0.979785 12.399916
9.007428 0.980351 13.866164
9.009492 0.980955 12.404686
9.011554 0.981402 13.871569
9.013617 0.981626 12.409413
9.015681 0.981867 13.878401
9.017743 0.982279 12.417653
9.019806 0.982995 13.888370
9.021869 0.984149 12.426669
9.023932 0.986923 13.898561
9.025995 0.991759 12.440972
9.028058 0.996374 13.927391
9.030121 0.999217 12.473123
9.032184 0.999351 13.963395
9.034247 0.999342 12.505388
9.068171 0.999179 2.341121
9.133727 0.998769 2.341087
9.199054 0.998244 2.350970
9.264381 0.997613 2.343679
9.329708 0.996890 2.363760
9.395034 0.996116 2.343227
9.460590 0.995335 2.344246
9.525917 0.994558 2.351916
9.591244 0.993790 2.345064
9.656571 0.993035 2.352905
9.721898 0.992300 2.344364
9.787225 0.991589 2.352800
9.851558 0.990917 2.440964
9.918108 0.990257 2.345271
9.957762 0.989882 5.122033
9.965785 0.989808 12.533732
9.968077 0.989787 12.526311
9.970140 0.989419 13.997431
9.972203 0.986227 12.512372
9.974266 0.981507 13.976597
9.976329 0.976707 12.488771
9.978392 0.974194 13.949146
9.980455 0.972953 12.464258
9.982518 0.972041 13.921826
9.984581 0.971342 12.445490
9.986643 0.970797 13.910309
9.988706 0.970392 12.437957
9.990769 0.970101 13.901626
9.992832 0.969885 12.430071
9.994895 0.969720 13.894158
9.996958 0.969562 12.426836
9.999021 0.969342 13.893146
10.001084 0.969150 12.426026
10.003147 0.969044 13.892109
10.005210 0.969117 12.425316
10.007273 0.969357 13.894559
10.009336 0.969725 12.430529
10.011399 0.970166 13.901004
10.013462 0.970634 12.436394
10.015525 0.971134 13.907632
10.017588 0.971784 12.450167
10.019651 0.972661 13.936290
10.021714 0.974093 12.479859
10.023777 0.976894 13.969561
10.025840 0.981695 12.509684
10.027902 0.986145 13.999278
10.029965 0.988991 12.526280
10.032028 0.989222 14.010153
10.034091 0.989205 12.535887
10.068016 0.988924 2.346014
10.133572 0.988420 2.346746
10.198898 0.987970 2.355828
10.264225 0.987576 2.348226
10.329552 0.987232 2.356669
10.394879 0.986942 2.348126
10.460435 0.986707 2.349154
10.525762 0.986531 2.357281
10.591089 0.986416 2.349875
10.656416 0.986363 2.358874
10.721743 0.986375 2.350610
10.787070 0.986455 2.358462
10.852397 0.986603 2.350589
10.917953 0.986815 2.350623
10.957607 0.986975 5.129660
10.965630 0.987010 12.554287
10.967922 0.987020 12.545447
10.969985 0.986820 14.017395
10.972048 0.983925 12.529678
10.974111 0.979401 13.999867
10.976174 0.974536 12.511500
10.978237 0.971660 13.973079
10.980300 0.970223 12.484075
10.982363 0.969268 13.942159
10.984426 0.968649 12.456453
10.986488 0.968192 13.914673
10.988552 0.967824 12.448746
10.990614 0.967522 13.922729
10.992678 0.967315 12.456918
10.994740 0.967181 13.931603
10.996803 0.967097 12.464488
10.998867 0.967050 13.935612
11.000929 0.967056 12.462863
11.002992 0.967117 13.932251
11.005055 0.967235 12.459952
11.007118 0.967413 13.928865
11.009181 0.967682 12.456942
11.011244 0.968046 13.926111
11.013307 0.968504 12.454895
11.015370 0.969057 13.923937
11.017433 0.969638 12.453054
11.019496 0.970393 13.926028
11.021559 0.971535 12.475383
11.023622 0.974046 13.971119
11.025685 0.978926 12.516927
11.027748 0.983714 14.017603
11.029811 0.986935 12.557691
11.031873 0.987334 14.047582
11.033937 0.987345 12.566226
11.035312 0.987353 28.101198
11.068319 0.987538 2.351503
11.133875 0.987949 2.351194
11.199202 0.988414 2.358734
11.264529 0.988932 2.350105
11.329856 0.989498 2.358317
11.395183 0.990110 2.349684
11.460739 0.990765 2.349304
11.526066 0.991455 2.357238
11.591393 0.992176 2.348234
11.656720 0.992926 2.356586
11.722047 0.993699 2.347859
11.787374 0.994489 2.355689
11.851058 0.995268 2.443608
11.918257 0.996092 2.348166
11.957912 0.996577 5.124551
11.965934 0.996675 12.549954
11.968226 0.996703 12.542202
11.970289 0.996244 14.003396
11.972352 0.992980 12.507792
11.974415 0.988326 13.964910
11.976478 0.983729 12.473424
11.978541 0.981601 13.928890
11.980604 0.980579 12.453148
11.982667 0.979861 13.917933
11.984730 0.979175 12.443812
11.986793 0.978582 13.907320
11.988856 0.978100 12.434547
11.990919 0.977773 13.899622
11.992982 0.977466 12.430735
11.995045 0.977102 13.896401
11.997108 0.976788 12.427766
11.999171 0.976611 13.892814
12.001234 0.976647 12.427021
12.003297 0.976796 13.898419
12.005360 0.977023 12.435279
12.007423 0.977301 13.907763
12.009486 0.977599 12.443705
12.011548 0.977969 13.915954
12.013612 0.978447 12.445568
12.015674 0.979044 13.912892
12.017737 0.979782 12.442622
12.019801 0.980732 13.909713
12.021863 0.982054 12.440872
12.023926 0.984948 13.926054
12.025989 0.989837 12.476535
12.028052 0.994433 13.972338
12.030115 0.997294 12.517956
12.032178 0.997466 14.018685
12.034241 0.997489 12.550390
12.068165 0.997863 2.346870
12.133721 0.998513 2.347046
12.199048 0.999056 2.354903
12.264375 0.999483 2.346464
12.329702 0.999787 2.354210
12.395029 0.999959 2.346860
12.460586 0.999992 2.346618
12.525913 0.999879 2.354683
12.591240 0.999615 2.346832
12.656567 0.999196 2.355665
12.721894 0.998620 2.347227
12.787221 0.997886 2.356433
12.852548 0.996995 2.348401
12.918104 0.995944 2.348233
12.957759 0.995235 5.139272
12.965781 0.995085 12.569726
12.968073 0.995041 12.559118
12.970136 0.994667 14.028419
12.972199 0.991531 12.530983
12.974262 0.986797 13.989575
12.976325 0.981920 12.494285
12.978388 0.979293 13.948524
12.980451 0.978044 12.457615
12.982514 0.977184 13.918693
12.984577 0.976519 12.448889
12.986640 0.975993 13.917830
12.988703 0.975603 12.447887
12.990766 0.975307 13.916538
12.992829 0.975057 12.447566
12.994891 0.974890 13.919258
12.996955 0.974881 12.452136
12.999017 0.974945 13.924620
13.001081 0.975026 12.456844
13.003143 0.975049 13.929362
13.005207 0.975035 12.457641
13.007269 0.975036 13.926067
13.009332 0.975112 12.454118
13.011395 0.975331 13.922242
13.013458 0.975580 12.450768
13.015522 0.975857 13.920755
13.017584 0.976298 12.453174
13.019647 0.977088 13.925442
13.021710 0.978379 12.457467
13.023773 0.981072 13.930357
13.025836 0.985916 12.465989
13.027899 0.990539 13.956024
13.029962 0.993545 12.499758
13.032025 0.993760 13.994306
13.034088 0.993716 12.534044
13.068012 0.992979 2.349582
13.133568 0.991449 2.350115
13.198895 0.989794 2.359536
13.264222 0.988018 2.351317
13.329550 0.986129 2.360025
13.394877 0.984171 2.351494
13.460433 0.982192 2.352950
13.525760 0.980222 2.361739
13.591087 0.978271 2.354150
13.656414 0.976357 2.362699
13.721741 0.974494 2.355842
13.787068 0.972698 2.364975
13.850065 0.971041 2.452747
13.917951 0.969351 2.356762
13.957606 0.968414 5.144250
13.965629 0.968229 12.593388
13.967921 0.968177 12.587328
13.969984 0.967914 14.067018
13.972047 0.964863 12.576383
13.974110 0.960184 14.051433
13.976173 0.955374 12.558478
13.978236 0.952720 14.029954
13.980299 0.951524 12.539044
13.982361 0.950606 14.008249
13.984425 0.949902 12.524628
13.986487 0.949346 14.004585
13.988550 0.948802 12.527587
13.990614 0.948263 14.007912
13.992676 0.947794 12.530334
13.994739 0.947465 14.010271
13.996802 0.947314 12.529801
13.998865 0.947283 14.007090
14.000928 0.947323 12.526896
14.002991 0.947405 14.003956
14.005054 0.947485 12.524145
14.007117 0.947638 14.003186
14.009180 0.947887 12.526404
14.011243 0.948211 14.006760
14.013306 0.948603 12.529702
14.015369 0.949150 14.010561
14.017432 0.949900 12.537440
14.019495 0.950845 14.029753
14.021558 0.951992 12.559717
14.023621 0.954231 14.054674
14.025684 0.958765 12.582090
14.027747 0.963305 14.078318
14.029810 0.966421 12.595917
14.031873 0.966769 14.086480
14.033936 0.966725 12.602551
14.035311 0.966696 28.185002
14.068318 0.966017 2.356729
14.133875 0.964763 2.357273
14.199202 0.963645 2.364357
