4.027930 0.994294 13.926629
4.029993 0.997253 12.466019
4.032056 0.997506 13.948283
4.034119 0.997529 12.480399
4.068043 0.997905 2.335581
4.133599 0.998556 2.334653
4.198925 0.999098 2.341676
4.264252 0.999523 2.333758
4.329579 0.999822 2.341778
4.394905 0.999987 2.333456
4.460461 1.000010 2.333207
4.525788 0.999886 2.341363
4.591114 0.999608 2.332720
4.656441 0.999175 2.341869
4.721767 0.998583 2.333817
4.787094 0.997833 2.342858
4.852421 0.996925 2.335766
4.917977 0.995860 2.336017
4.957631 0.995144 5.101383
4.965654 0.994992 12.488890
4.967946 0.994949 12.484797
4.970009 0.994675 13.952688
4.972072 0.991659 12.468650
4.974134 0.986962 13.927639
4.976197 0.982034 12.445909
4.978260 0.979268 13.902304
4.980323 0.978057 12.423765
4.982387 0.977255 13.885575
4.984449 0.976642 12.417922
4.986512 0.975984 13.881787
4.988575 0.975351 12.414627
4.990638 0.974810 13.878217
4.992701 0.974423 12.412318
4.994764 0.974309 13.877720
4.996827 0.974554 12.412765
4.998890 0.974918 13.877952
5.000953 0.975240 12.412924
5.003016 0.975292 13.878590
5.005079 0.975182 12.415356
5.007142 0.975017 13.883159
5.009205 0.974930 12.419616
5.011268 0.975059 13.887731
5.013330 0.975282 12.423597
5.015394 0.975492 13.894096
5.017456 0.975864 12.431579
5.019519 0.976657 13.903815
5.021582 0.978090 12.440371
5.023645 0.980752 13.913660
5.025708 0.985608 12.451206
5.027771 0.990219 13.931283
5.029834 0.993336 12.469877
5.031897 0.993661 13.952258
5.033960 0.993617 12.488725
5.035335 0.993588 27.939771
5.068342 0.992868 2.336891
5.133898 0.991338 2.339283
5.199225 0.989689 2.351334
5.264551 0.987922 2.344102
5.329878 0.986049 2.354228
5.395205 0.984107 2.346998
5.460761 0.982139 2.346299
5.526087 0.980176 2.356943
5.591414 0.978228 2.348542
5.656740 0.976312 2.357198
5.722067 0.974442 2.349216
5.787394 0.972635 2.357012
5.853064 0.970898 2.445290
5.918276 0.969269 2.349371
5.957931 0.968330 5.129743
5.965953 0.968145 12.556887
5.968245 0.968092 12.551057
5.970308 0.967548 14.026699
5.972371 0.964225 12.538333
5.974435 0.959467 14.002967
5.976497 0.954677 12.510557
5.978561 0.952244 13.971526
5.980623 0.950971 12.482504
5.982686 0.950140 13.941049
5.984749 0.949517 12.466134
5.986812 0.949007 13.936376
5.988875 0.948479 12.463877
5.990938 0.947991 13.933755
5.993001 0.947580 12.461635
5.995064 0.947305 13.930163
5.997127 0.947192 12.456592
5.999190 0.947248 13.923666
6.001253 0.947383 12.450626
6.003316 0.947535 13.916739
6.005379 0.947624 12.446142
6.007441 0.947636 13.918632
6.009504 0.947655 12.452600
6.011567 0.947764 13.926282
6.013630 0.948073 12.459474
6.015693 0.948856 13.933946
6.017756 0.949901 12.469013
6.019819 0.951111 13.948305
6.021882 0.952298 12.482523
6.023945 0.954843 13.963516
6.026008 0.959404 12.496222
6.028071 0.963819 13.983068
6.030134 0.966585 12.520380
6.032197 0.966683 14.013392
6.034260 0.966639 12.547575
6.068184 0.965941 2.349707
6.133740 0.964691 2.350060
6.199066 0.963581 2.358688
6.264393 0.962610 2.350344
6.329720 0.961774 2.358716
6.395046 0.961078 2.350479
6.460602 0.960521 2.349493
6.525929 0.960111 2.357249
6.591256 0.959847 2.349495
6.656582 0.959728 2.357878
6.721909 0.959756 2.348057
6.787236 0.959932 2.355793
6.852562 0.960256 2.347385
6.918118 0.960730 2.347092
6.957773 0.961089 5.124757
6.965795 0.961168 12.532011
6.968088 0.961191 12.508302
6.970150 0.960862 13.960871
6.972214 0.957894 12.465674
6.974277 0.953540 13.913242
6.976339 0.948914 12.435450
6.978402 0.946340 13.899976
6.980465 0.944893 12.429606
6.982528 0.943960 13.893522
6.984591 0.943358 12.423933
6.986654 0.942910 13.887214
6.988717 0.942554 12.418182
6.990780 0.942191 13.880571
6.992843 0.941821 12.412000
6.994906 0.941515 13.873560
6.996969 0.941330 12.406241
6.999032 0.941308 13.870210
7.001095 0.941414 12.406008
7.003158 0.941595 13.870512
7.005221 0.941821 12.406125
7.007284 0.942039 13.870386
7.009347 0.942235 12.406873
7.011410 0.942449 13.872753
7.013472 0.942760 12.409515
7.015535 0.943256 13.875821
7.017598 0.944084 12.412292
7.019661 0.945160 13.886948
7.021724 0.946527 12.444213
7.023787 0.949156 13.939170
7.025850 0.953922 12.490936
7.027913 0.958547 13.991424
7.029976 0.961629 12.534934
7.032039 0.961903 14.020447
7.034102 0.961928 12.542706
7.068026 0.962364 2.345114
7.133582 0.963312 2.343282
7.198909 0.964398 2.350208
7.264235 0.965620 2.338472
7.329562 0.966970 2.344858
7.394889 0.968437 2.335805
7.460445 0.970016 2.333403
7.525772 0.971685 2.340505
7.591098 0.973436 2.332713
7.656425 0.975254 2.338710
7.721752 0.977127 2.329976
7.787079 0.979039 2.338958
7.852061 0.980968 2.425893
7.917961 0.982934 2.329686
7.957616 0.984115 5.091678
7.965638 0.984354 12.450755
7.967930 0.984422 12.441416
7.969993 0.984256 13.898188
7.972056 0.981311 12.420462
7.974120 0.976755 13.874855
7.976182 0.972014 12.399677
7.978245 0.969456 13.853094
7.980308 0.968319 12.387227
7.982371 0.967528 13.845829
7.984434 0.967109 12.380968
7.986497 0.966991 13.838912
7.988560 0.966995 12.374962
7.990623 0.966940 13.833802
7.992686 0.966650 12.372231
7.994749 0.966193 13.831234
7.996812 0.965756 12.369695
7.998875 0.965476 13.828300
8.000938 0.965521 12.368516
8.003000 0.965669 13.830473
8.005064 0.965888 12.372239
8.007127 0.966163 13.834739
8.009189 0.966479 12.375900
8.011253 0.966777 13.838759
8.013315 0.967094 12.380445
8.015379 0.967524 13.844874
8.017441 0.968178 12.386071
8.019504 0.969193 13.851279
8.021567 0.970556 12.392130
8.023630 0.973083 13.863297
8.025693 0.977869 12.409089
8.027756 0.982592 13.884318
8.029819 0.985858 12.427979
8.031882 0.986303 13.905537
8.033945 0.986362 12.443405
8.035320 0.986402 27.826299
8.068327 0.987339 2.328561
8.133883 0.989119 2.329392
8.199210 0.990780 2.337250
8.264537 0.992317 2.329906
8.329864 0.993723 2.337381
8.395190 0.994989 2.329931
8.460746 0.996113 2.332357
8.526073 0.997080 2.339153
8.591400 0.997891 2.330024
8.656727 0.998544 2.338912
8.722054 0.999039 2.331667
8.787380 0.999377 2.341891
8.852707 0.999560 2.335316
8.918263 0.999594 2.339956
8.957918 0.999544 5.107264
8.965940 0.999528 12.490745
8.968233 0.999523 12.483714
8.970295 0.999037 13.948732
8.972358 0.995780 12.462375
8.974422 0.991136 13.917508
8.976484 0.986515 12.434056
8.978547 0.984166 13.885926
8.980610 0.982787 12.406387
8.982673 0.981715 13.864450
8.984736 0.980903 12.398072
8.986799 0.980444 13.858298
8.988862 0.980137 12.392450
8.990925 0.979921 13.852116
8.992988 0.979725 12.388991
8.995051 0.979576 13.853313
8.997114 0.979531 12.392615
8.999177 0.979547 13.857232
9.001240 0.979598 12.395887
9.003303 0.979659 13.860982
9.005366 0.980027 12.399916
9.007428 0.980559 13.866164
9.009492 0.981130 12.404686
9.011554 0.981562 13.871569
9.013617 0.981734 12.409413
9.015681 0.981896 13.878401
9.017743 0.982233 12.417653
9.019806 0.982996 13.888370
9.021869 0.984305 12.426669
9.023932 0.987123 13.898561
9.025995 0.991903 12.440972
9.028058 0.996380 13.927391
9.030121 0.999181 12.473123
9.032184 0.999318 13.963395
9.034247 0.999310 12.505388
9.068171 0.999149 2.341121
9.133727 0.998746 2.341087
9.199054 0.998231 2.350970
9.264381 0.997615 2.343679
9.329708 0.996908 2.363760
9.395034 0.996149 2.343227
9.460590 0.995378 2.344246
9.525917 0.994605 2.351916
9.591244 0.993834 2.345064
9.656571 0.993071 2.352905
9.721898 0.992323 2.344364
9.787225 0.991594 2.352800
9.851558 0.990903 2.440964
9.918108 0.990227 2.345271
9.957762 0.989845 5.122033
9.965785 0.989770 12.533732
9.968077 0.989748 12.526311
9.970140 0.989378 13.997431
9.972203 0.986226 12.512372
9.974266 0.981547 13.976597
9.976329 0.976746 12.488771
9.978392 0.974195 13.949146
9.980455 0.972972 12.464258
9.982518 0.972196 13.921826
9.984581 0.971641 12.445490
9.986643 0.971189 13.910309
9.988706 0.970767 12.437957
9.990769 0.970435 13.901626
9.992832 0.970176 12.430071
9.994895 0.969989 13.894158
9.996958 0.969821 12.426836
9.999021 0.969549 13.893146
10.001084 0.969294 12.426026
10.003147 0.969135 13.892109
10.005210 0.969199 12.425316
10.007273 0.969416 13.894559
10.009336 0.969749 12.430529
10.011399 0.970155 13.901004
10.013462 0.970605 12.436394
10.015525 0.971156 13.907632
10.017588 0.971883 12.450167
10.019651 0.972828 13.936290
10.021714 0.974261 12.479859
10.023777 0.977004 13.969561
10.025840 0.981731 12.509684
10.027902 0.986126 13.999278
10.029965 0.988944 12.526280
10.032028 0.989175 14.010153
10.034091 0.989157 12.535887
10.068016 0.988874 2.346014
10.133572 0.988367 2.346746
10.198898 0.987919 2.355828
10.264225 0.987529 2.348226
10.329552 0.987191 2.356669
10.394879 0.986908 2.348126
10.460435 0.986682 2.349154
10.525762 0.986516 2.357281
10.591089 0.986411 2.349875
10.656416 0.986370 2.358874
10.721743 0.986394 2.350610
10.787070 0.986482 2.358462
10.852397 0.986634 2.350589
10.917953 0.986847 2.350623
10.957607 0.987005 5.129660
10.965630 0.987039 12.554287
10.967922 0.987049 12.545447
10.969985 0.986852 14.017395
10.972048 0.983956 12.529678
10.974111 0.979399 13.999867
10.976174 0.974450 12.511500
10.978237 0.971465 13.973079
10.980300 0.969953 12.484075
10.982363 0.969063 13.942159
10.984426 0.968638 12.456453
10.986488 0.968386 13.914673
10.988552 0.968142 12.448746
10.990614 0.967803 13.922729
10.992678 0.967501 12.456918
10.994740 0.967266 13.931603
10.996803 0.967113 12.464488
10.998867 0.967074 13.935612
11.000929 0.967198 12.462863
11.002992 0.967416 13.932251
11.005055 0.967674 12.459952
11.007118 0.967893 13.928865
11.009181 0.968135 12.456942
11.011244 0.968447 13.926111
11.013307 0.968851 12.454895
11.015370 0.969366 13.923937
11.017433 0.969900 12.453054
11.019496 0.970592 13.926028
11.021559 0.971669 12.475383
11.023622 0.974131 13.971119
11.025685 0.978978 12.516927
11.027748 0.983741 14.017603
11.029811 0.986957 12.557691
11.031873 0.987356 14.047582
11.033937 0.987367 12.566226
11.035312 0.987374 28.101198
11.068319 0.987553 2.351503
11.133875 0.987949 2.351194
11.199202 0.988400 2.358734
11.264529 0.988906 2.350105
11.329856 0.989464 2.358317
11.395183 0.990071 2.349684
11.460739 0.990727 2.349304
11.526066 0.991423 2.357238
