-0.209352 0.979221
-0.208664 0.979241
-0.208206 0.979255
-0.207748 0.979268
-0.207289 0.979282
-0.206831 0.979296
-0.206372 0.979309
-0.205914 0.979323
-0.205455 0.979337
-0.204997 0.979351
-0.204539 0.979363
-0.204080 0.979377
-0.203622 0.979391
-0.203163 0.979406
-0.202705 0.979418
-0.202246 0.979431
-0.201788 0.979446
-0.201330 0.979460
-0.200871 0.979472
-0.200413 0.979487
-0.199954 0.979499
-0.199496 0.979514
-0.199037 0.979527
-0.198579 0.979541
-0.198120 0.979556
-0.197662 0.979567
-0.197204 0.979582
-0.196745 0.979596
-0.196287 0.979610
-0.195828 0.979624
-0.195370 0.979638
-0.194911 0.979651
-0.194453 0.979665
-0.193995 0.979678
-0.193536 0.979691
-0.193078 0.979705
-0.192619 0.979718
-0.192161 0.979733
-0.191702 0.979747
-0.191244 0.979759
-0.190786 0.979773
-0.190327 0.979787
-0.189869 0.979801
-0.189410 0.979813
-0.188952 0.979828
-0.188493 0.979843
-0.188035 0.979855
-0.187577 0.979869
-0.187118 0.979883
-0.186660 0.979897
-0.186201 0.979910
-0.185743 0.979924
-0.185284 0.979937
-0.184826 0.979952
-0.184368 0.979964
-0.183909 0.979979
-0.183451 0.979993
-0.182992 0.980006
-0.182534 0.980020
-0.182075 0.980033
-0.181617 0.980047
-0.181158 0.980060
-0.180700 0.980073
-0.180242 0.980090
-0.179783 0.980102
-0.179325 0.980116
-0.178866 0.980129
-0.178408 0.980143
-0.177949 0.980157
-0.172448 0.980321
-0.171990 0.980335
-0.171531 0.980349
-0.171073 0.980363
-0.170615 0.980377
-0.170156 0.980390
-0.169698 0.980403
-0.169239 0.980418
-0.168781 0.980431
-0.168322 0.980443
-0.167864 0.980458
-0.167406 0.980471
-0.166947 0.980486
-0.166489 0.980500
-0.166030 0.980513
-0.165572 0.980528
-0.165113 0.980540
-0.164655 0.980554
-0.164197 0.980567
-0.163738 0.980581
-0.163280 0.980596
-0.162821 0.980609
-0.162363 0.980622
-0.161904 0.980637
-0.161446 0.980650
-0.160988 0.980664
-0.160529 0.980677
-0.160071 0.980690
-0.159612 0.980706
-0.159154 0.980718
-0.158695 0.980733
-0.158237 0.980747
-0.157778 0.980760
-0.157320 0.980773
-0.156862 0.980787
-0.156403 0.980801
-0.155945 0.980815
-0.155486 0.980828
-0.155028 0.980842
-0.154569 0.980857
-0.154111 0.980870
-0.153653 0.980884
-0.153194 0.980897
-0.152736 0.980911
-0.152277 0.980924
-0.151819 0.980938
-0.151360 0.980953
-0.150902 0.980965
-0.150444 0.980980
-0.149985 0.980994
-0.149527 0.981008
-0.149068 0.981021
-0.148610 0.981035
-0.148151 0.981047
-0.147693 0.981062
-0.147235 0.981075
-0.146776 0.981089
-0.146318 0.981103
-0.145859 0.981117
-0.145401 0.981132
-0.144942 0.981146
-0.144484 0.981158
-0.144026 0.981171
-0.143567 0.981186
-0.143109 0.981199
-0.142650 0.981212
-0.142192 0.981226
-0.141734 0.981241
-0.141275 0.981254
-0.140817 0.981268
-0.140358 0.981281
-0.139900 0.981296
-0.139441 0.981309
-0.138983 0.981323
-0.138524 0.981336
-0.138066 0.981350
-0.137608 0.981365
-0.137149 0.981378
-0.136691 0.981392
-0.136232 0.981406
-0.135774 0.981419
-0.135315 0.981433
-0.134857 0.981448
-0.134399 0.981460
-0.133940 0.981474
-0.133482 0.981488
-0.133023 0.981502
-0.132565 0.981515
-0.132106 0.981530
-0.131648 0.981543
-0.131189 0.981557
-0.130731 0.981570
-0.130273 0.981584
-0.129814 0.981599
-0.129356 0.981611
-0.128897 0.981626
-0.128439 0.981639
-0.127981 0.981653
-0.127522 0.981667
-0.127064 0.981680
-0.126605 0.981694
-0.126147 0.981707
-0.125688 0.981721
-0.125230 0.981736
-0.124772 0.981751
-0.124313 0.981763
-0.123855 0.981777
-0.123396 0.981791
-0.122938 0.981804
-0.122479 0.981818
-0.122021 0.981832
-0.121562 0.981844
-0.121104 0.981861
-0.120646 0.981874
-0.120187 0.981887
-0.119729 0.981901
-0.119270 0.981915
-0.118812 0.981928
-0.118353 0.981942
-0.117895 0.981955
-0.117437 0.981969
-0.116978 0.981983
-0.116520 0.981997
-0.116061 0.982010
-0.115603 0.982025
-0.115144 0.982038
-0.114686 0.982052
-0.114228 0.982066
-0.113769 0.982079
-0.113311 0.982093
-0.112852 0.982106
-0.112394 0.982121
-0.111935 0.982135
-0.111477 0.982149
-0.111019 0.982162
-0.110560 0.982177
-0.110102 0.982190
-0.109643 0.982204
-0.109185 0.982216
-0.108726 0.982231
-0.108268 0.982245
-0.107810 0.982259
-0.107351 0.982272
-0.106893 0.982286
-0.106434 0.982299
-0.105976 0.982312
-0.105517 0.982327
-0.105059 0.982341
-0.104601 0.982354
-0.104142 0.982370
-0.103684 0.982384
-0.103225 0.982396
-0.102767 0.982411
-0.102308 0.982424
-0.101850 0.982438
-0.101391 0.982451
-0.100933 0.982464
-0.100475 0.982478
-0.100016 0.982493
-0.099558 0.982506
-0.099099 0.982520
-0.098641 0.982534
-0.098182 0.982547
-0.097724 0.982562
-0.097266 0.982575
-0.096807 0.982587
-0.096349 0.982602
-0.095890 0.982616
-0.095432 0.982630
-0.094973 0.982644
-0.094515 0.982657
-0.094057 0.982671
-0.093598 0.982686
-0.093140 0.982698
-0.092681 0.982712
-0.092223 0.982726
-0.091764 0.982739
-0.091306 0.982754
-0.090848 0.982768
-0.090389 0.982780
-0.089931 0.982795
-0.089472 0.982808
-0.089014 0.982822
-0.088555 0.982836
-0.088097 0.982849
-0.087639 0.982863
-0.087180 0.982878
-0.086722 0.982891
-0.086263 0.982905
-0.085805 0.982919
-0.085346 0.982932
-0.084888 0.982946
-0.084430 0.982961
-0.083971 0.982973
-0.083513 0.982986
-0.083054 0.983002
-0.082596 0.983014
-0.082137 0.983029
-0.081679 0.983042
-0.081221 0.983057
-0.080762 0.983070
-0.080304 0.983084
-0.079845 0.983097
-0.079387 0.983110
-0.078928 0.983125
-0.078470 0.983139
-0.078012 0.983152
-0.077553 0.983165
-0.077095 0.983180
-0.076636 0.983193
-0.076178 0.983206
-0.075719 0.983220
-0.075261 0.983233
-0.074803 0.983248
-0.074344 0.983263
-0.073886 0.983277
-0.073427 0.983290
-0.072969 0.983304
-0.072510 0.983316
-0.072052 0.983331
-0.071593 0.983344
-0.071135 0.983357
-0.070677 0.983372
-0.070218 0.983386
-0.069760 0.983401
-0.069301 0.983413
-0.068843 0.983427
-0.068384 0.983441
-0.067926 0.983455
-0.067468 0.983469
-0.067009 0.983481
-0.066551 0.983495
-0.066092 0.983511
-0.065634 0.983522
-0.065175 0.983537
-0.064717 0.983551
-0.064259 0.983564
-0.063800 0.983579
-0.063342 0.983592
-0.062883 0.983605
-0.062425 0.983620
-0.061966 0.983633
-0.061508 0.983648
-0.061050 0.983661
-0.060591 0.983674
-0.060133 0.983688
-0.059674 0.983701
-0.059216 0.983715
-0.058757 0.983730
-0.058299 0.983742
-0.057841 0.983756
-0.057382 0.983770
-0.056924 0.983784
-0.056465 0.983799
-0.056007 0.983812
-0.055548 0.983825
-0.055090 0.983839
-0.054632 0.983852
-0.054173 0.983867
-0.053715 0.983878
-0.053256 0.983894
-0.052798 0.983908
-0.052339 0.983921
-0.051881 0.983935
-0.051423 0.983948
-0.050964 0.983962
-0.050506 0.983975
-0.050047 0.983989
-0.049589 0.984002
-0.049130 0.984017
-0.048672 0.984032
-0.048214 0.984045
-0.047755 0.984059
-0.047297 0.984072
-0.046838 0.984085
-0.046380 0.984098
-0.045921 0.984112
-0.045463 0.984126
-0.045005 0.984141
-0.044546 0.984154
-0.044088 0.984168
-0.043629 0.984181
-0.043171 0.984194
-0.042712 0.984209
-0.042254 0.984222
-0.041795 0.984235
-0.041337 0.984249
-0.040879 0.984264
-0.040420 0.984278
-0.039962 0.984291
-0.039503 0.984305
-0.039045 0.984318
-0.038586 0.984332
-0.038128 0.984346
-0.037670 0.984359
-0.037211 0.984372
-0.036753 0.984386
-0.036294 0.984402
-0.035836 0.984414
-0.035377 0.984427
-0.034919 0.984441
-0.034461 0.984455
-0.034002 0.984469
-0.033544 0.984482
-0.033085 0.984496
-0.032627 0.984510
-0.032168 0.984525
-0.031710 0.984537
-0.031252 0.984551
-0.030793 0.984564
-0.030335 0.984544
-0.029876 0.984264
-0.029418 0.983796
-0.028959 0.983188
-0.028501 0.982463
-0.028043 0.981641
-0.027584 0.980737
