-0.050506 0.983975
-0.050047 0.983989
-0.049589 0.984002
-0.049130 0.984017
-0.048672 0.984032
-0.048214 0.984045
-0.047755 0.984059
-0.047297 0.984072
-0.046838 0.984085
-0.046380 0.984098
-0.045921 0.984112
-0.045463 0.984126
-0.045005 0.984141
-0.044546 0.984154
-0.044088 0.984168
-0.043629 0.984181
-0.043171 0.984194
-0.042712 0.984209
-0.042254 0.984222
-0.041795 0.984235
-0.041337 0.984249
-0.040879 0.984264
-0.040420 0.984278
-0.039962 0.984291
-0.039503 0.984305
-0.039045 0.984318
-0.038586 0.984332
-0.038128 0.984346
-0.037670 0.984359
-0.037211 0.984372
-0.036753 0.984386
-0.036294 0.984402
-0.035836 0.984414
-0.035377 0.984427
-0.034919 0.984441
-0.034461 0.984455
-0.034002 0.984469
-0.033544 0.984482
-0.033085 0.984496
-0.032627 0.984510
-0.032168 0.984525
-0.031710 0.984537
-0.031252 0.984551
-0.030793 0.984564
-0.030335 0.984544
-0.029876 0.984264
-0.029418 0.983796
-0.028959 0.983188
-0.028501 0.982463
-0.028043 0.981641
-0.027584 0.980737
-0.027126 0.979768
-0.026667 0.978743
-0.026209 0.977683
-0.025750 0.976599
-0.025292 0.975504
-0.024834 0.974423
-0.024375 0.973364
-0.023917 0.972361
-0.023458 0.971440
-0.023000 0.970656
-0.022541 0.970145
-0.022083 0.969762
-0.021625 0.969424
-0.021166 0.969121
-0.020708 0.968847
-0.020249 0.968593
-0.019791 0.968363
-0.019332 0.968145
-0.018874 0.967944
-0.018416 0.967761
-0.017957 0.967585
-0.017499 0.967422
-0.017040 0.967293
-0.016582 0.967209
-0.016123 0.967152
-0.015665 0.967117
-0.015206 0.967096
-0.014748 0.967096
-0.014290 0.967099
-0.013831 0.967117
-0.013373 0.967140
-0.012914 0.967172
-0.012456 0.967206
-0.011998 0.967240
-0.011539 0.967276
-0.011081 0.967305
-0.010622 0.967334
-0.010164 0.967348
-0.009705 0.967339
-0.009247 0.967297
-0.008788 0.967256
-0.008330 0.967204
-0.007872 0.967115
-0.007413 0.967003
-0.006955 0.966884
-0.006496 0.966757
-0.006038 0.966622
-0.005579 0.966489
-0.005121 0.966355
-0.004663 0.966219
-0.004204 0.966088
-0.003746 0.965962
-0.003287 0.965840
-0.002829 0.965727
-0.002370 0.965624
-0.001912 0.965535
-0.001453 0.965464
-0.000995 0.965418
-0.000537 0.965420
-0.000078 0.965432
0.000380 0.965447
0.000839 0.965463
0.001297 0.965484
0.001755 0.965506
0.002214 0.965531
0.002672 0.965559
0.003131 0.965590
0.003589 0.965623
0.004048 0.965659
0.004506 0.965698
0.004964 0.965741
0.005423 0.965786
0.005881 0.965833
0.006340 0.965886
0.006798 0.965941
0.007257 0.965996
0.007715 0.966059
0.008173 0.966122
0.008632 0.966190
0.009090 0.966262
0.009549 0.966337
0.010007 0.966415
0.010466 0.966501
0.010924 0.966587
0.011382 0.966678
0.011841 0.966776
0.012299 0.966877
0.012758 0.966982
0.013216 0.967094
0.013675 0.967212
0.014133 0.967335
0.014591 0.967464
0.015050 0.967600
0.015508 0.967741
0.015967 0.967893
0.016425 0.968049
0.016884 0.968218
0.017342 0.968395
0.017801 0.968579
0.018259 0.968778
0.018717 0.968987
0.019176 0.969209
0.019634 0.969447
0.020093 0.969698
0.020551 0.969973
0.021010 0.970265
0.021468 0.970587
0.021926 0.970939
0.022385 0.971329
0.022843 0.971791
0.023302 0.972529
0.023760 0.973440
0.024219 0.974446
0.024677 0.975515
0.025135 0.976617
0.025594 0.977737
0.026052 0.978852
0.026511 0.979950
0.026969 0.981016
0.027428 0.982032
0.027886 0.982987
0.028344 0.983867
0.028803 0.984654
0.029261 0.985331
0.029720 0.985876
0.030178 0.986254
0.030637 0.986377
0.031095 0.986390
0.031553 0.986403
0.032012 0.986417
0.032470 0.986430
0.032929 0.986443
0.033387 0.986457
0.033846 0.986470
0.034304 0.986482
0.034762 0.986496
0.035221 0.986508
0.035679 0.986522
0.036138 0.986537
0.036596 0.986549
0.037055 0.986563
0.037513 0.986576
0.037971 0.986589
0.038430 0.986601
0.038888 0.986616
0.039347 0.986627
0.039805 0.986641
0.040264 0.986654
0.040722 0.986667
0.041180 0.986681
0.041639 0.986694
0.042097 0.986707
0.042556 0.986721
0.043014 0.986733
0.043473 0.986746
0.043931 0.986760
0.044390 0.986772
0.044848 0.986784
0.045306 0.986799
0.045765 0.986813
0.046223 0.986825
0.046682 0.986838
0.047140 0.986851
0.047599 0.986864
0.048057 0.986878
0.048515 0.986890
0.048974 0.986903
0.049432 0.986917
0.049891 0.986930
0.050349 0.986942
0.050808 0.986955
0.051266 0.986969
0.051724 0.986982
0.052183 0.986995
0.052641 0.987006
0.053100 0.987020
0.053558 0.987033
0.054017 0.987047
0.054475 0.987060
0.054933 0.987072
0.055392 0.987086
0.055850 0.987098
0.056309 0.987112
0.056767 0.987125
0.057226 0.987137
0.057684 0.987150
0.058142 0.987163
0.058601 0.987176
0.059059 0.987191
0.059518 0.987204
0.059976 0.987216
0.060435 0.987228
0.060893 0.987241
0.061352 0.987254
0.061810 0.987267
0.062268 0.987279
0.062727 0.987292
0.063185 0.987305
0.063644 0.987319
0.064102 0.987331
0.064561 0.987345
0.065019 0.987357
0.065477 0.987370
0.065936 0.987383
0.066394 0.987395
0.066853 0.987408
0.067311 0.987423
0.067770 0.987434
0.068228 0.987447
0.068686 0.987459
0.069145 0.987473
0.069603 0.987485
0.070062 0.987498
0.070520 0.987510
0.070978 0.987525
0.071437 0.987536
0.071895 0.987550
0.072354 0.987564
0.072812 0.987575
0.073271 0.987587
0.073729 0.987601
0.074187 0.987613
0.074646 0.987626
0.075104 0.987640
0.075563 0.987651
0.076021 0.987664
0.076480 0.987678
0.076938 0.987690
0.077397 0.987703
0.077855 0.987716
0.078313 0.987728
0.078772 0.987740
0.079230 0.987753
0.079689 0.987767
0.080147 0.987780
0.080606 0.987790
0.081064 0.987805
0.081522 0.987817
0.081981 0.987830
0.082439 0.987843
0.082898 0.987855
0.083356 0.987869
0.083815 0.987879
0.084273 0.987893
0.084731 0.987905
0.085190 0.987918
0.085648 0.987932
0.086107 0.987944
0.086565 0.987957
0.087024 0.987970
0.087482 0.987983
0.087940 0.987995
0.088399 0.988006
0.088857 0.988019
0.089316 0.988032
0.089774 0.988044
0.090233 0.988058
0.090691 0.988070
0.091149 0.988082
0.091608 0.988096
0.092066 0.988107
0.092525 0.988120
0.092983 0.988132
0.093442 0.988144
0.093900 0.988157
0.094359 0.988170
0.094817 0.988183
0.095275 0.988196
0.095734 0.988208
0.096192 0.988220
0.096651 0.988233
0.097109 0.988245
0.097568 0.988257
0.098026 0.988271
0.098484 0.988283
0.098943 0.988295
0.099401 0.988308
0.099860 0.988320
0.100318 0.988332
0.100777 0.988345
0.101235 0.988357
0.101693 0.988370
0.102152 0.988382
0.102610 0.988395
0.103069 0.988407
0.103527 0.988419
0.103986 0.988430
0.104444 0.988445
0.104902 0.988458
0.105361 0.988469
0.105819 0.988481
0.106278 0.988494
0.106736 0.988506
0.107195 0.988519
0.107653 0.988531
0.108111 0.988543
0.108570 0.988555
0.109028 0.988568
0.109487 0.988581
0.109945 0.988594
0.110404 0.988605
0.110862 0.988617
