-0.000537 0.965420
-0.000078 0.965432
0.000380 0.965447
0.000839 0.965463
0.001297 0.965484
0.001755 0.965506
0.002214 0.965531
0.002672 0.965559
0.003131 0.965590
0.003589 0.965623
0.004048 0.965659
0.004506 0.965698
0.004964 0.965741
0.005423 0.965786
0.005881 0.965833
0.006340 0.965886
0.006798 0.965941
0.007257 0.965996
0.007715 0.966059
0.008173 0.966122
0.008632 0.966190
0.009090 0.966262
0.009549 0.966337
0.010007 0.966415
0.010466 0.966501
0.010924 0.966587
0.011382 0.966678
0.011841 0.966776
0.012299 0.966877
0.012758 0.966982
0.013216 0.967094
0.013675 0.967212
0.014133 0.967335
0.014591 0.967464
0.015050 0.967600
0.015508 0.967741
0.015967 0.967893
0.016425 0.968049
0.016884 0.968218
0.017342 0.968395
0.017801 0.968579
0.018259 0.968778
0.018717 0.968987
0.019176 0.969209
0.019634 0.969447
0.020093 0.969698
0.020551 0.969973
0.021010 0.970265
0.021468 0.970587
0.021926 0.970939
0.022385 0.971329
0.022843 0.971791
0.023302 0.972529
0.023760 0.973440
0.024219 0.974446
0.024677 0.975515
0.025135 0.976617
0.025594 0.977737
0.026052 0.978852
0.026511 0.979950
0.026969 0.981016
0.027428 0.982032
0.027886 0.982987
0.028344 0.983867
0.028803 0.984654
0.029261 0.985331
0.029720 0.985876
0.030178 0.986254
0.030637 0.986377
0.031095 0.986390
0.031553 0.986403
0.032012 0.986417
0.032470 0.986430
0.032929 0.986443
0.033387 0.986457
0.033846 0.986470
0.034304 0.986482
0.034762 0.986496
0.035221 0.986508
0.035679 0.986522
0.036138 0.986537
0.036596 0.986549
0.037055 0.986563
0.037513 0.986576
0.037971 0.986589
0.038430 0.986601
0.038888 0.986616
0.039347 0.986627
0.039805 0.986641
0.040264 0.986654
0.040722 0.986667
0.041180 0.986681
0.041639 0.986694
0.042097 0.986707
0.042556 0.986721
0.043014 0.986733
0.043473 0.986746
0.043931 0.986760
0.044390 0.986772
0.044848 0.986784
0.045306 0.986799
0.045765 0.986813
0.046223 0.986825
0.046682 0.986838
0.047140 0.986851
0.047599 0.986864
0.048057 0.986878
0.048515 0.986890
0.048974 0.986903
0.049432 0.986917
0.049891 0.986930
0.050349 0.986942
0.050808 0.986955
0.051266 0.986969
0.051724 0.986982
0.052183 0.986995
0.052641 0.987006
0.053100 0.987020
0.053558 0.987033
0.054017 0.987047
0.054475 0.987060
0.054933 0.987072
0.055392 0.987086
0.055850 0.987098
0.056309 0.987112
0.056767 0.987125
0.057226 0.987137
0.057684 0.987150
0.058142 0.987163
0.058601 0.987176
0.059059 0.987191
0.059518 0.987204
0.059976 0.987216
0.060435 0.987228
0.060893 0.987241
0.061352 0.987254
0.061810 0.987267
0.062268 0.987279
0.062727 0.987292
0.063185 0.987305
0.063644 0.987319
0.064102 0.987331
0.064561 0.987345
0.065019 0.987357
0.065477 0.987370
0.065936 0.987383
0.066394 0.987395
0.066853 0.987408
0.067311 0.987423
0.067770 0.987434
0.068228 0.987447
0.068686 0.987459
0.069145 0.987473
0.069603 0.987485
0.070062 0.987498
0.070520 0.987510
0.070978 0.987525
0.071437 0.987536
0.071895 0.987550
0.072354 0.987564
0.072812 0.987575
0.073271 0.987587
0.073729 0.987601
0.074187 0.987613
0.074646 0.987626
0.075104 0.987640
0.075563 0.987651
0.076021 0.987664
0.076480 0.987678
0.076938 0.987690
0.077397 0.987703
0.077855 0.987716
0.078313 0.987728
0.078772 0.987740
0.079230 0.987753
0.079689 0.987767
0.080147 0.987780
0.080606 0.987790
0.081064 0.987805
0.081522 0.987817
0.081981 0.987830
0.082439 0.987843
0.082898 0.987855
0.083356 0.987869
0.083815 0.987879
0.084273 0.987893
0.084731 0.987905
0.085190 0.987918
0.085648 0.987932
0.086107 0.987944
0.086565 0.987957
0.087024 0.987970
0.087482 0.987983
0.087940 0.987995
0.088399 0.988006
0.088857 0.988019
0.089316 0.988032
0.089774 0.988044
0.090233 0.988058
0.090691 0.988070
0.091149 0.988082
0.091608 0.988096
0.092066 0.988107
0.092525 0.988120
0.092983 0.988132
0.093442 0.988144
0.093900 0.988157
0.094359 0.988170
0.094817 0.988183
0.095275 0.988196
0.095734 0.988208
0.096192 0.988220
0.096651 0.988233
0.097109 0.988245
0.097568 0.988257
0.098026 0.988271
0.098484 0.988283
0.098943 0.988295
0.099401 0.988308
0.099860 0.988320
0.100318 0.988332
0.100777 0.988345
0.101235 0.988357
0.101693 0.988370
0.102152 0.988382
0.102610 0.988395
0.103069 0.988407
0.103527 0.988419
0.103986 0.988430
0.104444 0.988445
0.104902 0.988458
0.105361 0.988469
0.105819 0.988481
0.106278 0.988494
0.106736 0.988506
0.107195 0.988519
0.107653 0.988531
0.108111 0.988543
0.108570 0.988555
0.109028 0.988568
0.109487 0.988581
0.109945 0.988594
0.110404 0.988605
0.110862 0.988617
0.111320 0.988631
0.111779 0.988642
0.112237 0.988654
0.112696 0.988666
0.113154 0.988679
0.113613 0.988692
0.114071 0.988703
0.114530 0.988717
0.114988 0.988728
0.115446 0.988740
0.115905 0.988753
0.116363 0.988765
0.116822 0.988776
0.117280 0.988788
0.117739 0.988802
0.118197 0.988814
0.118655 0.988826
0.119114 0.988839
0.119572 0.988852
0.120031 0.988863
0.120489 0.988876
0.120948 0.988887
0.121406 0.988899
0.121864 0.988911
0.122323 0.988923
0.122781 0.988935
0.123240 0.988949
0.123698 0.988961
0.124157 0.988973
0.124615 0.988985
0.125073 0.988998
0.125532 0.989008
0.125990 0.989021
0.126449 0.989032
0.126907 0.989045
0.127366 0.989057
0.127824 0.989070
0.128282 0.989082
0.128741 0.989093
0.129199 0.989106
0.129658 0.989117
0.130116 0.989130
0.130575 0.989143
0.131033 0.989154
0.131491 0.989167
0.131950 0.989178
0.132408 0.989190
0.132867 0.989203
0.133325 0.989215
0.133784 0.989228
0.134242 0.989239
0.134700 0.989252
0.135159 0.989263
0.135617 0.989275
0.136076 0.989287
0.136534 0.989298
0.136993 0.989310
0.137451 0.989323
0.137909 0.989335
0.138368 0.989347
0.138826 0.989359
0.139285 0.989371
0.139743 0.989383
0.140202 0.989395
0.140660 0.989406
0.141118 0.989418
0.141577 0.989429
0.142035 0.989442
0.142494 0.989456
0.142952 0.989466
0.143411 0.989478
0.143869 0.989491
0.144328 0.989502
0.144786 0.989514
0.145244 0.989526
0.145703 0.989537
0.146161 0.989549
0.146620 0.989562
0.147078 0.989574
0.147537 0.989586
0.147995 0.989598
0.148453 0.989608
0.148912 0.989621
0.149370 0.989633
0.149829 0.989644
0.150287 0.989656
0.150746 0.989667
0.151204 0.989680
0.151662 0.989691
0.152121 0.989703
0.152579 0.989716
0.153038 0.989727
0.153496 0.989738
0.153955 0.989751
0.154413 0.989764
0.154871 0.989773
0.155330 0.989787
0.155788 0.989798
0.156247 0.989808
0.156705 0.989821
0.157164 0.989834
0.157622 0.989845
0.158080 0.989858
0.158539 0.989868
0.158997 0.989880
0.159456 0.989893
0.159914 0.989903
0.160373 0.989915
0.160831 0.989926
0.161289 0.989938
0.161748 0.989951
0.162206 0.989962
0.162665 0.989974
0.163123 0.989985
0.163582 0.989997
0.164040 0.990007
0.164498 0.990020
0.164957 0.990032
0.165415 0.990043
0.165874 0.990055
0.166332 0.990066
0.166791 0.990079
0.167249 0.990090
0.167707 0.990102
0.168166 0.990113
0.168624 0.990125
0.169083 0.990135
0.169541 0.990148
0.170000 0.990160
0.170458 0.990170
0.170916 0.990182
0.171375 0.990193
0.171833 0.990206
0.172292 0.990219
0.172750 0.990229
0.173209 0.990240
0.173667 0.990251
0.174126 0.990264
0.174584 0.990276
0.175042 0.990286
0.175501 0.990299
0.175959 0.990309
0.176418 0.990320
