0.087940 0.987995
0.088399 0.988006
0.088857 0.988019
0.089316 0.988032
0.089774 0.988044
0.090233 0.988058
0.090691 0.988070
0.091149 0.988082
0.091608 0.988096
0.092066 0.988107
0.092525 0.988120
0.092983 0.988132
0.093442 0.988144
0.093900 0.988157
0.094359 0.988170
0.094817 0.988183
0.095275 0.988196
0.095734 0.988208
0.096192 0.988220
0.096651 0.988233
0.097109 0.988245
0.097568 0.988257
0.098026 0.988271
0.098484 0.988283
0.098943 0.988295
0.099401 0.988308
0.099860 0.988320
0.100318 0.988332
0.100777 0.988345
0.101235 0.988357
0.101693 0.988370
0.102152 0.988382
0.102610 0.988395
0.103069 0.988407
0.103527 0.988419
0.103986 0.988430
0.104444 0.988445
0.104902 0.988458
0.105361 0.988469
0.105819 0.988481
0.106278 0.988494
0.106736 0.988506
0.107195 0.988519
0.107653 0.988531
0.108111 0.988543
0.108570 0.988555
0.109028 0.988568
0.109487 0.988581
0.109945 0.988594
0.110404 0.988605
0.110862 0.988617
0.111320 0.988631
0.111779 0.988642
0.112237 0.988654
0.112696 0.988666
0.113154 0.988679
0.113613 0.988692
0.114071 0.988703
0.114530 0.988717
0.114988 0.988728
0.115446 0.988740
0.115905 0.988753
0.116363 0.988765
0.116822 0.988776
0.117280 0.988788
0.117739 0.988802
0.118197 0.988814
0.118655 0.988826
0.119114 0.988839
0.119572 0.988852
0.120031 0.988863
0.120489 0.988876
0.120948 0.988887
0.121406 0.988899
0.121864 0.988911
0.122323 0.988923
0.122781 0.988935
0.123240 0.988949
0.123698 0.988961
0.124157 0.988973
0.124615 0.988985
0.125073 0.988998
0.125532 0.989008
0.125990 0.989021
0.126449 0.989032
0.126907 0.989045
0.127366 0.989057
0.127824 0.989070
0.128282 0.989082
0.128741 0.989093
0.129199 0.989106
0.129658 0.989117
0.130116 0.989130
0.130575 0.989143
0.131033 0.989154
0.131491 0.989167
0.131950 0.989178
0.132408 0.989190
0.132867 0.989203
0.133325 0.989215
0.133784 0.989228
0.134242 0.989239
0.134700 0.989252
0.135159 0.989263
0.135617 0.989275
0.136076 0.989287
0.136534 0.989298
0.136993 0.989310
0.137451 0.989323
0.137909 0.989335
0.138368 0.989347
0.138826 0.989359
0.139285 0.989371
0.139743 0.989383
0.140202 0.989395
0.140660 0.989406
0.141118 0.989418
0.141577 0.989429
0.142035 0.989442
0.142494 0.989456
0.142952 0.989466
0.143411 0.989478
0.143869 0.989491
0.144328 0.989502
0.144786 0.989514
0.145244 0.989526
0.145703 0.989537
0.146161 0.989549
0.146620 0.989562
0.147078 0.989574
0.147537 0.989586
0.147995 0.989598
0.148453 0.989608
0.148912 0.989621
0.149370 0.989633
0.149829 0.989644
0.150287 0.989656
0.150746 0.989667
0.151204 0.989680
0.151662 0.989691
0.152121 0.989703
0.152579 0.989716
0.153038 0.989727
0.153496 0.989738
0.153955 0.989751
0.154413 0.989764
0.154871 0.989773
0.155330 0.989787
0.155788 0.989798
0.156247 0.989808
0.156705 0.989821
0.157164 0.989834
0.157622 0.989845
0.158080 0.989858
0.158539 0.989868
0.158997 0.989880
0.159456 0.989893
0.159914 0.989903
0.160373 0.989915
0.160831 0.989926
0.161289 0.989938
0.161748 0.989951
0.162206 0.989962
0.162665 0.989974
0.163123 0.989985
0.163582 0.989997
0.164040 0.990007
0.164498 0.990020
0.164957 0.990032
0.165415 0.990043
0.165874 0.990055
0.166332 0.990066
0.166791 0.990079
0.167249 0.990090
0.167707 0.990102
0.168166 0.990113
0.168624 0.990125
0.169083 0.990135
0.169541 0.990148
0.170000 0.990160
0.170458 0.990170
0.170916 0.990182
0.171375 0.990193
0.171833 0.990206
0.172292 0.990219
0.172750 0.990229
0.173209 0.990240
0.173667 0.990251
0.174126 0.990264
0.174584 0.990276
0.175042 0.990286
0.175501 0.990299
0.175959 0.990309
0.176418 0.990320
0.176876 0.990333
0.177335 0.990344
0.177793 0.990356
0.178251 0.990367
0.178710 0.990378
0.179168 0.990390
0.179627 0.990401
0.180085 0.990412
0.180544 0.990424
0.181002 0.990434
0.181460 0.990446
0.181919 0.990459
0.182377 0.990471
0.182836 0.990481
0.183294 0.990493
0.183753 0.990504
0.184211 0.990515
0.184669 0.990526
0.185128 0.990538
0.185586 0.990548
0.186045 0.990560
0.186503 0.990572
0.186962 0.990584
0.187420 0.990595
0.187878 0.990607
0.188337 0.990618
0.188795 0.990629
0.189254 0.990640
0.189712 0.990651
0.190171 0.990664
0.190629 0.990674
0.191087 0.990686
0.191546 0.990696
0.192004 0.990706
0.192463 0.990720
0.192921 0.990731
0.193380 0.990743
0.193838 0.990754
0.194296 0.990764
0.194755 0.990775
0.195213 0.990787
0.195672 0.990798
0.196130 0.990810
0.196589 0.990820
0.197047 0.990830
0.197505 0.990843
0.197964 0.990853
0.198422 0.990865
0.198881 0.990877
0.199339 0.990887
0.199798 0.990898
0.200256 0.990911
0.200715 0.990921
0.201173 0.990932
0.201631 0.990942
0.202090 0.990954
0.202548 0.990966
0.203007 0.990977
0.203465 0.990987
0.203924 0.990999
0.204382 0.991010
0.204840 0.991021
0.205299 0.991032
0.205757 0.991044
0.206216 0.991055
0.206674 0.991065
0.207133 0.991076
0.207591 0.991086
0.208049 0.991099
0.208508 0.991111
0.208966 0.991121
0.209425 0.991133
0.209883 0.991143
0.210342 0.991155
0.210800 0.991165
0.211258 0.991176
0.211717 0.991187
0.212175 0.991198
0.212634 0.991209
0.213092 0.991220
0.213551 0.991231
0.214009 0.991243
0.214467 0.991254
0.214926 0.991265
0.215384 0.991276
0.215843 0.991286
0.216301 0.991298
0.216760 0.991308
0.217218 0.991319
0.217676 0.991329
0.218135 0.991341
0.218593 0.991352
0.219052 0.991362
0.219510 0.991373
0.219969 0.991384
0.220427 0.991395
0.220885 0.991406
0.221344 0.991417
0.221802 0.991428
0.222261 0.991439
0.222719 0.991448
0.223178 0.991460
0.223636 0.991472
0.224094 0.991482
0.224553 0.991493
0.225011 0.991504
0.225470 0.991514
0.225928 0.991525
0.226387 0.991536
0.226845 0.991547
0.227303 0.991557
0.227762 0.991568
0.228220 0.991579
0.228679 0.991590
0.229137 0.991601
0.229596 0.991612
0.230054 0.991623
0.230512 0.991632
0.230971 0.991644
0.231429 0.991655
0.231888 0.991665
0.232346 0.991676
0.232805 0.991686
0.233263 0.991697
0.233722 0.991708
0.234180 0.991718
0.234638 0.991730
0.235097 0.991740
0.235555 0.991751
0.236014 0.991761
0.236472 0.991772
0.236931 0.991782
0.237389 0.991794
0.237847 0.991804
0.238306 0.991815
0.238764 0.991824
0.239223 0.991837
0.239681 0.991847
0.240140 0.991858
0.240598 0.991868
0.241056 0.991879
0.241515 0.991889
0.241973 0.991901
0.242432 0.991909
0.242890 0.991921
0.243349 0.991931
0.243807 0.991942
0.244265 0.991952
0.244724 0.991964
0.245182 0.991975
0.245641 0.991985
0.246099 0.991995
0.246558 0.992007
0.247016 0.992016
0.247474 0.992026
0.247933 0.992036
0.248391 0.992047
0.248850 0.992059
0.249308 0.992068
0.249767 0.992078
0.250225 0.992089
0.250684 0.992100
0.251142 0.992110
0.251600 0.992120
0.252059 0.992131
0.252517 0.992142
0.252976 0.992152
0.253434 0.992161
0.253893 0.992173
0.254351 0.992183
0.254809 0.992193
0.255268 0.992204
0.255726 0.992214
0.256185 0.992225
0.256643 0.992236
0.257101 0.992246
0.257560 0.992257
0.258018 0.992266
0.258477 0.992277
0.258935 0.992287
0.259394 0.992297
0.259852 0.992308
0.260311 0.992318
0.260769 0.992328
0.261227 0.992337
0.261686 0.992349
0.262144 0.992360
0.262603 0.992371
0.263061 0.992380
0.263520 0.992389
0.263978 0.992400
0.264436 0.992411
0.264895 0.992421
0.265353 0.992431
