-0.158695 0.980733
-0.158237 0.980747
-0.157778 0.980760
-0.157320 0.980773
-0.156862 0.980787
-0.156403 0.980801
-0.155945 0.980815
-0.155486 0.980828
-0.155028 0.980842
-0.154569 0.980857
-0.154111 0.980870
-0.153653 0.980884
-0.153194 0.980897
-0.152736 0.980911
-0.152277 0.980924
-0.151819 0.980938
-0.151360 0.980953
-0.150902 0.980965
-0.150444 0.980980
-0.149985 0.980994
-0.149527 0.981008
-0.149068 0.981021
-0.148610 0.981035
-0.148151 0.981047
-0.147693 0.981062
-0.147235 0.981075
-0.146776 0.981089
-0.146318 0.981103
-0.145859 0.981117
-0.145401 0.981132
-0.144942 0.981146
-0.144484 0.981158
-0.144026 0.981171
-0.143567 0.981186
-0.143109 0.981199
-0.142650 0.981212
-0.142192 0.981226
-0.141734 0.981241
-0.141275 0.981254
-0.140817 0.981268
-0.140358 0.981281
-0.139900 0.981296
-0.139441 0.981309
-0.138983 0.981323
-0.138524 0.981336
-0.138066 0.981350
-0.137608 0.981365
-0.137149 0.981378
-0.136691 0.981392
-0.136232 0.981406
-0.135774 0.981419
-0.135315 0.981433
-0.134857 0.981448
-0.134399 0.981460
-0.133940 0.981474
-0.133482 0.981488
-0.133023 0.981502
-0.132565 0.981515
-0.132106 0.981530
-0.131648 0.981543
-0.131189 0.981557
-0.130731 0.981570
-0.130273 0.981584
-0.129814 0.981599
-0.129356 0.981611
-0.128897 0.981626
-0.128439 0.981639
-0.127981 0.981653
-0.127522 0.981667
-0.127064 0.981680
-0.126605 0.981694
-0.126147 0.981707
-0.125688 0.981721
-0.125230 0.981736
-0.124772 0.981751
-0.124313 0.981763
-0.123855 0.981777
-0.123396 0.981791
-0.122938 0.981804
-0.122479 0.981818
-0.122021 0.981832
-0.121562 0.981844
-0.121104 0.981861
-0.120646 0.981874
-0.120187 0.981887
-0.119729 0.981901
-0.119270 0.981915
-0.118812 0.981928
-0.118353 0.981942
-0.117895 0.981955
-0.117437 0.981969
-0.116978 0.981983
-0.116520 0.981997
-0.116061 0.982010
-0.115603 0.982025
-0.115144 0.982038
-0.114686 0.982052
-0.114228 0.982066
-0.113769 0.982079
-0.113311 0.982093
-0.112852 0.982106
-0.112394 0.982121
-0.111935 0.982135
-0.111477 0.982149
-0.111019 0.982162
-0.110560 0.982177
-0.110102 0.982190
-0.109643 0.982204
-0.109185 0.982216
-0.108726 0.982231
-0.108268 0.982245
-0.107810 0.982259
-0.107351 0.982272
-0.106893 0.982286
-0.106434 0.982299
-0.105976 0.982312
-0.105517 0.982327
-0.105059 0.982341
-0.104601 0.982354
-0.104142 0.982370
-0.103684 0.982384
-0.103225 0.982396
-0.102767 0.982411
-0.102308 0.982424
-0.101850 0.982438
-0.101391 0.982451
-0.100933 0.982464
-0.100475 0.982478
-0.100016 0.982493
-0.099558 0.982506
-0.099099 0.982520
-0.098641 0.982534
-0.098182 0.982547
-0.097724 0.982562
-0.097266 0.982575
-0.096807 0.982587
-0.096349 0.982602
-0.095890 0.982616
-0.095432 0.982630
-0.094973 0.982644
-0.094515 0.982657
-0.094057 0.982671
-0.093598 0.982686
-0.093140 0.982698
-0.092681 0.982712
-0.092223 0.982726
-0.091764 0.982739
-0.091306 0.982754
-0.090848 0.982768
-0.090389 0.982780
-0.089931 0.982795
-0.089472 0.982808
-0.089014 0.982822
-0.088555 0.982836
-0.088097 0.982849
-0.087639 0.982863
-0.087180 0.982878
-0.086722 0.982891
-0.086263 0.982905
-0.085805 0.982919
-0.085346 0.982932
-0.084888 0.982946
-0.084430 0.982961
-0.083971 0.982973
-0.083513 0.982986
-0.083054 0.983002
-0.082596 0.983014
-0.082137 0.983029
-0.081679 0.983042
-0.081221 0.983057
-0.080762 0.983070
-0.080304 0.983084
-0.079845 0.983097
-0.079387 0.983110
-0.078928 0.983125
-0.078470 0.983139
-0.078012 0.983152
-0.077553 0.983165
-0.077095 0.983180
-0.076636 0.983193
-0.076178 0.983206
-0.075719 0.983220
-0.075261 0.983233
-0.074803 0.983248
-0.074344 0.983263
-0.073886 0.983277
-0.073427 0.983290
-0.072969 0.983304
-0.072510 0.983316
-0.072052 0.983331
-0.071593 0.983344
-0.071135 0.983357
-0.070677 0.983372
-0.070218 0.983386
-0.069760 0.983401
-0.069301 0.983413
-0.068843 0.983427
-0.068384 0.983441
-0.067926 0.983455
-0.067468 0.983469
-0.067009 0.983481
-0.066551 0.983495
-0.066092 0.983511
-0.065634 0.983522
-0.065175 0.983537
-0.064717 0.983551
-0.064259 0.983564
-0.063800 0.983579
-0.063342 0.983592
-0.062883 0.983605
-0.062425 0.983620
-0.061966 0.983633
-0.061508 0.983648
-0.061050 0.983661
-0.060591 0.983674
-0.060133 0.983688
-0.059674 0.983701
-0.059216 0.983715
-0.058757 0.983730
-0.058299 0.983742
-0.057841 0.983756
-0.057382 0.983770
-0.056924 0.983784
-0.056465 0.983799
-0.056007 0.983812
-0.055548 0.983825
-0.055090 0.983839
-0.054632 0.983852
-0.054173 0.983867
-0.053715 0.983878
-0.053256 0.983894
-0.052798 0.983908
-0.052339 0.983921
-0.051881 0.983935
-0.051423 0.983948
-0.050964 0.983962
-0.050506 0.983975
-0.050047 0.983989
-0.049589 0.984002
-0.049130 0.984017
-0.048672 0.984032
-0.048214 0.984045
-0.047755 0.984059
-0.047297 0.984072
-0.046838 0.984085
-0.046380 0.984098
-0.045921 0.984112
-0.045463 0.984126
-0.045005 0.984141
-0.044546 0.984154
-0.044088 0.984168
-0.043629 0.984181
-0.043171 0.984194
-0.042712 0.984209
-0.042254 0.984222
-0.041795 0.984235
-0.041337 0.984249
-0.040879 0.984264
-0.040420 0.984278
-0.039962 0.984291
-0.039503 0.984305
-0.039045 0.984318
-0.038586 0.984332
-0.038128 0.984346
-0.037670 0.984359
-0.037211 0.984372
-0.036753 0.984386
-0.036294 0.984402
-0.035836 0.984414
-0.035377 0.984427
-0.034919 0.984441
-0.034461 0.984455
-0.034002 0.984469
-0.033544 0.984482
-0.033085 0.984496
-0.032627 0.984510
-0.032168 0.984525
-0.031710 0.984537
-0.031252 0.984551
-0.030793 0.984564
-0.030335 0.984544
-0.029876 0.984264
-0.029418 0.983796
-0.028959 0.983188
-0.028501 0.982463
-0.028043 0.981641
-0.027584 0.980737
-0.027126 0.979768
-0.026667 0.978743
-0.026209 0.977683
-0.025750 0.976599
-0.025292 0.975504
-0.024834 0.974423
-0.024375 0.973364
-0.023917 0.972361
-0.023458 0.971440
-0.023000 0.970656
-0.022541 0.970145
-0.022083 0.969762
-0.021625 0.969424
-0.021166 0.969121
-0.020708 0.968847
-0.020249 0.968593
-0.019791 0.968363
-0.019332 0.968145
-0.018874 0.967944
-0.018416 0.967761
-0.017957 0.967585
-0.017499 0.967422
-0.017040 0.967293
-0.016582 0.967209
-0.016123 0.967152
-0.015665 0.967117
-0.015206 0.967096
-0.014748 0.967096
-0.014290 0.967099
-0.013831 0.967117
-0.013373 0.967140
-0.012914 0.967172
-0.012456 0.967206
-0.011998 0.967240
-0.011539 0.967276
-0.011081 0.967305
-0.010622 0.967334
-0.010164 0.967348
-0.009705 0.967339
-0.009247 0.967297
-0.008788 0.967256
-0.008330 0.967204
-0.007872 0.967115
-0.007413 0.967003
-0.006955 0.966884
-0.006496 0.966757
-0.006038 0.966622
-0.005579 0.966489
-0.005121 0.966355
-0.004663 0.966219
-0.004204 0.966088
-0.003746 0.965962
-0.003287 0.965840
-0.002829 0.965727
-0.002370 0.965624
-0.001912 0.965535
-0.001453 0.965464
-0.000995 0.965418
-0.000537 0.965420
-0.000078 0.965432
0.000380 0.965447
0.000839 0.965463
0.001297 0.965484
0.001755 0.965506
0.002214 0.965531
0.002672 0.965559
0.003131 0.965590
0.003589 0.965623
0.004048 0.965659
0.004506 0.965698
0.004964 0.965741
0.005423 0.965786
0.005881 0.965833
0.006340 0.965886
0.006798 0.965941
0.007257 0.965996
0.007715 0.966059
0.008173 0.966122
0.008632 0.966190
0.009090 0.966262
0.009549 0.966337
0.010007 0.966415
0.010466 0.966501
0.010924 0.966587
0.011382 0.966678
0.011841 0.966776
0.012299 0.966877
0.012758 0.966982
0.013216 0.967094
0.013675 0.967212
0.014133 0.967335
0.014591 0.967464
0.015050 0.967600
0.015508 0.967741
0.015967 0.967893
0.016425 0.968049
0.016884 0.968218
0.017342 0.968395
0.017801 0.968579
0.018259 0.968778
0.018717 0.968987
