-0.116061 0.982010
-0.115603 0.982025
-0.115144 0.982038
-0.114686 0.982052
-0.114228 0.982066
-0.113769 0.982079
-0.113311 0.982093
-0.112852 0.982106
-0.112394 0.982121
-0.111935 0.982135
-0.111477 0.982149
-0.111019 0.982162
-0.110560 0.982177
-0.110102 0.982190
-0.109643 0.982204
-0.109185 0.982216
-0.108726 0.982231
-0.108268 0.982245
-0.107810 0.982259
-0.107351 0.982272
-0.106893 0.982286
-0.106434 0.982299
-0.105976 0.982312
-0.105517 0.982327
-0.105059 0.982341
-0.104601 0.982354
-0.104142 0.982370
-0.103684 0.982384
-0.103225 0.982396
-0.102767 0.982411
-0.102308 0.982424
-0.101850 0.982438
-0.101391 0.982451
-0.100933 0.982464
-0.100475 0.982478
-0.100016 0.982493
-0.099558 0.982506
-0.099099 0.982520
-0.098641 0.982534
-0.098182 0.982547
-0.097724 0.982562
-0.097266 0.982575
-0.096807 0.982587
-0.096349 0.982602
-0.095890 0.982616
-0.095432 0.982630
-0.094973 0.982644
-0.094515 0.982657
-0.094057 0.982671
-0.093598 0.982686
-0.093140 0.982698
-0.092681 0.982712
-0.092223 0.982726
-0.091764 0.982739
-0.091306 0.982754
-0.090848 0.982768
-0.090389 0.982780
-0.089931 0.982795
-0.089472 0.982808
-0.089014 0.982822
-0.088555 0.982836
-0.088097 0.982849
-0.087639 0.982863
-0.087180 0.982878
-0.086722 0.982891
-0.086263 0.982905
-0.085805 0.982919
-0.085346 0.982932
-0.084888 0.982946
-0.084430 0.982961
-0.083971 0.982973
-0.083513 0.982986
-0.083054 0.983002
-0.082596 0.983014
-0.082137 0.983029
-0.081679 0.983042
-0.081221 0.983057
-0.080762 0.983070
-0.080304 0.983084
-0.079845 0.983097
-0.079387 0.983110
-0.078928 0.983125
-0.078470 0.983139
-0.078012 0.983152
-0.077553 0.983165
-0.077095 0.983180
-0.076636 0.983193
-0.076178 0.983206
-0.075719 0.983220
-0.075261 0.983233
-0.074803 0.983248
-0.074344 0.983263
-0.073886 0.983277
-0.073427 0.983290
-0.072969 0.983304
-0.072510 0.983316
-0.072052 0.983331
-0.071593 0.983344
-0.071135 0.983357
-0.070677 0.983372
-0.070218 0.983386
-0.069760 0.983401
-0.069301 0.983413
-0.068843 0.983427
-0.068384 0.983441
-0.067926 0.983455
-0.067468 0.983469
-0.067009 0.983481
-0.066551 0.983495
-0.066092 0.983511
-0.065634 0.983522
-0.065175 0.983537
-0.064717 0.983551
-0.064259 0.983564
-0.063800 0.983579
-0.063342 0.983592
-0.062883 0.983605
-0.062425 0.983620
-0.061966 0.983633
-0.061508 0.983648
-0.061050 0.983661
-0.060591 0.983674
-0.060133 0.983688
-0.059674 0.983701
-0.059216 0.983715
-0.058757 0.983730
-0.058299 0.983742
-0.057841 0.983756
-0.057382 0.983770
-0.056924 0.983784
-0.056465 0.983799
-0.056007 0.983812
-0.055548 0.983825
-0.055090 0.983839
-0.054632 0.983852
-0.054173 0.983867
-0.053715 0.983878
-0.053256 0.983894
-0.052798 0.983908
-0.052339 0.983921
-0.051881 0.983935
-0.051423 0.983948
-0.050964 0.983962
-0.050506 0.983975
-0.050047 0.983989
-0.049589 0.984002
-0.049130 0.984017
-0.048672 0.984032
-0.048214 0.984045
-0.047755 0.984059
-0.047297 0.984072
-0.046838 0.984085
-0.046380 0.984098
-0.045921 0.984112
-0.045463 0.984126
-0.045005 0.984141
-0.044546 0.984154
-0.044088 0.984168
-0.043629 0.984181
-0.043171 0.984194
-0.042712 0.984209
-0.042254 0.984222
-0.041795 0.984235
-0.041337 0.984249
-0.040879 0.984264
-0.040420 0.984278
-0.039962 0.984291
-0.039503 0.984305
-0.039045 0.984318
-0.038586 0.984332
-0.038128 0.984346
-0.037670 0.984359
-0.037211 0.984372
-0.036753 0.984386
-0.036294 0.984402
-0.035836 0.984414
-0.035377 0.984427
-0.034919 0.984441
-0.034461 0.984455
-0.034002 0.984469
-0.033544 0.984482
-0.033085 0.984496
-0.032627 0.984510
-0.032168 0.984525
-0.031710 0.984537
-0.031252 0.984551
-0.030793 0.984564
-0.030335 0.984544
-0.029876 0.984264
-0.029418 0.983796
-0.028959 0.983188
-0.028501 0.982463
-0.028043 0.981641
-0.027584 0.980737
-0.027126 0.979768
-0.026667 0.978743
-0.026209 0.977683
-0.025750 0.976599
-0.025292 0.975504
-0.024834 0.974423
-0.024375 0.973364
-0.023917 0.972361
-0.023458 0.971440
-0.023000 0.970656
-0.022541 0.970145
-0.022083 0.969762
-0.021625 0.969424
-0.021166 0.969121
-0.020708 0.968847
-0.020249 0.968593
-0.019791 0.968363
-0.019332 0.968145
-0.018874 0.967944
-0.018416 0.967761
-0.017957 0.967585
-0.017499 0.967422
-0.017040 0.967293
-0.016582 0.967209
-0.016123 0.967152
-0.015665 0.967117
-0.015206 0.967096
-0.014748 0.967096
-0.014290 0.967099
-0.013831 0.967117
-0.013373 0.967140
-0.012914 0.967172
-0.012456 0.967206
-0.011998 0.967240
-0.011539 0.967276
-0.011081 0.967305
-0.010622 0.967334
-0.010164 0.967348
-0.009705 0.967339
-0.009247 0.967297
-0.008788 0.967256
-0.008330 0.967204
-0.007872 0.967115
-0.007413 0.967003
-0.006955 0.966884
-0.006496 0.966757
-0.006038 0.966622
-0.005579 0.966489
-0.005121 0.966355
-0.004663 0.966219
-0.004204 0.966088
-0.003746 0.965962
-0.003287 0.965840
-0.002829 0.965727
-0.002370 0.965624
-0.001912 0.965535
-0.001453 0.965464
-0.000995 0.965418
-0.000537 0.965420
-0.000078 0.965432
0.000380 0.965447
0.000839 0.965463
0.001297 0.965484
0.001755 0.965506
0.002214 0.965531
0.002672 0.965559
0.003131 0.965590
0.003589 0.965623
0.004048 0.965659
0.004506 0.965698
0.004964 0.965741
0.005423 0.965786
0.005881 0.965833
0.006340 0.965886
0.006798 0.965941
0.007257 0.965996
0.007715 0.966059
0.008173 0.966122
0.008632 0.966190
0.009090 0.966262
0.009549 0.966337
0.010007 0.966415
0.010466 0.966501
0.010924 0.966587
0.011382 0.966678
0.011841 0.966776
0.012299 0.966877
0.012758 0.966982
0.013216 0.967094
0.013675 0.967212
0.014133 0.967335
0.014591 0.967464
0.015050 0.967600
0.015508 0.967741
0.015967 0.967893
0.016425 0.968049
0.016884 0.968218
0.017342 0.968395
0.017801 0.968579
0.018259 0.968778
0.018717 0.968987
0.019176 0.969209
0.019634 0.969447
0.020093 0.969698
0.020551 0.969973
0.021010 0.970265
0.021468 0.970587
0.021926 0.970939
0.022385 0.971329
0.022843 0.971791
0.023302 0.972529
0.023760 0.973440
0.024219 0.974446
0.024677 0.975515
0.025135 0.976617
0.025594 0.977737
0.026052 0.978852
0.026511 0.979950
0.026969 0.981016
0.027428 0.982032
0.027886 0.982987
0.028344 0.983867
0.028803 0.984654
0.029261 0.985331
0.029720 0.985876
0.030178 0.986254
0.030637 0.986377
0.031095 0.986390
0.031553 0.986403
0.032012 0.986417
0.032470 0.986430
0.032929 0.986443
0.033387 0.986457
0.033846 0.986470
0.034304 0.986482
0.034762 0.986496
0.035221 0.986508
0.035679 0.986522
0.036138 0.986537
0.036596 0.986549
0.037055 0.986563
0.037513 0.986576
0.037971 0.986589
0.038430 0.986601
0.038888 0.986616
0.039347 0.986627
0.039805 0.986641
0.040264 0.986654
0.040722 0.986667
0.041180 0.986681
0.041639 0.986694
0.042097 0.986707
0.042556 0.986721
0.043014 0.986733
0.043473 0.986746
0.043931 0.986760
0.044390 0.986772
0.044848 0.986784
0.045306 0.986799
0.045765 0.986813
0.046223 0.986825
0.046682 0.986838
0.047140 0.986851
0.047599 0.986864
0.048057 0.986878
0.048515 0.986890
0.048974 0.986903
0.049432 0.986917
0.049891 0.986930
0.050349 0.986942
0.050808 0.986955
0.051266 0.986969
0.051724 0.986982
0.052183 0.986995
0.052641 0.987006
0.053100 0.987020
0.053558 0.987033
0.054017 0.987047
0.054475 0.987060
0.054933 0.987072
0.055392 0.987086
0.055850 0.987098
0.056309 0.987112
0.056767 0.987125
0.057226 0.987137
0.057684 0.987150
0.058142 0.987163
0.058601 0.987176
0.059059 0.987191
