-0.176691 0.010764
-0.111248 0.012666
-0.056924 0.014296
-0.034002 0.014995
-0.031710 0.015065
-0.029647 0.015128
-0.027584 0.013493
-0.025521 0.009129
-0.023458 0.005346
-0.021396 0.006230
-0.019332 0.010975
-0.017270 0.015077
-0.015206 0.015572
-0.013144 0.015636
-0.011081 0.015699
-0.009018 0.015763
-0.006955 0.015826
-0.004892 0.015890
-0.002829 0.015954
-0.000766 0.016018
0.001297 0.016081
0.003360 0.016145
0.005423 0.016209
0.007486 0.016273
0.009549 0.016337
0.011611 0.016401
0.013675 0.016465
0.015737 0.016529
0.017801 0.016593
0.019863 0.016657
0.021926 0.016721
0.023990 0.016785
0.026052 0.016849
0.028115 0.016914
0.030178 0.016978
0.032241 0.017042
0.034304 0.017106
0.068228 0.018166
0.133784 0.020224
0.199110 0.022272
0.264436 0.024300
0.329763 0.026293
0.395089 0.028233
0.460645 0.030113
0.525971 0.031907
0.591298 0.033607
0.656624 0.035203
0.721786 0.036680
0.787277 0.038040
0.852604 0.039263
0.918159 0.040349
0.957813 0.040935
0.965836 0.041047
0.968128 0.041078
0.970191 0.041106
0.972254 0.041134
0.974317 0.041162
0.976380 0.041190
0.978443 0.041218
0.980506 0.041245
0.982569 0.041272
0.984632 0.041300
0.986695 0.037429
0.988758 0.031130
0.990820 0.024928
0.992884 0.021851
0.994946 0.023608
0.997009 0.029518
0.999073 0.036136
1.001135 0.041163
1.003198 0.041537
1.005261 0.041563
1.007324 0.041588
1.009387 0.041614
1.011450 0.041639
1.013513 0.041664
1.015576 0.041689
1.017639 0.041713
1.019701 0.041738
1.021765 0.041762
1.023827 0.041787
1.025891 0.041811
1.027954 0.041835
1.030016 0.041858
1.032079 0.041882
1.034142 0.041905
1.068066 0.042269
1.133622 0.042851
1.198948 0.043270
1.264275 0.043526
1.329601 0.043618
1.394928 0.043545
1.460483 0.043307
1.525810 0.042906
1.591136 0.042344
1.656463 0.041624
1.721789 0.040750
1.787116 0.039727
1.854085 0.038530
1.917998 0.037254
1.957652 0.036400
1.965675 0.036222
1.967967 0.036171
1.970030 0.036124
1.972093 0.036078
1.974156 0.036031
1.976219 0.035985
1.978282 0.035938
1.980345 0.035891
1.982407 0.035844
1.984470 0.035797
1.986533 0.035750
1.988596 0.035702
1.990660 0.035655
1.992722 0.035607
1.994785 0.035560
1.996848 0.035512
1.998911 0.035464
2.000974 0.035416
2.003037 0.035367
2.005100 0.035319
2.007163 0.031931
2.009226 0.025755
2.011289 0.019688
2.013352 0.016527
2.015414 0.020369
2.017478 0.026401
2.019540 0.032140
2.021603 0.034929
2.023667 0.034879
2.025729 0.034830
2.027792 0.034780
2.029855 0.034731
2.031918 0.034681
2.033981 0.034631
2.035356 0.034598
2.068364 0.033784
2.133919 0.032088
2.199246 0.030303
2.264572 0.028437
2.329899 0.026503
2.395225 0.024516
2.460781 0.022484
2.526107 0.020437
2.591434 0.018386
2.656760 0.016348
2.722087 0.014342
2.787414 0.012386
2.852740 0.010498
2.918296 0.008691
2.957950 0.007648
2.965973 0.007442
2.968265 0.007383
2.970328 0.007331
2.972391 0.007278
2.974454 0.007226
2.976517 0.007174
2.978579 0.007122
2.980643 0.007070
2.982705 0.007018
2.984768 0.006966
2.986832 0.006915
2.988894 0.006863
2.990957 0.006812
2.993020 0.006761
2.995083 0.006710
2.997146 0.006659
2.999209 0.006608
3.001272 0.006557
3.003335 0.006506
3.005398 0.006456
3.007461 0.006406
3.009524 0.006355
3.011586 0.006305
3.013650 0.006255
3.015713 0.006206
3.017775 0.006156
3.019839 0.006106
3.021901 0.004466
3.023964 0.002143
3.026027 0.001876
3.028090 0.003125
3.030153 0.005764
3.032216 0.005812
3.034279 0.005763
3.068203 0.004984
3.133759 0.003595
3.199085 0.002450
3.264412 0.001552
3.329738 0.000882
3.395065 0.000418
3.460621 0.000137
3.525947 0.000012
3.591274 0.000000
3.656600 0.000000
3.721927 0.000000
3.787253 0.000000
3.853573 0.000000
3.918136 0.000000
3.957790 0.000000
3.965813 0.000000
3.968105 0.000000
3.970168 0.000000
3.972231 0.000000
3.974294 0.000000
3.976357 0.000000
3.978420 0.000000
3.980483 0.000000
3.982546 0.000000
3.984608 0.000000
3.986671 0.000000
3.988734 0.000000
3.990798 0.000000
3.992860 0.000000
3.994923 0.000000
3.996986 0.000000
3.999049 0.000000
4.001112 0.000000
4.003175 0.000000
4.005238 0.000000
4.007301 0.000000
4.009364 0.000000
4.011427 0.000000
4.013490 0.000000
4.015553 0.000000
4.017616 0.000000
4.019678 0.000000
4.021741 0.000000
4.023805 0.000000
4.025867 0.000000
4.027930 0.000000
4.029993 0.000000
4.032056 0.000000
4.034119 0.000000
4.068043 0.000000
4.133599 0.000000
4.198925 0.000000
4.264252 0.000000
4.329579 0.000000
4.394905 0.000000
4.460461 0.000000
4.525788 0.000000
4.591114 0.000000
4.656441 0.000000
4.721767 0.000000
4.787094 0.000000
4.852421 0.000000
4.917977 0.000000
4.957631 0.000000
4.965654 0.000000
4.967946 0.000000
4.970009 0.000000
4.972072 0.000000
4.974134 0.000000
4.976197 0.000000
4.978260 0.000000
4.980323 0.000000
4.982387 0.000000
4.984449 0.000000
4.986512 0.000000
4.988575 0.000000
4.990638 0.000000
4.992701 0.000000
4.994764 0.000000
4.996827 0.000000
4.998890 0.000000
5.000953 0.000000
5.003016 0.000000
5.005079 0.000000
5.007142 0.000000
5.009205 0.000000
5.011268 0.000000
5.013330 0.000000
5.015394 0.000000
5.017456 0.000000
5.019519 0.000000
5.021582 0.000000
5.023645 0.000000
5.025708 0.000000
5.027771 0.000000
5.029834 0.000000
5.031897 0.000000
5.033960 0.000000
5.035335 0.000000
5.068342 0.000000
5.133898 0.000000
5.199225 0.000000
5.264551 0.000000
5.329878 0.000000
5.395205 0.000000
5.460761 0.000000
5.526087 0.000000
5.591414 0.000000
5.656740 0.000000
5.722067 0.000000
5.787394 0.000000
5.853064 0.000000
5.918276 0.000000
5.957931 0.000000
5.965953 0.000000
5.968245 0.000000
5.970308 0.000000
5.972371 0.000000
5.974435 0.000000
5.976497 0.000000
5.978561 0.000000
5.980623 0.000000
5.982686 0.000000
5.984749 0.000000
5.986812 0.000000
5.988875 0.000000
5.990938 0.000000
5.993001 0.000000
5.995064 0.000000
5.997127 0.000000
5.999190 0.000000
6.001253 0.000000
6.003316 0.000000
6.005379 0.000000
6.007441 0.000000
6.009504 0.000000
6.011567 0.000000
6.013630 0.000000
6.015693 0.000000
6.017756 0.000000
6.019819 0.000000
6.021882 0.000000
6.023945 0.000000
6.026008 0.000000
6.028071 0.000000
6.030134 0.000000
6.032197 0.000000
6.034260 0.000000
6.068184 0.000000
6.133740 0.000000
6.199066 0.000000
6.264393 0.000000
6.329720 0.000000
6.395046 0.000000
6.460602 0.000000
6.525929 0.000000
6.591256 0.000000
6.656582 0.000000
6.721909 0.000000
6.787236 0.000000
6.852562 0.000000
6.918118 0.000000
6.957773 0.000000
6.965795 0.000000
6.968088 0.000000
6.970150 0.000000
6.972214 0.000000
6.974277 0.000000
6.976339 0.000000
6.978402 0.000000
6.980465 0.000000
6.982528 0.000000
6.984591 0.000000
6.986654 0.000000
6.988717 0.000000
6.990780 0.000000
6.992843 0.000000
6.994906 0.000000
6.996969 0.000000
6.999032 0.000000
7.001095 0.000000
7.003158 0.000000
7.005221 0.000000
7.007284 0.000000
7.009347 0.000000
7.011410 0.000000
7.013472 0.000000
7.015535 0.000000
7.017598 0.000000
7.019661 0.000000
7.021724 0.000000
7.023787 0.000000
7.025850 0.000000
7.027913 0.000000
7.029976 0.000000
7.032039 0.000000
7.034102 0.000000
7.068026 0.000000
7.133582 0.000007
7.198909 0.000116
7.264235 0.000378
7.329562 0.000820
7.394889 0.001465
7.460445 0.002340
7.525772 0.003458
7.591098 0.004819
7.656425 0.006338
7.721752 0.007986
7.787079 0.009746
7.852061 0.011590
7.917961 0.013538
7.957616 0.014739
7.965638 0.014984
7.967930 0.015054
7.969993 0.015117
7.972056 0.014064
7.974120 0.009983
7.976182 0.005616
7.978245 0.005732
7.980308 0.010128
7.982371 0.014538
7.984434 0.015561
7.986497 0.015625
7.988560 0.015688
7.990623 0.015752
7.992686 0.015815
7.994749 0.015879
7.996812 0.015943
7.998875 0.016007
8.000938 0.016070
8.003000 0.016134
8.005064 0.016198
8.007127 0.016262
8.009189 0.016326
8.011253 0.016390
8.013315 0.016454
8.015379 0.016518
8.017441 0.016582
8.019504 0.016646
8.021567 0.016710
8.023630 0.016774
8.025693 0.016838
8.027756 0.016902
8.029819 0.016967
8.031882 0.017031
8.033945 0.017095
8.035320 0.017138
8.068327 0.018169
8.133883 0.020227
8.199210 0.022275
8.264537 0.024303
8.329864 0.026296
8.395190 0.028236
8.460746 0.030116
8.526073 0.031910
8.591400 0.033610
8.656727 0.035205
8.722054 0.036686
8.787380 0.038042
8.852707 0.039265
8.918263 0.040351
8.957918 0.040936
8.965940 0.041048
8.968233 0.041080
8.970295 0.041108
8.972358 0.041136
8.974422 0.041164
8.976484 0.041191
8.978547 0.041219
8.980610 0.041246
8.982673 0.041274
8.984736 0.041291
8.986799 0.037139
8.988862 0.030797
8.990925 0.024655
8.992988 0.021842
8.995051 0.023852
8.997114 0.029854
8.999177 0.036451
9.001240 0.041300
9.003303 0.041538
9.005366 0.041564
9.007428 0.041590
9.009492 0.041615
9.011554 0.041640
9.013617 0.041665
9.015681 0.041690
9.017743 0.041715
9.019806 0.041739
9.021869 0.041764
9.023932 0.041788
9.025995 0.041812
9.028058 0.041836
9.030121 0.041860
9.032184 0.041883
9.034247 0.041907
9.068171 0.042270
9.133727 0.042852
9.199054 0.043271
9.264381 0.043527
9.329708 0.043618
9.395034 0.043545
9.460590 0.043306
9.525917 0.042905
9.591244 0.042342
9.656571 0.041622
9.721898 0.040748
9.787225 0.039725
9.851558 0.038578
9.918108 0.037252
9.957762 0.036398
9.965785 0.036219
9.968077 0.036168
9.970140 0.036122
9.972203 0.036075
9.974266 0.036029
9.976329 0.035982
9.978392 0.035935
9.980455 0.035889
9.982518 0.035842
9.984581 0.035794
9.986643 0.035747
9.988706 0.035700
9.990769 0.035652
9.992832 0.035605
9.994895 0.035557
9.996958 0.035509
9.999021 0.035461
10.001084 0.035413
10.003147 0.035365
10.005210 0.035317
10.007273 0.031634
10.009336 0.025410
10.011399 0.019408
10.013462 0.016549
10.015525 0.020668
10.017588 0.026731
10.019651 0.032401
10.021714 0.034926
10.023777 0.034877
10.025840 0.034827
10.027902 0.034778
10.029965 0.034728
10.032028 0.034678
10.034091 0.034628
10.068016 0.033792
10.133572 0.032097
10.198898 0.030313
10.264225 0.028448
10.329552 0.026514
10.394879 0.024527
10.460435 0.022494
10.525762 0.020448
10.591089 0.018397
10.656416 0.016359
10.721743 0.014352
10.787070 0.012396
10.852397 0.010507
10.917953 0.008700
10.957607 0.007656
10.965630 0.007450
10.967922 0.007392
10.969985 0.007339
10.972048 0.007287
10.974111 0.007235
10.976174 0.007182
10.978237 0.007130
10.980300 0.007078
10.982363 0.007027
10.984426 0.006975
10.986488 0.006923
10.988552 0.006872
10.990614 0.006820
10.992678 0.006769
10.994740 0.006718
10.996803 0.006667
10.998867 0.006616
11.000929 0.006565
11.002992 0.006515
11.005055 0.006464
11.007118 0.006414
11.009181 0.006364
11.011244 0.006314
11.013307 0.006264
11.015370 0.006214
11.017433 0.006164
11.019496 0.006115
11.021559 0.004976
11.023622 0.002329
11.025685 0.001830
11.027748 0.002745
11.029811 0.005523
11.031873 0.005820
11.033937 0.005771
11.035312 0.005739
11.068319 0.004981
11.133875 0.003593
11.199202 0.002448
11.264529 0.001551
11.329856 0.000881
11.395183 0.000418
11.460739 0.000136
11.526066 0.000012
11.591393 0.000000
11.656720 0.000000
11.722047 0.000000
11.787374 0.000000
11.851058 0.000000
11.918257 0.000000
11.957912 0.000000
11.965934 0.000000
11.968226 0.000000
11.970289 0.000000
11.972352 0.000000
11.974415 0.000000
11.976478 0.000000
11.978541 0.000000
11.980604 0.000000
11.982667 0.000000
11.984730 0.000000
11.986793 0.000000
11.988856 0.000000
11.990919 0.000000
11.992982 0.000000
11.995045 0.000000
11.997108 0.000000
11.999171 0.000000
12.001234 0.000000
12.003297 0.000000
12.005360 0.000000
12.007423 0.000000
12.009486 0.000000
12.011548 0.000000
12.013612 0.000000
12.015674 0.000000
12.017737 0.000000
12.019801 0.000000
12.021863 0.000000
12.023926 0.000000
12.025989 0.000000
12.028052 0.000000
12.030115 0.000000
12.032178 0.000000
12.034241 0.000000
12.068165 0.000000
12.133721 0.000000
12.199048 0.000000
12.264375 0.000000
12.329702 0.000000
12.395029 0.000000
12.460586 0.000000
12.525913 0.000000
12.591240 0.000000
12.656567 0.000000
12.721894 0.000000
12.787221 0.000000
12.852548 0.000000
12.918104 0.000000
12.957759 0.000000
12.965781 0.000000
12.968073 0.000000
12.970136 0.000000
12.972199 0.000000
12.974262 0.000000
12.976325 0.000000
12.978388 0.000000
12.980451 0.000000
12.982514 0.000000
12.984577 0.000000
12.986640 0.000000
12.988703 0.000000
12.990766 0.000000
12.992829 0.000000
12.994891 0.000000
12.996955 0.000000
12.999017 0.000000
13.001081 0.000000
13.003143 0.000000
13.005207 0.000000
13.007269 0.000000
13.009332 0.000000
13.011395 0.000000
13.013458 0.000000
13.015522 0.000000
13.017584 0.000000
13.019647 0.000000
13.021710 0.000000
13.023773 0.000000
13.025836 0.000000
13.027899 0.000000
13.029962 0.000000
13.032025 0.000000
13.034088 0.000000
13.068012 0.000000
13.133568 0.000000
13.198895 0.000000
13.264222 0.000000
13.329550 0.000000
13.394877 0.000000
13.460433 0.000000
13.525760 0.000000
13.591087 0.000000
13.656414 0.000000
13.721741 0.000000
13.787068 0.000000
13.850065 0.000000
13.917951 0.000000
13.957606 0.000000
13.965629 0.000000
13.967921 0.000000
13.969984 0.000000
13.972047 0.000000
13.974110 0.000000
13.976173 0.000000
13.978236 0.000000
13.980299 0.000000
13.982361 0.000000
13.984425 0.000000
13.986487 0.000000
13.988550 0.000000
13.990614 0.000000
13.992676 0.000000
13.994739 0.000000
13.996802 0.000000
13.998865 0.000000
14.000928 0.000000
14.002991 0.000000
14.005054 0.000000
14.007117 0.000000
14.009180 0.000000
14.011243 0.000000
14.013306 0.000000
14.015369 0.000000
14.017432 0.000000
14.019495 0.000000
14.021558 0.000000
14.023621 0.000000
14.025684 0.000000
14.027747 0.000000
14.029810 0.000000
14.031873 0.000000
14.033936 0.000000
14.035311 0.000000
14.068318 0.000000
14.133875 0.000000
14.199202 0.000000
14.264455 0.000000
14.329856 0.000000
14.395183 0.000000
14.460739 0.000000
14.526066 0.000000
14.591394 0.000000
14.656721 0.000000
14.722048 0.000000
14.787375 0.000000
14.852702 0.000000
14.918258 0.000000
14.957913 0.000000
14.965936 0.000000
14.968228 0.000000
14.970291 0.000000
14.972354 0.000000
14.974417 0.000000
14.976480 0.000000
14.978543 0.000000
14.980606 0.000000
14.982668 0.000000
14.984732 0.000000
14.986795 0.000000
14.988858 0.000000
14.990920 0.000000
14.992983 0.000000
14.995047 0.000000
14.997109 0.000000
14.999173 0.000000
15.001235 0.000000
15.003298 0.000000
15.005361 0.000000
15.007424 0.000000
15.009487 0.000000
15.011550 0.000000
15.013613 0.000000
15.015676 0.000000
15.017739 0.000000
15.019802 0.000000
15.021865 0.000000
15.023928 0.000000
15.025991 0.000000
15.028054 0.000000
15.030117 0.000000
15.032180 0.000000
15.034243 0.000000
15.068167 0.000000
15.133723 0.000007
15.199050 0.000116
15.264378 0.000379
15.329705 0.000821
15.395032 0.001467
15.460588 0.002342
15.525916 0.003460
15.591243 0.004823
15.656570 0.006342
15.721897 0.007990
15.787224 0.009750
15.852551 0.011605
15.920591 0.013617
15.957763 0.014743
15.965785 0.014988
15.968077 0.015059
15.970140 0.015122
15.972203 0.013840
15.974266 0.009637
15.976329 0.005490
15.978392 0.005909
15.980455 0.010475
15.982518 0.014772
15.984581 0.015566
15.986644 0.015629
15.988707 0.015693
15.990770 0.015756
15.992833 0.015820
15.994896 0.015884
15.996959 0.015947
15.999022 0.016011
16.001085 0.016075
16.003148 0.016139
16.005211 0.016203
16.007274 0.016266
16.009337 0.016330
16.011400 0.016394
16.013463 0.016458
16.015526 0.016522
16.017588 0.016586
16.019652 0.016650
16.021714 0.016715
16.023778 0.016779
16.025840 0.016843
16.027904 0.016907
16.029966 0.016971
16.032029 0.017035
16.034092 0.017100
16.068017 0.018160
16.133573 0.020217
16.198900 0.022265
16.264227 0.024294
16.329555 0.026286
16.394882 0.028227
16.460438 0.030108
16.525765 0.031901
16.591093 0.033602
16.656420 0.035198
16.721747 0.036679
16.787074 0.038036
16.852402 0.039259
16.917958 0.040346
16.957613 0.040932
16.965636 0.041044
16.967928 0.041075
16.969991 0.041104
16.972054 0.041132
16.974117 0.041160
16.976180 0.041187
16.978243 0.041215
16.980305 0.041242
16.982368 0.041270
16.984431 0.041297
16.986494 0.037970
16.988557 0.031769
16.990620 0.025467
16.992683 0.021868
16.994746 0.023166
16.996809 0.028879
16.998872 0.035520
17.000935 0.040848
17.002998 0.041535
17.005061 0.041560
17.007124 0.041586
17.009187 0.041611
17.011250 0.041636
17.013313 0.041661
17.015376 0.041686
17.017439 0.041711
17.019502 0.041736
17.021565 0.041760
17.023628 0.041784
17.025691 0.041808
17.027754 0.041832
17.029817 0.041856
17.031880 0.041880
17.033943 0.041903
17.035318 0.041919
17.068325 0.042272
17.133882 0.042853
17.199209 0.043271
17.264536 0.043527
17.329864 0.043618
17.395191 0.043544
17.460518 0.043306
17.525846 0.042905
17.591402 0.042341
17.656729 0.041620
17.722057 0.040746
17.787384 0.039722
17.852711 0.038556
17.919867 0.037215
17.957693 0.036399
17.965945 0.036216
17.968237 0.036164
17.970301 0.036118
17.972363 0.036072
17.974426 0.036025
17.976489 0.035979
17.978552 0.035932
17.980615 0.035885
17.982678 0.035838
17.984741 0.035791
17.986804 0.035743
17.988867 0.035696
17.990930 0.035649
17.992993 0.035601
17.995056 0.035553
17.997119 0.035505
17.999182 0.035457
18.001245 0.035409
18.003308 0.035361
18.005371 0.035313
18.007434 0.031188
18.009497 0.024908
18.011560 0.019011
18.013623 0.016653
18.015686 0.021112
18.017749 0.027211
18.019812 0.032769
18.021875 0.034922
18.023938 0.034873
18.026000 0.034823
18.028064 0.034774
18.030126 0.034724
18.032190 0.034674
18.034252 0.034625
18.068177 0.033788
18.133733 0.032093
18.199061 0.030309
18.264388 0.028443
18.329715 0.026509
18.395043 0.024522
18.460599 0.022489
18.525927 0.020443
18.591254 0.018391
18.656581 0.016354
18.721909 0.014347
18.787236 0.012391
18.852563 0.010503
18.917891 0.008701
18.957545 0.007658
18.965797 0.007446
18.968090 0.007388
18.970153 0.007335
18.972216 0.007283
18.974279 0.007230
18.976341 0.007178
18.978404 0.007126
18.980467 0.007074
18.982531 0.007022
18.984593 0.006971
18.986657 0.006919
18.988719 0.006868
18.990782 0.006816
18.992845 0.006765
18.994908 0.006714
18.996971 0.006663
18.999034 0.006612
19.001097 0.006561
19.003160 0.006511
19.005223 0.006460
19.007286 0.006410
19.009349 0.006360
19.011412 0.006310
19.013475 0.006260
19.015538 0.006210
19.017601 0.006160
19.019664 0.006111
19.021727 0.004730
19.023790 0.002231
19.025853 0.001848
19.027916 0.002915
19.029979 0.005656
19.032041 0.005816
19.034105 0.005767
19.068486 0.004977
19.133815 0.003594
19.199142 0.002449
19.264470 0.001551
19.329797 0.000882
19.395432 0.000416
19.460452 0.000137
19.526008 0.000012
19.591336 0.000000
19.656663 0.000000
19.721991 0.000000
19.787318 0.000000
19.852646 0.000000
19.919119 0.000000
19.957628 0.000000
19.965651 0.000000
19.967943 0.000000
19.970005 0.000000
19.972069 0.000000
19.974131 0.000000
19.976195 0.000000
19.978257 0.000000
19.980321 0.000000
19.982384 0.000000
19.984446 0.000000
19.986510 0.000000
19.988572 0.000000
19.990635 0.000000
19.992698 0.000000
19.994762 0.000000
19.996824 0.000000
19.998887 0.000000
20.000950 0.000000
20.003014 0.000000
20.005076 0.000000
20.007139 0.000000
20.009202 0.000000
20.011265 0.000000
20.013328 0.000000
20.015391 0.000000
20.017454 0.000000
20.019517 0.000000
20.021580 0.000000
20.023643 0.000000
20.025706 0.000000
20.027769 0.000000
20.029832 0.000000
20.031895 0.000000
20.033958 0.000000
20.035333 0.000000
20.068341 0.000000
20.133897 0.000000
20.199225 0.000000
20.264552 0.000000
20.329880 0.000000
20.395207 0.000000
20.460535 0.000000
20.525862 0.000000
20.591419 0.000000
20.659253 0.000000
