-0.176691 0.000000
-0.111248 0.000000
-0.056924 0.000000
-0.034002 0.000000
-0.031710 0.000000
-0.029647 0.000000
-0.027584 0.000000
-0.025521 0.000000
-0.023458 0.000000
-0.021396 0.000000
-0.019332 0.000000
-0.017270 0.000000
-0.015206 0.000000
-0.013144 0.000000
-0.011081 0.000000
-0.009018 0.000000
-0.006955 0.000000
-0.004892 0.000000
-0.002829 0.000000
-0.000766 0.000000
0.001297 0.000000
0.003360 0.000000
0.005423 0.000000
0.007486 0.000000
0.009549 0.000000
0.011611 0.000000
0.013675 0.000000
0.015737 0.000000
0.017801 0.000000
0.019863 0.000000
0.021926 0.000000
0.023990 0.000000
0.026052 0.000000
0.028115 0.000000
0.030178 0.000000
0.032241 0.000000
0.034304 0.000000
0.068228 0.000000
0.133784 0.000000
0.199110 0.000000
0.264436 0.000000
0.329763 0.000000
0.395089 0.000000
0.460645 0.000000
0.525971 0.000000
0.591298 0.000000
0.656624 0.000000
0.721786 0.000000
0.787277 0.000000
0.852604 0.000000
0.918159 0.000000
0.957813 0.000000
0.965836 0.000000
0.968128 0.000000
0.970191 0.000000
0.972254 0.000000
0.974317 0.000000
0.976380 0.000000
0.978443 0.000000
0.980506 0.000000
0.982569 0.000000
0.984632 0.000000
0.986695 0.000000
0.988758 0.000000
0.990820 0.000000
0.992884 0.000000
0.994946 0.000000
0.997009 0.000000
0.999073 0.000000
1.001135 0.000000
1.003198 0.000000
1.005261 0.000000
1.007324 0.000000
1.009387 0.000000
1.011450 0.000000
1.013513 0.000000
1.015576 0.000000
1.017639 0.000000
1.019701 0.000000
1.021765 0.000000
1.023827 0.000000
1.025891 0.000000
1.027954 0.000000
1.030016 0.000000
1.032079 0.000000
1.034142 0.000000
1.068066 0.000000
1.133622 0.000000
1.198948 0.000000
1.264275 0.000000
1.329601 0.000000
1.394928 0.000000
1.460483 0.000000
1.525810 0.000000
1.591136 0.000000
1.656463 0.000000
1.721789 0.000000
1.787116 0.000000
1.854085 0.000000
1.917998 0.000000
1.957652 0.000000
1.965675 0.000000
1.967967 0.000000
1.970030 0.000000
1.972093 0.000000
1.974156 0.000000
1.976219 0.000000
1.978282 0.000000
1.980345 0.000000
1.982407 0.000000
1.984470 0.000000
1.986533 0.000000
1.988596 0.000000
1.990660 0.000000
1.992722 0.000000
1.994785 0.000000
1.996848 0.000000
1.998911 0.000000
2.000974 0.000000
2.003037 0.000000
2.005100 0.000000
2.007163 0.000000
2.009226 0.000000
2.011289 0.000000
2.013352 0.000000
2.015414 0.000000
2.017478 0.000000
2.019540 0.000000
2.021603 0.000000
2.023667 0.000000
2.025729 0.000000
2.027792 0.000000
2.029855 0.000000
2.031918 0.000000
2.033981 0.000000
2.035356 0.000000
2.068364 0.000000
2.133919 0.000000
2.199246 0.000000
2.264572 0.000000
2.329899 0.000000
2.395225 0.000000
2.460781 0.000000
2.526107 0.000000
2.591434 0.000000
2.656760 0.000000
2.722087 0.000000
2.787414 0.000000
2.852740 0.000000
2.918296 0.000000
2.957950 0.000000
2.965973 0.000000
2.968265 0.000000
2.970328 0.000000
2.972391 0.000000
2.974454 0.000000
2.976517 0.000000
2.978579 0.000000
2.980643 0.000000
2.982705 0.000000
2.984768 0.000000
2.986832 0.000000
2.988894 0.000000
2.990957 0.000000
2.993020 0.000000
2.995083 0.000000
2.997146 0.000000
2.999209 0.000000
3.001272 0.000000
3.003335 0.000000
3.005398 0.000000
3.007461 0.000000
3.009524 0.000000
3.011586 0.000000
3.013650 0.000000
3.015713 0.000000
3.017775 0.000000
3.019839 0.000000
3.021901 0.000000
3.023964 0.000000
3.026027 0.000000
3.028090 0.000000
3.030153 0.000000
3.032216 0.000000
3.034279 0.000000
3.068203 0.000000
3.133759 0.000007
3.199085 0.000116
3.264412 0.000379
3.329738 0.000821
3.395065 0.001467
3.460621 0.002343
3.525947 0.003461
3.591274 0.004823
3.656600 0.006342
3.721927 0.007991
3.787253 0.009751
3.853573 0.011634
3.918136 0.013543
3.957790 0.014744
3.965813 0.014989
3.968105 0.015059
3.970168 0.015123
3.972231 0.013796
3.974294 0.009572
3.976357 0.005468
3.978420 0.005945
3.980483 0.010540
3.982546 0.014814
3.984608 0.015566
3.986671 0.015630
3.988734 0.015693
3.990798 0.015757
3.992860 0.015821
3.994923 0.015884
3.996986 0.015948
3.999049 0.016012
4.001112 0.016076
4.003175 0.016140
4.005238 0.016203
4.007301 0.016267
4.009364 0.016331
4.011427 0.016395
4.013490 0.016459
4.015553 0.016523
4.017616 0.016587
4.019678 0.016651
4.021741 0.016715
4.023805 0.016780
4.025867 0.016844
4.027930 0.016908
4.029993 0.016972
4.032056 0.017036
4.034119 0.017101
4.068043 0.018160
4.133599 0.020218
4.198925 0.022266
4.264252 0.024295
4.329579 0.026287
4.394905 0.028228
4.460461 0.030108
4.525788 0.031902
4.591114 0.033603
4.656441 0.035199
4.721767 0.036680
4.787094 0.038036
4.852421 0.039260
4.917977 0.040346
4.957631 0.040932
4.965654 0.041044
4.967946 0.041076
4.970009 0.041104
4.972072 0.041132
4.974134 0.041160
4.976197 0.041188
4.978260 0.041215
4.980323 0.041243
4.982387 0.041270
4.984449 0.041297
4.986512 0.037922
4.988575 0.031712
4.990638 0.025419
4.992701 0.021866
4.994764 0.023204
4.996827 0.028935
4.998890 0.035575
5.000953 0.040878
5.003016 0.041535
5.005079 0.041561
5.007142 0.041586
5.009205 0.041611
5.011268 0.041637
5.013330 0.041662
5.015394 0.041686
5.017456 0.041711
5.019519 0.041736
5.021582 0.041760
5.023645 0.041784
5.025708 0.041809
5.027771 0.041832
5.029834 0.041856
5.031897 0.041880
5.033960 0.041903
5.035335 0.041919
5.068342 0.042272
5.133898 0.042853
5.199225 0.043272
5.264551 0.043527
5.329878 0.043618
5.395205 0.043544
5.460761 0.043305
5.526087 0.042903
5.591414 0.042341
5.656740 0.041620
5.722067 0.040746
5.787394 0.039722
5.853064 0.038549
5.918276 0.037248
5.957931 0.036394
5.965953 0.036216
5.968245 0.036164
5.970308 0.036118
5.972371 0.036072
5.974435 0.036025
5.976497 0.035978
5.978561 0.035932
5.980623 0.035885
5.982686 0.035838
5.984749 0.035791
5.986812 0.035743
5.988875 0.035696
5.990938 0.035648
5.993001 0.035601
5.995064 0.035553
5.997127 0.035505
5.999190 0.035457
6.001253 0.035409
6.003316 0.035361
6.005379 0.035313
6.007441 0.031167
6.009504 0.024885
6.011567 0.018993
6.013630 0.016660
6.015693 0.021134
6.017756 0.027233
6.019819 0.032787
6.021882 0.034922
6.023945 0.034873
6.026008 0.034823
6.028071 0.034774
6.030134 0.034724
6.032197 0.034674
6.034260 0.034624
6.068184 0.033788
6.133740 0.032092
6.199066 0.030308
6.264393 0.028443
6.329720 0.026509
6.395046 0.024522
6.460602 0.022489
6.525929 0.020442
6.591256 0.018391
6.656582 0.016354
6.721909 0.014347
6.787236 0.012391
6.852562 0.010503
6.918118 0.008695
6.957773 0.007652
6.965795 0.007446
6.968088 0.007388
6.970150 0.007335
6.972214 0.007283
6.974277 0.007230
6.976339 0.007178
6.978402 0.007126
6.980465 0.007074
6.982528 0.007022
6.984591 0.006971
6.986654 0.006919
6.988717 0.006868
6.990780 0.006816
6.992843 0.006765
6.994906 0.006714
6.996969 0.006663
6.999032 0.006612
7.001095 0.006561
7.003158 0.006511
7.005221 0.006460
7.007284 0.006410
7.009347 0.006360
7.011410 0.006310
7.013472 0.006260
7.015535 0.006210
7.017598 0.006160
7.019661 0.006111
7.021724 0.004734
7.023787 0.002233
7.025850 0.001848
7.027913 0.002912
7.029976 0.005654
7.032039 0.005816
7.034102 0.005768
7.068026 0.004988
7.133582 0.003599
7.198909 0.002453
7.264235 0.001554
7.329562 0.000884
7.394889 0.000419
7.460445 0.000137
7.525772 0.000012
7.591098 0.000000
7.656425 0.000000
7.721752 0.000000
7.787079 0.000000
7.852061 0.000000
7.917961 0.000000
7.957616 0.000000
7.965638 0.000000
7.967930 0.000000
7.969993 0.000000
7.972056 0.000000
7.974120 0.000000
7.976182 0.000000
7.978245 0.000000
7.980308 0.000000
7.982371 0.000000
7.984434 0.000000
7.986497 0.000000
7.988560 0.000000
7.990623 0.000000
7.992686 0.000000
7.994749 0.000000
7.996812 0.000000
7.998875 0.000000
8.000938 0.000000
8.003000 0.000000
8.005064 0.000000
8.007127 0.000000
8.009189 0.000000
8.011253 0.000000
8.013315 0.000000
8.015379 0.000000
8.017441 0.000000
8.019504 0.000000
8.021567 0.000000
8.023630 0.000000
8.025693 0.000000
8.027756 0.000000
8.029819 0.000000
8.031882 0.000000
8.033945 0.000000
8.035320 0.000000
8.068327 0.000000
8.133883 0.000000
8.199210 0.000000
8.264537 0.000000
8.329864 0.000000
8.395190 0.000000
8.460746 0.000000
8.526073 0.000000
8.591400 0.000000
8.656727 0.000000
8.722054 0.000000
8.787380 0.000000
8.852707 0.000000
8.918263 0.000000
8.957918 0.000000
8.965940 0.000000
8.968233 0.000000
8.970295 0.000000
8.972358 0.000000
8.974422 0.000000
8.976484 0.000000
8.978547 0.000000
8.980610 0.000000
8.982673 0.000000
8.984736 0.000000
8.986799 0.000000
8.988862 0.000000
8.990925 0.000000
8.992988 0.000000
8.995051 0.000000
8.997114 0.000000
8.999177 0.000000
9.001240 0.000000
9.003303 0.000000
9.005366 0.000000
9.007428 0.000000
9.009492 0.000000
9.011554 0.000000
9.013617 0.000000
9.015681 0.000000
9.017743 0.000000
9.019806 0.000000
9.021869 0.000000
9.023932 0.000000
9.025995 0.000000
9.028058 0.000000
9.030121 0.000000
9.032184 0.000000
9.034247 0.000000
9.068171 0.000000
9.133727 0.000000
9.199054 0.000000
9.264381 0.000000
9.329708 0.000000
9.395034 0.000000
9.460590 0.000000
9.525917 0.000000
9.591244 0.000000
9.656571 0.000000
9.721898 0.000000
9.787225 0.000000
9.851558 0.000000
9.918108 0.000000
9.957762 0.000000
9.965785 0.000000
9.968077 0.000000
9.970140 0.000000
9.972203 0.000000
9.974266 0.000000
9.976329 0.000000
9.978392 0.000000
9.980455 0.000000
9.982518 0.000000
9.984581 0.000000
9.986643 0.000000
9.988706 0.000000
9.990769 0.000000
9.992832 0.000000
9.994895 0.000000
9.996958 0.000000
9.999021 0.000000
10.001084 0.000000
10.003147 0.000000
10.005210 0.000000
10.007273 0.000000
10.009336 0.000000
10.011399 0.000000
10.013462 0.000000
10.015525 0.000000
10.017588 0.000000
10.019651 0.000000
10.021714 0.000000
10.023777 0.000000
10.025840 0.000000
10.027902 0.000000
10.029965 0.000000
10.032028 0.000000
10.034091 0.000000
10.068016 0.000000
10.133572 0.000000
10.198898 0.000000
10.264225 0.000000
10.329552 0.000000
10.394879 0.000000
10.460435 0.000000
10.525762 0.000000
10.591089 0.000000
10.656416 0.000000
10.721743 0.000000
10.787070 0.000000
10.852397 0.000000
10.917953 0.000000
10.957607 0.000000
10.965630 0.000000
10.967922 0.000000
10.969985 0.000000
10.972048 0.000000
10.974111 0.000000
10.976174 0.000000
10.978237 0.000000
10.980300 0.000000
10.982363 0.000000
10.984426 0.000000
10.986488 0.000000
10.988552 0.000000
10.990614 0.000000
10.992678 0.000000
10.994740 0.000000
10.996803 0.000000
10.998867 0.000000
11.000929 0.000000
11.002992 0.000000
11.005055 0.000000
11.007118 0.000000
11.009181 0.000000
11.011244 0.000000
11.013307 0.000000
11.015370 0.000000
11.017433 0.000000
11.019496 0.000000
11.021559 0.000000
11.023622 0.000000
11.025685 0.000000
11.027748 0.000000
11.029811 0.000000
11.031873 0.000000
11.033937 0.000000
11.035312 0.000000
11.068319 0.000000
11.133875 0.000007
11.199202 0.000117
11.264529 0.000380
11.329856 0.000822
11.395183 0.001469
11.460739 0.002345
11.526066 0.003463
11.591393 0.004826
11.656720 0.006345
11.722047 0.007994
11.787374 0.009754
11.851058 0.011561
11.918257 0.013547
11.957912 0.014748
11.965934 0.014993
11.968226 0.015063
11.970289 0.015126
11.972352 0.013599
11.974415 0.009282
11.976478 0.005384
11.978541 0.006124
11.980604 0.010826
11.982667 0.014991
11.984730 0.015570
11.986793 0.015634
11.988856 0.015697
11.990919 0.015761
11.992982 0.015824
11.995045 0.015888
11.997108 0.015952
11.999171 0.016016
12.001234 0.016079
12.003297 0.016143
12.005360 0.016207
12.007423 0.016271
12.009486 0.016335
12.011548 0.016399
12.013612 0.016463
12.015674 0.016527
12.017737 0.016591
12.019801 0.016655
12.021863 0.016719
12.023926 0.016783
12.025989 0.016847
12.028052 0.016912
12.030115 0.016976
12.032178 0.017040
12.034241 0.017104
12.068165 0.018164
12.133721 0.020222
12.199048 0.022270
12.264375 0.024299
12.329702 0.026291
12.395029 0.028231
12.460586 0.030112
12.525913 0.031905
12.591240 0.033606
12.656567 0.035202
12.721894 0.036682
12.787221 0.038039
12.852548 0.039262
12.918104 0.040348
12.957759 0.040934
12.965781 0.041046
12.968073 0.041077
12.970136 0.041106
12.972199 0.041134
12.974262 0.041162
12.976325 0.041189
12.978388 0.041217
12.980451 0.041244
12.982514 0.041272
12.984577 0.041299
12.986640 0.037578
12.988703 0.031305
12.990766 0.025073
12.992829 0.021855
12.994891 0.023483
12.996955 0.029343
12.999017 0.035968
13.001081 0.041083
13.003143 0.041536
13.005207 0.041562
13.007269 0.041588
13.009332 0.041613
13.011395 0.041638
13.013458 0.041663
13.015522 0.041688
13.017584 0.041713
13.019647 0.041737
13.021710 0.041762
13.023773 0.041786
13.025836 0.041810
13.027899 0.041834
13.029962 0.041858
13.032025 0.041881
13.034088 0.041905
13.068012 0.042269
13.133568 0.042851
13.198895 0.043270
13.264222 0.043526
13.329550 0.043618
13.394877 0.043545
13.460433 0.043307
13.525760 0.042906
13.591087 0.042344
13.656414 0.041624
13.721741 0.040750
13.787068 0.039728
13.850065 0.038606
13.917951 0.037255
13.957606 0.036401
13.965629 0.036223
13.967921 0.036172
13.969984 0.036125
13.972047 0.036079
13.974110 0.036032
13.976173 0.035986
13.978236 0.035939
13.980299 0.035892
13.982361 0.035845
13.984425 0.035798
13.986487 0.035751
13.988550 0.035703
13.990614 0.035656
13.992676 0.035608
13.994739 0.035561
13.996802 0.035513
13.998865 0.035465
14.000928 0.035417
14.002991 0.035369
14.005054 0.035320
14.007117 0.032054
14.009180 0.025897
14.011243 0.019807
14.013306 0.016518
14.015369 0.020247
14.017432 0.026265
14.019495 0.032030
14.021558 0.034930
14.023621 0.034880
14.025684 0.034831
14.027747 0.034781
14.029810 0.034732
14.031873 0.034682
14.033936 0.034632
14.035311 0.034599
14.068318 0.033785
14.133875 0.032089
14.199202 0.030305
14.264455 0.028441
14.329856 0.026505
14.395183 0.024517
14.460739 0.022485
14.526066 0.020438
14.591394 0.018387
14.656721 0.016349
14.722048 0.014343
14.787375 0.012387
14.852702 0.010499
14.918258 0.008692
14.957913 0.007649
14.965936 0.007443
14.968228 0.007384
14.970291 0.007332
14.972354 0.007279
14.974417 0.007227
14.976480 0.007175
14.978543 0.007123
14.980606 0.007071
14.982668 0.007019
14.984732 0.006967
14.986795 0.006916
14.988858 0.006864
14.990920 0.006813
14.992983 0.006762
14.995047 0.006710
14.997109 0.006659
14.999173 0.006609
15.001235 0.006558
15.003298 0.006507
15.005361 0.006457
15.007424 0.006407
15.009487 0.006356
15.011550 0.006306
15.013613 0.006256
15.015676 0.006207
15.017739 0.006157
15.019802 0.006107
15.021865 0.004522
15.023928 0.002160
15.025991 0.001869
15.028054 0.003077
15.030117 0.005744
15.032180 0.005813
15.034243 0.005764
15.068167 0.004984
15.133723 0.003596
15.199050 0.002451
15.264378 0.001552
15.329705 0.000882
15.395032 0.000419
15.460588 0.000137
15.525916 0.000012
15.591243 0.000000
15.656570 0.000000
15.721897 0.000000
15.787224 0.000000
15.852551 0.000000
15.920591 0.000000
15.957763 0.000000
15.965785 0.000000
15.968077 0.000000
15.970140 0.000000
15.972203 0.000000
15.974266 0.000000
15.976329 0.000000
15.978392 0.000000
15.980455 0.000000
15.982518 0.000000
15.984581 0.000000
15.986644 0.000000
15.988707 0.000000
15.990770 0.000000
15.992833 0.000000
15.994896 0.000000
15.996959 0.000000
15.999022 0.000000
16.001085 0.000000
16.003148 0.000000
16.005211 0.000000
16.007274 0.000000
16.009337 0.000000
16.011400 0.000000
16.013463 0.000000
16.015526 0.000000
16.017588 0.000000
16.019652 0.000000
16.021714 0.000000
16.023778 0.000000
16.025840 0.000000
16.027904 0.000000
16.029966 0.000000
16.032029 0.000000
16.034092 0.000000
16.068017 0.000000
16.133573 0.000000
16.198900 0.000000
16.264227 0.000000
16.329555 0.000000
16.394882 0.000000
16.460438 0.000000
16.525765 0.000000
16.591093 0.000000
16.656420 0.000000
16.721747 0.000000
16.787074 0.000000
16.852402 0.000000
16.917958 0.000000
16.957613 0.000000
16.965636 0.000000
16.967928 0.000000
16.969991 0.000000
16.972054 0.000000
16.974117 0.000000
16.976180 0.000000
16.978243 0.000000
16.980305 0.000000
16.982368 0.000000
16.984431 0.000000
16.986494 0.000000
16.988557 0.000000
16.990620 0.000000
16.992683 0.000000
16.994746 0.000000
16.996809 0.000000
16.998872 0.000000
17.000935 0.000000
17.002998 0.000000
17.005061 0.000000
17.007124 0.000000
17.009187 0.000000
17.011250 0.000000
17.013313 0.000000
17.015376 0.000000
17.017439 0.000000
17.019502 0.000000
17.021565 0.000000
17.023628 0.000000
17.025691 0.000000
17.027754 0.000000
17.029817 0.000000
17.031880 0.000000
17.033943 0.000000
17.035318 0.000000
17.068325 0.000000
17.133882 0.000000
17.199209 0.000000
17.264536 0.000000
17.329864 0.000000
17.395191 0.000000
17.460518 0.000000
17.525846 0.000000
17.591402 0.000000
17.656729 0.000000
17.722057 0.000000
17.787384 0.000000
17.852711 0.000000
17.919867 0.000000
17.957693 0.000000
17.965945 0.000000
17.968237 0.000000
17.970301 0.000000
17.972363 0.000000
17.974426 0.000000
17.976489 0.000000
17.978552 0.000000
17.980615 0.000000
17.982678 0.000000
17.984741 0.000000
17.986804 0.000000
17.988867 0.000000
17.990930 0.000000
17.992993 0.000000
17.995056 0.000000
17.997119 0.000000
17.999182 0.000000
18.001245 0.000000
18.003308 0.000000
18.005371 0.000000
18.007434 0.000000
18.009497 0.000000
18.011560 0.000000
18.013623 0.000000
18.015686 0.000000
18.017749 0.000000
18.019812 0.000000
18.021875 0.000000
18.023938 0.000000
18.026000 0.000000
18.028064 0.000000
18.030126 0.000000
18.032190 0.000000
18.034252 0.000000
18.068177 0.000000
18.133733 0.000000
18.199061 0.000000
18.264388 0.000000
18.329715 0.000000
18.395043 0.000000
18.460599 0.000000
18.525927 0.000000
18.591254 0.000000
18.656581 0.000000
18.721909 0.000000
18.787236 0.000000
18.852563 0.000000
18.917891 0.000000
18.957545 0.000000
18.965797 0.000000
18.968090 0.000000
18.970153 0.000000
18.972216 0.000000
18.974279 0.000000
18.976341 0.000000
18.978404 0.000000
18.980467 0.000000
18.982531 0.000000
18.984593 0.000000
18.986657 0.000000
18.988719 0.000000
18.990782 0.000000
18.992845 0.000000
18.994908 0.000000
18.996971 0.000000
18.999034 0.000000
19.001097 0.000000
19.003160 0.000000
19.005223 0.000000
19.007286 0.000000
19.009349 0.000000
19.011412 0.000000
19.013475 0.000000
19.015538 0.000000
19.017601 0.000000
19.019664 0.000000
19.021727 0.000000
19.023790 0.000000
19.025853 0.000000
19.027916 0.000000
19.029979 0.000000
19.032041 0.000000
19.034105 0.000000
19.068486 0.000000
19.133815 0.000007
19.199142 0.000117
19.264470 0.000379
19.329797 0.000822
19.395432 0.001472
19.460452 0.002340
19.526008 0.003462
19.591336 0.004825
19.656663 0.006344
19.721991 0.007992
19.787318 0.009753
19.852646 0.011607
19.919119 0.013572
19.957628 0.014739
19.965651 0.014984
19.967943 0.015055
19.970005 0.015118
19.972069 0.014045
19.974131 0.009954
19.976195 0.005605
19.978257 0.005745
19.980321 0.010157
19.982384 0.014558
19.984446 0.015561
19.986510 0.015625
19.988572 0.015688
19.990635 0.015752
19.992698 0.015816
19.994762 0.015879
19.996824 0.015943
19.998887 0.016007
20.000950 0.016071
20.003014 0.016135
20.005076 0.016198
20.007139 0.016262
20.009202 0.016326
20.011265 0.016390
20.013328 0.016454
20.015391 0.016518
20.017454 0.016582
20.019517 0.016646
20.021580 0.016710
20.023643 0.016774
20.025706 0.016839
20.027769 0.016903
20.029832 0.016967
20.031895 0.017031
20.033958 0.017096
20.035333 0.017138
20.068341 0.018170
20.133897 0.020228
20.199225 0.022276
20.264552 0.024304
20.329880 0.026296
20.395207 0.028236
20.460535 0.030110
20.525862 0.031904
20.591419 0.033610
20.659253 0.035265
