-0.176691 0.000000
-0.111248 0.000000
-0.056924 0.000000
-0.034002 0.000000
-0.031710 0.000000
-0.029647 0.000000
-0.027584 0.000000
-0.025521 0.000000
-0.023458 0.000000
-0.021396 0.000000
-0.019332 0.000000
-0.017270 0.000000
-0.015206 0.000000
-0.013144 0.000000
-0.011081 0.000000
-0.009018 0.000000
-0.006955 0.000000
-0.004892 0.000000
-0.002829 0.000000
-0.000766 0.000000
0.001297 0.000000
0.003360 0.000000
0.005423 0.000000
0.007486 0.000000
0.009549 0.000000
0.011611 0.000000
0.013675 0.000000
0.015737 0.000000
0.017801 0.000000
0.019863 0.000000
0.021926 0.000000
0.023990 0.000000
0.026052 0.000000
0.028115 0.000000
0.030178 0.000000
0.032241 0.000000
0.034304 0.000000
0.068228 0.000000
0.133784 0.000000
0.199110 0.000000
0.264436 0.000000
0.329763 0.000000
0.395089 0.000000
0.460645 0.000000
0.525971 0.000000
0.591298 0.000000
0.656624 0.000000
0.721786 0.000000
0.787277 0.000000
0.852604 0.000000
0.918159 0.000000
0.957813 0.000000
0.965836 0.000000
0.968128 0.000000
0.970191 0.000000
0.972254 0.000000
0.974317 0.000000
0.976380 0.000000
0.978443 0.000000
0.980506 0.000000
0.982569 0.000000
0.984632 0.000000
0.986695 0.000000
0.988758 0.000000
0.990820 0.000000
0.992884 0.000000
0.994946 0.000000
0.997009 0.000000
0.999073 0.000000
1.001135 0.000000
1.003198 0.000000
1.005261 0.000000
1.007324 0.000000
1.009387 0.000000
1.011450 0.000000
1.013513 0.000000
1.015576 0.000000
1.017639 0.000000
1.019701 0.000000
1.021765 0.000000
1.023827 0.000000
1.025891 0.000000
1.027954 0.000000
1.030016 0.000000
1.032079 0.000000
1.034142 0.000000
1.068066 0.000000
1.133622 0.000000
1.198948 0.000000
1.264275 0.000000
1.329601 0.000000
1.394928 0.000000
1.460483 0.000000
1.525810 0.000000
1.591136 0.000000
1.656463 0.000000
1.721789 0.000000
1.787116 0.000001
1.854085 0.000086
1.917998 0.000313
1.957652 0.000536
1.965675 0.000589
1.967967 0.000605
1.970030 0.000440
1.972093 0.000220
1.974156 0.000197
1.976219 0.000330
1.978282 0.000679
1.980345 0.000695
1.982407 0.000710
1.984470 0.000726
1.986533 0.000742
1.988596 0.000758
1.990660 0.000775
1.992722 0.000791
1.994785 0.000808
1.996848 0.000825
1.998911 0.000842
2.000974 0.000860
2.003037 0.000877
2.005100 0.000895
2.007163 0.000913
2.009226 0.000931
2.011289 0.000950
2.013352 0.000968
2.015414 0.000987
2.017478 0.001006
2.019540 0.001026
2.021603 0.001045
2.023667 0.001065
2.025729 0.001085
2.027792 0.001105
2.029855 0.001125
2.031918 0.001146
2.033981 0.001167
2.035356 0.001181
2.068364 0.001545
2.133919 0.002445
2.199246 0.003589
2.264572 0.004971
2.329899 0.006504
2.395225 0.008164
2.460781 0.009942
2.526107 0.011805
2.591434 0.013742
2.656760 0.015735
2.722087 0.017765
2.787414 0.019814
2.852740 0.021864
2.918296 0.023905
2.957950 0.025124
2.965973 0.025369
2.968265 0.025439
2.970328 0.025502
2.972391 0.025565
2.974454 0.025359
2.976517 0.021432
2.978579 0.015925
2.980643 0.010631
2.982705 0.012337
2.984768 0.017875
2.986832 0.023457
2.988894 0.026065
2.990957 0.026127
2.993020 0.026190
2.995083 0.026252
2.997146 0.026314
2.999209 0.026376
3.001272 0.026438
3.003335 0.026500
3.005398 0.026562
3.007461 0.026624
3.009524 0.026686
3.011586 0.026748
3.013650 0.026810
3.015713 0.026871
3.017775 0.026933
3.019839 0.026995
3.021901 0.027056
3.023964 0.027118
3.026027 0.027179
3.028090 0.027240
3.030153 0.027302
3.032216 0.027363
3.034279 0.027424
3.068203 0.028421
3.133759 0.030294
3.199085 0.032079
3.264412 0.033770
3.329738 0.035354
3.395065 0.036823
3.460621 0.038171
3.525947 0.039380
3.591274 0.040448
3.656600 0.041369
3.721927 0.042137
3.787253 0.042748
3.853573 0.043205
3.918136 0.043489
3.957790 0.043584
3.965813 0.043596
3.968105 0.043599
3.970168 0.043601
3.972231 0.043603
3.974294 0.043606
3.976357 0.043607
3.978420 0.043609
3.980483 0.043611
3.982546 0.043612
3.984608 0.043614
3.986671 0.043615
3.988734 0.043616
3.990798 0.043617
3.992860 0.041106
3.994923 0.034927
3.996986 0.028348
3.999049 0.023797
4.001112 0.023962
4.003175 0.028829
4.005238 0.035451
4.007301 0.041505
4.009364 0.043617
4.011427 0.043616
4.013490 0.043615
4.015553 0.043614
4.017616 0.043612
4.019678 0.043611
4.021741 0.043609
4.023805 0.043607
4.025867 0.043605
4.027930 0.043603
4.029993 0.043601
4.032056 0.043598
4.034119 0.043596
4.068043 0.043529
4.133599 0.043274
4.198925 0.042857
4.264252 0.042279
4.329579 0.041544
4.394905 0.040655
4.460461 0.039614
4.525788 0.038434
4.591114 0.037118
4.656441 0.035675
4.721767 0.034114
4.787094 0.032445
4.852421 0.030679
4.917977 0.028822
4.957631 0.027663
4.965654 0.027426
4.967946 0.027358
4.970009 0.027297
4.972072 0.027236
4.974134 0.027174
4.976197 0.027113
4.978260 0.027051
4.980323 0.026990
4.982387 0.026928
4.984449 0.026867
4.986512 0.026805
4.988575 0.026743
4.990638 0.026681
4.992701 0.026619
4.994764 0.026558
4.996827 0.026496
4.998890 0.026434
5.000953 0.026371
5.003016 0.026309
5.005079 0.026247
5.007142 0.026185
5.009205 0.026123
5.011268 0.026060
5.013330 0.023066
5.015394 0.017414
5.017456 0.011962
5.019519 0.010992
5.021582 0.016372
5.023645 0.021825
5.025708 0.025508
5.027771 0.025560
5.029834 0.025497
5.031897 0.025434
5.033960 0.025371
5.035335 0.025329
5.068342 0.024317
5.133898 0.022282
5.199225 0.020234
5.264551 0.018184
5.329878 0.016148
5.395205 0.014146
5.460761 0.012189
5.526087 0.010309
5.591414 0.008518
5.656740 0.006834
5.722067 0.005273
5.787394 0.003855
5.853064 0.002653
5.918276 0.001709
5.957931 0.001250
5.965953 0.001167
5.968245 0.001144
5.970308 0.001124
5.972371 0.001103
5.974435 0.001083
5.976497 0.001063
5.978561 0.001044
5.980623 0.001024
5.982686 0.001005
5.984749 0.000986
5.986812 0.000967
5.988875 0.000948
5.990938 0.000930
5.993001 0.000912
5.995064 0.000894
5.997127 0.000876
5.999190 0.000858
6.001253 0.000841
6.003316 0.000824
6.005379 0.000807
6.007441 0.000790
6.009504 0.000773
6.011567 0.000757
6.013630 0.000741
6.015693 0.000725
6.017756 0.000709
6.019819 0.000693
6.021882 0.000678
6.023945 0.000311
6.026008 0.000194
6.028071 0.000227
6.030134 0.000489
6.032197 0.000604
6.034260 0.000590
6.068184 0.000383
6.133740 0.000118
6.199066 0.000007
6.264393 0.000000
6.329720 0.000000
6.395046 0.000000
6.460602 0.000000
6.525929 0.000000
6.591256 0.000000
6.656582 0.000000
6.721909 0.000000
6.787236 0.000000
6.852562 0.000000
6.918118 0.000000
6.957773 0.000000
6.965795 0.000000
6.968088 0.000000
6.970150 0.000000
6.972214 0.000000
6.974277 0.000000
6.976339 0.000000
6.978402 0.000000
6.980465 0.000000
6.982528 0.000000
6.984591 0.000000
6.986654 0.000000
6.988717 0.000000
6.990780 0.000000
6.992843 0.000000
6.994906 0.000000
6.996969 0.000000
6.999032 0.000000
7.001095 0.000000
7.003158 0.000000
7.005221 0.000000
7.007284 0.000000
7.009347 0.000000
7.011410 0.000000
7.013472 0.000000
7.015535 0.000000
7.017598 0.000000
7.019661 0.000000
7.021724 0.000000
7.023787 0.000000
7.025850 0.000000
7.027913 0.000000
7.029976 0.000000
7.032039 0.000000
7.034102 0.000000
7.068026 0.000000
7.133582 0.000000
7.198909 0.000000
7.264235 0.000000
7.329562 0.000000
7.394889 0.000000
7.460445 0.000000
7.525772 0.000000
7.591098 0.000000
7.656425 0.000000
7.721752 0.000000
7.787079 0.000000
7.852061 0.000000
7.917961 0.000000
7.957616 0.000000
7.965638 0.000000
7.967930 0.000000
7.969993 0.000000
7.972056 0.000000
7.974120 0.000000
7.976182 0.000000
7.978245 0.000000
7.980308 0.000000
7.982371 0.000000
7.984434 0.000000
7.986497 0.000000
7.988560 0.000000
7.990623 0.000000
7.992686 0.000000
7.994749 0.000000
7.996812 0.000000
7.998875 0.000000
8.000938 0.000000
8.003000 0.000000
8.005064 0.000000
8.007127 0.000000
8.009189 0.000000
8.011253 0.000000
8.013315 0.000000
8.015379 0.000000
8.017441 0.000000
8.019504 0.000000
8.021567 0.000000
8.023630 0.000000
8.025693 0.000000
8.027756 0.000000
8.029819 0.000000
8.031882 0.000000
8.033945 0.000000
8.035320 0.000000
8.068327 0.000000
8.133883 0.000000
8.199210 0.000000
8.264537 0.000000
8.329864 0.000000
8.395190 0.000000
8.460746 0.000000
8.526073 0.000000
8.591400 0.000000
8.656727 0.000000
8.722054 0.000000
8.787380 0.000000
8.852707 0.000000
8.918263 0.000000
8.957918 0.000000
8.965940 0.000000
8.968233 0.000000
8.970295 0.000000
8.972358 0.000000
8.974422 0.000000
8.976484 0.000000
8.978547 0.000000
8.980610 0.000000
8.982673 0.000000
8.984736 0.000000
8.986799 0.000000
8.988862 0.000000
8.990925 0.000000
8.992988 0.000000
8.995051 0.000000
8.997114 0.000000
8.999177 0.000000
9.001240 0.000000
9.003303 0.000000
9.005366 0.000000
9.007428 0.000000
9.009492 0.000000
9.011554 0.000000
9.013617 0.000000
9.015681 0.000000
9.017743 0.000000
9.019806 0.000000
9.021869 0.000000
9.023932 0.000000
9.025995 0.000000
9.028058 0.000000
9.030121 0.000000
9.032184 0.000000
9.034247 0.000000
9.068171 0.000000
9.133727 0.000000
9.199054 0.000000
9.264381 0.000000
9.329708 0.000000
9.395034 0.000000
9.460590 0.000000
9.525917 0.000000
9.591244 0.000000
9.656571 0.000000
9.721898 0.000000
9.787225 0.000001
9.851558 0.000081
9.918108 0.000313
9.957762 0.000537
9.965785 0.000590
9.968077 0.000606
9.970140 0.000414
9.972203 0.000215
9.974266 0.000200
9.976329 0.000344
9.978392 0.000680
9.980455 0.000695
9.982518 0.000711
9.984581 0.000727
9.986643 0.000743
9.988706 0.000759
9.990769 0.000775
9.992832 0.000792
9.994895 0.000809
9.996958 0.000826
9.999021 0.000843
10.001084 0.000861
10.003147 0.000878
10.005210 0.000896
10.007273 0.000914
10.009336 0.000932
10.011399 0.000951
10.013462 0.000969
10.015525 0.000988
10.017588 0.001007
10.019651 0.001027
10.021714 0.001046
10.023777 0.001066
10.025840 0.001086
10.027902 0.001106
10.029965 0.001126
10.032028 0.001147
10.034091 0.001168
10.068016 0.001541
10.133572 0.002439
10.198898 0.003582
10.264225 0.004963
10.329552 0.006496
10.394879 0.008155
10.460435 0.009932
10.525762 0.011795
10.591089 0.013732
10.656416 0.015725
10.721743 0.017755
10.787070 0.019804
10.852397 0.021854
10.917953 0.023894
10.957607 0.025114
10.965630 0.025359
10.967922 0.025429
10.969985 0.025492
10.972048 0.025554
10.974111 0.025611
10.976174 0.022251
10.978237 0.016871
10.980300 0.011412
10.982363 0.011559
10.984426 0.016901
10.986488 0.022614
10.988552 0.026055
10.990614 0.026117
10.992678 0.026179
10.994740 0.026242
10.996803 0.026304
10.998867 0.026366
11.000929 0.026428
11.002992 0.026490
11.005055 0.026552
11.007118 0.026614
11.009181 0.026676
11.011244 0.026738
11.013307 0.026799
11.015370 0.026861
11.017433 0.026923
11.019496 0.026984
11.021559 0.027046
11.023622 0.027107
11.025685 0.027169
11.027748 0.027230
11.029811 0.027292
11.031873 0.027353
11.033937 0.027414
11.035312 0.027455
11.068319 0.028425
11.133875 0.030297
11.199202 0.032082
11.264529 0.033772
11.329856 0.035357
11.395183 0.036826
11.460739 0.038173
11.526066 0.039382
11.591393 0.040450
11.656720 0.041370
11.722047 0.042138
11.787374 0.042749
11.851058 0.043191
11.918257 0.043489
11.957912 0.043584
11.965934 0.043596
11.968226 0.043599
11.970289 0.043601
11.972352 0.043604
11.974415 0.043606
11.976478 0.043608
11.978541 0.043609
11.980604 0.043611
11.982667 0.043612
11.984730 0.043614
11.986793 0.043615
11.988856 0.043616
11.990919 0.043617
11.992982 0.040793
11.995045 0.034530
11.997108 0.027992
11.999171 0.023734
12.001234 0.024126
12.003297 0.029198
12.005360 0.035845
12.007423 0.041792
12.009486 0.043617
12.011548 0.043616
12.013612 0.043615
12.015674 0.043614
12.017737 0.043612
12.019801 0.043611
12.021863 0.043609
12.023926 0.043607
12.025989 0.043605
12.028052 0.043603
12.030115 0.043601
12.032178 0.043598
12.034241 0.043596
12.068165 0.043529
12.133721 0.043274
12.199048 0.042856
12.264375 0.042278
12.329702 0.041543
12.395029 0.040653
12.460586 0.039612
12.525913 0.038431
12.591240 0.037116
12.656567 0.035672
12.721894 0.034111
12.787221 0.032442
12.852548 0.030675
12.918104 0.028819
12.957759 0.027660
12.965781 0.027422
12.968073 0.027354
12.970136 0.027293
12.972199 0.027232
12.974262 0.027170
12.976325 0.027109
12.978388 0.027048
12.980451 0.026986
12.982514 0.026924
12.984577 0.026863
12.986640 0.026801
12.988703 0.026739
12.990766 0.026678
12.992829 0.026616
12.994891 0.026554
12.996955 0.026492
12.999017 0.026430
13.001081 0.026368
13.003143 0.026305
13.005207 0.026243
13.007269 0.026181
13.009332 0.026119
13.011395 0.026056
13.013458 0.022749
13.015522 0.017050
13.017584 0.011675
13.019647 0.011287
13.021710 0.016725
13.023773 0.022128
13.025836 0.025591
13.027899 0.025556
13.029962 0.025493
13.032025 0.025430
13.034088 0.025367
13.068012 0.024328
13.133568 0.022293
13.198895 0.020245
13.264222 0.018194
13.329550 0.016158
13.394877 0.014156
13.460433 0.012199
13.525760 0.010319
13.591087 0.008527
13.656414 0.006842
13.721741 0.005281
13.787068 0.003861
13.850065 0.002702
13.917951 0.001713
13.957606 0.001254
13.965629 0.001171
13.967921 0.001147
13.969984 0.001127
13.972047 0.001107
13.974110 0.001086
13.976173 0.001066
13.978236 0.001047
13.980299 0.001027
13.982361 0.001008
13.984425 0.000989
13.986487 0.000970
13.988550 0.000951
13.990614 0.000933
13.992676 0.000915
13.994739 0.000896
13.996802 0.000879
13.998865 0.000861
14.000928 0.000844
14.002991 0.000826
14.005054 0.000809
14.007117 0.000793
14.009180 0.000776
14.011243 0.000759
14.013306 0.000743
14.015369 0.000727
14.017432 0.000711
14.019495 0.000696
14.021558 0.000680
14.023621 0.000351
14.025684 0.000201
14.027747 0.000213
14.029810 0.000404
14.031873 0.000606
14.033936 0.000592
14.035311 0.000583
14.068318 0.000382
14.133875 0.000117
14.199202 0.000007
14.264455 0.000000
14.329856 0.000000
14.395183 0.000000
14.460739 0.000000
14.526066 0.000000
14.591394 0.000000
14.656721 0.000000
14.722048 0.000000
14.787375 0.000000
14.852702 0.000000
14.918258 0.000000
14.957913 0.000000
14.965936 0.000000
14.968228 0.000000
14.970291 0.000000
14.972354 0.000000
14.974417 0.000000
14.976480 0.000000
14.978543 0.000000
14.980606 0.000000
14.982668 0.000000
14.984732 0.000000
14.986795 0.000000
14.988858 0.000000
14.990920 0.000000
14.992983 0.000000
14.995047 0.000000
14.997109 0.000000
14.999173 0.000000
15.001235 0.000000
15.003298 0.000000
15.005361 0.000000
15.007424 0.000000
15.009487 0.000000
15.011550 0.000000
15.013613 0.000000
15.015676 0.000000
15.017739 0.000000
15.019802 0.000000
15.021865 0.000000
15.023928 0.000000
15.025991 0.000000
15.028054 0.000000
15.030117 0.000000
15.032180 0.000000
15.034243 0.000000
15.068167 0.000000
15.133723 0.000000
15.199050 0.000000
15.264378 0.000000
15.329705 0.000000
15.395032 0.000000
15.460588 0.000000
15.525916 0.000000
15.591243 0.000000
15.656570 0.000000
15.721897 0.000000
15.787224 0.000000
15.852551 0.000000
15.920591 0.000000
15.957763 0.000000
15.965785 0.000000
15.968077 0.000000
15.970140 0.000000
15.972203 0.000000
15.974266 0.000000
15.976329 0.000000
15.978392 0.000000
15.980455 0.000000
15.982518 0.000000
15.984581 0.000000
15.986644 0.000000
15.988707 0.000000
15.990770 0.000000
15.992833 0.000000
15.994896 0.000000
15.996959 0.000000
15.999022 0.000000
16.001085 0.000000
16.003148 0.000000
16.005211 0.000000
16.007274 0.000000
16.009337 0.000000
16.011400 0.000000
16.013463 0.000000
16.015526 0.000000
16.017588 0.000000
16.019652 0.000000
16.021714 0.000000
16.023778 0.000000
16.025840 0.000000
16.027904 0.000000
16.029966 0.000000
16.032029 0.000000
16.034092 0.000000
16.068017 0.000000
16.133573 0.000000
16.198900 0.000000
16.264227 0.000000
16.329555 0.000000
16.394882 0.000000
16.460438 0.000000
16.525765 0.000000
16.591093 0.000000
16.656420 0.000000
16.721747 0.000000
16.787074 0.000000
16.852402 0.000000
16.917958 0.000000
16.957613 0.000000
16.965636 0.000000
16.967928 0.000000
16.969991 0.000000
16.972054 0.000000
16.974117 0.000000
16.976180 0.000000
16.978243 0.000000
16.980305 0.000000
16.982368 0.000000
16.984431 0.000000
16.986494 0.000000
16.988557 0.000000
16.990620 0.000000
16.992683 0.000000
16.994746 0.000000
16.996809 0.000000
16.998872 0.000000
17.000935 0.000000
17.002998 0.000000
17.005061 0.000000
17.007124 0.000000
17.009187 0.000000
17.011250 0.000000
17.013313 0.000000
17.015376 0.000000
17.017439 0.000000
17.019502 0.000000
17.021565 0.000000
17.023628 0.000000
17.025691 0.000000
17.027754 0.000000
17.029817 0.000000
17.031880 0.000000
17.033943 0.000000
17.035318 0.000000
17.068325 0.000000
17.133882 0.000000
17.199209 0.000000
17.264536 0.000000
17.329864 0.000000
17.395191 0.000000
17.460518 0.000000
17.525846 0.000000
17.591402 0.000000
17.656729 0.000000
17.722057 0.000000
17.787384 0.000001
17.852711 0.000083
17.919867 0.000322
17.957693 0.000536
17.965945 0.000591
17.968237 0.000607
17.970301 0.000384
17.972363 0.000209
17.974426 0.000205
17.976489 0.000367
17.978552 0.000681
17.980615 0.000697
17.982678 0.000712
17.984741 0.000728
17.986804 0.000744
17.988867 0.000760
17.990930 0.000777
17.992993 0.000793
17.995056 0.000810
17.997119 0.000827
17.999182 0.000844
18.001245 0.000862
18.003308 0.000880
18.005371 0.000897
18.007434 0.000915
18.009497 0.000934
18.011560 0.000952
18.013623 0.000971
18.015686 0.000990
18.017749 0.001009
18.019812 0.001028
18.021875 0.001048
18.023938 0.001067
18.026000 0.001087
18.028064 0.001108
18.030126 0.001128
18.032190 0.001149
18.034252 0.001169
18.068177 0.001543
18.133733 0.002442
18.199061 0.003585
18.264388 0.004967
18.329715 0.006500
18.395043 0.008160
18.460599 0.009936
18.525927 0.011800
18.591254 0.013737
18.656581 0.015730
18.721909 0.017760
18.787236 0.019809
18.852563 0.021859
18.917891 0.023893
18.957545 0.025112
18.965797 0.025364
18.968090 0.025434
18.970153 0.025497
18.972216 0.025559
18.974279 0.025518
18.976341 0.021857
18.978404 0.016408
18.980467 0.011022
18.982531 0.011932
18.984593 0.017376
18.986657 0.023034
18.988719 0.026060
18.990782 0.026122
18.992845 0.026184
18.994908 0.026247
18.996971 0.026309
18.999034 0.026371
19.001097 0.026433
19.003160 0.026495
19.005223 0.026557
19.007286 0.026619
19.009349 0.026681
19.011412 0.026743
19.013475 0.026805
19.015538 0.026866
19.017601 0.026928
19.019664 0.026989
19.021727 0.027051
19.023790 0.027112
19.025853 0.027174
19.027916 0.027235
19.029979 0.027297
19.032041 0.027358
19.034105 0.027419
19.068486 0.028429
19.133815 0.030296
19.199142 0.032080
19.264470 0.033771
19.329797 0.035356
19.395432 0.036831
19.460452 0.038168
19.526008 0.039381
19.591336 0.040449
19.656663 0.041369
19.721991 0.042138
19.787318 0.042749
19.852646 0.043200
19.919119 0.043492
19.957628 0.043584
19.965651 0.043596
19.967943 0.043598
19.970005 0.043601
19.972069 0.043603
19.974131 0.043605
19.976195 0.043607
19.978257 0.043609
19.980321 0.043611
19.982384 0.043612
19.984446 0.043614
19.986510 0.043615
19.988572 0.043616
19.990635 0.043617
19.992698 0.041507
19.994762 0.035453
19.996824 0.028831
19.998887 0.023963
20.000950 0.023796
20.003014 0.028347
20.005076 0.034925
20.007139 0.041104
20.009202 0.043617
20.011265 0.043616
20.013328 0.043615
20.015391 0.043614
20.017454 0.043612
20.019517 0.043611
20.021580 0.043609
20.023643 0.043607
20.025706 0.043606
20.027769 0.043603
20.029832 0.043601
20.031895 0.043599
20.033958 0.043596
20.035333 0.043594
20.068341 0.043528
20.133897 0.043273
20.199225 0.042855
20.264552 0.042276
20.329880 0.041540
20.395207 0.040651
20.460535 0.039613
20.525862 0.038432
20.591419 0.037112
20.659253 0.035610
