-0.176691 0.000000
-0.111248 0.000000
-0.056924 0.000000
-0.034002 0.000000
-0.031710 0.000000
-0.029647 0.000000
-0.027584 0.000000
-0.025521 0.000000
-0.023458 0.000000
-0.021396 0.000000
-0.019332 0.000000
-0.017270 0.000000
-0.015206 0.000000
-0.013144 0.000000
-0.011081 0.000000
-0.009018 0.000000
-0.006955 0.000000
-0.004892 0.000000
-0.002829 0.000000
-0.000766 0.000000
0.001297 0.000000
0.003360 0.000000
0.005423 0.000000
0.007486 0.000000
0.009549 0.000000
0.011611 0.000000
0.013675 0.000000
0.015737 0.000000
0.017801 0.000000
0.019863 0.000000
0.021926 0.000000
0.023990 0.000000
0.026052 0.000000
0.028115 0.000000
0.030178 0.000000
0.032241 0.000000
0.034304 0.000000
0.068228 0.000000
0.133784 0.000000
0.199110 0.000000
0.264436 0.000000
0.329763 0.000000
0.395089 0.000000
0.460645 0.000000
0.525971 0.000000
0.591298 0.000000
0.656624 0.000000
0.721786 0.000000
0.787277 0.000000
0.852604 0.000000
0.918159 0.000012
0.957813 0.000070
0.965836 0.000088
0.968128 0.000093
0.970191 0.000060
0.972254 0.000034
0.974317 0.000034
0.976380 0.000064
0.978443 0.000121
0.980506 0.000127
0.982569 0.000133
0.984632 0.000139
0.986695 0.000145
0.988758 0.000152
0.990820 0.000159
0.992884 0.000166
0.994946 0.000173
0.997009 0.000180
0.999073 0.000187
1.001135 0.000195
1.003198 0.000202
1.005261 0.000210
1.007324 0.000218
1.009387 0.000226
1.011450 0.000235
1.013513 0.000243
1.015576 0.000252
1.017639 0.000261
1.019701 0.000270
1.021765 0.000279
1.023827 0.000288
1.025891 0.000298
1.027954 0.000307
1.030016 0.000317
1.032079 0.000327
1.034142 0.000337
1.068066 0.000531
1.133622 0.001054
1.198948 0.001788
1.264275 0.002755
1.329601 0.003975
1.394928 0.005408
1.460483 0.006986
1.525810 0.008682
1.591136 0.010482
1.656463 0.012369
1.721789 0.014325
1.787116 0.016330
1.854085 0.018419
1.917998 0.020426
1.957652 0.021670
1.965675 0.021921
1.967967 0.021993
1.970030 0.022058
1.972093 0.022122
1.974156 0.020553
1.976219 0.015867
1.978282 0.010417
1.980345 0.008602
1.982407 0.013358
1.984470 0.018856
1.986533 0.022573
1.988596 0.022638
1.990660 0.022702
1.992722 0.022766
1.994785 0.022830
1.996848 0.022895
1.998911 0.022959
2.000974 0.023023
2.003037 0.023087
2.005100 0.023151
2.007163 0.023216
2.009226 0.023280
2.011289 0.023344
2.013352 0.023408
2.015414 0.023472
2.017478 0.023536
2.019540 0.023600
2.021603 0.023664
2.023667 0.023727
2.025729 0.023791
2.027792 0.023855
2.029855 0.023919
2.031918 0.023983
2.033981 0.024046
2.035356 0.024089
2.068364 0.025103
2.133919 0.027083
2.199246 0.028999
2.264572 0.030842
2.329899 0.032599
2.395225 0.034259
2.460781 0.035815
2.526107 0.037247
2.591434 0.038550
2.656760 0.039717
2.722087 0.040741
2.787414 0.041617
2.852740 0.042338
2.918296 0.042903
2.957950 0.043166
2.965973 0.043212
2.968265 0.043225
2.970328 0.043236
2.972391 0.043247
2.974454 0.043258
2.976517 0.043269
2.978579 0.043280
2.980643 0.043290
2.982705 0.043300
2.984768 0.043311
2.986832 0.043320
2.988894 0.043330
2.990957 0.039790
2.993020 0.033412
2.995083 0.027019
2.997146 0.023532
2.999209 0.024414
3.001272 0.029918
3.003335 0.036607
3.005398 0.042260
3.007461 0.043411
3.009524 0.043419
3.011586 0.043427
3.013650 0.043435
3.015713 0.043443
3.017775 0.043450
3.019839 0.043458
3.021901 0.043465
3.023964 0.043472
3.026027 0.043479
3.028090 0.043485
3.030153 0.043492
3.032216 0.043498
3.034279 0.043504
3.068203 0.043583
3.133759 0.043608
3.199085 0.043469
3.264412 0.043166
3.329738 0.042700
3.395065 0.042074
3.460621 0.041289
3.525947 0.040354
3.591274 0.039273
3.656600 0.038051
3.721927 0.036696
3.787253 0.035216
3.853573 0.033596
3.918136 0.031916
3.957790 0.030838
3.965813 0.030616
3.968105 0.030552
3.970168 0.030495
3.972231 0.030437
3.974294 0.030380
3.976357 0.030322
3.978420 0.030264
3.980483 0.030206
3.982546 0.030149
3.984608 0.030091
3.986671 0.030033
3.988734 0.029974
3.990798 0.029916
3.992860 0.029858
3.994923 0.029800
3.996986 0.029741
3.999049 0.029683
4.001112 0.029624
4.003175 0.029565
4.005238 0.029507
4.007301 0.029448
4.009364 0.029389
4.011427 0.026122
4.013490 0.020239
4.015553 0.014564
4.017616 0.012734
4.019678 0.017911
4.021741 0.023692
4.023805 0.028237
4.025867 0.028915
4.027930 0.028856
4.029993 0.028796
4.032056 0.028736
4.034119 0.028677
4.068043 0.027684
4.133599 0.025720
4.198925 0.023716
4.264252 0.021680
4.329579 0.019630
4.394905 0.017582
4.460461 0.015547
4.525788 0.013559
4.591114 0.011627
4.656441 0.009772
4.721767 0.008010
4.787094 0.006361
4.852421 0.004840
4.917977 0.003471
4.957631 0.002761
4.965654 0.002628
4.967946 0.002591
4.970009 0.002558
4.972072 0.002525
4.974134 0.002493
4.976197 0.002460
4.978260 0.002428
4.980323 0.002396
4.982387 0.002365
4.984449 0.002333
4.986512 0.002302
4.988575 0.002271
4.990638 0.002241
4.992701 0.002210
4.994764 0.002180
4.996827 0.002150
4.998890 0.002120
5.000953 0.002091
5.003016 0.002062
5.005079 0.002033
5.007142 0.002004
5.009205 0.001976
5.011268 0.001947
5.013330 0.001919
5.015394 0.001892
5.017456 0.001864
5.019519 0.001837
5.021582 0.001810
5.023645 0.000856
5.025708 0.000531
5.027771 0.000615
5.029834 0.001341
5.031897 0.001678
5.033960 0.001652
5.035335 0.001635
5.068342 0.001258
5.133898 0.000671
5.199225 0.000284
5.264551 0.000070
5.329878 0.000000
5.395205 0.000000
5.460761 0.000000
5.526087 0.000000
5.591414 0.000000
5.656740 0.000000
5.722067 0.000000
5.787394 0.000000
5.853064 0.000000
5.918276 0.000000
5.957931 0.000000
5.965953 0.000000
5.968245 0.000000
5.970308 0.000000
5.972371 0.000000
5.974435 0.000000
5.976497 0.000000
5.978561 0.000000
5.980623 0.000000
5.982686 0.000000
5.984749 0.000000
5.986812 0.000000
5.988875 0.000000
5.990938 0.000000
5.993001 0.000000
5.995064 0.000000
5.997127 0.000000
5.999190 0.000000
6.001253 0.000000
6.003316 0.000000
6.005379 0.000000
6.007441 0.000000
6.009504 0.000000
6.011567 0.000000
6.013630 0.000000
6.015693 0.000000
6.017756 0.000000
6.019819 0.000000
6.021882 0.000000
6.023945 0.000000
6.026008 0.000000
6.028071 0.000000
6.030134 0.000000
6.032197 0.000000
6.034260 0.000000
6.068184 0.000000
6.133740 0.000000
6.199066 0.000000
6.264393 0.000000
6.329720 0.000000
6.395046 0.000000
6.460602 0.000000
6.525929 0.000000
6.591256 0.000000
6.656582 0.000000
6.721909 0.000000
6.787236 0.000000
6.852562 0.000000
6.918118 0.000000
6.957773 0.000000
6.965795 0.000000
6.968088 0.000000
6.970150 0.000000
6.972214 0.000000
6.974277 0.000000
6.976339 0.000000
6.978402 0.000000
6.980465 0.000000
6.982528 0.000000
6.984591 0.000000
6.986654 0.000000
6.988717 0.000000
6.990780 0.000000
6.992843 0.000000
6.994906 0.000000
6.996969 0.000000
6.999032 0.000000
7.001095 0.000000
7.003158 0.000000
7.005221 0.000000
7.007284 0.000000
7.009347 0.000000
7.011410 0.000000
7.013472 0.000000
7.015535 0.000000
7.017598 0.000000
7.019661 0.000000
7.021724 0.000000
7.023787 0.000000
7.025850 0.000000
7.027913 0.000000
7.029976 0.000000
7.032039 0.000000
7.034102 0.000000
7.068026 0.000000
7.133582 0.000000
7.198909 0.000000
7.264235 0.000000
7.329562 0.000000
7.394889 0.000000
7.460445 0.000000
7.525772 0.000000
7.591098 0.000000
7.656425 0.000000
7.721752 0.000000
7.787079 0.000000
7.852061 0.000000
7.917961 0.000000
7.957616 0.000000
7.965638 0.000000
7.967930 0.000000
7.969993 0.000000
7.972056 0.000000
7.974120 0.000000
7.976182 0.000000
7.978245 0.000000
7.980308 0.000000
7.982371 0.000000
7.984434 0.000000
7.986497 0.000000
7.988560 0.000000
7.990623 0.000000
7.992686 0.000000
7.994749 0.000000
7.996812 0.000000
7.998875 0.000000
8.000938 0.000000
8.003000 0.000000
8.005064 0.000000
8.007127 0.000000
8.009189 0.000000
8.011253 0.000000
8.013315 0.000000
8.015379 0.000000
8.017441 0.000000
8.019504 0.000000
8.021567 0.000000
8.023630 0.000000
8.025693 0.000000
8.027756 0.000000
8.029819 0.000000
8.031882 0.000000
8.033945 0.000000
8.035320 0.000000
8.068327 0.000000
8.133883 0.000000
8.199210 0.000000
8.264537 0.000000
8.329864 0.000000
8.395190 0.000000
8.460746 0.000000
8.526073 0.000000
8.591400 0.000000
8.656727 0.000000
8.722054 0.000000
8.787380 0.000000
8.852707 0.000000
8.918263 0.000012
8.957918 0.000070
8.965940 0.000088
8.968233 0.000094
8.970295 0.000058
8.972358 0.000033
8.974422 0.000035
8.976484 0.000067
8.978547 0.000121
8.980610 0.000127
8.982673 0.000133
8.984736 0.000139
8.986799 0.000146
8.988862 0.000152
8.990925 0.000159
8.992988 0.000166
8.995051 0.000173
8.997114 0.000180
8.999177 0.000187
9.001240 0.000195
9.003303 0.000203
9.005366 0.000211
9.007428 0.000219
9.009492 0.000227
9.011554 0.000235
9.013617 0.000244
9.015681 0.000252
9.017743 0.000261
9.019806 0.000270
9.021869 0.000279
9.023932 0.000289
9.025995 0.000298
9.028058 0.000308
9.030121 0.000318
9.032184 0.000328
9.034247 0.000338
9.068171 0.000532
9.133727 0.001055
9.199054 0.001789
9.264381 0.002757
9.329708 0.003978
9.395034 0.005411
9.460590 0.006989
9.525917 0.008684
9.591244 0.010485
9.656571 0.012372
9.721898 0.014328
9.787225 0.016334
9.851558 0.018340
9.918108 0.020430
9.957762 0.021674
9.965785 0.021925
9.968077 0.021997
9.970140 0.022061
9.972203 0.022126
9.974266 0.020351
9.976329 0.015581
9.978392 0.010136
9.980455 0.008735
9.982518 0.013652
9.984581 0.019130
9.986643 0.022577
9.988706 0.022641
9.990769 0.022705
9.992832 0.022770
9.994895 0.022834
9.996958 0.022898
9.999021 0.022962
10.001084 0.023027
10.003147 0.023091
10.005210 0.023155
10.007273 0.023219
10.009336 0.023283
10.011399 0.023347
10.013462 0.023411
10.015525 0.023475
10.017588 0.023539
10.019651 0.023603
10.021714 0.023667
10.023777 0.023731
10.025840 0.023795
10.027902 0.023859
10.029965 0.023922
10.032028 0.023986
10.034091 0.024050
10.068016 0.025092
10.133572 0.027073
10.198898 0.028989
10.264225 0.030832
10.329552 0.032590
10.394879 0.034251
10.460435 0.035807
10.525762 0.037240
10.591089 0.038544
10.656416 0.039711
10.721743 0.040736
10.787070 0.041612
10.852397 0.042335
10.917953 0.042900
10.957607 0.043164
10.965630 0.043210
10.967922 0.043223
10.969985 0.043234
10.972048 0.043246
10.974111 0.043256
10.976174 0.043267
10.978237 0.043278
10.980300 0.043288
10.982363 0.043299
10.984426 0.043309
10.986488 0.043319
10.988552 0.043329
10.990614 0.040699
10.992678 0.034526
10.994740 0.027993
10.996803 0.023564
10.998867 0.023846
11.000929 0.028856
11.002992 0.035508
11.005055 0.041507
11.007118 0.043410
11.009181 0.043418
11.011244 0.043426
11.013307 0.043434
11.015370 0.043441
11.017433 0.043449
11.019496 0.043456
11.021559 0.043464
11.023622 0.043471
11.025685 0.043477
11.027748 0.043484
11.029811 0.043491
11.031873 0.043497
11.033937 0.043503
11.035312 0.043507
11.068319 0.043583
11.133875 0.043608
11.199202 0.043469
11.264529 0.043165
11.329856 0.042699
11.395183 0.042073
11.460739 0.041287
11.526066 0.040352
11.591393 0.039271
11.656720 0.038049
11.722047 0.036693
11.787374 0.035214
11.851058 0.033660
11.918257 0.031913
11.957912 0.030834
11.965934 0.030612
11.968226 0.030549
11.970289 0.030491
11.972352 0.030434
11.974415 0.030376
11.976478 0.030319
11.978541 0.030261
11.980604 0.030203
11.982667 0.030145
11.984730 0.030087
11.986793 0.030029
11.988856 0.029971
11.990919 0.029913
11.992982 0.029855
11.995045 0.029796
11.997108 0.029738
11.999171 0.029679
12.001234 0.029621
12.003297 0.029562
12.005360 0.029503
12.007423 0.029444
12.009486 0.029385
12.011548 0.025806
12.013612 0.019879
12.015674 0.014279
12.017737 0.012980
12.019801 0.018255
12.021863 0.024014
12.023926 0.028414
12.025989 0.028912
12.028052 0.028852
12.030115 0.028792
12.032178 0.028733
12.034241 0.028673
12.068165 0.027680
12.133721 0.025717
12.199048 0.023712
12.264375 0.021676
12.329702 0.019626
12.395029 0.017578
12.460586 0.015543
12.525913 0.013555
12.591240 0.011624
12.656567 0.009768
12.721894 0.008007
12.787221 0.006357
12.852548 0.004837
12.918104 0.003468
12.957759 0.002759
12.965781 0.002626
12.968073 0.002589
12.970136 0.002556
12.972199 0.002523
12.974262 0.002491
12.976325 0.002458
12.978388 0.002426
12.980451 0.002394
12.982514 0.002363
12.984577 0.002331
12.986640 0.002300
12.988703 0.002269
12.990766 0.002239
12.992829 0.002208
12.994891 0.002178
12.996955 0.002148
12.999017 0.002119
13.001081 0.002089
13.003143 0.002060
13.005207 0.002031
13.007269 0.002002
13.009332 0.001974
13.011395 0.001946
13.013458 0.001918
13.015522 0.001890
13.017584 0.001862
13.019647 0.001835
13.021710 0.001808
13.023773 0.000818
13.025836 0.000525
13.027899 0.000634
13.029962 0.001447
13.032025 0.001676
13.034088 0.001651
13.068012 0.001261
13.133568 0.000674
13.198895 0.000286
13.264222 0.000070
13.329550 0.000000
13.394877 0.000000
13.460433 0.000000
13.525760 0.000000
13.591087 0.000000
13.656414 0.000000
13.721741 0.000000
13.787068 0.000000
13.850065 0.000000
13.917951 0.000000
13.957606 0.000000
13.965629 0.000000
13.967921 0.000000
13.969984 0.000000
13.972047 0.000000
13.974110 0.000000
13.976173 0.000000
13.978236 0.000000
13.980299 0.000000
13.982361 0.000000
13.984425 0.000000
13.986487 0.000000
13.988550 0.000000
13.990614 0.000000
13.992676 0.000000
13.994739 0.000000
13.996802 0.000000
13.998865 0.000000
14.000928 0.000000
14.002991 0.000000
14.005054 0.000000
14.007117 0.000000
14.009180 0.000000
14.011243 0.000000
14.013306 0.000000
14.015369 0.000000
14.017432 0.000000
14.019495 0.000000
14.021558 0.000000
14.023621 0.000000
14.025684 0.000000
14.027747 0.000000
14.029810 0.000000
14.031873 0.000000
14.033936 0.000000
14.035311 0.000000
14.068318 0.000000
14.133875 0.000000
14.199202 0.000000
14.264455 0.000000
14.329856 0.000000
14.395183 0.000000
14.460739 0.000000
14.526066 0.000000
14.591394 0.000000
14.656721 0.000000
14.722048 0.000000
14.787375 0.000000
14.852702 0.000000
14.918258 0.000000
14.957913 0.000000
14.965936 0.000000
14.968228 0.000000
14.970291 0.000000
14.972354 0.000000
14.974417 0.000000
14.976480 0.000000
14.978543 0.000000
14.980606 0.000000
14.982668 0.000000
14.984732 0.000000
14.986795 0.000000
14.988858 0.000000
14.990920 0.000000
14.992983 0.000000
14.995047 0.000000
14.997109 0.000000
14.999173 0.000000
15.001235 0.000000
15.003298 0.000000
15.005361 0.000000
15.007424 0.000000
15.009487 0.000000
15.011550 0.000000
15.013613 0.000000
15.015676 0.000000
15.017739 0.000000
15.019802 0.000000
15.021865 0.000000
15.023928 0.000000
15.025991 0.000000
15.028054 0.000000
15.030117 0.000000
15.032180 0.000000
15.034243 0.000000
15.068167 0.000000
15.133723 0.000000
15.199050 0.000000
15.264378 0.000000
15.329705 0.000000
15.395032 0.000000
15.460588 0.000000
15.525916 0.000000
15.591243 0.000000
15.656570 0.000000
15.721897 0.000000
15.787224 0.000000
15.852551 0.000000
15.920591 0.000000
15.957763 0.000000
15.965785 0.000000
15.968077 0.000000
15.970140 0.000000
15.972203 0.000000
15.974266 0.000000
15.976329 0.000000
15.978392 0.000000
15.980455 0.000000
15.982518 0.000000
15.984581 0.000000
15.986644 0.000000
15.988707 0.000000
15.990770 0.000000
15.992833 0.000000
15.994896 0.000000
15.996959 0.000000
15.999022 0.000000
16.001085 0.000000
16.003148 0.000000
16.005211 0.000000
16.007274 0.000000
16.009337 0.000000
16.011400 0.000000
16.013463 0.000000
16.015526 0.000000
16.017588 0.000000
16.019652 0.000000
16.021714 0.000000
16.023778 0.000000
16.025840 0.000000
16.027904 0.000000
16.029966 0.000000
16.032029 0.000000
16.034092 0.000000
16.068017 0.000000
16.133573 0.000000
16.198900 0.000000
16.264227 0.000000
16.329555 0.000000
16.394882 0.000000
16.460438 0.000000
16.525765 0.000000
16.591093 0.000000
16.656420 0.000000
16.721747 0.000000
16.787074 0.000000
16.852402 0.000000
16.917958 0.000012
16.957613 0.000069
16.965636 0.000087
16.967928 0.000093
16.969991 0.000066
16.972054 0.000035
16.974117 0.000033
16.976180 0.000059
16.978243 0.000120
16.980305 0.000126
16.982368 0.000132
16.984431 0.000138
16.986494 0.000145
16.988557 0.000151
16.990620 0.000158
16.992683 0.000165
16.994746 0.000172
16.996809 0.000179
16.998872 0.000186
17.000935 0.000194
17.002998 0.000202
17.005061 0.000209
17.007124 0.000217
17.009187 0.000225
17.011250 0.000234
17.013313 0.000242
17.015376 0.000251
17.017439 0.000260
17.019502 0.000269
17.021565 0.000278
17.023628 0.000287
17.025691 0.000297
17.027754 0.000306
17.029817 0.000316
17.031880 0.000326
17.033943 0.000337
17.035318 0.000343
17.068325 0.000533
17.133882 0.001056
17.199209 0.001791
17.264536 0.002760
17.329864 0.003981
17.395191 0.005415
17.460518 0.006987
17.525846 0.008683
17.591402 0.010489
17.656729 0.012377
17.722057 0.014333
17.787384 0.016339
17.852711 0.018376
17.919867 0.020485
17.957693 0.021672
17.965945 0.021930
17.968237 0.022002
17.970301 0.022066
17.972363 0.022131
17.974426 0.020042
17.976489 0.015162
17.978552 0.009730
17.980615 0.009008
17.982678 0.014085
17.984741 0.019520
17.986804 0.022582
17.988867 0.022646
17.990930 0.022710
17.992993 0.022775
17.995056 0.022839
17.997119 0.022903
17.999182 0.022967
18.001245 0.023032
18.003308 0.023096
18.005371 0.023160
18.007434 0.023224
18.009497 0.023288
18.011560 0.023352
18.013623 0.023416
18.015686 0.023480
18.017749 0.023544
18.019812 0.023608
18.021875 0.023672
18.023938 0.023736
18.026000 0.023800
18.028064 0.023864
18.030126 0.023927
18.032190 0.023991
18.034252 0.024055
18.068177 0.025097
18.133733 0.027078
18.199061 0.028993
18.264388 0.030837
18.329715 0.032594
18.395043 0.034255
18.460599 0.035811
18.525927 0.037243
18.591254 0.038547
18.656581 0.039714
18.721909 0.040739
18.787236 0.041614
18.852563 0.042336
18.917891 0.042900
18.957545 0.043164
18.965797 0.043211
18.968090 0.043224
18.970153 0.043235
18.972216 0.043246
18.974279 0.043257
18.976341 0.043268
18.978404 0.043279
18.980467 0.043289
18.982531 0.043300
18.984593 0.043310
18.986657 0.043320
18.988719 0.043329
18.990782 0.040263
18.992845 0.033981
18.994908 0.027509
18.996971 0.023537
18.999034 0.024103
19.001097 0.029373
19.003160 0.036049
19.005223 0.041890
19.007286 0.043410
19.009349 0.043418
19.011412 0.043427
19.013475 0.043434
19.015538 0.043442
19.017601 0.043450
19.019664 0.043457
19.021727 0.043464
19.023790 0.043471
19.025853 0.043478
19.027916 0.043485
19.029979 0.043491
19.032041 0.043498
19.034105 0.043504
19.068486 0.043583
19.133815 0.043608
19.199142 0.043469
19.264470 0.043165
19.329797 0.042699
19.395432 0.042070
19.460452 0.041291
19.526008 0.040353
19.591336 0.039272
19.656663 0.038050
19.721991 0.036695
19.787318 0.035215
19.852646 0.033620
19.919119 0.031889
19.957628 0.030842
19.965651 0.030620
19.967943 0.030557
19.970005 0.030499
19.972069 0.030442
19.974131 0.030384
19.976195 0.030327
19.978257 0.030269
19.980321 0.030211
19.982384 0.030153
19.984446 0.030095
19.986510 0.030037
19.988572 0.029979
19.990635 0.029921
19.992698 0.029863
19.994762 0.029804
19.996824 0.029746
19.998887 0.029687
20.000950 0.029629
20.003014 0.029570
20.005076 0.029511
20.007139 0.029452
20.009202 0.029394
20.011265 0.026531
20.013328 0.020718
20.015391 0.014955
20.017454 0.012428
20.019517 0.017458
20.021580 0.023259
20.023643 0.027980
20.025706 0.028920
20.027769 0.028860
20.029832 0.028801
20.031895 0.028741
20.033958 0.028681
20.035333 0.028641
20.068341 0.027675
20.133897 0.025711
20.199225 0.023707
20.264552 0.021671
20.329880 0.019620
20.395207 0.017572
20.460535 0.015545
20.525862 0.013556
20.591419 0.011618
20.659253 0.009694
