-0.176691 0.000000
-0.111248 0.000000
-0.056924 0.000000
-0.034002 0.000000
-0.031710 0.000000
-0.029647 0.000000
-0.027584 0.000000
-0.025521 0.000000
-0.023458 0.000000
-0.021396 0.000000
-0.019332 0.000000
-0.017270 0.000000
-0.015206 0.000000
-0.013144 0.000000
-0.011081 0.000000
-0.009018 0.000000
-0.006955 0.000000
-0.004892 0.000000
-0.002829 0.000000
-0.000766 0.000000
0.001297 0.000000
0.003360 0.000000
0.005423 0.000000
0.007486 0.000000
0.009549 0.000000
0.011611 0.000000
0.013675 0.000000
0.015737 0.000000
0.017801 0.000000
0.019863 0.000000
0.021926 0.000000
0.023990 0.000000
0.026052 0.000000
0.028115 0.000000
0.030178 0.000000
0.032241 0.000000
0.034304 0.000000
0.068228 0.000000
0.133784 0.000000
0.199110 0.000000
0.264436 0.000000
0.329763 0.000000
0.395089 0.000000
0.460645 0.000004
0.525971 0.000099
0.591298 0.000346
0.656624 0.000769
0.721786 0.001392
0.787277 0.002243
0.852604 0.003335
0.918159 0.004681
0.957813 0.005578
0.965836 0.005766
0.968128 0.005820
0.970191 0.005522
0.972254 0.002743
0.974317 0.001830
0.976380 0.002330
0.978443 0.004978
0.980506 0.006115
0.982569 0.006164
0.984632 0.006214
0.986695 0.006264
0.988758 0.006314
0.990820 0.006364
0.992884 0.006414
0.994946 0.006464
0.997009 0.006515
0.999073 0.006566
1.001135 0.006616
1.003198 0.006667
1.005261 0.006718
1.007324 0.006769
1.009387 0.006820
1.011450 0.006872
1.013513 0.006923
1.015576 0.006975
1.017639 0.007027
1.019701 0.007078
1.021765 0.007130
1.023827 0.007182
1.025891 0.007235
1.027954 0.007287
1.030016 0.007339
1.032079 0.007392
1.034142 0.007445
1.068066 0.008327
1.133622 0.010114
1.198948 0.011985
1.264275 0.013929
1.329601 0.015926
1.394928 0.017959
1.460483 0.020016
1.525810 0.022065
1.591136 0.024096
1.656463 0.026092
1.721789 0.028039
1.787116 0.029920
1.854085 0.031767
1.917998 0.033439
1.957652 0.034428
1.965675 0.034623
1.967967 0.034678
1.970030 0.034728
1.972093 0.034778
1.974156 0.034827
1.976219 0.034877
1.978282 0.034926
1.980345 0.032412
1.982407 0.026745
1.984470 0.020681
1.986533 0.016550
1.988596 0.019396
1.990660 0.025396
1.992722 0.031621
1.994785 0.035317
1.996848 0.035365
1.998911 0.035413
2.000974 0.035461
2.003037 0.035509
2.005100 0.035557
2.007163 0.035605
2.009226 0.035652
2.011289 0.035700
2.013352 0.035747
2.015414 0.035794
2.017478 0.035841
2.019540 0.035888
2.021603 0.035935
2.023667 0.035982
2.025729 0.036029
2.027792 0.036075
2.029855 0.036122
2.031918 0.036168
2.033981 0.036214
2.035356 0.036245
2.068364 0.036965
2.133919 0.038300
2.199246 0.039495
2.264572 0.040548
2.329899 0.041454
2.395225 0.042206
2.460781 0.042803
2.526107 0.043237
2.591434 0.043509
2.656760 0.043616
2.722087 0.043559
2.787414 0.043337
2.852740 0.042952
2.918296 0.042403
2.957950 0.041994
2.965973 0.041904
2.968265 0.041878
2.970328 0.041854
2.972391 0.041831
2.974454 0.041807
2.976517 0.041783
2.978579 0.041758
2.980643 0.041734
2.982705 0.041709
2.984768 0.041685
2.986832 0.041660
2.988894 0.041635
2.990957 0.041609
2.993020 0.041584
2.995083 0.041559
2.997146 0.041533
2.999209 0.040586
3.001272 0.035070
3.003335 0.028424
3.005398 0.022872
3.007461 0.021880
3.009524 0.025868
3.011586 0.032227
3.013650 0.038346
3.015713 0.041295
3.017775 0.041268
3.019839 0.041241
3.021901 0.041213
3.023964 0.041185
3.026027 0.041158
3.028090 0.041130
3.030153 0.041102
3.032216 0.041073
3.034279 0.041045
3.068203 0.040557
3.133759 0.039501
3.199085 0.038306
3.264412 0.036977
3.329738 0.035522
3.395065 0.033949
3.460621 0.032264
3.525947 0.030488
3.591274 0.028630
3.656600 0.026702
3.721927 0.024720
3.787253 0.022698
3.853573 0.020621
3.918136 0.018594
3.957790 0.017353
3.965813 0.017103
3.968105 0.017031
3.970168 0.016967
3.972231 0.016903
3.974294 0.016839
3.976357 0.016775
3.978420 0.016710
3.980483 0.016646
3.982546 0.016582
3.984608 0.016518
3.986671 0.016454
3.988734 0.016390
3.990798 0.016326
3.992860 0.016262
3.994923 0.016198
3.996986 0.016135
3.999049 0.016071
4.001112 0.016007
4.003175 0.015943
4.005238 0.015879
4.007301 0.015816
4.009364 0.015752
4.011427 0.015689
4.013490 0.015625
4.015553 0.015561
4.017616 0.014559
4.019678 0.010159
4.021741 0.005746
4.023805 0.005604
4.025867 0.009951
4.027930 0.014044
4.029993 0.015118
4.032056 0.015055
4.034119 0.014991
4.068043 0.013959
4.133599 0.012008
4.198925 0.010136
4.264252 0.008354
4.329579 0.006681
4.394905 0.005133
4.460461 0.003726
4.525788 0.002555
4.591114 0.001632
4.656441 0.000940
4.721767 0.000457
4.787094 0.000158
4.852421 0.000019
4.917977 0.000000
4.957631 0.000000
4.965654 0.000000
4.967946 0.000000
4.970009 0.000000
4.972072 0.000000
4.974134 0.000000
4.976197 0.000000
4.978260 0.000000
4.980323 0.000000
4.982387 0.000000
4.984449 0.000000
4.986512 0.000000
4.988575 0.000000
4.990638 0.000000
4.992701 0.000000
4.994764 0.000000
4.996827 0.000000
4.998890 0.000000
5.000953 0.000000
5.003016 0.000000
5.005079 0.000000
5.007142 0.000000
5.009205 0.000000
5.011268 0.000000
5.013330 0.000000
5.015394 0.000000
5.017456 0.000000
5.019519 0.000000
5.021582 0.000000
5.023645 0.000000
5.025708 0.000000
5.027771 0.000000
5.029834 0.000000
5.031897 0.000000
5.033960 0.000000
5.035335 0.000000
5.068342 0.000000
5.133898 0.000000
5.199225 0.000000
5.264551 0.000000
5.329878 0.000000
5.395205 0.000000
5.460761 0.000000
5.526087 0.000000
5.591414 0.000000
5.656740 0.000000
5.722067 0.000000
5.787394 0.000000
5.853064 0.000000
5.918276 0.000000
5.957931 0.000000
5.965953 0.000000
5.968245 0.000000
5.970308 0.000000
5.972371 0.000000
5.974435 0.000000
5.976497 0.000000
5.978561 0.000000
5.980623 0.000000
5.982686 0.000000
5.984749 0.000000
5.986812 0.000000
5.988875 0.000000
5.990938 0.000000
5.993001 0.000000
5.995064 0.000000
5.997127 0.000000
5.999190 0.000000
6.001253 0.000000
6.003316 0.000000
6.005379 0.000000
6.007441 0.000000
6.009504 0.000000
6.011567 0.000000
6.013630 0.000000
6.015693 0.000000
6.017756 0.000000
6.019819 0.000000
6.021882 0.000000
6.023945 0.000000
6.026008 0.000000
6.028071 0.000000
6.030134 0.000000
6.032197 0.000000
6.034260 0.000000
6.068184 0.000000
6.133740 0.000000
6.199066 0.000000
6.264393 0.000000
6.329720 0.000000
6.395046 0.000000
6.460602 0.000000
6.525929 0.000000
6.591256 0.000000
6.656582 0.000000
6.721909 0.000000
6.787236 0.000000
6.852562 0.000000
6.918118 0.000000
6.957773 0.000000
6.965795 0.000000
6.968088 0.000000
6.970150 0.000000
6.972214 0.000000
6.974277 0.000000
6.976339 0.000000
6.978402 0.000000
6.980465 0.000000
6.982528 0.000000
6.984591 0.000000
6.986654 0.000000
6.988717 0.000000
6.990780 0.000000
6.992843 0.000000
6.994906 0.000000
6.996969 0.000000
6.999032 0.000000
7.001095 0.000000
7.003158 0.000000
7.005221 0.000000
7.007284 0.000000
7.009347 0.000000
7.011410 0.000000
7.013472 0.000000
7.015535 0.000000
7.017598 0.000000
7.019661 0.000000
7.021724 0.000000
7.023787 0.000000
7.025850 0.000000
7.027913 0.000000
7.029976 0.000000
7.032039 0.000000
7.034102 0.000000
7.068026 0.000000
7.133582 0.000000
7.198909 0.000000
7.264235 0.000000
7.329562 0.000000
7.394889 0.000000
7.460445 0.000000
7.525772 0.000000
7.591098 0.000000
7.656425 0.000000
7.721752 0.000000
7.787079 0.000000
7.852061 0.000000
7.917961 0.000000
7.957616 0.000000
7.965638 0.000000
7.967930 0.000000
7.969993 0.000000
7.972056 0.000000
7.974120 0.000000
7.976182 0.000000
7.978245 0.000000
7.980308 0.000000
7.982371 0.000000
7.984434 0.000000
7.986497 0.000000
7.988560 0.000000
7.990623 0.000000
7.992686 0.000000
7.994749 0.000000
7.996812 0.000000
7.998875 0.000000
8.000938 0.000000
8.003000 0.000000
8.005064 0.000000
8.007127 0.000000
8.009189 0.000000
8.011253 0.000000
8.013315 0.000000
8.015379 0.000000
8.017441 0.000000
8.019504 0.000000
8.021567 0.000000
8.023630 0.000000
8.025693 0.000000
8.027756 0.000000
8.029819 0.000000
8.031882 0.000000
8.033945 0.000000
8.035320 0.000000
8.068327 0.000000
8.133883 0.000000
8.199210 0.000000
8.264537 0.000000
8.329864 0.000000
8.395190 0.000000
8.460746 0.000004
8.526073 0.000099
8.591400 0.000346
8.656727 0.000770
8.722054 0.001395
8.787380 0.002244
8.852707 0.003337
8.918263 0.004683
8.957918 0.005581
8.965940 0.005768
8.968233 0.005823
8.970295 0.005427
8.972358 0.002649
8.974422 0.001823
8.976484 0.002398
8.978547 0.005125
8.980610 0.006117
8.982673 0.006167
8.984736 0.006217
8.986799 0.006266
8.988862 0.006316
8.990925 0.006366
8.992988 0.006417
8.995051 0.006467
8.997114 0.006517
8.999177 0.006568
9.001240 0.006619
9.003303 0.006670
9.005366 0.006721
9.007428 0.006772
9.009492 0.006823
9.011554 0.006874
9.013617 0.006926
9.015681 0.006977
9.017743 0.007029
9.019806 0.007081
9.021869 0.007133
9.023932 0.007185
9.025995 0.007237
9.028058 0.007290
9.030121 0.007342
9.032184 0.007395
9.034247 0.007447
9.068171 0.008330
9.133727 0.010117
9.199054 0.011988
9.264381 0.013932
9.329708 0.015929
9.395034 0.017962
9.460590 0.020019
9.525917 0.022068
9.591244 0.024099
9.656571 0.026096
9.721898 0.028042
9.787225 0.029923
9.851558 0.031699
9.918108 0.033442
9.957762 0.034430
9.965785 0.034625
9.968077 0.034681
9.970140 0.034731
9.972203 0.034780
9.974266 0.034830
9.976329 0.034879
9.978392 0.034929
9.980455 0.032152
9.982518 0.026416
9.984581 0.020382
9.986643 0.016528
9.988706 0.019676
9.990769 0.025740
9.992832 0.031919
9.994895 0.035319
9.996958 0.035367
9.999021 0.035416
10.001084 0.035464
10.003147 0.035512
10.005210 0.035559
10.007273 0.035607
10.009336 0.035655
10.011399 0.035702
10.013462 0.035750
10.015525 0.035797
10.017588 0.035844
10.019651 0.035891
10.021714 0.035938
10.023777 0.035985
10.025840 0.036031
10.027902 0.036078
10.029965 0.036124
10.032028 0.036170
10.034091 0.036217
10.068016 0.036958
10.133572 0.038293
10.198898 0.039489
10.264225 0.040543
10.329552 0.041449
10.394879 0.042203
10.460435 0.042800
10.525762 0.043236
10.591089 0.043508
10.656416 0.043616
10.721743 0.043560
10.787070 0.043339
10.852397 0.042954
10.917953 0.042407
10.957607 0.041998
10.965630 0.041908
10.967922 0.041882
10.969985 0.041858
10.972048 0.041835
10.974111 0.041811
10.976174 0.041787
10.978237 0.041762
10.980300 0.041738
10.982363 0.041713
10.984426 0.041689
10.986488 0.041664
10.988552 0.041639
10.990614 0.041614
10.992678 0.041588
10.994740 0.041563
10.996803 0.041537
10.998867 0.041160
11.000929 0.036131
11.002992 0.029513
11.005055 0.023604
11.007118 0.021851
11.009181 0.024933
11.011244 0.031135
11.013307 0.037433
11.015370 0.041300
11.017433 0.041272
11.019496 0.041245
11.021559 0.041218
11.023622 0.041190
11.025685 0.041162
11.027748 0.041134
11.029811 0.041106
11.031873 0.041078
11.033937 0.041050
11.035312 0.041031
11.068319 0.040555
11.133875 0.039499
11.199202 0.038304
11.264529 0.036975
11.329856 0.035519
11.395183 0.033946
11.460739 0.032261
11.526066 0.030485
11.591393 0.028627
11.656720 0.026699
11.722047 0.024716
11.787374 0.022694
11.851058 0.020700
11.918257 0.018590
11.957912 0.017349
11.965934 0.017099
11.968226 0.017028
11.970289 0.016963
11.972352 0.016899
11.974415 0.016835
11.976478 0.016771
11.978541 0.016707
11.980604 0.016642
11.982667 0.016578
11.984730 0.016514
11.986793 0.016450
11.988856 0.016386
11.990919 0.016322
11.992982 0.016259
11.995045 0.016195
11.997108 0.016131
11.999171 0.016067
12.001234 0.016003
12.003297 0.015939
12.005360 0.015876
12.007423 0.015812
12.009486 0.015748
12.011548 0.015685
12.013612 0.015621
12.015674 0.015558
12.017737 0.014352
12.019801 0.009870
12.021863 0.005620
12.023926 0.005726
12.025989 0.010236
12.028052 0.014220
12.030115 0.015114
12.032178 0.015051
12.034241 0.014988
12.068165 0.013956
12.133721 0.012005
12.199048 0.010133
12.264375 0.008351
12.329702 0.006678
12.395029 0.005130
12.460586 0.003724
12.525913 0.002553
12.591240 0.001631
12.656567 0.000939
12.721894 0.000456
12.787221 0.000158
12.852548 0.000019
12.918104 0.000000
12.957759 0.000000
12.965781 0.000000
12.968073 0.000000
12.970136 0.000000
12.972199 0.000000
12.974262 0.000000
12.976325 0.000000
12.978388 0.000000
12.980451 0.000000
12.982514 0.000000
12.984577 0.000000
12.986640 0.000000
12.988703 0.000000
12.990766 0.000000
12.992829 0.000000
12.994891 0.000000
12.996955 0.000000
12.999017 0.000000
13.001081 0.000000
13.003143 0.000000
13.005207 0.000000
13.007269 0.000000
13.009332 0.000000
13.011395 0.000000
13.013458 0.000000
13.015522 0.000000
13.017584 0.000000
13.019647 0.000000
13.021710 0.000000
13.023773 0.000000
13.025836 0.000000
13.027899 0.000000
13.029962 0.000000
13.032025 0.000000
13.034088 0.000000
13.068012 0.000000
13.133568 0.000000
13.198895 0.000000
13.264222 0.000000
13.329550 0.000000
13.394877 0.000000
13.460433 0.000000
13.525760 0.000000
13.591087 0.000000
13.656414 0.000000
13.721741 0.000000
13.787068 0.000000
13.850065 0.000000
13.917951 0.000000
13.957606 0.000000
13.965629 0.000000
13.967921 0.000000
13.969984 0.000000
13.972047 0.000000
13.974110 0.000000
13.976173 0.000000
13.978236 0.000000
13.980299 0.000000
13.982361 0.000000
13.984425 0.000000
13.986487 0.000000
13.988550 0.000000
13.990614 0.000000
13.992676 0.000000
13.994739 0.000000
13.996802 0.000000
13.998865 0.000000
14.000928 0.000000
14.002991 0.000000
14.005054 0.000000
14.007117 0.000000
14.009180 0.000000
14.011243 0.000000
14.013306 0.000000
14.015369 0.000000
14.017432 0.000000
14.019495 0.000000
14.021558 0.000000
14.023621 0.000000
14.025684 0.000000
14.027747 0.000000
14.029810 0.000000
14.031873 0.000000
14.033936 0.000000
14.035311 0.000000
14.068318 0.000000
14.133875 0.000000
14.199202 0.000000
14.264455 0.000000
14.329856 0.000000
14.395183 0.000000
14.460739 0.000000
14.526066 0.000000
14.591394 0.000000
14.656721 0.000000
14.722048 0.000000
14.787375 0.000000
14.852702 0.000000
14.918258 0.000000
14.957913 0.000000
14.965936 0.000000
14.968228 0.000000
14.970291 0.000000
14.972354 0.000000
14.974417 0.000000
14.976480 0.000000
14.978543 0.000000
14.980606 0.000000
14.982668 0.000000
14.984732 0.000000
14.986795 0.000000
14.988858 0.000000
14.990920 0.000000
14.992983 0.000000
14.995047 0.000000
14.997109 0.000000
14.999173 0.000000
15.001235 0.000000
15.003298 0.000000
15.005361 0.000000
15.007424 0.000000
15.009487 0.000000
15.011550 0.000000
15.013613 0.000000
15.015676 0.000000
15.017739 0.000000
15.019802 0.000000
15.021865 0.000000
15.023928 0.000000
15.025991 0.000000
15.028054 0.000000
15.030117 0.000000
15.032180 0.000000
15.034243 0.000000
15.068167 0.000000
15.133723 0.000000
15.199050 0.000000
15.264378 0.000000
15.329705 0.000000
15.395032 0.000000
15.460588 0.000000
15.525916 0.000000
15.591243 0.000000
15.656570 0.000000
15.721897 0.000000
15.787224 0.000000
15.852551 0.000000
15.920591 0.000000
15.957763 0.000000
15.965785 0.000000
15.968077 0.000000
15.970140 0.000000
15.972203 0.000000
15.974266 0.000000
15.976329 0.000000
15.978392 0.000000
15.980455 0.000000
15.982518 0.000000
15.984581 0.000000
15.986644 0.000000
15.988707 0.000000
15.990770 0.000000
15.992833 0.000000
15.994896 0.000000
15.996959 0.000000
15.999022 0.000000
16.001085 0.000000
16.003148 0.000000
16.005211 0.000000
16.007274 0.000000
16.009337 0.000000
16.011400 0.000000
16.013463 0.000000
16.015526 0.000000
16.017588 0.000000
16.019652 0.000000
16.021714 0.000000
16.023778 0.000000
16.025840 0.000000
16.027904 0.000000
16.029966 0.000000
16.032029 0.000000
16.034092 0.000000
16.068017 0.000000
16.133573 0.000000
16.198900 0.000000
16.264227 0.000000
16.329555 0.000000
16.394882 0.000000
16.460438 0.000004
16.525765 0.000099
16.591093 0.000345
16.656420 0.000767
16.721747 0.001392
16.787074 0.002240
16.852402 0.003331
16.917958 0.004677
16.957613 0.005574
16.965636 0.005761
16.967928 0.005815
16.969991 0.005677
16.972054 0.002949
16.974117 0.001852
16.976180 0.002215
16.978243 0.004684
16.980305 0.006110
16.982368 0.006159
16.984431 0.006209
16.986494 0.006259
16.988557 0.006309
16.990620 0.006359
16.992683 0.006409
16.994746 0.006460
16.996809 0.006510
16.998872 0.006561
17.000935 0.006611
17.002998 0.006662
17.005061 0.006713
17.007124 0.006764
17.009187 0.006815
17.011250 0.006867
17.013313 0.006918
17.015376 0.006970
17.017439 0.007022
17.019502 0.007073
17.021565 0.007125
17.023628 0.007177
17.025691 0.007230
17.027754 0.007282
17.029817 0.007334
17.031880 0.007387
17.033943 0.007440
17.035318 0.007475
17.068325 0.008334
17.133882 0.010121
17.199209 0.011993
17.264536 0.013937
17.329864 0.015934
17.395191 0.017967
17.460518 0.020017
17.525846 0.022066
17.591402 0.024104
17.656729 0.026100
17.722057 0.028047
17.787384 0.029928
17.852711 0.031730
17.919867 0.033487
17.957693 0.034429
17.965945 0.034629
17.968237 0.034685
17.970301 0.034734
17.972363 0.034784
17.974426 0.034834
17.976489 0.034883
17.978552 0.034932
17.980615 0.031759
17.982678 0.025933
17.984741 0.019955
17.986804 0.016497
17.988867 0.020097
17.990930 0.026242
17.992993 0.032344
17.995056 0.035323
17.997119 0.035371
17.999182 0.035419
18.001245 0.035467
18.003308 0.035515
18.005371 0.035563
18.007434 0.035611
18.009497 0.035658
18.011560 0.035706
18.013623 0.035753
18.015686 0.035800
18.017749 0.035848
18.019812 0.035895
18.021875 0.035941
18.023938 0.035988
18.026000 0.036035
18.028064 0.036081
18.030126 0.036128
18.032190 0.036174
18.034252 0.036220
18.068177 0.036961
18.133733 0.038296
18.199061 0.039492
18.264388 0.040546
18.329715 0.041451
18.395043 0.042204
18.460599 0.042802
18.525927 0.043237
18.591254 0.043509
18.656581 0.043616
18.721909 0.043559
18.787236 0.043338
18.852563 0.042953
18.917891 0.042407
18.957545 0.041999
18.965797 0.041906
18.968090 0.041880
18.970153 0.041856
18.972216 0.041833
18.974279 0.041809
18.976341 0.041785
18.978404 0.041760
18.980467 0.041736
18.982531 0.041711
18.984593 0.041687
18.986657 0.041662
18.988719 0.041637
18.990782 0.041612
18.992845 0.041586
18.994908 0.041561
18.996971 0.041535
18.999034 0.040900
19.001097 0.035615
19.003160 0.028977
19.005223 0.023231
19.007286 0.021865
19.009349 0.025383
19.011412 0.031671
19.013475 0.037889
19.015538 0.041297
19.017601 0.041270
19.019664 0.041243
19.021727 0.041215
19.023790 0.041188
19.025853 0.041160
19.027916 0.041132
19.029979 0.041104
19.032041 0.041076
19.034105 0.041047
19.068486 0.040552
19.133815 0.039500
19.199142 0.038305
19.264470 0.036976
19.329797 0.035521
19.395432 0.033940
19.460452 0.032268
19.526008 0.030487
19.591336 0.028628
19.656663 0.026701
19.721991 0.024718
19.787318 0.022696
19.852646 0.020650
19.919119 0.018563
19.957628 0.017358
19.965651 0.017108
19.967943 0.017036
19.970005 0.016972
19.972069 0.016908
19.974131 0.016844
19.976195 0.016780
19.978257 0.016715
19.980321 0.016651
19.982384 0.016587
19.984446 0.016523
19.986510 0.016459
19.988572 0.016395
19.990635 0.016331
19.992698 0.016267
19.994762 0.016203
19.996824 0.016140
19.998887 0.016076
20.000950 0.016012
20.003014 0.015948
20.005076 0.015884
20.007139 0.015821
20.009202 0.015757
20.011265 0.015693
20.013328 0.015630
20.015391 0.015566
20.017454 0.014815
20.019517 0.010541
20.021580 0.005946
20.023643 0.005468
20.025706 0.009571
20.027769 0.013796
20.029832 0.015123
20.031895 0.015059
20.033958 0.014996
20.035333 0.014954
20.068341 0.013950
20.133897 0.011999
20.199225 0.010128
20.264552 0.008346
20.329880 0.006673
20.395207 0.005126
20.460535 0.003725
20.525862 0.002553
20.591419 0.001629
20.659253 0.000915
