-0.176691 0.042244
-0.111248 0.041499
-0.056924 0.040763
-0.034002 0.040422
-0.031710 0.040387
-0.029647 0.040355
-0.027584 0.040323
-0.025521 0.040291
-0.023458 0.040259
-0.021396 0.040226
-0.019332 0.040194
-0.017270 0.040161
-0.015206 0.040128
-0.013144 0.040095
-0.011081 0.040062
-0.009018 0.040029
-0.006955 0.039996
-0.004892 0.039962
-0.002829 0.039928
-0.000766 0.039895
0.001297 0.039380
0.003360 0.034236
0.005423 0.027664
0.007486 0.021919
0.009549 0.020451
0.011611 0.024428
0.013675 0.030701
0.015737 0.036707
0.017801 0.039584
0.019863 0.039548
0.021926 0.039513
0.023990 0.039478
0.026052 0.039442
0.028115 0.039406
0.030178 0.039370
0.032241 0.039334
0.034304 0.039298
0.068228 0.038682
0.133784 0.037388
0.199110 0.035970
0.264436 0.034431
0.329763 0.032782
0.395089 0.031034
0.460645 0.029193
0.525971 0.027285
0.591298 0.025317
0.656624 0.023305
0.721786 0.021270
0.787277 0.019213
0.852604 0.017168
0.918159 0.015140
0.957813 0.013933
0.965836 0.013691
0.968128 0.013622
0.970191 0.013560
0.972254 0.013498
0.974317 0.013436
0.976380 0.013374
0.978443 0.013312
0.980506 0.013251
0.982569 0.013189
0.984632 0.013127
0.986695 0.013066
0.988758 0.013004
0.990820 0.012943
0.992884 0.012881
0.994946 0.012820
0.997009 0.012759
0.999073 0.012698
1.001135 0.012637
1.003198 0.012576
1.005261 0.012515
1.007324 0.012454
1.009387 0.012393
1.011450 0.012332
1.013513 0.012271
1.015576 0.012211
1.017639 0.012150
1.019701 0.010033
1.021765 0.005708
1.023827 0.003876
1.025891 0.005430
1.027954 0.009784
1.030016 0.011788
1.032079 0.011728
1.034142 0.011668
1.068066 0.010693
1.133622 0.008876
1.198948 0.007168
1.264275 0.005581
1.329601 0.004132
1.394928 0.002882
1.460483 0.001883
1.525810 0.001124
1.591136 0.000581
1.656463 0.000230
1.721789 0.000045
1.787116 0.000000
1.854085 0.000000
1.917998 0.000000
1.957652 0.000000
1.965675 0.000000
1.967967 0.000000
1.970030 0.000000
1.972093 0.000000
1.974156 0.000000
1.976219 0.000000
1.978282 0.000000
1.980345 0.000000
1.982407 0.000000
1.984470 0.000000
1.986533 0.000000
1.988596 0.000000
1.990660 0.000000
1.992722 0.000000
1.994785 0.000000
1.996848 0.000000
1.998911 0.000000
2.000974 0.000000
2.003037 0.000000
2.005100 0.000000
2.007163 0.000000
2.009226 0.000000
2.011289 0.000000
2.013352 0.000000
2.015414 0.000000
2.017478 0.000000
2.019540 0.000000
2.021603 0.000000
2.023667 0.000000
2.025729 0.000000
2.027792 0.000000
2.029855 0.000000
2.031918 0.000000
2.033981 0.000000
2.035356 0.000000
2.068364 0.000000
2.133919 0.000000
2.199246 0.000000
2.264572 0.000000
2.329899 0.000000
2.395225 0.000000
2.460781 0.000000
2.526107 0.000000
2.591434 0.000000
2.656760 0.000000
2.722087 0.000000
2.787414 0.000000
2.852740 0.000000
2.918296 0.000000
2.957950 0.000000
2.965973 0.000000
2.968265 0.000000
2.970328 0.000000
2.972391 0.000000
2.974454 0.000000
2.976517 0.000000
2.978579 0.000000
2.980643 0.000000
2.982705 0.000000
2.984768 0.000000
2.986832 0.000000
2.988894 0.000000
2.990957 0.000000
2.993020 0.000000
2.995083 0.000000
2.997146 0.000000
2.999209 0.000000
3.001272 0.000000
3.003335 0.000000
3.005398 0.000000
3.007461 0.000000
3.009524 0.000000
3.011586 0.000000
3.013650 0.000000
3.015713 0.000000
3.017775 0.000000
3.019839 0.000000
3.021901 0.000000
3.023964 0.000000
3.026027 0.000000
3.028090 0.000000
3.030153 0.000000
3.032216 0.000000
3.034279 0.000000
3.068203 0.000000
3.133759 0.000000
3.199085 0.000000
3.264412 0.000000
3.329738 0.000000
3.395065 0.000000
3.460621 0.000000
3.525947 0.000000
3.591274 0.000000
3.656600 0.000000
3.721927 0.000000
3.787253 0.000000
3.853573 0.000000
3.918136 0.000000
3.957790 0.000000
3.965813 0.000000
3.968105 0.000000
3.970168 0.000000
3.972231 0.000000
3.974294 0.000000
3.976357 0.000000
3.978420 0.000000
3.980483 0.000000
3.982546 0.000000
3.984608 0.000000
3.986671 0.000000
3.988734 0.000000
3.990798 0.000000
3.992860 0.000000
3.994923 0.000000
3.996986 0.000000
3.999049 0.000000
4.001112 0.000000
4.003175 0.000000
4.005238 0.000000
4.007301 0.000000
4.009364 0.000000
4.011427 0.000000
4.013490 0.000000
4.015553 0.000000
4.017616 0.000000
4.019678 0.000000
4.021741 0.000000
4.023805 0.000000
4.025867 0.000000
4.027930 0.000000
4.029993 0.000000
4.032056 0.000000
4.034119 0.000000
4.068043 0.000000
4.133599 0.000000
4.198925 0.000000
4.264252 0.000000
4.329579 0.000000
4.394905 0.000000
4.460461 0.000000
4.525788 0.000000
4.591114 0.000000
4.656441 0.000000
4.721767 0.000000
4.787094 0.000000
4.852421 0.000000
4.917977 0.000000
4.957631 0.000000
4.965654 0.000000
4.967946 0.000000
4.970009 0.000000
4.972072 0.000000
4.974134 0.000000
4.976197 0.000000
4.978260 0.000000
4.980323 0.000000
4.982387 0.000000
4.984449 0.000000
4.986512 0.000000
4.988575 0.000000
4.990638 0.000000
4.992701 0.000000
4.994764 0.000000
4.996827 0.000000
4.998890 0.000000
5.000953 0.000000
5.003016 0.000000
5.005079 0.000000
5.007142 0.000000
5.009205 0.000000
5.011268 0.000000
5.013330 0.000000
5.015394 0.000000
5.017456 0.000000
5.019519 0.000000
5.021582 0.000000
5.023645 0.000000
5.025708 0.000000
5.027771 0.000000
5.029834 0.000000
5.031897 0.000000
5.033960 0.000000
5.035335 0.000000
5.068342 0.000000
5.133898 0.000000
5.199225 0.000000
5.264551 0.000000
5.329878 0.000000
5.395205 0.000056
5.460761 0.000255
5.526087 0.000623
5.591414 0.001186
5.656740 0.001966
5.722067 0.002984
5.787394 0.004256
5.853064 0.005727
5.918276 0.007323
5.957931 0.008353
5.965953 0.008567
5.968245 0.008628
5.970308 0.008423
5.972371 0.005368
5.974435 0.002918
5.976497 0.003117
5.978561 0.006099
5.980623 0.008961
5.982686 0.009017
5.984749 0.009073
5.986812 0.009129
5.988875 0.009185
5.990938 0.009241
5.993001 0.009297
5.995064 0.009354
5.997127 0.009410
5.999190 0.009467
6.001253 0.009524
6.003316 0.009581
6.005379 0.009638
6.007441 0.009695
6.009504 0.009752
6.011567 0.009809
6.013630 0.009866
6.015693 0.009924
6.017756 0.009981
6.019819 0.010039
6.021882 0.010096
6.023945 0.010154
6.026008 0.010212
6.028071 0.010270
6.030134 0.010328
6.032197 0.010386
6.034260 0.010444
6.068184 0.011414
6.133740 0.013344
6.199066 0.015328
6.264393 0.017352
6.329720 0.019398
6.395046 0.021449
6.460602 0.023495
6.525929 0.025503
6.591256 0.027466
6.656582 0.029368
6.721909 0.031196
6.787236 0.032935
6.852562 0.034574
6.918118 0.036108
6.957773 0.036977
6.965795 0.037147
6.968088 0.037195
6.970150 0.037238
6.972214 0.037282
6.974277 0.037325
6.976339 0.037368
6.978402 0.037410
6.980465 0.037453
6.982528 0.034031
6.984591 0.028023
6.986654 0.021950
6.988717 0.018619
6.990780 0.021418
6.992843 0.027514
6.994906 0.033869
6.996969 0.037790
6.999032 0.037831
7.001095 0.037873
7.003158 0.037914
7.005221 0.037955
7.007284 0.037996
7.009347 0.038037
7.011410 0.038077
7.013472 0.038118
7.015535 0.038158
7.017598 0.038199
7.019661 0.038239
7.021724 0.038279
7.023787 0.038319
7.025850 0.038359
7.027913 0.038398
7.029976 0.038438
7.032039 0.038477
7.034102 0.038516
7.068026 0.039142
7.133582 0.040243
7.198909 0.041194
7.264235 0.041994
7.329562 0.042637
7.394889 0.043121
7.460445 0.043444
7.525772 0.043601
7.591098 0.043594
7.656425 0.043422
7.721752 0.043086
7.787079 0.042589
7.852061 0.041936
7.917961 0.041116
7.957616 0.040549
7.965638 0.040427
7.967930 0.040392
7.969993 0.040360
7.972056 0.040329
7.974120 0.040296
7.976182 0.040264
7.978245 0.040232
7.980308 0.040199
7.982371 0.040167
7.984434 0.040134
7.986497 0.040101
7.988560 0.040068
7.990623 0.040035
7.992686 0.040001
7.994749 0.039968
7.996812 0.039934
7.998875 0.039900
8.000938 0.039816
8.003000 0.035311
8.005064 0.028809
8.007127 0.022754
8.009189 0.020409
8.011253 0.023459
8.013315 0.029573
8.015379 0.035768
8.017441 0.039590
8.019504 0.039555
8.021567 0.039519
8.023630 0.039484
8.025693 0.039448
8.027756 0.039412
8.029819 0.039376
8.031882 0.039340
8.033945 0.039304
8.035320 0.039280
8.068327 0.038680
8.133883 0.037386
8.199210 0.035967
8.264537 0.034428
8.329864 0.032780
8.395190 0.031032
8.460746 0.029190
8.526073 0.027282
8.591400 0.025314
8.656727 0.023302
8.722054 0.021262
8.787380 0.019210
8.852707 0.017165
8.918263 0.015137
8.957918 0.013930
8.965940 0.013688
8.968233 0.013619
8.970295 0.013557
8.972358 0.013495
8.974422 0.013433
8.976484 0.013371
8.978547 0.013309
8.980610 0.013247
8.982673 0.013186
8.984736 0.013124
8.986799 0.013063
8.988862 0.013001
8.990925 0.012940
8.992988 0.012878
8.995051 0.012817
8.997114 0.012756
8.999177 0.012695
9.001240 0.012634
9.003303 0.012573
9.005366 0.012512
9.007428 0.012451
9.009492 0.012390
9.011554 0.012329
9.013617 0.012268
9.015681 0.012208
9.017743 0.012147
9.019806 0.009829
9.021869 0.005492
9.023932 0.003877
9.025995 0.005672
9.028058 0.009963
9.030121 0.011785
9.032184 0.011725
9.034247 0.011665
9.068171 0.010690
9.133727 0.008873
9.199054 0.007166
9.264381 0.005579
9.329708 0.004129
9.395034 0.002880
9.460590 0.001882
9.525917 0.001123
9.591244 0.000580
9.656571 0.000229
9.721898 0.000045
9.787225 0.000000
9.851558 0.000000
9.918108 0.000000
9.957762 0.000000
9.965785 0.000000
9.968077 0.000000
9.970140 0.000000
9.972203 0.000000
9.974266 0.000000
9.976329 0.000000
9.978392 0.000000
9.980455 0.000000
9.982518 0.000000
9.984581 0.000000
9.986643 0.000000
9.988706 0.000000
9.990769 0.000000
9.992832 0.000000
9.994895 0.000000
9.996958 0.000000
9.999021 0.000000
10.001084 0.000000
10.003147 0.000000
10.005210 0.000000
10.007273 0.000000
10.009336 0.000000
10.011399 0.000000
10.013462 0.000000
10.015525 0.000000
10.017588 0.000000
10.019651 0.000000
10.021714 0.000000
10.023777 0.000000
10.025840 0.000000
10.027902 0.000000
10.029965 0.000000
10.032028 0.000000
10.034091 0.000000
10.068016 0.000000
10.133572 0.000000
10.198898 0.000000
10.264225 0.000000
10.329552 0.000000
10.394879 0.000000
10.460435 0.000000
10.525762 0.000000
10.591089 0.000000
10.656416 0.000000
10.721743 0.000000
10.787070 0.000000
10.852397 0.000000
10.917953 0.000000
10.957607 0.000000
10.965630 0.000000
10.967922 0.000000
10.969985 0.000000
10.972048 0.000000
10.974111 0.000000
10.976174 0.000000
10.978237 0.000000
10.980300 0.000000
10.982363 0.000000
10.984426 0.000000
10.986488 0.000000
10.988552 0.000000
10.990614 0.000000
10.992678 0.000000
10.994740 0.000000
10.996803 0.000000
10.998867 0.000000
11.000929 0.000000
11.002992 0.000000
11.005055 0.000000
11.007118 0.000000
11.009181 0.000000
11.011244 0.000000
11.013307 0.000000
11.015370 0.000000
11.017433 0.000000
11.019496 0.000000
11.021559 0.000000
11.023622 0.000000
11.025685 0.000000
11.027748 0.000000
11.029811 0.000000
11.031873 0.000000
11.033937 0.000000
11.035312 0.000000
11.068319 0.000000
11.133875 0.000000
11.199202 0.000000
11.264529 0.000000
11.329856 0.000000
11.395183 0.000000
11.460739 0.000000
11.526066 0.000000
11.591393 0.000000
11.656720 0.000000
11.722047 0.000000
11.787374 0.000000
11.851058 0.000000
11.918257 0.000000
11.957912 0.000000
11.965934 0.000000
11.968226 0.000000
11.970289 0.000000
11.972352 0.000000
11.974415 0.000000
11.976478 0.000000
11.978541 0.000000
11.980604 0.000000
11.982667 0.000000
11.984730 0.000000
11.986793 0.000000
11.988856 0.000000
11.990919 0.000000
11.992982 0.000000
11.995045 0.000000
11.997108 0.000000
11.999171 0.000000
12.001234 0.000000
12.003297 0.000000
12.005360 0.000000
12.007423 0.000000
12.009486 0.000000
12.011548 0.000000
12.013612 0.000000
12.015674 0.000000
12.017737 0.000000
12.019801 0.000000
12.021863 0.000000
12.023926 0.000000
12.025989 0.000000
12.028052 0.000000
12.030115 0.000000
12.032178 0.000000
12.034241 0.000000
12.068165 0.000000
12.133721 0.000000
12.199048 0.000000
12.264375 0.000000
12.329702 0.000000
12.395029 0.000000
12.460586 0.000000
12.525913 0.000000
12.591240 0.000000
12.656567 0.000000
12.721894 0.000000
12.787221 0.000000
12.852548 0.000000
12.918104 0.000000
12.957759 0.000000
12.965781 0.000000
12.968073 0.000000
12.970136 0.000000
12.972199 0.000000
12.974262 0.000000
12.976325 0.000000
12.978388 0.000000
12.980451 0.000000
12.982514 0.000000
12.984577 0.000000
12.986640 0.000000
12.988703 0.000000
12.990766 0.000000
12.992829 0.000000
12.994891 0.000000
12.996955 0.000000
12.999017 0.000000
13.001081 0.000000
13.003143 0.000000
13.005207 0.000000
13.007269 0.000000
13.009332 0.000000
13.011395 0.000000
13.013458 0.000000
13.015522 0.000000
13.017584 0.000000
13.019647 0.000000
13.021710 0.000000
13.023773 0.000000
13.025836 0.000000
13.027899 0.000000
13.029962 0.000000
13.032025 0.000000
13.034088 0.000000
13.068012 0.000000
13.133568 0.000000
13.198895 0.000000
13.264222 0.000000
13.329550 0.000000
13.394877 0.000055
13.460433 0.000254
13.525760 0.000621
13.591087 0.001182
13.656414 0.001961
13.721741 0.002978
13.787068 0.004249
13.850065 0.005657
13.917951 0.007315
13.957606 0.008345
13.965629 0.008558
13.967921 0.008619
13.969984 0.008628
13.972047 0.005991
13.974110 0.003071
13.976173 0.002949
13.978236 0.005487
13.980299 0.008786
13.982361 0.009008
13.984425 0.009064
13.986487 0.009120
13.988550 0.009176
13.990614 0.009232
13.992676 0.009288
13.994739 0.009345
13.996802 0.009401
13.998865 0.009458
14.000928 0.009515
14.002991 0.009572
14.005054 0.009629
14.007117 0.009686
14.009180 0.009743
14.011243 0.009800
14.013306 0.009857
14.015369 0.009915
14.017432 0.009972
14.019495 0.010030
14.021558 0.010087
14.023621 0.010145
14.025684 0.010203
14.027747 0.010261
14.029810 0.010319
14.031873 0.010377
14.033936 0.010435
14.035311 0.010474
14.068318 0.011418
14.133875 0.013348
14.199202 0.015332
14.264455 0.017354
14.329856 0.019403
14.395183 0.021454
14.460739 0.023499
14.526066 0.025508
14.591394 0.027470
14.656721 0.029372
14.722048 0.031199
14.787375 0.032939
14.852702 0.034578
14.918258 0.036111
14.957913 0.036980
14.965936 0.037150
14.968228 0.037198
14.970291 0.037241
14.972354 0.037284
14.974417 0.037328
14.976480 0.037370
14.978543 0.037413
14.980606 0.037456
14.982668 0.033664
14.984732 0.027591
14.986795 0.021586
14.988858 0.018597
14.990920 0.021782
14.992983 0.027961
14.995047 0.034259
14.997109 0.037793
14.999173 0.037834
15.001235 0.037875
15.003298 0.037917
15.005361 0.037958
15.007424 0.037999
15.009487 0.038040
15.011550 0.038080
15.013613 0.038121
15.015676 0.038161
15.017739 0.038202
15.019802 0.038242
15.021865 0.038282
15.023928 0.038322
15.025991 0.038361
15.028054 0.038401
15.030117 0.038441
15.032180 0.038480
15.034243 0.038519
15.068167 0.039144
15.133723 0.040245
15.199050 0.041196
15.264378 0.041995
15.329705 0.042638
15.395032 0.043122
15.460588 0.043444
15.525916 0.043601
15.591243 0.043594
15.656570 0.043421
15.721897 0.043085
15.787224 0.042587
15.852551 0.041930
15.920591 0.041080
15.957763 0.040547
15.965785 0.040425
15.968077 0.040390
15.970140 0.040358
15.972203 0.040326
15.974266 0.040294
15.976329 0.040262
15.978392 0.040230
15.980455 0.040197
15.982518 0.040164
15.984581 0.040132
15.986644 0.040099
15.988707 0.040066
15.990770 0.040032
15.992833 0.039999
15.994896 0.039965
15.996959 0.039932
15.999022 0.039898
16.001085 0.039672
16.003148 0.034876
16.005211 0.028337
16.007274 0.022400
16.009337 0.020426
16.011400 0.023848
16.013463 0.030036
16.015526 0.036160
16.017588 0.039587
16.019652 0.039552
16.021714 0.039517
16.023778 0.039481
16.025840 0.039446
16.027904 0.039410
16.029966 0.039374
16.032029 0.039338
16.034092 0.039301
16.068017 0.038686
16.133573 0.037392
16.198900 0.035974
16.264227 0.034436
16.329555 0.032788
16.394882 0.031040
16.460438 0.029199
16.525765 0.027291
16.591093 0.025323
16.656420 0.023311
16.721747 0.021271
16.787074 0.019220
16.852402 0.017174
16.917958 0.015146
16.957613 0.013939
16.965636 0.013697
16.967928 0.013628
16.969991 0.013566
16.972054 0.013504
16.974117 0.013442
16.976180 0.013380
16.978243 0.013318
16.980305 0.013257
16.982368 0.013195
16.984431 0.013133
16.986494 0.013072
16.988557 0.013010
16.990620 0.012949
16.992683 0.012887
16.994746 0.012826
16.996809 0.012765
16.998872 0.012704
17.000935 0.012643
17.002998 0.012582
17.005061 0.012521
17.007124 0.012460
17.009187 0.012399
17.011250 0.012338
17.013313 0.012277
17.015376 0.012217
17.017439 0.012156
17.019502 0.010409
17.021565 0.006127
17.023628 0.003896
17.025691 0.005077
17.027754 0.009428
17.029817 0.011794
17.031880 0.011734
17.033943 0.011674
17.035318 0.011634
17.068325 0.010686
17.133882 0.008869
17.199209 0.007162
17.264536 0.005575
17.329864 0.004126
17.395191 0.002877
17.460518 0.001883
17.525846 0.001124
17.591402 0.000579
17.656729 0.000229
17.722057 0.000045
17.787384 0.000000
17.852711 0.000000
17.919867 0.000000
17.957693 0.000000
17.965945 0.000000
17.968237 0.000000
17.970301 0.000000
17.972363 0.000000
17.974426 0.000000
17.976489 0.000000
17.978552 0.000000
17.980615 0.000000
17.982678 0.000000
17.984741 0.000000
17.986804 0.000000
17.988867 0.000000
17.990930 0.000000
17.992993 0.000000
17.995056 0.000000
17.997119 0.000000
17.999182 0.000000
18.001245 0.000000
18.003308 0.000000
18.005371 0.000000
18.007434 0.000000
18.009497 0.000000
18.011560 0.000000
18.013623 0.000000
18.015686 0.000000
18.017749 0.000000
18.019812 0.000000
18.021875 0.000000
18.023938 0.000000
18.026000 0.000000
18.028064 0.000000
18.030126 0.000000
18.032190 0.000000
18.034252 0.000000
18.068177 0.000000
18.133733 0.000000
18.199061 0.000000
18.264388 0.000000
18.329715 0.000000
18.395043 0.000000
18.460599 0.000000
18.525927 0.000000
18.591254 0.000000
18.656581 0.000000
18.721909 0.000000
18.787236 0.000000
18.852563 0.000000
18.917891 0.000000
18.957545 0.000000
18.965797 0.000000
18.968090 0.000000
18.970153 0.000000
18.972216 0.000000
18.974279 0.000000
18.976341 0.000000
18.978404 0.000000
18.980467 0.000000
18.982531 0.000000
18.984593 0.000000
18.986657 0.000000
18.988719 0.000000
18.990782 0.000000
18.992845 0.000000
18.994908 0.000000
18.996971 0.000000
18.999034 0.000000
19.001097 0.000000
19.003160 0.000000
19.005223 0.000000
19.007286 0.000000
19.009349 0.000000
19.011412 0.000000
19.013475 0.000000
19.015538 0.000000
19.017601 0.000000
19.019664 0.000000
19.021727 0.000000
19.023790 0.000000
19.025853 0.000000
19.027916 0.000000
19.029979 0.000000
19.032041 0.000000
19.034105 0.000000
19.068486 0.000000
19.133815 0.000000
19.199142 0.000000
19.264470 0.000000
19.329797 0.000000
19.395432 0.000000
19.460452 0.000000
19.526008 0.000000
19.591336 0.000000
19.656663 0.000000
19.721991 0.000000
19.787318 0.000000
19.852646 0.000000
19.919119 0.000000
19.957628 0.000000
19.965651 0.000000
19.967943 0.000000
19.970005 0.000000
19.972069 0.000000
19.974131 0.000000
19.976195 0.000000
19.978257 0.000000
19.980321 0.000000
19.982384 0.000000
19.984446 0.000000
19.986510 0.000000
19.988572 0.000000
19.990635 0.000000
19.992698 0.000000
19.994762 0.000000
19.996824 0.000000
19.998887 0.000000
20.000950 0.000000
20.003014 0.000000
20.005076 0.000000
20.007139 0.000000
20.009202 0.000000
20.011265 0.000000
20.013328 0.000000
20.015391 0.000000
20.017454 0.000000
20.019517 0.000000
20.021580 0.000000
20.023643 0.000000
20.025706 0.000000
20.027769 0.000000
20.029832 0.000000
20.031895 0.000000
20.033958 0.000000
20.035333 0.000000
20.068341 0.000000
20.133897 0.000000
20.199225 0.000000
20.264552 0.000000
20.329880 0.000000
20.395207 0.000000
20.460535 0.000000
20.525862 0.000000
20.591419 0.000000
20.659253 0.000000
