-0.176691 0.000515
-0.111248 0.000191
-0.056924 0.000047
-0.034002 0.000016
-0.031710 0.000014
-0.029647 0.000012
-0.027584 0.000011
-0.025521 0.000009
-0.023458 0.000008
-0.021396 0.000006
-0.019332 0.000005
-0.017270 0.000004
-0.015206 0.000003
-0.013144 0.000002
-0.011081 0.000002
-0.009018 0.000001
-0.006955 0.000001
-0.004892 0.000000
-0.002829 0.000000
-0.000766 0.000000
0.001297 0.000000
0.003360 0.000000
0.005423 0.000000
0.007486 0.000000
0.009549 0.000000
0.011611 0.000000
0.013675 0.000000
0.015737 0.000000
0.017801 0.000000
0.019863 0.000000
0.021926 0.000000
0.023990 0.000000
0.026052 0.000000
0.028115 0.000000
0.030178 0.000000
0.032241 0.000000
0.034304 0.000000
0.068228 0.000000
0.133784 0.000000
0.199110 0.000000
0.264436 0.000000
0.329763 0.000000
0.395089 0.000000
0.460645 0.000000
0.525971 0.000000
0.591298 0.000000
0.656624 0.000000
0.721786 0.000000
0.787277 0.000000
0.852604 0.000000
0.918159 0.000000
0.957813 0.000000
0.965836 0.000000
0.968128 0.000000
0.970191 0.000000
0.972254 0.000000
0.974317 0.000000
0.976380 0.000000
0.978443 0.000000
0.980506 0.000000
0.982569 0.000000
0.984632 0.000000
0.986695 0.000000
0.988758 0.000000
0.990820 0.000000
0.992884 0.000000
0.994946 0.000000
0.997009 0.000000
0.999073 0.000000
1.001135 0.000000
1.003198 0.000000
1.005261 0.000000
1.007324 0.000000
1.009387 0.000000
1.011450 0.000000
1.013513 0.000000
1.015576 0.000000
1.017639 0.000000
1.019701 0.000000
1.021765 0.000000
1.023827 0.000000
1.025891 0.000000
1.027954 0.000000
1.030016 0.000000
1.032079 0.000000
1.034142 0.000000
1.068066 0.000000
1.133622 0.000000
1.198948 0.000000
1.264275 0.000000
1.329601 0.000000
1.394928 0.000000
1.460483 0.000000
1.525810 0.000000
1.591136 0.000000
1.656463 0.000000
1.721789 0.000000
1.787116 0.000000
1.854085 0.000000
1.917998 0.000000
1.957652 0.000000
1.965675 0.000000
1.967967 0.000000
1.970030 0.000000
1.972093 0.000000
1.974156 0.000000
1.976219 0.000000
1.978282 0.000000
1.980345 0.000000
1.982407 0.000000
1.984470 0.000000
1.986533 0.000000
1.988596 0.000000
1.990660 0.000000
1.992722 0.000000
1.994785 0.000000
1.996848 0.000000
1.998911 0.000000
2.000974 0.000000
2.003037 0.000000
2.005100 0.000000
2.007163 0.000000
2.009226 0.000000
2.011289 0.000000
2.013352 0.000000
2.015414 0.000000
2.017478 0.000000
2.019540 0.000000
2.021603 0.000000
2.023667 0.000000
2.025729 0.000000
2.027792 0.000000
2.029855 0.000000
2.031918 0.000000
2.033981 0.000000
2.035356 0.000000
2.068364 0.000000
2.133919 0.000000
2.199246 0.000000
2.264572 0.000000
2.329899 0.000000
2.395225 0.000000
2.460781 0.000000
2.526107 0.000000
2.591434 0.000000
2.656760 0.000000
2.722087 0.000000
2.787414 0.000000
2.852740 0.000000
2.918296 0.000000
2.957950 0.000000
2.965973 0.000000
2.968265 0.000000
2.970328 0.000000
2.972391 0.000000
2.974454 0.000000
2.976517 0.000000
2.978579 0.000000
2.980643 0.000000
2.982705 0.000000
2.984768 0.000000
2.986832 0.000000
2.988894 0.000000
2.990957 0.000000
2.993020 0.000000
2.995083 0.000000
2.997146 0.000000
2.999209 0.000000
3.001272 0.000000
3.003335 0.000000
3.005398 0.000000
3.007461 0.000000
3.009524 0.000000
3.011586 0.000000
3.013650 0.000000
3.015713 0.000000
3.017775 0.000000
3.019839 0.000000
3.021901 0.000000
3.023964 0.000000
3.026027 0.000000
3.028090 0.000000
3.030153 0.000000
3.032216 0.000000
3.034279 0.000000
3.068203 0.000000
3.133759 0.000000
3.199085 0.000000
3.264412 0.000000
3.329738 0.000000
3.395065 0.000000
3.460621 0.000000
3.525947 0.000000
3.591274 0.000018
3.656600 0.000156
3.721927 0.000452
3.787253 0.000934
3.853573 0.001635
3.918136 0.002546
3.957790 0.003225
3.965813 0.003374
3.968105 0.003417
3.970168 0.003092
3.972231 0.001373
3.974294 0.001058
3.976357 0.001546
3.978420 0.003503
3.980483 0.003657
3.982546 0.003697
3.984608 0.003738
3.986671 0.003780
3.988734 0.003821
3.990798 0.003863
3.992860 0.003905
3.994923 0.003948
3.996986 0.003990
3.999049 0.004033
4.001112 0.004076
4.003175 0.004120
4.005238 0.004163
4.007301 0.004207
4.009364 0.004251
4.011427 0.004295
4.013490 0.004339
4.015553 0.004383
4.017616 0.004427
4.019678 0.004472
4.021741 0.004517
4.023805 0.004561
4.025867 0.004606
4.027930 0.004652
4.029993 0.004697
4.032056 0.004742
4.034119 0.004788
4.068043 0.005558
4.133599 0.007149
4.198925 0.008855
4.264252 0.010664
4.329579 0.012559
4.394905 0.014521
4.460461 0.016538
4.525788 0.018577
4.591114 0.020629
4.656441 0.022674
4.721767 0.024697
4.787094 0.026680
4.852421 0.028608
4.917977 0.030474
4.957631 0.031563
4.965654 0.031779
4.967946 0.031841
4.970009 0.031896
4.972072 0.031951
4.974134 0.032006
4.976197 0.032061
4.978260 0.030432
4.980323 0.025212
4.982387 0.019235
4.984449 0.014508
4.986512 0.017170
4.988575 0.023050
4.990638 0.029105
4.992701 0.032498
4.994764 0.032552
4.996827 0.032606
4.998890 0.032660
5.000953 0.032714
5.003016 0.032768
5.005079 0.032821
5.007142 0.032875
5.009205 0.032928
5.011268 0.032982
5.013330 0.033035
5.015394 0.033088
5.017456 0.033141
5.019519 0.033194
5.021582 0.033247
5.023645 0.033300
5.025708 0.033353
5.027771 0.033405
5.029834 0.033458
5.031897 0.033510
5.033960 0.033562
5.035335 0.033597
5.068342 0.034417
5.133898 0.035962
5.199225 0.037381
5.264551 0.038672
5.329878 0.039825
5.395205 0.040835
5.460761 0.041698
5.526087 0.042403
5.591414 0.042950
5.656740 0.043336
5.722067 0.043558
5.787394 0.043616
5.853064 0.043509
5.918276 0.043238
5.957931 0.042994
5.965953 0.042937
5.968245 0.042920
5.970308 0.042905
5.972371 0.042890
5.974435 0.042874
5.976497 0.042859
5.978561 0.042843
5.980623 0.042827
5.982686 0.042811
5.984749 0.042795
5.986812 0.042778
5.988875 0.042762
5.990938 0.042745
5.993001 0.042728
5.995064 0.042711
5.997127 0.041201
5.999190 0.035364
6.001253 0.028698
6.003316 0.023450
6.005379 0.022922
6.007441 0.027179
6.009504 0.033640
6.011567 0.039789
6.013630 0.042550
6.015693 0.042531
6.017756 0.042513
6.019819 0.042494
6.021882 0.042475
6.023945 0.042455
6.026008 0.042436
6.028071 0.042416
6.030134 0.042396
6.032197 0.042377
6.034260 0.042356
6.068184 0.042004
6.133740 0.041203
6.199066 0.040254
6.264393 0.039158
6.329720 0.037923
6.395046 0.036555
6.460602 0.035058
6.525929 0.033452
6.591256 0.031743
6.656582 0.029941
6.721909 0.028061
6.787236 0.026115
6.852562 0.024119
6.918118 0.022081
6.957773 0.020838
6.965795 0.020586
6.968088 0.020514
6.970150 0.020449
6.972214 0.020385
6.974277 0.020320
6.976339 0.020255
6.978402 0.020190
6.980465 0.020125
6.982528 0.020061
6.984591 0.019996
6.986654 0.019931
6.988717 0.019866
6.990780 0.019801
6.992843 0.019737
6.994906 0.019672
6.996969 0.019607
6.999032 0.019542
7.001095 0.019477
7.003158 0.019413
7.005221 0.019348
7.007284 0.019283
7.009347 0.019218
7.011410 0.019153
7.013472 0.019089
7.015535 0.018775
7.017598 0.014630
7.019661 0.009431
7.021724 0.006654
7.023787 0.010020
7.025850 0.015080
7.027913 0.018477
7.029976 0.018571
7.032039 0.018506
7.034102 0.018441
7.068026 0.017380
7.133582 0.015349
7.198909 0.013365
7.264235 0.011440
7.329562 0.009593
7.394889 0.007842
7.460445 0.006199
7.525772 0.004692
7.591098 0.003349
7.656425 0.002254
7.721752 0.001402
7.787079 0.000775
7.852061 0.000351
7.917961 0.000101
7.957616 0.000026
7.965638 0.000017
7.967930 0.000014
7.969993 0.000013
7.972056 0.000011
7.974120 0.000009
7.976182 0.000008
7.978245 0.000007
7.980308 0.000005
7.982371 0.000004
7.984434 0.000003
7.986497 0.000003
7.988560 0.000002
7.990623 0.000001
7.992686 0.000001
7.994749 0.000000
7.996812 0.000000
7.998875 0.000000
8.000938 0.000000
8.003000 0.000000
8.005064 0.000000
8.007127 0.000000
8.009189 0.000000
8.011253 0.000000
8.013315 0.000000
8.015379 0.000000
8.017441 0.000000
8.019504 0.000000
8.021567 0.000000
8.023630 0.000000
8.025693 0.000000
8.027756 0.000000
8.029819 0.000000
8.031882 0.000000
8.033945 0.000000
8.035320 0.000000
8.068327 0.000000
8.133883 0.000000
8.199210 0.000000
8.264537 0.000000
8.329864 0.000000
8.395190 0.000000
8.460746 0.000000
8.526073 0.000000
8.591400 0.000000
8.656727 0.000000
8.722054 0.000000
8.787380 0.000000
8.852707 0.000000
8.918263 0.000000
8.957918 0.000000
8.965940 0.000000
8.968233 0.000000
8.970295 0.000000
8.972358 0.000000
8.974422 0.000000
8.976484 0.000000
8.978547 0.000000
8.980610 0.000000
8.982673 0.000000
8.984736 0.000000
8.986799 0.000000
8.988862 0.000000
8.990925 0.000000
8.992988 0.000000
8.995051 0.000000
8.997114 0.000000
8.999177 0.000000
9.001240 0.000000
9.003303 0.000000
9.005366 0.000000
9.007428 0.000000
9.009492 0.000000
9.011554 0.000000
9.013617 0.000000
9.015681 0.000000
9.017743 0.000000
9.019806 0.000000
9.021869 0.000000
9.023932 0.000000
9.025995 0.000000
9.028058 0.000000
9.030121 0.000000
9.032184 0.000000
9.034247 0.000000
9.068171 0.000000
9.133727 0.000000
9.199054 0.000000
9.264381 0.000000
9.329708 0.000000
9.395034 0.000000
9.460590 0.000000
9.525917 0.000000
9.591244 0.000000
9.656571 0.000000
9.721898 0.000000
9.787225 0.000000
9.851558 0.000000
9.918108 0.000000
9.957762 0.000000
9.965785 0.000000
9.968077 0.000000
9.970140 0.000000
9.972203 0.000000
9.974266 0.000000
9.976329 0.000000
9.978392 0.000000
9.980455 0.000000
9.982518 0.000000
9.984581 0.000000
9.986643 0.000000
9.988706 0.000000
9.990769 0.000000
9.992832 0.000000
9.994895 0.000000
9.996958 0.000000
9.999021 0.000000
10.001084 0.000000
10.003147 0.000000
10.005210 0.000000
10.007273 0.000000
10.009336 0.000000
10.011399 0.000000
10.013462 0.000000
10.015525 0.000000
10.017588 0.000000
10.019651 0.000000
10.021714 0.000000
10.023777 0.000000
10.025840 0.000000
10.027902 0.000000
10.029965 0.000000
10.032028 0.000000
10.034091 0.000000
10.068016 0.000000
10.133572 0.000000
10.198898 0.000000
10.264225 0.000000
10.329552 0.000000
10.394879 0.000000
10.460435 0.000000
10.525762 0.000000
10.591089 0.000000
10.656416 0.000000
10.721743 0.000000
10.787070 0.000000
10.852397 0.000000
10.917953 0.000000
10.957607 0.000000
10.965630 0.000000
10.967922 0.000000
10.969985 0.000000
10.972048 0.000000
10.974111 0.000000
10.976174 0.000000
10.978237 0.000000
10.980300 0.000000
10.982363 0.000000
10.984426 0.000000
10.986488 0.000000
10.988552 0.000000
10.990614 0.000000
10.992678 0.000000
10.994740 0.000000
10.996803 0.000000
10.998867 0.000000
11.000929 0.000000
11.002992 0.000000
11.005055 0.000000
11.007118 0.000000
11.009181 0.000000
11.011244 0.000000
11.013307 0.000000
11.015370 0.000000
11.017433 0.000000
11.019496 0.000000
11.021559 0.000000
11.023622 0.000000
11.025685 0.000000
11.027748 0.000000
11.029811 0.000000
11.031873 0.000000
11.033937 0.000000
11.035312 0.000000
11.068319 0.000000
11.133875 0.000000
11.199202 0.000000
11.264529 0.000000
11.329856 0.000000
11.395183 0.000000
11.460739 0.000000
11.526066 0.000000
11.591393 0.000018
11.656720 0.000156
11.722047 0.000453
11.787374 0.000935
11.851058 0.001605
11.918257 0.002548
11.957912 0.003228
11.965934 0.003376
11.968226 0.003420
11.970289 0.002979
11.972352 0.001330
11.974415 0.001064
11.976478 0.001609
11.978541 0.003578
11.980604 0.003659
11.982667 0.003700
11.984730 0.003741
11.986793 0.003782
11.988856 0.003824
11.990919 0.003866
11.992982 0.003908
11.995045 0.003950
11.997108 0.003993
11.999171 0.004036
12.001234 0.004079
12.003297 0.004122
12.005360 0.004166
12.007423 0.004209
12.009486 0.004253
12.011548 0.004297
12.013612 0.004341
12.015674 0.004386
12.017737 0.004430
12.019801 0.004475
12.021863 0.004519
12.023926 0.004564
12.025989 0.004609
12.028052 0.004654
12.030115 0.004699
12.032178 0.004745
12.034241 0.004791
12.068165 0.005561
12.133721 0.007152
12.199048 0.008858
12.264375 0.010668
12.329702 0.012563
12.395029 0.014524
12.460586 0.016541
12.525913 0.018581
12.591240 0.020633
12.656567 0.022678
12.721894 0.024701
12.787221 0.026684
12.852548 0.028612
12.918104 0.030477
12.957759 0.031566
12.965781 0.031782
12.968073 0.031844
12.970136 0.031899
12.972199 0.031954
12.974262 0.032010
12.976325 0.032065
12.978388 0.030170
12.980451 0.024845
12.982514 0.018881
12.984577 0.014342
12.986640 0.017490
12.988703 0.023440
12.990766 0.029438
12.992829 0.032501
12.994891 0.032555
12.996955 0.032609
12.999017 0.032663
13.001081 0.032717
13.003143 0.032771
13.005207 0.032825
13.007269 0.032878
13.009332 0.032932
13.011395 0.032985
13.013458 0.033038
13.015522 0.033092
13.017584 0.033145
13.019647 0.033198
13.021710 0.033250
13.023773 0.033303
13.025836 0.033356
13.027899 0.033408
13.029962 0.033461
13.032025 0.033513
13.034088 0.033565
13.068012 0.034409
13.133568 0.035955
13.198895 0.037374
13.264222 0.038665
13.329550 0.039819
13.394877 0.040830
13.460433 0.041694
13.525760 0.042400
13.591087 0.042948
13.656414 0.043334
13.721741 0.043558
13.787068 0.043617
13.850065 0.043517
13.917951 0.043240
13.957606 0.042996
13.965629 0.042939
13.967921 0.042923
13.969984 0.042908
13.972047 0.042892
13.974110 0.042877
13.976173 0.042861
13.978236 0.042845
13.980299 0.042830
13.982361 0.042813
13.984425 0.042797
13.986487 0.042781
13.988550 0.042764
13.990614 0.042748
13.992676 0.042731
13.994739 0.042714
13.996802 0.041861
13.998865 0.036393
14.000928 0.029715
14.002991 0.024053
14.005054 0.022902
14.007117 0.026270
14.009180 0.032594
14.011243 0.038929
14.013306 0.042553
14.015369 0.042534
14.017432 0.042516
14.019495 0.042497
14.021558 0.042478
14.023621 0.042458
14.025684 0.042439
14.027747 0.042419
14.029810 0.042400
14.031873 0.042380
14.033936 0.042360
14.035311 0.042346
14.068318 0.042002
14.133875 0.041202
14.199202 0.040252
14.264455 0.039157
14.329856 0.037920
14.395183 0.036552
14.460739 0.035055
14.526066 0.033449
14.591394 0.031739
14.656721 0.029937
14.722048 0.028057
14.787375 0.026111
14.852702 0.024115
14.918258 0.022076
14.957913 0.020834
14.965936 0.020582
14.968228 0.020510
14.970291 0.020445
14.972354 0.020380
14.974417 0.020315
14.976480 0.020251
14.978543 0.020186
14.980606 0.020121
14.982668 0.020056
14.984732 0.019991
14.986795 0.019927
14.988858 0.019862
14.990920 0.019797
14.992983 0.019732
14.995047 0.019667
14.997109 0.019603
14.999173 0.019538
15.001235 0.019473
15.003298 0.019408
15.005361 0.019343
15.007424 0.019279
15.009487 0.019214
15.011550 0.019149
15.013613 0.019084
15.015676 0.018598
15.017739 0.014280
15.019802 0.009094
15.021865 0.006683
15.023928 0.010384
15.025991 0.015386
15.028054 0.018574
15.030117 0.018566
15.032180 0.018502
15.034243 0.018437
15.068167 0.017376
15.133723 0.015344
15.199050 0.013361
15.264378 0.011436
15.329705 0.009589
15.395032 0.007838
15.460588 0.006195
15.525916 0.004689
15.591243 0.003346
15.656570 0.002252
15.721897 0.001401
15.787224 0.000774
15.852551 0.000349
15.920591 0.000094
15.957763 0.000025
15.965785 0.000017
15.968077 0.000014
15.970140 0.000013
15.972203 0.000011
15.974266 0.000009
15.976329 0.000008
15.978392 0.000006
15.980455 0.000005
15.982518 0.000004
15.984581 0.000003
15.986644 0.000002
15.988707 0.000002
15.990770 0.000001
15.992833 0.000001
15.994896 0.000000
15.996959 0.000000
15.999022 0.000000
16.001085 0.000000
16.003148 0.000000
16.005211 0.000000
16.007274 0.000000
16.009337 0.000000
16.011400 0.000000
16.013463 0.000000
16.015526 0.000000
16.017588 0.000000
16.019652 0.000000
16.021714 0.000000
16.023778 0.000000
16.025840 0.000000
16.027904 0.000000
16.029966 0.000000
16.032029 0.000000
16.034092 0.000000
16.068017 0.000000
16.133573 0.000000
16.198900 0.000000
16.264227 0.000000
16.329555 0.000000
16.394882 0.000000
16.460438 0.000000
16.525765 0.000000
16.591093 0.000000
16.656420 0.000000
16.721747 0.000000
16.787074 0.000000
16.852402 0.000000
16.917958 0.000000
16.957613 0.000000
16.965636 0.000000
16.967928 0.000000
16.969991 0.000000
16.972054 0.000000
16.974117 0.000000
16.976180 0.000000
16.978243 0.000000
16.980305 0.000000
16.982368 0.000000
16.984431 0.000000
16.986494 0.000000
16.988557 0.000000
16.990620 0.000000
16.992683 0.000000
16.994746 0.000000
16.996809 0.000000
16.998872 0.000000
17.000935 0.000000
17.002998 0.000000
17.005061 0.000000
17.007124 0.000000
17.009187 0.000000
17.011250 0.000000
17.013313 0.000000
17.015376 0.000000
17.017439 0.000000
17.019502 0.000000
17.021565 0.000000
17.023628 0.000000
17.025691 0.000000
17.027754 0.000000
17.029817 0.000000
17.031880 0.000000
17.033943 0.000000
17.035318 0.000000
17.068325 0.000000
17.133882 0.000000
17.199209 0.000000
17.264536 0.000000
17.329864 0.000000
17.395191 0.000000
17.460518 0.000000
17.525846 0.000000
17.591402 0.000000
17.656729 0.000000
17.722057 0.000000
17.787384 0.000000
17.852711 0.000000
17.919867 0.000000
17.957693 0.000000
17.965945 0.000000
17.968237 0.000000
17.970301 0.000000
17.972363 0.000000
17.974426 0.000000
17.976489 0.000000
17.978552 0.000000
17.980615 0.000000
17.982678 0.000000
17.984741 0.000000
17.986804 0.000000
17.988867 0.000000
17.990930 0.000000
17.992993 0.000000
17.995056 0.000000
17.997119 0.000000
17.999182 0.000000
18.001245 0.000000
18.003308 0.000000
18.005371 0.000000
18.007434 0.000000
18.009497 0.000000
18.011560 0.000000
18.013623 0.000000
18.015686 0.000000
18.017749 0.000000
18.019812 0.000000
18.021875 0.000000
18.023938 0.000000
18.026000 0.000000
18.028064 0.000000
18.030126 0.000000
18.032190 0.000000
18.034252 0.000000
18.068177 0.000000
18.133733 0.000000
18.199061 0.000000
18.264388 0.000000
18.329715 0.000000
18.395043 0.000000
18.460599 0.000000
18.525927 0.000000
18.591254 0.000000
18.656581 0.000000
18.721909 0.000000
18.787236 0.000000
18.852563 0.000000
18.917891 0.000000
18.957545 0.000000
18.965797 0.000000
18.968090 0.000000
18.970153 0.000000
18.972216 0.000000
18.974279 0.000000
18.976341 0.000000
18.978404 0.000000
18.980467 0.000000
18.982531 0.000000
18.984593 0.000000
18.986657 0.000000
18.988719 0.000000
18.990782 0.000000
18.992845 0.000000
18.994908 0.000000
18.996971 0.000000
18.999034 0.000000
19.001097 0.000000
19.003160 0.000000
19.005223 0.000000
19.007286 0.000000
19.009349 0.000000
19.011412 0.000000
19.013475 0.000000
19.015538 0.000000
19.017601 0.000000
19.019664 0.000000
19.021727 0.000000
19.023790 0.000000
19.025853 0.000000
19.027916 0.000000
19.029979 0.000000
19.032041 0.000000
19.034105 0.000000
19.068486 0.000000
19.133815 0.000000
19.199142 0.000000
19.264470 0.000000
19.329797 0.000000
19.395432 0.000000
19.460452 0.000000
19.526008 0.000000
19.591336 0.000018
19.656663 0.000156
19.721991 0.000453
19.787318 0.000934
19.852646 0.001624
19.919119 0.002562
19.957628 0.003222
19.965651 0.003371
19.967943 0.003414
19.970005 0.003223
19.972069 0.001436
19.974131 0.001055
19.976195 0.001470
19.978257 0.003374
19.980321 0.003653
19.982384 0.003694
19.984446 0.003735
19.986510 0.003777
19.988572 0.003818
19.990635 0.003860
19.992698 0.003902
19.994762 0.003944
19.996824 0.003987
19.998887 0.004030
20.000950 0.004073
20.003014 0.004116
20.005076 0.004160
20.007139 0.004203
20.009202 0.004247
20.011265 0.004291
20.013328 0.004335
20.015391 0.004379
20.017454 0.004424
20.019517 0.004468
20.021580 0.004513
20.023643 0.004558
20.025706 0.004603
20.027769 0.004648
20.029832 0.004693
20.031895 0.004739
20.033958 0.004784
20.035333 0.004815
20.068341 0.005565
20.133897 0.007156
20.199225 0.008863
20.264552 0.010673
20.329880 0.012568
20.395207 0.014530
20.460535 0.016540
20.525862 0.018580
20.591419 0.020638
20.659253 0.022762
