-0.176691 0.777118
-0.111248 0.777118
-0.056924 0.777118
-0.034002 0.777118
-0.031710 0.777118
-0.029647 0.777117
-0.027584 0.777115
-0.025521 0.777115
-0.023458 0.777115
-0.021396 0.777117
-0.019332 0.777118
-0.017270 0.777118
-0.015206 0.777117
-0.013144 0.777117
-0.011081 0.777117
-0.009018 0.777119
-0.006955 0.777119
-0.004892 0.777118
-0.002829 0.777119
-0.000766 0.777118
0.001297 0.777119
0.003360 0.777118
0.005423 0.777119
0.007486 0.777118
0.009549 0.777119
0.011611 0.777119
0.013675 0.777119
0.015737 0.777119
0.017801 0.777118
0.019863 0.777119
0.021926 0.777118
0.023990 0.777115
0.026052 0.777114
0.028115 0.777115
0.030178 0.777117
0.032241 0.777118
0.034304 0.777118
0.068228 0.777118
0.133784 0.777118
0.199110 0.777118
0.264436 0.777118
0.329763 0.777118
0.395089 0.777118
0.460645 0.777118
0.525971 0.777118
0.591298 0.777118
0.656624 0.777118
0.721786 0.777118
0.787277 0.777118
0.852604 0.777118
0.918159 0.777118
0.957813 0.777118
0.965836 0.777118
0.968128 0.777118
0.970191 0.777117
0.972254 0.777115
0.974317 0.777115
0.976380 0.777115
0.978443 0.777117
0.980506 0.777118
0.982569 0.777119
0.984632 0.777117
0.986695 0.777118
0.988758 0.777118
0.990820 0.777120
0.992884 0.777118
0.994946 0.777119
0.997009 0.777119
0.999073 0.777118
1.001135 0.777119
1.003198 0.777118
1.005261 0.777119
1.007324 0.777118
1.009387 0.777120
1.011450 0.777119
1.013513 0.777119
1.015576 0.777118
1.017639 0.777118
1.019701 0.777119
1.021765 0.777118
1.023827 0.777116
1.025891 0.777113
1.027954 0.777115
1.030016 0.777117
1.032079 0.777118
1.034142 0.777118
1.068066 0.777118
1.133622 0.777118
1.198948 0.777118
1.264275 0.777118
1.329601 0.777118
1.394928 0.777118
1.460483 0.777118
1.525810 0.777118
1.591136 0.777118
1.656463 0.777118
1.721789 0.777118
1.787116 0.777118
1.854085 0.777118
1.917998 0.777118
1.957652 0.777118
1.965675 0.777118
1.967967 0.777118
1.970030 0.777117
1.972093 0.777115
1.974156 0.777114
1.976219 0.777116
1.978282 0.777117
1.980345 0.777118
1.982407 0.777119
1.984470 0.777118
1.986533 0.777119
1.988596 0.777119
1.990660 0.777119
1.992722 0.777118
1.994785 0.777119
1.996848 0.777118
1.998911 0.777119
2.000974 0.777119
2.003037 0.777119
2.005100 0.777119
2.007163 0.777118
2.009226 0.777119
2.011289 0.777118
2.013352 0.777118
2.015414 0.777117
2.017478 0.777119
2.019540 0.777118
2.021603 0.777117
2.023667 0.777115
2.025729 0.777114
2.027792 0.777116
2.029855 0.777117
2.031918 0.777118
2.033981 0.777118
2.035356 0.777118
2.068364 0.777118
2.133919 0.777118
2.199246 0.777118
2.264572 0.777118
2.329899 0.777118
2.395225 0.777118
2.460781 0.777118
2.526107 0.777118
2.591434 0.777118
2.656760 0.777118
2.722087 0.777118
2.787414 0.777118
2.852740 0.777118
2.918296 0.777118
2.957950 0.777118
2.965973 0.777118
2.968265 0.777118
2.970328 0.777117
2.972391 0.777115
2.974454 0.777116
2.976517 0.777114
2.978579 0.777117
2.980643 0.777118
2.982705 0.777119
2.984768 0.777117
2.986832 0.777118
2.988894 0.777118
2.990957 0.777119
2.993020 0.777118
2.995083 0.777119
2.997146 0.777119
2.999209 0.777118
3.001272 0.777119
3.003335 0.777118
3.005398 0.777119
3.007461 0.777118
3.009524 0.777119
3.011586 0.777119
3.013650 0.777119
3.015713 0.777119
3.017775 0.777118
3.019839 0.777118
3.021901 0.777118
3.023964 0.777115
3.026027 0.777114
3.028090 0.777115
3.030153 0.777117
3.032216 0.777118
3.034279 0.777118
3.068203 0.777118
3.133759 0.777118
3.199085 0.777118
3.264412 0.777118
3.329738 0.777118
3.395065 0.777118
3.460621 0.777118
3.525947 0.777118
3.591274 0.777118
3.656600 0.777118
3.721927 0.777118
3.787253 0.777118
3.853573 0.777118
3.918136 0.777118
3.957790 0.777118
3.965813 0.777118
3.968105 0.777118
3.970168 0.777116
3.972231 0.777116
3.974294 0.777115
3.976357 0.777115
3.978420 0.777117
3.980483 0.777118
3.982546 0.777119
3.984608 0.777117
3.986671 0.777118
3.988734 0.777118
3.990798 0.777119
3.992860 0.777118
3.994923 0.777119
3.996986 0.777119
3.999049 0.777119
4.001112 0.777119
4.003175 0.777118
4.005238 0.777119
4.007301 0.777118
4.009364 0.777119
4.011427 0.777119
4.013490 0.777120
4.015553 0.777118
4.017616 0.777119
4.019678 0.777118
4.021741 0.777117
4.023805 0.777116
4.025867 0.777114
4.027930 0.777114
4.029993 0.777117
4.032056 0.777118
4.034119 0.777118
4.068043 0.777118
4.133599 0.777118
4.198925 0.777118
4.264252 0.777118
4.329579 0.777118
4.394905 0.777118
4.460461 0.777118
4.525788 0.777118
4.591114 0.777118
4.656441 0.777118
4.721767 0.777118
4.787094 0.777118
4.852421 0.777118
4.917977 0.777118
4.957631 0.777118
4.965654 0.777118
4.967946 0.777118
4.970009 0.777117
4.972072 0.777115
4.974134 0.777113
4.976197 0.777116
4.978260 0.777118
4.980323 0.777119
4.982387 0.777118
4.984449 0.777118
4.986512 0.777119
4.988575 0.777118
4.990638 0.777120
4.992701 0.777118
4.994764 0.777119
4.996827 0.777118
4.998890 0.777119
5.000953 0.777118
5.003016 0.777119
5.005079 0.777119
5.007142 0.777118
5.009205 0.777120
5.011268 0.777118
5.013330 0.777118
5.015394 0.777117
5.017456 0.777119
5.019519 0.777118
5.021582 0.777117
5.023645 0.777115
5.025708 0.777115
5.027771 0.777115
5.029834 0.777116
5.031897 0.777118
5.033960 0.777118
5.035335 0.777118
5.068342 0.777118
5.133898 0.777118
5.199225 0.777118
5.264551 0.777118
5.329878 0.777118
5.395205 0.777118
5.460761 0.777118
5.526087 0.777118
5.591414 0.777118
5.656740 0.777118
5.722067 0.777118
5.787394 0.777118
5.853064 0.777118
5.918276 0.777118
5.957931 0.777118
5.965953 0.777118
5.968245 0.777118
5.970308 0.777117
5.972371 0.777115
5.974435 0.777115
5.976497 0.777115
5.978561 0.777117
5.980623 0.777118
5.982686 0.777118
5.984749 0.777117
5.986812 0.777117
5.988875 0.777118
5.990938 0.777119
5.993001 0.777118
5.995064 0.777119
5.997127 0.777119
5.999190 0.777119
6.001253 0.777119
6.003316 0.777118
6.005379 0.777119
6.007441 0.777118
6.009504 0.777119
6.011567 0.777119
6.013630 0.777119
6.015693 0.777119
6.017756 0.777118
6.019819 0.777119
6.021882 0.777118
6.023945 0.777115
6.026008 0.777114
6.028071 0.777115
6.030134 0.777117
6.032197 0.777118
6.034260 0.777118
6.068184 0.777118
6.133740 0.777118
6.199066 0.777118
6.264393 0.777118
6.329720 0.777118
6.395046 0.777118
6.460602 0.777118
6.525929 0.777118
6.591256 0.777118
6.656582 0.777118
6.721909 0.777118
6.787236 0.777118
6.852562 0.777118
6.918118 0.777118
6.957773 0.777118
6.965795 0.777118
6.968088 0.777118
6.970150 0.777116
6.972214 0.777115
6.974277 0.777114
6.976339 0.777115
6.978402 0.777117
6.980465 0.777118
6.982528 0.777119
6.984591 0.777117
6.986654 0.777118
6.988717 0.777118
6.990780 0.777120
6.992843 0.777117
6.994906 0.777119
6.996969 0.777119
6.999032 0.777118
7.001095 0.777119
7.003158 0.777118
7.005221 0.777119
7.007284 0.777118
7.009347 0.777120
7.011410 0.777118
7.013472 0.777119
7.015535 0.777118
7.017598 0.777118
7.019661 0.777119
7.021724 0.777118
7.023787 0.777116
7.025850 0.777113
7.027913 0.777115
7.029976 0.777117
7.032039 0.777118
7.034102 0.777118
7.068026 0.777118
7.133582 0.777118
7.198909 0.777118
7.264235 0.777118
7.329562 0.777118
7.394889 0.777118
7.460445 0.777118
7.525772 0.777118
7.591098 0.777118
7.656425 0.777118
7.721752 0.777118
7.787079 0.777118
7.852061 0.777118
7.917961 0.777118
7.957616 0.777118
7.965638 0.777118
7.967930 0.777118
7.969993 0.777117
7.972056 0.777114
7.974120 0.777114
7.976182 0.777116
7.978245 0.777117
7.980308 0.777118
7.982371 0.777118
7.984434 0.777118
7.986497 0.777120
7.988560 0.777119
7.990623 0.777119
7.992686 0.777118
7.994749 0.777119
7.996812 0.777118
7.998875 0.777119
8.000938 0.777119
8.003000 0.777119
8.005064 0.777119
8.007127 0.777118
8.009189 0.777119
8.011253 0.777118
8.013315 0.777118
8.015379 0.777117
8.017441 0.777119
8.019504 0.777118
8.021567 0.777117
8.023630 0.777115
8.025693 0.777115
8.027756 0.777116
8.029819 0.777116
8.031882 0.777118
8.033945 0.777118
8.035320 0.777118
8.068327 0.777118
8.133883 0.777118
8.199210 0.777118
8.264537 0.777118
8.329864 0.777118
8.395190 0.777118
8.460746 0.777118
8.526073 0.777118
8.591400 0.777118
8.656727 0.777118
8.722054 0.777118
8.787380 0.777118
8.852707 0.777118
8.918263 0.777118
8.957918 0.777118
8.965940 0.777118
8.968233 0.777118
8.970295 0.777117
8.972358 0.777115
8.974422 0.777116
8.976484 0.777114
8.978547 0.777117
8.980610 0.777117
8.982673 0.777119
8.984736 0.777117
8.986799 0.777118
8.988862 0.777118
8.990925 0.777119
8.992988 0.777118
8.995051 0.777119
8.997114 0.777119
8.999177 0.777118
9.001240 0.777119
9.003303 0.777118
9.005366 0.777119
9.007428 0.777118
9.009492 0.777119
9.011554 0.777119
9.013617 0.777119
9.015681 0.777119
9.017743 0.777118
9.019806 0.777119
9.021869 0.777118
9.023932 0.777115
9.025995 0.777114
9.028058 0.777115
9.030121 0.777117
9.032184 0.777118
9.034247 0.777118
9.068171 0.777118
9.133727 0.777118
9.199054 0.777118
9.264381 0.777118
9.329708 0.777118
9.395034 0.777118
9.460590 0.777118
9.525917 0.777118
9.591244 0.777118
9.656571 0.777118
9.721898 0.777118
9.787225 0.777118
9.851558 0.777118
9.918108 0.777118
9.957762 0.777118
9.965785 0.777118
9.968077 0.777118
9.970140 0.777117
9.972203 0.777116
9.974266 0.777114
9.976329 0.777115
9.978392 0.777117
9.980455 0.777118
9.982518 0.777119
9.984581 0.777117
9.986643 0.777118
9.988706 0.777118
9.990769 0.777119
9.992832 0.777118
9.994895 0.777119
9.996958 0.777119
9.999021 0.777119
10.001084 0.777119
10.003147 0.777118
10.005210 0.777119
10.007273 0.777118
10.009336 0.777119
10.011399 0.777119
10.013462 0.777119
10.015525 0.777118
10.017588 0.777119
10.019651 0.777118
10.021714 0.777117
10.023777 0.777116
10.025840 0.777114
10.027902 0.777115
10.029965 0.777117
10.032028 0.777118
10.034091 0.777118
10.068016 0.777118
10.133572 0.777118
10.198898 0.777118
10.264225 0.777118
10.329552 0.777118
10.394879 0.777118
10.460435 0.777118
10.525762 0.777118
10.591089 0.777118
10.656416 0.777118
10.721743 0.777118
10.787070 0.777118
10.852397 0.777118
10.917953 0.777118
10.957607 0.777118
10.965630 0.777118
10.967922 0.777118
10.969985 0.777117
10.972048 0.777115
10.974111 0.777113
10.976174 0.777116
10.978237 0.777118
10.980300 0.777119
10.982363 0.777118
10.984426 0.777118
10.986488 0.777119
10.988552 0.777119
10.990614 0.777120
10.992678 0.777118
10.994740 0.777119
10.996803 0.777118
10.998867 0.777119
11.000929 0.777118
11.002992 0.777119
11.005055 0.777119
11.007118 0.777118
11.009181 0.777120
11.011244 0.777118
11.013307 0.777118
11.015370 0.777117
11.017433 0.777119
11.019496 0.777118
11.021559 0.777117
11.023622 0.777115
11.025685 0.777115
11.027748 0.777115
11.029811 0.777117
11.031873 0.777118
11.033937 0.777118
11.035312 0.777118
11.068319 0.777118
11.133875 0.777118
11.199202 0.777118
11.264529 0.777118
11.329856 0.777118
11.395183 0.777118
11.460739 0.777118
11.526066 0.777118
11.591393 0.777118
11.656720 0.777118
11.722047 0.777118
11.787374 0.777118
11.851058 0.777118
11.918257 0.777118
11.957912 0.777118
11.965934 0.777118
11.968226 0.777118
11.970289 0.777117
11.972352 0.777115
11.974415 0.777115
11.976478 0.777115
11.978541 0.777117
11.980604 0.777118
11.982667 0.777119
11.984730 0.777117
11.986793 0.777117
11.988856 0.777118
11.990919 0.777119
11.992982 0.777118
11.995045 0.777119
11.997108 0.777119
11.999171 0.777119
12.001234 0.777119
12.003297 0.777118
12.005360 0.777119
12.007423 0.777118
12.009486 0.777119
12.011548 0.777119
12.013612 0.777120
12.015674 0.777119
12.017737 0.777118
12.019801 0.777119
12.021863 0.777118
12.023926 0.777115
12.025989 0.777114
12.028052 0.777115
12.030115 0.777117
12.032178 0.777118
12.034241 0.777118
12.068165 0.777118
12.133721 0.777118
12.199048 0.777118
12.264375 0.777118
12.329702 0.777118
12.395029 0.777118
12.460586 0.777118
12.525913 0.777118
12.591240 0.777118
12.656567 0.777118
12.721894 0.777118
12.787221 0.777118
12.852548 0.777118
12.918104 0.777118
12.957759 0.777118
12.965781 0.777118
12.968073 0.777118
12.970136 0.777116
12.972199 0.777115
12.974262 0.777114
12.976325 0.777116
12.978388 0.777117
12.980451 0.777118
12.982514 0.777118
12.984577 0.777117
12.986640 0.777118
12.988703 0.777118
12.990766 0.777120
12.992829 0.777117
12.994891 0.777119
12.996955 0.777119
12.999017 0.777118
13.001081 0.777119
13.003143 0.777118
13.005207 0.777119
13.007269 0.777118
13.009332 0.777120
13.011395 0.777118
13.013458 0.777119
13.015522 0.777118
13.017584 0.777118
13.019647 0.777119
13.021710 0.777117
13.023773 0.777116
13.025836 0.777114
13.027899 0.777115
13.029962 0.777117
13.032025 0.777118
13.034088 0.777118
13.068012 0.777118
13.133568 0.777118
13.198895 0.777118
13.264222 0.777118
13.329550 0.777118
13.394877 0.777118
13.460433 0.777118
13.525760 0.777118
13.591087 0.777118
13.656414 0.777118
13.721741 0.777118
13.787068 0.777118
13.850065 0.777118
13.917951 0.777118
13.957606 0.777118
13.965629 0.777118
13.967921 0.777118
13.969984 0.777117
13.972047 0.777114
13.974110 0.777114
13.976173 0.777116
13.978236 0.777117
13.980299 0.777118
13.982361 0.777118
13.984425 0.777118
13.986487 0.777120
13.988550 0.777119
13.990614 0.777119
13.992676 0.777118
13.994739 0.777119
13.996802 0.777118
13.998865 0.777119
14.000928 0.777119
14.002991 0.777119
14.005054 0.777119
14.007117 0.777118
14.009180 0.777119
14.011243 0.777118
14.013306 0.777118
14.015369 0.777117
14.017432 0.777119
14.019495 0.777118
14.021558 0.777117
14.023621 0.777115
14.025684 0.777115
14.027747 0.777116
14.029810 0.777116
14.031873 0.777118
14.033936 0.777118
14.035311 0.777118
14.068318 0.777118
14.133875 0.777118
14.199202 0.777118
14.264455 0.777118
14.329856 0.777118
14.395183 0.777118
14.460739 0.777118
14.526066 0.777118
14.591394 0.777118
14.656721 0.777118
14.722048 0.777118
14.787375 0.777118
14.852702 0.777118
14.918258 0.777118
14.957913 0.777118
14.965936 0.777118
14.968228 0.777118
14.970291 0.777117
14.972354 0.777115
14.974417 0.777116
14.976480 0.777114
14.978543 0.777117
14.980606 0.777117
14.982668 0.777119
14.984732 0.777117
14.986795 0.777118
14.988858 0.777118
14.990920 0.777119
14.992983 0.777118
14.995047 0.777119
14.997109 0.777119
14.999173 0.777118
15.001235 0.777119
15.003298 0.777118
15.005361 0.777119
15.007424 0.777118
15.009487 0.777119
15.011550 0.777119
15.013613 0.777119
15.015676 0.777119
15.017739 0.777118
15.019802 0.777119
15.021865 0.777118
15.023928 0.777115
15.025991 0.777114
15.028054 0.777115
15.030117 0.777117
15.032180 0.777118
15.034243 0.777118
15.068167 0.777118
15.133723 0.777118
15.199050 0.777118
15.264378 0.777118
15.329705 0.777118
15.395032 0.777118
15.460588 0.777118
15.525916 0.777118
15.591243 0.777118
15.656570 0.777118
15.721897 0.777118
15.787224 0.777118
15.852551 0.777118
15.920591 0.777118
15.957763 0.777118
15.965785 0.777118
15.968077 0.777118
15.970140 0.777117
15.972203 0.777116
15.974266 0.777114
15.976329 0.777115
15.978392 0.777117
15.980455 0.777118
15.982518 0.777119
15.984581 0.777117
15.986644 0.777118
15.988707 0.777118
15.990770 0.777119
15.992833 0.777118
15.994896 0.777119
15.996959 0.777119
15.999022 0.777119
16.001085 0.777119
16.003148 0.777118
16.005211 0.777119
16.007274 0.777118
16.009337 0.777119
16.011400 0.777119
16.013463 0.777119
16.015526 0.777118
16.017588 0.777119
16.019652 0.777118
16.021714 0.777117
16.023778 0.777116
16.025840 0.777114
16.027904 0.777115
16.029966 0.777117
16.032029 0.777118
16.034092 0.777118
16.068017 0.777118
16.133573 0.777118
16.198900 0.777118
16.264227 0.777118
16.329555 0.777118
16.394882 0.777118
16.460438 0.777118
16.525765 0.777118
16.591093 0.777118
16.656420 0.777118
16.721747 0.777118
16.787074 0.777118
16.852402 0.777118
16.917958 0.777118
16.957613 0.777118
16.965636 0.777118
16.967928 0.777118
16.969991 0.777117
16.972054 0.777115
16.974117 0.777113
16.976180 0.777116
16.978243 0.777118
16.980305 0.777119
16.982368 0.777118
16.984431 0.777118
16.986494 0.777119
16.988557 0.777119
16.990620 0.777120
16.992683 0.777118
16.994746 0.777119
16.996809 0.777118
16.998872 0.777119
17.000935 0.777118
17.002998 0.777119
17.005061 0.777119
17.007124 0.777118
17.009187 0.777120
17.011250 0.777118
17.013313 0.777118
17.015376 0.777117
17.017439 0.777119
17.019502 0.777118
17.021565 0.777117
17.023628 0.777115
17.025691 0.777115
17.027754 0.777115
17.029817 0.777116
17.031880 0.777118
17.033943 0.777118
17.035318 0.777118
17.068325 0.777118
17.133882 0.777118
17.199209 0.777118
17.264536 0.777118
17.329864 0.777118
17.395191 0.777118
17.460518 0.777118
17.525846 0.777118
17.591402 0.777118
17.656729 0.777118
17.722057 0.777118
17.787384 0.777118
17.852711 0.777118
17.919867 0.777118
17.957693 0.777118
17.965945 0.777118
17.968237 0.777118
17.970301 0.777117
17.972363 0.777115
17.974426 0.777115
17.976489 0.777115
17.978552 0.777117
17.980615 0.777118
17.982678 0.777119
17.984741 0.777117
17.986804 0.777117
17.988867 0.777118
17.990930 0.777119
17.992993 0.777118
17.995056 0.777119
17.997119 0.777119
17.999182 0.777119
18.001245 0.777119
18.003308 0.777118
18.005371 0.777119
18.007434 0.777118
18.009497 0.777119
18.011560 0.777119
18.013623 0.777119
18.015686 0.777119
18.017749 0.777118
18.019812 0.777119
18.021875 0.777118
18.023938 0.777115
18.026000 0.777114
18.028064 0.777115
18.030126 0.777117
18.032190 0.777118
18.034252 0.777118
18.068177 0.777118
18.133733 0.777118
18.199061 0.777118
18.264388 0.777118
18.329715 0.777118
18.395043 0.777118
18.460599 0.777118
18.525927 0.777118
18.591254 0.777118
18.656581 0.777118
18.721909 0.777118
18.787236 0.777118
18.852563 0.777118
18.917891 0.777118
18.957545 0.777118
18.965797 0.777118
18.968090 0.777118
18.970153 0.777116
18.972216 0.777115
18.974279 0.777114
18.976341 0.777115
18.978404 0.777117
18.980467 0.777118
18.982531 0.777119
18.984593 0.777117
18.986657 0.777118
18.988719 0.777118
18.990782 0.777120
18.992845 0.777117
18.994908 0.777119
18.996971 0.777119
18.999034 0.777118
19.001097 0.777119
19.003160 0.777118
19.005223 0.777119
19.007286 0.777118
19.009349 0.777120
19.011412 0.777118
19.013475 0.777119
19.015538 0.777118
19.017601 0.777118
19.019664 0.777119
19.021727 0.777118
19.023790 0.777116
19.025853 0.777113
19.027916 0.777115
19.029979 0.777117
19.032041 0.777118
19.034105 0.777118
19.068486 0.777118
19.133815 0.777118
19.199142 0.777118
19.264470 0.777118
19.329797 0.777118
19.395432 0.777118
19.460452 0.777118
19.526008 0.777118
19.591336 0.777118
19.656663 0.777118
19.721991 0.777118
19.787318 0.777118
19.852646 0.777118
19.919119 0.777118
19.957628 0.777118
19.965651 0.777118
19.967943 0.777118
19.970005 0.777117
19.972069 0.777114
19.974131 0.777114
19.976195 0.777116
19.978257 0.777117
19.980321 0.777118
19.982384 0.777119
19.984446 0.777118
19.986510 0.777120
19.988572 0.777119
19.990635 0.777119
19.992698 0.777118
19.994762 0.777119
19.996824 0.777118
19.998887 0.777119
20.000950 0.777119
20.003014 0.777119
20.005076 0.777119
20.007139 0.777118
20.009202 0.777119
20.011265 0.777118
20.013328 0.777118
20.015391 0.777117
20.017454 0.777119
20.019517 0.777118
20.021580 0.777117
20.023643 0.777115
20.025706 0.777115
20.027769 0.777116
20.029832 0.777116
20.031895 0.777118
20.033958 0.777118
20.035333 0.777118
20.068341 0.777118
20.133897 0.777118
20.199225 0.777118
20.264552 0.777118
20.329880 0.777118
20.395207 0.777118
20.460535 0.777118
20.525862 0.777118
20.591419 0.777118
20.659253 0.777118
