-0.176691 0.288222
-0.111248 0.264146
-0.056924 0.244248
-0.034002 0.235907
-0.031710 0.235076
-0.029647 0.234327
-0.027584 0.233580
-0.025521 0.232832
-0.023458 0.232085
-0.021396 0.231339
-0.019332 0.230592
-0.017270 0.229847
-0.015206 0.229101
-0.013144 0.228356
-0.011081 0.227612
-0.009018 0.226868
-0.006955 0.226124
-0.004892 0.225381
-0.002829 0.224638
-0.000766 0.223896
0.001297 0.223154
0.003360 0.222414
0.005423 0.221674
0.007486 0.220935
0.009549 0.220197
0.011611 0.215779
0.013675 0.209157
0.015737 0.202922
0.017801 0.199971
0.019863 0.200162
0.021926 0.200728
0.023990 0.202909
0.026052 0.206999
0.028115 0.210760
0.030178 0.212769
0.032241 0.212151
0.034304 0.211426
0.068228 0.199652
0.133784 0.177740
0.199110 0.157063
0.264436 0.137602
0.329763 0.119406
0.395089 0.102516
0.460645 0.086912
0.525971 0.072722
0.591298 0.059899
0.656624 0.048442
0.721786 0.038360
0.787277 0.029556
0.852604 0.022064
0.918159 0.015790
0.957813 0.012575
0.965836 0.011976
0.968128 0.011807
0.970191 0.011657
0.972254 0.011508
0.974317 0.011361
0.976380 0.011214
0.978443 0.011068
0.980506 0.010924
0.982569 0.010780
0.984632 0.010638
0.986695 0.010497
0.988758 0.010356
0.990820 0.010217
0.992884 0.010079
0.994946 0.009942
0.997009 0.009807
0.999073 0.009672
1.001135 0.009538
1.003198 0.009406
1.005261 0.009274
1.007324 0.009144
1.009387 0.009015
1.011450 0.008886
1.013513 0.008759
1.015576 0.008633
1.017639 0.008508
1.019701 0.008384
1.021765 0.008261
1.023827 0.007162
1.025891 0.006788
1.027954 0.006813
1.030016 0.007565
1.032079 0.007662
1.034142 0.007545
1.068066 0.005773
1.133622 0.003094
1.198948 0.001317
1.264275 0.000325
1.329601 0.000001
1.394928 0.000000
1.460483 0.000000
1.525810 0.000000
1.591136 0.000000
1.656463 0.000000
1.721789 0.000000
1.787116 0.000000
1.854085 0.000000
1.917998 0.000000
1.957652 0.000000
1.965675 0.000000
1.967967 0.000000
1.970030 0.000000
1.972093 0.000000
1.974156 0.000000
1.976219 0.000000
1.978282 0.000000
1.980345 0.000000
1.982407 0.000000
1.984470 0.000000
1.986533 0.000000
1.988596 0.000000
1.990660 0.000000
1.992722 0.000000
1.994785 0.000000
1.996848 0.000000
1.998911 0.000000
2.000974 0.000000
2.003037 0.000000
2.005100 0.000000
2.007163 0.000000
2.009226 0.000000
2.011289 0.000000
2.013352 0.000000
2.015414 0.000000
2.017478 0.000000
2.019540 0.000000
2.021603 0.000000
2.023667 0.000000
2.025729 0.000000
2.027792 0.000000
2.029855 0.000000
2.031918 0.000000
2.033981 0.000000
2.035356 0.000000
2.068364 0.000000
2.133919 0.000000
2.199246 0.000000
2.264572 0.000000
2.329899 0.000000
2.395225 0.000000
2.460781 0.000000
2.526107 0.000000
2.591434 0.000000
2.656760 0.000000
2.722087 0.000000
2.787414 0.000000
2.852740 0.000000
2.918296 0.000000
2.957950 0.000000
2.965973 0.000000
2.968265 0.000000
2.970328 0.000000
2.972391 0.000000
2.974454 0.000000
2.976517 0.000000
2.978579 0.000000
2.980643 0.000000
2.982705 0.000000
2.984768 0.000000
2.986832 0.000000
2.988894 0.000000
2.990957 0.000000
2.993020 0.000000
2.995083 0.000000
2.997146 0.000000
2.999209 0.000000
3.001272 0.000000
3.003335 0.000000
3.005398 0.000000
3.007461 0.000000
3.009524 0.000000
3.011586 0.000000
3.013650 0.000000
3.015713 0.000000
3.017775 0.000000
3.019839 0.000000
3.021901 0.000000
3.023964 0.000000
3.026027 0.000000
3.028090 0.000000
3.030153 0.000000
3.032216 0.000000
3.034279 0.000000
3.068203 0.000000
3.133759 0.000000
3.199085 0.000000
3.264412 0.000000
3.329738 0.000000
3.395065 0.000000
3.460621 0.000000
3.525947 0.000000
3.591274 0.000000
3.656600 0.000000
3.721927 0.000000
3.787253 0.000000
3.853573 0.000000
3.918136 0.000000
3.957790 0.000000
3.965813 0.000000
3.968105 0.000000
3.970168 0.000000
3.972231 0.000000
3.974294 0.000000
3.976357 0.000000
3.978420 0.000000
3.980483 0.000000
3.982546 0.000000
3.984608 0.000000
3.986671 0.000000
3.988734 0.000000
3.990798 0.000000
3.992860 0.000000
3.994923 0.000000
3.996986 0.000000
3.999049 0.000000
4.001112 0.000000
4.003175 0.000001
4.005238 0.000002
4.007301 0.000003
4.009364 0.000006
4.011427 0.000008
4.013490 0.000012
4.015553 0.000016
4.017616 0.000020
4.019678 0.000025
4.021741 0.000031
4.023805 0.000037
4.025867 0.000043
4.027930 0.000051
4.029993 0.000059
4.032056 0.000067
4.034119 0.000076
4.068043 0.000315
4.133599 0.001301
4.198925 0.003067
4.264252 0.005724
4.329579 0.009370
4.394905 0.014094
4.460461 0.019994
4.525788 0.027096
4.591114 0.035472
4.656441 0.045163
4.721767 0.056199
4.787094 0.068597
4.852421 0.082363
4.917977 0.097547
4.957631 0.107390
4.965654 0.109442
4.967946 0.110031
4.970009 0.110330
4.972072 0.107895
4.974134 0.103854
4.976197 0.099619
4.978260 0.099184
4.980323 0.103748
4.982387 0.109422
4.984449 0.114060
4.986512 0.114868
4.988575 0.115412
4.990638 0.115958
4.992701 0.116504
4.994764 0.117052
4.996827 0.117601
4.998890 0.118152
5.000953 0.118704
5.003016 0.119257
5.005079 0.119812
5.007142 0.120367
5.009205 0.120924
5.011268 0.121483
5.013330 0.122042
5.015394 0.122603
5.017456 0.123166
5.019519 0.123729
5.021582 0.124294
5.023645 0.124860
5.025708 0.125428
5.027771 0.125996
5.029834 0.126566
5.031897 0.127138
5.033960 0.127710
5.035335 0.128093
5.068342 0.137442
5.133898 0.156964
5.199225 0.177634
5.264551 0.199462
5.329878 0.222379
5.395205 0.246054
5.460761 0.270094
5.526087 0.294128
5.591414 0.318037
5.656740 0.341628
5.722067 0.364711
5.787394 0.387104
5.853064 0.408748
5.918276 0.429217
5.957931 0.441101
5.965953 0.443450
5.968245 0.444117
5.970308 0.444717
5.972371 0.445315
5.974435 0.443740
5.976497 0.439385
5.978561 0.434484
5.980623 0.431088
5.982686 0.430819
5.984749 0.430751
5.986812 0.430832
5.988875 0.431022
5.990938 0.431304
5.993001 0.431658
5.995064 0.432078
5.997127 0.434048
5.999190 0.440401
6.001253 0.447634
6.003316 0.453502
6.005379 0.454706
6.007441 0.455282
6.009504 0.455856
6.011567 0.456429
6.013630 0.457001
6.015693 0.457571
6.017756 0.458140
6.019819 0.458707
6.021882 0.459273
6.023945 0.459838
6.026008 0.460401
6.028071 0.460963
6.030134 0.461523
6.032197 0.462082
6.034260 0.462640
6.068184 0.471604
6.133740 0.487783
6.199066 0.502311
6.264393 0.515148
6.329720 0.526209
6.395046 0.535419
6.460602 0.542739
6.525929 0.548072
6.591256 0.551411
6.656582 0.552735
6.721909 0.552035
6.787236 0.549317
6.852562 0.544596
6.918118 0.537878
6.957773 0.532869
6.965795 0.531770
6.968088 0.531451
6.970150 0.531162
6.972214 0.530871
6.974277 0.530578
6.976339 0.530283
6.978402 0.529986
6.980465 0.529687
6.982528 0.529387
6.984591 0.529084
6.986654 0.528780
6.988717 0.528474
6.990780 0.525095
6.992843 0.518495
6.994906 0.511702
6.996969 0.507403
6.999032 0.507035
7.001095 0.506719
7.003158 0.506456
7.005221 0.506248
7.007284 0.506096
7.009347 0.506014
7.011410 0.506004
7.013472 0.506087
7.015535 0.506532
7.017598 0.510958
7.019661 0.516655
7.021724 0.521608
7.023787 0.522987
7.025850 0.522648
7.027913 0.522307
7.029976 0.521964
7.032039 0.521619
7.034102 0.521273
7.068026 0.515315
7.133582 0.502454
7.198909 0.487943
7.264235 0.471840
7.329562 0.454257
7.394889 0.435318
7.460445 0.415086
7.525772 0.393852
7.591098 0.371706
7.656425 0.348817
7.721752 0.325363
7.787079 0.301531
7.852061 0.277642
7.917961 0.253429
7.957616 0.238953
7.965638 0.236038
7.967930 0.235206
7.969993 0.234458
7.972056 0.233710
7.974120 0.232962
7.976182 0.232215
7.978245 0.231469
7.980308 0.230722
7.982371 0.229977
7.984434 0.229231
7.986497 0.228486
7.988560 0.227741
7.990623 0.226997
7.992686 0.226254
7.994749 0.225510
7.996812 0.224768
7.998875 0.224025
8.000938 0.223283
8.003000 0.222543
8.005064 0.221803
8.007127 0.221064
8.009189 0.220326
8.011253 0.216818
8.013315 0.210336
8.015379 0.203889
8.017441 0.199965
8.019504 0.200108
8.021567 0.200589
8.023630 0.202288
8.025693 0.206271
8.027756 0.210190
8.029819 0.212627
8.031882 0.212277
8.033945 0.211552
8.035320 0.211069
8.068327 0.199618
8.133883 0.177708
8.199210 0.157033
8.264537 0.137573
8.329864 0.119379
8.395190 0.102491
8.460746 0.086888
8.526073 0.072701
8.591400 0.059880
8.656727 0.048425
8.722054 0.038321
8.787380 0.029543
8.852707 0.022053
8.918263 0.015781
8.957918 0.012567
8.965940 0.011968
8.968233 0.011800
8.970295 0.011650
8.972358 0.011501
8.974422 0.011353
8.976484 0.011206
8.978547 0.011061
8.980610 0.010916
8.982673 0.010773
8.984736 0.010631
8.986799 0.010489
8.988862 0.010349
8.990925 0.010210
8.992988 0.010072
8.995051 0.009936
8.997114 0.009800
8.999177 0.009665
9.001240 0.009532
9.003303 0.009399
9.005366 0.009268
9.007428 0.009137
9.009492 0.009008
9.011554 0.008880
9.013617 0.008753
9.015681 0.008627
9.017743 0.008502
9.019806 0.008378
9.021869 0.008255
9.023932 0.007130
9.025995 0.006780
9.028058 0.006825
9.030121 0.007631
9.032184 0.007656
9.034247 0.007539
9.068171 0.005768
9.133727 0.003090
9.199054 0.001315
9.264381 0.000324
9.329708 0.000001
9.395034 0.000000
9.460590 0.000000
9.525917 0.000000
9.591244 0.000000
9.656571 0.000000
9.721898 0.000000
9.787225 0.000000
9.851558 0.000000
9.918108 0.000000
9.957762 0.000000
9.965785 0.000000
9.968077 0.000000
9.970140 0.000000
9.972203 0.000000
9.974266 0.000000
9.976329 0.000000
9.978392 0.000000
9.980455 0.000000
9.982518 0.000000
9.984581 0.000000
9.986643 0.000000
9.988706 0.000000
9.990769 0.000000
9.992832 0.000000
9.994895 0.000000
9.996958 0.000000
9.999021 0.000000
10.001084 0.000000
10.003147 0.000000
10.005210 0.000000
10.007273 0.000000
10.009336 0.000000
10.011399 0.000000
10.013462 0.000000
10.015525 0.000000
10.017588 0.000000
10.019651 0.000000
10.021714 0.000000
10.023777 0.000000
10.025840 0.000000
10.027902 0.000000
10.029965 0.000000
10.032028 0.000000
10.034091 0.000000
10.068016 0.000000
10.133572 0.000000
10.198898 0.000000
10.264225 0.000000
10.329552 0.000000
10.394879 0.000000
10.460435 0.000000
10.525762 0.000000
10.591089 0.000000
10.656416 0.000000
10.721743 0.000000
10.787070 0.000000
10.852397 0.000000
10.917953 0.000000
10.957607 0.000000
10.965630 0.000000
10.967922 0.000000
10.969985 0.000000
10.972048 0.000000
10.974111 0.000000
10.976174 0.000000
10.978237 0.000000
10.980300 0.000000
10.982363 0.000000
10.984426 0.000000
10.986488 0.000000
10.988552 0.000000
10.990614 0.000000
10.992678 0.000000
10.994740 0.000000
10.996803 0.000000
10.998867 0.000000
11.000929 0.000000
11.002992 0.000000
11.005055 0.000000
11.007118 0.000000
11.009181 0.000000
11.011244 0.000000
11.013307 0.000000
11.015370 0.000000
11.017433 0.000000
11.019496 0.000000
11.021559 0.000000
11.023622 0.000000
11.025685 0.000000
11.027748 0.000000
11.029811 0.000000
11.031873 0.000000
11.033937 0.000000
11.035312 0.000000
11.068319 0.000000
11.133875 0.000000
11.199202 0.000000
11.264529 0.000000
11.329856 0.000000
11.395183 0.000000
11.460739 0.000000
11.526066 0.000000
11.591393 0.000000
11.656720 0.000000
11.722047 0.000000
11.787374 0.000000
11.851058 0.000000
11.918257 0.000000
11.957912 0.000000
11.965934 0.000000
11.968226 0.000000
11.970289 0.000000
11.972352 0.000000
11.974415 0.000000
11.976478 0.000000
11.978541 0.000000
11.980604 0.000000
11.982667 0.000000
11.984730 0.000000
11.986793 0.000000
11.988856 0.000000
11.990919 0.000000
11.992982 0.000000
11.995045 0.000000
11.997108 0.000000
11.999171 0.000000
12.001234 0.000000
12.003297 0.000001
12.005360 0.000002
12.007423 0.000004
12.009486 0.000006
12.011548 0.000009
12.013612 0.000012
12.015674 0.000016
12.017737 0.000020
12.019801 0.000025
12.021863 0.000031
12.023926 0.000037
12.025989 0.000044
12.028052 0.000051
12.030115 0.000059
12.032178 0.000068
12.034241 0.000077
12.068165 0.000316
12.133721 0.001303
12.199048 0.003071
12.264375 0.005730
12.329702 0.009378
12.395029 0.014104
12.460586 0.020006
12.525913 0.027111
12.591240 0.035489
12.656567 0.045183
12.721894 0.056221
12.787221 0.068622
12.852548 0.082391
12.918104 0.097578
12.957759 0.107423
12.965781 0.109474
12.968073 0.110064
12.970136 0.110259
12.972199 0.107678
12.974262 0.103583
12.976325 0.099390
12.978388 0.099391
12.980451 0.104087
12.982514 0.109764
12.984577 0.114225
12.986640 0.114902
12.988703 0.115446
12.990766 0.115991
12.992829 0.116538
12.994891 0.117086
12.996955 0.117635
12.999017 0.118186
13.001081 0.118738
13.003143 0.119291
13.005207 0.119846
13.007269 0.120402
13.009332 0.120959
13.011395 0.121517
13.013458 0.122077
13.015522 0.122638
13.017584 0.123201
13.019647 0.123764
13.021710 0.124329
13.023773 0.124895
13.025836 0.125463
13.027899 0.126032
13.029962 0.126602
13.032025 0.127173
13.034088 0.127746
13.068012 0.137347
13.133568 0.156862
13.198895 0.177527
13.264222 0.199349
13.329550 0.222261
13.394877 0.245934
13.460433 0.269974
13.525760 0.294007
13.591087 0.317918
13.656414 0.341511
13.721741 0.364597
13.787068 0.386995
13.850065 0.407781
13.917951 0.429118
13.957606 0.441006
13.965629 0.443355
13.967921 0.444023
13.969984 0.444622
13.972047 0.445221
13.974110 0.444266
13.976173 0.440147
13.978236 0.435228
13.980299 0.431321
13.982361 0.430846
13.984425 0.430752
13.986487 0.430813
13.988550 0.430987
13.990614 0.431255
13.992676 0.431597
13.994739 0.432008
13.996802 0.433311
13.998865 0.439287
14.000928 0.446524
14.002991 0.452798
14.005054 0.454616
14.007117 0.455192
14.009180 0.455766
14.011243 0.456339
14.013306 0.456911
14.015369 0.457481
14.017432 0.458050
14.019495 0.458618
14.021558 0.459184
14.023621 0.459749
14.025684 0.460312
14.027747 0.460875
14.029810 0.461435
14.031873 0.461994
14.033936 0.462552
14.035311 0.462923
14.068318 0.471639
14.133875 0.487814
14.199202 0.502339
14.264455 0.515159
14.329856 0.526230
14.395183 0.535436
14.460739 0.542752
14.526066 0.548081
14.591394 0.551416
14.656721 0.552736
14.722048 0.552032
14.787375 0.549309
14.852702 0.544584
14.918258 0.537862
14.957913 0.532850
14.965936 0.531751
14.968228 0.531431
14.970291 0.531142
14.972354 0.530851
14.974417 0.530558
14.976480 0.530263
14.978543 0.529966
14.980606 0.529667
14.982668 0.529366
14.984732 0.529064
14.986795 0.528759
14.988858 0.528453
14.990920 0.524695
14.992983 0.518016
14.995047 0.511285
14.997109 0.507376
14.999173 0.507011
15.001235 0.506700
15.003298 0.506439
15.005361 0.506236
15.007424 0.506089
15.009487 0.506010
15.011550 0.506007
15.013613 0.506097
15.015676 0.506722
15.017739 0.511333
15.019802 0.517036
15.021865 0.521867
15.023928 0.522964
15.025991 0.522625
15.028054 0.522284
15.030117 0.521941
15.032180 0.521596
15.034243 0.521249
15.068167 0.515290
15.133723 0.502425
15.199050 0.487910
15.264378 0.471804
15.329705 0.454217
15.395032 0.435275
15.460588 0.415040
15.525916 0.393804
15.591243 0.371656
15.656570 0.348765
15.721897 0.325310
15.787224 0.301478
15.852551 0.277461
15.920591 0.252466
15.957763 0.238899
15.965785 0.235985
15.968077 0.235153
15.970140 0.234405
15.972203 0.233657
15.974266 0.232909
15.976329 0.232162
15.978392 0.231416
15.980455 0.230669
15.982518 0.229923
15.984581 0.229178
15.986644 0.228433
15.988707 0.227688
15.990770 0.226944
15.992833 0.226201
15.994896 0.225457
15.996959 0.224715
15.999022 0.223972
16.001085 0.223230
16.003148 0.222490
16.005211 0.221750
16.007274 0.221011
16.009337 0.220273
16.011400 0.216400
16.013463 0.209852
16.015526 0.203485
16.017588 0.199967
16.019652 0.200130
16.021714 0.200643
16.023778 0.202537
16.025840 0.206570
16.027904 0.210429
16.029966 0.212700
16.032029 0.212226
16.034092 0.211500
16.068017 0.199724
16.133573 0.177809
16.198900 0.157128
16.264227 0.137662
16.329555 0.119462
16.394882 0.102568
16.460438 0.086959
16.525765 0.072764
16.591093 0.059937
16.656420 0.048475
16.721747 0.038365
16.787074 0.029581
16.852402 0.022085
16.917958 0.015808
16.957613 0.012590
16.965636 0.011990
16.967928 0.011822
16.969991 0.011672
16.972054 0.011523
16.974117 0.011375
16.976180 0.011228
16.978243 0.011082
16.980305 0.010938
16.982368 0.010794
16.984431 0.010652
16.986494 0.010510
16.988557 0.010370
16.990620 0.010231
16.992683 0.010093
16.994746 0.009956
16.996809 0.009820
16.998872 0.009685
17.000935 0.009551
17.002998 0.009419
17.005061 0.009287
17.007124 0.009157
17.009187 0.009027
17.011250 0.008899
17.013313 0.008771
17.015376 0.008645
17.017439 0.008520
17.019502 0.008396
17.021565 0.008273
17.023628 0.007229
17.025691 0.006805
17.027754 0.006793
17.029817 0.007412
17.031880 0.007673
17.033943 0.007557
17.035318 0.007479
17.068325 0.005760
17.133882 0.003085
17.199209 0.001312
17.264536 0.000323
17.329864 0.000001
17.395191 0.000000
17.460518 0.000000
17.525846 0.000000
17.591402 0.000000
17.656729 0.000000
17.722057 0.000000
17.787384 0.000000
17.852711 0.000000
17.919867 0.000000
17.957693 0.000000
17.965945 0.000000
17.968237 0.000000
17.970301 0.000000
17.972363 0.000000
17.974426 0.000000
17.976489 0.000000
17.978552 0.000000
17.980615 0.000000
17.982678 0.000000
17.984741 0.000000
17.986804 0.000000
17.988867 0.000000
17.990930 0.000000
17.992993 0.000000
17.995056 0.000000
17.997119 0.000000
17.999182 0.000000
18.001245 0.000000
18.003308 0.000000
18.005371 0.000000
18.007434 0.000000
18.009497 0.000000
18.011560 0.000000
18.013623 0.000000
18.015686 0.000000
18.017749 0.000000
18.019812 0.000000
18.021875 0.000000
18.023938 0.000000
18.026000 0.000000
18.028064 0.000000
18.030126 0.000000
18.032190 0.000000
18.034252 0.000000
18.068177 0.000000
18.133733 0.000000
18.199061 0.000000
18.264388 0.000000
18.329715 0.000000
18.395043 0.000000
18.460599 0.000000
18.525927 0.000000
18.591254 0.000000
18.656581 0.000000
18.721909 0.000000
18.787236 0.000000
18.852563 0.000000
18.917891 0.000000
18.957545 0.000000
18.965797 0.000000
18.968090 0.000000
18.970153 0.000000
18.972216 0.000000
18.974279 0.000000
18.976341 0.000000
18.978404 0.000000
18.980467 0.000000
18.982531 0.000000
18.984593 0.000000
18.986657 0.000000
18.988719 0.000000
18.990782 0.000000
18.992845 0.000000
18.994908 0.000000
18.996971 0.000000
18.999034 0.000000
19.001097 0.000000
19.003160 0.000000
19.005223 0.000000
19.007286 0.000000
19.009349 0.000000
19.011412 0.000000
19.013475 0.000000
19.015538 0.000000
19.017601 0.000000
19.019664 0.000000
19.021727 0.000000
19.023790 0.000000
19.025853 0.000000
19.027916 0.000000
19.029979 0.000000
19.032041 0.000000
19.034105 0.000000
19.068486 0.000000
19.133815 0.000000
19.199142 0.000000
19.264470 0.000000
19.329797 0.000000
19.395432 0.000000
19.460452 0.000000
19.526008 0.000000
19.591336 0.000000
19.656663 0.000000
19.721991 0.000000
19.787318 0.000000
19.852646 0.000000
19.919119 0.000000
19.957628 0.000000
19.965651 0.000000
19.967943 0.000000
19.970005 0.000000
19.972069 0.000000
19.974131 0.000000
19.976195 0.000000
19.978257 0.000000
19.980321 0.000000
19.982384 0.000000
19.984446 0.000000
19.986510 0.000000
19.988572 0.000000
19.990635 0.000000
19.992698 0.000000
19.994762 0.000000
19.996824 0.000000
19.998887 0.000000
20.000950 0.000000
20.003014 0.000001
20.005076 0.000002
20.007139 0.000003
20.009202 0.000005
20.011265 0.000008
20.013328 0.000011
20.015391 0.000015
20.017454 0.000020
20.019517 0.000025
20.021580 0.000030
20.023643 0.000036
20.025706 0.000043
20.027769 0.000050
20.029832 0.000058
20.031895 0.000067
20.033958 0.000076
20.035333 0.000082
20.068341 0.000318
20.133897 0.001307
20.199225 0.003077
20.264552 0.005739
20.329880 0.009389
20.395207 0.014118
20.460535 0.020001
20.525862 0.027105
20.591419 0.035514
20.659253 0.045610
