-0.176691 0.000000
-0.111248 0.000000
-0.056924 0.000000
-0.034002 0.000000
-0.031710 0.000000
-0.029647 0.000000
-0.027584 0.000000
-0.025521 0.000000
-0.023458 0.000000
-0.021396 0.000000
-0.019332 0.000000
-0.017270 0.000000
-0.015206 0.000000
-0.013144 0.000000
-0.011081 0.000000
-0.009018 0.000000
-0.006955 0.000000
-0.004892 0.000000
-0.002829 0.000000
-0.000766 0.000000
0.001297 0.000000
0.003360 0.000000
0.005423 0.000000
0.007486 0.000000
0.009549 0.000000
0.011611 0.000000
0.013675 0.000000
0.015737 0.000000
0.017801 0.000000
0.019863 0.000000
0.021926 0.000000
0.023990 0.000000
0.026052 0.000000
0.028115 0.000000
0.030178 0.000000
0.032241 0.000000
0.034304 0.000000
0.068228 0.000000
0.133784 0.000000
0.199110 0.000000
0.264436 0.000000
0.329763 0.000000
0.395089 0.000000
0.460645 0.000000
0.525971 0.000000
0.591298 0.000000
0.656624 0.000000
0.721786 0.000000
0.787277 0.000000
0.852604 0.000000
0.918159 0.000000
0.957813 0.000000
0.965836 0.000000
0.968128 0.000000
0.970191 0.000000
0.972254 0.000000
0.974317 0.000000
0.976380 0.000000
0.978443 0.000000
0.980506 0.000000
0.982569 0.000000
0.984632 0.000000
0.986695 0.000000
0.988758 0.000000
0.990820 0.000000
0.992884 0.000000
0.994946 0.000000
0.997009 0.000000
0.999073 0.000000
1.001135 0.000000
1.003198 0.000000
1.005261 0.000000
1.007324 0.000000
1.009387 0.000000
1.011450 0.000000
1.013513 0.000000
1.015576 0.000000
1.017639 0.000000
1.019701 0.000000
1.021765 0.000000
1.023827 0.000000
1.025891 0.000000
1.027954 0.000000
1.030016 0.000000
1.032079 0.000000
1.034142 0.000000
1.068066 0.000000
1.133622 0.000000
1.198948 0.000000
1.264275 0.000000
1.329601 0.000000
1.394928 0.000257
1.460483 0.001171
1.525810 0.002855
1.591136 0.005419
1.656463 0.008964
1.721789 0.013577
1.787116 0.019338
1.854085 0.026504
1.917998 0.034587
1.957652 0.040231
1.965675 0.041432
1.967967 0.041779
1.970030 0.041843
1.972093 0.039165
1.974156 0.036531
1.976219 0.036836
1.978282 0.040040
1.980345 0.043555
1.982407 0.044003
1.984470 0.044326
1.986533 0.044650
1.988596 0.044976
1.990660 0.045303
1.992722 0.045632
1.994785 0.045961
1.996848 0.046292
1.998911 0.046625
2.000974 0.046959
2.003037 0.047294
2.005100 0.047630
2.007163 0.047968
2.009226 0.048307
2.011289 0.048648
2.013352 0.048990
2.015414 0.049333
2.017478 0.049677
2.019540 0.050023
2.021603 0.050370
2.023667 0.050719
2.025729 0.051069
2.027792 0.051420
2.029855 0.051773
2.031918 0.052127
2.033981 0.052482
2.035356 0.052720
2.068364 0.058605
2.133919 0.071328
2.199246 0.085376
2.264572 0.100784
2.329899 0.117532
2.395225 0.135589
2.460781 0.154988
2.526107 0.175541
2.591434 0.197257
2.656760 0.220070
2.722087 0.243700
2.787414 0.267637
2.852740 0.291672
2.918296 0.315687
2.957950 0.330079
2.965973 0.332974
2.968265 0.333799
2.970328 0.334535
2.972391 0.332581
2.974454 0.328705
2.976517 0.324454
2.978579 0.322074
2.980643 0.321633
2.982705 0.321515
2.984768 0.321598
2.986832 0.321830
2.988894 0.322172
2.990957 0.326157
2.993020 0.333052
2.995083 0.340026
2.997146 0.344154
2.999209 0.344890
3.001272 0.345626
3.003335 0.346360
3.005398 0.347095
3.007461 0.347828
3.009524 0.348562
3.011586 0.349294
3.013650 0.350026
3.015713 0.350758
3.017775 0.351489
3.019839 0.352219
3.021901 0.352949
3.023964 0.353678
3.026027 0.354406
3.028090 0.355134
3.030153 0.355861
3.032216 0.356588
3.034279 0.357314
3.068203 0.369159
3.133759 0.391474
3.199085 0.412816
3.264412 0.433103
3.329738 0.452187
3.395065 0.469929
3.460621 0.486260
3.525947 0.500949
3.591274 0.513958
3.656600 0.525197
3.721927 0.534593
3.787253 0.542083
3.853573 0.547686
3.918136 0.551171
3.957790 0.552337
3.965813 0.552482
3.968105 0.552518
3.970168 0.552548
3.972231 0.552576
3.974294 0.552602
3.976357 0.552626
3.978420 0.552649
3.980483 0.552669
3.982546 0.552687
3.984608 0.548879
3.986671 0.542671
3.988734 0.536526
3.990798 0.533422
3.992860 0.533193
3.994923 0.533032
3.996986 0.532928
3.999049 0.532877
4.001112 0.532880
4.003175 0.532933
4.005238 0.533043
4.007301 0.533209
4.009364 0.533443
4.011427 0.536956
4.013490 0.543179
4.015553 0.549309
4.017616 0.552685
4.019678 0.552667
4.021741 0.552647
4.023805 0.552625
4.025867 0.552600
4.027930 0.552574
4.029993 0.552546
4.032056 0.552515
4.034119 0.552483
4.068043 0.551661
4.133599 0.548534
4.198925 0.543418
4.264252 0.536338
4.329579 0.527341
4.394905 0.516486
4.460461 0.503798
4.525788 0.489450
4.591114 0.473499
4.656441 0.456057
4.721767 0.437245
4.787094 0.417201
4.852421 0.396069
4.917977 0.373930
4.957631 0.360155
4.965654 0.357338
4.967946 0.356531
4.970009 0.355804
4.972072 0.355077
4.974134 0.354349
4.976197 0.353621
4.978260 0.352891
4.980323 0.352162
4.982387 0.351431
4.984449 0.350700
4.986512 0.349969
4.988575 0.349237
4.990638 0.348504
4.992701 0.347771
4.994764 0.347037
4.996827 0.346303
4.998890 0.345568
5.000953 0.344833
5.003016 0.344097
5.005079 0.339525
5.007142 0.332481
5.009205 0.325681
5.011268 0.322142
5.013330 0.321808
5.015394 0.321586
5.017456 0.321516
5.019519 0.321654
5.021582 0.322130
5.023645 0.324765
5.025708 0.329040
5.027771 0.332830
5.029834 0.334484
5.031897 0.333741
5.033960 0.332998
5.035335 0.332502
5.068342 0.320551
5.133898 0.296582
5.199225 0.272552
5.264551 0.248578
5.329878 0.224864
5.395205 0.201836
5.460761 0.179815
5.526087 0.159023
5.591414 0.139441
5.656740 0.121120
5.722067 0.104101
5.787394 0.088417
5.853064 0.074018
5.918276 0.061086
5.957931 0.053889
5.965953 0.052494
5.968245 0.052099
5.970308 0.051745
5.972371 0.051392
5.974435 0.051041
5.976497 0.050691
5.978561 0.050343
5.980623 0.049996
5.982686 0.049650
5.984749 0.049305
5.986812 0.048962
5.988875 0.048621
5.990938 0.048280
5.993001 0.047941
5.995064 0.047603
5.997127 0.047267
5.999190 0.046932
6.001253 0.046598
6.003316 0.046266
6.005379 0.045935
6.007441 0.045605
6.009504 0.045277
6.011567 0.044950
6.013630 0.044625
6.015693 0.044300
6.017756 0.043977
6.019819 0.043379
6.021882 0.039709
6.023945 0.036729
6.026008 0.036603
6.028071 0.039455
6.030134 0.041933
6.032197 0.041754
6.034260 0.041442
6.068184 0.036498
6.133740 0.027948
6.199066 0.020710
6.264393 0.014698
6.329720 0.009848
6.395046 0.006084
6.460602 0.003312
6.525929 0.001454
6.591256 0.000390
6.656582 0.000006
6.721909 0.000000
6.787236 0.000000
6.852562 0.000000
6.918118 0.000000
6.957773 0.000000
6.965795 0.000000
6.968088 0.000000
6.970150 0.000000
6.972214 0.000000
6.974277 0.000000
6.976339 0.000000
6.978402 0.000000
6.980465 0.000000
6.982528 0.000000
6.984591 0.000000
6.986654 0.000000
6.988717 0.000000
6.990780 0.000000
6.992843 0.000000
6.994906 0.000000
6.996969 0.000000
6.999032 0.000000
7.001095 0.000000
7.003158 0.000000
7.005221 0.000000
7.007284 0.000000
7.009347 0.000000
7.011410 0.000000
7.013472 0.000000
7.015535 0.000000
7.017598 0.000000
7.019661 0.000000
7.021724 0.000000
7.023787 0.000000
7.025850 0.000000
7.027913 0.000000
7.029976 0.000000
7.032039 0.000000
7.034102 0.000000
7.068026 0.000000
7.133582 0.000000
7.198909 0.000000
7.264235 0.000000
7.329562 0.000000
7.394889 0.000000
7.460445 0.000000
7.525772 0.000000
7.591098 0.000000
7.656425 0.000000
7.721752 0.000000
7.787079 0.000000
7.852061 0.000000
7.917961 0.000000
7.957616 0.000000
7.965638 0.000000
7.967930 0.000000
7.969993 0.000000
7.972056 0.000000
7.974120 0.000000
7.976182 0.000000
7.978245 0.000000
7.980308 0.000000
7.982371 0.000000
7.984434 0.000000
7.986497 0.000000
7.988560 0.000000
7.990623 0.000000
7.992686 0.000000
7.994749 0.000000
7.996812 0.000000
7.998875 0.000000
8.000938 0.000000
8.003000 0.000000
8.005064 0.000000
8.007127 0.000000
8.009189 0.000000
8.011253 0.000000
8.013315 0.000000
8.015379 0.000000
8.017441 0.000000
8.019504 0.000000
8.021567 0.000000
8.023630 0.000000
8.025693 0.000000
8.027756 0.000000
8.029819 0.000000
8.031882 0.000000
8.033945 0.000000
8.035320 0.000000
8.068327 0.000000
8.133883 0.000000
8.199210 0.000000
8.264537 0.000000
8.329864 0.000000
8.395190 0.000000
8.460746 0.000000
8.526073 0.000000
8.591400 0.000000
8.656727 0.000000
8.722054 0.000000
8.787380 0.000000
8.852707 0.000000
8.918263 0.000000
8.957918 0.000000
8.965940 0.000000
8.968233 0.000000
8.970295 0.000000
8.972358 0.000000
8.974422 0.000000
8.976484 0.000000
8.978547 0.000000
8.980610 0.000000
8.982673 0.000000
8.984736 0.000000
8.986799 0.000000
8.988862 0.000000
8.990925 0.000000
8.992988 0.000000
8.995051 0.000000
8.997114 0.000000
8.999177 0.000000
9.001240 0.000000
9.003303 0.000000
9.005366 0.000000
9.007428 0.000000
9.009492 0.000000
9.011554 0.000000
9.013617 0.000000
9.015681 0.000000
9.017743 0.000000
9.019806 0.000000
9.021869 0.000000
9.023932 0.000000
9.025995 0.000000
9.028058 0.000000
9.030121 0.000000
9.032184 0.000000
9.034247 0.000000
9.068171 0.000000
9.133727 0.000000
9.199054 0.000000
9.264381 0.000000
9.329708 0.000000
9.395034 0.000257
9.460590 0.001173
9.525917 0.002858
9.591244 0.005424
9.656571 0.008970
9.721898 0.013586
9.787225 0.019348
9.851558 0.026209
9.918108 0.034602
9.957762 0.040247
9.965785 0.041449
9.968077 0.041796
9.970140 0.041769
9.972203 0.038966
9.974266 0.036492
9.976329 0.036916
9.978392 0.040261
9.980455 0.043649
9.982518 0.044020
9.984581 0.044343
9.986643 0.044668
9.988706 0.044994
9.990769 0.045321
9.992832 0.045649
9.994895 0.045979
9.996958 0.046310
9.999021 0.046643
10.001084 0.046976
10.003147 0.047312
10.005210 0.047648
10.007273 0.047986
10.009336 0.048325
10.011399 0.048666
10.013462 0.049008
10.015525 0.049351
10.017588 0.049696
10.019651 0.050042
10.021714 0.050389
10.023777 0.050738
10.025840 0.051088
10.027902 0.051439
10.029965 0.051792
10.032028 0.052146
10.034091 0.052501
10.068016 0.058541
10.133572 0.071257
10.198898 0.085298
10.264225 0.100699
10.329552 0.117439
10.394879 0.135490
10.460435 0.154882
10.525762 0.175429
10.591089 0.197139
10.656416 0.219947
10.721743 0.243575
10.787070 0.267511
10.852397 0.291546
10.917953 0.315562
10.957607 0.329955
10.965630 0.332850
10.967922 0.333676
10.969985 0.334419
10.972048 0.333091
10.974111 0.329411
10.976174 0.325122
10.978237 0.322197
10.980300 0.321681
10.982363 0.321518
10.984426 0.321574
10.986488 0.321784
10.988552 0.322109
10.990614 0.325169
10.992678 0.331846
10.994740 0.338951
10.996803 0.344011
10.998867 0.344768
11.000929 0.345504
11.002992 0.346238
11.005055 0.346973
11.007118 0.347707
11.009181 0.348440
11.011244 0.349173
11.013307 0.349905
11.015370 0.350636
11.017433 0.351367
11.019496 0.352098
11.021559 0.352827
11.023622 0.353557
11.025685 0.354285
11.027748 0.355013
11.029811 0.355741
11.031873 0.356467
11.033937 0.357194
11.035312 0.357677
11.068319 0.369199
11.133875 0.391513
11.199202 0.412853
11.264529 0.433138
11.329856 0.452220
11.395183 0.469960
11.460739 0.486288
11.526066 0.500975
11.591393 0.513980
11.656720 0.525216
11.722047 0.534608
11.787374 0.542095
11.851058 0.547511
11.918257 0.551175
11.957912 0.552339
11.965934 0.552484
11.968226 0.552520
11.970289 0.552550
11.972352 0.552578
11.974415 0.552604
11.976478 0.552628
11.978541 0.552650
11.980604 0.552670
11.982667 0.552670
11.984730 0.548546
11.986793 0.542288
11.988856 0.536211
11.990919 0.533407
11.992982 0.533183
11.995045 0.533024
11.997108 0.532923
11.999171 0.532876
12.001234 0.532882
12.003297 0.532938
12.005360 0.533051
12.007423 0.533221
12.009486 0.533459
12.011548 0.537290
12.013612 0.543562
12.015674 0.549626
12.017737 0.552684
12.019801 0.552666
12.021863 0.552646
12.023926 0.552623
12.025989 0.552599
12.028052 0.552572
12.030115 0.552544
12.032178 0.552513
12.034241 0.552481
12.068165 0.551657
12.133721 0.548527
12.199048 0.543407
12.264375 0.536323
12.329702 0.527322
12.395029 0.516464
12.460586 0.503772
12.525913 0.489421
12.591240 0.473467
12.656567 0.456022
12.721894 0.437208
12.787221 0.417161
12.852548 0.396027
12.918104 0.373886
12.957759 0.360111
12.965781 0.357293
12.968073 0.356486
12.970136 0.355759
12.972199 0.355032
12.974262 0.354304
12.976325 0.353575
12.978388 0.352846
12.980451 0.352116
12.982514 0.351386
12.984577 0.350655
12.986640 0.349924
12.988703 0.349191
12.990766 0.348459
12.992829 0.347726
12.994891 0.346992
12.996955 0.346257
12.999017 0.345523
13.001081 0.344787
13.003143 0.344051
13.005207 0.339121
13.007269 0.332031
13.009332 0.325317
13.011395 0.322119
13.013458 0.321791
13.015522 0.321577
13.017584 0.321518
13.019647 0.321673
13.021710 0.322176
13.023773 0.325017
13.025836 0.329303
13.027899 0.333016
13.029962 0.334438
13.032025 0.333695
13.034088 0.332952
13.068012 0.320671
13.133568 0.296703
13.198895 0.272673
13.264222 0.248699
13.329550 0.224982
13.394877 0.201949
13.460433 0.179922
13.525760 0.159124
13.591087 0.139536
13.656414 0.121208
13.721741 0.104183
13.787068 0.088492
13.850065 0.074646
13.917951 0.061147
13.957606 0.053946
13.965629 0.052550
13.967921 0.052155
13.969984 0.051801
13.972047 0.051448
13.974110 0.051096
13.976173 0.050746
13.978236 0.050398
13.980299 0.050050
13.982361 0.049704
13.984425 0.049359
13.986487 0.049016
13.988550 0.048674
13.990614 0.048334
13.992676 0.047994
13.994739 0.047656
13.996802 0.047320
13.998865 0.046985
14.000928 0.046651
14.002991 0.046318
14.005054 0.045987
14.007117 0.045657
14.009180 0.045329
14.011243 0.045002
14.013306 0.044676
14.015369 0.044351
14.017432 0.044028
14.019495 0.043683
14.021558 0.040363
14.023621 0.036956
14.025684 0.036476
14.027747 0.038873
14.029810 0.041732
14.031873 0.041804
14.033936 0.041491
14.035311 0.041284
14.068318 0.036479
14.133875 0.027932
14.199202 0.020696
14.264455 0.014692
14.329856 0.009839
14.395183 0.006077
14.460739 0.003307
14.526066 0.001451
14.591394 0.000389
14.656721 0.000006
14.722048 0.000000
14.787375 0.000000
14.852702 0.000000
14.918258 0.000000
14.957913 0.000000
14.965936 0.000000
14.968228 0.000000
14.970291 0.000000
14.972354 0.000000
14.974417 0.000000
14.976480 0.000000
14.978543 0.000000
14.980606 0.000000
14.982668 0.000000
14.984732 0.000000
14.986795 0.000000
14.988858 0.000000
14.990920 0.000000
14.992983 0.000000
14.995047 0.000000
14.997109 0.000000
14.999173 0.000000
15.001235 0.000000
15.003298 0.000000
15.005361 0.000000
15.007424 0.000000
15.009487 0.000000
15.011550 0.000000
15.013613 0.000000
15.015676 0.000000
15.017739 0.000000
15.019802 0.000000
15.021865 0.000000
15.023928 0.000000
15.025991 0.000000
15.028054 0.000000
15.030117 0.000000
15.032180 0.000000
15.034243 0.000000
15.068167 0.000000
15.133723 0.000000
15.199050 0.000000
15.264378 0.000000
15.329705 0.000000
15.395032 0.000000
15.460588 0.000000
15.525916 0.000000
15.591243 0.000000
15.656570 0.000000
15.721897 0.000000
15.787224 0.000000
15.852551 0.000000
15.920591 0.000000
15.957763 0.000000
15.965785 0.000000
15.968077 0.000000
15.970140 0.000000
15.972203 0.000000
15.974266 0.000000
15.976329 0.000000
15.978392 0.000000
15.980455 0.000000
15.982518 0.000000
15.984581 0.000000
15.986644 0.000000
15.988707 0.000000
15.990770 0.000000
15.992833 0.000000
15.994896 0.000000
15.996959 0.000000
15.999022 0.000000
16.001085 0.000000
16.003148 0.000000
16.005211 0.000000
16.007274 0.000000
16.009337 0.000000
16.011400 0.000000
16.013463 0.000000
16.015526 0.000000
16.017588 0.000000
16.019652 0.000000
16.021714 0.000000
16.023778 0.000000
16.025840 0.000000
16.027904 0.000000
16.029966 0.000000
16.032029 0.000000
16.034092 0.000000
16.068017 0.000000
16.133573 0.000000
16.198900 0.000000
16.264227 0.000000
16.329555 0.000000
16.394882 0.000000
16.460438 0.000000
16.525765 0.000000
16.591093 0.000000
16.656420 0.000000
16.721747 0.000000
16.787074 0.000000
16.852402 0.000000
16.917958 0.000000
16.957613 0.000000
16.965636 0.000000
16.967928 0.000000
16.969991 0.000000
16.972054 0.000000
16.974117 0.000000
16.976180 0.000000
16.978243 0.000000
16.980305 0.000000
16.982368 0.000000
16.984431 0.000000
16.986494 0.000000
16.988557 0.000000
16.990620 0.000000
16.992683 0.000000
16.994746 0.000000
16.996809 0.000000
16.998872 0.000000
17.000935 0.000000
17.002998 0.000000
17.005061 0.000000
17.007124 0.000000
17.009187 0.000000
17.011250 0.000000
17.013313 0.000000
17.015376 0.000000
17.017439 0.000000
17.019502 0.000000
17.021565 0.000000
17.023628 0.000000
17.025691 0.000000
17.027754 0.000000
17.029817 0.000000
17.031880 0.000000
17.033943 0.000000
17.035318 0.000000
17.068325 0.000000
17.133882 0.000000
17.199209 0.000000
17.264536 0.000000
17.329864 0.000000
17.395191 0.000259
17.460518 0.001171
17.525846 0.002856
17.591402 0.005432
17.656729 0.008980
17.722057 0.013598
17.787384 0.019364
17.852711 0.026344
17.919867 0.034842
17.957693 0.040237
17.965945 0.041473
17.968237 0.041820
17.970301 0.041643
17.972363 0.038666
17.974426 0.036446
17.976489 0.037048
17.978552 0.040584
17.980615 0.043723
17.982678 0.044045
17.984741 0.044369
17.986804 0.044693
17.988867 0.045019
17.990930 0.045346
17.992993 0.045675
17.995056 0.046005
17.997119 0.046336
17.999182 0.046669
18.001245 0.047003
18.003308 0.047338
18.005371 0.047674
18.007434 0.048012
18.009497 0.048352
18.011560 0.048692
18.013623 0.049035
18.015686 0.049378
18.017749 0.049723
18.019812 0.050069
18.021875 0.050416
18.023938 0.050765
18.026000 0.051115
18.028064 0.051467
18.030126 0.051819
18.032190 0.052174
18.034252 0.052529
18.068177 0.058571
18.133733 0.071290
18.199061 0.085335
18.264388 0.100739
18.329715 0.117483
18.395043 0.135537
18.460599 0.154932
18.525927 0.175482
18.591254 0.197195
18.656581 0.220006
18.721909 0.243635
18.787236 0.267572
18.852563 0.291607
18.917891 0.315539
18.957545 0.329933
18.965797 0.332910
18.968090 0.333736
18.970153 0.334479
18.972216 0.332849
18.974279 0.329068
18.976341 0.324791
18.978404 0.322134
18.980467 0.321656
18.982531 0.321516
18.984593 0.321585
18.986657 0.321806
18.988719 0.322140
18.990782 0.325643
18.992845 0.332435
18.994908 0.339484
18.996971 0.344092
18.999034 0.344828
19.001097 0.345563
19.003160 0.346298
19.005223 0.347033
19.007286 0.347766
19.009349 0.348500
19.011412 0.349232
19.013475 0.349964
19.015538 0.350696
19.017601 0.351427
19.019664 0.352157
19.021727 0.352887
19.023790 0.353616
19.025853 0.354345
19.027916 0.355073
19.029979 0.355800
19.032041 0.356527
19.034105 0.357253
19.068486 0.369257
19.133815 0.391493
19.199142 0.412834
19.264470 0.433120
19.329797 0.452203
19.395432 0.470025
19.460452 0.486219
19.526008 0.500962
19.591336 0.513970
19.656663 0.525207
19.721991 0.534601
19.787318 0.542089
19.852646 0.547622
19.919119 0.551208
19.957628 0.552333
19.965651 0.552479
19.967943 0.552515
19.970005 0.552546
19.972069 0.552574
19.974131 0.552600
19.976195 0.552625
19.978257 0.552647
19.980321 0.552667
19.982384 0.552685
19.984446 0.549311
19.986510 0.543182
19.988572 0.536958
19.990635 0.533443
19.992698 0.533209
19.994762 0.533043
19.996824 0.532933
19.998887 0.532880
20.000950 0.532877
20.003014 0.532928
20.005076 0.533032
20.007139 0.533193
20.009202 0.533422
20.011265 0.536524
20.013328 0.542670
20.015391 0.548877
20.017454 0.552687
20.019517 0.552669
20.021580 0.552649
20.023643 0.552626
20.025706 0.552602
20.027769 0.552576
20.029832 0.552548
20.031895 0.552518
20.033958 0.552486
20.035333 0.552463
20.068341 0.551652
20.133897 0.548515
20.199225 0.543390
20.264552 0.536301
20.329880 0.527296
20.395207 0.516432
20.460535 0.503782
20.525862 0.489432
20.591419 0.473421
20.659253 0.455274
