2.460781 0.985996 0.000136
2.526107 0.985833 0.000137
2.591434 0.985733 0.000136
2.656760 0.985697 0.000137
2.722087 0.985727 0.000136
2.787414 0.985820 0.000137
2.852740 0.985975 0.000136
2.918296 0.986190 0.000136
2.957950 0.986348 0.000298
2.965973 0.986383 0.000730
2.968265 0.986393 0.000730
2.970328 0.985901 0.000816
2.972391 0.982631 0.000730
2.974454 0.977970 0.000816
2.976517 0.973239 0.000730
2.978579 0.970836 0.000816
2.980643 0.969519 0.000730
2.982705 0.968694 0.000816
2.984768 0.968164 0.000730
2.986832 0.967784 0.000816
2.988894 0.967452 0.000730
2.990957 0.967153 0.000816
2.993020 0.966926 0.000730
2.995083 0.966766 0.000816
2.997146 0.966669 0.000730
2.999209 0.966664 0.000816
3.001272 0.966881 0.000730
3.003335 0.967193 0.000816
3.005398 0.967524 0.000730
3.007461 0.967747 0.000816
3.009524 0.967790 0.000730
3.011586 0.967786 0.000816
3.013650 0.967890 0.000730
3.015713 0.968287 0.000816
3.017775 0.969000 0.000730
3.019839 0.969942 0.000816
3.021901 0.971228 0.000730
3.023964 0.974122 0.000816
3.026027 0.979038 0.000730
3.028090 0.983669 0.000816
3.030153 0.986561 0.000730
3.032216 0.986699 0.000816
3.034279 0.986710 0.000730
3.068203 0.986894 0.000136
3.133759 0.987289 0.000136
3.199085 0.987739 0.000137
3.264412 0.988246 0.000136
3.329738 0.988806 0.000137
3.395065 0.989416 0.000136
3.460621 0.990073 0.000136
3.525947 0.990768 0.000137
3.591274 0.991498 0.000136
3.656600 0.992254 0.000137
3.721927 0.993031 0.000136
3.787253 0.993822 0.000137
3.853573 0.994632 0.000142
3.918136 0.995423 0.000136
3.957790 0.995906 0.000298
3.965813 0.996004 0.000730
3.968105 0.996032 0.000730
3.970168 0.995684 0.000816
3.972231 0.992482 0.000730
3.974294 0.987726 0.000816
3.976357 0.982950 0.000730
3.978420 0.980750 0.000816
3.980483 0.979909 0.000730
3.982546 0.979367 0.000816
3.984608 0.978684 0.000730
3.986671 0.978033 0.000816
3.988734 0.977494 0.000730
3.990798 0.977131 0.000816
3.992860 0.976848 0.000730
3.994923 0.976530 0.000816
3.996986 0.976259 0.000730
3.999049 0.976101 0.000816
4.001112 0.976131 0.000730
4.003175 0.976316 0.000816
4.005238 0.976595 0.000730
4.007301 0.976921 0.000816
4.009364 0.977233 0.000730
4.011427 0.977572 0.000816
4.013490 0.978002 0.000730
4.015553 0.978548 0.000816
4.017616 0.979286 0.000730
4.019678 0.980369 0.000816
4.021741 0.981801 0.000730
4.023805 0.984458 0.000816
4.025867 0.989090 0.000730
4.027930 0.993550 0.000816
4.029993 0.996534 0.000730
4.032056 0.996793 0.000816
4.034119 0.996817 0.000730
4.068043 0.997193 0.000136
4.133599 0.997850 0.000136
4.198925 0.998405 0.000137
4.264252 0.998849 0.000136
4.329579 0.999171 0.000137
4.394905 0.999362 0.000136
4.460461 0.999415 0.000136
4.525788 0.999314 0.000137
4.591114 0.999053 0.000136
4.656441 0.998628 0.000137
4.721767 0.998037 0.000136
4.787094 0.997280 0.000137
4.852421 0.996358 0.000136
4.917977 0.995272 0.000136
4.957631 0.994542 0.000298
4.965654 0.994388 0.000730
4.967946 0.994343 0.000730
4.970009 0.994073 0.000816
4.972072 0.991121 0.000730
4.974134 0.986466 0.000816
4.976197 0.981555 0.000730
4.978260 0.978710 0.000816
4.980323 0.977334 0.000730
4.982387 0.976368 0.000816
4.984449 0.975626 0.000730
4.986512 0.975010 0.000816
4.988575 0.974479 0.000730
4.990638 0.974044 0.000816
4.992701 0.973715 0.000730
4.994764 0.973595 0.000816
4.996827 0.973822 0.000730
4.998890 0.974165 0.000816
5.000953 0.974471 0.000730
5.003016 0.974521 0.000816
5.005079 0.974474 0.000730
5.007142 0.974413 0.000816
5.009205 0.974427 0.000730
5.011268 0.974604 0.000816
5.013330 0.974878 0.000730
5.015394 0.975188 0.000816
5.017456 0.975655 0.000730
5.019519 0.976444 0.000816
5.021582 0.977733 0.000730
5.023645 0.980255 0.000816
5.025708 0.985009 0.000730
5.027771 0.989610 0.000816
5.029834 0.992714 0.000730
5.031897 0.993034 0.000816
5.033960 0.992989 0.000730
5.035335 0.992960 0.001632
5.068342 0.992229 0.000136
5.133898 0.990680 0.000136
5.199225 0.989013 0.000137
5.264551 0.987234 0.000136
5.329878 0.985353 0.000137
5.395205 0.983408 0.000136
5.460761 0.981441 0.000136
5.526087 0.979481 0.000137
5.591414 0.977537 0.000136
5.656740 0.975625 0.000137
5.722067 0.973760 0.000136
5.787394 0.971955 0.000137
5.853064 0.970219 0.000142
5.918276 0.968587 0.000136
5.957931 0.967646 0.000298
5.965953 0.967460 0.000730
5.968245 0.967407 0.000730
5.970308 0.966867 0.000816
5.972371 0.963605 0.000730
5.974435 0.958863 0.000816
5.976497 0.953992 0.000730
5.978561 0.951417 0.000816
5.980623 0.950151 0.000730
5.982686 0.949534 0.000816
5.984749 0.949135 0.000730
5.986812 0.948752 0.000816
5.988875 0.948160 0.000730
5.990938 0.947562 0.000816
5.993001 0.947041 0.000730
5.995064 0.946713 0.000816
5.997127 0.946559 0.000730
5.999190 0.946455 0.000816
6.001253 0.946406 0.000730
6.003316 0.946413 0.000816
6.005379 0.946487 0.000730
6.007441 0.946576 0.000816
6.009504 0.946714 0.000730
6.011567 0.946935 0.000816
6.013630 0.947297 0.000730
6.015693 0.948070 0.000816
6.017756 0.949102 0.000730
6.019819 0.950306 0.000816
6.021882 0.951552 0.000730
6.023945 0.954170 0.000816
6.026008 0.958767 0.000730
6.028071 0.963164 0.000816
6.030134 0.965900 0.000730
6.032197 0.965994 0.000816
6.034260 0.965950 0.000730
6.068184 0.965250 0.000136
6.133740 0.963995 0.000136
6.199066 0.962880 0.000137
6.264393 0.961905 0.000136
6.329720 0.961069 0.000137
6.395046 0.960373 0.000136
6.460602 0.959821 0.000136
6.525929 0.959416 0.000137
6.591256 0.959159 0.000136
6.656582 0.959049 0.000137
6.721909 0.959085 0.000136
6.787236 0.959267 0.000137
6.852562 0.959595 0.000136
6.918118 0.960070 0.000136
6.957773 0.960427 0.000298
6.965795 0.960506 0.000730
6.968088 0.960528 0.000730
6.970150 0.960197 0.000816
6.972214 0.957225 0.000730
6.974277 0.952873 0.000816
6.976339 0.948234 0.000730
6.978402 0.945640 0.000816
6.980465 0.944164 0.000730
6.982528 0.943302 0.000816
6.984591 0.942845 0.000730
6.986654 0.942544 0.000816
6.988717 0.942269 0.000730
6.990780 0.941802 0.000816
6.992843 0.941212 0.000730
6.994906 0.940679 0.000816
6.996969 0.940354 0.000730
6.999032 0.940355 0.000816
7.001095 0.940665 0.000730
7.003158 0.941103 0.000816
7.005221 0.941553 0.000730
7.007284 0.941826 0.000816
7.009347 0.941956 0.000730
7.011410 0.942052 0.000816
7.013472 0.942248 0.000730
7.015535 0.942671 0.000816
7.017598 0.943382 0.000730
7.019661 0.944312 0.000816
7.021724 0.945585 0.000730
7.023787 0.948271 0.000816
7.025850 0.953153 0.000730
7.027913 0.957862 0.000816
7.029976 0.960961 0.000730
7.032039 0.961236 0.000816
7.034102 0.961261 0.000730
7.068026 0.961693 0.000136
7.133582 0.962632 0.000136
7.198909 0.963708 0.000137
7.264235 0.964920 0.000136
7.329562 0.966261 0.000137
7.394889 0.967721 0.000136
7.460445 0.969296 0.000136
7.525772 0.970964 0.000137
7.591098 0.972717 0.000136
7.656425 0.974539 0.000137
7.721752 0.976417 0.000136
7.787079 0.978333 0.000137
7.852061 0.980263 0.000142
7.917961 0.982228 0.000136
7.957616 0.983408 0.000298
7.965638 0.983645 0.000730
7.967930 0.983713 0.000730
7.969993 0.983548 0.000816
7.972056 0.980576 0.000730
7.974120 0.975884 0.000816
7.976182 0.970987 0.000730
7.978245 0.968383 0.000816
7.980308 0.967341 0.000730
7.982371 0.966652 0.000816
7.984434 0.966281 0.000730
7.986497 0.966215 0.000816
7.988560 0.966272 0.000730
7.990623 0.966247 0.000816
7.992686 0.965945 0.000730
7.994749 0.965455 0.000816
7.996812 0.964981 0.000730
7.998875 0.964675 0.000816
8.000938 0.964719 0.000730
8.003000 0.964976 0.000816
8.005064 0.965354 0.000730
8.007127 0.965777 0.000816
8.009189 0.966149 0.000730
8.011253 0.966342 0.000816
8.013315 0.966447 0.000730
8.015379 0.966663 0.000816
8.017441 0.967215 0.000730
8.019504 0.968407 0.000816
8.021567 0.969968 0.000730
8.023630 0.972589 0.000816
8.025693 0.977298 0.000730
8.027756 0.981918 0.000816
8.029819 0.985143 0.000730
8.031882 0.985587 0.000816
8.033945 0.985646 0.000730
8.035320 0.985685 0.001632
8.068327 0.986618 0.000136
8.133883 0.988392 0.000136
8.199210 0.990049 0.000137
8.264537 0.991586 0.000136
8.329864 0.992996 0.000137
8.395190 0.994272 0.000136
8.460746 0.995411 0.000136
8.526073 0.996394 0.000137
8.591400 0.997219 0.000136
8.656727 0.997883 0.000137
8.722054 0.998387 0.000136
8.787380 0.998730 0.000137
8.852707 0.998916 0.000136
8.918263 0.998950 0.000136
8.957918 0.998902 0.000298
8.965940 0.998886 0.000730
8.968233 0.998881 0.000730
8.970295 0.998406 0.000816
8.972358 0.995206 0.000730
8.974422 0.990472 0.000816
8.976484 0.985686 0.000730
8.978547 0.983204 0.000816
8.980610 0.981931 0.000730
8.982673 0.981040 0.000816
8.984736 0.980358 0.000730
8.986799 0.979741 0.000816
8.988862 0.979190 0.000730
8.990925 0.978737 0.000816
8.992988 0.978432 0.000730
8.995051 0.978332 0.000816
8.997114 0.978436 0.000730
8.999177 0.978616 0.000816
9.001240 0.978789 0.000730
9.003303 0.978857 0.000816
9.005366 0.979267 0.000730
9.007428 0.979859 0.000816
9.009492 0.980486 0.000730
9.011554 0.980940 0.000816
9.013617 0.981091 0.000730
9.015681 0.981222 0.000816
9.017743 0.981529 0.000730
9.019806 0.982336 0.000816
9.021869 0.983756 0.000730
9.023932 0.986614 0.000816
9.025995 0.991368 0.000730
9.028058 0.995761 0.000816
9.030121 0.998540 0.000730
9.032184 0.998679 0.000816
9.034247 0.998671 0.000730
9.068171 0.998512 0.000136
9.133727 0.998114 0.000136
9.199054 0.997603 0.000137
9.264381 0.996990 0.000136
9.329708 0.996285 0.000137
9.395034 0.995524 0.000136
9.460590 0.994747 0.000136
9.525917 0.993966 0.000137
9.591244 0.993186 0.000136
9.656571 0.992414 0.000137
9.721898 0.991656 0.000136
9.787225 0.990919 0.000137
9.851558 0.990225 0.000142
9.918108 0.989545 0.000136
9.957762 0.989162 0.000298
