9.395034 0.995467 0.000136
9.460590 0.994696 0.000136
9.525917 0.993926 0.000137
9.591244 0.993162 0.000136
9.656571 0.992409 0.000137
9.721898 0.991673 0.000136
9.787225 0.990961 0.000137
9.851558 0.990287 0.000142
9.918108 0.989625 0.000136
9.957762 0.989249 0.000298
9.965785 0.989175 0.000730
9.968077 0.989154 0.000730
9.970140 0.988791 0.000816
9.972203 0.985641 0.000730
9.974266 0.980980 0.000816
9.976329 0.976233 0.000730
9.978392 0.973744 0.000816
9.980455 0.972536 0.000730
9.982518 0.971682 0.000816
9.984581 0.971040 0.000730
9.986643 0.970534 0.000816
9.988706 0.970024 0.000730
9.990769 0.969535 0.000816
9.992832 0.969118 0.000730
9.994895 0.968843 0.000816
9.996958 0.968751 0.000730
9.999021 0.968863 0.000816
10.001084 0.969065 0.000730
10.003147 0.969281 0.000816
10.005210 0.969404 0.000730
10.007273 0.969271 0.000816
10.009336 0.969010 0.000730
10.011399 0.968839 0.000816
10.013462 0.969007 0.000730
10.015525 0.969926 0.000816
10.017588 0.971195 0.000730
10.019651 0.972630 0.000816
10.021714 0.974078 0.000730
10.023777 0.976565 0.000816
10.025840 0.981111 0.000730
10.027902 0.985492 0.000816
10.029965 0.988356 0.000730
10.032028 0.988588 0.000816
10.034091 0.988570 0.000730
10.068016 0.988289 0.000136
10.133572 0.987782 0.000136
10.198898 0.987330 0.000137
10.264225 0.986932 0.000136
10.329552 0.986588 0.000137
10.394879 0.986300 0.000136
10.460435 0.986069 0.000136
10.525762 0.985902 0.000137
10.591089 0.985797 0.000136
10.656416 0.985757 0.000137
10.721743 0.985782 0.000136
10.787070 0.985865 0.000137
10.852397 0.986008 0.000136
10.917953 0.986210 0.000136
10.957607 0.986360 0.000298
10.965630 0.986393 0.000730
10.967922 0.986403 0.000730
10.969985 0.986205 0.000816
10.972048 0.983307 0.000730
10.974111 0.978749 0.000816
10.976174 0.973924 0.000730
10.978237 0.971137 0.000816
10.980300 0.969826 0.000730
10.982363 0.968926 0.000816
10.984426 0.968296 0.000730
10.986488 0.967826 0.000816
10.988552 0.967450 0.000730
10.990614 0.967148 0.000816
10.992678 0.966934 0.000730
10.994740 0.966792 0.000816
10.996803 0.966701 0.000730
10.998867 0.966657 0.000816
11.000929 0.966704 0.000730
11.002992 0.966818 0.000816
11.005055 0.966983 0.000730
11.007118 0.967173 0.000816
11.009181 0.967343 0.000730
11.011244 0.967510 0.000816
11.013307 0.967769 0.000730
11.015370 0.968207 0.000816
11.017433 0.969023 0.000730
11.019496 0.970091 0.000816
11.021559 0.971386 0.000730
11.023622 0.973645 0.000816
11.025685 0.978259 0.000730
11.027748 0.982926 0.000816
11.029811 0.986281 0.000730
11.031873 0.986696 0.000816
11.033937 0.986707 0.000730
11.035312 0.986714 0.001632
11.068319 0.986887 0.000136
11.133875 0.987273 0.000136
11.199202 0.987721 0.000137
11.264529 0.988229 0.000136
11.329856 0.988794 0.000137
11.395183 0.989409 0.000136
11.460739 0.990070 0.000136
11.526066 0.990767 0.000137
11.591393 0.991493 0.000136
11.656720 0.992242 0.000137
11.722047 0.993009 0.000136
11.787374 0.993790 0.000137
11.851058 0.994560 0.000142
11.918257 0.995378 0.000136
11.957912 0.995860 0.000298
11.965934 0.995957 0.000730
11.968226 0.995985 0.000730
11.970289 0.995510 0.000816
11.972352 0.992198 0.000730
11.974415 0.987568 0.000816
11.976478 0.983041 0.000730
11.978541 0.981060 0.000816
11.980604 0.980099 0.000730
11.982667 0.979431 0.000816
11.984730 0.978658 0.000730
11.986793 0.977917 0.000816
11.988856 0.977291 0.000730
11.990919 0.976899 0.000816
11.992982 0.976660 0.000730
11.995045 0.976451 0.000816
11.997108 0.976299 0.000730
11.999171 0.976227 0.000816
12.001234 0.976261 0.000730
12.003297 0.976391 0.000816
12.005360 0.976593 0.000730
12.007423 0.976848 0.000816
12.009486 0.977136 0.000730
12.011548 0.977497 0.000816
12.013612 0.977961 0.000730
12.015674 0.978542 0.000816
12.017737 0.979277 0.000730
12.019801 0.980252 0.000816
12.021863 0.981586 0.000730
12.023926 0.984402 0.000816
12.025989 0.989190 0.000730
12.028052 0.993711 0.000816
12.030115 0.996577 0.000730
12.032178 0.996750 0.000816
12.034241 0.996774 0.000730
12.068165 0.997151 0.000136
12.133721 0.997811 0.000136
12.199048 0.998366 0.000137
12.264375 0.998807 0.000136
12.329702 0.999124 0.000137
12.395029 0.999306 0.000136
12.460586 0.999344 0.000136
12.525913 0.999233 0.000137
12.591240 0.998966 0.000136
12.656567 0.998542 0.000137
12.721894 0.997957 0.000136
12.787221 0.997214 0.000137
12.852548 0.996312 0.000136
12.918104 0.995251 0.000136
12.957759 0.994535 0.000298
12.965781 0.994384 0.000730
12.968073 0.994340 0.000730
12.970136 0.993960 0.000816
12.972199 0.990778 0.000730
12.974262 0.986127 0.000816
12.976325 0.981404 0.000730
12.978388 0.978844 0.000816
12.980451 0.977337 0.000730
12.982514 0.976114 0.000816
12.984577 0.975172 0.000730
12.986640 0.974784 0.000816
12.988703 0.974658 0.000730
12.990766 0.974627 0.000816
12.992829 0.974511 0.000730
12.994891 0.974361 0.000816
12.996955 0.974404 0.000730
12.999017 0.974525 0.000816
13.001081 0.974650 0.000730
13.003143 0.974674 0.000816
13.005207 0.974554 0.000730
13.007269 0.974394 0.000816
13.009332 0.974319 0.000730
13.011395 0.974470 0.000816
13.013458 0.974803 0.000730
13.015522 0.975224 0.000816
13.017584 0.975803 0.000730
13.019647 0.976649 0.000816
13.021710 0.977904 0.000730
13.023773 0.980541 0.000816
13.025836 0.985309 0.000730
13.027899 0.989871 0.000816
13.029962 0.992838 0.000730
13.032025 0.993051 0.000816
13.034088 0.993007 0.000730
13.068012 0.992266 0.000136
13.133568 0.990730 0.000136
13.198895 0.989072 0.000137
13.264222 0.987296 0.000136
13.329550 0.985411 0.000137
13.394877 0.983458 0.000136
13.460433 0.981483 0.000136
13.525760 0.979517 0.000137
13.591087 0.977570 0.000136
13.656414 0.975658 0.000137
13.721741 0.973795 0.000136
13.787068 0.971997 0.000137
13.850065 0.970337 0.000142
13.917951 0.968643 0.000136
13.957606 0.967704 0.000298
13.965629 0.967519 0.000730
13.967921 0.967467 0.000730
13.969984 0.967206 0.000816
13.972047 0.964215 0.000730
13.974110 0.959575 0.000816
13.976173 0.954682 0.000730
13.978236 0.951871 0.000816
13.980299 0.950519 0.000730
13.982361 0.949576 0.000816
13.984425 0.948860 0.000730
13.986487 0.948293 0.000816
13.988550 0.947886 0.000730
13.990614 0.947633 0.000816
13.992676 0.947460 0.000730
13.994739 0.947313 0.000816
13.996802 0.947111 0.000730
13.998865 0.946730 0.000816
14.000928 0.946341 0.000730
14.002991 0.946057 0.000816
14.005054 0.946061 0.000730
14.007117 0.946362 0.000816
14.009180 0.946891 0.000730
14.011243 0.947493 0.000816
14.013306 0.948042 0.000730
14.015369 0.948613 0.000816
14.017432 0.949404 0.000730
14.019495 0.950384 0.000816
14.021558 0.951461 0.000730
14.023621 0.953591 0.000816
14.025684 0.958045 0.000730
14.027747 0.962574 0.000816
14.029810 0.965711 0.000730
14.031873 0.966056 0.000816
14.033936 0.966013 0.000730
14.035311 0.965984 0.001632
14.068318 0.965303 0.000136
14.133875 0.964048 0.000136
14.199202 0.962931 0.000137
14.264455 0.961954 0.000137
14.329856 0.961115 0.000137
14.395183 0.960422 0.000136
14.460739 0.959874 0.000136
14.526066 0.959478 0.000137
14.591394 0.959232 0.000136
14.656721 0.959136 0.000137
14.722048 0.959189 0.000136
14.787375 0.959384 0.000137
14.852702 0.959721 0.000136
14.918258 0.960200 0.000136
14.957913 0.960556 0.000298
14.965936 0.960634 0.000730
14.968228 0.960657 0.000730
14.970291 0.960216 0.000816
14.972354 0.957091 0.000730
14.974417 0.952613 0.000816
14.976480 0.948017 0.000730
14.978543 0.945639 0.000816
14.980606 0.944322 0.000730
14.982668 0.943403 0.000816
14.984732 0.942726 0.000730
14.986795 0.942198 0.000816
14.988858 0.941803 0.000730
14.990920 0.941477 0.000816
14.992983 0.941190 0.000730
14.995047 0.940969 0.000816
14.997109 0.940843 0.000730
14.999173 0.940819 0.000816
15.001235 0.940868 0.000730
15.003298 0.940975 0.000816
15.005361 0.941138 0.000730
15.007424 0.941343 0.000816
15.009487 0.941683 0.000730
15.011550 0.942145 0.000816
15.013613 0.942697 0.000730
15.015676 0.943287 0.000816
15.017739 0.943780 0.000730
15.019802 0.944449 0.000816
15.021865 0.945628 0.000730
15.023928 0.948656 0.000816
15.025991 0.953708 0.000730
15.028054 0.958378 0.000816
15.030117 0.961189 0.000730
15.032180 0.961357 0.000816
15.034243 0.961382 0.000730
15.068167 0.961806 0.000136
15.133723 0.962724 0.000136
15.199050 0.963774 0.000137
15.264378 0.964958 0.000136
15.329705 0.966269 0.000137
15.395032 0.967703 0.000136
15.460588 0.969255 0.000136
15.525916 0.970906 0.000137
15.591243 0.972651 0.000136
15.656570 0.974475 0.000137
15.721897 0.976361 0.000136
15.787224 0.978292 0.000137
15.852551 0.980251 0.000136
15.920591 0.982302 0.000142
15.957763 0.983419 0.000298
15.965785 0.983659 0.000730
15.968077 0.983728 0.000730
15.970140 0.983453 0.000816
15.972203 0.980339 0.000730
15.974266 0.975504 0.000816
15.976329 0.970606 0.000730
15.978392 0.968373 0.000816
15.980455 0.967734 0.000730
15.982518 0.967391 0.000816
15.984581 0.966888 0.000730
15.986644 0.966458 0.000816
15.988707 0.966137 0.000730
15.990770 0.965903 0.000816
15.992833 0.965646 0.000730
15.994896 0.965318 0.000816
15.996959 0.965031 0.000730
15.999022 0.964871 0.000816
16.001085 0.964929 0.000730
16.003148 0.965012 0.000816
16.005211 0.965140 0.000730
16.007274 0.965331 0.000816
16.009337 0.965618 0.000730
16.011400 0.965958 0.000816
16.013463 0.966360 0.000730
16.015526 0.966879 0.000816
16.017588 0.967591 0.000730
16.019652 0.968576 0.000816
16.021714 0.969921 0.000730
16.023778 0.972684 0.000816
16.025840 0.977567 0.000730
16.027904 0.982255 0.000816
16.029966 0.985310 0.000730
16.032029 0.985620 0.000816
16.034092 0.985680 0.000730
16.068017 0.986646 0.000136
16.133573 0.988427 0.000136
16.198900 0.990082 0.000137
16.264227 0.991611 0.000136
16.329555 0.993005 0.000137
16.394882 0.994259 0.000136
16.460438 0.995372 0.000136
16.525765 0.996333 0.000137
16.591093 0.997141 0.000136
16.656420 0.997794 0.000137
16.721747 0.998293 0.000136
16.787074 0.998639 0.000137
16.852402 0.998832 0.000136
