0.852604 0.998950 0.000136
0.918159 0.999006 0.000136
0.957813 0.998965 0.000298
0.965836 0.998950 0.000730
0.968128 0.998945 0.000730
0.970191 0.998560 0.000816
0.972254 0.995420 0.000730
0.974317 0.990718 0.000816
0.976380 0.985910 0.000730
0.978443 0.983391 0.000816
0.980506 0.982198 0.000730
0.982569 0.981391 0.000816
0.984632 0.980772 0.000730
0.986695 0.980090 0.000816
0.988758 0.979418 0.000730
0.990820 0.978843 0.000816
0.992884 0.978472 0.000730
0.994946 0.978403 0.000816
0.997009 0.978633 0.000730
0.999073 0.978960 0.000816
1.001135 0.979248 0.000730
1.003198 0.979318 0.000816
1.005261 0.979566 0.000730
1.007324 0.979937 0.000816
1.009387 0.980364 0.000730
1.011450 0.980747 0.000816
1.013513 0.980932 0.000730
1.015576 0.981090 0.000816
1.017639 0.981419 0.000730
1.019701 0.982099 0.000816
1.021765 0.983272 0.000730
1.023827 0.985990 0.000816
1.025891 0.990866 0.000730
1.027954 0.995569 0.000816
1.030016 0.998544 0.000730
1.032079 0.998743 0.000816
1.034142 0.998735 0.000730
1.068066 0.998571 0.000136
1.133622 0.998156 0.000136
1.198948 0.997622 0.000137
1.264275 0.996981 0.000136
1.329601 0.996245 0.000137
1.394928 0.995459 0.000136
1.460483 0.994669 0.000136
1.525810 0.993886 0.000137
1.591136 0.993113 0.000136
1.656463 0.992355 0.000137
1.721789 0.991618 0.000136
1.787116 0.990906 0.000137
1.854085 0.990207 0.000142
1.917998 0.989575 0.000136
1.957652 0.989202 0.000298
1.965675 0.989128 0.000730
1.967967 0.989107 0.000730
1.970030 0.988840 0.000816
1.972093 0.985884 0.000730
1.974156 0.981310 0.000816
1.976219 0.976444 0.000730
1.978282 0.973645 0.000816
1.980345 0.972322 0.000730
1.982407 0.971584 0.000816
1.984470 0.971084 0.000730
1.986533 0.970675 0.000816
1.988596 0.970145 0.000730
1.990660 0.969606 0.000816
1.992722 0.969137 0.000730
1.994785 0.968823 0.000816
1.996848 0.968703 0.000730
1.998911 0.968709 0.000816
2.000974 0.968786 0.000730
2.003037 0.968903 0.000816
2.005100 0.969012 0.000730
2.007163 0.969023 0.000816
2.009226 0.968990 0.000730
2.011289 0.969035 0.000816
2.013352 0.969294 0.000730
2.015414 0.970014 0.000816
2.017478 0.971012 0.000730
2.019540 0.972201 0.000816
2.021603 0.973652 0.000730
2.023667 0.976156 0.000816
2.025729 0.980791 0.000730
2.027792 0.985251 0.000816
2.029855 0.988222 0.000730
2.031918 0.988546 0.000816
2.033981 0.988528 0.000730
2.035356 0.988517 0.001632
2.068364 0.988246 0.000136
2.133919 0.987746 0.000136
2.199246 0.987302 0.000137
2.264572 0.986911 0.000136
2.329899 0.986569 0.000137
2.395225 0.986280 0.000136
2.460781 0.986045 0.000136
2.526107 0.985869 0.000137
2.591434 0.985752 0.000136
2.656760 0.985698 0.000137
2.722087 0.985707 0.000136
2.787414 0.985780 0.000137
2.852740 0.985917 0.000136
2.918296 0.986118 0.000136
2.957950 0.986270 0.000298
2.965973 0.986304 0.000730
2.968265 0.986314 0.000730
2.970328 0.985809 0.000816
2.972391 0.982577 0.000730
2.974454 0.978007 0.000816
2.976517 0.973383 0.000730
2.978579 0.971063 0.000816
2.980643 0.969767 0.000730
2.982705 0.968962 0.000816
2.984768 0.968451 0.000730
2.986832 0.968086 0.000816
2.988894 0.967764 0.000730
2.990957 0.967338 0.000816
2.993020 0.966874 0.000730
2.995083 0.966476 0.000816
2.997146 0.966248 0.000730
2.999209 0.966241 0.000816
3.001272 0.966447 0.000730
3.003335 0.966747 0.000816
3.005398 0.967067 0.000730
3.007461 0.967291 0.000816
3.009524 0.967419 0.000730
3.011586 0.967547 0.000816
3.013650 0.967780 0.000730
3.015713 0.968245 0.000816
3.017775 0.969024 0.000730
3.019839 0.970045 0.000816
3.021901 0.971358 0.000730
3.023964 0.974178 0.000816
3.026027 0.979005 0.000730
3.028090 0.983581 0.000816
3.030153 0.986477 0.000730
3.032216 0.986615 0.000816
3.034279 0.986625 0.000730
3.068203 0.986809 0.000136
3.133759 0.987208 0.000136
3.199085 0.987669 0.000137
3.264412 0.988190 0.000136
3.329738 0.988769 0.000137
3.395065 0.989400 0.000136
3.460621 0.990080 0.000136
3.525947 0.990799 0.000137
3.591274 0.991552 0.000136
3.656600 0.992328 0.000137
3.721927 0.993119 0.000136
3.787253 0.993920 0.000137
3.853573 0.994736 0.000142
3.918136 0.995525 0.000136
3.957790 0.996005 0.000298
3.965813 0.996101 0.000730
3.968105 0.996129 0.000730
3.970168 0.995785 0.000816
3.972231 0.992617 0.000730
3.974294 0.987897 0.000816
3.976357 0.983121 0.000730
3.978420 0.980770 0.000816
3.980483 0.979742 0.000730
3.982546 0.979038 0.000816
3.984608 0.978489 0.000730
3.986671 0.978111 0.000816
3.988734 0.977844 0.000730
3.990798 0.977616 0.000816
3.992860 0.977337 0.000730
3.994923 0.977019 0.000816
3.996986 0.976746 0.000730
3.999049 0.976587 0.000816
4.001112 0.976617 0.000730
4.003175 0.976804 0.000816
4.005238 0.977087 0.000730
4.007301 0.977414 0.000816
4.009364 0.977723 0.000730
4.011427 0.977934 0.000816
4.013490 0.978136 0.000730
4.015553 0.978458 0.000816
4.017616 0.979078 0.000730
4.019678 0.980167 0.000816
4.021741 0.981616 0.000730
4.023805 0.984352 0.000816
4.025867 0.989081 0.000730
4.027930 0.993619 0.000816
4.029993 0.996621 0.000730
4.032056 0.996880 0.000816
4.034119 0.996903 0.000730
4.068043 0.997270 0.000136
4.133599 0.997908 0.000136
4.198925 0.998439 0.000137
4.264252 0.998854 0.000136
4.329579 0.999145 0.000137
4.394905 0.999302 0.000136
4.460461 0.999319 0.000136
4.525788 0.999188 0.000137
4.591114 0.998906 0.000136
4.656441 0.998471 0.000137
4.721767 0.997882 0.000136
4.787094 0.997141 0.000137
4.852421 0.996251 0.000136
4.917977 0.995209 0.000136
4.957631 0.994507 0.000298
4.965654 0.994359 0.000730
4.967946 0.994316 0.000730
4.970009 0.994037 0.000816
4.972072 0.990909 0.000730
4.974134 0.986151 0.000816
4.976197 0.981211 0.000730
4.978260 0.978507 0.000816
4.980323 0.977311 0.000730
4.982387 0.976473 0.000816
4.984449 0.975832 0.000730
4.986512 0.975212 0.000816
4.988575 0.974657 0.000730
4.990638 0.974195 0.000816
4.992701 0.973853 0.000730
4.994764 0.973686 0.000816
4.996827 0.973722 0.000730
4.998890 0.973844 0.000816
5.000953 0.973976 0.000730
5.003016 0.974008 0.000816
5.005079 0.974141 0.000730
5.007142 0.974376 0.000816
5.009205 0.974676 0.000730
5.011268 0.974992 0.000816
5.013330 0.975257 0.000730
5.015394 0.975555 0.000816
5.017456 0.976007 0.000730
5.019519 0.976780 0.000816
5.021582 0.978050 0.000730
5.023645 0.980494 0.000816
5.025708 0.985143 0.000730
5.027771 0.989654 0.000816
5.029834 0.992722 0.000730
5.031897 0.993050 0.000816
5.033960 0.993007 0.000730
5.035335 0.992978 0.001632
5.068342 0.992268 0.000136
5.133898 0.990753 0.000136
5.199225 0.989112 0.000137
5.264551 0.987346 0.000136
5.329878 0.985463 0.000137
5.395205 0.983506 0.000136
5.460761 0.981522 0.000136
5.526087 0.979545 0.000137
5.591414 0.977583 0.000136
5.656740 0.975656 0.000137
5.722067 0.973778 0.000136
5.787394 0.971965 0.000137
5.853064 0.970224 0.000142
5.918276 0.968589 0.000136
5.957931 0.967644 0.000298
5.965953 0.967458 0.000730
5.968245 0.967405 0.000730
5.970308 0.966847 0.000816
5.972371 0.963391 0.000730
5.974435 0.958627 0.000816
5.976497 0.954071 0.000730
5.978561 0.952016 0.000816
5.980623 0.950764 0.000730
5.982686 0.949465 0.000816
5.984749 0.948353 0.000730
5.986812 0.947565 0.000816
5.988875 0.947161 0.000730
5.990938 0.946888 0.000816
5.993001 0.946690 0.000730
5.995064 0.946517 0.000816
5.997127 0.946395 0.000730
5.999190 0.946421 0.000816
6.001253 0.946520 0.000730
6.003316 0.946645 0.000816
6.005379 0.946731 0.000730
6.007441 0.946797 0.000816
6.009504 0.946900 0.000730
6.011567 0.947088 0.000816
6.013630 0.947429 0.000730
6.015693 0.948066 0.000816
6.017756 0.948910 0.000730
6.019819 0.949965 0.000816
6.021882 0.951325 0.000730
6.023945 0.954138 0.000816
6.026008 0.958850 0.000730
6.028071 0.963217 0.000816
6.030134 0.965897 0.000730
6.032197 0.965988 0.000816
6.034260 0.965944 0.000730
6.068184 0.965242 0.000136
6.133740 0.963982 0.000136
6.199066 0.962864 0.000137
6.264393 0.961886 0.000136
6.329720 0.961046 0.000137
6.395046 0.960348 0.000136
6.460602 0.959794 0.000136
6.525929 0.959389 0.000137
6.591256 0.959132 0.000136
6.656582 0.959024 0.000137
6.721909 0.959064 0.000136
6.787236 0.959253 0.000137
6.852562 0.959591 0.000136
6.918118 0.960077 0.000136
6.957773 0.960441 0.000298
6.965795 0.960521 0.000730
6.968088 0.960544 0.000730
6.970150 0.960221 0.000816
6.972214 0.957234 0.000730
6.974277 0.952829 0.000816
6.976339 0.948138 0.000730
6.978402 0.945508 0.000816
6.980465 0.944042 0.000730
6.982528 0.942994 0.000816
6.984591 0.942207 0.000730
6.986654 0.941573 0.000816
6.988717 0.941113 0.000730
6.990780 0.941006 0.000816
6.992843 0.941178 0.000730
6.994906 0.941435 0.000816
6.996969 0.941595 0.000730
6.999032 0.941524 0.000816
7.001095 0.941177 0.000730
7.003158 0.940785 0.000816
7.005221 0.940513 0.000730
7.007284 0.940608 0.000816
7.009347 0.940930 0.000730
7.011410 0.941370 0.000816
7.013472 0.941905 0.000730
7.015535 0.942525 0.000816
7.017598 0.943334 0.000730
7.019661 0.944388 0.000816
7.021724 0.945757 0.000730
7.023787 0.948434 0.000816
7.025850 0.953254 0.000730
7.027913 0.957912 0.000816
7.029976 0.960989 0.000730
7.032039 0.961263 0.000816
7.034102 0.961289 0.000730
7.068026 0.961726 0.000136
7.133582 0.962673 0.000136
7.198909 0.963754 0.000137
7.264235 0.964968 0.000136
7.329562 0.966308 0.000137
7.394889 0.967766 0.000136
7.460445 0.969338 0.000136
7.525772 0.971002 0.000137
7.591098 0.972751 0.000136
7.656425 0.974569 0.000137
7.721752 0.976439 0.000136
7.787079 0.978347 0.000137
7.852061 0.980269 0.000142
7.917961 0.982225 0.000136
7.957616 0.983398 0.000298
7.965638 0.983635 0.000730
7.967930 0.983702 0.000730
7.969993 0.983541 0.000816
7.972056 0.980599 0.000730
7.974120 0.975907 0.000816
7.976182 0.971010 0.000730
7.978245 0.968466 0.000816
7.980308 0.967547 0.000730
7.982371 0.966973 0.000816
7.984434 0.966526 0.000730
7.986497 0.966267 0.000816
7.988560 0.966125 0.000730
7.990623 0.965989 0.000816
7.992686 0.965693 0.000730
7.994749 0.965229 0.000816
7.996812 0.964784 0.000730
7.998875 0.964499 0.000816
8.000938 0.964541 0.000730
8.003000 0.964558 0.000816
8.005064 0.964588 0.000730
8.007127 0.964688 0.000816
8.009189 0.964937 0.000730
8.011253 0.965492 0.000816
8.013315 0.966330 0.000730
8.015379 0.967282 0.000816
8.017441 0.968186 0.000730
8.019504 0.968799 0.000816
8.021567 0.969709 0.000730
8.023630 0.971988 0.000816
8.025693 0.976892 0.000730
8.027756 0.981789 0.000816
8.029819 0.985120 0.000730
8.031882 0.985567 0.000816
8.033945 0.985626 0.000730
8.035320 0.985665 0.001632
8.068327 0.986594 0.000136
8.133883 0.988362 0.000136
8.199210 0.990012 0.000137
8.264537 0.991544 0.000136
8.329864 0.992949 0.000137
