6.199066 0.962969 0.000137
6.264393 0.961952 0.000136
6.329720 0.961078 0.000137
6.395046 0.960351 0.000136
6.460602 0.959775 0.000136
6.525929 0.959356 0.000137
6.591256 0.959095 0.000136
6.656582 0.958992 0.000137
6.721909 0.959045 0.000136
6.787236 0.959248 0.000137
6.852562 0.959599 0.000136
6.918118 0.960098 0.000136
6.957773 0.960469 0.000298
6.965795 0.960550 0.000730
6.968088 0.960574 0.000730
6.970150 0.960266 0.000816
6.972214 0.957208 0.000730
6.974277 0.952613 0.000816
6.976339 0.947987 0.000730
6.978402 0.945612 0.000816
6.980465 0.944537 0.000730
6.982528 0.943528 0.000816
6.984591 0.942528 0.000730
6.986654 0.941673 0.000816
6.988717 0.941095 0.000730
6.990780 0.940930 0.000816
6.992843 0.940982 0.000730
6.994906 0.941115 0.000816
6.996969 0.941199 0.000730
6.999032 0.941158 0.000816
7.001095 0.941079 0.000730
7.003158 0.941027 0.000816
7.005221 0.941050 0.000730
7.007284 0.941217 0.000816
7.009347 0.941429 0.000730
7.011410 0.941672 0.000816
7.013472 0.942013 0.000730
7.015535 0.942521 0.000816
7.017598 0.943251 0.000730
7.019661 0.944205 0.000816
7.021724 0.945557 0.000730
7.023787 0.948369 0.000816
7.025850 0.953308 0.000730
7.027913 0.958015 0.000816
7.029976 0.961032 0.000730
7.032039 0.961302 0.000816
7.034102 0.961328 0.000730
7.068026 0.961768 0.000136
7.133582 0.962720 0.000136
7.198909 0.963800 0.000137
7.264235 0.965009 0.000136
7.329562 0.966339 0.000137
7.394889 0.967783 0.000136
7.460445 0.969337 0.000136
7.525772 0.970980 0.000137
7.591098 0.972708 0.000136
7.656425 0.974509 0.000137
7.721752 0.976370 0.000136
7.787079 0.978275 0.000137
7.852061 0.980199 0.000142
7.917961 0.982165 0.000136
7.957616 0.983347 0.000298
7.965638 0.983586 0.000730
7.967930 0.983654 0.000730
7.969993 0.983494 0.000816
7.972056 0.980602 0.000730
7.974120 0.976060 0.000816
7.976182 0.971352 0.000730
7.978245 0.969003 0.000816
7.980308 0.968191 0.000730
7.982371 0.967700 0.000816
7.984434 0.966992 0.000730
7.986497 0.966205 0.000816
7.988560 0.965520 0.000730
7.990623 0.965078 0.000816
7.992686 0.964942 0.000730
7.994749 0.964964 0.000816
7.996812 0.965056 0.000730
7.998875 0.965168 0.000816
8.000938 0.965229 0.000730
8.003000 0.965069 0.000816
8.005064 0.964841 0.000730
8.007127 0.964699 0.000816
8.009189 0.964850 0.000730
8.011253 0.965353 0.000816
8.013315 0.966083 0.000730
8.015379 0.966929 0.000816
8.017441 0.967808 0.000730
8.019504 0.968655 0.000816
8.021567 0.969826 0.000730
8.023630 0.972219 0.000816
8.025693 0.977023 0.000730
8.027756 0.981795 0.000816
8.029819 0.985089 0.000730
8.031882 0.985537 0.000816
8.033945 0.985597 0.000730
8.035320 0.985636 0.001632
8.068327 0.986575 0.000136
8.133883 0.988361 0.000136
8.199210 0.990028 0.000137
8.264537 0.991574 0.000136
8.329864 0.992990 0.000137
8.395190 0.994269 0.000136
8.460746 0.995408 0.000136
8.526073 0.996392 0.000137
8.591400 0.997220 0.000136
8.656727 0.997890 0.000137
8.722054 0.998401 0.000136
8.787380 0.998754 0.000137
8.852707 0.998951 0.000136
8.918263 0.998996 0.000136
8.957918 0.998950 0.000298
8.965940 0.998935 0.000730
8.968233 0.998930 0.000730
8.970295 0.998446 0.000816
8.972358 0.995193 0.000730
8.974422 0.990510 0.000816
8.976484 0.985834 0.000730
8.978547 0.983514 0.000816
8.980610 0.982327 0.000730
8.982673 0.981481 0.000816
8.984736 0.980832 0.000730
8.986799 0.980269 0.000816
8.988862 0.979792 0.000730
8.990925 0.979409 0.000816
8.992988 0.979139 0.000730
8.995051 0.979113 0.000816
8.997114 0.979414 0.000730
8.999177 0.979807 0.000816
9.001240 0.980133 0.000730
9.003303 0.980190 0.000816
9.005366 0.980033 0.000730
9.007428 0.979825 0.000816
9.009492 0.979714 0.000730
9.011554 0.979894 0.000816
9.013617 0.980384 0.000730
9.015681 0.981036 0.000816
9.017743 0.981833 0.000730
9.019806 0.982642 0.000816
9.021869 0.983626 0.000730
9.023932 0.986270 0.000816
9.025995 0.991061 0.000730
9.028058 0.995728 0.000816
9.030121 0.998591 0.000730
9.032184 0.998725 0.000816
9.034247 0.998716 0.000730
9.068171 0.998552 0.000136
9.133727 0.998139 0.000136
9.199054 0.997608 0.000137
9.264381 0.996971 0.000136
9.329708 0.996239 0.000137
9.395034 0.995457 0.000136
9.460590 0.994671 0.000136
9.525917 0.993893 0.000137
9.591244 0.993127 0.000136
9.656571 0.992378 0.000137
9.721898 0.991652 0.000136
9.787225 0.990953 0.000137
9.851558 0.990292 0.000142
9.918108 0.989637 0.000136
9.957762 0.989263 0.000298
9.965785 0.989189 0.000730
9.968077 0.989168 0.000730
9.970140 0.988809 0.000816
9.972203 0.985631 0.000730
9.974266 0.980940 0.000816
9.976329 0.976189 0.000730
9.978392 0.973720 0.000816
9.980455 0.972563 0.000730
9.982518 0.971746 0.000816
9.984581 0.971143 0.000730
9.986643 0.970661 0.000816
9.988706 0.970194 0.000730
9.990769 0.969780 0.000816
9.992832 0.969438 0.000730
9.994895 0.969205 0.000816
9.996958 0.969081 0.000730
9.999021 0.969030 0.000816
10.001084 0.969037 0.000730
10.003147 0.969093 0.000816
10.005210 0.969191 0.000730
10.007273 0.969300 0.000816
10.009336 0.969450 0.000730
10.011399 0.969677 0.000816
10.013462 0.970036 0.000730
10.015525 0.970794 0.000816
10.017588 0.971830 0.000730
10.019651 0.973035 0.000816
10.021714 0.974180 0.000730
10.023777 0.976470 0.000816
10.025840 0.980935 0.000730
10.027902 0.985400 0.000816
10.029965 0.988369 0.000730
10.032028 0.988600 0.000816
10.034091 0.988582 0.000730
10.068016 0.988297 0.000136
10.133572 0.987782 0.000136
10.198898 0.987316 0.000137
10.264225 0.986902 0.000136
10.329552 0.986547 0.000137
10.394879 0.986253 0.000136
10.460435 0.986021 0.000136
10.525762 0.985855 0.000137
10.591089 0.985756 0.000136
10.656416 0.985722 0.000137
10.721743 0.985754 0.000136
10.787070 0.985844 0.000137
10.852397 0.985994 0.000136
10.917953 0.986203 0.000136
10.957607 0.986358 0.000298
10.965630 0.986392 0.000730
10.967922 0.986402 0.000730
10.969985 0.986198 0.000816
10.972048 0.983276 0.000730
10.974111 0.978717 0.000816
10.976174 0.973982 0.000730
10.978237 0.971351 0.000816
10.980300 0.970166 0.000730
10.982363 0.969230 0.000816
10.984426 0.968411 0.000730
10.986488 0.967739 0.000816
10.988552 0.967243 0.000730
10.990614 0.966966 0.000816
10.992678 0.966816 0.000730
10.994740 0.966743 0.000816
10.996803 0.966699 0.000730
10.998867 0.966657 0.000816
11.000929 0.966736 0.000730
11.002992 0.966892 0.000816
11.005055 0.967094 0.000730
11.007118 0.967296 0.000816
11.009181 0.967498 0.000730
11.011244 0.967732 0.000816
11.013307 0.968057 0.000730
11.015370 0.968529 0.000816
11.017433 0.969221 0.000730
11.019496 0.970124 0.000816
11.021559 0.971348 0.000730
11.023622 0.973748 0.000816
11.025685 0.978448 0.000730
11.027748 0.983104 0.000816
11.029811 0.986308 0.000730
11.031873 0.986704 0.000816
11.033937 0.986715 0.000730
11.035312 0.986722 0.001632
11.068319 0.986900 0.000136
11.133875 0.987296 0.000136
11.199202 0.987750 0.000137
11.264529 0.988261 0.000136
11.329856 0.988825 0.000137
11.395183 0.989437 0.000136
11.460739 0.990094 0.000136
11.526066 0.990786 0.000137
11.591393 0.991509 0.000136
11.656720 0.992258 0.000137
11.722047 0.993028 0.000136
11.787374 0.993813 0.000137
11.851058 0.994587 0.000142
11.918257 0.995405 0.000136
11.957912 0.995886 0.000298
11.965934 0.995983 0.000730
11.968226 0.996011 0.000730
11.970289 0.995542 0.000816
11.972352 0.992237 0.000730
11.974415 0.987565 0.000816
11.976478 0.982952 0.000730
11.978541 0.980803 0.000816
11.980604 0.979716 0.000730
11.982667 0.978942 0.000816
11.984730 0.978266 0.000730
11.986793 0.977703 0.000816
11.988856 0.977252 0.000730
11.990919 0.976936 0.000816
11.992982 0.976762 0.000730
11.995045 0.976696 0.000816
11.997108 0.976693 0.000730
11.999171 0.976718 0.000816
12.001234 0.976738 0.000730
12.003297 0.976693 0.000816
12.005360 0.976667 0.000730
12.007423 0.976718 0.000816
12.009486 0.976946 0.000730
12.011548 0.977348 0.000816
12.013612 0.977879 0.000730
12.015674 0.978525 0.000816
12.017737 0.979300 0.000730
12.019801 0.980304 0.000816
12.021863 0.981670 0.000730
12.023926 0.984518 0.000816
12.025989 0.989284 0.000730
12.028052 0.993771 0.000816
12.030115 0.996598 0.000730
12.032178 0.996769 0.000816
12.034241 0.996792 0.000730
12.068165 0.997164 0.000136
12.133721 0.997811 0.000136
12.199048 0.998351 0.000137
12.264375 0.998778 0.000136
12.329702 0.999082 0.000137
12.395029 0.999254 0.000136
12.460586 0.999288 0.000136
12.525913 0.999175 0.000137
12.591240 0.998910 0.000136
12.656567 0.998490 0.000137
12.721894 0.997914 0.000136
12.787221 0.997181 0.000137
12.852548 0.996292 0.000136
12.918104 0.995247 0.000136
12.957759 0.994542 0.000298
12.965781 0.994393 0.000730
12.968073 0.994349 0.000730
12.970136 0.993970 0.000816
12.972199 0.990773 0.000730
12.974262 0.985983 0.000816
12.976325 0.981065 0.000730
12.978388 0.978420 0.000816
12.980451 0.977107 0.000730
12.982514 0.976165 0.000816
12.984577 0.975439 0.000730
12.986640 0.974972 0.000816
12.988703 0.974694 0.000730
12.990766 0.974511 0.000816
12.992829 0.974319 0.000730
12.994891 0.974133 0.000816
12.996955 0.974060 0.000730
12.999017 0.974053 0.000816
13.001081 0.974079 0.000730
13.003143 0.974098 0.000816
13.005207 0.974111 0.000730
13.007269 0.974151 0.000816
13.009332 0.974267 0.000730
13.011395 0.974504 0.000816
13.013458 0.974911 0.000730
13.015522 0.975461 0.000816
13.017584 0.976161 0.000730
13.019647 0.976991 0.000816
13.021710 0.978071 0.000730
13.023773 0.980558 0.000816
13.025836 0.985261 0.000730
13.027899 0.989871 0.000816
13.029962 0.992863 0.000730
13.032025 0.993076 0.000816
13.034088 0.993032 0.000730
13.068012 0.992299 0.000136
13.133568 0.990777 0.000136
13.198895 0.989129 0.000137
13.264222 0.987359 0.000136
13.329550 0.985476 0.000137
13.394877 0.983522 0.000136
13.460433 0.981548 0.000136
13.525760 0.979586 0.000137
13.591087 0.977644 0.000136
13.656414 0.975738 0.000137
