-0.176691 0.979611 0.000142
-0.111248 0.981551 0.000137
-0.056924 0.983164 0.000167
-0.034002 0.983842 0.000730
-0.031710 0.983910 0.000730
-0.029647 0.983409 0.000816
-0.027584 0.980076 0.000730
-0.025521 0.975434 0.000816
-0.023458 0.970876 0.000730
-0.021396 0.968736 0.000816
-0.019332 0.967551 0.000730
-0.017270 0.966702 0.000816
-0.015206 0.966384 0.000730
-0.013144 0.966357 0.000816
-0.011081 0.966426 0.000730
-0.009018 0.966360 0.000816
-0.006955 0.965937 0.000730
-0.004892 0.965280 0.000816
-0.002829 0.964661 0.000730
-0.000766 0.964312 0.000816
0.001297 0.964404 0.000730
0.003360 0.964773 0.000816
0.005423 0.965272 0.000730
0.007486 0.965791 0.000816
0.009549 0.966176 0.000730
0.011611 0.966402 0.000816
0.013675 0.966629 0.000730
0.015737 0.966990 0.000816
0.017801 0.967663 0.000730
0.019863 0.968746 0.000816
0.021926 0.970211 0.000730
0.023990 0.973269 0.000816
0.026052 0.978194 0.000730
0.028115 0.982782 0.000816
0.030178 0.985611 0.000730
0.032241 0.985780 0.000816
0.034304 0.985839 0.000730
0.068228 0.986796 0.000136
0.133784 0.988563 0.000136
0.199110 0.990208 0.000137
0.264436 0.991729 0.000136
0.329763 0.993117 0.000137
0.395089 0.994364 0.000136
0.460645 0.995470 0.000136
0.525971 0.996420 0.000137
0.591298 0.997217 0.000136
0.656624 0.997860 0.000137
0.721786 0.998346 0.000137
0.787277 0.998680 0.000137
0.852604 0.998861 0.000136
0.918159 0.998896 0.000136
0.957813 0.998848 0.000298
0.965836 0.998833 0.000730
0.968128 0.998828 0.000730
0.970191 0.998437 0.000816
0.972254 0.995265 0.000730
0.974317 0.990643 0.000816
0.976380 0.985974 0.000730
0.978443 0.983507 0.000816
0.980506 0.982088 0.000730
0.982569 0.980971 0.000816
0.984632 0.980121 0.000730
0.986695 0.979718 0.000816
0.988758 0.979520 0.000730
0.990820 0.979416 0.000816
0.992884 0.979276 0.000730
0.994946 0.979080 0.000816
0.997009 0.978891 0.000730
0.999073 0.978749 0.000816
1.001135 0.978682 0.000730
1.003198 0.978730 0.000816
1.005261 0.979129 0.000730
1.007324 0.979725 0.000816
1.009387 0.980362 0.000730
1.011450 0.980833 0.000816
1.013513 0.980912 0.000730
1.015576 0.980897 0.000816
1.017639 0.981062 0.000730
1.019701 0.981812 0.000816
1.021765 0.983307 0.000730
1.023827 0.986166 0.000816
1.025891 0.991011 0.000730
1.027954 0.995498 0.000816
1.030016 0.998416 0.000730
1.032079 0.998627 0.000816
1.034142 0.998619 0.000730
1.068066 0.998461 0.000136
1.133622 0.998063 0.000136
1.198948 0.997555 0.000137
1.264275 0.996944 0.000136
1.329601 0.996243 0.000137
1.394928 0.995488 0.000136
1.460483 0.994719 0.000136
1.525810 0.993946 0.000137
1.591136 0.993175 0.000136
1.656463 0.992412 0.000137
1.721789 0.991664 0.000136
1.787116 0.990938 0.000137
1.854085 0.990226 0.000142
1.917998 0.989585 0.000136
1.957652 0.989207 0.000298
1.965675 0.989133 0.000730
1.967967 0.989112 0.000730
1.970030 0.988838 0.000816
1.972093 0.985789 0.000730
1.974156 0.981132 0.000816
1.976219 0.976298 0.000730
1.978282 0.973626 0.000816
1.980345 0.972381 0.000730
1.982407 0.971531 0.000816
1.984470 0.970905 0.000730
1.986533 0.970409 0.000816
1.988596 0.970002 0.000730
1.990660 0.969709 0.000816
1.992722 0.969492 0.000730
1.994785 0.969329 0.000816
1.996848 0.969161 0.000730
1.998911 0.968864 0.000816
2.000974 0.968573 0.000730
2.003037 0.968379 0.000816
2.005100 0.968427 0.000730
2.007163 0.968700 0.000816
2.009226 0.969145 0.000730
2.011289 0.969662 0.000816
2.013352 0.970173 0.000730
2.015414 0.970629 0.000816
2.017478 0.971211 0.000730
2.019540 0.972012 0.000816
2.021603 0.973396 0.000730
2.023667 0.976054 0.000816
2.025729 0.980801 0.000730
2.027792 0.985276 0.000816
2.029855 0.988220 0.000730
2.031918 0.988546 0.000816
2.033981 0.988528 0.000730
2.035356 0.988517 0.001632
2.068364 0.988244 0.000136
2.133919 0.987741 0.000136
2.199246 0.987294 0.000137
2.264572 0.986899 0.000136
2.329899 0.986553 0.000137
2.395225 0.986260 0.000136
2.460781 0.986020 0.000136
2.526107 0.985841 0.000137
2.591434 0.985723 0.000136
2.656760 0.985670 0.000137
2.722087 0.985684 0.000136
2.787414 0.985767 0.000137
2.852740 0.985917 0.000136
2.918296 0.986134 0.000136
2.957950 0.986295 0.000298
2.965973 0.986331 0.000730
2.968265 0.986341 0.000730
2.970328 0.985867 0.000816
2.972391 0.982542 0.000730
2.974454 0.977760 0.000816
2.976517 0.972975 0.000730
2.978579 0.970590 0.000816
2.980643 0.969370 0.000730
2.982705 0.968549 0.000816
2.984768 0.967972 0.000730
2.986832 0.967547 0.000816
2.988894 0.967192 0.000730
2.990957 0.966894 0.000816
2.993020 0.966672 0.000730
2.995083 0.966516 0.000816
2.997146 0.966422 0.000730
2.999209 0.966395 0.000816
3.001272 0.966484 0.000730
3.003335 0.966642 0.000816
3.005398 0.966844 0.000730
3.007461 0.967047 0.000816
3.009524 0.967329 0.000730
3.011586 0.967704 0.000816
3.013650 0.968173 0.000730
3.015713 0.968718 0.000816
3.017775 0.969242 0.000730
3.019839 0.969958 0.000816
3.021901 0.971148 0.000730
3.023964 0.974154 0.000816
3.026027 0.979142 0.000730
3.028090 0.983752 0.000816
3.030153 0.986524 0.000730
3.032216 0.986658 0.000816
3.034279 0.986669 0.000730
3.068203 0.986861 0.000136
3.133759 0.987273 0.000136
3.199085 0.987738 0.000137
3.264412 0.988256 0.000136
3.329738 0.988824 0.000137
3.395065 0.989438 0.000136
3.460621 0.990096 0.000136
3.525947 0.990790 0.000137
3.591274 0.991518 0.000136
3.656600 0.992277 0.000137
3.721927 0.993059 0.000136
3.787253 0.993859 0.000137
3.853573 0.994680 0.000142
3.918136 0.995481 0.000136
3.957790 0.995971 0.000298
3.965813 0.996069 0.000730
3.968105 0.996097 0.000730
3.970168 0.995771 0.000816
3.972231 0.992753 0.000730
3.974294 0.988273 0.000816
3.976357 0.983753 0.000730
3.978420 0.981576 0.000816
3.980483 0.980653 0.000730
3.982546 0.980029 0.000816
3.984608 0.979116 0.000730
3.986671 0.978103 0.000816
3.988734 0.977201 0.000730
3.990798 0.976657 0.000816
3.992860 0.976430 0.000730
3.994923 0.976257 0.000816
3.996986 0.976142 0.000730
3.999049 0.976094 0.000816
4.001112 0.976124 0.000730
4.003175 0.976274 0.000816
4.005238 0.976507 0.000730
4.007301 0.976791 0.000816
4.009364 0.977091 0.000730
4.011427 0.977437 0.000816
4.013490 0.977878 0.000730
4.015553 0.978436 0.000816
4.017616 0.979162 0.000730
4.019678 0.980153 0.000816
4.021741 0.981505 0.000730
4.023805 0.984256 0.000816
4.025867 0.989054 0.000730
4.027930 0.993642 0.000816
4.029993 0.996614 0.000730
4.032056 0.996867 0.000816
4.034119 0.996891 0.000730
4.068043 0.997267 0.000136
4.133599 0.997920 0.000136
4.198925 0.998461 0.000137
4.264252 0.998884 0.000136
4.329579 0.999179 0.000137
4.394905 0.999339 0.000136
4.460461 0.999357 0.000136
4.525788 0.999226 0.000137
4.591114 0.998944 0.000136
4.656441 0.998506 0.000137
4.721767 0.997911 0.000136
4.787094 0.997160 0.000137
4.852421 0.996253 0.000136
4.917977 0.995189 0.000136
4.957631 0.994473 0.000298
4.965654 0.994322 0.000730
4.967946 0.994278 0.000730
4.970009 0.994004 0.000816
4.972072 0.990970 0.000730
4.974134 0.986295 0.000816
4.976197 0.981413 0.000730
4.978260 0.978749 0.000816
4.980323 0.977707 0.000730
4.982387 0.977069 0.000816
4.984449 0.976587 0.000730
4.986512 0.976024 0.000816
4.988575 0.975531 0.000730
4.990638 0.975129 0.000816
4.992701 0.974823 0.000730
4.994764 0.974674 0.000816
4.996827 0.974755 0.000730
4.998890 0.974925 0.000816
5.000953 0.975092 0.000730
5.003016 0.975124 0.000816
5.005079 0.974840 0.000730
5.007142 0.974389 0.000816
5.009205 0.974025 0.000730
5.011268 0.974022 0.000816
5.013330 0.974379 0.000730
5.015394 0.974840 0.000816
5.017456 0.975457 0.000730
5.019519 0.976323 0.000816
5.021582 0.977586 0.000730
5.023645 0.980097 0.000816
5.025708 0.984878 0.000730
5.027771 0.989529 0.000816
5.029834 0.992668 0.000730
5.031897 0.992993 0.000816
5.033960 0.992949 0.000730
5.035335 0.992920 0.001632
5.068342 0.992201 0.000136
5.133898 0.990675 0.000136
5.199225 0.989030 0.000137
5.264551 0.987270 0.000136
5.329878 0.985404 0.000137
5.395205 0.983471 0.000136
5.460761 0.981510 0.000136
5.526087 0.979552 0.000137
5.591414 0.977606 0.000136
5.656740 0.975687 0.000137
5.722067 0.973811 0.000136
5.787394 0.971991 0.000137
5.853064 0.970238 0.000142
5.918276 0.968587 0.000136
5.957931 0.967634 0.000298
5.965953 0.967446 0.000730
5.968245 0.967393 0.000730
5.970308 0.966842 0.000816
5.972371 0.963540 0.000730
5.974435 0.958785 0.000816
5.976497 0.953956 0.000730
5.978561 0.951462 0.000816
5.980623 0.950136 0.000730
5.982686 0.949308 0.000816
5.984749 0.948689 0.000730
5.986812 0.948181 0.000816
5.988875 0.947708 0.000730
5.990938 0.947312 0.000816
5.993001 0.946992 0.000730
5.995064 0.946761 0.000816
5.997127 0.946687 0.000730
5.999190 0.946895 0.000816
6.001253 0.947203 0.000730
6.003316 0.947491 0.000816
6.005379 0.947591 0.000730
6.007441 0.947678 0.000816
6.009504 0.947815 0.000730
6.011567 0.948030 0.000816
6.013630 0.948370 0.000730
6.015693 0.949005 0.000816
6.017756 0.949850 0.000730
6.019819 0.950858 0.000816
6.021882 0.951799 0.000730
6.023945 0.954167 0.000816
6.026008 0.958619 0.000730
6.028071 0.963059 0.000816
6.030134 0.965866 0.000730
6.032197 0.965961 0.000816
6.034260 0.965916 0.000730
6.068184 0.965206 0.000136
6.133740 0.963935 0.000136
6.199066 0.962807 0.000137
6.264393 0.961823 0.000136
6.329720 0.960981 0.000137
6.395046 0.960284 0.000136
6.460602 0.959732 0.000136
6.525929 0.959332 0.000137
6.591256 0.959080 0.000136
6.656582 0.958977 0.000137
6.721909 0.959023 0.000136
6.787236 0.959220 0.000137
6.852562 0.959569 0.000136
6.918118 0.960070 0.000136
6.957773 0.960446 0.000298
6.965795 0.960529 0.000730
6.968088 0.960553 0.000730
6.970150 0.960221 0.000816
6.972214 0.957243 0.000730
6.974277 0.952881 0.000816
6.976339 0.948141 0.000730
6.978402 0.945406 0.000816
6.980465 0.943792 0.000730
6.982528 0.942918 0.000816
6.984591 0.942541 0.000730
6.986654 0.942324 0.000816
6.988717 0.942093 0.000730
6.990780 0.941681 0.000816
6.992843 0.941206 0.000730
6.994906 0.940793 0.000816
6.996969 0.940542 0.000730
6.999032 0.940522 0.000816
7.001095 0.940638 0.000730
7.003158 0.940832 0.000816
7.005221 0.941070 0.000730
7.007284 0.941294 0.000816
7.009347 0.941541 0.000730
7.011410 0.941846 0.000816
7.013472 0.942248 0.000730
7.015535 0.942798 0.000816
7.017598 0.943728 0.000730
7.019661 0.944931 0.000816
7.021724 0.946422 0.000730
7.023787 0.949054 0.000816
7.025850 0.953664 0.000730
7.027913 0.958109 0.000816
7.029976 0.961033 0.000730
7.032039 0.961295 0.000816
7.034102 0.961322 0.000730
7.068026 0.961774 0.000136
7.133582 0.962755 0.000136
7.198909 0.963870 0.000137
7.264235 0.965116 0.000136
