4.027930 0.993506 0.000816
4.029993 0.996536 0.000730
4.032056 0.996795 0.000816
4.034119 0.996820 0.000730
4.068043 0.997209 0.000136
4.133599 0.997886 0.000136
4.198925 0.998452 0.000137
4.264252 0.998900 0.000136
4.329579 0.999219 0.000137
4.394905 0.999402 0.000136
4.460461 0.999440 0.000136
4.525788 0.999327 0.000137
4.591114 0.999057 0.000136
4.656441 0.998627 0.000137
4.721767 0.998034 0.000136
4.787094 0.997278 0.000137
4.852421 0.996359 0.000136
4.917977 0.995277 0.000136
4.957631 0.994548 0.000298
4.965654 0.994394 0.000730
4.967946 0.994349 0.000730
4.970009 0.994080 0.000816
4.972072 0.991139 0.000730
4.974134 0.986563 0.000816
4.976197 0.981764 0.000730
4.978260 0.978962 0.000816
4.980323 0.977442 0.000730
4.982387 0.976271 0.000816
4.984449 0.975365 0.000730
4.986512 0.974838 0.000816
4.988575 0.974499 0.000730
4.990638 0.974260 0.000816
4.992701 0.974042 0.000730
4.994764 0.973849 0.000816
4.996827 0.973785 0.000730
4.998890 0.973792 0.000816
5.000953 0.973831 0.000730
5.003016 0.973851 0.000816
5.005079 0.973959 0.000730
5.007142 0.974153 0.000816
5.009205 0.974414 0.000730
5.011268 0.974712 0.000816
5.013330 0.974939 0.000730
5.015394 0.975163 0.000816
5.017456 0.975545 0.000730
5.019519 0.976234 0.000816
5.021582 0.977396 0.000730
5.023645 0.979876 0.000816
5.025708 0.984718 0.000730
5.027771 0.989507 0.000816
5.029834 0.992716 0.000730
5.031897 0.993038 0.000816
5.033960 0.992994 0.000730
5.035335 0.992964 0.001632
5.068342 0.992231 0.000136
5.133898 0.990677 0.000136
5.199225 0.989004 0.000137
5.264551 0.987218 0.000136
5.329878 0.985330 0.000137
5.395205 0.983381 0.000136
5.460761 0.981414 0.000136
5.526087 0.979459 0.000137
5.591414 0.977522 0.000136
5.656740 0.975619 0.000137
5.722067 0.973763 0.000136
5.787394 0.971967 0.000137
5.853064 0.970238 0.000142
5.918276 0.968612 0.000136
5.957931 0.967672 0.000298
5.965953 0.967486 0.000730
5.968245 0.967434 0.000730
5.970308 0.966892 0.000816
5.972371 0.963643 0.000730
5.974435 0.958929 0.000816
5.976497 0.954095 0.000730
5.978561 0.951546 0.000816
5.980623 0.950281 0.000730
5.982686 0.949646 0.000816
5.984749 0.949227 0.000730
5.986812 0.948834 0.000816
5.988875 0.948319 0.000730
5.990938 0.947843 0.000816
5.993001 0.947443 0.000730
5.995064 0.947174 0.000816
5.997127 0.946967 0.000730
5.999190 0.946646 0.000816
6.001253 0.946349 0.000730
6.003316 0.946159 0.000816
6.005379 0.946211 0.000730
6.007441 0.946434 0.000816
6.009504 0.946773 0.000730
6.011567 0.947185 0.000816
6.013630 0.947624 0.000730
6.015693 0.948188 0.000816
6.017756 0.948933 0.000730
6.019819 0.949897 0.000816
6.021882 0.951209 0.000730
6.023945 0.954023 0.000816
6.026008 0.958774 0.000730
6.028071 0.963201 0.000816
6.030134 0.965926 0.000730
6.032197 0.966022 0.000816
6.034260 0.965978 0.000730
6.068184 0.965278 0.000136
6.133740 0.964022 0.000136
6.199066 0.962906 0.000137
6.264393 0.961930 0.000136
6.329720 0.961089 0.000137
6.395046 0.960385 0.000136
6.460602 0.959821 0.000136
6.525929 0.959404 0.000137
6.591256 0.959132 0.000136
6.656582 0.959007 0.000137
6.721909 0.959030 0.000136
6.787236 0.959207 0.000137
6.852562 0.959538 0.000136
6.918118 0.960022 0.000136
6.957773 0.960388 0.000298
6.965795 0.960469 0.000730
6.968088 0.960493 0.000730
6.970150 0.960168 0.000816
6.972214 0.957225 0.000730
6.974277 0.952904 0.000816
6.976339 0.948219 0.000730
6.978402 0.945522 0.000816
6.980465 0.943945 0.000730
6.982528 0.943101 0.000816
6.984591 0.942749 0.000730
6.986654 0.942556 0.000816
6.988717 0.942338 0.000730
6.990780 0.941879 0.000816
6.992843 0.941302 0.000730
6.994906 0.940782 0.000816
6.996969 0.940465 0.000730
6.999032 0.940465 0.000816
7.001095 0.940754 0.000730
7.003158 0.941166 0.000816
7.005221 0.941592 0.000730
7.007284 0.941859 0.000816
7.009347 0.942052 0.000730
7.011410 0.942262 0.000816
7.013472 0.942568 0.000730
7.015535 0.943037 0.000816
7.017598 0.943581 0.000730
7.019661 0.944300 0.000816
7.021724 0.945438 0.000730
7.023787 0.948178 0.000816
7.025850 0.953144 0.000730
7.027913 0.957889 0.000816
7.029976 0.960947 0.000730
7.032039 0.961220 0.000816
7.034102 0.961246 0.000730
7.068026 0.961690 0.000136
7.133582 0.962656 0.000136
7.198909 0.963754 0.000137
7.264235 0.964980 0.000136
7.329562 0.966327 0.000137
7.394889 0.967784 0.000136
7.460445 0.969348 0.000136
7.525772 0.970995 0.000137
7.591098 0.972720 0.000136
7.656425 0.974517 0.000137
7.721752 0.976374 0.000136
7.787079 0.978277 0.000137
7.852061 0.980202 0.000142
7.917961 0.982170 0.000136
7.957616 0.983355 0.000298
7.965638 0.983595 0.000730
7.967930 0.983663 0.000730
7.969993 0.983495 0.000816
7.972056 0.980555 0.000730
7.974120 0.976101 0.000816
7.976182 0.971486 0.000730
7.978245 0.968990 0.000816
7.980308 0.967793 0.000730
7.982371 0.966935 0.000816
7.984434 0.966502 0.000730
7.986497 0.966385 0.000816
7.988560 0.966387 0.000730
7.990623 0.966333 0.000816
7.992686 0.965992 0.000730
7.994749 0.965381 0.000816
7.996812 0.964776 0.000730
7.998875 0.964371 0.000816
8.000938 0.964412 0.000730
8.003000 0.964754 0.000816
8.005064 0.965255 0.000730
8.007127 0.965793 0.000816
8.009189 0.966212 0.000730
8.011253 0.966409 0.000816
8.013315 0.966522 0.000730
8.015379 0.966746 0.000816
8.017441 0.967299 0.000730
8.019504 0.968468 0.000816
8.021567 0.970004 0.000730
8.023630 0.972636 0.000816
8.025693 0.977335 0.000730
8.027756 0.981937 0.000816
8.029819 0.985119 0.000730
8.031882 0.985555 0.000816
8.033945 0.985615 0.000730
8.035320 0.985655 0.001632
8.068327 0.986597 0.000136
8.133883 0.988387 0.000136
8.199210 0.990056 0.000137
8.264537 0.991600 0.000136
8.329864 0.993012 0.000137
8.395190 0.994283 0.000136
8.460746 0.995411 0.000136
8.526073 0.996383 0.000137
8.591400 0.997199 0.000136
8.656727 0.997858 0.000137
8.722054 0.998359 0.000136
8.787380 0.998704 0.000137
8.852707 0.998897 0.000136
8.918263 0.998942 0.000136
8.957918 0.998900 0.000298
8.965940 0.998886 0.000730
8.968233 0.998881 0.000730
8.970295 0.998384 0.000816
8.972358 0.995044 0.000730
8.974422 0.990292 0.000816
8.976484 0.985568 0.000730
8.978547 0.983198 0.000816
8.980610 0.981846 0.000730
8.982673 0.980809 0.000816
8.984736 0.980022 0.000730
8.986799 0.979721 0.000816
8.988862 0.979660 0.000730
8.990925 0.979682 0.000816
8.992988 0.979595 0.000730
8.995051 0.979414 0.000816
8.997114 0.979265 0.000730
8.999177 0.979167 0.000816
9.001240 0.979134 0.000730
9.003303 0.979191 0.000816
9.005366 0.979555 0.000730
9.007428 0.980081 0.000816
9.009492 0.980647 0.000730
9.011554 0.981075 0.000816
9.013617 0.981150 0.000730
9.015681 0.981163 0.000816
9.017743 0.981361 0.000730
9.019806 0.982167 0.000816
9.021869 0.983684 0.000730
9.023932 0.986630 0.000816
9.025995 0.991419 0.000730
9.028058 0.995788 0.000816
9.030121 0.998551 0.000730
9.032184 0.998689 0.000816
9.034247 0.998681 0.000730
9.068171 0.998527 0.000136
9.133727 0.998134 0.000136
9.199054 0.997626 0.000137
9.264381 0.997012 0.000136
9.329708 0.996299 0.000137
9.395034 0.995529 0.000136
9.460590 0.994742 0.000136
9.525917 0.993953 0.000137
9.591244 0.993167 0.000136
9.656571 0.992391 0.000137
9.721898 0.991635 0.000136
9.787225 0.990904 0.000137
9.851558 0.990220 0.000142
9.918108 0.989556 0.000136
9.957762 0.989183 0.000298
9.965785 0.989110 0.000730
9.968077 0.989089 0.000730
9.970140 0.988718 0.000816
9.972203 0.985451 0.000730
9.974266 0.980671 0.000816
9.976329 0.975896 0.000730
9.978392 0.973483 0.000816
9.980455 0.972320 0.000730
9.982518 0.971367 0.000816
9.984581 0.970620 0.000730
9.986643 0.970046 0.000816
9.988706 0.969627 0.000730
9.990769 0.969312 0.000816
9.992832 0.969072 0.000730
9.994895 0.968895 0.000816
9.996958 0.968736 0.000730
9.999021 0.968514 0.000816
10.001084 0.968319 0.000730
10.003147 0.968211 0.000816
10.005210 0.968286 0.000730
10.007273 0.968649 0.000816
10.009336 0.969228 0.000730
10.011399 0.969873 0.000816
10.013462 0.970439 0.000730
10.015525 0.970914 0.000816
10.017588 0.971529 0.000730
10.019651 0.972366 0.000816
10.021714 0.973743 0.000730
10.023777 0.976453 0.000816
10.025840 0.981138 0.000730
10.027902 0.985498 0.000816
10.029965 0.988299 0.000730
10.032028 0.988534 0.000816
10.034091 0.988517 0.000730
10.068016 0.988243 0.000136
10.133572 0.987758 0.000136
10.198898 0.987331 0.000137
10.264225 0.986960 0.000136
10.329552 0.986638 0.000137
10.394879 0.986364 0.000136
10.460435 0.986142 0.000136
10.525762 0.985975 0.000137
10.591089 0.985863 0.000136
10.656416 0.985809 0.000137
10.721743 0.985815 0.000136
10.787070 0.985886 0.000137
10.852397 0.986021 0.000136
10.917953 0.986220 0.000136
10.957607 0.986371 0.000298
10.965630 0.986404 0.000730
10.967922 0.986414 0.000730
10.969985 0.986207 0.000816
10.972048 0.983303 0.000730
10.974111 0.978802 0.000816
10.976174 0.973947 0.000730
10.978237 0.971075 0.000816
10.980300 0.969602 0.000730
10.982363 0.968556 0.000816
10.984426 0.967793 0.000730
10.986488 0.967187 0.000816
10.988552 0.966727 0.000730
10.990614 0.966499 0.000816
10.992678 0.966476 0.000730
10.994740 0.966540 0.000816
10.996803 0.966589 0.000730
10.998867 0.966539 0.000816
11.000929 0.966503 0.000730
11.002992 0.966508 0.000816
11.005055 0.966575 0.000730
11.007118 0.966738 0.000816
11.009181 0.966997 0.000730
11.011244 0.967340 0.000816
11.013307 0.967777 0.000730
11.015370 0.968319 0.000816
11.017433 0.968903 0.000730
11.019496 0.969661 0.000816
11.021559 0.970845 0.000730
11.023622 0.973461 0.000816
11.025685 0.978389 0.000730
11.027748 0.983176 0.000816
11.029811 0.986323 0.000730
11.031873 0.986712 0.000816
11.033937 0.986722 0.000730
11.035312 0.986729 0.001632
11.068319 0.986907 0.000136
11.133875 0.987301 0.000136
11.199202 0.987748 0.000137
11.264529 0.988248 0.000136
11.329856 0.988796 0.000137
11.395183 0.989391 0.000136
11.460739 0.990030 0.000136
11.526066 0.990705 0.000137
