2.965973 0.986482 0.000730
2.968265 0.986491 0.000730
2.970328 0.986009 0.000816
2.972391 0.982672 0.000730
2.974454 0.977886 0.000816
2.976517 0.973139 0.000730
2.978579 0.970819 0.000816
2.980643 0.969652 0.000730
2.982705 0.968711 0.000816
2.984768 0.967918 0.000730
2.986832 0.967279 0.000816
2.988894 0.966821 0.000730
2.990957 0.966581 0.000816
2.993020 0.966471 0.000730
2.995083 0.966432 0.000816
2.997146 0.966399 0.000730
2.999209 0.966432 0.000816
3.001272 0.966879 0.000730
3.003335 0.967470 0.000816
3.005398 0.968034 0.000730
3.007461 0.968300 0.000816
3.009524 0.968295 0.000730
3.011586 0.968214 0.000816
3.013650 0.968243 0.000730
3.015713 0.968584 0.000816
3.017775 0.969143 0.000730
3.019839 0.969902 0.000816
3.021901 0.971127 0.000730
3.023964 0.974159 0.000816
3.026027 0.979188 0.000730
3.028090 0.983841 0.000816
3.030153 0.986644 0.000730
3.032216 0.986778 0.000816
3.034279 0.986788 0.000730
3.068203 0.986960 0.000136
3.133759 0.987331 0.000136
3.199085 0.987758 0.000137
3.264412 0.988242 0.000136
3.329738 0.988781 0.000137
3.395065 0.989373 0.000136
3.460621 0.990017 0.000136
3.525947 0.990704 0.000137
3.591274 0.991433 0.000136
3.656600 0.992196 0.000137
3.721927 0.992987 0.000136
3.787253 0.993798 0.000137
3.853573 0.994632 0.000142
3.918136 0.995448 0.000136
3.957790 0.995947 0.000298
3.965813 0.996048 0.000730
3.968105 0.996076 0.000730
3.970168 0.995744 0.000816
3.972231 0.992627 0.000730
3.974294 0.987933 0.000816
3.976357 0.983206 0.000730
3.978420 0.981025 0.000816
3.980483 0.980252 0.000730
3.982546 0.979769 0.000816
3.984608 0.978916 0.000730
3.986671 0.977967 0.000816
3.988734 0.977129 0.000730
3.990798 0.976617 0.000816
3.992860 0.976416 0.000730
3.994923 0.976308 0.000816
3.996986 0.976262 0.000730
3.999049 0.976262 0.000816
4.001112 0.976286 0.000730
4.003175 0.976262 0.000816
4.005238 0.976260 0.000730
4.007301 0.976330 0.000816
4.009364 0.976561 0.000730
4.011427 0.976976 0.000816
4.013490 0.977539 0.000730
4.015553 0.978217 0.000816
4.017616 0.979075 0.000730
4.019678 0.980357 0.000816
4.021741 0.982003 0.000730
4.023805 0.984769 0.000816
4.025867 0.989314 0.000730
4.027930 0.993670 0.000816
4.029993 0.996604 0.000730
4.032056 0.996862 0.000816
4.034119 0.996886 0.000730
4.068043 0.997272 0.000136
4.133599 0.997942 0.000136
4.198925 0.998503 0.000137
4.264252 0.998944 0.000136
4.329579 0.999256 0.000137
4.394905 0.999430 0.000136
4.460461 0.999458 0.000136
4.525788 0.999329 0.000137
4.591114 0.999039 0.000136
4.656441 0.998586 0.000137
4.721767 0.997970 0.000136
4.787094 0.997194 0.000137
4.852421 0.996260 0.000136
4.917977 0.995170 0.000136
4.957631 0.994441 0.000298
4.965654 0.994287 0.000730
4.967946 0.994243 0.000730
4.970009 0.993967 0.000816
4.972072 0.990920 0.000730
4.974134 0.986261 0.000816
4.976197 0.981414 0.000730
4.978260 0.978754 0.000816
4.980323 0.977604 0.000730
4.982387 0.976824 0.000816
4.984449 0.976228 0.000730
4.986512 0.975543 0.000816
4.988575 0.974853 0.000730
4.990638 0.974251 0.000816
4.992701 0.973831 0.000730
4.994764 0.973727 0.000816
4.996827 0.974012 0.000730
4.998890 0.974420 0.000816
5.000953 0.974777 0.000730
5.003016 0.974832 0.000816
5.005079 0.974592 0.000730
5.007142 0.974213 0.000816
5.009205 0.973919 0.000730
5.011268 0.973950 0.000816
5.013330 0.974338 0.000730
5.015394 0.974858 0.000816
5.017456 0.975532 0.000730
5.019519 0.976364 0.000816
5.021582 0.977463 0.000730
5.023645 0.979859 0.000816
5.025708 0.984636 0.000730
5.027771 0.989406 0.000816
5.029834 0.992615 0.000730
5.031897 0.992942 0.000816
5.033960 0.992897 0.000730
5.035335 0.992868 0.001632
5.068342 0.992144 0.000136
5.133898 0.990609 0.000136
5.199225 0.988961 0.000137
5.264551 0.987201 0.000136
5.329878 0.985338 0.000137
5.395205 0.983412 0.000136
5.460761 0.981462 0.000136
5.526087 0.979519 0.000137
5.591414 0.977592 0.000136
5.656740 0.975693 0.000137
5.722067 0.973839 0.000136
5.787394 0.972042 0.000137
5.853064 0.970308 0.000142
5.918276 0.968671 0.000136
5.957931 0.967723 0.000298
5.965953 0.967536 0.000730
5.968245 0.967482 0.000730
5.970308 0.966934 0.000816
5.972371 0.963621 0.000730
5.974435 0.958892 0.000816
5.976497 0.954147 0.000730
5.978561 0.951756 0.000816
5.980623 0.950438 0.000730
5.982686 0.949494 0.000816
5.984749 0.948753 0.000730
5.986812 0.948175 0.000816
5.988875 0.947747 0.000730
5.990938 0.947425 0.000816
5.993001 0.947178 0.000730
5.995064 0.946982 0.000816
5.997127 0.946872 0.000730
5.999190 0.946937 0.000816
6.001253 0.947081 0.000730
6.003316 0.947239 0.000816
6.005379 0.947326 0.000730
6.007441 0.947292 0.000816
6.009504 0.947243 0.000730
6.011567 0.947285 0.000816
6.013630 0.947564 0.000730
6.015693 0.948369 0.000816
6.017756 0.949445 0.000730
6.019819 0.950670 0.000816
6.021882 0.951743 0.000730
6.023945 0.954181 0.000816
6.026008 0.958691 0.000730
6.028071 0.963152 0.000816
6.030134 0.965960 0.000730
6.032197 0.966053 0.000816
6.034260 0.966008 0.000730
6.068184 0.965297 0.000136
6.133740 0.964018 0.000136
6.199066 0.962876 0.000137
6.264393 0.961874 0.000136
6.329720 0.961014 0.000137
6.395046 0.960301 0.000136
6.460602 0.959736 0.000136
6.525929 0.959325 0.000137
6.591256 0.959068 0.000136
6.656582 0.958966 0.000137
6.721909 0.959015 0.000136
6.787236 0.959213 0.000137
6.852562 0.959558 0.000136
6.918118 0.960051 0.000136
6.957773 0.960419 0.000298
6.965795 0.960500 0.000730
6.968088 0.960524 0.000730
6.970150 0.960204 0.000816
6.972214 0.957181 0.000730
6.974277 0.952690 0.000816
6.976339 0.947942 0.000730
6.978402 0.945300 0.000816
6.980465 0.943876 0.000730
6.982528 0.943030 0.000816
6.984591 0.942565 0.000730
6.986654 0.942259 0.000816
6.988717 0.941978 0.000730
6.990780 0.941630 0.000816
6.992843 0.941288 0.000730
6.994906 0.941011 0.000816
6.996969 0.940843 0.000730
6.999032 0.940811 0.000816
7.001095 0.940809 0.000730
7.003158 0.940855 0.000816
7.005221 0.940963 0.000730
7.007284 0.941153 0.000816
7.009347 0.941440 0.000730
7.011410 0.941817 0.000816
7.013472 0.942289 0.000730
7.015535 0.942870 0.000816
7.017598 0.943693 0.000730
7.019661 0.944763 0.000816
7.021724 0.946105 0.000730
7.023787 0.948667 0.000816
7.025850 0.953353 0.000730
7.027913 0.957914 0.000816
7.029976 0.960976 0.000730
7.032039 0.961249 0.000816
7.034102 0.961275 0.000730
7.068026 0.961715 0.000136
7.133582 0.962670 0.000136
7.198909 0.963760 0.000137
7.264235 0.964983 0.000136
7.329562 0.966332 0.000137
7.394889 0.967796 0.000136
7.460445 0.969369 0.000136
7.525772 0.971029 0.000137
7.591098 0.972768 0.000136
7.656425 0.974572 0.000137
7.721752 0.976429 0.000136
7.787079 0.978326 0.000137
7.852061 0.980239 0.000142
7.917961 0.982189 0.000136
7.957616 0.983362 0.000298
7.965638 0.983599 0.000730
7.967930 0.983667 0.000730
7.969993 0.983497 0.000816
7.972056 0.980523 0.000730
7.974120 0.975958 0.000816
7.976182 0.971237 0.000730
7.978245 0.968816 0.000816
7.980308 0.967824 0.000730
7.982371 0.967160 0.000816
7.984434 0.966596 0.000730
7.986497 0.966152 0.000816
7.988560 0.965821 0.000730
7.990623 0.965578 0.000816
7.992686 0.965303 0.000730
7.994749 0.964906 0.000816
7.996812 0.964538 0.000730
7.998875 0.964310 0.000816
8.000938 0.964358 0.000730
8.003000 0.964617 0.000816
8.005064 0.964999 0.000730
8.007127 0.965426 0.000816
8.009189 0.965803 0.000730
8.011253 0.966111 0.000816
8.013315 0.966451 0.000730
8.015379 0.966902 0.000816
8.017441 0.967552 0.000730
8.019504 0.968474 0.000816
8.021567 0.969733 0.000730
8.023630 0.972241 0.000816
8.025693 0.977073 0.000730
8.027756 0.981840 0.000816
8.029819 0.985096 0.000730
8.031882 0.985535 0.000816
8.033945 0.985594 0.000730
8.035320 0.985634 0.001632
8.068327 0.986565 0.000136
8.133883 0.988338 0.000136
8.199210 0.989996 0.000137
8.264537 0.991537 0.000136
8.329864 0.992951 0.000137
8.395190 0.994234 0.000136
8.460746 0.995382 0.000136
8.526073 0.996378 0.000137
8.591400 0.997220 0.000136
8.656727 0.997902 0.000137
8.722054 0.998424 0.000136
8.787380 0.998783 0.000137
8.852707 0.998982 0.000136
8.918263 0.999022 0.000136
8.957918 0.998974 0.000298
8.965940 0.998958 0.000730
8.968233 0.998953 0.000730
8.970295 0.998488 0.000816
8.972358 0.995360 0.000730
8.974422 0.990695 0.000816
8.976484 0.985964 0.000730
8.978547 0.983405 0.000816
8.980610 0.981952 0.000730
8.982673 0.980871 0.000816
8.984736 0.980053 0.000730
8.986799 0.979649 0.000816
8.988862 0.979431 0.000730
8.990925 0.979302 0.000816
8.992988 0.979144 0.000730
8.995051 0.979048 0.000816
8.997114 0.979150 0.000730
8.999177 0.979327 0.000816
9.001240 0.979496 0.000730
9.003303 0.979555 0.000816
9.005366 0.979670 0.000730
9.007428 0.979845 0.000816
9.009492 0.980088 0.000730
9.011554 0.980399 0.000816
9.013617 0.980624 0.000730
9.015681 0.980865 0.000816
9.017743 0.981280 0.000730
9.019806 0.982148 0.000816
9.021869 0.983589 0.000730
9.023932 0.986532 0.000816
9.025995 0.991370 0.000730
9.028058 0.995825 0.000816
9.030121 0.998610 0.000730
9.032184 0.998745 0.000816
9.034247 0.998736 0.000730
9.068171 0.998572 0.000136
9.133727 0.998160 0.000136
9.199054 0.997632 0.000137
9.264381 0.997000 0.000136
9.329708 0.996275 0.000137
9.395034 0.995498 0.000136
9.460590 0.994708 0.000136
9.525917 0.993919 0.000137
9.591244 0.993137 0.000136
9.656571 0.992369 0.000137
9.721898 0.991621 0.000136
9.787225 0.990901 0.000137
9.851558 0.990226 0.000142
9.918108 0.989567 0.000136
9.957762 0.989196 0.000298
9.965785 0.989123 0.000730
9.968077 0.989103 0.000730
9.970140 0.988735 0.000816
9.972203 0.985484 0.000730
9.974266 0.980693 0.000816
9.976329 0.975855 0.000730
9.978392 0.973356 0.000816
9.980455 0.972372 0.000730
9.982518 0.971912 0.000816
9.984581 0.971687 0.000730
9.986643 0.971447 0.000816
9.988706 0.970818 0.000730
9.990769 0.970091 0.000816
9.992832 0.969432 0.000730
9.994895 0.969026 0.000816
9.996958 0.968858 0.000730
9.999021 0.968592 0.000816
10.001084 0.968344 0.000730
10.003147 0.968193 0.000816
10.005210 0.968260 0.000730
10.007273 0.968535 0.000816
10.009336 0.968964 0.000730
10.011399 0.969464 0.000816
10.013462 0.969963 0.000730
10.015525 0.970604 0.000816
10.017588 0.971464 0.000730
10.019651 0.972520 0.000816
10.021714 0.973812 0.000730
10.023777 0.976337 0.000816
10.025840 0.980953 0.000730
10.027902 0.985400 0.000816
10.029965 0.988310 0.000730
10.032028 0.988547 0.000816
10.034091 0.988530 0.000730
10.068016 0.988255 0.000136
10.133572 0.987763 0.000136
10.198898 0.987326 0.000137
10.264225 0.986943 0.000136
10.329552 0.986613 0.000137
10.394879 0.986338 0.000136
10.460435 0.986120 0.000136
