1.394928 0.995553 0.000136
1.460483 0.994771 0.000136
1.525810 0.993985 0.000137
1.591136 0.993199 0.000136
1.656463 0.992421 0.000137
1.721789 0.991657 0.000136
1.787116 0.990914 0.000137
1.854085 0.990185 0.000142
1.917998 0.989529 0.000136
1.957652 0.989144 0.000298
1.965675 0.989068 0.000730
1.967967 0.989046 0.000730
1.970030 0.988770 0.000816
1.972093 0.985728 0.000730
1.974156 0.981092 0.000816
1.976219 0.976292 0.000730
1.978282 0.973652 0.000816
1.980345 0.972397 0.000730
1.982407 0.971491 0.000816
1.984470 0.970801 0.000730
1.986533 0.970263 0.000816
1.988596 0.969868 0.000730
1.990660 0.969604 0.000816
1.992722 0.969416 0.000730
1.994785 0.969269 0.000816
1.996848 0.969132 0.000730
1.998911 0.969020 0.000816
2.000974 0.968953 0.000730
2.003037 0.968948 0.000816
2.005100 0.969030 0.000730
2.007163 0.969090 0.000816
2.009226 0.969144 0.000730
2.011289 0.969276 0.000816
2.013352 0.969579 0.000730
2.015414 0.970403 0.000816
2.017478 0.971571 0.000730
2.019540 0.972905 0.000816
2.021603 0.974135 0.000730
2.023667 0.976260 0.000816
2.025729 0.980635 0.000730
2.027792 0.985078 0.000816
2.029855 0.988138 0.000730
2.031918 0.988470 0.000816
2.033981 0.988452 0.000730
2.035356 0.988440 0.001632
2.068364 0.988163 0.000136
2.133919 0.987655 0.000136
2.199246 0.987206 0.000137
2.264572 0.986816 0.000136
2.329899 0.986482 0.000137
2.395225 0.986207 0.000136
2.460781 0.985992 0.000136
2.526107 0.985842 0.000137
2.591434 0.985758 0.000136
2.656760 0.985740 0.000137
2.722087 0.985786 0.000136
2.787414 0.985887 0.000137
2.852740 0.986042 0.000136
2.918296 0.986251 0.000136
2.957950 0.986402 0.000298
2.965973 0.986434 0.000730
2.968265 0.986444 0.000730
2.970328 0.985965 0.000816
2.972391 0.982629 0.000730
2.974454 0.977836 0.000816
2.976517 0.973009 0.000730
2.978579 0.970577 0.000816
2.980643 0.969309 0.000730
2.982705 0.968520 0.000816
2.984768 0.968020 0.000730
2.986832 0.967671 0.000816
2.988894 0.967352 0.000730
2.990957 0.967067 0.000816
2.993020 0.966865 0.000730
2.995083 0.966732 0.000816
2.997146 0.966649 0.000730
2.999209 0.966611 0.000816
3.001272 0.966639 0.000730
3.003335 0.966722 0.000816
3.005398 0.966862 0.000730
3.007461 0.967052 0.000816
3.009524 0.967351 0.000730
3.011586 0.967756 0.000816
3.013650 0.968252 0.000730
3.015713 0.968826 0.000816
3.017775 0.969494 0.000730
3.019839 0.970380 0.000816
3.021901 0.971600 0.000730
3.023964 0.974413 0.000816
3.026027 0.979221 0.000730
3.028090 0.983757 0.000816
3.030153 0.986598 0.000730
3.032216 0.986732 0.000816
3.034279 0.986743 0.000730
3.068203 0.986915 0.000136
3.133759 0.987283 0.000136
3.199085 0.987711 0.000137
3.264412 0.988202 0.000136
3.329738 0.988752 0.000137
3.395065 0.989358 0.000136
3.460621 0.990018 0.000136
3.525947 0.990722 0.000137
3.591274 0.991466 0.000136
3.656600 0.992239 0.000137
3.721927 0.993034 0.000136
3.787253 0.993844 0.000137
3.853573 0.994675 0.000142
3.918136 0.995483 0.000136
3.957790 0.995977 0.000298
3.965813 0.996076 0.000730
3.968105 0.996105 0.000730
3.970168 0.995761 0.000816
3.972231 0.992563 0.000730
3.974294 0.987761 0.000816
3.976357 0.982958 0.000730
3.978420 0.980864 0.000816
3.980483 0.980225 0.000730
3.982546 0.979863 0.000816
3.984608 0.979011 0.000730
3.986671 0.978029 0.000816
3.988734 0.977159 0.000730
3.990798 0.976631 0.000816
3.992860 0.976382 0.000730
3.994923 0.976157 0.000816
3.996986 0.975986 0.000730
3.999049 0.975900 0.000816
4.001112 0.975933 0.000730
4.003175 0.976149 0.000816
4.005238 0.976473 0.000730
4.007301 0.976840 0.000816
4.009364 0.977168 0.000730
4.011427 0.977524 0.000816
4.013490 0.977984 0.000730
4.015553 0.978559 0.000816
4.017616 0.979282 0.000730
4.019678 0.980219 0.000816
4.021741 0.981513 0.000730
4.023805 0.984234 0.000816
4.025867 0.989045 0.000730
4.027930 0.993651 0.000816
4.029993 0.996627 0.000730
4.032056 0.996880 0.000816
4.034119 0.996904 0.000730
4.068043 0.997283 0.000136
4.133599 0.997941 0.000136
4.198925 0.998487 0.000137
4.264252 0.998913 0.000136
4.329579 0.999211 0.000137
4.394905 0.999372 0.000136
4.460461 0.999389 0.000136
4.525788 0.999258 0.000137
4.591114 0.998975 0.000136
4.656441 0.998538 0.000137
4.721767 0.997944 0.000136
4.787094 0.997194 0.000137
4.852421 0.996289 0.000136
4.917977 0.995228 0.000136
4.957631 0.994513 0.000298
4.965654 0.994362 0.000730
4.967946 0.994319 0.000730
4.970009 0.994043 0.000816
4.972072 0.990995 0.000730
4.974134 0.986334 0.000816
4.976197 0.981483 0.000730
4.978260 0.978775 0.000816
4.980323 0.977478 0.000730
4.982387 0.976528 0.000816
4.984449 0.975798 0.000730
4.986512 0.975113 0.000816
4.988575 0.974448 0.000730
4.990638 0.973877 0.000816
4.992701 0.973472 0.000730
4.994764 0.973406 0.000816
4.996827 0.973849 0.000730
4.998890 0.974440 0.000816
5.000953 0.974943 0.000730
5.003016 0.975016 0.000816
5.005079 0.974754 0.000730
5.007142 0.974340 0.000816
5.009205 0.974012 0.000730
5.011268 0.974027 0.000816
5.013330 0.974360 0.000730
5.015394 0.974774 0.000816
5.017456 0.975347 0.000730
5.019519 0.976216 0.000816
5.021582 0.977550 0.000730
5.023645 0.980132 0.000816
5.025708 0.984948 0.000730
5.027771 0.989585 0.000816
5.029834 0.992711 0.000730
5.031897 0.993033 0.000816
5.033960 0.992989 0.000730
5.035335 0.992960 0.001632
5.068342 0.992240 0.000136
5.133898 0.990710 0.000136
5.199225 0.989060 0.000137
5.264551 0.987293 0.000136
5.329878 0.985419 0.000137
5.395205 0.983477 0.000136
5.460761 0.981509 0.000136
5.526087 0.979545 0.000137
5.591414 0.977594 0.000136
5.656740 0.975673 0.000137
5.722067 0.973795 0.000136
5.787394 0.971976 0.000137
5.853064 0.970224 0.000142
5.918276 0.968579 0.000136
5.957931 0.967629 0.000298
5.965953 0.967441 0.000730
5.968245 0.967388 0.000730
5.970308 0.966835 0.000816
5.972371 0.963498 0.000730
5.974435 0.958736 0.000816
5.976497 0.953955 0.000730
5.978561 0.951542 0.000816
5.980623 0.950235 0.000730
5.982686 0.949328 0.000816
5.984749 0.948627 0.000730
5.986812 0.948072 0.000816
5.988875 0.947643 0.000730
5.990938 0.947320 0.000816
5.993001 0.947072 0.000730
5.995064 0.946875 0.000816
5.997127 0.946723 0.000730
5.999190 0.946626 0.000816
6.001253 0.946583 0.000730
6.003316 0.946595 0.000816
6.005379 0.946668 0.000730
6.007441 0.946664 0.000816
6.009504 0.946660 0.000730
6.011567 0.946748 0.000816
6.013630 0.947055 0.000730
6.015693 0.947982 0.000816
6.017756 0.949225 0.000730
6.019819 0.950598 0.000816
6.021882 0.951707 0.000730
6.023945 0.954109 0.000816
6.026008 0.958595 0.000730
6.028071 0.963051 0.000816
6.030134 0.965866 0.000730
6.032197 0.965962 0.000816
6.034260 0.965918 0.000730
6.068184 0.965211 0.000136
6.133740 0.963945 0.000136
6.199066 0.962821 0.000137
6.264393 0.961841 0.000136
6.329720 0.961003 0.000137
6.395046 0.960313 0.000136
6.460602 0.959771 0.000136
6.525929 0.959382 0.000137
6.591256 0.959146 0.000136
6.656582 0.959062 0.000137
6.721909 0.959126 0.000136
6.787236 0.959330 0.000137
6.852562 0.959672 0.000136
6.918118 0.960155 0.000136
6.957773 0.960513 0.000298
6.965795 0.960591 0.000730
6.968088 0.960614 0.000730
6.970150 0.960308 0.000816
6.972214 0.957293 0.000730
6.974277 0.952762 0.000816
6.976339 0.947934 0.000730
6.978402 0.945193 0.000816
6.980465 0.943729 0.000730
6.982528 0.942889 0.000816
6.984591 0.942463 0.000730
6.986654 0.942198 0.000816
6.988717 0.941939 0.000730
6.990780 0.941583 0.000816
6.992843 0.941229 0.000730
6.994906 0.940940 0.000816
6.996969 0.940765 0.000730
6.999032 0.940735 0.000816
7.001095 0.940773 0.000730
7.003158 0.940867 0.000816
7.005221 0.941019 0.000730
7.007284 0.941219 0.000816
7.009347 0.941505 0.000730
7.011410 0.941880 0.000816
7.013472 0.942351 0.000730
7.015535 0.942923 0.000816
7.017598 0.943632 0.000730
7.019661 0.944559 0.000816
7.021724 0.945795 0.000730
7.023787 0.948401 0.000816
7.025850 0.953225 0.000730
7.027913 0.957911 0.000816
7.029976 0.961039 0.000730
7.032039 0.961315 0.000816
7.034102 0.961340 0.000730
7.068026 0.961765 0.000136
7.133582 0.962684 0.000136
7.198909 0.963741 0.000137
7.264235 0.964935 0.000136
7.329562 0.966261 0.000137
7.394889 0.967709 0.000136
7.460445 0.969275 0.000136
7.525772 0.970938 0.000137
7.591098 0.972689 0.000136
7.656425 0.974510 0.000137
7.721752 0.976388 0.000136
7.787079 0.978307 0.000137
7.852061 0.980242 0.000142
7.917961 0.982216 0.000136
7.957616 0.983402 0.000298
7.965638 0.983641 0.000730
7.967930 0.983710 0.000730
7.969993 0.983550 0.000816
7.972056 0.980638 0.000730
7.974120 0.976028 0.000816
7.976182 0.971254 0.000730
7.978245 0.968946 0.000816
7.980308 0.968253 0.000730
7.982371 0.967875 0.000816
7.984434 0.967222 0.000730
7.986497 0.966487 0.000816
7.988560 0.965854 0.000730
7.990623 0.965442 0.000816
7.992686 0.965155 0.000730
7.994749 0.964727 0.000816
7.996812 0.964326 0.000730
7.998875 0.964074 0.000816
8.000938 0.964122 0.000730
8.003000 0.964419 0.000816
8.005064 0.964855 0.000730
8.007127 0.965334 0.000816
8.009189 0.965734 0.000730
8.011253 0.966041 0.000816
8.013315 0.966374 0.000730
8.015379 0.966821 0.000816
8.017441 0.967476 0.000730
8.019504 0.968437 0.000816
8.021567 0.969741 0.000730
8.023630 0.972287 0.000816
8.025693 0.977129 0.000730
8.027756 0.981899 0.000816
8.029819 0.985157 0.000730
8.031882 0.985597 0.000816
8.033945 0.985657 0.000730
8.035320 0.985697 0.001632
8.068327 0.986636 0.000136
8.133883 0.988420 0.000136
8.199210 0.990082 0.000137
8.264537 0.991619 0.000136
8.329864 0.993023 0.000137
8.395190 0.994286 0.000136
8.460746 0.995407 0.000136
8.526073 0.996373 0.000137
8.591400 0.997187 0.000136
8.656727 0.997846 0.000137
8.722054 0.998351 0.000136
8.787380 0.998702 0.000137
8.852707 0.998901 0.000136
