3.525947 0.990792 0.000137
3.591274 0.991524 0.000136
3.656600 0.992284 0.000137
3.721927 0.993066 0.000136
3.787253 0.993863 0.000137
3.853573 0.994679 0.000142
3.918136 0.995475 0.000136
3.957790 0.995961 0.000298
3.965813 0.996059 0.000730
3.968105 0.996086 0.000730
3.970168 0.995750 0.000816
3.972231 0.992619 0.000730
3.974294 0.987921 0.000816
3.976357 0.983197 0.000730
3.978420 0.981032 0.000816
3.980483 0.980262 0.000730
3.982546 0.979782 0.000816
3.984608 0.979001 0.000730
3.986671 0.978171 0.000816
3.988734 0.977450 0.000730
3.990798 0.976998 0.000816
3.992860 0.976673 0.000730
3.994923 0.976253 0.000816
3.996986 0.975874 0.000730
3.999049 0.975643 0.000816
4.001112 0.975675 0.000730
4.003175 0.975929 0.000816
4.005238 0.976303 0.000730
4.007301 0.976715 0.000816
4.009364 0.977060 0.000730
4.011427 0.977340 0.000816
4.013490 0.977661 0.000730
4.015553 0.978103 0.000816
4.017616 0.978784 0.000730
4.019678 0.979839 0.000816
4.021741 0.981259 0.000730
4.023805 0.984035 0.000816
4.025867 0.988882 0.000730
4.027930 0.993531 0.000816
4.029993 0.996588 0.000730
4.032056 0.996850 0.000816
4.034119 0.996873 0.000730
4.068043 0.997248 0.000136
4.133599 0.997899 0.000136
4.198925 0.998443 0.000137
4.264252 0.998872 0.000136
4.329579 0.999176 0.000137
4.394905 0.999346 0.000136
4.460461 0.999376 0.000136
4.525788 0.999256 0.000137
4.591114 0.998983 0.000136
4.656441 0.998554 0.000137
4.721767 0.997967 0.000136
4.787094 0.997223 0.000137
4.852421 0.996323 0.000136
4.917977 0.995266 0.000136
4.957631 0.994554 0.000298
4.965654 0.994403 0.000730
4.967946 0.994359 0.000730
4.970009 0.994088 0.000816
4.972072 0.991076 0.000730
4.974134 0.986428 0.000816
4.976197 0.981573 0.000730
4.978260 0.978868 0.000816
4.980323 0.977663 0.000730
4.982387 0.976840 0.000816
4.984449 0.976210 0.000730
4.986512 0.975546 0.000816
4.988575 0.974901 0.000730
4.990638 0.974347 0.000816
4.992701 0.973953 0.000730
4.994764 0.973850 0.000816
4.996827 0.974139 0.000730
4.998890 0.974551 0.000816
5.000953 0.974911 0.000730
5.003016 0.974967 0.000816
5.005079 0.974801 0.000730
5.007142 0.974543 0.000816
5.009205 0.974366 0.000730
5.011268 0.974451 0.000816
5.013330 0.974683 0.000730
5.015394 0.974908 0.000816
5.017456 0.975295 0.000730
5.019519 0.976075 0.000816
5.021582 0.977456 0.000730
5.023645 0.980067 0.000816
5.025708 0.984925 0.000730
5.027771 0.989585 0.000816
5.029834 0.992742 0.000730
5.031897 0.993074 0.000816
5.033960 0.993030 0.000730
5.035335 0.993001 0.001632
5.068342 0.992280 0.000136
5.133898 0.990744 0.000136
5.199225 0.989083 0.000137
5.264551 0.987297 0.000136
5.329878 0.985397 0.000137
5.395205 0.983425 0.000136
5.460761 0.981431 0.000136
5.526087 0.979447 0.000137
5.591414 0.977483 0.000136
5.656740 0.975558 0.000137
5.722067 0.973687 0.000136
5.787394 0.971887 0.000137
5.853064 0.970162 0.000142
5.918276 0.968545 0.000136
5.957931 0.967613 0.000298
5.965953 0.967429 0.000730
5.968245 0.967377 0.000730
5.970308 0.966816 0.000816
5.972371 0.963302 0.000730
5.974435 0.958491 0.000816
5.976497 0.953941 0.000730
5.978561 0.951946 0.000816
5.980623 0.950881 0.000730
5.982686 0.949817 0.000816
5.984749 0.948946 0.000730
5.986812 0.948299 0.000816
5.988875 0.947827 0.000730
5.990938 0.947429 0.000816
5.993001 0.947107 0.000730
5.995064 0.946876 0.000816
5.997127 0.946756 0.000730
5.999190 0.946781 0.000816
6.001253 0.946878 0.000730
6.003316 0.947000 0.000816
6.005379 0.947084 0.000730
6.007441 0.947085 0.000816
6.009504 0.947086 0.000730
6.011567 0.947178 0.000816
6.013630 0.947479 0.000730
6.015693 0.948288 0.000816
6.017756 0.949368 0.000730
6.019819 0.950602 0.000816
6.021882 0.951740 0.000730
6.023945 0.954211 0.000816
6.026008 0.958712 0.000730
6.028071 0.963113 0.000816
6.030134 0.965881 0.000730
6.032197 0.965980 0.000816
6.034260 0.965936 0.000730
6.068184 0.965244 0.000136
6.133740 0.964004 0.000136
6.199066 0.962901 0.000137
6.264393 0.961936 0.000136
6.329720 0.961106 0.000137
6.395046 0.960413 0.000136
6.460602 0.959860 0.000136
6.525929 0.959453 0.000137
6.591256 0.959189 0.000136
6.656582 0.959071 0.000137
6.721909 0.959098 0.000136
6.787236 0.959270 0.000137
6.852562 0.959590 0.000136
6.918118 0.960058 0.000136
6.957773 0.960412 0.000298
6.965795 0.960490 0.000730
6.968088 0.960513 0.000730
6.970150 0.960194 0.000816
6.972214 0.957195 0.000730
6.974277 0.952746 0.000816
6.976339 0.948064 0.000730
6.978402 0.945481 0.000816
6.980465 0.944097 0.000730
6.982528 0.942994 0.000816
6.984591 0.942049 0.000730
6.986654 0.941256 0.000816
6.988717 0.940708 0.000730
6.990780 0.940657 0.000816
6.992843 0.940950 0.000730
6.994906 0.941332 0.000816
6.996969 0.941570 0.000730
6.999032 0.941523 0.000816
7.001095 0.941385 0.000730
7.003158 0.941256 0.000816
7.005221 0.941212 0.000730
7.007284 0.941359 0.000816
7.009347 0.941601 0.000730
7.011410 0.941899 0.000816
7.013472 0.942293 0.000730
7.015535 0.942828 0.000816
7.017598 0.943622 0.000730
7.019661 0.944656 0.000816
7.021724 0.945979 0.000730
7.023787 0.948569 0.000816
7.025850 0.953294 0.000730
7.027913 0.957882 0.000816
7.029976 0.960945 0.000730
7.032039 0.961217 0.000816
7.034102 0.961242 0.000730
7.068026 0.961672 0.000136
7.133582 0.962611 0.000136
7.198909 0.963688 0.000137
7.264235 0.964903 0.000136
7.329562 0.966247 0.000137
7.394889 0.967710 0.000136
7.460445 0.969288 0.000136
7.525772 0.970959 0.000137
7.591098 0.972713 0.000136
7.656425 0.974535 0.000137
7.721752 0.976412 0.000136
7.787079 0.978327 0.000137
7.852061 0.980258 0.000142
7.917961 0.982224 0.000136
7.957616 0.983405 0.000298
7.965638 0.983643 0.000730
7.967930 0.983711 0.000730
7.969993 0.983553 0.000816
7.972056 0.980694 0.000730
7.974120 0.976223 0.000816
7.976182 0.971564 0.000730
7.978245 0.969064 0.000816
7.980308 0.968006 0.000730
7.982371 0.967288 0.000816
7.984434 0.966731 0.000730
7.986497 0.966324 0.000816
7.988560 0.966029 0.000730
7.990623 0.965806 0.000816
7.992686 0.965545 0.000730
7.994749 0.965185 0.000816
7.996812 0.964855 0.000730
7.998875 0.964655 0.000816
8.000938 0.964701 0.000730
8.003000 0.964598 0.000816
8.005064 0.964456 0.000730
8.007127 0.964395 0.000816
8.009189 0.964582 0.000730
8.011253 0.965198 0.000816
8.013315 0.966160 0.000730
8.015379 0.967237 0.000816
8.017441 0.968245 0.000730
8.019504 0.969024 0.000816
8.021567 0.970117 0.000730
8.023630 0.972448 0.000816
8.025693 0.977193 0.000730
8.027756 0.981909 0.000816
8.029819 0.985150 0.000730
8.031882 0.985590 0.000816
8.033945 0.985649 0.000730
8.035320 0.985689 0.001632
8.068327 0.986624 0.000136
8.133883 0.988403 0.000136
8.199210 0.990063 0.000137
8.264537 0.991601 0.000136
8.329864 0.993010 0.000137
8.395190 0.994282 0.000136
8.460746 0.995414 0.000136
8.526073 0.996393 0.000137
8.591400 0.997217 0.000136
8.656727 0.997884 0.000137
8.722054 0.998393 0.000136
8.787380 0.998744 0.000137
8.852707 0.998939 0.000136
8.918263 0.998982 0.000136
8.957918 0.998935 0.000298
8.965940 0.998919 0.000730
8.968233 0.998914 0.000730
8.970295 0.998418 0.000816
8.972358 0.995087 0.000730
8.974422 0.990268 0.000816
8.976484 0.985444 0.000730
8.978547 0.983122 0.000816
8.980610 0.982100 0.000730
8.982673 0.981457 0.000816
8.984736 0.980952 0.000730
8.986799 0.980432 0.000816
8.988862 0.980015 0.000730
8.990925 0.979689 0.000816
8.992988 0.979446 0.000730
8.995051 0.979324 0.000816
8.997114 0.979346 0.000730
8.999177 0.979434 0.000816
9.001240 0.979538 0.000730
9.003303 0.979594 0.000816
9.005366 0.979733 0.000730
9.007428 0.979943 0.000816
9.009492 0.980216 0.000730
9.011554 0.980538 0.000816
9.013617 0.980779 0.000730
9.015681 0.981047 0.000816
9.017743 0.981485 0.000730
9.019806 0.982173 0.000816
9.021869 0.983248 0.000730
9.023932 0.986047 0.000816
9.025995 0.990968 0.000730
9.028058 0.995703 0.000816
9.030121 0.998577 0.000730
9.032184 0.998707 0.000816
9.034247 0.998698 0.000730
9.068171 0.998534 0.000136
9.133727 0.998120 0.000136
9.199054 0.997590 0.000137
9.264381 0.996955 0.000136
9.329708 0.996227 0.000137
9.395034 0.995451 0.000136
9.460590 0.994670 0.000136
9.525917 0.993897 0.000137
9.591244 0.993132 0.000136
9.656571 0.992382 0.000137
9.721898 0.991652 0.000136
9.787225 0.990945 0.000137
9.851558 0.990275 0.000142
9.918108 0.989616 0.000136
9.957762 0.989242 0.000298
9.965785 0.989168 0.000730
9.968077 0.989147 0.000730
9.970140 0.988776 0.000816
9.972203 0.985594 0.000730
9.974266 0.980849 0.000816
9.976329 0.975951 0.000730
9.978392 0.973318 0.000816
9.980455 0.972040 0.000730
9.982518 0.971248 0.000816
9.984581 0.970680 0.000730
9.986643 0.970218 0.000816
9.988706 0.969714 0.000730
9.990769 0.969243 0.000816
9.992832 0.968846 0.000730
9.994895 0.968582 0.000816
9.996958 0.968498 0.000730
9.999021 0.968661 0.000816
10.001084 0.968922 0.000730
10.003147 0.969189 0.000816
10.005210 0.969321 0.000730
10.007273 0.969462 0.000816
10.009336 0.969665 0.000730
10.011399 0.969944 0.000816
10.013462 0.970324 0.000730
10.015525 0.970907 0.000816
10.017588 0.971681 0.000730
10.019651 0.972657 0.000816
10.021714 0.973926 0.000730
10.023777 0.976458 0.000816
10.025840 0.981056 0.000730
10.027902 0.985470 0.000816
10.029965 0.988350 0.000730
10.032028 0.988583 0.000816
10.034091 0.988566 0.000730
10.068016 0.988286 0.000136
10.133572 0.987784 0.000136
10.198898 0.987338 0.000137
10.264225 0.986948 0.000136
10.329552 0.986609 0.000137
10.394879 0.986326 0.000136
10.460435 0.986098 0.000136
10.525762 0.985931 0.000137
10.591089 0.985826 0.000136
10.656416 0.985783 0.000137
10.721743 0.985805 0.000136
10.787070 0.985891 0.000137
10.852397 0.986040 0.000136
10.917953 0.986250 0.000136
10.957607 0.986405 0.000298
10.965630 0.986439 0.000730
10.967922 0.986449 0.000730
10.969985 0.986254 0.000816
10.972048 0.983367 0.000730
10.974111 0.978807 0.000816
10.976174 0.973859 0.000730
10.978237 0.970871 0.000816
10.980300 0.969372 0.000730
10.982363 0.968452 0.000816
10.984426 0.967956 0.000730
10.986488 0.967630 0.000816
10.988552 0.967341 0.000730
10.990614 0.966973 0.000816
10.992678 0.966609 0.000730
10.994740 0.966309 0.000816
10.996803 0.966111 0.000730
10.998867 0.966070 0.000816
11.000929 0.966196 0.000730
11.002992 0.966415 0.000816
11.005055 0.966675 0.000730
11.007118 0.966898 0.000816
11.009181 0.967083 0.000730
11.011244 0.967277 0.000816
11.013307 0.967565 0.000730
11.015370 0.968026 0.000816
11.017433 0.968885 0.000730
11.019496 0.970011 0.000816
11.021559 0.971442 0.000730
11.023622 0.973924 0.000816
11.025685 0.978591 0.000730
