0.329763 0.993036 0.000137
0.395089 0.994292 0.000136
0.460645 0.995409 0.000136
0.525971 0.996369 0.000137
0.591298 0.997171 0.000136
0.656624 0.997815 0.000137
0.721786 0.998301 0.000137
0.787277 0.998634 0.000137
0.852604 0.998815 0.000136
0.918159 0.998852 0.000136
0.957813 0.998810 0.000298
0.965836 0.998796 0.000730
0.968128 0.998791 0.000730
0.970191 0.998408 0.000816
0.972254 0.995279 0.000730
0.974317 0.990599 0.000816
0.976380 0.985818 0.000730
0.978443 0.983331 0.000816
0.980506 0.982178 0.000730
0.982569 0.981409 0.000816
0.984632 0.980819 0.000730
0.986695 0.980251 0.000816
0.988758 0.979758 0.000730
0.990820 0.979358 0.000816
0.992884 0.979076 0.000730
0.994946 0.978847 0.000816
0.997009 0.978559 0.000730
0.999073 0.978309 0.000816
1.001135 0.978161 0.000730
1.003198 0.978204 0.000816
1.005261 0.978621 0.000730
1.007324 0.979242 0.000816
1.009387 0.979905 0.000730
1.011450 0.980391 0.000816
1.013513 0.980339 0.000730
1.015576 0.980099 0.000816
1.017639 0.980058 0.000730
1.019701 0.980840 0.000816
1.021765 0.982626 0.000730
1.023827 0.985770 0.000816
1.025891 0.990847 0.000730
1.027954 0.995406 0.000816
1.030016 0.998387 0.000730
1.032079 0.998607 0.000816
1.034142 0.998599 0.000730
1.068066 0.998452 0.000136
1.133622 0.998079 0.000136
1.198948 0.997597 0.000137
1.264275 0.997012 0.000136
1.329601 0.996334 0.000137
1.394928 0.995594 0.000136
1.460483 0.994829 0.000136
1.525810 0.994052 0.000137
1.591136 0.993269 0.000136
1.656463 0.992488 0.000137
1.721789 0.991716 0.000136
1.787116 0.990963 0.000137
1.854085 0.990224 0.000142
1.917998 0.989562 0.000136
1.957652 0.989174 0.000298
1.965675 0.989098 0.000730
1.967967 0.989076 0.000730
1.970030 0.988814 0.000816
1.972093 0.985925 0.000730
1.974156 0.981495 0.000816
1.976219 0.976857 0.000730
1.978282 0.974257 0.000816
1.980345 0.972958 0.000730
1.982407 0.972003 0.000816
1.984470 0.971254 0.000730
1.986533 0.970677 0.000816
1.988596 0.970159 0.000730
1.990660 0.969641 0.000816
1.992722 0.969193 0.000730
1.994785 0.968892 0.000816
1.996848 0.968777 0.000730
1.998911 0.968813 0.000816
2.000974 0.968927 0.000730
2.003037 0.969073 0.000816
2.005100 0.969186 0.000730
2.007163 0.969287 0.000816
2.009226 0.969419 0.000730
2.011289 0.969625 0.000816
2.013352 0.969965 0.000730
2.015414 0.970370 0.000816
2.017478 0.970870 0.000730
2.019540 0.971598 0.000816
2.021603 0.972975 0.000730
2.023667 0.975691 0.000816
2.025729 0.980551 0.000730
2.027792 0.985134 0.000816
2.029855 0.988155 0.000730
2.031918 0.988497 0.000816
2.033981 0.988479 0.000730
2.035356 0.988467 0.001632
2.068364 0.988189 0.000136
2.133919 0.987680 0.000136
2.199246 0.987231 0.000137
2.264572 0.986838 0.000136
2.329899 0.986491 0.000137
2.395225 0.986195 0.000136
2.460781 0.985952 0.000136
2.526107 0.985769 0.000137
2.591434 0.985647 0.000136
2.656760 0.985591 0.000137
2.722087 0.985605 0.000136
2.787414 0.985694 0.000137
2.852740 0.985856 0.000136
2.918296 0.986088 0.000136
2.957950 0.986260 0.000298
2.965973 0.986298 0.000730
2.968265 0.986309 0.000730
2.970328 0.985828 0.000816
2.972391 0.982676 0.000730
2.974454 0.978203 0.000816
2.976517 0.973687 0.000730
2.978579 0.971424 0.000816
2.980643 0.970183 0.000730
2.982705 0.969397 0.000816
2.984768 0.968884 0.000730
2.986832 0.968514 0.000816
2.988894 0.968194 0.000730
2.990957 0.967868 0.000816
2.993020 0.967576 0.000730
2.995083 0.967348 0.000816
2.997146 0.967214 0.000730
2.999209 0.967168 0.000816
3.001272 0.967122 0.000730
3.003335 0.967116 0.000816
3.005398 0.967178 0.000730
3.007461 0.967350 0.000816
3.009524 0.967490 0.000730
3.011586 0.967639 0.000816
3.013650 0.967891 0.000730
3.015713 0.968368 0.000816
3.017775 0.969168 0.000730
3.019839 0.970213 0.000816
3.021901 0.971585 0.000730
3.023964 0.974441 0.000816
3.026027 0.979221 0.000730
3.028090 0.983714 0.000816
3.030153 0.986509 0.000730
3.032216 0.986645 0.000816
3.034279 0.986657 0.000730
3.068203 0.986859 0.000136
3.133759 0.987292 0.000136
3.199085 0.987775 0.000137
3.264412 0.988307 0.000136
3.329738 0.988884 0.000137
3.395065 0.989503 0.000136
3.460621 0.990160 0.000136
3.525947 0.990847 0.000137
3.591274 0.991560 0.000136
3.656600 0.992297 0.000137
3.721927 0.993052 0.000136
3.787253 0.993821 0.000137
3.853573 0.994610 0.000142
3.918136 0.995380 0.000136
3.957790 0.995853 0.000298
3.965813 0.995948 0.000730
3.968105 0.995975 0.000730
3.970168 0.995630 0.000816
3.972231 0.992507 0.000730
3.974294 0.987951 0.000816
3.976357 0.983379 0.000730
3.978420 0.981223 0.000816
3.980483 0.980272 0.000730
3.982546 0.979623 0.000816
3.984608 0.979018 0.000730
3.986671 0.978519 0.000816
3.988734 0.978127 0.000730
3.990798 0.977841 0.000816
3.992860 0.977580 0.000730
3.994923 0.977300 0.000816
3.996986 0.977067 0.000730
3.999049 0.976934 0.000816
4.001112 0.976964 0.000730
4.003175 0.977135 0.000816
4.005238 0.977394 0.000730
4.007301 0.977699 0.000816
4.009364 0.977996 0.000730
4.011427 0.978282 0.000816
4.013490 0.978626 0.000730
4.015553 0.979082 0.000816
4.017616 0.979713 0.000730
4.019678 0.980559 0.000816
4.021741 0.981737 0.000730
4.023805 0.984263 0.000816
4.025867 0.988949 0.000730
4.027930 0.993476 0.000816
4.029993 0.996465 0.000730
4.032056 0.996723 0.000816
4.034119 0.996746 0.000730
4.068043 0.997115 0.000136
4.133599 0.997763 0.000136
4.198925 0.998311 0.000137
4.264252 0.998752 0.000136
4.329579 0.999075 0.000137
4.394905 0.999271 0.000136
4.460461 0.999331 0.000136
4.525788 0.999241 0.000137
4.591114 0.998993 0.000136
4.656441 0.998582 0.000137
4.721767 0.998005 0.000136
4.787094 0.997259 0.000137
4.852421 0.996346 0.000136
4.917977 0.995262 0.000136
4.957631 0.994532 0.000298
4.965654 0.994377 0.000730
4.967946 0.994333 0.000730
4.970009 0.994068 0.000816
4.972072 0.991191 0.000730
4.974134 0.986598 0.000816
4.976197 0.981725 0.000730
4.978260 0.978862 0.000816
4.980323 0.977470 0.000730
4.982387 0.976510 0.000816
4.984449 0.975772 0.000730
4.986512 0.975287 0.000816
4.988575 0.974992 0.000730
4.990638 0.974794 0.000816
4.992701 0.974601 0.000730
4.994764 0.974446 0.000816
4.996827 0.974509 0.000730
4.998890 0.974662 0.000816
5.000953 0.974815 0.000730
5.003016 0.974845 0.000816
5.005079 0.974885 0.000730
5.007142 0.974966 0.000816
5.009205 0.975115 0.000730
5.011268 0.975351 0.000816
5.013330 0.975624 0.000730
5.015394 0.975942 0.000816
5.017456 0.976410 0.000730
5.019519 0.977174 0.000816
5.021582 0.978398 0.000730
5.023645 0.980792 0.000816
5.025708 0.985332 0.000730
5.027771 0.989734 0.000816
5.029834 0.992712 0.000730
5.031897 0.993020 0.000816
5.033960 0.992976 0.000730
5.035335 0.992946 0.001632
5.068342 0.992213 0.000136
5.133898 0.990660 0.000136
5.199225 0.988991 0.000137
5.264551 0.987214 0.000136
5.329878 0.985339 0.000137
5.395205 0.983403 0.000136
5.460761 0.981445 0.000136
5.526087 0.979493 0.000137
5.591414 0.977554 0.000136
5.656740 0.975642 0.000137
5.722067 0.973773 0.000136
5.787394 0.971957 0.000137
5.853064 0.970209 0.000142
5.918276 0.968567 0.000136
5.957931 0.967621 0.000298
5.965953 0.967434 0.000730
5.968245 0.967381 0.000730
5.970308 0.966812 0.000816
5.972371 0.963453 0.000730
5.974435 0.958578 0.000816
5.976497 0.953576 0.000730
5.978561 0.950937 0.000816
5.980623 0.949809 0.000730
5.982686 0.949504 0.000816
5.984749 0.949431 0.000730
5.986812 0.949233 0.000816
5.988875 0.948580 0.000730
5.990938 0.947873 0.000816
5.993001 0.947244 0.000730
5.995064 0.946864 0.000816
5.997127 0.946710 0.000730
5.999190 0.946604 0.000816
6.001253 0.946552 0.000730
6.003316 0.946556 0.000816
6.005379 0.946628 0.000730
6.007441 0.946869 0.000816
6.009504 0.947236 0.000730
6.011567 0.947672 0.000816
6.013630 0.948115 0.000730
6.015693 0.948748 0.000816
6.017756 0.949590 0.000730
6.019819 0.950623 0.000816
6.021882 0.951861 0.000730
6.023945 0.954493 0.000816
6.026008 0.959004 0.000730
6.028071 0.963252 0.000816
6.030134 0.965875 0.000730
6.032197 0.965963 0.000816
6.034260 0.965919 0.000730
6.068184 0.965218 0.000136
6.133740 0.963965 0.000136
6.199066 0.962858 0.000137
6.264393 0.961896 0.000136
6.329720 0.961072 0.000137
6.395046 0.960387 0.000136
6.460602 0.959840 0.000136
6.525929 0.959437 0.000137
6.591256 0.959175 0.000136
6.656582 0.959053 0.000137
6.721909 0.959072 0.000136
6.787236 0.959240 0.000137
6.852562 0.959558 0.000136
6.918118 0.960028 0.000136
6.957773 0.960385 0.000298
6.965795 0.960464 0.000730
6.968088 0.960487 0.000730
6.970150 0.960146 0.000816
6.972214 0.957096 0.000730
6.974277 0.952627 0.000816
6.976339 0.947627 0.000730
6.978402 0.944610 0.000816
6.980465 0.942740 0.000730
6.982528 0.941906 0.000816
6.984591 0.941782 0.000730
6.986654 0.941832 0.000816
6.988717 0.941739 0.000730
6.990780 0.941251 0.000816
6.992843 0.940628 0.000730
6.994906 0.940062 0.000816
6.996969 0.939717 0.000730
6.999032 0.939752 0.000816
7.001095 0.940364 0.000730
7.003158 0.941184 0.000816
7.005221 0.941966 0.000730
7.007284 0.942322 0.000816
7.009347 0.942385 0.000730
7.011410 0.942364 0.000816
7.013472 0.942442 0.000730
7.015535 0.942798 0.000816
7.017598 0.943502 0.000730
7.019661 0.944421 0.000816
7.021724 0.945732 0.000730
7.023787 0.948486 0.000816
7.025850 0.953339 0.000730
7.027913 0.957968 0.000816
7.029976 0.960937 0.000730
7.032039 0.961202 0.000816
7.034102 0.961227 0.000730
7.068026 0.961666 0.000136
7.133582 0.962623 0.000136
7.198909 0.963718 0.000137
7.264235 0.964947 0.000136
7.329562 0.966302 0.000137
7.394889 0.967773 0.000136
7.460445 0.969357 0.000136
7.525772 0.971030 0.000137
7.591098 0.972786 0.000136
7.656425 0.974613 0.000137
7.721752 0.976496 0.000136
7.787079 0.978418 0.000137
