13.133568 0.990787 0.000136
13.198895 0.989139 0.000137
13.264222 0.987363 0.000136
13.329550 0.985469 0.000137
13.394877 0.983501 0.000136
13.460433 0.981511 0.000136
13.525760 0.979530 0.000137
13.591087 0.977570 0.000136
13.656414 0.975647 0.000137
13.721741 0.973778 0.000136
13.787068 0.971979 0.000137
13.850065 0.970322 0.000142
13.917951 0.968634 0.000136
13.957606 0.967699 0.000298
13.965629 0.967515 0.000730
13.967921 0.967462 0.000730
13.969984 0.967198 0.000816
13.972047 0.964081 0.000730
13.974110 0.959366 0.000816
13.976173 0.954658 0.000730
13.978236 0.952191 0.000816
13.980299 0.951018 0.000730
13.982361 0.949769 0.000816
13.984425 0.948694 0.000730
13.986487 0.947878 0.000816
13.988550 0.947463 0.000730
13.990614 0.947203 0.000816
13.992676 0.947026 0.000730
13.994739 0.946876 0.000816
13.996802 0.946686 0.000730
13.998865 0.946394 0.000816
14.000928 0.946115 0.000730
14.002991 0.945926 0.000816
14.005054 0.945951 0.000730
14.007117 0.946214 0.000816
14.009180 0.946669 0.000730
14.011243 0.947199 0.000816
14.013306 0.947711 0.000730
14.015369 0.948224 0.000816
14.017432 0.948916 0.000730
14.019495 0.949810 0.000816
14.021558 0.951032 0.000730
14.023621 0.953411 0.000816
14.025684 0.958052 0.000730
14.027747 0.962618 0.000816
14.029810 0.965715 0.000730
14.031873 0.966060 0.000816
14.033936 0.966017 0.000730
14.035311 0.965988 0.001632
14.068318 0.965312 0.000136
14.133875 0.964067 0.000136
14.199202 0.962959 0.000137
14.264455 0.961991 0.000137
14.329856 0.961156 0.000137
14.395183 0.960463 0.000136
14.460739 0.959911 0.000136
14.526066 0.959505 0.000137
14.591394 0.959246 0.000136
14.656721 0.959133 0.000137
14.722048 0.959167 0.000136
14.787375 0.959348 0.000137
14.852702 0.959678 0.000136
14.918258 0.960157 0.000136
14.957913 0.960517 0.000298
14.965936 0.960596 0.000730
14.968228 0.960619 0.000730
14.970291 0.960170 0.000816
14.972354 0.957032 0.000730
14.974417 0.952546 0.000816
14.976480 0.947919 0.000730
14.978543 0.945508 0.000816
14.980606 0.944146 0.000730
14.982668 0.943065 0.000816
14.984732 0.942155 0.000730
14.986795 0.941398 0.000816
14.988858 0.940886 0.000730
14.990920 0.940847 0.000816
14.992983 0.941105 0.000730
14.995047 0.941437 0.000816
14.997109 0.941620 0.000730
14.999173 0.941544 0.000816
15.001235 0.941250 0.000730
15.003298 0.940938 0.000816
15.005361 0.940745 0.000730
15.007424 0.940878 0.000816
15.009487 0.941224 0.000730
15.011550 0.941694 0.000816
15.013613 0.942257 0.000730
15.015676 0.942867 0.000816
15.017739 0.943446 0.000730
15.019802 0.944221 0.000816
15.021865 0.945474 0.000730
15.023928 0.948512 0.000816
15.025991 0.953587 0.000730
15.028054 0.958298 0.000816
15.030117 0.961161 0.000730
15.032180 0.961333 0.000816
15.034243 0.961358 0.000730
15.068167 0.961793 0.000136
15.133723 0.962736 0.000136
15.199050 0.963811 0.000137
15.264378 0.965015 0.000136
15.329705 0.966340 0.000137
15.395032 0.967780 0.000136
15.460588 0.969331 0.000136
15.525916 0.970971 0.000137
15.591243 0.972695 0.000136
15.656570 0.974496 0.000137
15.721897 0.976358 0.000136
15.787224 0.978267 0.000137
15.852551 0.980207 0.000136
15.920591 0.982244 0.000142
15.957763 0.983357 0.000298
15.965785 0.983597 0.000730
15.968077 0.983666 0.000730
15.970140 0.983386 0.000816
15.972203 0.980328 0.000730
15.974266 0.975754 0.000816
15.976329 0.971110 0.000730
15.978392 0.968804 0.000816
15.980455 0.967788 0.000730
15.982518 0.967094 0.000816
15.984581 0.966581 0.000730
15.986644 0.966240 0.000816
15.988707 0.966010 0.000730
15.990770 0.965820 0.000816
15.992833 0.965543 0.000730
15.994896 0.965165 0.000816
15.996959 0.964824 0.000730
15.999022 0.964627 0.000816
16.001085 0.964678 0.000730
16.003148 0.964584 0.000816
16.005211 0.964471 0.000730
16.007274 0.964442 0.000816
16.009337 0.964660 0.000730
16.011400 0.965289 0.000816
16.013463 0.966217 0.000730
16.015526 0.967251 0.000816
16.017588 0.968181 0.000730
16.019652 0.968857 0.000816
16.021714 0.969861 0.000730
16.023778 0.972391 0.000816
16.025840 0.977330 0.000730
16.027904 0.982121 0.000816
16.029966 0.985242 0.000730
16.032029 0.985558 0.000816
16.034092 0.985617 0.000730
16.068017 0.986586 0.000136
16.133573 0.988376 0.000136
16.198900 0.990045 0.000137
16.264227 0.991588 0.000136
16.329555 0.992998 0.000137
16.394882 0.994268 0.000136
16.460438 0.995395 0.000136
16.525765 0.996369 0.000137
16.591093 0.997192 0.000136
16.656420 0.997862 0.000137
16.721747 0.998377 0.000136
16.787074 0.998739 0.000137
16.852402 0.998949 0.000136
16.917958 0.999010 0.000136
16.957613 0.998973 0.000298
16.965636 0.998959 0.000730
16.967928 0.998955 0.000730
16.969991 0.998730 0.000816
16.972054 0.995768 0.000730
16.974117 0.991226 0.000816
16.976180 0.986501 0.000730
16.978243 0.983862 0.000816
16.980305 0.982578 0.000730
16.982368 0.981616 0.000816
16.984431 0.980882 0.000730
16.986494 0.980345 0.000816
16.988557 0.979925 0.000730
16.990620 0.979599 0.000816
16.992683 0.979350 0.000730
16.994746 0.979207 0.000816
16.996809 0.979230 0.000730
16.998872 0.979332 0.000816
17.000935 0.979453 0.000730
17.002998 0.979514 0.000816
17.005061 0.979676 0.000730
17.007124 0.979938 0.000816
17.009187 0.980264 0.000730
17.011250 0.980607 0.000816
17.013313 0.980856 0.000730
17.015376 0.981092 0.000816
17.017439 0.981482 0.000730
17.019502 0.982118 0.000816
17.021565 0.983142 0.000730
17.023628 0.985504 0.000816
17.025691 0.990291 0.000730
17.027754 0.995143 0.000816
17.029817 0.998399 0.000730
17.031880 0.998760 0.000816
17.033943 0.998751 0.000730
17.035318 0.998746 0.001632
17.068325 0.998589 0.000136
17.133882 0.998180 0.000136
17.199209 0.997651 0.000137
17.264536 0.997011 0.000136
17.329864 0.996275 0.000137
17.395191 0.995487 0.000136
17.460518 0.994697 0.000137
17.525846 0.993911 0.000136
17.591402 0.993132 0.000136
17.656729 0.992371 0.000137
17.722057 0.991630 0.000136
17.787384 0.990914 0.000137
17.852711 0.990226 0.000136
17.919867 0.989553 0.000143
17.957693 0.989192 0.000293
17.965945 0.989115 0.000730
17.968237 0.989093 0.000730
17.970301 0.988579 0.000816
17.972363 0.985265 0.000730
17.974426 0.980573 0.000816
17.976489 0.975933 0.000730
17.978552 0.973682 0.000816
17.980615 0.972466 0.000730
17.982678 0.971521 0.000816
17.984741 0.970774 0.000730
17.986804 0.970207 0.000816
17.988867 0.969849 0.000730
17.990930 0.969620 0.000816
17.992993 0.969464 0.000730
17.995056 0.969327 0.000816
17.997119 0.969190 0.000730
17.999182 0.969059 0.000816
18.001245 0.968975 0.000730
18.003308 0.968958 0.000816
18.005371 0.969050 0.000730
18.007434 0.969207 0.000816
18.009497 0.969434 0.000730
18.011560 0.969739 0.000816
18.013623 0.970141 0.000730
18.015686 0.970757 0.000816
18.017749 0.971567 0.000730
18.019812 0.972586 0.000816
18.021875 0.973932 0.000730
18.023938 0.976713 0.000816
18.026000 0.981380 0.000730
18.028064 0.985717 0.000816
18.030126 0.988399 0.000730
18.032190 0.988521 0.000816
18.034252 0.988503 0.000730
18.068177 0.988219 0.000136
18.133733 0.987706 0.000136
18.199061 0.987249 0.000137
18.264388 0.986847 0.000136
18.329715 0.986496 0.000137
18.395043 0.986201 0.000136
18.460599 0.985962 0.000136
18.525927 0.985784 0.000137
18.591254 0.985668 0.000136
18.656581 0.985617 0.000137
18.721909 0.985633 0.000136
18.787236 0.985716 0.000137
18.852563 0.985866 0.000136
18.917891 0.986081 0.000137
18.957545 0.986242 0.000293
18.965797 0.986279 0.000730
18.968090 0.986289 0.000730
18.970153 0.985948 0.000816
18.972216 0.982858 0.000730
18.974279 0.978284 0.000816
18.976341 0.973512 0.000730
18.978404 0.970916 0.000816
18.980467 0.969546 0.000730
18.982531 0.968673 0.000816
18.984593 0.968122 0.000730
18.986657 0.967727 0.000816
18.988719 0.967392 0.000730
18.990782 0.967113 0.000816
18.992845 0.966931 0.000730
18.994908 0.966820 0.000816
18.996971 0.966750 0.000730
18.999034 0.966701 0.000816
19.001097 0.966649 0.000730
19.003160 0.966633 0.000816
19.005223 0.966685 0.000730
19.007286 0.966849 0.000816
19.009349 0.967153 0.000730
19.011412 0.967572 0.000816
19.013475 0.968084 0.000730
19.015538 0.968665 0.000816
19.017601 0.969305 0.000730
19.019664 0.970148 0.000816
19.021727 0.971350 0.000730
19.023790 0.973984 0.000816
19.025853 0.978764 0.000730
19.027916 0.983358 0.000816
19.029979 0.986353 0.000730
19.032041 0.986606 0.000816
19.034105 0.986618 0.000730
19.068486 0.986813 0.000136
19.133815 0.987227 0.000137
19.199142 0.987699 0.000136
19.264470 0.988225 0.000137
19.329797 0.988801 0.000136
19.395432 0.989424 0.000138
19.460452 0.990082 0.000136
19.526008 0.990779 0.000136
19.591336 0.991502 0.000137
19.656663 0.992252 0.000136
19.721991 0.993023 0.000137
19.787318 0.993811 0.000136
19.852646 0.994608 0.000137
19.919119 0.995422 0.000142
19.957628 0.995892 0.000298
19.965651 0.995989 0.000730
19.967943 0.996017 0.000730
19.970005 0.995800 0.000816
19.972069 0.992763 0.000730
19.974131 0.988162 0.000816
19.976195 0.983404 0.000730
19.978257 0.980879 0.000816
19.980321 0.979721 0.000730
19.982384 0.978901 0.000816
19.984446 0.978285 0.000730
19.986510 0.977836 0.000816
19.988572 0.977502 0.000730
19.990635 0.977240 0.000816
19.992698 0.976957 0.000730
19.994762 0.976617 0.000816
19.996824 0.976317 0.000730
19.998887 0.976130 0.000816
20.000950 0.976146 0.000730
20.003014 0.976315 0.000816
20.005076 0.976581 0.000730
20.007139 0.976898 0.000816
20.009202 0.977210 0.000730
20.011265 0.977565 0.000816
20.013328 0.978035 0.000730
20.015391 0.978617 0.000816
20.017454 0.979325 0.000730
20.019517 0.980168 0.000816
20.021580 0.981343 0.000730
20.023643 0.983795 0.000816
20.025706 0.988552 0.000730
20.027769 0.993235 0.000816
20.029832 0.996395 0.000730
20.031895 0.996781 0.000816
20.033958 0.996805 0.000730
20.035333 0.996820 0.001632
20.068341 0.997184 0.000136
20.133897 0.997832 0.000136
20.199225 0.998371 0.000137
20.264552 0.998792 0.000136
20.329880 0.999087 0.000137
20.395207 0.999247 0.000136
20.460535 0.999266 0.000137
20.525862 0.999140 0.000136
20.591419 0.998865 0.000136
