1.917998 0.989681 0.000136
1.957652 0.989297 0.000298
1.965675 0.989221 0.000730
1.967967 0.989200 0.000730
1.970030 0.988931 0.000816
1.972093 0.985895 0.000730
1.974156 0.981288 0.000816
1.976219 0.976575 0.000730
1.978282 0.974032 0.000816
1.980345 0.972836 0.000730
1.982407 0.971876 0.000816
1.984470 0.971122 0.000730
1.986533 0.970540 0.000816
1.988596 0.970133 0.000730
1.990660 0.969842 0.000816
1.992722 0.969625 0.000730
1.994785 0.969462 0.000816
1.996848 0.969303 0.000730
1.998911 0.969061 0.000816
2.000974 0.968836 0.000730
2.003037 0.968697 0.000816
2.005100 0.968755 0.000730
2.007163 0.968875 0.000816
2.009226 0.969041 0.000730
2.011289 0.969283 0.000816
2.013352 0.969648 0.000730
2.015414 0.970300 0.000816
2.017478 0.971192 0.000730
2.019540 0.972277 0.000816
2.021603 0.973477 0.000730
2.023667 0.975800 0.000816
2.025729 0.980447 0.000730
2.027792 0.985103 0.000816
2.029855 0.988280 0.000730
2.031918 0.988617 0.000816
2.033981 0.988599 0.000730
2.035356 0.988587 0.001632
2.068364 0.988303 0.000136
2.133919 0.987775 0.000136
2.199246 0.987296 0.000137
2.264572 0.986870 0.000136
2.329899 0.986500 0.000137
2.395225 0.986190 0.000136
2.460781 0.985942 0.000136
2.526107 0.985759 0.000137
2.591434 0.985645 0.000136
2.656760 0.985601 0.000137
2.722087 0.985625 0.000136
2.787414 0.985717 0.000137
2.852740 0.985874 0.000136
2.918296 0.986096 0.000136
2.957950 0.986262 0.000298
2.965973 0.986298 0.000730
2.968265 0.986308 0.000730
2.970328 0.985807 0.000816
2.972391 0.982470 0.000730
2.974454 0.977728 0.000816
2.976517 0.973099 0.000730
2.978579 0.970925 0.000816
2.980643 0.969848 0.000730
2.982705 0.968969 0.000816
2.984768 0.968226 0.000730
2.986832 0.967631 0.000816
2.988894 0.967199 0.000730
2.990957 0.966989 0.000816
2.993020 0.966922 0.000730
2.995083 0.966923 0.000816
2.997146 0.966914 0.000730
2.999209 0.966867 0.000816
3.001272 0.966826 0.000730
3.003335 0.966824 0.000816
3.005398 0.966892 0.000730
3.007461 0.967067 0.000816
3.009524 0.967349 0.000730
3.011586 0.967725 0.000816
3.013650 0.968193 0.000730
3.015713 0.968742 0.000816
3.017775 0.969308 0.000730
3.019839 0.970072 0.000816
3.021901 0.971226 0.000730
3.023964 0.974108 0.000816
3.026027 0.979025 0.000730
3.028090 0.983638 0.000816
3.030153 0.986495 0.000730
3.032216 0.986632 0.000816
3.034279 0.986644 0.000730
3.068203 0.986839 0.000136
3.133759 0.987262 0.000136
3.199085 0.987741 0.000137
3.264412 0.988275 0.000136
3.329738 0.988858 0.000137
3.395065 0.989485 0.000136
3.460621 0.990154 0.000136
3.525947 0.990852 0.000137
3.591274 0.991578 0.000136
3.656600 0.992328 0.000137
3.721927 0.993098 0.000136
3.787253 0.993883 0.000137
3.853573 0.994689 0.000142
3.918136 0.995477 0.000136
3.957790 0.995959 0.000298
3.965813 0.996056 0.000730
3.968105 0.996084 0.000730
3.970168 0.995729 0.000816
3.972231 0.992560 0.000730
3.974294 0.987998 0.000816
3.976357 0.983405 0.000730
3.978420 0.981121 0.000816
3.980483 0.979949 0.000730
3.982546 0.979105 0.000816
3.984608 0.978363 0.000730
3.986671 0.977706 0.000816
3.988734 0.977162 0.000730
3.990798 0.976794 0.000816
3.992860 0.976631 0.000730
3.994923 0.976612 0.000816
3.996986 0.976661 0.000730
3.999049 0.976726 0.000816
4.001112 0.976750 0.000730
4.003175 0.976750 0.000816
4.005238 0.976779 0.000730
4.007301 0.976876 0.000816
4.009364 0.977110 0.000730
4.011427 0.977533 0.000816
4.013490 0.978115 0.000730
4.015553 0.978808 0.000816
4.017616 0.979576 0.000730
4.019678 0.980440 0.000816
4.021741 0.981649 0.000730
4.023805 0.984284 0.000816
4.025867 0.989052 0.000730
4.027930 0.993628 0.000816
4.029993 0.996592 0.000730
4.032056 0.996845 0.000816
4.034119 0.996868 0.000730
4.068043 0.997241 0.000136
4.133599 0.997889 0.000136
4.198925 0.998429 0.000137
4.264252 0.998852 0.000136
4.329579 0.999150 0.000137
4.394905 0.999313 0.000136
4.460461 0.999334 0.000136
4.525788 0.999209 0.000137
4.591114 0.998934 0.000136
4.656441 0.998504 0.000137
4.721767 0.997919 0.000136
4.787094 0.997178 0.000137
4.852421 0.996282 0.000136
4.917977 0.995228 0.000136
4.957631 0.994518 0.000298
4.965654 0.994367 0.000730
4.967946 0.994324 0.000730
4.970009 0.994052 0.000816
4.972072 0.991051 0.000730
4.974134 0.986458 0.000816
4.976197 0.981677 0.000730
4.978260 0.978930 0.000816
4.980323 0.977418 0.000730
4.982387 0.976217 0.000816
4.984449 0.975287 0.000730
4.986512 0.974873 0.000816
4.988575 0.974745 0.000730
4.990638 0.974719 0.000816
4.992701 0.974621 0.000730
4.994764 0.974409 0.000816
4.996827 0.974250 0.000730
4.998890 0.974146 0.000816
5.000953 0.974096 0.000730
5.003016 0.974105 0.000816
5.005079 0.974064 0.000730
5.007142 0.974012 0.000816
5.009205 0.974035 0.000730
5.011268 0.974221 0.000816
5.013330 0.974648 0.000730
5.015394 0.975243 0.000816
5.017456 0.975989 0.000730
5.019519 0.976860 0.000816
5.021582 0.977954 0.000730
5.023645 0.980313 0.000816
5.025708 0.984976 0.000730
5.027771 0.989612 0.000816
5.029834 0.992727 0.000730
5.031897 0.993041 0.000816
5.033960 0.992998 0.000730
5.035335 0.992969 0.001632
5.068342 0.992250 0.000136
5.133898 0.990720 0.000136
5.199225 0.989067 0.000137
5.264551 0.987294 0.000136
5.329878 0.985411 0.000137
5.395205 0.983461 0.000136
5.460761 0.981490 0.000136
5.526087 0.979527 0.000137
5.591414 0.977583 0.000136
5.656740 0.975673 0.000137
5.722067 0.973812 0.000136
5.787394 0.972014 0.000137
5.853064 0.970283 0.000142
5.918276 0.968650 0.000136
5.957931 0.967703 0.000298
5.965953 0.967517 0.000730
5.968245 0.967464 0.000730
5.970308 0.966893 0.000816
5.972371 0.963364 0.000730
5.974435 0.958491 0.000816
5.976497 0.953821 0.000730
5.978561 0.951705 0.000816
5.980623 0.950639 0.000730
5.982686 0.949721 0.000816
5.984749 0.949004 0.000730
5.986812 0.948442 0.000816
5.988875 0.948015 0.000730
5.990938 0.947689 0.000816
5.993001 0.947437 0.000730
5.995064 0.947239 0.000816
5.997127 0.947023 0.000730
5.999190 0.946671 0.000816
6.001253 0.946336 0.000730
6.003316 0.946118 0.000816
6.005379 0.946166 0.000730
6.007441 0.946528 0.000816
6.009504 0.947078 0.000730
6.011567 0.947688 0.000816
6.013630 0.948206 0.000730
6.015693 0.948685 0.000816
6.017756 0.949315 0.000730
6.019819 0.950160 0.000816
6.021882 0.951287 0.000730
6.023945 0.953982 0.000816
6.026008 0.958683 0.000730
6.028071 0.963169 0.000816
6.030134 0.965947 0.000730
6.032197 0.966037 0.000816
6.034260 0.965993 0.000730
6.068184 0.965283 0.000136
6.133740 0.964004 0.000136
6.199066 0.962861 0.000137
6.264393 0.961855 0.000136
6.329720 0.960992 0.000137
6.395046 0.960279 0.000136
6.460602 0.959714 0.000136
6.525929 0.959306 0.000137
6.591256 0.959053 0.000136
6.656582 0.958956 0.000137
6.721909 0.959011 0.000136
6.787236 0.959216 0.000137
6.852562 0.959570 0.000136
6.918118 0.960073 0.000136
6.957773 0.960447 0.000298
6.965795 0.960530 0.000730
6.968088 0.960553 0.000730
6.970150 0.960229 0.000816
6.972214 0.957077 0.000730
6.974277 0.952364 0.000816
6.976339 0.947492 0.000730
6.978402 0.944875 0.000816
6.980465 0.943569 0.000730
6.982528 0.942587 0.000816
6.984591 0.941799 0.000730
6.986654 0.941168 0.000816
6.988717 0.940707 0.000730
6.990780 0.940587 0.000816
6.992843 0.940740 0.000730
6.994906 0.940979 0.000816
6.996969 0.941129 0.000730
6.999032 0.941099 0.000816
7.001095 0.941111 0.000730
7.003158 0.941174 0.000816
7.005221 0.941296 0.000730
7.007284 0.941487 0.000816
7.009347 0.941766 0.000730
7.011410 0.942130 0.000816
7.013472 0.942589 0.000730
7.015535 0.943139 0.000816
7.017598 0.943660 0.000730
7.019661 0.944349 0.000816
7.021724 0.945508 0.000730
7.023787 0.948332 0.000816
7.025850 0.953326 0.000730
7.027913 0.958049 0.000816
7.029976 0.961022 0.000730
7.032039 0.961289 0.000816
7.034102 0.961314 0.000730
7.068026 0.961760 0.000136
7.133582 0.962723 0.000136
7.198909 0.963814 0.000137
7.264235 0.965031 0.000136
7.329562 0.966369 0.000137
7.394889 0.967819 0.000136
7.460445 0.969377 0.000136
7.525772 0.971024 0.000137
7.591098 0.972754 0.000136
7.656425 0.974559 0.000137
7.721752 0.976425 0.000136
7.787079 0.978336 0.000137
7.852061 0.980267 0.000142
7.917961 0.982238 0.000136
7.957616 0.983423 0.000298
7.965638 0.983662 0.000730
7.967930 0.983731 0.000730
7.969993 0.983566 0.000816
7.972056 0.980610 0.000730
7.974120 0.975972 0.000816
7.976182 0.971147 0.000730
7.978245 0.968622 0.000816
7.980308 0.967626 0.000730
7.982371 0.966973 0.000816
7.984434 0.966286 0.000730
7.986497 0.965618 0.000816
7.988560 0.965061 0.000730
7.990623 0.964688 0.000816
7.992686 0.964470 0.000730
7.994749 0.964263 0.000816
7.996812 0.964108 0.000730
7.998875 0.964037 0.000816
8.000938 0.964091 0.000730
8.003000 0.964121 0.000816
8.005064 0.964171 0.000730
8.007127 0.964291 0.000816
8.009189 0.964553 0.000730
8.011253 0.965109 0.000816
8.013315 0.965944 0.000730
8.015379 0.966895 0.000816
8.017441 0.967853 0.000730
8.019504 0.968775 0.000816
8.021567 0.970032 0.000730
8.023630 0.972513 0.000816
8.025693 0.977275 0.000730
8.027756 0.981972 0.000816
8.029819 0.985182 0.000730
8.031882 0.985617 0.000816
8.033945 0.985677 0.000730
8.035320 0.985716 0.001632
8.068327 0.986655 0.000136
8.133883 0.988436 0.000136
8.199210 0.990095 0.000137
8.264537 0.991629 0.000136
8.329864 0.993029 0.000137
8.395190 0.994289 0.000136
8.460746 0.995407 0.000136
8.526073 0.996372 0.000137
8.591400 0.997184 0.000136
8.656727 0.997843 0.000137
8.722054 0.998347 0.000136
8.787380 0.998699 0.000137
8.852707 0.998900 0.000136
8.918263 0.998955 0.000136
8.957918 0.998918 0.000298
8.965940 0.998904 0.000730
8.968233 0.998900 0.000730
8.970295 0.998413 0.000816
8.972358 0.995139 0.000730
8.974422 0.990493 0.000816
8.976484 0.985880 0.000730
8.978547 0.983564 0.000816
8.980610 0.982222 0.000730
8.982673 0.981181 0.000816
8.984736 0.980392 0.000730
8.986799 0.979827 0.000816
8.988862 0.979356 0.000730
8.990925 0.978981 0.000816
8.992988 0.978712 0.000730
8.995051 0.978625 0.000816
8.997114 0.978758 0.000730
8.999177 0.978970 0.000816
9.001240 0.979166 0.000730
9.003303 0.979223 0.000816
9.005366 0.979180 0.000730
9.007428 0.979132 0.000816
9.009492 0.979171 0.000730
9.011554 0.979416 0.000816
9.013617 0.979782 0.000730
9.015681 0.980237 0.000816
9.017743 0.980858 0.000730
9.019806 0.981716 0.000816
9.021869 0.982958 0.000730
9.023932 0.985900 0.000816
9.025995 0.990923 0.000730
9.028058 0.995675 0.000816
9.030121 0.998578 0.000730
9.032184 0.998712 0.000816
9.034247 0.998704 0.000730
9.068171 0.998551 0.000136
9.133727 0.998160 0.000136
9.199054 0.997652 0.000137
9.264381 0.997038 0.000136
9.329708 0.996329 0.000137
9.395034 0.995565 0.000136
