-0.209352 0.977681
-0.208664 0.978748
-0.208206 0.978928
-0.207748 0.976986
-0.207289 0.980148
-0.206831 0.980102
-0.206372 0.977838
-0.205914 0.977892
-0.205455 0.981034
-0.204997 0.978431
-0.204539 0.979161
-0.204080 0.979489
-0.203622 0.981564
-0.203163 0.980157
-0.202705 0.978396
-0.202246 0.977316
-0.201788 0.979916
-0.201330 0.977414
-0.200871 0.977441
-0.200413 0.977218
-0.199954 0.980347
-0.199496 0.978449
-0.199037 0.978528
-0.198579 0.979209
-0.198120 0.979915
-0.197662 0.978572
-0.197204 0.978485
-0.196745 0.976350
-0.196287 0.975739
-0.195828 0.980937
-0.195370 0.977579
-0.194911 0.980448
-0.194453 0.980369
-0.193995 0.978433
-0.193536 0.977935
-0.193078 0.979860
-0.192619 0.978934
-0.192161 0.978587
-0.191702 0.978067
-0.191244 0.978259
-0.190786 0.978476
-0.190327 0.977921
-0.189869 0.981888
-0.189410 0.977300
-0.188952 0.980364
-0.188493 0.981099
-0.188035 0.980339
-0.187577 0.980252
-0.187118 0.980313
-0.186660 0.977195
-0.186201 0.981162
-0.185743 0.979115
-0.185284 0.981380
-0.184826 0.977494
-0.184368 0.981074
-0.183909 0.976891
-0.183451 0.978704
-0.182992 0.981562
-0.182534 0.979703
-0.182075 0.977120
-0.181617 0.977659
-0.181158 0.981063
-0.180700 0.979876
-0.180242 0.980194
-0.179783 0.980076
-0.179325 0.977716
-0.178866 0.981548
-0.178408 0.978325
-0.177949 0.982693
-0.172448 0.981410
-0.171990 0.978225
-0.171531 0.977270
-0.171073 0.977300
-0.170615 0.980545
-0.170156 0.977337
-0.169698 0.978900
-0.169239 0.982075
-0.168781 0.978762
-0.168322 0.978934
-0.167864 0.980565
-0.167406 0.976636
-0.166947 0.979229
-0.166489 0.978022
-0.166030 0.975577
-0.165572 0.978140
-0.165113 0.979523
-0.164655 0.981965
-0.164197 0.978420
-0.163738 0.979496
-0.163280 0.978891
-0.162821 0.978141
-0.162363 0.980067
-0.161904 0.981720
-0.161446 0.982051
-0.160988 0.981120
-0.160529 0.977911
-0.160071 0.982894
-0.159612 0.979795
-0.159154 0.977283
-0.158695 0.980733
-0.158237 0.980335
-0.157778 0.978374
-0.157320 0.980767
-0.156862 0.982757
-0.156403 0.979132
-0.155945 0.979621
-0.155486 0.979991
-0.155028 0.980661
-0.154569 0.982009
-0.154111 0.980552
-0.153653 0.976326
-0.153194 0.981824
-0.152736 0.979615
-0.152277 0.978481
-0.151819 0.982125
-0.151360 0.976469
-0.150902 0.980163
-0.150444 0.979393
-0.149985 0.981900
-0.149527 0.980395
-0.149068 0.985428
-0.148610 0.977914
-0.148151 0.982465
-0.147693 0.980040
-0.147235 0.981270
-0.146776 0.978975
-0.146318 0.980909
-0.145859 0.979973
-0.145401 0.978919
-0.144942 0.979066
-0.144484 0.977486
-0.144026 0.981781
-0.143567 0.981907
-0.143109 0.978659
-0.142650 0.982917
-0.142192 0.982593
-0.141734 0.984158
-0.141275 0.980772
-0.140817 0.978148
-0.140358 0.979960
-0.139900 0.980771
-0.139441 0.982487
-0.138983 0.982023
-0.138524 0.980211
-0.138066 0.978914
-0.137608 0.980657
-0.137149 0.980068
-0.136691 0.979771
-0.136232 0.983197
-0.135774 0.981403
-0.135315 0.979340
-0.134857 0.984798
-0.134399 0.980427
-0.133940 0.982801
-0.133482 0.980099
-0.133023 0.981294
-0.132565 0.981196
-0.132106 0.979803
-0.131648 0.982219
-0.131189 0.981304
-0.130731 0.983229
-0.130273 0.979860
-0.129814 0.981920
-0.129356 0.980366
-0.128897 0.982882
-0.128439 0.980755
-0.127981 0.983204
-0.127522 0.982138
-0.127064 0.979193
-0.126605 0.977288
-0.126147 0.981830
-0.125688 0.979430
-0.125230 0.981692
-0.124772 0.982329
-0.124313 0.984615
-0.123855 0.981559
-0.123396 0.980896
-0.122938 0.983874
-0.122479 0.980422
-0.122021 0.981227
-0.121562 0.983221
-0.121104 0.978648
-0.120646 0.982864
-0.120187 0.984501
-0.119729 0.979920
-0.119270 0.981129
-0.118812 0.980919
-0.118353 0.978880
-0.117895 0.984040
-0.117437 0.981219
-0.116978 0.982920
-0.116520 0.979406
-0.116061 0.978843
-0.115603 0.980473
-0.115144 0.983593
-0.114686 0.979386
-0.114228 0.981221
-0.113769 0.980530
-0.113311 0.981997
-0.112852 0.980381
-0.112394 0.981888
-0.111935 0.983650
-0.111477 0.981814
-0.111019 0.982400
-0.110560 0.983932
-0.110102 0.979951
-0.109643 0.980776
-0.109185 0.982827
-0.108726 0.981256
-0.108268 0.978670
-0.107810 0.980632
-0.107351 0.983117
-0.106893 0.982527
-0.106434 0.979587
-0.105976 0.982938
-0.105517 0.981508
-0.105059 0.982448
-0.104601 0.981693
-0.104142 0.982075
-0.103684 0.977847
-0.103225 0.983602
-0.102767 0.981510
-0.102308 0.983430
-0.101850 0.982228
-0.101391 0.982713
-0.100933 0.981484
-0.100475 0.983338
-0.100016 0.980977
-0.099558 0.980733
-0.099099 0.983811
-0.098641 0.981150
-0.098182 0.983176
-0.097724 0.984834
-0.097266 0.984530
-0.096807 0.982112
-0.096349 0.983549
-0.095890 0.983377
-0.095432 0.980614
-0.094973 0.981603
-0.094515 0.982343
-0.094057 0.982037
-0.093598 0.981834
-0.093140 0.980306
-0.092681 0.980999
-0.092223 0.978831
-0.091764 0.981227
-0.091306 0.981909
-0.090848 0.984886
-0.090389 0.982951
-0.089931 0.983088
-0.089472 0.979242
-0.089014 0.981731
-0.088555 0.981911
-0.088097 0.983908
-0.087639 0.982270
-0.087180 0.982214
-0.086722 0.983317
-0.086263 0.981136
-0.085805 0.983643
-0.085346 0.982156
-0.084888 0.982205
-0.084430 0.982054
-0.083971 0.981236
-0.083513 0.981826
-0.083054 0.982736
-0.082596 0.985235
-0.082137 0.983260
-0.081679 0.986223
-0.081221 0.983464
-0.080762 0.983407
-0.080304 0.983414
-0.079845 0.982919
-0.079387 0.981533
-0.078928 0.980990
-0.078470 0.982718
-0.078012 0.981984
-0.077553 0.982984
-0.077095 0.983925
-0.076636 0.983918
-0.076178 0.983845
-0.075719 0.984019
-0.075261 0.981649
-0.074803 0.979713
-0.074344 0.981367
-0.073886 0.980720
-0.073427 0.978994
-0.072969 0.985871
-0.072510 0.980085
-0.072052 0.982798
-0.071593 0.981019
-0.071135 0.983204
-0.070677 0.981557
-0.070218 0.983903
-0.069760 0.981311
-0.069301 0.983071
-0.068843 0.984969
-0.068384 0.984858
-0.067926 0.983864
-0.067468 0.985618
-0.067009 0.986514
-0.066551 0.985051
-0.066092 0.984127
-0.065634 0.982620
-0.065175 0.980195
-0.064717 0.980595
-0.064259 0.981350
-0.063800 0.983938
-0.063342 0.982968
-0.062883 0.983059
-0.062425 0.984213
-0.061966 0.982209
-0.061508 0.984410
-0.061050 0.984899
-0.060591 0.978499
-0.060133 0.982887
-0.059674 0.982324
-0.059216 0.981859
-0.058757 0.981171
-0.058299 0.985551
-0.057841 0.982419
-0.057382 0.982663
-0.056924 0.982452
-0.056465 0.980981
-0.056007 0.981723
-0.055548 0.984414
-0.055090 0.984322
-0.054632 0.982881
-0.054173 0.984007
-0.053715 0.980262
-0.053256 0.983731
-0.052798 0.984990
-0.052339 0.983665
-0.051881 0.985435
-0.051423 0.983451
-0.050964 0.981199
-0.050506 0.980143
-0.050047 0.983463
-0.049589 0.981271
-0.049130 0.981430
-0.048672 0.985131
-0.048214 0.984803
-0.047755 0.983697
-0.047297 0.985875
-0.046838 0.980980
-0.046380 0.984999
-0.045921 0.981069
-0.045463 0.984757
-0.045005 0.981972
-0.044546 0.983463
-0.044088 0.983235
-0.043629 0.982022
-0.043171 0.984054
-0.042712 0.980981
-0.042254 0.980881
-0.041795 0.983626
-0.041337 0.980747
-0.040879 0.984954
-0.040420 0.985469
-0.039962 0.983337
-0.039503 0.983551
-0.039045 0.984034
-0.038586 0.985176
-0.038128 0.982051
-0.037670 0.983523
-0.037211 0.985761
-0.036753 0.985774
-0.036294 0.986317
-0.035836 0.983436
-0.035377 0.982791
-0.034919 0.987240
-0.034461 0.983811
-0.034002 0.983799
-0.033544 0.984970
-0.033085 0.985076
-0.032627 0.982757
-0.032168 0.985370
-0.031710 0.982980
-0.031252 0.983746
-0.030793 0.984402
-0.030335 0.986117
-0.029876 0.982432
-0.029418 0.981102
-0.028959 0.982250
-0.028501 0.978742
-0.028043 0.978646
-0.027584 0.978585
