-0.023917 0.972229
-0.023458 0.973360
-0.023000 0.970003
-0.022541 0.969034
-0.022083 0.972699
-0.021625 0.970463
-0.021166 0.968299
-0.020708 0.969243
-0.020249 0.971020
-0.019791 0.968386
-0.019332 0.965045
-0.018874 0.967861
-0.018416 0.969053
-0.017957 0.968663
-0.017499 0.967911
-0.017040 0.965724
-0.016582 0.965752
-0.016123 0.967495
-0.015665 0.970122
-0.015206 0.967950
-0.014748 0.964950
-0.014290 0.966723
-0.013831 0.969564
-0.013373 0.964837
-0.012914 0.967609
-0.012456 0.967639
-0.011998 0.966402
-0.011539 0.967306
-0.011081 0.967074
-0.010622 0.967051
-0.010164 0.966465
-0.009705 0.965614
-0.009247 0.966175
-0.008788 0.966625
-0.008330 0.967198
-0.007872 0.966751
-0.007413 0.963965
-0.006955 0.967635
-0.006496 0.968590
-0.006038 0.964176
-0.005579 0.969878
-0.005121 0.966124
-0.004663 0.965168
-0.004204 0.966985
-0.003746 0.967820
-0.003287 0.964902
-0.002829 0.965281
-0.002370 0.965089
-0.001912 0.963788
-0.001453 0.965918
-0.000995 0.965600
-0.000537 0.967526
-0.000078 0.964927
0.000380 0.965082
0.000839 0.963583
0.001297 0.962990
0.001755 0.967561
0.002214 0.964710
0.002672 0.964947
0.003131 0.962934
0.003589 0.965315
0.004048 0.967878
0.004506 0.966152
0.004964 0.965554
0.005423 0.964781
0.005881 0.964706
0.006340 0.963927
0.006798 0.966588
0.007257 0.966434
0.007715 0.964655
0.008173 0.964106
0.008632 0.963571
0.009090 0.967709
0.009549 0.968616
0.010007 0.963907
0.010466 0.964325
0.010924 0.968344
0.011382 0.966042
0.011841 0.968773
0.012299 0.967224
0.012758 0.967675
0.013216 0.968754
0.013675 0.968596
0.014133 0.966669
0.014591 0.967375
0.015050 0.966748
0.015508 0.967086
0.015967 0.967068
0.016425 0.967073
0.016884 0.966981
0.017342 0.967922
0.017801 0.967908
0.018259 0.965240
0.018717 0.968426
0.019176 0.968368
0.019634 0.967887
0.020093 0.968011
0.020551 0.969183
0.021010 0.970322
0.021468 0.971607
0.021926 0.971328
0.022385 0.970670
0.022843 0.972194
0.023302 0.972542
0.023760 0.974936
0.024219 0.975893
0.024677 0.979043
0.025135 0.976789
0.025594 0.977576
0.026052 0.976118
0.026511 0.978677
0.026969 0.978846
0.027428 0.981911
0.027886 0.983253
0.028344 0.981168
0.028803 0.984010
0.029261 0.984739
0.029720 0.982996
0.030178 0.988070
0.030637 0.985995
0.031095 0.981361
0.031553 0.985841
0.032012 0.982530
0.032470 0.987434
0.032929 0.987575
0.033387 0.987825
0.033846 0.987264
0.034304 0.984418
0.034762 0.986958
0.035221 0.985368
0.035679 0.986699
0.036138 0.985935
0.036596 0.984734
0.037055 0.987783
0.037513 0.988868
0.037971 0.989150
0.038430 0.983070
0.038888 0.986390
0.039347 0.982419
0.039805 0.988367
0.040264 0.985903
0.040722 0.983272
0.041180 0.983432
0.041639 0.983910
0.042097 0.985963
0.042556 0.983037
0.043014 0.984808
0.043473 0.984608
0.043931 0.987555
0.044390 0.987336
0.044848 0.984759
0.045306 0.985932
0.045765 0.988983
0.046223 0.985890
0.046682 0.985183
0.047140 0.985886
0.047599 0.985865
0.048057 0.986322
0.048515 0.989650
0.048974 0.988940
0.049432 0.986769
0.049891 0.986850
0.050349 0.987713
0.050808 0.983476
0.051266 0.984720
0.051724 0.986613
0.052183 0.987005
0.052641 0.987863
0.053100 0.986043
0.053558 0.987046
0.054017 0.984192
0.054475 0.986493
0.054933 0.987117
0.055392 0.988652
0.055850 0.986080
0.056309 0.988430
0.056767 0.986921
0.057226 0.987452
0.057684 0.987202
0.058142 0.984063
0.058601 0.984820
0.059059 0.988898
0.059518 0.984485
0.059976 0.985992
0.060435 0.986362
0.060893 0.985259
0.061352 0.985773
0.061810 0.985842
0.062268 0.985846
0.062727 0.989413
0.063185 0.982282
0.063644 0.983951
0.064102 0.985140
0.064561 0.987539
0.065019 0.987473
0.065477 0.986472
0.065936 0.984562
0.066394 0.987439
0.066853 0.985955
0.067311 0.986529
0.067770 0.987056
0.068228 0.988990
0.068686 0.986688
0.069145 0.988208
0.069603 0.986949
0.070062 0.987742
0.070520 0.987293
0.070978 0.985313
0.071437 0.986876
0.071895 0.989366
0.072354 0.988125
0.072812 0.986183
0.073271 0.988622
0.073729 0.985923
0.074187 0.984294
0.074646 0.989012
0.075104 0.987597
0.075563 0.985082
0.076021 0.985299
0.076480 0.987491
0.076938 0.986676
0.077397 0.986295
0.077855 0.982471
0.078313 0.989973
0.078772 0.987342
0.079230 0.987390
0.079689 0.987898
0.080147 0.989044
0.080606 0.987224
0.081064 0.985350
0.081522 0.987275
0.081981 0.987376
0.082439 0.983900
0.082898 0.988523
0.083356 0.985659
0.083815 0.987390
0.084273 0.986284
0.084731 0.984605
0.085190 0.985939
0.085648 0.985367
0.086107 0.986277
0.086565 0.987648
0.087024 0.987229
0.087482 0.986294
0.087940 0.986361
0.088399 0.989905
0.088857 0.987067
0.089316 0.984502
0.089774 0.985625
0.090233 0.986866
0.090691 0.987420
0.091149 0.983944
0.091608 0.988488
0.092066 0.987440
0.092525 0.985059
0.092983 0.985212
0.093442 0.989037
0.093900 0.986579
0.094359 0.986327
0.094817 0.991744
0.095275 0.988287
0.095734 0.985309
0.096192 0.990192
0.096651 0.989396
0.097109 0.988456
0.097568 0.986834
0.098026 0.985225
0.098484 0.986743
0.098943 0.988508
0.099401 0.987172
0.099860 0.990211
0.100318 0.989623
0.100777 0.988939
0.101235 0.987917
0.101693 0.988906
0.102152 0.986262
0.102610 0.986001
0.103069 0.986424
0.103527 0.988329
0.103986 0.989514
0.104444 0.986215
0.104902 0.987598
0.105361 0.987730
0.105819 0.989216
0.106278 0.989784
0.106736 0.988441
0.107195 0.985025
0.107653 0.990172
0.108111 0.987693
0.108570 0.991018
0.109028 0.987706
0.109487 0.988606
0.109945 0.985245
0.110404 0.988636
0.110862 0.988751
0.111320 0.989420
0.111779 0.988020
0.112237 0.988373
0.112696 0.990323
0.113154 0.986266
0.113613 0.990733
0.114071 0.987867
0.114530 0.987480
0.114988 0.989409
0.115446 0.986931
0.115905 0.982310
0.116363 0.989070
0.116822 0.990189
0.117280 0.988454
0.117739 0.989110
0.118197 0.989517
0.118655 0.987219
0.119114 0.986830
0.119572 0.987730
0.120031 0.986284
0.120489 0.990818
0.120948 0.987615
0.121406 0.988250
0.121864 0.986409
0.122323 0.985917
0.122781 0.989413
0.123240 0.988194
0.123698 0.990311
0.124157 0.986926
0.124615 0.988563
0.125073 0.987466
0.125532 0.987073
0.125990 0.990470
0.126449 0.989667
0.126907 0.987545
0.127366 0.986576
0.127824 0.989122
0.128282 0.989446
0.128741 0.989806
0.129199 0.990297
0.129658 0.987905
0.130116 0.985032
0.130575 0.988351
0.131033 0.987872
0.131491 0.987280
0.131950 0.988791
0.132408 0.987358
0.132867 0.991286
0.133325 0.987141
0.133784 0.987684
0.134242 0.987495
0.134700 0.987702
0.135159 0.988151
0.135617 0.985808
0.136076 0.988095
0.136534 0.989501
0.136993 0.990521
0.137451 0.988865
0.137909 0.986998
0.138368 0.986765
0.138826 0.988665
0.139285 0.988532
0.139743 0.991782
0.140202 0.990486
0.140660 0.990581
0.141118 0.983795
0.141577 0.987421
0.142035 0.988482
0.142494 0.989069
0.142952 0.991310
0.143411 0.988600
0.143869 0.987513
0.144328 0.989295
0.144786 0.987992
0.145244 0.988769
0.145703 0.988665
0.146161 0.987053
0.146620 0.989168
0.147078 0.991045
0.147537 0.987276
0.147995 0.988416
0.148453 0.989828
0.148912 0.988336
0.149370 0.987893
0.149829 0.987652
0.150287 0.988943
0.150746 0.986203
0.151204 0.990323
0.151662 0.988792
0.152121 0.989418
0.152579 0.987557
0.153038 0.990161
0.153496 0.988209
