0.045765 0.988983
0.046223 0.985890
0.046682 0.985183
0.047140 0.985886
0.047599 0.985865
0.048057 0.986322
0.048515 0.989650
0.048974 0.988940
0.049432 0.986769
0.049891 0.986850
0.050349 0.987713
0.050808 0.983476
0.051266 0.984720
0.051724 0.986613
0.052183 0.987005
0.052641 0.987863
0.053100 0.986043
0.053558 0.987046
0.054017 0.984192
0.054475 0.986493
0.054933 0.987117
0.055392 0.988652
0.055850 0.986080
0.056309 0.988430
0.056767 0.986921
0.057226 0.987452
0.057684 0.987202
0.058142 0.984063
0.058601 0.984820
0.059059 0.988898
0.059518 0.984485
0.059976 0.985992
0.060435 0.986362
0.060893 0.985259
0.061352 0.985773
0.061810 0.985842
0.062268 0.985846
0.062727 0.989413
0.063185 0.982282
0.063644 0.983951
0.064102 0.985140
0.064561 0.987539
0.065019 0.987473
0.065477 0.986472
0.065936 0.984562
0.066394 0.987439
0.066853 0.985955
0.067311 0.986529
0.067770 0.987056
0.068228 0.988990
0.068686 0.986688
0.069145 0.988208
0.069603 0.986949
0.070062 0.987742
0.070520 0.987293
0.070978 0.985313
0.071437 0.986876
0.071895 0.989366
0.072354 0.988125
0.072812 0.986183
0.073271 0.988622
0.073729 0.985923
0.074187 0.984294
0.074646 0.989012
0.075104 0.987597
0.075563 0.985082
0.076021 0.985299
0.076480 0.987491
0.076938 0.986676
0.077397 0.986295
0.077855 0.982471
0.078313 0.989973
0.078772 0.987342
0.079230 0.987390
0.079689 0.987898
0.080147 0.989044
0.080606 0.987224
0.081064 0.985350
0.081522 0.987275
0.081981 0.987376
0.082439 0.983900
0.082898 0.988523
0.083356 0.985659
0.083815 0.987390
0.084273 0.986284
0.084731 0.984605
0.085190 0.985939
0.085648 0.985367
0.086107 0.986277
0.086565 0.987648
0.087024 0.987229
0.087482 0.986294
0.087940 0.986361
0.088399 0.989905
0.088857 0.987067
0.089316 0.984502
0.089774 0.985625
0.090233 0.986866
0.090691 0.987420
0.091149 0.983944
0.091608 0.988488
0.092066 0.987440
0.092525 0.985059
0.092983 0.985212
0.093442 0.989037
0.093900 0.986579
0.094359 0.986327
0.094817 0.991744
0.095275 0.988287
0.095734 0.985309
0.096192 0.990192
0.096651 0.989396
0.097109 0.988456
0.097568 0.986834
0.098026 0.985225
0.098484 0.986743
0.098943 0.988508
0.099401 0.987172
0.099860 0.990211
0.100318 0.989623
0.100777 0.988939
0.101235 0.987917
0.101693 0.988906
0.102152 0.986262
0.102610 0.986001
0.103069 0.986424
0.103527 0.988329
0.103986 0.989514
0.104444 0.986215
0.104902 0.987598
0.105361 0.987730
0.105819 0.989216
0.106278 0.989784
0.106736 0.988441
0.107195 0.985025
0.107653 0.990172
0.108111 0.987693
0.108570 0.991018
0.109028 0.987706
0.109487 0.988606
0.109945 0.985245
0.110404 0.988636
0.110862 0.988751
0.111320 0.989420
0.111779 0.988020
0.112237 0.988373
0.112696 0.990323
0.113154 0.986266
0.113613 0.990733
0.114071 0.987867
0.114530 0.987480
0.114988 0.989409
0.115446 0.986931
0.115905 0.982310
0.116363 0.989070
0.116822 0.990189
0.117280 0.988454
0.117739 0.989110
0.118197 0.989517
0.118655 0.987219
0.119114 0.986830
0.119572 0.987730
0.120031 0.986284
0.120489 0.990818
0.120948 0.987615
0.121406 0.988250
0.121864 0.986409
0.122323 0.985917
0.122781 0.989413
0.123240 0.988194
0.123698 0.990311
0.124157 0.986926
0.124615 0.988563
0.125073 0.987466
0.125532 0.987073
0.125990 0.990470
0.126449 0.989667
0.126907 0.987545
0.127366 0.986576
0.127824 0.989122
0.128282 0.989446
0.128741 0.989806
0.129199 0.990297
0.129658 0.987905
0.130116 0.985032
0.130575 0.988351
0.131033 0.987872
0.131491 0.987280
0.131950 0.988791
0.132408 0.987358
0.132867 0.991286
0.133325 0.987141
0.133784 0.987684
0.134242 0.987495
0.134700 0.987702
0.135159 0.988151
0.135617 0.985808
0.136076 0.988095
0.136534 0.989501
0.136993 0.990521
0.137451 0.988865
0.137909 0.986998
0.138368 0.986765
0.138826 0.988665
0.139285 0.988532
0.139743 0.991782
0.140202 0.990486
0.140660 0.990581
0.141118 0.983795
0.141577 0.987421
0.142035 0.988482
0.142494 0.989069
0.142952 0.991310
0.143411 0.988600
0.143869 0.987513
0.144328 0.989295
0.144786 0.987992
0.145244 0.988769
0.145703 0.988665
0.146161 0.987053
0.146620 0.989168
0.147078 0.991045
0.147537 0.987276
0.147995 0.988416
0.148453 0.989828
0.148912 0.988336
0.149370 0.987893
0.149829 0.987652
0.150287 0.988943
0.150746 0.986203
0.151204 0.990323
0.151662 0.988792
0.152121 0.989418
0.152579 0.987557
0.153038 0.990161
0.153496 0.988209
0.153955 0.987351
0.154413 0.990770
0.154871 0.986917
0.155330 0.989684
0.155788 0.986567
0.156247 0.990119
0.156705 0.992019
0.157164 0.991635
0.157622 0.989026
0.158080 0.988543
0.158539 0.990857
0.158997 0.988942
0.159456 0.987299
0.159914 0.987645
0.160373 0.989213
0.160831 0.988912
0.161289 0.993455
0.161748 0.988016
0.162206 0.989982
0.162665 0.987532
0.163123 0.990593
0.163582 0.991090
0.164040 0.987986
0.164498 0.991490
0.164957 0.986211
0.165415 0.990980
0.165874 0.988015
0.166332 0.991250
0.166791 0.990028
0.167249 0.987648
0.167707 0.988350
0.168166 0.989762
0.168624 0.988051
0.169083 0.991984
0.169541 0.989639
0.170000 0.991805
0.170458 0.990376
0.170916 0.990315
0.171375 0.990190
0.171833 0.993460
0.172292 0.989337
0.172750 0.991274
0.173209 0.988289
0.173667 0.987512
0.174126 0.990410
0.174584 0.989693
0.175042 0.988604
0.175501 0.990296
0.175959 0.990175
0.176418 0.991829
0.176876 0.989883
0.177335 0.987997
0.177793 0.991401
0.178251 0.989276
0.178710 0.991695
0.179168 0.989940
0.179627 0.989283
0.180085 0.989535
0.180544 0.991740
0.181002 0.990259
0.181460 0.991747
0.181919 0.989556
0.182377 0.988624
0.182836 0.988106
0.183294 0.993001
0.183753 0.991016
0.184211 0.989721
0.184669 0.988883
0.185128 0.991816
0.185586 0.990511
0.186045 0.989162
0.186503 0.989760
0.186962 0.990766
0.187420 0.987855
0.187878 0.991472
0.188337 0.994160
0.188795 0.992487
0.189254 0.989132
0.189712 0.990773
0.190171 0.992855
0.190629 0.990047
0.191087 0.992068
0.191546 0.988461
0.192004 0.989044
0.192463 0.990521
0.192921 0.988808
0.193380 0.988684
0.193838 0.991510
0.194296 0.988234
0.194755 0.989551
0.195213 0.991267
0.195672 0.990618
0.196130 0.990487
0.196589 0.992745
0.197047 0.988989
0.197505 0.990640
0.197964 0.988553
0.198422 0.993824
0.198881 0.991993
0.199339 0.992931
0.199798 0.992450
0.200256 0.992296
0.200715 0.988497
0.201173 0.986800
0.201631 0.987968
0.202090 0.989042
0.202548 0.986676
0.203007 0.989376
0.203465 0.987208
0.203924 0.989001
0.204382 0.991013
0.204840 0.989881
0.205299 0.993087
0.205757 0.991327
0.206216 0.990324
0.206674 0.991124
0.207133 0.990757
0.207591 0.991614
0.208049 0.991889
0.208508 0.990415
0.208966 0.990326
0.209425 0.992154
0.209883 0.990764
0.210342 0.991057
0.210800 0.991716
0.211258 0.992144
0.211717 0.985334
0.212175 0.992983
0.212634 0.990434
0.213092 0.987751
0.213551 0.991248
0.214009 0.989228
0.214467 0.992618
0.214926 0.989174
0.215384 0.992278
0.215843 0.989783
0.216301 0.991214
0.216760 0.991240
0.217218 0.991777
0.217676 0.990120
0.218135 0.991102
0.218593 0.991244
0.219052 0.990946
0.219510 0.991235
0.219969 0.991378
0.220427 0.989365
0.220885 0.993006
0.221344 0.989673
0.221802 0.990871
0.222261 0.989460
0.222719 0.988665
