-0.138983 0.982023
-0.138524 0.980211
-0.138066 0.978914
-0.137608 0.980657
-0.137149 0.980068
-0.136691 0.979771
-0.136232 0.983197
-0.135774 0.981403
-0.135315 0.979340
-0.134857 0.984798
-0.134399 0.980427
-0.133940 0.982801
-0.133482 0.980099
-0.133023 0.981294
-0.132565 0.981196
-0.132106 0.979803
-0.131648 0.982219
-0.131189 0.981304
-0.130731 0.983229
-0.130273 0.979860
-0.129814 0.981920
-0.129356 0.980366
-0.128897 0.982882
-0.128439 0.980755
-0.127981 0.983204
-0.127522 0.982138
-0.127064 0.979193
-0.126605 0.977288
-0.126147 0.981830
-0.125688 0.979430
-0.125230 0.981692
-0.124772 0.982329
-0.124313 0.984615
-0.123855 0.981559
-0.123396 0.980896
-0.122938 0.983874
-0.122479 0.980422
-0.122021 0.981227
-0.121562 0.983221
-0.121104 0.978648
-0.120646 0.982864
-0.120187 0.984501
-0.119729 0.979920
-0.119270 0.981129
-0.118812 0.980919
-0.118353 0.978880
-0.117895 0.984040
-0.117437 0.981219
-0.116978 0.982920
-0.116520 0.979406
-0.116061 0.978843
-0.115603 0.980473
-0.115144 0.983593
-0.114686 0.979386
-0.114228 0.981221
-0.113769 0.980530
-0.113311 0.981997
-0.112852 0.980381
-0.112394 0.981888
-0.111935 0.983650
-0.111477 0.981814
-0.111019 0.982400
-0.110560 0.983932
-0.110102 0.979951
-0.109643 0.980776
-0.109185 0.982827
-0.108726 0.981256
-0.108268 0.978670
-0.107810 0.980632
-0.107351 0.983117
-0.106893 0.982527
-0.106434 0.979587
-0.105976 0.982938
-0.105517 0.981508
-0.105059 0.982448
-0.104601 0.981693
-0.104142 0.982075
-0.103684 0.977847
-0.103225 0.983602
-0.102767 0.981510
-0.102308 0.983430
-0.101850 0.982228
-0.101391 0.982713
-0.100933 0.981484
-0.100475 0.983338
-0.100016 0.980977
-0.099558 0.980733
-0.099099 0.983811
-0.098641 0.981150
-0.098182 0.983176
-0.097724 0.984834
-0.097266 0.984530
-0.096807 0.982112
-0.096349 0.983549
-0.095890 0.983377
-0.095432 0.980614
-0.094973 0.981603
-0.094515 0.982343
-0.094057 0.982037
-0.093598 0.981834
-0.093140 0.980306
-0.092681 0.980999
-0.092223 0.978831
-0.091764 0.981227
-0.091306 0.981909
-0.090848 0.984886
-0.090389 0.982951
-0.089931 0.983088
-0.089472 0.979242
-0.089014 0.981731
-0.088555 0.981911
-0.088097 0.983908
-0.087639 0.982270
-0.087180 0.982214
-0.086722 0.983317
-0.086263 0.981136
-0.085805 0.983643
-0.085346 0.982156
-0.084888 0.982205
-0.084430 0.982054
-0.083971 0.981236
-0.083513 0.981826
-0.083054 0.982736
-0.082596 0.985235
-0.082137 0.983260
-0.081679 0.986223
-0.081221 0.983464
-0.080762 0.983407
-0.080304 0.983414
-0.079845 0.982919
-0.079387 0.981533
-0.078928 0.980990
-0.078470 0.982718
-0.078012 0.981984
-0.077553 0.982984
-0.077095 0.983925
-0.076636 0.983918
-0.076178 0.983845
-0.075719 0.984019
-0.075261 0.981649
-0.074803 0.979713
-0.074344 0.981367
-0.073886 0.980720
-0.073427 0.978994
-0.072969 0.985871
-0.072510 0.980085
-0.072052 0.982798
-0.071593 0.981019
-0.071135 0.983204
-0.070677 0.981557
-0.070218 0.983903
-0.069760 0.981311
-0.069301 0.983071
-0.068843 0.984969
-0.068384 0.984858
-0.067926 0.983864
-0.067468 0.985618
-0.067009 0.986514
-0.066551 0.985051
-0.066092 0.984127
-0.065634 0.982620
-0.065175 0.980195
-0.064717 0.980595
-0.064259 0.981350
-0.063800 0.983938
-0.063342 0.982968
-0.062883 0.983059
-0.062425 0.984213
-0.061966 0.982209
-0.061508 0.984410
-0.061050 0.984899
-0.060591 0.978499
-0.060133 0.982887
-0.059674 0.982324
-0.059216 0.981859
-0.058757 0.981171
-0.058299 0.985551
-0.057841 0.982419
-0.057382 0.982663
-0.056924 0.982452
-0.056465 0.980981
-0.056007 0.981723
-0.055548 0.984414
-0.055090 0.984322
-0.054632 0.982881
-0.054173 0.984007
-0.053715 0.980262
-0.053256 0.983731
-0.052798 0.984990
-0.052339 0.983665
-0.051881 0.985435
-0.051423 0.983451
-0.050964 0.981199
-0.050506 0.980143
-0.050047 0.983463
-0.049589 0.981271
-0.049130 0.981430
-0.048672 0.985131
-0.048214 0.984803
-0.047755 0.983697
-0.047297 0.985875
-0.046838 0.980980
-0.046380 0.984999
-0.045921 0.981069
-0.045463 0.984757
-0.045005 0.981972
-0.044546 0.983463
-0.044088 0.983235
-0.043629 0.982022
-0.043171 0.984054
-0.042712 0.980981
-0.042254 0.980881
-0.041795 0.983626
-0.041337 0.980747
-0.040879 0.984954
-0.040420 0.985469
-0.039962 0.983337
-0.039503 0.983551
-0.039045 0.984034
-0.038586 0.985176
-0.038128 0.982051
-0.037670 0.983523
-0.037211 0.985761
-0.036753 0.985774
-0.036294 0.986317
-0.035836 0.983436
-0.035377 0.982791
-0.034919 0.987240
-0.034461 0.983811
-0.034002 0.983799
-0.033544 0.984970
-0.033085 0.985076
-0.032627 0.982757
-0.032168 0.985370
-0.031710 0.982980
-0.031252 0.983746
-0.030793 0.984402
-0.030335 0.986117
-0.029876 0.982432
-0.029418 0.981102
-0.028959 0.982250
-0.028501 0.978742
-0.028043 0.978646
-0.027584 0.978585
-0.027126 0.979805
-0.026667 0.977512
-0.026209 0.977489
-0.025750 0.974170
-0.025292 0.974525
-0.024834 0.973798
-0.024375 0.975292
-0.023917 0.972229
-0.023458 0.973360
-0.023000 0.970003
-0.022541 0.969034
-0.022083 0.972699
-0.021625 0.970463
-0.021166 0.968299
-0.020708 0.969243
-0.020249 0.971020
-0.019791 0.968386
-0.019332 0.965045
-0.018874 0.967861
-0.018416 0.969053
-0.017957 0.968663
-0.017499 0.967911
-0.017040 0.965724
-0.016582 0.965752
-0.016123 0.967495
-0.015665 0.970122
-0.015206 0.967950
-0.014748 0.964950
-0.014290 0.966723
-0.013831 0.969564
-0.013373 0.964837
-0.012914 0.967609
-0.012456 0.967639
-0.011998 0.966402
-0.011539 0.967306
-0.011081 0.967074
-0.010622 0.967051
-0.010164 0.966465
-0.009705 0.965614
-0.009247 0.966175
-0.008788 0.966625
-0.008330 0.967198
-0.007872 0.966751
-0.007413 0.963965
-0.006955 0.967635
-0.006496 0.968590
-0.006038 0.964176
-0.005579 0.969878
-0.005121 0.966124
-0.004663 0.965168
-0.004204 0.966985
-0.003746 0.967820
-0.003287 0.964902
-0.002829 0.965281
-0.002370 0.965089
-0.001912 0.963788
-0.001453 0.965918
-0.000995 0.965600
-0.000537 0.967526
-0.000078 0.964927
0.000380 0.965082
0.000839 0.963583
0.001297 0.962990
0.001755 0.967561
0.002214 0.964710
0.002672 0.964947
0.003131 0.962934
0.003589 0.965315
0.004048 0.967878
0.004506 0.966152
0.004964 0.965554
0.005423 0.964781
0.005881 0.964706
0.006340 0.963927
0.006798 0.966588
0.007257 0.966434
0.007715 0.964655
0.008173 0.964106
0.008632 0.963571
0.009090 0.967709
0.009549 0.968616
0.010007 0.963907
0.010466 0.964325
0.010924 0.968344
0.011382 0.966042
0.011841 0.968773
0.012299 0.967224
0.012758 0.967675
0.013216 0.968754
0.013675 0.968596
0.014133 0.966669
0.014591 0.967375
0.015050 0.966748
0.015508 0.967086
0.015967 0.967068
0.016425 0.967073
0.016884 0.966981
0.017342 0.967922
0.017801 0.967908
0.018259 0.965240
0.018717 0.968426
0.019176 0.968368
0.019634 0.967887
0.020093 0.968011
0.020551 0.969183
0.021010 0.970322
0.021468 0.971607
0.021926 0.971328
0.022385 0.970670
0.022843 0.972194
