-0.093140 0.980306
-0.092681 0.980999
-0.092223 0.978831
-0.091764 0.981227
-0.091306 0.981909
-0.090848 0.984886
-0.090389 0.982951
-0.089931 0.983088
-0.089472 0.979242
-0.089014 0.981731
-0.088555 0.981911
-0.088097 0.983908
-0.087639 0.982270
-0.087180 0.982214
-0.086722 0.983317
-0.086263 0.981136
-0.085805 0.983643
-0.085346 0.982156
-0.084888 0.982205
-0.084430 0.982054
-0.083971 0.981236
-0.083513 0.981826
-0.083054 0.982736
-0.082596 0.985235
-0.082137 0.983260
-0.081679 0.986223
-0.081221 0.983464
-0.080762 0.983407
-0.080304 0.983414
-0.079845 0.982919
-0.079387 0.981533
-0.078928 0.980990
-0.078470 0.982718
-0.078012 0.981984
-0.077553 0.982984
-0.077095 0.983925
-0.076636 0.983918
-0.076178 0.983845
-0.075719 0.984019
-0.075261 0.981649
-0.074803 0.979713
-0.074344 0.981367
-0.073886 0.980720
-0.073427 0.978994
-0.072969 0.985871
-0.072510 0.980085
-0.072052 0.982798
-0.071593 0.981019
-0.071135 0.983204
-0.070677 0.981557
-0.070218 0.983903
-0.069760 0.981311
-0.069301 0.983071
-0.068843 0.984969
-0.068384 0.984858
-0.067926 0.983864
-0.067468 0.985618
-0.067009 0.986514
-0.066551 0.985051
-0.066092 0.984127
-0.065634 0.982620
-0.065175 0.980195
-0.064717 0.980595
-0.064259 0.981350
-0.063800 0.983938
-0.063342 0.982968
-0.062883 0.983059
-0.062425 0.984213
-0.061966 0.982209
-0.061508 0.984410
-0.061050 0.984899
-0.060591 0.978499
-0.060133 0.982887
-0.059674 0.982324
-0.059216 0.981859
-0.058757 0.981171
-0.058299 0.985551
-0.057841 0.982419
-0.057382 0.982663
-0.056924 0.982452
-0.056465 0.980981
-0.056007 0.981723
-0.055548 0.984414
-0.055090 0.984322
-0.054632 0.982881
-0.054173 0.984007
-0.053715 0.980262
-0.053256 0.983731
-0.052798 0.984990
-0.052339 0.983665
-0.051881 0.985435
-0.051423 0.983451
-0.050964 0.981199
-0.050506 0.980143
-0.050047 0.983463
-0.049589 0.981271
-0.049130 0.981430
-0.048672 0.985131
-0.048214 0.984803
-0.047755 0.983697
-0.047297 0.985875
-0.046838 0.980980
-0.046380 0.984999
-0.045921 0.981069
-0.045463 0.984757
-0.045005 0.981972
-0.044546 0.983463
-0.044088 0.983235
-0.043629 0.982022
-0.043171 0.984054
-0.042712 0.980981
-0.042254 0.980881
-0.041795 0.983626
-0.041337 0.980747
-0.040879 0.984954
-0.040420 0.985469
-0.039962 0.983337
-0.039503 0.983551
-0.039045 0.984034
-0.038586 0.985176
-0.038128 0.982051
-0.037670 0.983523
-0.037211 0.985761
-0.036753 0.985774
-0.036294 0.986317
-0.035836 0.983436
-0.035377 0.982791
-0.034919 0.987240
-0.034461 0.983811
-0.034002 0.983799
-0.033544 0.984970
-0.033085 0.985076
-0.032627 0.982757
-0.032168 0.985370
-0.031710 0.982980
-0.031252 0.983746
-0.030793 0.984402
-0.030335 0.986117
-0.029876 0.982432
-0.029418 0.981102
-0.028959 0.982250
-0.028501 0.978742
-0.028043 0.978646
-0.027584 0.978585
-0.027126 0.979805
-0.026667 0.977512
-0.026209 0.977489
-0.025750 0.974170
-0.025292 0.974525
-0.024834 0.973798
-0.024375 0.975292
-0.023917 0.972229
-0.023458 0.973360
-0.023000 0.970003
-0.022541 0.969034
-0.022083 0.972699
-0.021625 0.970463
-0.021166 0.968299
-0.020708 0.969243
-0.020249 0.971020
-0.019791 0.968386
-0.019332 0.965045
-0.018874 0.967861
-0.018416 0.969053
-0.017957 0.968663
-0.017499 0.967911
-0.017040 0.965724
-0.016582 0.965752
-0.016123 0.967495
-0.015665 0.970122
-0.015206 0.967950
-0.014748 0.964950
-0.014290 0.966723
-0.013831 0.969564
-0.013373 0.964837
-0.012914 0.967609
-0.012456 0.967639
-0.011998 0.966402
-0.011539 0.967306
-0.011081 0.967074
-0.010622 0.967051
-0.010164 0.966465
-0.009705 0.965614
-0.009247 0.966175
-0.008788 0.966625
-0.008330 0.967198
-0.007872 0.966751
-0.007413 0.963965
-0.006955 0.967635
-0.006496 0.968590
-0.006038 0.964176
-0.005579 0.969878
-0.005121 0.966124
-0.004663 0.965168
-0.004204 0.966985
-0.003746 0.967820
-0.003287 0.964902
-0.002829 0.965281
-0.002370 0.965089
-0.001912 0.963788
-0.001453 0.965918
-0.000995 0.965600
-0.000537 0.967526
-0.000078 0.964927
0.000380 0.965082
0.000839 0.963583
0.001297 0.962990
0.001755 0.967561
0.002214 0.964710
0.002672 0.964947
0.003131 0.962934
0.003589 0.965315
0.004048 0.967878
0.004506 0.966152
0.004964 0.965554
0.005423 0.964781
0.005881 0.964706
0.006340 0.963927
0.006798 0.966588
0.007257 0.966434
0.007715 0.964655
0.008173 0.964106
0.008632 0.963571
0.009090 0.967709
0.009549 0.968616
0.010007 0.963907
0.010466 0.964325
0.010924 0.968344
0.011382 0.966042
0.011841 0.968773
0.012299 0.967224
0.012758 0.967675
0.013216 0.968754
0.013675 0.968596
0.014133 0.966669
0.014591 0.967375
0.015050 0.966748
0.015508 0.967086
0.015967 0.967068
0.016425 0.967073
0.016884 0.966981
0.017342 0.967922
0.017801 0.967908
0.018259 0.965240
0.018717 0.968426
0.019176 0.968368
0.019634 0.967887
0.020093 0.968011
0.020551 0.969183
0.021010 0.970322
0.021468 0.971607
0.021926 0.971328
0.022385 0.970670
0.022843 0.972194
0.023302 0.972542
0.023760 0.974936
0.024219 0.975893
0.024677 0.979043
0.025135 0.976789
0.025594 0.977576
0.026052 0.976118
0.026511 0.978677
0.026969 0.978846
0.027428 0.981911
0.027886 0.983253
0.028344 0.981168
0.028803 0.984010
0.029261 0.984739
0.029720 0.982996
0.030178 0.988070
0.030637 0.985995
0.031095 0.981361
0.031553 0.985841
0.032012 0.982530
0.032470 0.987434
0.032929 0.987575
0.033387 0.987825
0.033846 0.987264
0.034304 0.984418
0.034762 0.986958
0.035221 0.985368
0.035679 0.986699
0.036138 0.985935
0.036596 0.984734
0.037055 0.987783
0.037513 0.988868
0.037971 0.989150
0.038430 0.983070
0.038888 0.986390
0.039347 0.982419
0.039805 0.988367
0.040264 0.985903
0.040722 0.983272
0.041180 0.983432
0.041639 0.983910
0.042097 0.985963
0.042556 0.983037
0.043014 0.984808
0.043473 0.984608
0.043931 0.987555
0.044390 0.987336
0.044848 0.984759
0.045306 0.985932
0.045765 0.988983
0.046223 0.985890
0.046682 0.985183
0.047140 0.985886
0.047599 0.985865
0.048057 0.986322
0.048515 0.989650
0.048974 0.988940
0.049432 0.986769
0.049891 0.986850
0.050349 0.987713
0.050808 0.983476
0.051266 0.984720
0.051724 0.986613
0.052183 0.987005
0.052641 0.987863
0.053100 0.986043
0.053558 0.987046
0.054017 0.984192
0.054475 0.986493
0.054933 0.987117
0.055392 0.988652
0.055850 0.986080
0.056309 0.988430
0.056767 0.986921
0.057226 0.987452
0.057684 0.987202
0.058142 0.984063
0.058601 0.984820
0.059059 0.988898
0.059518 0.984485
0.059976 0.985992
0.060435 0.986362
0.060893 0.985259
0.061352 0.985773
0.061810 0.985842
0.062268 0.985846
0.062727 0.989413
0.063185 0.982282
0.063644 0.983951
0.064102 0.985140
0.064561 0.987539
0.065019 0.987473
0.065477 0.986472
0.065936 0.984562
0.066394 0.987439
0.066853 0.985955
0.067311 0.986529
0.067770 0.987056
0.068228 0.988990
0.068686 0.986688
0.069145 0.988208
0.069603 0.986949
0.070062 0.987742
0.070520 0.987293
0.070978 0.985313
0.071437 0.986876
0.071895 0.989366
0.072354 0.988125
0.072812 0.986183
0.073271 0.988622
0.073729 0.985923
0.074187 0.984294
0.074646 0.989012
0.075104 0.987597
0.075563 0.985082
0.076021 0.985299
0.076480 0.987491
0.076938 0.986676
0.077397 0.986295
0.077855 0.982471
0.078313 0.989973
0.078772 0.987342
0.079230 0.987390
0.079689 0.987898
0.080147 0.989044
0.080606 0.987224
0.081064 0.985350
0.081522 0.987275
0.081981 0.987376
0.082439 0.983900
0.082898 0.988523
0.083356 0.985659
0.083815 0.987390
0.084273 0.986284
