2.460781 0.986623 0.000037
2.526107 0.986446 0.000037
2.591434 0.986334 0.000037
2.656760 0.986291 0.000037
2.722087 0.986318 0.000037
2.787414 0.986410 0.000037
2.852740 0.986567 0.000037
2.918296 0.986788 0.000037
2.957950 0.986951 0.000081
2.965973 0.986987 0.000199
2.968265 0.986997 0.000199
2.970328 0.986519 0.000222
2.972391 0.983230 0.000199
2.974454 0.978520 0.000222
2.976517 0.973870 0.000199
2.978579 0.971620 0.000222
2.980643 0.970497 0.000199
2.982705 0.969614 0.000222
2.984768 0.968886 0.000199
2.986832 0.968308 0.000222
2.988894 0.967884 0.000199
2.990957 0.967628 0.000222
2.993020 0.967481 0.000199
2.995083 0.967401 0.000222
2.997146 0.967348 0.000199
2.999209 0.967284 0.000222
3.001272 0.967145 0.000199
3.003335 0.967028 0.000222
3.005398 0.966999 0.000199
3.007461 0.967159 0.000222
3.009524 0.967423 0.000199
3.011586 0.967769 0.000222
3.013650 0.968212 0.000199
3.015713 0.968787 0.000222
3.017775 0.969619 0.000199
3.019839 0.970702 0.000222
3.021901 0.972027 0.000199
3.023964 0.974795 0.000222
3.026027 0.979608 0.000199
3.028090 0.984210 0.000222
3.030153 0.987173 0.000199
3.032216 0.987314 0.000222
3.034279 0.987325 0.000199
3.068203 0.987515 0.000037
3.133759 0.987924 0.000037
3.199085 0.988391 0.000037
3.264412 0.988915 0.000037
3.329738 0.989493 0.000037
3.395065 0.990118 0.000037
3.460621 0.990787 0.000037
3.525947 0.991491 0.000037
3.591274 0.992223 0.000037
3.656600 0.992975 0.000037
3.721927 0.993743 0.000037
3.787253 0.994521 0.000037
3.853573 0.995316 0.000039
3.918136 0.996091 0.000037
3.957790 0.996565 0.000081
3.965813 0.996660 0.000199
3.968105 0.996688 0.000199
3.970168 0.996340 0.000222
3.972231 0.993199 0.000199
3.974294 0.988616 0.000222
3.976357 0.984033 0.000199
3.978420 0.981933 0.000222
3.980483 0.981059 0.000199
3.982546 0.980477 0.000222
3.984608 0.979651 0.000199
3.986671 0.978771 0.000222
3.988734 0.978002 0.000199
3.990798 0.977525 0.000222
3.992860 0.977338 0.000199
3.994923 0.977258 0.000222
3.996986 0.977241 0.000199
3.999049 0.977260 0.000222
4.001112 0.977285 0.000199
4.003175 0.977299 0.000222
4.005238 0.977347 0.000199
4.007301 0.977462 0.000222
4.009364 0.977702 0.000199
4.011427 0.978084 0.000222
4.013490 0.978593 0.000199
4.015553 0.979215 0.000222
4.017616 0.979932 0.000199
4.019678 0.980730 0.000222
4.021741 0.981872 0.000199
4.023805 0.984494 0.000222
4.025867 0.989391 0.000199
4.027930 0.994109 0.000222
4.029993 0.997175 0.000199
4.032056 0.997435 0.000222
4.034119 0.997458 0.000199
4.068043 0.997826 0.000037
4.133599 0.998466 0.000037
4.198925 0.999002 0.000037
4.264252 0.999424 0.000037
4.329579 0.999722 0.000037
4.394905 0.999888 0.000037
4.460461 0.999913 0.000037
4.525788 0.999792 0.000037
4.591114 0.999522 0.000037
4.656441 0.999098 0.000037
4.721767 0.998519 0.000037
4.787094 0.997785 0.000037
4.852421 0.996895 0.000037
4.917977 0.995849 0.000037
4.957631 0.995142 0.000081
4.965654 0.994992 0.000199
4.967946 0.994948 0.000199
4.970009 0.994678 0.000222
4.972072 0.991690 0.000199
4.974134 0.987156 0.000222
4.976197 0.982454 0.000199
4.978260 0.979788 0.000222
4.980323 0.978340 0.000199
4.982387 0.977186 0.000222
4.984449 0.976293 0.000199
4.986512 0.975798 0.000222
4.988575 0.975507 0.000199
4.990638 0.975314 0.000222
4.992701 0.975123 0.000199
4.994764 0.974989 0.000222
4.996827 0.975135 0.000199
4.998890 0.975382 0.000222
5.000953 0.975611 0.000199
5.003016 0.975651 0.000222
5.005079 0.975453 0.000199
5.007142 0.975144 0.000222
5.009205 0.974917 0.000199
5.011268 0.974978 0.000222
5.013330 0.975373 0.000199
5.015394 0.975908 0.000222
5.017456 0.976596 0.000199
5.019519 0.977440 0.000222
5.021582 0.978550 0.000199
5.023645 0.980915 0.000222
5.025708 0.985586 0.000199
5.027771 0.990225 0.000222
5.029834 0.993349 0.000199
5.031897 0.993668 0.000222
5.033960 0.993625 0.000199
5.035335 0.993596 0.000445
5.068342 0.992877 0.000037
5.133898 0.991346 0.000037
5.199225 0.989689 0.000037
5.264551 0.987911 0.000037
5.329878 0.986022 0.000037
5.395205 0.984064 0.000037
5.460761 0.982087 0.000037
5.526087 0.980120 0.000037
5.591414 0.978172 0.000037
5.656740 0.976259 0.000037
5.722067 0.974396 0.000037
5.787394 0.972598 0.000037
5.853064 0.970867 0.000039
5.918276 0.969239 0.000037
5.957931 0.968298 0.000081
5.965953 0.968112 0.000199
5.968245 0.968060 0.000199
5.970308 0.967506 0.000222
5.972371 0.964111 0.000199
5.974435 0.959370 0.000222
5.976497 0.954752 0.000199
5.978561 0.952573 0.000222
5.980623 0.951411 0.000199
5.982686 0.950454 0.000222
5.984749 0.949695 0.000199
5.986812 0.949111 0.000222
5.988875 0.948733 0.000199
5.990938 0.948486 0.000222
5.993001 0.948310 0.000199
5.995064 0.948151 0.000222
5.997127 0.947945 0.000199
5.999190 0.947625 0.000222
6.001253 0.947327 0.000199
6.003316 0.947136 0.000222
6.005379 0.947186 0.000199
6.007441 0.947431 0.000222
6.009504 0.947805 0.000199
6.011567 0.948248 0.000222
6.013630 0.948697 0.000199
6.015693 0.949390 0.000222
6.017756 0.950312 0.000199
6.019819 0.951399 0.000222
6.021882 0.952449 0.000199
6.023945 0.954904 0.000222
6.026008 0.959389 0.000199
6.028071 0.963792 0.000222
6.030134 0.966554 0.000199
6.032197 0.966645 0.000222
6.034260 0.966601 0.000199
6.068184 0.965899 0.000037
6.133740 0.964640 0.000037
6.199066 0.963520 0.000037
6.264393 0.962541 0.000037
6.329720 0.961703 0.000037
6.395046 0.961009 0.000037
6.460602 0.960459 0.000037
6.525929 0.960060 0.000037
6.591256 0.959809 0.000037
6.656582 0.959705 0.000037
6.721909 0.959746 0.000037
6.787236 0.959931 0.000037
6.852562 0.960259 0.000037
6.918118 0.960732 0.000037
6.957773 0.961087 0.000081
6.965795 0.961165 0.000199
6.968088 0.961188 0.000199
6.970150 0.960854 0.000222
6.972214 0.957846 0.000199
6.974277 0.953433 0.000222
6.976339 0.948732 0.000199
6.978402 0.946103 0.000222
6.980465 0.944616 0.000199
6.982528 0.943642 0.000222
6.984591 0.942999 0.000199
6.986654 0.942511 0.000222
6.988717 0.942130 0.000199
6.990780 0.941930 0.000222
6.992843 0.941904 0.000199
6.994906 0.941954 0.000222
6.996969 0.941988 0.000199
6.999032 0.941952 0.000222
7.001095 0.941920 0.000199
7.003158 0.941925 0.000222
7.005221 0.941997 0.000199
7.007284 0.942174 0.000222
7.009347 0.942491 0.000199
7.011410 0.942925 0.000222
7.013472 0.943451 0.000199
7.015535 0.944035 0.000222
7.017598 0.944566 0.000199
7.019661 0.945268 0.000222
7.021724 0.946391 0.000199
7.023787 0.949101 0.000222
7.025850 0.953984 0.000199
7.027913 0.958640 0.000222
7.029976 0.961625 0.000199
7.032039 0.961890 0.000222
7.034102 0.961915 0.000199
7.068026 0.962343 0.000037
7.133582 0.963273 0.000037
7.198909 0.964339 0.000037
7.264235 0.965543 0.000037
7.329562 0.966876 0.000037
7.394889 0.968332 0.000037
7.460445 0.969907 0.000037
7.525772 0.971579 0.000037
7.591098 0.973344 0.000037
7.656425 0.975182 0.000037
7.721752 0.977079 0.000037
7.787079 0.979017 0.000037
7.852061 0.980969 0.000039
7.917961 0.982956 0.000037
7.957616 0.984146 0.000081
7.965638 0.984386 0.000199
7.967930 0.984455 0.000199
7.969993 0.984295 0.000222
7.972056 0.981329 0.000199
7.974120 0.976538 0.000222
7.976182 0.971516 0.000199
7.978245 0.968854 0.000222
7.980308 0.967893 0.000199
7.982371 0.967292 0.000222
7.984434 0.966910 0.000199
7.986497 0.966789 0.000222
7.988560 0.966791 0.000199
7.990623 0.966734 0.000222
7.992686 0.966432 0.000199
7.994749 0.965947 0.000222
7.996812 0.965480 0.000199
7.998875 0.965178 0.000222
8.000938 0.965222 0.000199
8.003000 0.965348 0.000222
8.005064 0.965537 0.000199
8.007127 0.965784 0.000222
8.009189 0.966092 0.000199
8.011253 0.966552 0.000222
8.013315 0.967197 0.000199
8.015379 0.967956 0.000222
8.017441 0.968784 0.000199
8.019504 0.969660 0.000222
8.021567 0.970865 0.000199
8.023630 0.973320 0.000222
8.025693 0.978062 0.000199
8.027756 0.982737 0.000222
8.029819 0.985914 0.000199
8.031882 0.986343 0.000222
8.033945 0.986403 0.000199
8.035320 0.986442 0.000445
8.068327 0.987379 0.000037
8.133883 0.989156 0.000037
8.199210 0.990807 0.000037
8.264537 0.992330 0.000037
8.329864 0.993719 0.000037
8.395190 0.994966 0.000037
8.460746 0.996071 0.000037
8.526073 0.997024 0.000037
8.591400 0.997826 0.000037
8.656727 0.998477 0.000037
8.722054 0.998975 0.000037
8.787380 0.999322 0.000037
8.852707 0.999521 0.000037
8.918263 0.999575 0.000037
8.957918 0.999538 0.000081
8.965940 0.999524 0.000199
8.968233 0.999519 0.000199
8.970295 0.999018 0.000222
8.972358 0.995642 0.000199
8.974422 0.990828 0.000222
8.976484 0.986039 0.000199
8.978547 0.983748 0.000222
8.980610 0.982663 0.000199
8.982673 0.981925 0.000222
8.984736 0.981352 0.000199
8.986799 0.980556 0.000222
8.988862 0.979722 0.000199
8.990925 0.978994 0.000222
8.992988 0.978565 0.000199
8.995051 0.978507 0.000222
8.997114 0.978737 0.000199
8.999177 0.979057 0.000222
9.001240 0.979333 0.000199
9.003303 0.979404 0.000222
9.005366 0.979777 0.000199
9.007428 0.980315 0.000222
9.009492 0.980893 0.000199
9.011554 0.981331 0.000222
9.013617 0.981493 0.000199
9.015681 0.981637 0.000222
9.017743 0.981961 0.000199
9.019806 0.982716 0.000222
9.021869 0.984025 0.000199
9.023932 0.986935 0.000222
9.025995 0.991817 0.000199
9.028058 0.996384 0.000222
9.030121 0.999197 0.000199
9.032184 0.999330 0.000222
9.034247 0.999321 0.000199
9.068171 0.999167 0.000037
9.133727 0.998772 0.000037
9.199054 0.998259 0.000037
9.264381 0.997637 0.000037
9.329708 0.996918 0.000037
9.395034 0.996145 0.000037
9.460590 0.995360 0.000037
9.525917 0.994578 0.000037
9.591244 0.993802 0.000037
9.656571 0.993039 0.000037
9.721898 0.992296 0.000037
9.787225 0.991578 0.000037
9.851558 0.990900 0.000039
9.918108 0.990235 0.000037
9.957762 0.989857 0.000081
