1.394928 0.996113 0.000037
1.460483 0.995338 0.000037
1.525810 0.994563 0.000037
1.591136 0.993791 0.000037
1.656463 0.993028 0.000037
1.721789 0.992281 0.000037
1.787116 0.991557 0.000037
1.854085 0.990847 0.000039
1.917998 0.990207 0.000037
1.957652 0.989830 0.000081
1.965675 0.989756 0.000199
1.967967 0.989735 0.000199
1.970030 0.989463 0.000222
1.972093 0.986435 0.000199
1.974156 0.981816 0.000222
1.976219 0.977025 0.000199
1.978282 0.974382 0.000222
1.980345 0.973166 0.000199
1.982407 0.972351 0.000222
1.984470 0.971759 0.000199
1.986533 0.971288 0.000222
1.988596 0.970864 0.000199
1.990660 0.970531 0.000222
1.992722 0.970273 0.000199
1.994785 0.970085 0.000222
1.996848 0.969925 0.000199
1.998911 0.969671 0.000222
2.000974 0.969433 0.000199
2.003037 0.969283 0.000222
2.005100 0.969338 0.000199
2.007163 0.969649 0.000222
2.009226 0.970164 0.000199
2.011289 0.970750 0.000222
2.013352 0.971292 0.000199
2.015414 0.971580 0.000222
2.017478 0.971898 0.000199
2.019540 0.972451 0.000222
2.021603 0.973752 0.000199
2.023667 0.976474 0.000222
2.025729 0.981310 0.000199
2.027792 0.985853 0.000222
2.029855 0.988836 0.000199
2.031918 0.989170 0.000222
2.033981 0.989152 0.000199
2.035356 0.989141 0.000445
2.068364 0.988869 0.000037
2.133919 0.988367 0.000037
2.199246 0.987921 0.000037
2.264572 0.987527 0.000037
2.329899 0.987179 0.000037
2.395225 0.986881 0.000037
2.460781 0.986635 0.000037
2.526107 0.986447 0.000037
2.591434 0.986319 0.000037
2.656760 0.986256 0.000037
2.722087 0.986262 0.000037
2.787414 0.986345 0.000037
2.852740 0.986501 0.000037
2.918296 0.986730 0.000037
2.957950 0.986902 0.000081
2.965973 0.986940 0.000199
2.968265 0.986950 0.000199
2.970328 0.986456 0.000222
2.972391 0.983159 0.000199
2.974454 0.978464 0.000222
2.976517 0.973742 0.000199
2.978579 0.971385 0.000222
2.980643 0.970121 0.000199
2.982705 0.969289 0.000222
2.984768 0.968718 0.000199
2.986832 0.968298 0.000222
2.988894 0.967947 0.000199
2.990957 0.967658 0.000222
2.993020 0.967449 0.000199
2.995083 0.967307 0.000222
2.997146 0.967221 0.000199
2.999209 0.967199 0.000222
3.001272 0.967315 0.000199
3.003335 0.967503 0.000222
3.005398 0.967731 0.000199
3.007461 0.967937 0.000222
3.009524 0.968189 0.000199
3.011586 0.968519 0.000222
3.013650 0.968941 0.000199
3.015713 0.969467 0.000222
3.017775 0.970021 0.000199
3.019839 0.970771 0.000222
3.021901 0.972003 0.000199
3.023964 0.975004 0.000222
3.026027 0.979924 0.000199
3.028090 0.984454 0.000222
3.030153 0.987155 0.000199
3.032216 0.987288 0.000222
3.034279 0.987300 0.000199
3.068203 0.987504 0.000037
3.133759 0.987941 0.000037
3.199085 0.988428 0.000037
3.264412 0.988962 0.000037
3.329738 0.989538 0.000037
3.395065 0.990153 0.000037
3.460621 0.990807 0.000037
3.525947 0.991489 0.000037
3.591274 0.992198 0.000037
3.656600 0.992938 0.000037
3.721927 0.993701 0.000037
3.787253 0.994484 0.000037
3.853573 0.995290 0.000039
3.918136 0.996080 0.000037
3.957790 0.996565 0.000081
3.965813 0.996662 0.000199
3.968105 0.996690 0.000199
3.970168 0.996342 0.000222
3.972231 0.993200 0.000199
3.974294 0.988630 0.000222
3.976357 0.984029 0.000199
3.978420 0.981771 0.000222
3.980483 0.980682 0.000199
3.982546 0.979912 0.000222
3.984608 0.979189 0.000199
3.986671 0.978538 0.000222
3.988734 0.977999 0.000199
3.990798 0.977635 0.000222
3.992860 0.977379 0.000199
3.994923 0.977131 0.000222
3.996986 0.976934 0.000199
3.999049 0.976828 0.000222
4.001112 0.976858 0.000199
4.003175 0.977008 0.000222
4.005238 0.977241 0.000199
4.007301 0.977524 0.000222
4.009364 0.977822 0.000199
4.011427 0.978171 0.000222
4.013490 0.978620 0.000199
4.015553 0.979184 0.000222
4.017616 0.979914 0.000199
4.019678 0.980917 0.000222
4.021741 0.982276 0.000199
4.023805 0.985000 0.000222
4.025867 0.989732 0.000199
4.027930 0.994260 0.000222
4.029993 0.997204 0.000199
4.032056 0.997456 0.000222
4.034119 0.997480 0.000199
4.068043 0.997855 0.000037
4.133599 0.998506 0.000037
4.198925 0.999048 0.000037
4.264252 0.999472 0.000037
4.329579 0.999770 0.000037
4.394905 0.999932 0.000037
4.460461 0.999951 0.000037
4.525788 0.999823 0.000037
4.591114 0.999542 0.000037
4.656441 0.999106 0.000037
4.721767 0.998513 0.000037
4.787094 0.997764 0.000037
4.852421 0.996860 0.000037
4.917977 0.995799 0.000037
4.957631 0.995085 0.000081
4.965654 0.994934 0.000199
4.967946 0.994891 0.000199
4.970009 0.994615 0.000222
4.972072 0.991557 0.000199
4.974134 0.986870 0.000222
4.976197 0.981988 0.000199
4.978260 0.979245 0.000222
4.980323 0.977906 0.000199
4.982387 0.976919 0.000222
4.984449 0.976159 0.000199
4.986512 0.975694 0.000222
4.988575 0.975445 0.000199
4.990638 0.975295 0.000222
4.992701 0.975128 0.000199
4.994764 0.974938 0.000222
4.996827 0.974866 0.000199
4.998890 0.974863 0.000222
5.000953 0.974893 0.000199
5.003016 0.974911 0.000222
5.005079 0.974868 0.000199
5.007142 0.974814 0.000222
5.009205 0.974834 0.000199
5.011268 0.975017 0.000222
5.013330 0.975328 0.000199
5.015394 0.975707 0.000222
5.017456 0.976242 0.000199
5.019519 0.977057 0.000222
5.021582 0.978312 0.000199
5.023645 0.980808 0.000222
5.025708 0.985555 0.000199
5.027771 0.990173 0.000222
5.029834 0.993287 0.000199
5.031897 0.993608 0.000222
5.033960 0.993565 0.000199
5.035335 0.993536 0.000445
5.068342 0.992819 0.000037
5.133898 0.991296 0.000037
5.199225 0.989653 0.000037
5.264551 0.987894 0.000037
5.329878 0.986029 0.000037
5.395205 0.984097 0.000037
5.460761 0.982138 0.000037
5.526087 0.980184 0.000037
5.591414 0.978244 0.000037
5.656740 0.976333 0.000037
5.722067 0.974467 0.000037
5.787394 0.972659 0.000037
5.853064 0.970919 0.000039
5.918276 0.969282 0.000037
5.957931 0.968337 0.000081
5.965953 0.968151 0.000199
5.968245 0.968098 0.000199
5.970308 0.967531 0.000222
5.972371 0.964095 0.000199
5.974435 0.959237 0.000222
5.976497 0.954421 0.000199
5.978561 0.952059 0.000222
5.980623 0.950822 0.000199
5.982686 0.949942 0.000222
5.984749 0.949270 0.000199
5.986812 0.948730 0.000222
5.988875 0.948286 0.000199
5.990938 0.947940 0.000222
5.993001 0.947668 0.000199
5.995064 0.947460 0.000222
5.997127 0.947300 0.000199
5.999190 0.947171 0.000222
6.001253 0.947094 0.000199
6.003316 0.947078 0.000222
6.005379 0.947149 0.000199
6.007441 0.947423 0.000222
6.009504 0.947841 0.000199
6.011567 0.948326 0.000222
6.013630 0.948790 0.000199
6.015693 0.949331 0.000222
6.017756 0.950046 0.000199
6.019819 0.950965 0.000222
6.021882 0.952110 0.000199
6.023945 0.954757 0.000222
6.026008 0.959397 0.000199
6.028071 0.963831 0.000222
6.030134 0.966586 0.000199
6.032197 0.966680 0.000222
6.034260 0.966636 0.000199
6.068184 0.965933 0.000037
6.133740 0.964674 0.000037
6.199066 0.963558 0.000037
6.264393 0.962584 0.000037
6.329720 0.961747 0.000037
6.395046 0.961049 0.000037
6.460602 0.960489 0.000037
6.525929 0.960075 0.000037
6.591256 0.959802 0.000037
6.656582 0.959671 0.000037
6.721909 0.959685 0.000037
6.787236 0.959852 0.000037
6.852562 0.960172 0.000037
6.918118 0.960649 0.000037
6.957773 0.961013 0.000081
6.965795 0.961093 0.000199
6.968088 0.961116 0.000199
6.970150 0.960778 0.000222
6.972214 0.957757 0.000199
6.974277 0.953339 0.000222
6.976339 0.948478 0.000199
6.978402 0.945621 0.000222
6.980465 0.943893 0.000199
6.982528 0.942920 0.000222
6.984591 0.942453 0.000199
6.986654 0.942150 0.000222
6.988717 0.941866 0.000199
6.990780 0.941569 0.000222
6.992843 0.941347 0.000199
6.994906 0.941196 0.000222
6.996969 0.941106 0.000199
6.999032 0.941080 0.000222
7.001095 0.941148 0.000199
7.003158 0.941282 0.000222
7.005221 0.941469 0.000199
7.007284 0.941679 0.000222
7.009347 0.941954 0.000199
7.011410 0.942310 0.000222
7.013472 0.942762 0.000199
7.015535 0.943325 0.000222
7.017598 0.944017 0.000199
7.019661 0.944923 0.000222
7.021724 0.946236 0.000199
7.023787 0.949029 0.000222
7.025850 0.953933 0.000199
7.027913 0.958599 0.000222
7.029976 0.961577 0.000199
7.032039 0.961844 0.000222
7.034102 0.961869 0.000199
7.068026 0.962316 0.000037
7.133582 0.963290 0.000037
7.198909 0.964399 0.000037
7.264235 0.965637 0.000037
7.329562 0.966996 0.000037
7.394889 0.968465 0.000037
7.460445 0.970041 0.000037
7.525772 0.971700 0.000037
7.591098 0.973436 0.000037
7.656425 0.975244 0.000037
7.721752 0.977111 0.000037
7.787079 0.979022 0.000037
7.852061 0.980951 0.000039
7.917961 0.982921 0.000037
7.957616 0.984106 0.000081
7.965638 0.984345 0.000199
7.967930 0.984413 0.000199
7.969993 0.984249 0.000222
7.972056 0.981362 0.000199
7.974120 0.976970 0.000222
7.976182 0.972376 0.000199
7.978245 0.969661 0.000222
7.980308 0.968176 0.000199
7.982371 0.967058 0.000222
7.984434 0.966612 0.000199
7.986497 0.966590 0.000222
7.988560 0.966693 0.000199
7.990623 0.966694 0.000222
7.992686 0.966299 0.000199
7.994749 0.965544 0.000222
7.996812 0.964782 0.000199
7.998875 0.964263 0.000222
8.000938 0.964297 0.000199
8.003000 0.964577 0.000222
8.005064 0.964990 0.000199
8.007127 0.965449 0.000222
8.009189 0.965846 0.000199
8.011253 0.966223 0.000222
8.013315 0.966695 0.000199
8.015379 0.967283 0.000222
8.017441 0.968033 0.000199
8.019504 0.969025 0.000222
8.021567 0.970366 0.000199
8.023630 0.972939 0.000222
8.025693 0.977799 0.000199
8.027756 0.982583 0.000222
8.029819 0.985857 0.000199
8.031882 0.986300 0.000222
8.033945 0.986359 0.000199
8.035320 0.986399 0.000445
8.068327 0.987337 0.000037
8.133883 0.989119 0.000037
8.199210 0.990777 0.000037
8.264537 0.992309 0.000037
8.329864 0.993708 0.000037
8.395190 0.994966 0.000037
8.460746 0.996080 0.000037
8.526073 0.997040 0.000037
8.591400 0.997846 0.000037
8.656727 0.998495 0.000037
8.722054 0.998989 0.000037
8.787380 0.999327 0.000037
8.852707 0.999513 0.000037
