2.965973 0.987011 0.000199
2.968265 0.987021 0.000199
2.970328 0.986531 0.000222
2.972391 0.983208 0.000199
2.974454 0.978463 0.000222
2.976517 0.973781 0.000199
2.978579 0.971522 0.000222
2.980643 0.970382 0.000199
2.982705 0.969393 0.000222
2.984768 0.968508 0.000199
2.986832 0.967778 0.000222
2.988894 0.967277 0.000199
2.990957 0.967151 0.000222
2.993020 0.967248 0.000199
2.995083 0.967415 0.000222
2.997146 0.967496 0.000199
2.999209 0.967427 0.000222
3.001272 0.967260 0.000199
3.003335 0.967108 0.000222
3.005398 0.967050 0.000199
3.007461 0.967204 0.000222
3.009524 0.967576 0.000199
3.011586 0.968095 0.000222
3.013650 0.968702 0.000199
3.015713 0.969318 0.000222
3.017775 0.969873 0.000199
3.019839 0.970625 0.000222
3.021901 0.971818 0.000199
3.023964 0.974787 0.000222
3.026027 0.979759 0.000199
3.028090 0.984381 0.000222
3.030153 0.987191 0.000199
3.032216 0.987326 0.000222
3.034279 0.987337 0.000199
3.068203 0.987521 0.000037
3.133759 0.987919 0.000037
3.199085 0.988373 0.000037
3.264412 0.988883 0.000037
3.329738 0.989445 0.000037
3.395065 0.990057 0.000037
3.460621 0.990716 0.000037
3.525947 0.991414 0.000037
3.591274 0.992149 0.000037
3.656600 0.992913 0.000037
3.721927 0.993699 0.000037
3.787253 0.994501 0.000037
3.853573 0.995323 0.000039
3.918136 0.996123 0.000037
3.957790 0.996611 0.000081
3.965813 0.996709 0.000199
3.968105 0.996737 0.000199
3.970168 0.996399 0.000222
3.972231 0.993262 0.000199
3.974294 0.988570 0.000222
3.976357 0.983839 0.000199
3.978420 0.981595 0.000222
3.980483 0.980711 0.000199
3.982546 0.980130 0.000222
3.984608 0.979354 0.000199
3.986671 0.978562 0.000222
3.988734 0.977882 0.000199
3.990798 0.977448 0.000222
3.992860 0.977256 0.000199
3.994923 0.977167 0.000222
3.996986 0.977141 0.000199
3.999049 0.977154 0.000222
4.001112 0.977173 0.000199
4.003175 0.977070 0.000222
4.005238 0.976960 0.000199
4.007301 0.976932 0.000222
4.009364 0.977128 0.000199
4.011427 0.977648 0.000222
4.013490 0.978401 0.000199
4.015553 0.979262 0.000222
4.017616 0.980105 0.000199
4.019678 0.980875 0.000222
4.021741 0.981993 0.000199
4.023805 0.984642 0.000222
4.025867 0.989539 0.000199
4.027930 0.994238 0.000222
4.029993 0.997248 0.000199
4.032056 0.997502 0.000222
4.034119 0.997525 0.000199
4.068043 0.997899 0.000037
4.133599 0.998545 0.000037
4.198925 0.999081 0.000037
4.264252 0.999499 0.000037
4.329579 0.999790 0.000037
4.394905 0.999947 0.000037
4.460461 0.999964 0.000037
4.525788 0.999835 0.000037
4.591114 0.999556 0.000037
4.656441 0.999125 0.000037
4.721767 0.998537 0.000037
4.787094 0.997793 0.000037
4.852421 0.996892 0.000037
4.917977 0.995834 0.000037
4.957631 0.995119 0.000081
4.965654 0.994968 0.000199
4.967946 0.994924 0.000199
4.970009 0.994653 0.000222
4.972072 0.991667 0.000199
4.974134 0.987019 0.000222
4.976197 0.982144 0.000199
4.978260 0.979396 0.000222
4.980323 0.978161 0.000199
4.982387 0.977326 0.000222
4.984449 0.976687 0.000199
4.986512 0.976043 0.000222
4.988575 0.975438 0.000199
4.990638 0.974924 0.000222
4.992701 0.974554 0.000199
4.994764 0.974421 0.000222
4.996827 0.974593 0.000199
4.998890 0.974871 0.000222
5.000953 0.975125 0.000199
5.003016 0.975170 0.000222
5.005079 0.975035 0.000199
5.007142 0.974829 0.000222
5.009205 0.974703 0.000199
5.011268 0.974816 0.000222
5.013330 0.975209 0.000199
5.015394 0.975741 0.000222
5.017456 0.976425 0.000199
5.019519 0.977229 0.000222
5.021582 0.978245 0.000199
5.023645 0.980591 0.000222
5.025708 0.985336 0.000199
5.027771 0.990120 0.000222
5.029834 0.993318 0.000199
5.031897 0.993635 0.000222
5.033960 0.993591 0.000199
5.035335 0.993562 0.000445
5.068342 0.992840 0.000037
5.133898 0.991306 0.000037
5.199225 0.989650 0.000037
5.264551 0.987878 0.000037
5.329878 0.986001 0.000037
5.395205 0.984061 0.000037
5.460761 0.982101 0.000037
5.526087 0.980150 0.000037
5.591414 0.978217 0.000037
5.656740 0.976314 0.000037
5.722067 0.974456 0.000037
5.787394 0.972656 0.000037
5.853064 0.970918 0.000039
5.918276 0.969281 0.000037
5.957931 0.968333 0.000081
5.965953 0.968146 0.000199
5.968245 0.968093 0.000199
5.970308 0.967544 0.000222
5.972371 0.964270 0.000199
5.974435 0.959562 0.000222
5.976497 0.954786 0.000199
5.978561 0.952323 0.000222
5.980623 0.951034 0.000199
5.982686 0.950251 0.000222
5.984749 0.949678 0.000199
5.986812 0.949196 0.000222
5.988875 0.948673 0.000199
5.990938 0.948191 0.000222
5.993001 0.947785 0.000199
5.995064 0.947512 0.000222
5.997127 0.947389 0.000199
5.999190 0.947405 0.000222
6.001253 0.947492 0.000199
6.003316 0.947606 0.000222
6.005379 0.947689 0.000199
6.007441 0.947717 0.000222
6.009504 0.947761 0.000199
6.011567 0.947892 0.000222
6.013630 0.948209 0.000199
6.015693 0.948935 0.000222
6.017756 0.949904 0.000199
6.019819 0.951043 0.000222
6.021882 0.952187 0.000199
6.023945 0.954748 0.000222
6.026008 0.959339 0.000199
6.028071 0.963794 0.000222
6.030134 0.966575 0.000199
6.032197 0.966667 0.000222
6.034260 0.966623 0.000199
6.068184 0.965915 0.000037
6.133740 0.964646 0.000037
6.199066 0.963519 0.000037
6.264393 0.962535 0.000037
6.329720 0.961691 0.000037
6.395046 0.960992 0.000037
6.460602 0.960436 0.000037
6.525929 0.960030 0.000037
6.591256 0.959770 0.000037
6.656582 0.959658 0.000037
6.721909 0.959693 0.000037
6.787236 0.959876 0.000037
6.852562 0.960207 0.000037
6.918118 0.960689 0.000037
6.957773 0.961052 0.000081
6.965795 0.961132 0.000199
6.968088 0.961156 0.000199
6.970150 0.960826 0.000222
6.972214 0.957874 0.000199
6.974277 0.953553 0.000222
6.976339 0.948803 0.000199
6.978402 0.946013 0.000222
6.980465 0.944330 0.000199
6.982528 0.943476 0.000222
6.984591 0.943184 0.000199
6.986654 0.943054 0.000222
6.988717 0.942868 0.000199
6.990780 0.942462 0.000222
6.992843 0.941996 0.000199
6.994906 0.941591 0.000222
6.996969 0.941344 0.000199
6.999032 0.941328 0.000222
7.001095 0.941476 0.000199
7.003158 0.941710 0.000222
7.005221 0.941982 0.000199
7.007284 0.942211 0.000222
7.009347 0.942406 0.000199
7.011410 0.942620 0.000222
7.013472 0.942931 0.000199
7.015535 0.943421 0.000222
7.017598 0.944212 0.000199
7.019661 0.945242 0.000222
7.021724 0.946573 0.000199
7.023787 0.949190 0.000222
7.025850 0.953940 0.000199
7.027913 0.958544 0.000222
7.029976 0.961603 0.000199
7.032039 0.961876 0.000222
7.034102 0.961901 0.000199
7.068026 0.962341 0.000037
7.133582 0.963297 0.000037
7.198909 0.964389 0.000037
7.264235 0.965614 0.000037
7.329562 0.966965 0.000037
7.394889 0.968432 0.000037
7.460445 0.970010 0.000037
7.525772 0.971676 0.000037
7.591098 0.973423 0.000037
7.656425 0.975237 0.000037
7.721752 0.977105 0.000037
7.787079 0.979014 0.000037
7.852061 0.980939 0.000039
7.917961 0.982901 0.000037
7.957616 0.984081 0.000081
7.965638 0.984319 0.000199
7.967930 0.984387 0.000199
7.969993 0.984220 0.000222
7.972056 0.981265 0.000199
7.974120 0.976696 0.000222
7.976182 0.971942 0.000199
7.978245 0.969367 0.000222
7.980308 0.968211 0.000199
7.982371 0.967403 0.000222
7.984434 0.967024 0.000199
7.986497 0.966988 0.000222
7.988560 0.967075 0.000199
7.990623 0.967068 0.000222
7.992686 0.966685 0.000199
7.994749 0.965956 0.000222
7.996812 0.965220 0.000199
7.998875 0.964719 0.000222
8.000938 0.964756 0.000199
8.003000 0.965151 0.000222
8.005064 0.965731 0.000199
8.007127 0.966344 0.000222
8.009189 0.966795 0.000199
8.011253 0.967043 0.000222
8.013315 0.967262 0.000199
8.015379 0.967591 0.000222
8.017441 0.968187 0.000199
8.019504 0.969234 0.000222
8.021567 0.970632 0.000199
8.023630 0.973173 0.000222
8.025693 0.977918 0.000199
8.027756 0.982592 0.000222
8.029819 0.985824 0.000199
8.031882 0.986266 0.000222
8.033945 0.986325 0.000199
8.035320 0.986365 0.000445
8.068327 0.987300 0.000037
8.133883 0.989078 0.000037
8.199210 0.990736 0.000037
8.264537 0.992270 0.000037
8.329864 0.993671 0.000037
8.395190 0.994931 0.000037
8.460746 0.996048 0.000037
8.526073 0.997010 0.000037
8.591400 0.997818 0.000037
8.656727 0.998472 0.000037
8.722054 0.998971 0.000037
8.787380 0.999318 0.000037
8.852707 0.999516 0.000037
8.918263 0.999568 0.000037
8.957918 0.999531 0.000081
8.965940 0.999517 0.000199
8.968233 0.999513 0.000199
8.970295 0.999013 0.000222
8.972358 0.995654 0.000199
8.974422 0.990957 0.000222
8.976484 0.986325 0.000199
8.978547 0.984044 0.000222
8.980610 0.982696 0.000199
8.982673 0.981628 0.000222
8.984736 0.980820 0.000199
8.986799 0.980367 0.000222
8.988862 0.980070 0.000199
8.990925 0.979864 0.000222
8.992988 0.979673 0.000199
8.995051 0.979519 0.000222
8.997114 0.979456 0.000199
8.999177 0.979454 0.000222
9.001240 0.979493 0.000199
9.003303 0.979554 0.000222
9.005366 0.979987 0.000199
9.007428 0.980608 0.000222
9.009492 0.981262 0.000199
9.011554 0.981724 0.000222
9.013617 0.981728 0.000199
9.015681 0.981629 0.000222
9.017743 0.981725 0.000199
9.019806 0.982521 0.000222
9.021869 0.984113 0.000199
9.023932 0.987161 0.000222
9.025995 0.992025 0.000199
9.028058 0.996422 0.000222
9.030121 0.999188 0.000199
9.032184 0.999325 0.000222
9.034247 0.999317 0.000199
9.068171 0.999164 0.000037
9.133727 0.998773 0.000037
9.199054 0.998265 0.000037
9.264381 0.997647 0.000037
9.329708 0.996931 0.000037
9.395034 0.996157 0.000037
9.460590 0.995367 0.000037
9.525917 0.994576 0.000037
9.591244 0.993790 0.000037
9.656571 0.993017 0.000037
9.721898 0.992264 0.000037
9.787225 0.991540 0.000037
9.851558 0.990862 0.000039
9.918108 0.990204 0.000037
9.957762 0.989834 0.000081
9.965785 0.989761 0.000199
9.968077 0.989740 0.000199
9.970140 0.989375 0.000222
9.972203 0.986115 0.000199
9.974266 0.981364 0.000222
9.976329 0.976662 0.000199
9.978392 0.974325 0.000222
9.980455 0.973158 0.000199
9.982518 0.972076 0.000222
9.984581 0.971189 0.000199
9.986643 0.970526 0.000222
9.988706 0.970194 0.000199
9.990769 0.970040 0.000222
9.992832 0.969962 0.000199
9.994895 0.969875 0.000222
9.996958 0.969709 0.000199
9.999021 0.969445 0.000222
10.001084 0.969201 0.000199
10.003147 0.969051 0.000222
10.005210 0.969118 0.000199
10.007273 0.969344 0.000222
10.009336 0.969689 0.000199
10.011399 0.970108 0.000222
10.013462 0.970565 0.000199
10.015525 0.971108 0.000222
10.017588 0.971822 0.000199
10.019651 0.972758 0.000222
10.021714 0.974235 0.000199
10.023777 0.977017 0.000222
10.025840 0.981765 0.000199
10.027902 0.986146 0.000222
10.029965 0.988950 0.000199
10.032028 0.989187 0.000222
10.034091 0.989170 0.000199
10.068016 0.988897 0.000037
10.133572 0.988408 0.000037
10.198898 0.987972 0.000037
10.264225 0.987589 0.000037
10.329552 0.987252 0.000037
10.394879 0.986964 0.000037
10.460435 0.986729 0.000037
