7.264235 0.965520 0.000037
7.329562 0.966866 0.000037
7.394889 0.968336 0.000037
7.460445 0.969924 0.000037
7.525772 0.971609 0.000037
7.591098 0.973382 0.000037
7.656425 0.975223 0.000037
7.721752 0.977117 0.000037
7.787079 0.979048 0.000037
7.852061 0.980989 0.000039
7.917961 0.982962 0.000037
7.957616 0.984145 0.000081
7.965638 0.984383 0.000199
7.967930 0.984451 0.000199
7.969993 0.984294 0.000222
7.972056 0.981387 0.000199
7.974120 0.976721 0.000222
7.976182 0.971849 0.000199
7.978245 0.969334 0.000222
7.980308 0.968464 0.000199
7.982371 0.967937 0.000222
7.984434 0.967325 0.000199
7.986497 0.966741 0.000222
7.988560 0.966266 0.000199
7.990623 0.965941 0.000222
7.992686 0.965729 0.000199
7.994749 0.965529 0.000222
7.996812 0.965378 0.000199
7.998875 0.965310 0.000222
8.000938 0.965363 0.000199
8.003000 0.965394 0.000222
8.005064 0.965445 0.000199
8.007127 0.965563 0.000222
8.009189 0.965819 0.000199
8.011253 0.966208 0.000222
8.013315 0.966702 0.000199
8.015379 0.967312 0.000222
8.017441 0.968090 0.000199
8.019504 0.969171 0.000222
8.021567 0.970608 0.000199
8.023630 0.973172 0.000222
8.025693 0.977934 0.000199
8.027756 0.982625 0.000222
8.029819 0.985881 0.000199
8.031882 0.986327 0.000222
8.033945 0.986386 0.000199
8.035320 0.986425 0.000445
8.068327 0.987358 0.000037
8.133883 0.989130 0.000037
8.199210 0.990782 0.000037
8.264537 0.992311 0.000037
8.329864 0.993710 0.000037
8.395190 0.994972 0.000037
8.460746 0.996095 0.000037
8.526073 0.997062 0.000037
8.591400 0.997872 0.000037
8.656727 0.998524 0.000037
8.722054 0.999017 0.000037
8.787380 0.999352 0.000037
8.852707 0.999533 0.000037
8.918263 0.999564 0.000037
8.957918 0.999514 0.000081
8.965940 0.999498 0.000199
8.968233 0.999493 0.000199
8.970295 0.998994 0.000222
8.972358 0.995638 0.000199
8.974422 0.990754 0.000222
8.976484 0.985852 0.000199
8.978547 0.983510 0.000222
8.980610 0.982563 0.000199
8.982673 0.982018 0.000222
8.984736 0.981583 0.000199
8.986799 0.980854 0.000222
8.988862 0.980118 0.000199
8.990925 0.979484 0.000222
8.992988 0.979099 0.000199
8.995051 0.979064 0.000222
8.997114 0.979352 0.000199
8.999177 0.979733 0.000222
9.001240 0.980052 0.000199
9.003303 0.980115 0.000222
9.005366 0.980124 0.000199
9.007428 0.980152 0.000222
9.009492 0.980259 0.000199
9.011554 0.980522 0.000222
9.013617 0.980877 0.000199
9.015681 0.981318 0.000222
9.017743 0.981921 0.000199
9.019806 0.982755 0.000222
9.021869 0.983963 0.000199
9.023932 0.986769 0.000222
9.025995 0.991642 0.000199
9.028058 0.996274 0.000222
9.030121 0.999149 0.000199
9.032184 0.999287 0.000222
9.034247 0.999279 0.000199
9.068171 0.999118 0.000037
9.133727 0.998716 0.000037
9.199054 0.998203 0.000037
9.264381 0.997587 0.000037
9.329708 0.996881 0.000037
9.395034 0.996124 0.000037
9.460590 0.995355 0.000037
9.525917 0.994587 0.000037
9.591244 0.993822 0.000037
9.656571 0.993067 0.000037
9.721898 0.992327 0.000037
9.787225 0.991609 0.000037
9.851558 0.990928 0.000039
9.918108 0.990256 0.000037
9.957762 0.989875 0.000081
9.965785 0.989800 0.000199
9.968077 0.989779 0.000199
9.970140 0.989411 0.000222
9.972203 0.986244 0.000199
9.974266 0.981499 0.000222
9.976329 0.976569 0.000199
9.978392 0.973886 0.000222
9.980455 0.972571 0.000199
9.982518 0.971772 0.000222
9.984581 0.971200 0.000199
9.986643 0.970735 0.000222
9.988706 0.970194 0.000199
9.990769 0.969659 0.000222
9.992832 0.969198 0.000199
9.994895 0.968898 0.000222
9.996958 0.968834 0.000199
9.999021 0.969101 0.000222
10.001084 0.969486 0.000199
10.003147 0.969855 0.000222
10.005210 0.970004 0.000199
10.007273 0.969961 0.000222
10.009336 0.969854 0.000199
10.011399 0.969831 0.000222
10.013462 0.970069 0.000199
10.015525 0.970838 0.000222
10.017588 0.971887 0.000199
10.019651 0.973116 0.000222
10.021714 0.974411 0.000199
10.023777 0.976877 0.000222
10.025840 0.981491 0.000199
10.027902 0.986000 0.000222
10.029965 0.988967 0.000199
10.032028 0.989204 0.000222
10.034091 0.989186 0.000199
10.068016 0.988900 0.000037
10.133572 0.988386 0.000037
10.198898 0.987928 0.000037
10.264225 0.987527 0.000037
10.329552 0.987183 0.000037
10.394879 0.986896 0.000037
10.460435 0.986670 0.000037
10.525762 0.986506 0.000037
10.591089 0.986406 0.000037
10.656416 0.986371 0.000037
10.721743 0.986400 0.000037
10.787070 0.986489 0.000037
10.852397 0.986637 0.000037
10.917953 0.986843 0.000037
10.957607 0.986996 0.000081
10.965630 0.987029 0.000199
10.967922 0.987039 0.000199
10.969985 0.986844 0.000222
10.972048 0.983963 0.000199
10.974111 0.979415 0.000222
10.976174 0.974528 0.000199
10.978237 0.971624 0.000222
10.980300 0.970204 0.000199
10.982363 0.969288 0.000222
10.984426 0.968728 0.000199
10.986488 0.968333 0.000222
10.988552 0.968002 0.000199
10.990614 0.967610 0.000222
10.992678 0.967185 0.000199
10.994740 0.966821 0.000222
10.996803 0.966580 0.000199
10.998867 0.966538 0.000222
11.000929 0.966663 0.000199
11.002992 0.966883 0.000222
11.005055 0.967144 0.000199
11.007118 0.967367 0.000222
11.009181 0.967526 0.000199
11.011244 0.967664 0.000222
11.013307 0.967896 0.000199
11.015370 0.968328 0.000222
11.017433 0.969269 0.000199
11.019496 0.970505 0.000222
11.021559 0.971979 0.000199
11.023622 0.974361 0.000222
11.025685 0.978992 0.000199
11.027748 0.983639 0.000222
11.029811 0.986927 0.000199
11.031873 0.987335 0.000222
11.033937 0.987345 0.000199
11.035312 0.987352 0.000445
11.068319 0.987526 0.000037
11.133875 0.987910 0.000037
11.199202 0.988354 0.000037
11.264529 0.988858 0.000037
11.329856 0.989419 0.000037
11.395183 0.990033 0.000037
11.460739 0.990698 0.000037
11.526066 0.991403 0.000037
11.591393 0.992144 0.000037
11.656720 0.992909 0.000037
11.722047 0.993691 0.000037
11.787374 0.994484 0.000037
11.851058 0.995261 0.000039
11.918257 0.996079 0.000037
11.957912 0.996558 0.000081
11.965934 0.996655 0.000199
11.968226 0.996682 0.000199
11.970289 0.996233 0.000222
11.972352 0.992974 0.000199
11.974415 0.988250 0.000222
11.976478 0.983611 0.000199
11.978541 0.981608 0.000222
11.980604 0.980844 0.000199
11.982667 0.980348 0.000222
11.984730 0.979554 0.000199
11.986793 0.978745 0.000222
11.988856 0.978052 0.000199
11.990919 0.977629 0.000222
11.992982 0.977334 0.000199
11.995045 0.976999 0.000222
11.997108 0.976714 0.000199
11.999171 0.976556 0.000222
12.001234 0.976596 0.000199
12.003297 0.976795 0.000222
12.005360 0.977089 0.000199
12.007423 0.977426 0.000222
12.009486 0.977740 0.000199
12.011548 0.977983 0.000222
12.013612 0.978249 0.000199
12.015674 0.978644 0.000222
12.017737 0.979320 0.000199
12.019801 0.980399 0.000222
12.021863 0.981850 0.000199
12.023926 0.984789 0.000222
12.025989 0.989693 0.000199
12.028052 0.994318 0.000222
12.030115 0.997258 0.000199
12.032178 0.997435 0.000222
12.034241 0.997459 0.000199
12.068165 0.997829 0.000037
12.133721 0.998475 0.000037
12.199048 0.999018 0.000037
12.264375 0.999449 0.000037
12.329702 0.999759 0.000037
12.395029 0.999938 0.000037
12.460586 0.999979 0.000037
12.525913 0.999871 0.000037
12.591240 0.999607 0.000037
12.656567 0.999184 0.000037
12.721894 0.998600 0.000037
12.787221 0.997855 0.000037
12.852548 0.996950 0.000037
12.918104 0.995884 0.000037
12.957759 0.995166 0.000081
12.965781 0.995014 0.000199
12.968073 0.994971 0.000199
12.970136 0.994594 0.000222
12.972199 0.991450 0.000199
12.974262 0.986701 0.000222
12.976325 0.981810 0.000199
12.978388 0.979219 0.000222
12.980451 0.978086 0.000199
12.982514 0.977359 0.000222
12.984577 0.976795 0.000199
12.986640 0.976144 0.000222
12.988703 0.975530 0.000199
12.990766 0.975010 0.000222
12.992829 0.974645 0.000199
12.994891 0.974560 0.000222
12.996955 0.974833 0.000199
12.999017 0.975214 0.000222
13.001081 0.975539 0.000199
13.003143 0.975579 0.000222
13.005207 0.975408 0.000199
13.007269 0.975169 0.000222
13.009332 0.975018 0.000199
13.011395 0.975136 0.000222
13.013458 0.975402 0.000199
13.015522 0.975709 0.000222
13.017584 0.976179 0.000199
13.019647 0.977004 0.000222
13.021710 0.978341 0.000199
13.023773 0.981032 0.000222
13.025836 0.985861 0.000199
13.027899 0.990448 0.000222
13.029962 0.993458 0.000199
13.032025 0.993680 0.000222
13.034088 0.993636 0.000199
13.068012 0.992895 0.000037
13.133568 0.991362 0.000037
13.198895 0.989709 0.000037
13.264222 0.987940 0.000037
13.329550 0.986065 0.000037
13.394877 0.984122 0.000037
13.460433 0.982157 0.000037
13.525760 0.980200 0.000037
13.591087 0.978259 0.000037
13.656414 0.976353 0.000037
13.721741 0.974495 0.000037
13.787068 0.972702 0.000037
13.850065 0.971045 0.000039
13.917951 0.969354 0.000037
13.957606 0.968415 0.000081
13.965629 0.968230 0.000199
13.967921 0.968178 0.000199
13.969984 0.967913 0.000222
13.972047 0.964851 0.000199
13.974110 0.960119 0.000222
13.976173 0.955176 0.000199
13.978236 0.952378 0.000222
13.980299 0.951128 0.000199
13.982361 0.950326 0.000222
13.984425 0.949761 0.000199
13.986487 0.949300 0.000222
13.988550 0.948754 0.000199
13.990614 0.948211 0.000222
13.992676 0.947737 0.000199
13.994739 0.947406 0.000222
13.996802 0.947273 0.000199
13.998865 0.947364 0.000222
14.000928 0.947553 0.000199
14.002991 0.947762 0.000222
14.005054 0.947867 0.000199
14.007117 0.947899 0.000222
14.009180 0.947920 0.000199
14.011243 0.948015 0.000222
14.013306 0.948280 0.000199
14.015369 0.948992 0.000222
14.017432 0.950012 0.000199
14.019495 0.951207 0.000222
14.021558 0.952348 0.000199
14.023621 0.954400 0.000222
14.025684 0.958784 0.000199
14.027747 0.963282 0.000222
14.029810 0.966417 0.000199
14.031873 0.966765 0.000222
14.033936 0.966722 0.000199
14.035311 0.966693 0.000445
14.068318 0.966010 0.000037
14.133875 0.964749 0.000037
14.199202 0.963621 0.000037
14.264455 0.962630 0.000037
14.329856 0.961773 0.000037
14.395183 0.961058 0.000037
14.460739 0.960486 0.000037
14.526066 0.960065 0.000037
14.591394 0.959794 0.000037
14.656721 0.959674 0.000037
14.722048 0.959705 0.000037
