4.027930 0.994124 0.000222
4.029993 0.997162 0.000199
4.032056 0.997422 0.000222
4.034119 0.997446 0.000199
4.068043 0.997818 0.000037
4.133599 0.998467 0.000037
4.198925 0.999010 0.000037
4.264252 0.999440 0.000037
4.329579 0.999747 0.000037
4.394905 0.999922 0.000037
4.460461 0.999957 0.000037
4.525788 0.999843 0.000037
4.591114 0.999575 0.000037
4.656441 0.999150 0.000037
4.721767 0.998566 0.000037
4.787094 0.997823 0.000037
4.852421 0.996920 0.000037
4.917977 0.995858 0.000037
4.957631 0.995143 0.000081
4.965654 0.994992 0.000199
4.967946 0.994948 0.000199
4.970009 0.994679 0.000222
4.972072 0.991713 0.000199
4.974134 0.987110 0.000222
4.976197 0.982288 0.000199
4.978260 0.979538 0.000222
4.980323 0.978197 0.000199
4.982387 0.977228 0.000222
4.984449 0.976482 0.000199
4.986512 0.975834 0.000222
4.988575 0.975239 0.000199
4.990638 0.974737 0.000222
4.992701 0.974372 0.000199
4.994764 0.974289 0.000222
4.996827 0.974661 0.000199
4.998890 0.975170 0.000222
5.000953 0.975607 0.000199
5.003016 0.975672 0.000222
5.005079 0.975421 0.000199
5.007142 0.975025 0.000222
5.009205 0.974715 0.000199
5.011268 0.974737 0.000222
5.013330 0.975033 0.000199
5.015394 0.975376 0.000222
5.017456 0.975880 0.000199
5.019519 0.976735 0.000222
5.021582 0.978133 0.000199
5.023645 0.980750 0.000222
5.025708 0.985584 0.000199
5.027771 0.990202 0.000222
5.029834 0.993331 0.000199
5.031897 0.993660 0.000222
5.033960 0.993616 0.000199
5.035335 0.993587 0.000445
5.068342 0.992866 0.000037
5.133898 0.991333 0.000037
5.199225 0.989679 0.000037
5.264551 0.987907 0.000037
5.329878 0.986026 0.000037
5.395205 0.984077 0.000037
5.460761 0.982102 0.000037
5.526087 0.980133 0.000037
5.591414 0.978181 0.000037
5.656740 0.976261 0.000037
5.722067 0.974390 0.000037
5.787394 0.972583 0.000037
5.853064 0.970848 0.000039
5.918276 0.969220 0.000037
5.957931 0.968282 0.000081
5.965953 0.968097 0.000199
5.968245 0.968044 0.000199
5.970308 0.967496 0.000222
5.972371 0.964131 0.000199
5.974435 0.959374 0.000222
5.976497 0.954662 0.000199
5.978561 0.952354 0.000222
5.980623 0.951185 0.000199
5.982686 0.950376 0.000222
5.984749 0.949772 0.000199
5.986812 0.949275 0.000222
5.988875 0.948773 0.000199
5.990938 0.948320 0.000222
5.993001 0.947943 0.000199
5.995064 0.947685 0.000222
5.997127 0.947528 0.000199
5.999190 0.947406 0.000222
6.001253 0.947335 0.000199
6.003316 0.947324 0.000222
6.005379 0.947394 0.000199
6.007441 0.947435 0.000222
6.009504 0.947499 0.000199
6.011567 0.947650 0.000222
6.013630 0.947981 0.000199
6.015693 0.948852 0.000222
6.017756 0.950017 0.000199
6.019819 0.951321 0.000222
6.021882 0.952410 0.000199
6.023945 0.954813 0.000222
6.026008 0.959291 0.000199
6.028071 0.963733 0.000222
6.030134 0.966540 0.000199
6.032197 0.966637 0.000222
6.034260 0.966594 0.000199
6.068184 0.965897 0.000037
6.133740 0.964649 0.000037
6.199066 0.963541 0.000037
6.264393 0.962574 0.000037
6.329720 0.961744 0.000037
6.395046 0.961054 0.000037
6.460602 0.960505 0.000037
6.525929 0.960101 0.000037
6.591256 0.959843 0.000037
6.656582 0.959728 0.000037
6.721909 0.959757 0.000037
6.787236 0.959929 0.000037
6.852562 0.960245 0.000037
6.918118 0.960708 0.000037
6.957773 0.961058 0.000081
6.965795 0.961136 0.000199
6.968088 0.961158 0.000199
6.970150 0.960824 0.000222
6.972214 0.957847 0.000199
6.974277 0.953493 0.000222
6.976339 0.948858 0.000199
6.978402 0.946275 0.000222
6.980465 0.944806 0.000199
6.982528 0.943828 0.000222
6.984591 0.943165 0.000199
6.986654 0.942656 0.000222
6.988717 0.942266 0.000199
6.990780 0.941986 0.000222
6.992843 0.941792 0.000199
6.994906 0.941669 0.000222
6.996969 0.941596 0.000199
6.999032 0.941576 0.000222
7.001095 0.941689 0.000199
7.003158 0.941879 0.000222
7.005221 0.942112 0.000199
7.007284 0.942329 0.000222
7.009347 0.942536 0.000199
7.011410 0.942772 0.000222
7.013472 0.943104 0.000199
7.015535 0.943597 0.000222
7.017598 0.944282 0.000199
7.019661 0.945180 0.000222
7.021724 0.946404 0.000199
7.023787 0.949021 0.000222
7.025850 0.953834 0.000199
7.027913 0.958494 0.000222
7.029976 0.961583 0.000199
7.032039 0.961857 0.000222
7.034102 0.961881 0.000199
7.068026 0.962309 0.000037
7.133582 0.963242 0.000037
7.198909 0.964316 0.000037
7.264235 0.965530 0.000037
7.329562 0.966875 0.000037
7.394889 0.968342 0.000037
7.460445 0.969926 0.000037
7.525772 0.971605 0.000037
7.591098 0.973369 0.000037
7.656425 0.975203 0.000037
7.721752 0.977091 0.000037
7.787079 0.979018 0.000037
7.852061 0.980958 0.000039
7.917961 0.982933 0.000037
7.957616 0.984118 0.000081
7.965638 0.984357 0.000199
7.967930 0.984425 0.000199
7.969993 0.984262 0.000222
7.972056 0.981326 0.000199
7.974120 0.976703 0.000222
7.976182 0.971867 0.000199
7.978245 0.969217 0.000222
7.980308 0.968073 0.000199
7.982371 0.967288 0.000222
7.984434 0.966911 0.000199
7.986497 0.966875 0.000222
7.988560 0.966963 0.000199
7.990623 0.966955 0.000222
7.992686 0.966657 0.000199
7.994749 0.966174 0.000222
7.996812 0.965709 0.000199
7.998875 0.965409 0.000222
8.000938 0.965452 0.000199
8.003000 0.965557 0.000222
8.005064 0.965715 0.000199
8.007127 0.965933 0.000222
8.009189 0.966226 0.000199
8.011253 0.966609 0.000222
8.013315 0.967096 0.000199
8.015379 0.967696 0.000222
8.017441 0.968451 0.000199
8.019504 0.969459 0.000222
8.021567 0.970811 0.000199
8.023630 0.973313 0.000222
8.025693 0.978023 0.000199
8.027756 0.982665 0.000222
8.029819 0.985869 0.000199
8.031882 0.986306 0.000222
8.033945 0.986366 0.000199
8.035320 0.986405 0.000445
8.068327 0.987341 0.000037
8.133883 0.989118 0.000037
8.199210 0.990773 0.000037
8.264537 0.992304 0.000037
8.329864 0.993703 0.000037
8.395190 0.994963 0.000037
8.460746 0.996083 0.000037
8.526073 0.997046 0.000037
8.591400 0.997854 0.000037
8.656727 0.998505 0.000037
8.722054 0.998999 0.000037
8.787380 0.999336 0.000037
8.852707 0.999521 0.000037
8.918263 0.999556 0.000037
8.957918 0.999508 0.000081
8.965940 0.999492 0.000199
8.968233 0.999487 0.000199
8.970295 0.998993 0.000222
8.972358 0.995673 0.000199
8.974422 0.990888 0.000222
8.976484 0.986106 0.000199
8.978547 0.983749 0.000222
8.980610 0.982583 0.000199
8.982673 0.981772 0.000222
8.984736 0.981147 0.000199
8.986799 0.980558 0.000222
8.988862 0.980044 0.000199
8.990925 0.979627 0.000222
8.992988 0.979340 0.000199
8.995051 0.979197 0.000222
8.997114 0.979175 0.000199
8.999177 0.979217 0.000222
9.001240 0.979288 0.000199
9.003303 0.979352 0.000222
9.005366 0.979788 0.000199
9.007428 0.980414 0.000222
9.009492 0.981073 0.000199
9.011554 0.981540 0.000222
9.013617 0.981696 0.000199
9.015681 0.981834 0.000222
9.017743 0.982148 0.000199
9.019806 0.982881 0.000222
9.021869 0.984153 0.000199
9.023932 0.986987 0.000222
9.025995 0.991806 0.000199
9.028058 0.996338 0.000222
9.030121 0.999150 0.000199
9.032184 0.999285 0.000222
9.034247 0.999276 0.000199
9.068171 0.999117 0.000037
9.133727 0.998718 0.000037
9.199054 0.998206 0.000037
9.264381 0.997593 0.000037
9.329708 0.996889 0.000037
9.395034 0.996134 0.000037
9.460590 0.995367 0.000037
9.525917 0.994600 0.000037
9.591244 0.993835 0.000037
9.656571 0.993078 0.000037
9.721898 0.992336 0.000037
9.787225 0.991613 0.000037
9.851558 0.990927 0.000039
9.918108 0.990253 0.000037
9.957762 0.989871 0.000081
9.965785 0.989795 0.000199
9.968077 0.989774 0.000199
9.970140 0.989405 0.000222
9.972203 0.986250 0.000199
9.974266 0.981545 0.000222
9.976329 0.976686 0.000199
9.978392 0.974072 0.000222
9.980455 0.972787 0.000199
9.982518 0.971969 0.000222
9.984581 0.971373 0.000199
9.986643 0.970893 0.000222
9.988706 0.970409 0.000199
9.990769 0.969973 0.000222
9.992832 0.969610 0.000199
9.994895 0.969365 0.000222
9.996958 0.969249 0.000199
9.999021 0.969247 0.000222
10.001084 0.969315 0.000199
10.003147 0.969421 0.000222
10.005210 0.969529 0.000199
10.007273 0.969622 0.000222
10.009336 0.969745 0.000199
10.011399 0.969947 0.000222
10.013462 0.970297 0.000199
10.015525 0.970873 0.000222
10.017588 0.971634 0.000199
10.019651 0.972615 0.000222
10.021714 0.974123 0.000199
10.023777 0.976942 0.000222
10.025840 0.981734 0.000199
10.027902 0.986150 0.000222
10.029965 0.988967 0.000199
10.032028 0.989198 0.000222
10.034091 0.989180 0.000199
10.068016 0.988895 0.000037
10.133572 0.988381 0.000037
10.198898 0.987924 0.000037
10.264225 0.987523 0.000037
10.329552 0.987175 0.000037
10.394879 0.986881 0.000037
10.460435 0.986646 0.000037
10.525762 0.986475 0.000037
10.591089 0.986367 0.000037
10.656416 0.986328 0.000037
10.721743 0.986356 0.000037
10.787070 0.986452 0.000037
10.852397 0.986611 0.000037
10.917953 0.986832 0.000037
10.957607 0.986994 0.000081
10.965630 0.987029 0.000199
10.967922 0.987040 0.000199
10.969985 0.986847 0.000222
10.972048 0.983933 0.000199
10.974111 0.979304 0.000222
10.976174 0.974342 0.000199
10.978237 0.971398 0.000222
10.980300 0.969988 0.000199
10.982363 0.969129 0.000222
10.984426 0.968667 0.000199
10.986488 0.968376 0.000222
10.988552 0.968108 0.000199
10.990614 0.967742 0.000222
10.992678 0.967375 0.000199
10.994740 0.967071 0.000222
10.996803 0.966871 0.000199
10.998867 0.966830 0.000222
11.000929 0.966928 0.000199
11.002992 0.967110 0.000222
11.005055 0.967338 0.000199
11.007118 0.967550 0.000222
11.009181 0.967751 0.000199
11.011244 0.967976 0.000222
11.013307 0.968295 0.000199
11.015370 0.968770 0.000222
11.017433 0.969512 0.000199
11.019496 0.970482 0.000222
11.021559 0.971766 0.000199
11.023622 0.974202 0.000222
11.025685 0.978961 0.000199
11.027748 0.983684 0.000222
11.029811 0.986946 0.000199
11.031873 0.987352 0.000222
11.033937 0.987363 0.000199
11.035312 0.987370 0.000445
11.068319 0.987552 0.000037
11.133875 0.987950 0.000037
11.199202 0.988402 0.000037
11.264529 0.988909 0.000037
11.329856 0.989468 0.000037
11.395183 0.990075 0.000037
11.460739 0.990730 0.000037
11.526066 0.991422 0.000037
