4.591114 0.999526 0.000037
4.656441 0.999063 0.000037
4.721767 0.998448 0.000037
4.787094 0.997681 0.000037
4.852421 0.996766 0.000037
4.917977 0.995703 0.000037
4.957631 0.994991 0.000081
4.965654 0.994841 0.000199
4.967946 0.994798 0.000199
4.970009 0.994520 0.000222
4.972072 0.991436 0.000199
4.974134 0.986840 0.000222
4.976197 0.982116 0.000199
4.978260 0.979501 0.000222
4.980323 0.978083 0.000199
4.982387 0.976923 0.000222
4.984449 0.976026 0.000199
4.986512 0.975523 0.000222
4.988575 0.975220 0.000199
4.990638 0.975016 0.000222
4.992701 0.974819 0.000199
4.994764 0.974618 0.000222
4.996827 0.974510 0.000199
4.998890 0.974466 0.000222
5.000953 0.974464 0.000199
5.003016 0.974479 0.000222
5.005079 0.974560 0.000199
5.007142 0.974708 0.000222
5.009205 0.974925 0.000199
5.011268 0.975201 0.000222
5.013330 0.975447 0.000199
5.015394 0.975703 0.000222
5.017456 0.976117 0.000199
5.019519 0.976926 0.000222
5.021582 0.978340 0.000199
5.023645 0.980905 0.000222
5.025708 0.985630 0.000199
5.027771 0.990124 0.000222
5.029834 0.993193 0.000199
5.031897 0.993525 0.000222
5.033960 0.993482 0.000199
5.035335 0.993453 0.000445
5.068342 0.992743 0.000037
5.133898 0.991238 0.000037
5.199225 0.989615 0.000037
5.264551 0.987878 0.000037
5.329878 0.986035 0.000037
5.395205 0.984120 0.000037
5.460761 0.982175 0.000037
5.526087 0.980230 0.000037
5.591414 0.978296 0.000037
5.656740 0.976390 0.000037
5.722067 0.974526 0.000037
5.787394 0.972722 0.000037
5.853064 0.970984 0.000039
5.918276 0.969348 0.000037
5.957931 0.968402 0.000081
5.965953 0.968215 0.000199
5.968245 0.968162 0.000199
5.970308 0.967613 0.000222
5.972371 0.964234 0.000199
5.974435 0.959467 0.000222
5.976497 0.954763 0.000199
5.978561 0.952476 0.000222
5.980623 0.951179 0.000199
5.982686 0.950104 0.000222
5.984749 0.949227 0.000199
5.986812 0.948571 0.000222
5.988875 0.948290 0.000199
5.990938 0.948209 0.000222
5.993001 0.948200 0.000199
5.995064 0.948119 0.000222
5.997127 0.947912 0.000199
5.999190 0.947592 0.000222
6.001253 0.947294 0.000199
6.003316 0.947104 0.000222
6.005379 0.947154 0.000199
6.007441 0.947394 0.000222
6.009504 0.947760 0.000199
6.011567 0.948196 0.000222
6.013630 0.948641 0.000199
6.015693 0.949164 0.000222
6.017756 0.949853 0.000199
6.019819 0.950762 0.000222
6.021882 0.952022 0.000199
6.023945 0.954795 0.000222
6.026008 0.959510 0.000199
6.028071 0.963922 0.000222
6.030134 0.966643 0.000199
6.032197 0.966737 0.000222
6.034260 0.966693 0.000199
6.068184 0.965984 0.000037
6.133740 0.964709 0.000037
6.199066 0.963569 0.000037
6.264393 0.962565 0.000037
6.329720 0.961699 0.000037
6.395046 0.960977 0.000037
6.460602 0.960401 0.000037
6.525929 0.959980 0.000037
6.591256 0.959713 0.000037
6.656582 0.959602 0.000037
6.721909 0.959646 0.000037
6.787236 0.959843 0.000037
6.852562 0.960189 0.000037
6.918118 0.960685 0.000037
6.957773 0.961056 0.000081
6.965795 0.961137 0.000199
6.968088 0.961160 0.000199
6.970150 0.960842 0.000222
6.972214 0.957774 0.000199
6.974277 0.953199 0.000222
6.976339 0.948507 0.000199
6.978402 0.946028 0.000222
6.980465 0.944810 0.000199
6.982528 0.943902 0.000222
6.984591 0.943179 0.000199
6.986654 0.942608 0.000222
6.988717 0.942185 0.000199
6.990780 0.941924 0.000222
6.992843 0.941771 0.000199
6.994906 0.941691 0.000222
6.996969 0.941645 0.000199
6.999032 0.941598 0.000222
7.001095 0.941473 0.000199
7.003158 0.941363 0.000222
7.005221 0.941336 0.000199
7.007284 0.941493 0.000222
7.009347 0.941910 0.000199
7.011410 0.942522 0.000222
7.013472 0.943224 0.000199
7.015535 0.943908 0.000222
7.017598 0.944445 0.000199
7.019661 0.945153 0.000222
7.021724 0.946284 0.000199
7.023787 0.949006 0.000222
7.025850 0.953920 0.000199
7.027913 0.958608 0.000222
7.029976 0.961618 0.000199
7.032039 0.961888 0.000222
7.034102 0.961913 0.000199
7.068026 0.962354 0.000037
7.133582 0.963306 0.000037
7.198909 0.964389 0.000037
7.264235 0.965602 0.000037
7.329562 0.966940 0.000037
7.394889 0.968394 0.000037
7.460445 0.969962 0.000037
7.525772 0.971622 0.000037
7.591098 0.973369 0.000037
7.656425 0.975190 0.000037
7.721752 0.977072 0.000037
7.787079 0.978998 0.000037
7.852061 0.980943 0.000039
7.917961 0.982928 0.000037
7.957616 0.984122 0.000081
7.965638 0.984363 0.000199
7.967930 0.984431 0.000199
7.969993 0.984265 0.000222
7.972056 0.981252 0.000199
7.974120 0.976484 0.000222
7.976182 0.971541 0.000199
7.978245 0.969123 0.000222
7.980308 0.968367 0.000199
7.982371 0.967941 0.000222
7.984434 0.967353 0.000199
7.986497 0.966769 0.000222
7.988560 0.966295 0.000199
7.990623 0.965970 0.000222
7.992686 0.965779 0.000199
7.994749 0.965637 0.000222
7.996812 0.965548 0.000199
7.998875 0.965527 0.000222
8.000938 0.965584 0.000199
8.003000 0.965641 0.000222
8.005064 0.965730 0.000199
8.007127 0.965882 0.000222
8.009189 0.966150 0.000199
8.011253 0.966553 0.000222
8.013315 0.967080 0.000199
8.015379 0.967720 0.000222
8.017441 0.968470 0.000199
8.019504 0.969286 0.000222
8.021567 0.970432 0.000199
8.023630 0.972938 0.000222
8.025693 0.977837 0.000199
8.027756 0.982662 0.000222
8.029819 0.985900 0.000199
8.031882 0.986331 0.000222
8.033945 0.986391 0.000199
8.035320 0.986431 0.000445
8.068327 0.987375 0.000037
8.133883 0.989165 0.000037
8.199210 0.990827 0.000037
8.264537 0.992361 0.000037
8.329864 0.993756 0.000037
8.395190 0.995008 0.000037
8.460746 0.996113 0.000037
8.526073 0.997064 0.000037
8.591400 0.997863 0.000037
8.656727 0.998508 0.000037
8.722054 0.998997 0.000037
8.787380 0.999331 0.000037
8.852707 0.999511 0.000037
8.918263 0.999541 0.000037
8.957918 0.999489 0.000081
8.965940 0.999472 0.000199
8.968233 0.999467 0.000199
8.970295 0.998985 0.000222
8.972358 0.995772 0.000199
8.974422 0.991229 0.000222
8.976484 0.986728 0.000199
8.978547 0.984398 0.000222
8.980610 0.982892 0.000199
8.982673 0.981658 0.000222
8.984736 0.980730 0.000199
8.986799 0.980082 0.000222
8.988862 0.979490 0.000199
8.990925 0.978999 0.000222
8.992988 0.978675 0.000199
8.995051 0.978686 0.000222
8.997114 0.979109 0.000199
8.999177 0.979638 0.000222
9.001240 0.980066 0.000199
9.003303 0.980133 0.000222
9.005366 0.980141 0.000199
9.007428 0.980167 0.000222
9.009492 0.980272 0.000199
9.011554 0.980534 0.000222
9.013617 0.980922 0.000199
9.015681 0.981414 0.000222
9.017743 0.982064 0.000199
9.019806 0.982927 0.000222
9.021869 0.984145 0.000199
9.023932 0.986941 0.000222
9.025995 0.991751 0.000199
9.028058 0.996303 0.000222
9.030121 0.999123 0.000199
9.032184 0.999257 0.000222
9.034247 0.999249 0.000199
9.068171 0.999086 0.000037
9.133727 0.998679 0.000037
9.199054 0.998164 0.000037
9.264381 0.997551 0.000037
9.329708 0.996852 0.000037
9.395034 0.996105 0.000037
9.460590 0.995347 0.000037
9.525917 0.994589 0.000037
9.591244 0.993834 0.000037
9.656571 0.993086 0.000037
9.721898 0.992350 0.000037
9.787225 0.991632 0.000037
9.851558 0.990950 0.000039
9.918108 0.990277 0.000037
9.957762 0.989895 0.000081
9.965785 0.989820 0.000199
9.968077 0.989798 0.000199
9.970140 0.989437 0.000222
9.972203 0.986367 0.000199
9.974266 0.981725 0.000222
9.976329 0.976824 0.000199
9.978392 0.974081 0.000222
9.980455 0.972779 0.000199
9.982518 0.972170 0.000222
9.984581 0.971796 0.000199
9.986643 0.971459 0.000222
9.988706 0.971084 0.000199
9.990769 0.970832 0.000222
9.992832 0.970653 0.000199
9.994895 0.970511 0.000222
9.996958 0.970311 0.000199
9.999021 0.969869 0.000222
10.001084 0.969411 0.000199
10.003147 0.969085 0.000222
10.005210 0.969121 0.000199
10.007273 0.969179 0.000222
10.009336 0.969239 0.000199
10.011399 0.969383 0.000222
10.013462 0.969711 0.000199
10.015525 0.970573 0.000222
10.017588 0.971758 0.000199
10.019651 0.973114 0.000222
10.021714 0.974464 0.000199
10.023777 0.976926 0.000222
10.025840 0.981530 0.000199
10.027902 0.986028 0.000222
10.029965 0.988987 0.000199
10.032028 0.989221 0.000222
10.034091 0.989203 0.000199
10.068016 0.988916 0.000037
10.133572 0.988399 0.000037
10.198898 0.987938 0.000037
10.264225 0.987534 0.000037
10.329552 0.987185 0.000037
10.394879 0.986894 0.000037
10.460435 0.986662 0.000037
10.525762 0.986491 0.000037
10.591089 0.986382 0.000037
10.656416 0.986335 0.000037
10.721743 0.986350 0.000037
10.787070 0.986425 0.000037
10.852397 0.986560 0.000037
10.917953 0.986756 0.000037
10.957607 0.986904 0.000081
10.965630 0.986937 0.000199
10.967922 0.986946 0.000199
10.969985 0.986741 0.000222
10.972048 0.983846 0.000199
10.974111 0.979349 0.000222
10.976174 0.974516 0.000199
10.978237 0.971670 0.000222
10.980300 0.970229 0.000199
10.982363 0.969387 0.000222
10.984426 0.968992 0.000199
10.986488 0.968767 0.000222
10.988552 0.968542 0.000199
10.990614 0.968087 0.000222
10.992678 0.967500 0.000199
10.994740 0.966962 0.000222
10.996803 0.966602 0.000199
10.998867 0.966572 0.000222
11.000929 0.966857 0.000199
11.002992 0.967288 0.000222
11.005055 0.967737 0.000199
11.007118 0.968015 0.000222
11.009181 0.968288 0.000199
11.011244 0.968668 0.000222
11.013307 0.969138 0.000199
11.015370 0.969685 0.000222
11.017433 0.970086 0.000199
11.019496 0.970600 0.000222
11.021559 0.971472 0.000199
11.023622 0.973772 0.000222
11.025685 0.978631 0.000199
11.027748 0.983466 0.000222
11.029811 0.986826 0.000199
11.031873 0.987240 0.000222
11.033937 0.987251 0.000199
11.035312 0.987258 0.000445
11.068319 0.987433 0.000037
11.133875 0.987826 0.000037
11.199202 0.988283 0.000037
11.264529 0.988802 0.000037
11.329856 0.989379 0.000037
11.395183 0.990009 0.000037
11.460739 0.990688 0.000037
11.526066 0.991405 0.000037
11.591393 0.992156 0.000037
11.656720 0.992933 0.000037
11.722047 0.993731 0.000037
11.787374 0.994543 0.000037
11.851058 0.995342 0.000039
11.918257 0.996185 0.000037
11.957912 0.996680 0.000081
11.965934 0.996780 0.000199
11.968226 0.996809 0.000199
11.970289 0.996343 0.000222
11.972352 0.993050 0.000199
11.974415 0.988389 0.000222
11.976478 0.983779 0.000199
11.978541 0.981604 0.000222
11.980604 0.980490 0.000199
11.982667 0.979693 0.000222
11.984730 0.979085 0.000199
11.986793 0.978630 0.000222
11.988856 0.978285 0.000199
11.990919 0.978018 0.000222
11.992982 0.977708 0.000199
11.995045 0.977333 0.000222
11.997108 0.977007 0.000199
11.999171 0.976822 0.000222
12.001234 0.976873 0.000199
12.003297 0.977208 0.000222
12.005360 0.977678 0.000199
12.007423 0.978170 0.000222
12.009486 0.978526 0.000199
12.011548 0.978662 0.000222
12.013612 0.978754 0.000199
12.015674 0.978980 0.000222
12.017737 0.979604 0.000199
12.019801 0.980820 0.000222
12.021863 0.982425 0.000199
12.023926 0.985478 0.000222
12.025989 0.990231 0.000199
12.028052 0.994666 0.000222
12.030115 0.997420 0.000199
12.032178 0.997586 0.000222
12.034241 0.997610 0.000199
12.068165 0.997989 0.000037
