13.656414 0.976365 0.000037
13.721741 0.974508 0.000037
13.787068 0.972714 0.000037
13.850065 0.971055 0.000039
13.917951 0.969358 0.000037
13.957606 0.968415 0.000081
13.965629 0.968229 0.000199
13.967921 0.968176 0.000199
13.969984 0.967913 0.000222
13.972047 0.964914 0.000199
13.974110 0.960318 0.000222
13.976173 0.955581 0.000199
13.978236 0.952961 0.000222
13.980299 0.951799 0.000199
13.982361 0.950975 0.000222
13.984425 0.950369 0.000199
13.986487 0.949882 0.000222
13.988550 0.949262 0.000199
13.990614 0.948554 0.000222
13.992676 0.947908 0.000199
13.994739 0.947472 0.000222
13.996802 0.947323 0.000199
13.998865 0.947313 0.000222
14.000928 0.947378 0.000199
14.002991 0.947482 0.000222
14.005054 0.947565 0.000199
14.007117 0.947498 0.000222
14.009180 0.947330 0.000199
14.011243 0.947240 0.000222
14.013306 0.947409 0.000199
14.015369 0.948117 0.000222
14.017432 0.949121 0.000199
14.019495 0.950316 0.000222
14.021558 0.951681 0.000199
14.023621 0.954064 0.000222
14.025684 0.958721 0.000199
14.027747 0.963307 0.000222
14.029810 0.966417 0.000199
14.031873 0.966757 0.000222
14.033936 0.966713 0.000199
14.035311 0.966684 0.000445
14.068318 0.965998 0.000037
14.133875 0.964731 0.000037
14.199202 0.963601 0.000037
14.264455 0.962610 0.000037
14.329856 0.961756 0.000037
14.395183 0.961045 0.000037
14.460739 0.960478 0.000037
14.526066 0.960060 0.000037
14.591394 0.959790 0.000037
14.656721 0.959669 0.000037
14.722048 0.959696 0.000037
14.787375 0.959872 0.000037
14.852702 0.960197 0.000037
14.918258 0.960670 0.000037
14.957913 0.961028 0.000081
14.965936 0.961107 0.000199
14.968228 0.961130 0.000199
14.970291 0.960676 0.000222
14.972354 0.957567 0.000199
14.974417 0.953140 0.000222
14.976480 0.948523 0.000199
14.978543 0.946076 0.000222
14.980606 0.944645 0.000199
14.982668 0.943716 0.000222
14.984732 0.943088 0.000199
14.986795 0.942610 0.000222
14.988858 0.942238 0.000199
14.990920 0.942033 0.000222
14.992983 0.941969 0.000199
14.995047 0.941973 0.000222
14.997109 0.941974 0.000199
14.999173 0.941964 0.000222
15.001235 0.942092 0.000199
15.003298 0.942294 0.000222
15.005361 0.942534 0.000199
15.007424 0.942749 0.000222
15.009487 0.942801 0.000199
15.011550 0.942792 0.000222
15.013613 0.942892 0.000199
15.015676 0.943295 0.000222
15.017739 0.944098 0.000199
15.019802 0.945143 0.000222
15.021865 0.946451 0.000199
15.023928 0.949198 0.000222
15.025991 0.954026 0.000199
15.028054 0.958655 0.000222
15.030117 0.961662 0.000199
15.032180 0.961840 0.000222
15.034243 0.961865 0.000199
15.068167 0.962298 0.000037
15.133723 0.963241 0.000037
15.199050 0.964321 0.000037
15.264378 0.965538 0.000037
15.329705 0.966884 0.000037
15.395032 0.968349 0.000037
15.460588 0.969929 0.000037
15.525916 0.971600 0.000037
15.591243 0.973356 0.000037
15.656570 0.975177 0.000037
15.721897 0.977049 0.000037
15.787224 0.978959 0.000037
15.852551 0.980893 0.000037
15.920591 0.982917 0.000039
15.957763 0.984020 0.000081
15.965785 0.984258 0.000199
15.968077 0.984326 0.000199
15.970140 0.984040 0.000222
15.972203 0.980918 0.000199
15.974266 0.976223 0.000222
15.976329 0.971462 0.000199
15.978392 0.969146 0.000222
15.980455 0.968192 0.000199
15.982518 0.967559 0.000222
15.984581 0.967141 0.000199
15.986644 0.966944 0.000222
15.988707 0.966857 0.000199
15.990770 0.966740 0.000222
15.992833 0.966427 0.000199
15.994896 0.965954 0.000222
15.996959 0.965509 0.000199
15.999022 0.965238 0.000222
16.001085 0.965296 0.000199
16.003148 0.965422 0.000222
16.005211 0.965611 0.000199
16.007274 0.965856 0.000222
16.009337 0.966164 0.000199
16.011400 0.966614 0.000222
16.013463 0.967220 0.000199
16.015526 0.967937 0.000222
16.017588 0.968760 0.000199
16.019652 0.969778 0.000222
16.021714 0.971132 0.000199
16.023778 0.973696 0.000222
16.025840 0.978334 0.000199
16.027904 0.982835 0.000222
16.029966 0.985884 0.000199
16.032029 0.986200 0.000222
16.034092 0.986260 0.000199
16.068017 0.987221 0.000037
16.133573 0.989003 0.000037
16.198900 0.990667 0.000037
16.264227 0.992210 0.000037
16.329555 0.993623 0.000037
16.394882 0.994896 0.000037
16.460438 0.996025 0.000037
16.525765 0.996996 0.000037
16.591093 0.997810 0.000037
16.656420 0.998466 0.000037
16.721747 0.998966 0.000037
16.787074 0.999311 0.000037
16.852402 0.999505 0.000037
16.917958 0.999552 0.000037
16.957613 0.999512 0.000081
16.965636 0.999497 0.000199
16.967928 0.999493 0.000199
16.969991 0.999260 0.000222
16.972054 0.996186 0.000199
16.974117 0.991548 0.000222
16.976180 0.986759 0.000199
16.978243 0.984138 0.000222
16.980305 0.982866 0.000199
16.982368 0.981886 0.000222
16.984431 0.981139 0.000199
16.986494 0.980555 0.000222
16.988557 0.980057 0.000199
16.990620 0.979655 0.000222
16.992683 0.979361 0.000199
16.994746 0.979237 0.000222
16.996809 0.979354 0.000199
16.998872 0.979566 0.000222
17.000935 0.979776 0.000199
17.002998 0.979848 0.000222
17.005061 0.980103 0.000199
17.007124 0.980518 0.000222
17.009187 0.980992 0.000199
17.011250 0.981407 0.000222
17.013313 0.981605 0.000199
17.015376 0.981745 0.000222
17.017439 0.982040 0.000199
17.019502 0.982700 0.000222
17.021565 0.983922 0.000199
17.023628 0.986385 0.000222
17.025691 0.991123 0.000199
17.027754 0.995780 0.000222
17.029817 0.998935 0.000199
17.031880 0.999299 0.000222
17.033943 0.999290 0.000199
17.035318 0.999285 0.000445
17.068325 0.999132 0.000037
17.133882 0.998734 0.000037
17.199209 0.998220 0.000037
17.264536 0.997598 0.000037
17.329864 0.996881 0.000037
17.395191 0.996110 0.000037
17.460518 0.995332 0.000037
17.525846 0.994554 0.000037
17.591402 0.993782 0.000037
17.656729 0.993027 0.000037
17.722057 0.992292 0.000037
17.787384 0.991585 0.000037
17.852711 0.990909 0.000037
17.919867 0.990251 0.000039
17.957693 0.989898 0.000080
17.965945 0.989822 0.000199
17.968237 0.989802 0.000199
17.970301 0.989288 0.000222
17.972363 0.985915 0.000199
17.974426 0.981133 0.000222
17.976489 0.976405 0.000199
17.978552 0.974110 0.000222
17.980615 0.972812 0.000199
17.982678 0.971724 0.000222
17.984741 0.970837 0.000199
17.986804 0.970185 0.000222
17.988867 0.969909 0.000199
17.990930 0.969825 0.000222
17.992993 0.969815 0.000199
17.995056 0.969748 0.000222
17.997119 0.969608 0.000199
17.999182 0.969474 0.000222
18.001245 0.969385 0.000199
18.003308 0.969366 0.000222
18.005371 0.969459 0.000199
18.007434 0.969574 0.000222
18.009497 0.969734 0.000199
18.011560 0.969978 0.000222
18.013623 0.970361 0.000199
18.015686 0.971059 0.000222
18.017749 0.971978 0.000199
18.019812 0.973108 0.000222
18.021875 0.974584 0.000199
18.023938 0.977454 0.000222
18.026000 0.982164 0.000199
18.028064 0.986472 0.000222
18.030126 0.989121 0.000199
18.032190 0.989244 0.000222
18.034252 0.989227 0.000199
18.068177 0.988949 0.000037
18.133733 0.988449 0.000037
18.199061 0.988001 0.000037
18.264388 0.987604 0.000037
18.329715 0.987255 0.000037
18.395043 0.986958 0.000037
18.460599 0.986716 0.000037
18.525927 0.986532 0.000037
18.591254 0.986409 0.000037
18.656581 0.986348 0.000037
18.721909 0.986352 0.000037
18.787236 0.986421 0.000037
18.852563 0.986553 0.000037
18.917891 0.986747 0.000037
18.957545 0.986895 0.000080
18.965797 0.986928 0.000199
18.968090 0.986938 0.000199
18.970153 0.986595 0.000222
18.972216 0.983488 0.000199
18.974279 0.978889 0.000222
18.976341 0.974194 0.000199
18.978404 0.971738 0.000222
18.980467 0.970517 0.000199
18.982531 0.969563 0.000222
18.984593 0.968763 0.000199
18.986657 0.968113 0.000222
18.988719 0.967641 0.000199
18.990782 0.967363 0.000222
18.992845 0.967193 0.000199
18.994908 0.967097 0.000222
18.996971 0.967035 0.000199
18.999034 0.966971 0.000222
19.001097 0.966804 0.000199
19.003160 0.966646 0.000222
19.005223 0.966576 0.000199
19.007286 0.966713 0.000222
19.009349 0.967106 0.000199
19.011412 0.967685 0.000222
19.013475 0.968356 0.000199
19.015538 0.969027 0.000222
19.017601 0.969674 0.000199
19.019664 0.970526 0.000222
19.021727 0.971727 0.000199
19.023790 0.974373 0.000222
19.025853 0.979223 0.000199
19.027916 0.983900 0.000222
19.029979 0.986973 0.000199
19.032041 0.987231 0.000222
19.034105 0.987241 0.000199
19.068486 0.987422 0.000037
19.133815 0.987809 0.000037
19.199142 0.988258 0.000037
19.264470 0.988768 0.000037
19.329797 0.989338 0.000037
19.395432 0.989964 0.000038
19.460452 0.990636 0.000037
19.526008 0.991358 0.000037
19.591336 0.992116 0.000037
19.656663 0.992901 0.000037
19.721991 0.993704 0.000037
19.787318 0.994516 0.000037
19.852646 0.995330 0.000037
19.919119 0.996152 0.000039
19.957628 0.996621 0.000081
19.965651 0.996718 0.000199
19.967943 0.996746 0.000199
19.970005 0.996539 0.000222
19.972069 0.993524 0.000199
19.974131 0.988718 0.000222
19.976195 0.983703 0.000199
19.978257 0.981084 0.000222
19.980321 0.980134 0.000199
19.982384 0.979535 0.000222
19.984446 0.978954 0.000199
19.986510 0.978481 0.000222
19.988572 0.978123 0.000199
19.990635 0.977847 0.000222
19.992698 0.977624 0.000199
19.994762 0.977458 0.000222
19.996824 0.977347 0.000199
19.998887 0.977300 0.000222
20.000950 0.977320 0.000199
20.003014 0.977292 0.000222
20.005076 0.977274 0.000199
20.007139 0.977325 0.000222
20.009202 0.977533 0.000199
20.011265 0.977902 0.000222
20.013328 0.978396 0.000199
20.015391 0.979004 0.000222
20.017454 0.979720 0.000199
20.019517 0.980487 0.000222
20.021580 0.981586 0.000199
20.023643 0.984078 0.000222
20.025706 0.989010 0.000199
20.027769 0.993866 0.000222
20.029832 0.997108 0.000199
20.031895 0.997498 0.000222
20.033958 0.997521 0.000199
20.035333 0.997537 0.000445
20.068341 0.997893 0.000037
20.133897 0.998525 0.000037
20.199225 0.999048 0.000037
20.264552 0.999456 0.000037
20.329880 0.999741 0.000037
20.395207 0.999897 0.000037
20.460535 0.999917 0.000037
20.525862 0.999797 0.000037
20.591419 0.999528 0.000037
20.659253 0.999089 0.000039
