0.329763 0.993734 0.000037
0.395089 0.994997 0.000037
0.460645 0.996115 0.000037
0.525971 0.997075 0.000037
0.591298 0.997878 0.000037
0.656624 0.998523 0.000037
0.721786 0.999009 0.000037
0.787277 0.999341 0.000037
0.852604 0.999518 0.000037
0.918159 0.999546 0.000037
0.957813 0.999494 0.000081
0.965836 0.999477 0.000199
0.968128 0.999472 0.000199
0.970191 0.999082 0.000222
0.972254 0.995919 0.000199
0.974317 0.991325 0.000222
0.976380 0.986690 0.000199
0.978443 0.984269 0.000222
0.980506 0.982911 0.000199
0.982569 0.981853 0.000222
0.984632 0.981047 0.000199
0.986695 0.980505 0.000222
0.988758 0.980076 0.000199
0.990820 0.979741 0.000222
0.992884 0.979488 0.000199
0.994946 0.979341 0.000222
0.997009 0.979318 0.000199
0.999073 0.979361 0.000222
1.001135 0.979435 0.000199
1.003198 0.979490 0.000222
1.005261 0.979758 0.000199
1.007324 0.980160 0.000222
1.009387 0.980616 0.000199
1.011450 0.981015 0.000222
1.013513 0.981336 0.000199
1.015576 0.981722 0.000222
1.017639 0.982265 0.000199
1.019701 0.982990 0.000222
1.021765 0.984025 0.000199
1.023827 0.986607 0.000222
1.025891 0.991393 0.000199
1.027954 0.996092 0.000222
1.030016 0.999063 0.000199
1.032079 0.999262 0.000222
1.034142 0.999253 0.000199
1.068066 0.999090 0.000037
1.133622 0.998683 0.000037
1.198948 0.998165 0.000037
1.264275 0.997548 0.000037
1.329601 0.996842 0.000037
1.394928 0.996088 0.000037
1.460483 0.995324 0.000037
1.525810 0.994562 0.000037
1.591136 0.993803 0.000037
1.656463 0.993051 0.000037
1.721789 0.992312 0.000037
1.787116 0.991589 0.000037
1.854085 0.990873 0.000039
1.917998 0.990222 0.000037
1.957652 0.989836 0.000081
1.965675 0.989760 0.000199
1.967967 0.989739 0.000199
1.970030 0.989456 0.000222
1.972093 0.986440 0.000199
1.974156 0.981831 0.000222
1.976219 0.977008 0.000199
1.978282 0.974313 0.000222
1.980345 0.973021 0.000199
1.982407 0.972182 0.000222
1.984470 0.971569 0.000199
1.986533 0.971083 0.000222
1.988596 0.970690 0.000199
1.990660 0.970424 0.000222
1.992722 0.970234 0.000199
1.994785 0.970086 0.000222
1.996848 0.969927 0.000199
1.998911 0.969678 0.000222
2.000974 0.969446 0.000199
2.003037 0.969301 0.000222
2.005100 0.969357 0.000199
2.007163 0.969501 0.000222
2.009226 0.969711 0.000199
2.011289 0.969996 0.000222
2.013352 0.970382 0.000199
2.015414 0.970944 0.000222
2.017478 0.971693 0.000199
2.019540 0.972649 0.000222
2.021603 0.974013 0.000199
2.023667 0.976585 0.000222
2.025729 0.981308 0.000199
2.027792 0.985836 0.000222
2.029855 0.988840 0.000199
2.031918 0.989159 0.000222
2.033981 0.989141 0.000199
2.035356 0.989130 0.000445
2.068364 0.988851 0.000037
2.133919 0.988339 0.000037
2.199246 0.987888 0.000037
2.264572 0.987500 0.000037
2.329899 0.987165 0.000037
2.395225 0.986884 0.000037
2.460781 0.986659 0.000037
2.526107 0.986492 0.000037
2.591434 0.986382 0.000037
2.656760 0.986330 0.000037
2.722087 0.986340 0.000037
2.787414 0.986417 0.000037
2.852740 0.986561 0.000037
2.918296 0.986771 0.000037
2.957950 0.986930 0.000081
2.965973 0.986965 0.000199
2.968265 0.986975 0.000199
2.970328 0.986469 0.000222
2.972391 0.983231 0.000199
2.974454 0.978632 0.000222
2.976517 0.973690 0.000199
2.978579 0.970932 0.000222
2.980643 0.969215 0.000199
2.982705 0.968486 0.000222
2.984768 0.968322 0.000199
2.986832 0.968310 0.000222
2.988894 0.968149 0.000199
2.990957 0.967797 0.000222
2.993020 0.967472 0.000199
2.995083 0.967214 0.000222
2.997146 0.967063 0.000199
2.999209 0.967039 0.000222
3.001272 0.967140 0.000199
3.003335 0.967313 0.000222
3.005398 0.967527 0.000199
3.007461 0.967732 0.000222
3.009524 0.968029 0.000199
3.011586 0.968429 0.000222
3.013650 0.968920 0.000199
3.015713 0.969478 0.000222
3.017775 0.970036 0.000199
3.019839 0.970790 0.000222
3.021901 0.971946 0.000199
3.023964 0.974832 0.000222
3.026027 0.979735 0.000199
3.028090 0.984324 0.000222
3.030153 0.987153 0.000199
3.032216 0.987290 0.000222
3.034279 0.987301 0.000199
3.068203 0.987492 0.000037
3.133759 0.987908 0.000037
3.199085 0.988381 0.000037
3.264412 0.988908 0.000037
3.329738 0.989486 0.000037
3.395065 0.990110 0.000037
3.460621 0.990778 0.000037
3.525947 0.991479 0.000037
3.591274 0.992210 0.000037
3.656600 0.992966 0.000037
3.721927 0.993742 0.000037
3.787253 0.994531 0.000037
3.853573 0.995339 0.000039
3.918136 0.996125 0.000037
3.957790 0.996604 0.000081
3.965813 0.996701 0.000199
3.968105 0.996728 0.000199
3.970168 0.996385 0.000222
3.972231 0.993261 0.000199
3.974294 0.988674 0.000222
3.976357 0.984024 0.000199
3.978420 0.981641 0.000222
3.980483 0.980453 0.000199
3.982546 0.979599 0.000222
3.984608 0.979032 0.000199
3.986671 0.978665 0.000222
3.988734 0.978408 0.000199
3.990798 0.978185 0.000222
3.992860 0.977708 0.000199
3.994923 0.976906 0.000222
3.996986 0.976118 0.000199
3.999049 0.975602 0.000222
4.001112 0.975642 0.000199
4.003175 0.976148 0.000222
4.005238 0.976865 0.000199
4.007301 0.977589 0.000222
4.009364 0.978039 0.000199
4.011427 0.978326 0.000222
4.013490 0.978663 0.000199
4.015553 0.979118 0.000222
4.017616 0.979790 0.000199
4.019678 0.980789 0.000222
4.021741 0.982151 0.000199
4.023805 0.984913 0.000222
4.025867 0.989701 0.000199
4.027930 0.994274 0.000222
4.029993 0.997230 0.000199
4.032056 0.997481 0.000222
4.034119 0.997504 0.000199
4.068043 0.997873 0.000037
4.133599 0.998511 0.000037
4.198925 0.999042 0.000037
4.264252 0.999458 0.000037
4.329579 0.999749 0.000037
4.394905 0.999909 0.000037
4.460461 0.999931 0.000037
4.525788 0.999808 0.000037
4.591114 0.999534 0.000037
4.656441 0.999106 0.000037
4.721767 0.998523 0.000037
4.787094 0.997783 0.000037
4.852421 0.996888 0.000037
4.917977 0.995835 0.000037
4.957631 0.995125 0.000081
4.965654 0.994975 0.000199
4.967946 0.994932 0.000199
4.970009 0.994668 0.000222
4.972072 0.991761 0.000199
4.974134 0.987219 0.000222
4.976197 0.982446 0.000199
4.978260 0.979684 0.000222
4.980323 0.978286 0.000199
4.982387 0.977260 0.000222
4.984449 0.976468 0.000199
4.986512 0.975941 0.000222
4.988575 0.975574 0.000199
4.990638 0.975303 0.000222
4.992701 0.975069 0.000199
4.994764 0.974856 0.000222
4.996827 0.974694 0.000199
4.998890 0.974587 0.000222
5.000953 0.974536 0.000199
5.003016 0.974546 0.000222
5.005079 0.974687 0.000199
5.007142 0.974934 0.000222
5.009205 0.975246 0.000199
5.011268 0.975567 0.000222
5.013330 0.975604 0.000199
5.015394 0.975464 0.000222
5.017456 0.975495 0.000199
5.019519 0.976176 0.000222
5.021582 0.977818 0.000199
5.023645 0.980677 0.000222
5.025708 0.985647 0.000199
5.027771 0.990230 0.000222
5.029834 0.993328 0.000199
5.031897 0.993652 0.000222
5.033960 0.993609 0.000199
5.035335 0.993580 0.000445
5.068342 0.992863 0.000037
5.133898 0.991338 0.000037
5.199225 0.989689 0.000037
5.264551 0.987919 0.000037
5.329878 0.986038 0.000037
5.395205 0.984086 0.000037
5.460761 0.982106 0.000037
5.526087 0.980131 0.000037
5.591414 0.978173 0.000037
5.656740 0.976250 0.000037
5.722067 0.974378 0.000037
5.787394 0.972574 0.000037
5.853064 0.970847 0.000039
5.918276 0.969230 0.000037
5.957931 0.968299 0.000081
5.965953 0.968115 0.000199
5.968245 0.968063 0.000199
5.970308 0.967512 0.000222
5.972371 0.964064 0.000199
5.974435 0.959308 0.000222
5.976497 0.954760 0.000199
5.978561 0.952709 0.000222
5.980623 0.951708 0.000199
5.982686 0.950853 0.000222
5.984749 0.950195 0.000199
5.986812 0.949671 0.000222
5.988875 0.949141 0.000199
5.990938 0.948637 0.000222
5.993001 0.948208 0.000199
5.995064 0.947926 0.000222
5.997127 0.947754 0.000199
5.999190 0.947568 0.000222
6.001253 0.947423 0.000199
6.003316 0.947353 0.000222
6.005379 0.947417 0.000199
6.007441 0.947608 0.000222
6.009504 0.947899 0.000199
6.011567 0.948264 0.000222
6.013630 0.948675 0.000199
6.015693 0.949158 0.000222
6.017756 0.949793 0.000199
6.019819 0.950658 0.000222
6.021882 0.951955 0.000199
6.023945 0.954756 0.000222
6.026008 0.959477 0.000199
6.028071 0.963859 0.000222
6.030134 0.966565 0.000199
6.032197 0.966668 0.000222
6.034260 0.966625 0.000199
6.068184 0.965934 0.000037
6.133740 0.964695 0.000037
6.199066 0.963592 0.000037
6.264393 0.962622 0.000037
6.329720 0.961780 0.000037
6.395046 0.961071 0.000037
6.460602 0.960498 0.000037
6.525929 0.960067 0.000037
6.591256 0.959781 0.000037
6.656582 0.959641 0.000037
6.721909 0.959651 0.000037
6.787236 0.959817 0.000037
6.852562 0.960140 0.000037
6.918118 0.960619 0.000037
6.957773 0.960983 0.000081
6.965795 0.961063 0.000199
6.968088 0.961087 0.000199
6.970150 0.960757 0.000222
6.972214 0.957726 0.000199
6.974277 0.953262 0.000222
6.976339 0.948655 0.000199
6.978402 0.946211 0.000222
6.980465 0.944942 0.000199
6.982528 0.943899 0.000222
6.984591 0.942979 0.000199
6.986654 0.942207 0.000222
6.988717 0.941673 0.000199
6.990780 0.941571 0.000222
6.992843 0.941753 0.000199
6.994906 0.942018 0.000222
6.996969 0.942185 0.000199
6.999032 0.942160 0.000222
7.001095 0.942207 0.000199
7.003158 0.942313 0.000222
7.005221 0.942470 0.000199
7.007284 0.942666 0.000222
7.009347 0.942839 0.000199
7.011410 0.943015 0.000222
7.013472 0.943288 0.000199
7.015535 0.943741 0.000222
7.017598 0.944375 0.000199
7.019661 0.945206 0.000222
7.021724 0.946420 0.000199
7.023787 0.949106 0.000222
7.025850 0.953932 0.000199
7.027913 0.958553 0.000222
7.029976 0.961544 0.000199
7.032039 0.961813 0.000222
7.034102 0.961839 0.000199
7.068026 0.962283 0.000037
7.133582 0.963249 0.000037
7.198909 0.964349 0.000037
7.264235 0.965580 0.000037
7.329562 0.966934 0.000037
7.394889 0.968403 0.000037
7.460445 0.969983 0.000037
7.525772 0.971651 0.000037
7.591098 0.973402 0.000037
7.656425 0.975223 0.000037
7.721752 0.977101 0.000037
7.787079 0.979021 0.000037
