3.525947 0.991486 0.000037
3.591274 0.992210 0.000037
3.656600 0.992960 0.000037
3.721927 0.993732 0.000037
3.787253 0.994518 0.000037
3.853573 0.995325 0.000039
3.918136 0.996113 0.000037
3.957790 0.996595 0.000081
3.965813 0.996692 0.000199
3.968105 0.996720 0.000199
3.970168 0.996376 0.000222
3.972231 0.993236 0.000199
3.974294 0.988610 0.000222
3.976357 0.983960 0.000199
3.978420 0.981764 0.000222
3.980483 0.980837 0.000199
3.982546 0.980214 0.000222
3.984608 0.979444 0.000199
3.986671 0.978673 0.000222
3.988734 0.978013 0.000199
3.990798 0.977590 0.000222
3.992860 0.977306 0.000199
3.994923 0.976988 0.000222
3.996986 0.976717 0.000199
3.999049 0.976560 0.000222
4.001112 0.976591 0.000199
4.003175 0.976790 0.000222
4.005238 0.977090 0.000199
4.007301 0.977435 0.000222
4.009364 0.977755 0.000199
4.011427 0.978053 0.000222
4.013490 0.978409 0.000199
4.015553 0.978883 0.000222
4.017616 0.979569 0.000199
4.019678 0.980575 0.000222
4.021741 0.981943 0.000199
4.023805 0.984706 0.000222
4.025867 0.989552 0.000199
4.027930 0.994195 0.000222
4.029993 0.997221 0.000199
4.032056 0.997479 0.000222
4.034119 0.997503 0.000199
4.068043 0.997875 0.000037
4.133599 0.998521 0.000037
4.198925 0.999059 0.000037
4.264252 0.999481 0.000037
4.329579 0.999776 0.000037
4.394905 0.999937 0.000037
4.460461 0.999955 0.000037
4.525788 0.999825 0.000037
4.591114 0.999544 0.000037
4.656441 0.999109 0.000037
4.721767 0.998518 0.000037
4.787094 0.997771 0.000037
4.852421 0.996871 0.000037
4.917977 0.995815 0.000037
4.957631 0.995104 0.000081
4.965654 0.994954 0.000199
4.967946 0.994910 0.000199
4.970009 0.994638 0.000222
4.972072 0.991626 0.000199
4.974134 0.987036 0.000222
4.976197 0.982269 0.000199
4.978260 0.979591 0.000222
4.980323 0.978238 0.000199
4.982387 0.977208 0.000222
4.984449 0.976414 0.000199
4.986512 0.975861 0.000222
4.988575 0.975447 0.000199
4.990638 0.975129 0.000222
4.992701 0.974869 0.000199
4.994764 0.974723 0.000222
4.996827 0.974831 0.000199
4.998890 0.975035 0.000222
5.000953 0.975230 0.000199
5.003016 0.975267 0.000222
5.005079 0.975144 0.000199
5.007142 0.974956 0.000222
5.009205 0.974847 0.000199
5.011268 0.974966 0.000222
5.013330 0.975247 0.000199
5.015394 0.975565 0.000222
5.017456 0.976043 0.000199
5.019519 0.976849 0.000222
5.021582 0.978165 0.000199
5.023645 0.980713 0.000222
5.025708 0.985515 0.000199
5.027771 0.990158 0.000222
5.029834 0.993300 0.000199
5.031897 0.993629 0.000222
5.033960 0.993585 0.000199
5.035335 0.993556 0.000445
5.068342 0.992838 0.000037
5.133898 0.991311 0.000037
5.199225 0.989661 0.000037
5.264551 0.987890 0.000037
5.329878 0.986007 0.000037
5.395205 0.984056 0.000037
5.460761 0.982081 0.000037
5.526087 0.980116 0.000037
5.591414 0.978170 0.000037
5.656740 0.976260 0.000037
5.722067 0.974403 0.000037
5.787394 0.972613 0.000037
5.853064 0.970895 0.000039
5.918276 0.969279 0.000037
5.957931 0.968346 0.000081
5.965953 0.968162 0.000199
5.968245 0.968109 0.000199
5.970308 0.967572 0.000222
5.972371 0.964218 0.000199
5.974435 0.959503 0.000222
5.976497 0.954874 0.000199
5.978561 0.952650 0.000222
5.980623 0.951435 0.000199
5.982686 0.950432 0.000222
5.984749 0.949626 0.000199
5.986812 0.949015 0.000222
5.988875 0.948613 0.000199
5.990938 0.948329 0.000222
5.993001 0.948119 0.000199
5.995064 0.947942 0.000222
5.997127 0.947769 0.000199
5.999190 0.947580 0.000222
6.001253 0.947432 0.000199
6.003316 0.947360 0.000222
6.005379 0.947423 0.000199
6.007441 0.947584 0.000222
6.009504 0.947830 0.000199
6.011567 0.948152 0.000222
6.013630 0.948550 0.000199
6.015693 0.949224 0.000222
6.017756 0.950119 0.000199
6.019819 0.951192 0.000222
6.021882 0.952315 0.000199
6.023945 0.954855 0.000222
6.026008 0.959417 0.000199
6.028071 0.963840 0.000222
6.030134 0.966610 0.000199
6.032197 0.966706 0.000222
6.034260 0.966662 0.000199
6.068184 0.965965 0.000037
6.133740 0.964712 0.000037
6.199066 0.963593 0.000037
6.264393 0.962608 0.000037
6.329720 0.961759 0.000037
6.395046 0.961049 0.000037
6.460602 0.960480 0.000037
6.525929 0.960059 0.000037
6.591256 0.959784 0.000037
6.656582 0.959658 0.000037
6.721909 0.959679 0.000037
6.787236 0.959850 0.000037
6.852562 0.960171 0.000037
6.918118 0.960644 0.000037
6.957773 0.961002 0.000081
6.965795 0.961081 0.000199
6.968088 0.961104 0.000199
6.970150 0.960768 0.000222
6.972214 0.957795 0.000199
6.974277 0.953465 0.000222
6.976339 0.949009 0.000199
6.978402 0.946677 0.000222
6.980465 0.945438 0.000199
6.982528 0.944417 0.000222
6.984591 0.943514 0.000199
6.986654 0.942753 0.000222
6.988717 0.942230 0.000199
6.990780 0.942004 0.000222
6.992843 0.941920 0.000199
6.994906 0.941910 0.000222
6.996969 0.941907 0.000199
6.999032 0.941867 0.000222
7.001095 0.941793 0.000199
7.003158 0.941747 0.000222
7.005221 0.941774 0.000199
7.007284 0.941941 0.000222
7.009347 0.942242 0.000199
7.011410 0.942647 0.000222
7.013472 0.943146 0.000199
7.015535 0.943724 0.000222
7.017598 0.944357 0.000199
7.019661 0.945187 0.000222
7.021724 0.946391 0.000199
7.023787 0.949065 0.000222
7.025850 0.953898 0.000199
7.027913 0.958534 0.000222
7.029976 0.961549 0.000199
7.032039 0.961818 0.000222
7.034102 0.961844 0.000199
7.068026 0.962281 0.000037
7.133582 0.963233 0.000037
7.198909 0.964323 0.000037
7.264235 0.965548 0.000037
7.329562 0.966899 0.000037
7.394889 0.968368 0.000037
7.460445 0.969950 0.000037
7.525772 0.971622 0.000037
7.591098 0.973378 0.000037
7.656425 0.975205 0.000037
7.721752 0.977088 0.000037
7.787079 0.979012 0.000037
7.852061 0.980952 0.000039
7.917961 0.982928 0.000037
7.957616 0.984114 0.000081
7.965638 0.984354 0.000199
7.967930 0.984422 0.000199
7.969993 0.984256 0.000222
7.972056 0.981294 0.000199
7.974120 0.976667 0.000222
7.976182 0.971834 0.000199
7.978245 0.969173 0.000222
7.980308 0.967981 0.000199
7.982371 0.967150 0.000222
7.984434 0.966802 0.000199
7.986497 0.966840 0.000222
7.988560 0.967003 0.000199
7.990623 0.967039 0.000222
7.992686 0.966827 0.000199
7.994749 0.966596 0.000222
7.996812 0.966406 0.000199
7.998875 0.966308 0.000222
8.000938 0.966359 0.000199
8.003000 0.966260 0.000222
8.005064 0.966122 0.000199
8.007127 0.966061 0.000222
8.009189 0.966240 0.000199
8.011253 0.966670 0.000222
8.013315 0.967256 0.000199
8.015379 0.967955 0.000222
8.017441 0.968742 0.000199
8.019504 0.969585 0.000222
8.021567 0.970752 0.000199
8.023630 0.973179 0.000222
8.025693 0.977947 0.000199
8.027756 0.982662 0.000222
8.029819 0.985874 0.000199
8.031882 0.986308 0.000222
8.033945 0.986367 0.000199
8.035320 0.986407 0.000445
8.068327 0.987344 0.000037
8.133883 0.989123 0.000037
8.199210 0.990778 0.000037
8.264537 0.992308 0.000037
8.329864 0.993703 0.000037
8.395190 0.994958 0.000037
8.460746 0.996072 0.000037
8.526073 0.997031 0.000037
8.591400 0.997838 0.000037
8.656727 0.998489 0.000037
8.722054 0.998986 0.000037
8.787380 0.999328 0.000037
8.852707 0.999518 0.000037
8.918263 0.999560 0.000037
8.957918 0.999514 0.000081
8.965940 0.999499 0.000199
8.968233 0.999494 0.000199
8.970295 0.998999 0.000222
8.972358 0.995674 0.000199
8.974422 0.990919 0.000222
8.976484 0.986182 0.000199
8.978547 0.983824 0.000222
8.980610 0.982552 0.000199
8.982673 0.981610 0.000222
8.984736 0.980892 0.000199
8.986799 0.980358 0.000222
8.988862 0.979935 0.000199
8.990925 0.979606 0.000222
8.992988 0.979358 0.000199
8.995051 0.979197 0.000222
8.997114 0.979120 0.000199
8.999177 0.979103 0.000222
9.001240 0.979132 0.000199
9.003303 0.979195 0.000222
9.005366 0.979690 0.000199
9.007428 0.980399 0.000222
9.009492 0.981135 0.000199
9.011554 0.981630 0.000222
9.013617 0.981935 0.000199
9.015681 0.982306 0.000222
9.017743 0.982833 0.000199
9.019806 0.983537 0.000222
9.021869 0.984558 0.000199
9.023932 0.987163 0.000222
9.025995 0.991840 0.000199
9.028058 0.996365 0.000222
9.030121 0.999160 0.000199
9.032184 0.999292 0.000222
9.034247 0.999284 0.000199
9.068171 0.999123 0.000037
9.133727 0.998719 0.000037
9.199054 0.998202 0.000037
9.264381 0.997580 0.000037
9.329708 0.996867 0.000037
9.395034 0.996104 0.000037
9.460590 0.995335 0.000037
9.525917 0.994569 0.000037
9.591244 0.993809 0.000037
9.656571 0.993062 0.000037
9.721898 0.992332 0.000037
9.787225 0.991624 0.000037
9.851558 0.990951 0.000039
9.918108 0.990285 0.000037
9.957762 0.989906 0.000081
9.965785 0.989831 0.000199
9.968077 0.989809 0.000199
9.970140 0.989442 0.000222
9.972203 0.986272 0.000199
9.974266 0.981554 0.000222
9.976329 0.976700 0.000199
9.978392 0.974104 0.000222
9.980455 0.972830 0.000199
9.982518 0.971990 0.000222
9.984581 0.971370 0.000199
9.986643 0.970876 0.000222
9.988706 0.970430 0.000199
9.990769 0.970065 0.000222
9.992832 0.969774 0.000199
9.994895 0.969569 0.000222
9.996958 0.969427 0.000199
9.999021 0.969297 0.000222
10.001084 0.969211 0.000199
10.003147 0.969191 0.000222
10.005210 0.969279 0.000199
10.007273 0.969430 0.000222
10.009336 0.969649 0.000199
10.011399 0.969946 0.000222
10.013462 0.970344 0.000199
10.015525 0.970887 0.000222
10.017588 0.971599 0.000199
10.019651 0.972539 0.000222
10.021714 0.974074 0.000199
10.023777 0.976966 0.000222
10.025840 0.981803 0.000199
10.027902 0.986217 0.000222
10.029965 0.989012 0.000199
10.032028 0.989235 0.000222
10.034091 0.989217 0.000199
10.068016 0.988930 0.000037
10.133572 0.988413 0.000037
10.198898 0.987949 0.000037
10.264225 0.987541 0.000037
10.329552 0.987186 0.000037
10.394879 0.986889 0.000037
10.460435 0.986652 0.000037
10.525762 0.986477 0.000037
10.591089 0.986367 0.000037
10.656416 0.986323 0.000037
10.721743 0.986347 0.000037
10.787070 0.986439 0.000037
10.852397 0.986597 0.000037
10.917953 0.986819 0.000037
10.957607 0.986983 0.000081
10.965630 0.987019 0.000199
10.967922 0.987030 0.000199
10.969985 0.986833 0.000222
10.972048 0.983931 0.000199
10.974111 0.979361 0.000222
10.976174 0.974462 0.000199
10.978237 0.971569 0.000222
10.980300 0.970160 0.000199
10.982363 0.969253 0.000222
10.984426 0.968702 0.000199
10.986488 0.968315 0.000222
10.988552 0.967990 0.000199
10.990614 0.967641 0.000222
10.992678 0.967316 0.000199
10.994740 0.967056 0.000222
10.996803 0.966887 0.000199
10.998867 0.966844 0.000222
11.000929 0.966922 0.000199
11.002992 0.967078 0.000222
11.005055 0.967282 0.000199
11.007118 0.967488 0.000222
11.009181 0.967722 0.000199
11.011244 0.968015 0.000222
11.013307 0.968403 0.000199
11.015370 0.968916 0.000222
11.017433 0.969565 0.000199
11.019496 0.970409 0.000222
11.021559 0.971603 0.000199
11.023622 0.974066 0.000222
11.025685 0.978901 0.000199
