0.852604 0.999541 0.000037
0.918159 0.999587 0.000037
0.957813 0.999544 0.000081
0.965836 0.999528 0.000199
0.968128 0.999524 0.000199
0.970191 0.999134 0.000222
0.972254 0.995959 0.000199
0.974317 0.991241 0.000222
0.976380 0.986434 0.000199
0.978443 0.983943 0.000222
0.980506 0.982761 0.000199
0.982569 0.981952 0.000222
0.984632 0.981333 0.000199
0.986695 0.980675 0.000222
0.988758 0.980043 0.000199
0.990820 0.979508 0.000222
0.992884 0.979157 0.000199
0.994946 0.979134 0.000222
0.997009 0.979508 0.000199
0.999073 0.979994 0.000222
1.001135 0.980401 0.000199
1.003198 0.980476 0.000222
1.005261 0.980367 0.000199
1.007324 0.980215 0.000222
1.009387 0.980151 0.000199
1.011450 0.980336 0.000222
1.013513 0.980770 0.000199
1.015576 0.981338 0.000222
1.017639 0.982058 0.000199
1.019701 0.982913 0.000222
1.021765 0.984032 0.000199
1.023827 0.986655 0.000222
1.025891 0.991461 0.000199
1.027954 0.996137 0.000222
1.030016 0.999119 0.000199
1.032079 0.999324 0.000222
1.034142 0.999316 0.000199
1.068066 0.999156 0.000037
1.133622 0.998752 0.000037
1.198948 0.998232 0.000037
1.264275 0.997606 0.000037
1.329601 0.996887 0.000037
1.394928 0.996115 0.000037
1.460483 0.995333 0.000037
1.525810 0.994555 0.000037
1.591136 0.993782 0.000037
1.656463 0.993022 0.000037
1.721789 0.992280 0.000037
1.787116 0.991562 0.000037
1.854085 0.990855 0.000039
1.917998 0.990211 0.000037
1.957652 0.989829 0.000081
1.965675 0.989753 0.000199
1.967967 0.989732 0.000199
1.970030 0.989463 0.000222
1.972093 0.986455 0.000199
1.974156 0.981834 0.000222
1.976219 0.976990 0.000199
1.978282 0.974266 0.000222
1.980345 0.972979 0.000199
1.982407 0.972147 0.000222
1.984470 0.971542 0.000199
1.986533 0.971060 0.000222
1.988596 0.970563 0.000199
1.990660 0.970093 0.000222
1.992722 0.969696 0.000199
1.994785 0.969424 0.000222
1.996848 0.969304 0.000199
1.998911 0.969309 0.000222
2.000974 0.969385 0.000199
2.003037 0.969501 0.000222
2.005100 0.969608 0.000199
2.007163 0.969641 0.000222
2.009226 0.969646 0.000199
2.011289 0.969730 0.000222
2.013352 0.970009 0.000199
2.015414 0.970806 0.000222
2.017478 0.971929 0.000199
2.019540 0.973226 0.000222
2.021603 0.974459 0.000199
2.023667 0.976664 0.000222
2.025729 0.981160 0.000199
2.027792 0.985709 0.000222
2.029855 0.988828 0.000199
2.031918 0.989155 0.000222
2.033981 0.989137 0.000199
2.035356 0.989126 0.000445
2.068364 0.988846 0.000037
2.133919 0.988329 0.000037
2.199246 0.987866 0.000037
2.264572 0.987460 0.000037
2.329899 0.987114 0.000037
2.395225 0.986830 0.000037
2.460781 0.986610 0.000037
2.526107 0.986457 0.000037
2.591434 0.986370 0.000037
2.656760 0.986352 0.000037
2.722087 0.986397 0.000037
2.787414 0.986499 0.000037
2.852740 0.986655 0.000037
2.918296 0.986867 0.000037
2.957950 0.987021 0.000081
2.965973 0.987054 0.000199
2.968265 0.987064 0.000199
2.970328 0.986576 0.000222
2.972391 0.983293 0.000199
2.974454 0.978612 0.000222
2.976517 0.973941 0.000199
2.978579 0.971644 0.000222
2.980643 0.970444 0.000199
2.982705 0.969608 0.000222
2.984768 0.968995 0.000199
2.986832 0.968531 0.000222
2.988894 0.968161 0.000199
2.990957 0.967813 0.000222
2.993020 0.967496 0.000199
2.995083 0.967245 0.000222
2.997146 0.967098 0.000199
2.999209 0.967074 0.000222
3.001272 0.967183 0.000199
3.003335 0.967365 0.000222
3.005398 0.967587 0.000199
3.007461 0.967792 0.000222
3.009524 0.967967 0.000199
3.011586 0.968171 0.000222
3.013650 0.968476 0.000199
3.015713 0.968977 0.000222
3.017775 0.969755 0.000199
3.019839 0.970776 0.000222
3.021901 0.972100 0.000199
3.023964 0.974939 0.000222
3.026027 0.979772 0.000199
3.028090 0.984344 0.000222
3.030153 0.987223 0.000199
3.032216 0.987360 0.000222
3.034279 0.987370 0.000199
3.068203 0.987547 0.000037
3.133759 0.987926 0.000037
3.199085 0.988365 0.000037
3.264412 0.988866 0.000037
3.329738 0.989425 0.000037
3.395065 0.990039 0.000037
3.460621 0.990705 0.000037
3.525947 0.991415 0.000037
3.591274 0.992162 0.000037
3.656600 0.992935 0.000037
3.721927 0.993724 0.000037
3.787253 0.994523 0.000037
3.853573 0.995337 0.000039
3.918136 0.996124 0.000037
3.957790 0.996602 0.000081
3.965813 0.996698 0.000199
3.968105 0.996725 0.000199
3.970168 0.996389 0.000222
3.972231 0.993231 0.000199
3.974294 0.988446 0.000222
3.976357 0.983623 0.000199
3.978420 0.981394 0.000222
3.980483 0.980628 0.000199
3.982546 0.980156 0.000222
3.984608 0.979440 0.000199
3.986671 0.978718 0.000222
3.988734 0.978107 0.000199
3.990798 0.977708 0.000222
3.992860 0.977482 0.000199
3.994923 0.977306 0.000222
3.996986 0.977186 0.000199
3.999049 0.977133 0.000222
4.001112 0.977161 0.000199
4.003175 0.977270 0.000222
4.005238 0.977448 0.000199
4.007301 0.977681 0.000222
4.009364 0.977960 0.000199
4.011427 0.978252 0.000222
4.013490 0.978599 0.000199
4.015553 0.979064 0.000222
4.017616 0.979743 0.000199
4.019678 0.980750 0.000222
4.021741 0.982114 0.000199
4.023805 0.984824 0.000222
4.025867 0.989605 0.000199
4.027930 0.994196 0.000222
4.029993 0.997213 0.000199
4.032056 0.997472 0.000222
4.034119 0.997495 0.000199
4.068043 0.997861 0.000037
4.133599 0.998496 0.000037
4.198925 0.999025 0.000037
4.264252 0.999442 0.000037
4.329579 0.999736 0.000037
4.394905 0.999901 0.000037
4.460461 0.999929 0.000037
4.525788 0.999809 0.000037
4.591114 0.999538 0.000037
4.656441 0.999111 0.000037
4.721767 0.998527 0.000037
4.787094 0.997786 0.000037
4.852421 0.996889 0.000037
4.917977 0.995836 0.000037
4.957631 0.995126 0.000081
4.965654 0.994975 0.000199
4.967946 0.994932 0.000199
4.970009 0.994660 0.000222
4.972072 0.991642 0.000199
4.974134 0.986914 0.000222
4.976197 0.981940 0.000199
4.978260 0.979157 0.000222
4.980323 0.978019 0.000199
4.982387 0.977319 0.000222
4.984449 0.976788 0.000199
4.986512 0.976061 0.000222
4.988575 0.975288 0.000199
4.990638 0.974604 0.000222
4.992701 0.974137 0.000199
4.994764 0.974038 0.000222
4.996827 0.974355 0.000199
4.998890 0.974801 0.000222
5.000953 0.975189 0.000199
5.003016 0.975249 0.000222
5.005079 0.975156 0.000199
5.007142 0.975020 0.000222
5.009205 0.974960 0.000199
5.011268 0.975103 0.000222
5.013330 0.975448 0.000199
5.015394 0.975892 0.000222
5.017456 0.976489 0.000199
5.019519 0.977319 0.000222
5.021582 0.978523 0.000199
5.023645 0.980944 0.000222
5.025708 0.985627 0.000199
5.027771 0.990218 0.000222
5.029834 0.993327 0.000199
5.031897 0.993652 0.000222
5.033960 0.993609 0.000199
5.035335 0.993580 0.000445
5.068342 0.992863 0.000037
5.133898 0.991338 0.000037
5.199225 0.989690 0.000037
5.264551 0.987922 0.000037
5.329878 0.986043 0.000037
5.395205 0.984096 0.000037
5.460761 0.982126 0.000037
5.526087 0.980164 0.000037
5.591414 0.978220 0.000037
5.656740 0.976310 0.000037
5.722067 0.974450 0.000037
5.787394 0.972654 0.000037
5.853064 0.970926 0.000039
5.918276 0.969298 0.000037
5.957931 0.968356 0.000081
5.965953 0.968170 0.000199
5.968245 0.968117 0.000199
5.970308 0.967564 0.000222
5.972371 0.964132 0.000199
5.974435 0.959332 0.000222
5.976497 0.954651 0.000199
5.978561 0.952437 0.000222
5.980623 0.951277 0.000199
5.982686 0.950337 0.000222
5.984749 0.949598 0.000199
5.986812 0.949024 0.000222
5.988875 0.948460 0.000199
5.990938 0.947915 0.000222
5.993001 0.947449 0.000199
5.995064 0.947146 0.000222
5.997127 0.947059 0.000199
5.999190 0.947221 0.000222
6.001253 0.947477 0.000199
6.003316 0.947724 0.000222
6.005379 0.947823 0.000199
6.007441 0.947738 0.000222
6.009504 0.947611 0.000199
6.011567 0.947581 0.000222
6.013630 0.947833 0.000199
6.015693 0.948672 0.000222
6.017756 0.949794 0.000199
6.019819 0.951075 0.000222
6.021882 0.952306 0.000199
6.023945 0.954882 0.000222
6.026008 0.959453 0.000199
6.028071 0.963859 0.000222
6.030134 0.966605 0.000199
6.032197 0.966697 0.000222
6.034260 0.966653 0.000199
6.068184 0.965946 0.000037
6.133740 0.964674 0.000037
6.199066 0.963535 0.000037
6.264393 0.962532 0.000037
6.329720 0.961671 0.000037
6.395046 0.960957 0.000037
6.460602 0.960392 0.000037
6.525929 0.959984 0.000037
6.591256 0.959732 0.000037
6.656582 0.959637 0.000037
6.721909 0.959695 0.000037
6.787236 0.959899 0.000037
6.852562 0.960247 0.000037
6.918118 0.960740 0.000037
6.957773 0.961106 0.000081
6.965795 0.961186 0.000199
6.968088 0.961210 0.000199
6.970150 0.960896 0.000222
6.972214 0.957809 0.000199
6.974277 0.953177 0.000222
6.976339 0.948466 0.000199
6.978402 0.946004 0.000222
6.980465 0.944842 0.000199
6.982528 0.943897 0.000222
6.984591 0.943069 0.000199
6.986654 0.942393 0.000222
6.988717 0.941910 0.000199
6.990780 0.941709 0.000222
6.992843 0.941684 0.000199
6.994906 0.941737 0.000222
6.996969 0.941772 0.000199
6.999032 0.941739 0.000222
7.001095 0.941732 0.000199
7.003158 0.941770 0.000222
7.005221 0.941871 0.000199
7.007284 0.942057 0.000222
7.009347 0.942224 0.000199
7.011410 0.942385 0.000222
7.013472 0.942646 0.000199
7.015535 0.943121 0.000222
7.017598 0.944029 0.000199
7.019661 0.945207 0.000222
7.021724 0.946629 0.000199
7.023787 0.949208 0.000222
7.025850 0.953923 0.000199
7.027913 0.958532 0.000222
7.029976 0.961651 0.000199
7.032039 0.961928 0.000222
7.034102 0.961954 0.000199
7.068026 0.962389 0.000037
7.133582 0.963330 0.000037
7.198909 0.964408 0.000037
7.264235 0.965622 0.000037
7.329562 0.966965 0.000037
7.394889 0.968428 0.000037
7.460445 0.970007 0.000037
7.525772 0.971678 0.000037
7.591098 0.973435 0.000037
7.656425 0.975256 0.000037
7.721752 0.977127 0.000037
7.787079 0.979033 0.000037
7.852061 0.980951 0.000039
7.917961 0.982902 0.000037
7.957616 0.984072 0.000081
7.965638 0.984308 0.000199
7.967930 0.984375 0.000199
7.969993 0.984214 0.000222
7.972056 0.981275 0.000199
7.974120 0.976605 0.000222
7.976182 0.971754 0.000199
7.978245 0.969346 0.000222
7.980308 0.968574 0.000199
7.982371 0.968130 0.000222
7.984434 0.967452 0.000199
7.986497 0.966708 0.000222
7.988560 0.966069 0.000199
7.990623 0.965652 0.000222
7.992686 0.965484 0.000199
7.994749 0.965418 0.000222
7.996812 0.965415 0.000199
7.998875 0.965457 0.000222
8.000938 0.965514 0.000199
8.003000 0.965493 0.000222
8.005064 0.965468 0.000199
8.007127 0.965514 0.000222
8.009189 0.965741 0.000199
8.011253 0.966206 0.000222
8.013315 0.966859 0.000199
8.015379 0.967628 0.000222
8.017441 0.968469 0.000199
8.019504 0.969375 0.000222
8.021567 0.970611 0.000199
8.023630 0.973018 0.000222
8.025693 0.977779 0.000199
8.027756 0.982505 0.000222
8.029819 0.985787 0.000199
8.031882 0.986235 0.000222
8.033945 0.986294 0.000199
8.035320 0.986333 0.000445
8.068327 0.987259 0.000037
8.133883 0.989024 0.000037
8.199210 0.990673 0.000037
8.264537 0.992204 0.000037
8.329864 0.993608 0.000037
