1.917998 0.990177 0.000037
1.957652 0.989801 0.000081
1.965675 0.989728 0.000199
1.967967 0.989707 0.000199
1.970030 0.989432 0.000222
1.972093 0.986412 0.000199
1.974156 0.981771 0.000222
1.976219 0.976889 0.000199
1.978282 0.974133 0.000222
1.980345 0.972846 0.000199
1.982407 0.972076 0.000222
1.984470 0.971541 0.000199
1.986533 0.971107 0.000222
1.988596 0.970612 0.000199
1.990660 0.970145 0.000222
1.992722 0.969749 0.000199
1.994785 0.969479 0.000222
1.996848 0.969371 0.000199
1.998911 0.969441 0.000222
2.000974 0.969596 0.000199
2.003037 0.969778 0.000222
2.005100 0.969898 0.000199
2.007163 0.969918 0.000222
2.009226 0.969901 0.000199
2.011289 0.969962 0.000222
2.013352 0.970225 0.000199
2.015414 0.970889 0.000222
2.017478 0.971799 0.000199
2.019540 0.972904 0.000222
2.021603 0.974341 0.000199
2.023667 0.976860 0.000222
2.025729 0.981476 0.000199
2.027792 0.985890 0.000222
2.029855 0.988822 0.000199
2.031918 0.989145 0.000222
2.033981 0.989128 0.000199
2.035356 0.989116 0.000445
2.068364 0.988846 0.000037
2.133919 0.988350 0.000037
2.199246 0.987911 0.000037
2.264572 0.987528 0.000037
2.329899 0.987194 0.000037
2.395225 0.986911 0.000037
2.460781 0.986681 0.000037
2.526107 0.986510 0.000037
2.591434 0.986398 0.000037
2.656760 0.986348 0.000037
2.722087 0.986363 0.000037
2.787414 0.986443 0.000037
2.852740 0.986587 0.000037
2.918296 0.986795 0.000037
2.957950 0.986951 0.000081
2.965973 0.986985 0.000199
2.968265 0.986995 0.000199
2.970328 0.986502 0.000222
2.972391 0.983223 0.000199
2.974454 0.978549 0.000222
2.976517 0.973773 0.000199
2.978579 0.971317 0.000222
2.980643 0.969950 0.000199
2.982705 0.969147 0.000222
2.984768 0.968677 0.000199
2.986832 0.968357 0.000222
2.988894 0.968053 0.000199
2.990957 0.967681 0.000222
2.993020 0.967322 0.000199
2.995083 0.967030 0.000222
2.997146 0.966861 0.000199
2.999209 0.966848 0.000222
3.001272 0.967025 0.000199
3.003335 0.967289 0.000222
3.005398 0.967581 0.000199
3.007461 0.967800 0.000222
3.009524 0.967975 0.000199
3.011586 0.968178 0.000222
3.013650 0.968483 0.000199
3.015713 0.968988 0.000222
3.017775 0.969815 0.000199
3.019839 0.970893 0.000222
3.021901 0.972253 0.000199
3.023964 0.975053 0.000222
3.026027 0.979811 0.000199
3.028090 0.984317 0.000222
3.030153 0.987165 0.000199
3.032216 0.987301 0.000222
3.034279 0.987312 0.000199
3.068203 0.987497 0.000037
3.133759 0.987897 0.000037
3.199085 0.988357 0.000037
3.264412 0.988875 0.000037
3.329738 0.989448 0.000037
3.395065 0.990072 0.000037
3.460621 0.990743 0.000037
3.525947 0.991452 0.000037
3.591274 0.992194 0.000037
3.656600 0.992959 0.000037
3.721927 0.993740 0.000037
3.787253 0.994532 0.000037
3.853573 0.995341 0.000039
3.918136 0.996125 0.000037
3.957790 0.996602 0.000081
3.965813 0.996699 0.000199
3.968105 0.996726 0.000199
3.970168 0.996383 0.000222
3.972231 0.993231 0.000199
3.974294 0.988548 0.000222
3.976357 0.983829 0.000199
3.978420 0.981577 0.000222
3.980483 0.980645 0.000199
3.982546 0.980021 0.000222
3.984608 0.979324 0.000199
3.986671 0.978676 0.000222
3.988734 0.978139 0.000199
3.990798 0.977777 0.000222
3.992860 0.977472 0.000199
3.994923 0.977099 0.000222
3.996986 0.976770 0.000199
3.999049 0.976572 0.000222
4.001112 0.976604 0.000199
4.003175 0.976841 0.000222
4.005238 0.977193 0.000199
4.007301 0.977584 0.000222
4.009364 0.977919 0.000199
4.011427 0.978191 0.000222
4.013490 0.978502 0.000199
4.015553 0.978931 0.000222
4.017616 0.979606 0.000199
4.019678 0.980675 0.000222
4.021741 0.982106 0.000199
4.023805 0.984864 0.000222
4.025867 0.989636 0.000199
4.027930 0.994210 0.000222
4.029993 0.997217 0.000199
4.032056 0.997475 0.000222
4.034119 0.997498 0.000199
4.068043 0.997865 0.000037
4.133599 0.998503 0.000037
4.198925 0.999036 0.000037
4.264252 0.999455 0.000037
4.329579 0.999750 0.000037
4.394905 0.999915 0.000037
4.460461 0.999942 0.000037
4.525788 0.999820 0.000037
4.591114 0.999547 0.000037
4.656441 0.999117 0.000037
4.721767 0.998530 0.000037
4.787094 0.997786 0.000037
4.852421 0.996887 0.000037
4.917977 0.995830 0.000037
4.957631 0.995119 0.000081
4.965654 0.994969 0.000199
4.967946 0.994925 0.000199
4.970009 0.994652 0.000222
4.972072 0.991618 0.000199
4.974134 0.986901 0.000222
4.976197 0.981956 0.000199
4.978260 0.979177 0.000222
4.980323 0.977947 0.000199
4.982387 0.977121 0.000222
4.984449 0.976491 0.000199
4.986512 0.975891 0.000222
4.988575 0.975370 0.000199
4.990638 0.974943 0.000222
4.992701 0.974620 0.000199
4.994764 0.974476 0.000222
4.996827 0.974596 0.000199
4.998890 0.974815 0.000222
5.000953 0.975022 0.000199
5.003016 0.975061 0.000222
5.005079 0.975018 0.000199
5.007142 0.974963 0.000222
5.009205 0.974982 0.000199
5.011268 0.975163 0.000222
5.013330 0.975413 0.000199
5.015394 0.975677 0.000222
5.017456 0.976100 0.000199
5.019519 0.976888 0.000222
5.021582 0.978237 0.000199
5.023645 0.980802 0.000222
5.025708 0.985592 0.000199
5.027771 0.990197 0.000222
5.029834 0.993317 0.000199
5.031897 0.993646 0.000222
5.033960 0.993602 0.000199
5.035335 0.993573 0.000445
5.068342 0.992857 0.000037
5.133898 0.991333 0.000037
5.199225 0.989687 0.000037
5.264551 0.987922 0.000037
5.329878 0.986047 0.000037
5.395205 0.984101 0.000037
5.460761 0.982129 0.000037
5.526087 0.980163 0.000037
5.591414 0.978211 0.000037
5.656740 0.976291 0.000037
5.722067 0.974418 0.000037
5.787394 0.972608 0.000037
5.853064 0.970868 0.000039
5.918276 0.969235 0.000037
5.957931 0.968293 0.000081
5.965953 0.968108 0.000199
5.968245 0.968055 0.000199
5.970308 0.967502 0.000222
5.972371 0.964128 0.000199
5.974435 0.959364 0.000222
5.976497 0.954651 0.000199
5.978561 0.952350 0.000222
5.980623 0.951111 0.000199
5.982686 0.950170 0.000222
5.984749 0.949431 0.000199
5.986812 0.948856 0.000222
5.988875 0.948333 0.000199
5.990938 0.947857 0.000222
5.993001 0.947457 0.000199
5.995064 0.947187 0.000222
5.997127 0.947069 0.000199
5.999190 0.947106 0.000222
6.001253 0.947219 0.000199
6.003316 0.947354 0.000222
6.005379 0.947441 0.000199
6.007441 0.947530 0.000222
6.009504 0.947665 0.000199
6.011567 0.947884 0.000222
6.013630 0.948238 0.000199
6.015693 0.948928 0.000222
6.017756 0.949846 0.000199
6.019819 0.950948 0.000222
6.021882 0.952158 0.000199
6.023945 0.954783 0.000222
6.026008 0.959393 0.000199
6.028071 0.963802 0.000222
6.030134 0.966547 0.000199
6.032197 0.966643 0.000222
6.034260 0.966599 0.000199
6.068184 0.965900 0.000037
6.133740 0.964648 0.000037
6.199066 0.963539 0.000037
6.264393 0.962571 0.000037
6.329720 0.961739 0.000037
6.395046 0.961047 0.000037
6.460602 0.960496 0.000037
6.525929 0.960091 0.000037
6.591256 0.959831 0.000037
6.656582 0.959716 0.000037
6.721909 0.959746 0.000037
6.787236 0.959924 0.000037
6.852562 0.960249 0.000037
6.918118 0.960722 0.000037
6.957773 0.961079 0.000081
6.965795 0.961157 0.000199
6.968088 0.961180 0.000199
6.970150 0.960857 0.000222
6.972214 0.957906 0.000199
6.974277 0.953562 0.000222
6.976339 0.948866 0.000199
6.978402 0.946172 0.000222
6.980465 0.944616 0.000199
6.982528 0.943641 0.000222
6.984591 0.943045 0.000199
6.986654 0.942606 0.000222
6.988717 0.942252 0.000199
6.990780 0.941976 0.000222
6.992843 0.941791 0.000199
6.994906 0.941677 0.000222
6.996969 0.941610 0.000199
6.999032 0.941576 0.000222
7.001095 0.941572 0.000199
7.003158 0.941615 0.000222
7.005221 0.941720 0.000199
7.007284 0.941907 0.000222
7.009347 0.942111 0.000199
7.011410 0.942339 0.000222
7.013472 0.942665 0.000199
7.015535 0.943170 0.000222
7.017598 0.943986 0.000199
7.019661 0.945049 0.000222
7.021724 0.946432 0.000199
7.023787 0.949119 0.000222
7.025850 0.953926 0.000199
7.027913 0.958564 0.000222
7.029976 0.961616 0.000199
7.032039 0.961888 0.000222
7.034102 0.961913 0.000199
7.068026 0.962345 0.000037
7.133582 0.963284 0.000037
7.198909 0.964359 0.000037
7.264235 0.965570 0.000037
7.329562 0.966910 0.000037
7.394889 0.968369 0.000037
7.460445 0.969944 0.000037
7.525772 0.971614 0.000037
7.591098 0.973371 0.000037
7.656425 0.975197 0.000037
7.721752 0.977078 0.000037
7.787079 0.978999 0.000037
7.852061 0.980934 0.000039
7.917961 0.982904 0.000037
7.957616 0.984086 0.000081
7.965638 0.984324 0.000199
7.967930 0.984393 0.000199
7.969993 0.984235 0.000222
7.972056 0.981340 0.000199
7.974120 0.976728 0.000222
7.976182 0.971909 0.000199
7.978245 0.969355 0.000222
7.980308 0.968377 0.000199
7.982371 0.967746 0.000222
7.984434 0.967323 0.000199
7.986497 0.967129 0.000222
7.988560 0.967052 0.000199
7.990623 0.966953 0.000222
7.992686 0.966621 0.000199
7.994749 0.966041 0.000222
7.996812 0.965469 0.000199
7.998875 0.965089 0.000222
8.000938 0.965128 0.000199
8.003000 0.965290 0.000222
8.005064 0.965531 0.000199
8.007127 0.965826 0.000222
8.009189 0.966153 0.000199
8.011253 0.966539 0.000222
8.013315 0.967035 0.000199
8.015379 0.967644 0.000222
8.017441 0.968390 0.000199
8.019504 0.969305 0.000222
8.021567 0.970553 0.000199
8.023630 0.972999 0.000222
8.025693 0.977793 0.000199
8.027756 0.982543 0.000222
8.029819 0.985824 0.000199
8.031882 0.986271 0.000222
8.033945 0.986331 0.000199
8.035320 0.986370 0.000445
8.068327 0.987305 0.000037
8.133883 0.989084 0.000037
8.199210 0.990743 0.000037
8.264537 0.992280 0.000037
8.329864 0.993686 0.000037
8.395190 0.994956 0.000037
8.460746 0.996085 0.000037
8.526073 0.997059 0.000037
8.591400 0.997877 0.000037
8.656727 0.998536 0.000037
8.722054 0.999036 0.000037
8.787380 0.999378 0.000037
8.852707 0.999564 0.000037
8.918263 0.999597 0.000037
8.957918 0.999547 0.000081
8.965940 0.999530 0.000199
8.968233 0.999525 0.000199
8.970295 0.999037 0.000222
8.972358 0.995759 0.000199
8.974422 0.991018 0.000222
8.976484 0.986272 0.000199
8.978547 0.983954 0.000222
8.980610 0.982867 0.000199
8.982673 0.982145 0.000222
8.984736 0.981584 0.000199
8.986799 0.980916 0.000222
8.988862 0.980274 0.000199
8.990925 0.979731 0.000222
8.992988 0.979387 0.000199
8.995051 0.979308 0.000222
8.997114 0.979463 0.000199
8.999177 0.979699 0.000222
9.001240 0.979911 0.000199
9.003303 0.979976 0.000222
9.005366 0.980279 0.000199
9.007428 0.980719 0.000222
9.009492 0.981205 0.000199
9.011554 0.981603 0.000222
9.013617 0.981699 0.000199
9.015681 0.981744 0.000222
9.017743 0.981972 0.000199
9.019806 0.982701 0.000222
9.021869 0.984046 0.000199
9.023932 0.986954 0.000222
9.025995 0.991823 0.000199
9.028058 0.996363 0.000222
9.030121 0.999180 0.000199
9.032184 0.999315 0.000222
9.034247 0.999306 0.000199
9.068171 0.999141 0.000037
9.133727 0.998728 0.000037
9.199054 0.998202 0.000037
9.264381 0.997572 0.000037
9.329708 0.996851 0.000037
9.395034 0.996080 0.000037
