-0.176691 0.980136 0.000039
-0.111248 0.982104 0.000037
-0.056924 0.983740 0.000046
-0.034002 0.984429 0.000199
-0.031710 0.984498 0.000199
-0.029647 0.984013 0.000222
-0.027584 0.980724 0.000199
-0.025521 0.976080 0.000222
-0.023458 0.971514 0.000199
-0.021396 0.969388 0.000222
-0.019332 0.968295 0.000199
-0.017270 0.967522 0.000222
-0.015206 0.967145 0.000199
-0.013144 0.967012 0.000222
-0.011081 0.966979 0.000199
-0.009018 0.966869 0.000222
-0.006955 0.966496 0.000199
-0.004892 0.965944 0.000222
-0.002829 0.965433 0.000199
-0.000766 0.965153 0.000222
0.001297 0.965229 0.000199
0.003360 0.965430 0.000222
0.005423 0.965712 0.000199
0.007486 0.966042 0.000222
0.009549 0.966377 0.000199
0.011611 0.966651 0.000222
0.013675 0.966951 0.000199
0.015737 0.967383 0.000222
0.017801 0.968135 0.000199
0.019863 0.969370 0.000222
0.021926 0.970980 0.000199
0.023990 0.974065 0.000222
0.026052 0.978895 0.000199
0.028115 0.983402 0.000222
0.030178 0.986226 0.000199
0.032241 0.986397 0.000222
0.034304 0.986457 0.000199
0.068228 0.987427 0.000037
0.133784 0.989219 0.000037
0.199110 0.990884 0.000037
0.264436 0.992419 0.000037
0.329763 0.993815 0.000037
0.395089 0.995065 0.000037
0.460645 0.996165 0.000037
0.525971 0.997105 0.000037
0.591298 0.997888 0.000037
0.656624 0.998513 0.000037
0.721786 0.998982 0.000037
0.787277 0.999299 0.000037
0.852604 0.999468 0.000037
0.918159 0.999493 0.000037
0.957813 0.999443 0.000081
0.965836 0.999426 0.000199
0.968128 0.999422 0.000199
0.970191 0.999023 0.000222
0.972254 0.995786 0.000199
0.974317 0.991205 0.000222
0.976380 0.986640 0.000199
0.978443 0.984351 0.000222
0.980506 0.983060 0.000199
0.982569 0.982026 0.000222
0.984632 0.981237 0.000199
0.986695 0.980726 0.000222
0.988758 0.980340 0.000199
0.990820 0.980046 0.000222
0.992884 0.979815 0.000199
0.994946 0.979649 0.000222
0.997009 0.979556 0.000199
0.999073 0.979522 0.000222
1.001135 0.979536 0.000199
1.003198 0.979587 0.000222
1.005261 0.979908 0.000199
1.007324 0.980386 0.000222
1.009387 0.980913 0.000199
1.011450 0.981338 0.000222
1.013513 0.981475 0.000199
1.015576 0.981556 0.000222
1.017639 0.981811 0.000199
1.019701 0.982533 0.000222
1.021765 0.983873 0.000199
1.023827 0.986619 0.000222
1.025891 0.991454 0.000199
1.027954 0.996035 0.000222
1.030016 0.999005 0.000199
1.032079 0.999219 0.000222
1.034142 0.999210 0.000199
1.068066 0.999052 0.000037
1.133622 0.998657 0.000037
1.198948 0.998153 0.000037
1.264275 0.997548 0.000037
1.329601 0.996853 0.000037
1.394928 0.996105 0.000037
1.460483 0.995342 0.000037
1.525810 0.994576 0.000037
1.591136 0.993810 0.000037
1.656463 0.993051 0.000037
1.721789 0.992304 0.000037
1.787116 0.991576 0.000037
1.854085 0.990858 0.000039
1.917998 0.990209 0.000037
1.957652 0.989827 0.000081
1.965675 0.989752 0.000199
1.967967 0.989730 0.000199
1.970030 0.989453 0.000222
1.972093 0.986433 0.000199
1.974156 0.981840 0.000222
1.976219 0.977084 0.000199
1.978282 0.974474 0.000222
1.980345 0.973152 0.000199
1.982407 0.972084 0.000222
1.984470 0.971219 0.000199
1.986533 0.970561 0.000222
1.988596 0.970281 0.000199
1.990660 0.970249 0.000222
1.992722 0.970301 0.000199
1.994785 0.970297 0.000222
1.996848 0.970141 0.000199
1.998911 0.969906 0.000222
2.000974 0.969689 0.000199
2.003037 0.969556 0.000222
2.005100 0.969613 0.000199
2.007163 0.969776 0.000222
2.009226 0.970018 0.000199
2.011289 0.970335 0.000222
2.013352 0.970735 0.000199
2.015414 0.971247 0.000222
2.017478 0.971919 0.000199
2.019540 0.972800 0.000222
2.021603 0.974158 0.000199
2.023667 0.976733 0.000222
2.025729 0.981417 0.000199
2.027792 0.985879 0.000222
2.029855 0.988833 0.000199
2.031918 0.989157 0.000222
2.033981 0.989140 0.000199
2.035356 0.989128 0.000445
2.068364 0.988853 0.000037
2.133919 0.988347 0.000037
2.199246 0.987900 0.000037
2.264572 0.987512 0.000037
2.329899 0.987172 0.000037
2.395225 0.986885 0.000037
2.460781 0.986651 0.000037
2.526107 0.986476 0.000037
2.591434 0.986359 0.000037
2.656760 0.986303 0.000037
2.722087 0.986313 0.000037
2.787414 0.986393 0.000037
2.852740 0.986541 0.000037
2.918296 0.986758 0.000037
2.957950 0.986921 0.000081
2.965973 0.986956 0.000199
2.968265 0.986967 0.000199
2.970328 0.986462 0.000222
2.972391 0.983188 0.000199
2.974454 0.978540 0.000222
2.976517 0.973709 0.000199
2.978579 0.971158 0.000222
2.980643 0.969666 0.000199
2.982705 0.968889 0.000222
2.984768 0.968529 0.000199
2.986832 0.968319 0.000222
2.988894 0.968067 0.000199
2.990957 0.967783 0.000222
2.993020 0.967580 0.000199
2.995083 0.967444 0.000222
2.997146 0.967361 0.000199
2.999209 0.967298 0.000222
3.001272 0.967163 0.000199
3.003335 0.967050 0.000222
3.005398 0.967025 0.000199
3.007461 0.967186 0.000222
3.009524 0.967636 0.000199
3.011586 0.968280 0.000222
3.013650 0.969005 0.000199
3.015713 0.969674 0.000222
3.017775 0.970233 0.000199
3.019839 0.970989 0.000222
3.021901 0.972149 0.000199
3.023964 0.975014 0.000222
3.026027 0.979855 0.000199
3.028090 0.984376 0.000222
3.030153 0.987154 0.000199
3.032216 0.987288 0.000222
3.034279 0.987299 0.000199
3.068203 0.987495 0.000037
3.133759 0.987916 0.000037
3.199085 0.988392 0.000037
3.264412 0.988921 0.000037
3.329738 0.989499 0.000037
3.395065 0.990121 0.000037
3.460621 0.990785 0.000037
3.525947 0.991480 0.000037
3.591274 0.992205 0.000037
3.656600 0.992955 0.000037
3.721927 0.993726 0.000037
3.787253 0.994512 0.000037
3.853573 0.995319 0.000039
3.918136 0.996106 0.000037
3.957790 0.996588 0.000081
3.965813 0.996685 0.000199
3.968105 0.996713 0.000199
3.970168 0.996360 0.000222
3.972231 0.993173 0.000199
3.974294 0.988532 0.000222
3.976357 0.983851 0.000199
3.978420 0.981533 0.000222
3.980483 0.980404 0.000199
3.982546 0.979604 0.000222
3.984608 0.978989 0.000199
3.986671 0.978529 0.000222
3.988734 0.978180 0.000199
3.990798 0.977910 0.000222
3.992860 0.977544 0.000199
3.994923 0.977017 0.000222
3.996986 0.976523 0.000199
3.999049 0.976211 0.000222
4.001112 0.976246 0.000199
4.003175 0.976580 0.000222
4.005238 0.977062 0.000199
4.007301 0.977573 0.000222
4.009364 0.977950 0.000199
4.011427 0.978300 0.000222
4.013490 0.978751 0.000199
4.015553 0.979317 0.000222
4.017616 0.980003 0.000199
4.019678 0.980803 0.000222
4.021741 0.981958 0.000199
4.023805 0.984668 0.000222
4.025867 0.989570 0.000199
4.027930 0.994255 0.000222
4.029993 0.997222 0.000199
4.032056 0.997471 0.000222
4.034119 0.997495 0.000199
4.068043 0.997866 0.000037
4.133599 0.998508 0.000037
4.198925 0.999041 0.000037
4.264252 0.999458 0.000037
4.329579 0.999751 0.000037
4.394905 0.999911 0.000037
4.460461 0.999933 0.000037
4.525788 0.999812 0.000037
4.591114 0.999542 0.000037
4.656441 0.999121 0.000037
4.721767 0.998543 0.000037
4.787094 0.997807 0.000037
4.852421 0.996914 0.000037
4.917977 0.995859 0.000037
4.957631 0.995147 0.000081
4.965654 0.994996 0.000199
4.967946 0.994953 0.000199
4.970009 0.994682 0.000222
4.972072 0.991706 0.000199
4.974134 0.987033 0.000222
4.976197 0.982110 0.000199
4.978260 0.979253 0.000222
4.980323 0.977824 0.000199
4.982387 0.976791 0.000222
4.984449 0.975996 0.000199
4.986512 0.975512 0.000222
4.988575 0.975237 0.000199
4.990638 0.975063 0.000222
4.992701 0.974882 0.000199
4.994764 0.974684 0.000222
4.996827 0.974591 0.000199
4.998890 0.974565 0.000222
5.000953 0.974578 0.000199
5.003016 0.974595 0.000222
5.005079 0.974678 0.000199
5.007142 0.974830 0.000222
5.009205 0.975050 0.000199
5.011268 0.975328 0.000222
5.013330 0.975501 0.000199
5.015394 0.975620 0.000222
5.017456 0.975901 0.000199
5.019519 0.976650 0.000222
5.021582 0.978105 0.000199
5.023645 0.980796 0.000222
5.025708 0.985657 0.000199
5.027771 0.990253 0.000222
5.029834 0.993349 0.000199
5.031897 0.993667 0.000222
5.033960 0.993623 0.000199
5.035335 0.993594 0.000445
5.068342 0.992874 0.000037
5.133898 0.991342 0.000037
5.199225 0.989688 0.000037
5.264551 0.987916 0.000037
5.329878 0.986038 0.000037
5.395205 0.984092 0.000037
5.460761 0.982120 0.000037
5.526087 0.980154 0.000037
5.591414 0.978204 0.000037
5.656740 0.976285 0.000037
5.722067 0.974414 0.000037
5.787394 0.972605 0.000037
5.853064 0.970868 0.000039
5.918276 0.969239 0.000037
5.957931 0.968300 0.000081
5.965953 0.968115 0.000199
5.968245 0.968063 0.000199
5.970308 0.967511 0.000222
5.972371 0.964146 0.000199
5.974435 0.959317 0.000222
5.976497 0.954440 0.000199
5.978561 0.951948 0.000222
5.980623 0.950744 0.000199
5.982686 0.950093 0.000222
5.984749 0.949659 0.000199
5.986812 0.949256 0.000222
5.988875 0.948682 0.000199
5.990938 0.948115 0.000222
5.993001 0.947626 0.000199
5.995064 0.947313 0.000222
5.997127 0.947142 0.000199
5.999190 0.946975 0.000222
6.001253 0.946854 0.000199
6.003316 0.946805 0.000222
6.005379 0.946874 0.000199
6.007441 0.947137 0.000222
6.009504 0.947539 0.000199
6.011567 0.948010 0.000222
6.013630 0.948472 0.000199
6.015693 0.949008 0.000222
6.017756 0.949717 0.000199
6.019819 0.950644 0.000222
6.021882 0.951915 0.000199
6.023945 0.954687 0.000222
6.026008 0.959407 0.000199
6.028071 0.963827 0.000222
6.030134 0.966559 0.000199
6.032197 0.966657 0.000222
6.034260 0.966613 0.000199
6.068184 0.965917 0.000037
6.133740 0.964671 0.000037
6.199066 0.963567 0.000037
6.264393 0.962601 0.000037
6.329720 0.961769 0.000037
6.395046 0.961073 0.000037
6.460602 0.960515 0.000037
6.525929 0.960101 0.000037
6.591256 0.959829 0.000037
6.656582 0.959702 0.000037
6.721909 0.959721 0.000037
6.787236 0.959892 0.000037
6.852562 0.960216 0.000037
6.918118 0.960693 0.000037
6.957773 0.961055 0.000081
6.965795 0.961134 0.000199
6.968088 0.961158 0.000199
6.970150 0.960830 0.000222
6.972214 0.957851 0.000199
6.974277 0.953470 0.000222
6.976339 0.948764 0.000199
6.978402 0.946092 0.000222
6.980465 0.944562 0.000199
6.982528 0.943612 0.000222
6.984591 0.943043 0.000199
6.986654 0.942630 0.000222
6.988717 0.942291 0.000199
6.990780 0.941904 0.000222
6.992843 0.941492 0.000199
6.994906 0.941144 0.000222
6.996969 0.940933 0.000199
6.999032 0.940931 0.000222
7.001095 0.941213 0.000199
7.003158 0.941616 0.000222
7.005221 0.942035 0.000199
7.007284 0.942302 0.000222
7.009347 0.942451 0.000199
7.011410 0.942582 0.000222
7.013472 0.942812 0.000199
7.015535 0.943253 0.000222
7.017598 0.943922 0.000199
7.019661 0.944799 0.000222
7.021724 0.946089 0.000199
7.023787 0.948895 0.000222
7.025850 0.953857 0.000199
7.027913 0.958583 0.000222
7.029976 0.961608 0.000199
7.032039 0.961878 0.000222
7.034102 0.961904 0.000199
7.068026 0.962345 0.000037
7.133582 0.963304 0.000037
7.198909 0.964398 0.000037
7.264235 0.965624 0.000037
