-0.023917 0.971840
-0.023458 0.970568
-0.023000 0.970647
-0.022541 0.970507
-0.022083 0.970244
-0.021625 0.969923
-0.021166 0.968833
-0.020708 0.968854
-0.020249 0.968478
-0.019791 0.968597
-0.019332 0.967848
-0.018874 0.967576
-0.018416 0.967996
-0.017957 0.968490
-0.017499 0.967410
-0.017040 0.967937
-0.016582 0.966582
-0.016123 0.967048
-0.015665 0.967059
-0.015206 0.967127
-0.014748 0.967429
-0.014290 0.967791
-0.013831 0.967222
-0.013373 0.967197
-0.012914 0.967109
-0.012456 0.966942
-0.011998 0.966668
-0.011539 0.967137
-0.011081 0.967180
-0.010622 0.967815
-0.010164 0.967851
-0.009705 0.967650
-0.009247 0.966945
-0.008788 0.967115
-0.008330 0.968381
-0.007872 0.967638
-0.007413 0.967291
-0.006955 0.967273
-0.006496 0.965992
-0.006038 0.965581
-0.005579 0.966510
-0.005121 0.967263
-0.004663 0.966382
-0.004204 0.966136
-0.003746 0.965835
-0.003287 0.965554
-0.002829 0.965083
-0.002370 0.965652
-0.001912 0.965671
-0.001453 0.966303
-0.000995 0.964699
-0.000537 0.965711
-0.000078 0.965242
0.000380 0.965379
0.000839 0.966160
0.001297 0.964695
0.001755 0.965414
0.002214 0.964922
0.002672 0.964634
0.003131 0.965738
0.003589 0.966020
0.004048 0.965913
0.004506 0.966005
0.004964 0.966110
0.005423 0.966003
0.005881 0.965886
0.006340 0.965660
0.006798 0.965396
0.007257 0.964910
0.007715 0.966023
0.008173 0.965992
0.008632 0.966183
0.009090 0.965627
0.009549 0.966030
0.010007 0.966029
0.010466 0.966493
0.010924 0.965898
0.011382 0.966167
0.011841 0.967325
0.012299 0.967010
0.012758 0.966318
0.013216 0.966706
0.013675 0.967505
0.014133 0.967120
0.014591 0.966600
0.015050 0.967505
0.015508 0.968522
0.015967 0.967832
0.016425 0.968160
0.016884 0.967938
0.017342 0.967676
0.017801 0.968470
0.018259 0.968411
0.018717 0.968243
0.019176 0.968823
0.019634 0.969657
0.020093 0.969589
0.020551 0.970454
0.021010 0.970705
0.021468 0.970467
0.021926 0.970907
0.022385 0.971858
0.022843 0.971792
0.023302 0.973229
0.023760 0.973209
0.024219 0.974783
0.024677 0.975918
0.025135 0.976423
0.025594 0.978466
0.026052 0.978897
0.026511 0.979950
0.026969 0.980528
0.027428 0.982248
0.027886 0.981782
0.028344 0.983930
0.028803 0.984401
0.029261 0.985721
0.029720 0.985669
0.030178 0.985871
0.030637 0.986034
0.031095 0.986777
0.031553 0.985750
0.032012 0.985718
0.032470 0.986252
0.032929 0.986300
0.033387 0.986060
0.033846 0.986681
0.034304 0.986661
0.034762 0.986290
0.035221 0.986464
0.035679 0.986701
0.036138 0.986772
0.036596 0.986913
0.037055 0.986518
0.037513 0.985850
0.037971 0.986365
0.038430 0.987013
0.038888 0.986426
0.039347 0.986413
0.039805 0.986119
0.040264 0.986323
0.040722 0.986678
0.041180 0.986597
0.041639 0.987379
0.042097 0.987395
0.042556 0.986783
0.043014 0.986081
0.043473 0.986711
0.043931 0.987913
0.044390 0.986755
0.044848 0.986482
0.045306 0.986832
0.045765 0.986885
0.046223 0.986632
0.046682 0.987221
0.047140 0.986862
0.047599 0.986990
0.048057 0.987397
0.048515 0.986690
0.048974 0.986722
0.049432 0.986283
0.049891 0.986144
0.050349 0.987081
0.050808 0.986605
0.051266 0.986505
0.051724 0.986820
0.052183 0.987707
0.052641 0.986659
0.053100 0.987570
0.053558 0.986821
0.054017 0.986674
0.054475 0.987872
0.054933 0.986069
0.055392 0.986667
0.055850 0.987667
0.056309 0.987773
0.056767 0.986700
0.057226 0.986612
0.057684 0.986440
0.058142 0.986535
0.058601 0.987311
0.059059 0.986147
0.059518 0.986555
0.059976 0.987795
0.060435 0.986986
0.060893 0.987277
0.061352 0.987912
0.061810 0.986577
0.062268 0.988189
0.062727 0.987527
0.063185 0.987289
0.063644 0.986986
0.064102 0.987216
0.064561 0.987165
0.065019 0.988061
0.065477 0.987313
0.065936 0.988025
0.066394 0.987957
0.066853 0.987496
0.067311 0.987385
0.067770 0.987952
0.068228 0.988157
0.068686 0.987624
0.069145 0.987082
0.069603 0.986687
0.070062 0.987875
0.070520 0.987437
0.070978 0.987628
0.071437 0.987016
0.071895 0.987970
0.072354 0.987451
0.072812 0.988122
0.073271 0.987844
0.073729 0.987615
0.074187 0.987404
0.074646 0.989074
0.075104 0.987874
0.075563 0.987690
0.076021 0.987858
0.076480 0.986709
0.076938 0.988426
0.077397 0.987347
0.077855 0.987879
0.078313 0.987767
0.078772 0.987377
0.079230 0.987230
0.079689 0.987366
0.080147 0.987973
0.080606 0.987946
0.081064 0.987260
0.081522 0.987809
0.081981 0.988088
0.082439 0.986894
0.082898 0.988212
0.083356 0.987000
0.083815 0.988111
0.084273 0.988107
0.084731 0.987971
0.085190 0.988227
0.085648 0.988593
0.086107 0.987585
0.086565 0.988443
0.087024 0.988092
0.087482 0.988182
0.087940 0.988230
0.088399 0.987328
0.088857 0.986927
0.089316 0.988302
0.089774 0.987679
0.090233 0.986637
0.090691 0.988538
0.091149 0.987964
0.091608 0.987942
0.092066 0.988214
0.092525 0.988214
0.092983 0.988538
0.093442 0.987783
0.093900 0.988347
0.094359 0.987928
0.094817 0.987503
0.095275 0.989002
0.095734 0.988850
0.096192 0.988116
0.096651 0.988542
0.097109 0.988011
0.097568 0.988368
0.098026 0.988504
0.098484 0.988172
0.098943 0.988521
0.099401 0.988709
0.099860 0.988157
0.100318 0.989144
0.100777 0.988908
0.101235 0.988269
0.101693 0.988154
0.102152 0.987778
0.102610 0.987937
0.103069 0.988122
0.103527 0.988874
0.103986 0.987912
0.104444 0.988861
0.104902 0.987876
0.105361 0.988769
0.105819 0.988913
0.106278 0.988560
0.106736 0.988303
0.107195 0.988777
0.107653 0.988130
0.108111 0.988280
0.108570 0.988206
0.109028 0.989164
0.109487 0.989541
0.109945 0.988312
0.110404 0.988711
0.110862 0.988988
0.111320 0.987904
0.111779 0.988378
0.112237 0.987339
0.112696 0.988855
0.113154 0.989524
0.113613 0.989222
0.114071 0.989167
0.114530 0.988753
0.114988 0.988055
0.115446 0.988709
0.115905 0.988786
0.116363 0.988692
0.116822 0.988824
0.117280 0.988767
0.117739 0.989428
0.118197 0.989791
0.118655 0.988764
0.119114 0.988663
0.119572 0.987952
0.120031 0.988105
0.120489 0.989885
0.120948 0.988925
0.121406 0.988923
0.121864 0.988588
0.122323 0.988619
0.122781 0.988634
0.123240 0.989315
0.123698 0.989571
0.124157 0.988571
0.124615 0.988739
0.125073 0.988177
0.125532 0.988545
0.125990 0.988808
0.126449 0.989197
0.126907 0.988574
0.127366 0.989585
0.127824 0.988330
0.128282 0.989282
0.128741 0.989277
0.129199 0.988466
0.129658 0.988954
0.130116 0.988547
0.130575 0.989141
0.131033 0.989247
0.131491 0.988456
0.131950 0.988520
0.132408 0.989152
0.132867 0.989520
0.133325 0.989418
0.133784 0.988539
0.134242 0.989360
0.134700 0.988947
0.135159 0.988159
0.135617 0.988744
0.136076 0.989081
0.136534 0.989017
0.136993 0.989171
0.137451 0.989336
0.137909 0.988948
0.138368 0.989761
0.138826 0.989227
0.139285 0.989126
0.139743 0.989121
0.140202 0.988992
0.140660 0.989292
0.141118 0.989386
0.141577 0.989584
0.142035 0.989143
0.142494 0.989537
0.142952 0.989762
0.143411 0.989334
0.143869 0.988912
0.144328 0.990181
0.144786 0.989662
0.145244 0.989290
0.145703 0.990005
0.146161 0.989389
0.146620 0.990031
0.147078 0.989378
0.147537 0.989129
0.147995 0.989653
0.148453 0.989192
0.148912 0.989851
0.149370 0.989881
0.149829 0.989118
0.150287 0.990164
0.150746 0.989911
0.151204 0.989699
0.151662 0.989501
0.152121 0.990237
0.152579 0.989835
0.153038 0.989492
0.153496 0.989761
