0.065019 0.988061
0.065477 0.987313
0.065936 0.988025
0.066394 0.987957
0.066853 0.987496
0.067311 0.987385
0.067770 0.987952
0.068228 0.988157
0.068686 0.987624
0.069145 0.987082
0.069603 0.986687
0.070062 0.987875
0.070520 0.987437
0.070978 0.987628
0.071437 0.987016
0.071895 0.987970
0.072354 0.987451
0.072812 0.988122
0.073271 0.987844
0.073729 0.987615
0.074187 0.987404
0.074646 0.989074
0.075104 0.987874
0.075563 0.987690
0.076021 0.987858
0.076480 0.986709
0.076938 0.988426
0.077397 0.987347
0.077855 0.987879
0.078313 0.987767
0.078772 0.987377
0.079230 0.987230
0.079689 0.987366
0.080147 0.987973
0.080606 0.987946
0.081064 0.987260
0.081522 0.987809
0.081981 0.988088
0.082439 0.986894
0.082898 0.988212
0.083356 0.987000
0.083815 0.988111
0.084273 0.988107
0.084731 0.987971
0.085190 0.988227
0.085648 0.988593
0.086107 0.987585
0.086565 0.988443
0.087024 0.988092
0.087482 0.988182
0.087940 0.988230
0.088399 0.987328
0.088857 0.986927
0.089316 0.988302
0.089774 0.987679
0.090233 0.986637
0.090691 0.988538
0.091149 0.987964
0.091608 0.987942
0.092066 0.988214
0.092525 0.988214
0.092983 0.988538
0.093442 0.987783
0.093900 0.988347
0.094359 0.987928
0.094817 0.987503
0.095275 0.989002
0.095734 0.988850
0.096192 0.988116
0.096651 0.988542
0.097109 0.988011
0.097568 0.988368
0.098026 0.988504
0.098484 0.988172
0.098943 0.988521
0.099401 0.988709
0.099860 0.988157
0.100318 0.989144
0.100777 0.988908
0.101235 0.988269
0.101693 0.988154
0.102152 0.987778
0.102610 0.987937
0.103069 0.988122
0.103527 0.988874
0.103986 0.987912
0.104444 0.988861
0.104902 0.987876
0.105361 0.988769
0.105819 0.988913
0.106278 0.988560
0.106736 0.988303
0.107195 0.988777
0.107653 0.988130
0.108111 0.988280
0.108570 0.988206
0.109028 0.989164
0.109487 0.989541
0.109945 0.988312
0.110404 0.988711
0.110862 0.988988
0.111320 0.987904
0.111779 0.988378
0.112237 0.987339
0.112696 0.988855
0.113154 0.989524
0.113613 0.989222
0.114071 0.989167
0.114530 0.988753
0.114988 0.988055
0.115446 0.988709
0.115905 0.988786
0.116363 0.988692
0.116822 0.988824
0.117280 0.988767
0.117739 0.989428
0.118197 0.989791
0.118655 0.988764
0.119114 0.988663
0.119572 0.987952
0.120031 0.988105
0.120489 0.989885
0.120948 0.988925
0.121406 0.988923
0.121864 0.988588
0.122323 0.988619
0.122781 0.988634
0.123240 0.989315
0.123698 0.989571
0.124157 0.988571
0.124615 0.988739
0.125073 0.988177
0.125532 0.988545
0.125990 0.988808
0.126449 0.989197
0.126907 0.988574
0.127366 0.989585
0.127824 0.988330
0.128282 0.989282
0.128741 0.989277
0.129199 0.988466
0.129658 0.988954
0.130116 0.988547
0.130575 0.989141
0.131033 0.989247
0.131491 0.988456
0.131950 0.988520
0.132408 0.989152
0.132867 0.989520
0.133325 0.989418
0.133784 0.988539
0.134242 0.989360
0.134700 0.988947
0.135159 0.988159
0.135617 0.988744
0.136076 0.989081
0.136534 0.989017
0.136993 0.989171
0.137451 0.989336
0.137909 0.988948
0.138368 0.989761
0.138826 0.989227
0.139285 0.989126
0.139743 0.989121
0.140202 0.988992
0.140660 0.989292
0.141118 0.989386
0.141577 0.989584
0.142035 0.989143
0.142494 0.989537
0.142952 0.989762
0.143411 0.989334
0.143869 0.988912
0.144328 0.990181
0.144786 0.989662
0.145244 0.989290
0.145703 0.990005
0.146161 0.989389
0.146620 0.990031
0.147078 0.989378
0.147537 0.989129
0.147995 0.989653
0.148453 0.989192
0.148912 0.989851
0.149370 0.989881
0.149829 0.989118
0.150287 0.990164
0.150746 0.989911
0.151204 0.989699
0.151662 0.989501
0.152121 0.990237
0.152579 0.989835
0.153038 0.989492
0.153496 0.989761
0.153955 0.990048
0.154413 0.990003
0.154871 0.989640
0.155330 0.990636
0.155788 0.989990
0.156247 0.990680
0.156705 0.990102
0.157164 0.990110
0.157622 0.989670
0.158080 0.990601
0.158539 0.989717
0.158997 0.989669
0.159456 0.989711
0.159914 0.990069
0.160373 0.990187
0.160831 0.989680
0.161289 0.989569
0.161748 0.989885
0.162206 0.989755
0.162665 0.990187
0.163123 0.989878
0.163582 0.989777
0.164040 0.990221
0.164498 0.989652
0.164957 0.989404
0.165415 0.989818
0.165874 0.989860
0.166332 0.989576
0.166791 0.990331
0.167249 0.990591
0.167707 0.990733
0.168166 0.990710
0.168624 0.990043
0.169083 0.990409
0.169541 0.989541
0.170000 0.989990
0.170458 0.990270
0.170916 0.990407
0.171375 0.990279
0.171833 0.990395
0.172292 0.990239
0.172750 0.990144
0.173209 0.990590
0.173667 0.990796
0.174126 0.990241
0.174584 0.990483
0.175042 0.989609
0.175501 0.990059
0.175959 0.990338
0.176418 0.989968
0.176876 0.990051
0.177335 0.990175
0.177793 0.990156
0.178251 0.990010
0.178710 0.989882
0.179168 0.990620
0.179627 0.990827
0.180085 0.989802
0.180544 0.989957
0.181002 0.990705
0.181460 0.990385
0.181919 0.990217
0.182377 0.990980
0.182836 0.990404
0.183294 0.990099
0.183753 0.990313
0.184211 0.990623
0.184669 0.990396
0.185128 0.991239
0.185586 0.990668
0.186045 0.990846
0.186503 0.990269
0.186962 0.990270
0.187420 0.991032
0.187878 0.991295
0.188337 0.990499
0.188795 0.990145
0.189254 0.990401
0.189712 0.990818
0.190171 0.991177
0.190629 0.990827
0.191087 0.990247
0.191546 0.990725
0.192004 0.990650
0.192463 0.990196
0.192921 0.991415
0.193380 0.990796
0.193838 0.991217
0.194296 0.990618
0.194755 0.989972
0.195213 0.991571
0.195672 0.990549
0.196130 0.990557
0.196589 0.991157
0.197047 0.991385
0.197505 0.991406
0.197964 0.991355
0.198422 0.990436
0.198881 0.990157
0.199339 0.990684
0.199798 0.991550
0.200256 0.991139
0.200715 0.990450
0.201173 0.990167
0.201631 0.990894
0.202090 0.990302
0.202548 0.991438
0.203007 0.990368
0.203465 0.991085
0.203924 0.990200
0.204382 0.991383
0.204840 0.991052
0.205299 0.990584
0.205757 0.991456
0.206216 0.990989
0.206674 0.991273
0.207133 0.991148
0.207591 0.990647
0.208049 0.990862
0.208508 0.991113
0.208966 0.990606
0.209425 0.990847
0.209883 0.991749
0.210342 0.991074
0.210800 0.991208
0.211258 0.991041
0.211717 0.991673
0.212175 0.991268
0.212634 0.991785
0.213092 0.990628
0.213551 0.990530
0.214009 0.990657
0.214467 0.991784
0.214926 0.990811
0.215384 0.991630
0.215843 0.990800
0.216301 0.991927
0.216760 0.991182
0.217218 0.990780
0.217676 0.991060
0.218135 0.991681
0.218593 0.992007
0.219052 0.991994
0.219510 0.991173
0.219969 0.991984
0.220427 0.991775
0.220885 0.991344
0.221344 0.991375
0.221802 0.990591
0.222261 0.991439
0.222719 0.991063
0.223178 0.991632
0.223636 0.991587
0.224094 0.991840
0.224553 0.992098
0.225011 0.990789
0.225470 0.991119
0.225928 0.992065
0.226387 0.991675
0.226845 0.991177
0.227303 0.991552
0.227762 0.991186
0.228220 0.991809
0.228679 0.991567
0.229137 0.991358
0.229596 0.991789
0.230054 0.991694
0.230512 0.992374
0.230971 0.991911
0.231429 0.991885
0.231888 0.991428
0.232346 0.991940
0.232805 0.992187
0.233263 0.991827
0.233722 0.992157
0.234180 0.992111
0.234638 0.991732
0.235097 0.991579
0.235555 0.992357
0.236014 0.990807
0.236472 0.992523
0.236931 0.990645
0.237389 0.991591
0.237847 0.991811
0.238306 0.991729
0.238764 0.991938
0.239223 0.992558
0.239681 0.992421
0.240140 0.991251
