-0.162363 0.980082
-0.161904 0.980920
-0.161446 0.980153
-0.160988 0.980619
-0.160529 0.979968
-0.160071 0.981239
-0.159612 0.980477
-0.159154 0.980324
-0.158695 0.981181
-0.158237 0.979514
-0.157778 0.980811
-0.157320 0.980289
-0.156862 0.980554
-0.156403 0.980860
-0.155945 0.980605
-0.155486 0.980533
-0.155028 0.980835
-0.154569 0.980426
-0.154111 0.980777
-0.153653 0.981222
-0.153194 0.980519
-0.152736 0.980576
-0.152277 0.980767
-0.151819 0.980313
-0.151360 0.980843
-0.150902 0.981539
-0.150444 0.981148
-0.149985 0.980276
-0.149527 0.981138
-0.149068 0.980639
-0.148610 0.981155
-0.148151 0.981257
-0.147693 0.980484
-0.147235 0.980898
-0.146776 0.981112
-0.146318 0.980881
-0.145859 0.981367
-0.145401 0.980870
-0.144942 0.980973
-0.144484 0.981141
-0.144026 0.980953
-0.143567 0.981248
-0.143109 0.981778
-0.142650 0.980963
-0.142192 0.981136
-0.141734 0.981544
-0.141275 0.981006
-0.140817 0.981309
-0.140358 0.981339
-0.139900 0.982068
-0.139441 0.981431
-0.138983 0.981077
-0.138524 0.981579
-0.138066 0.980845
-0.137608 0.981057
-0.137149 0.981984
-0.136691 0.982165
-0.136232 0.981782
-0.135774 0.981313
-0.135315 0.981495
-0.134857 0.981473
-0.134399 0.981462
-0.133940 0.980896
-0.133482 0.981615
-0.133023 0.980724
-0.132565 0.981241
-0.132106 0.981490
-0.131648 0.981059
-0.131189 0.980543
-0.130731 0.981293
-0.130273 0.981551
-0.129814 0.981342
-0.129356 0.981659
-0.128897 0.981468
-0.128439 0.980637
-0.127981 0.981874
-0.127522 0.980544
-0.127064 0.982010
-0.126605 0.981826
-0.126147 0.981794
-0.125688 0.981117
-0.125230 0.982250
-0.124772 0.981801
-0.124313 0.982595
-0.123855 0.981674
-0.123396 0.981546
-0.122938 0.981950
-0.122479 0.981615
-0.122021 0.981438
-0.121562 0.981926
-0.121104 0.981037
-0.120646 0.981685
-0.120187 0.981857
-0.119729 0.981391
-0.119270 0.981883
-0.118812 0.981613
-0.118353 0.981512
-0.117895 0.981788
-0.117437 0.982705
-0.116978 0.981836
-0.116520 0.981884
-0.116061 0.982463
-0.115603 0.981905
-0.115144 0.981856
-0.114686 0.982185
-0.114228 0.981942
-0.113769 0.982489
-0.113311 0.981207
-0.112852 0.981560
-0.112394 0.981704
-0.111935 0.982273
-0.111477 0.981736
-0.111019 0.982392
-0.110560 0.981965
-0.110102 0.981894
-0.109643 0.982714
-0.109185 0.982497
-0.108726 0.982038
-0.108268 0.982193
-0.107810 0.982416
-0.107351 0.982779
-0.106893 0.982071
-0.106434 0.982526
-0.105976 0.982201
-0.105517 0.981971
-0.105059 0.981992
-0.104601 0.982602
-0.104142 0.982711
-0.103684 0.982150
-0.103225 0.983072
-0.102767 0.982248
-0.102308 0.981641
-0.101850 0.982239
-0.101391 0.982747
-0.100933 0.983168
-0.100475 0.981832
-0.100016 0.982860
-0.099558 0.982734
-0.099099 0.982594
-0.098641 0.982754
-0.098182 0.981762
-0.097724 0.982646
-0.097266 0.982696
-0.096807 0.982183
-0.096349 0.981451
-0.095890 0.982369
-0.095432 0.983017
-0.094973 0.982752
-0.094515 0.982064
-0.094057 0.983248
-0.093598 0.983104
-0.093140 0.981880
-0.092681 0.983535
-0.092223 0.982939
-0.091764 0.982657
-0.091306 0.982439
-0.090848 0.982272
-0.090389 0.982100
-0.089931 0.982305
-0.089472 0.983086
-0.089014 0.982556
-0.088555 0.982325
-0.088097 0.982771
-0.087639 0.982936
-0.087180 0.982043
-0.086722 0.983044
-0.086263 0.983572
-0.085805 0.982721
-0.085346 0.982142
-0.084888 0.982819
-0.084430 0.982545
-0.083971 0.983019
-0.083513 0.982815
-0.083054 0.982986
-0.082596 0.982750
-0.082137 0.983105
-0.081679 0.982731
-0.081221 0.982938
-0.080762 0.983233
-0.080304 0.983096
-0.079845 0.983797
-0.079387 0.983020
-0.078928 0.982475
-0.078470 0.982684
-0.078012 0.983040
-0.077553 0.983160
-0.077095 0.983240
-0.076636 0.983098
-0.076178 0.983972
-0.075719 0.982509
-0.075261 0.982964
-0.074803 0.983077
-0.074344 0.983623
-0.073886 0.982689
-0.073427 0.983694
-0.072969 0.982910
-0.072510 0.983433
-0.072052 0.983489
-0.071593 0.982285
-0.071135 0.984105
-0.070677 0.983078
-0.070218 0.983663
-0.069760 0.983674
-0.069301 0.983938
-0.068843 0.983417
-0.068384 0.983277
-0.067926 0.983677
-0.067468 0.983874
-0.067009 0.983137
-0.066551 0.983567
-0.066092 0.982938
-0.065634 0.982925
-0.065175 0.983564
-0.064717 0.983716
-0.064259 0.984108
-0.063800 0.983107
-0.063342 0.983790
-0.062883 0.983319
-0.062425 0.984047
-0.061966 0.984105
-0.061508 0.983770
-0.061050 0.983100
-0.060591 0.983842
-0.060133 0.982928
-0.059674 0.984378
-0.059216 0.984076
-0.058757 0.983611
-0.058299 0.984360
-0.057841 0.982827
-0.057382 0.983775
-0.056924 0.983485
-0.056465 0.984572
-0.056007 0.982620
-0.055548 0.983734
-0.055090 0.983649
-0.054632 0.984353
-0.054173 0.983888
-0.053715 0.983809
-0.053256 0.983703
-0.052798 0.983235
-0.052339 0.984631
-0.051881 0.983634
-0.051423 0.983913
-0.050964 0.983683
-0.050506 0.984268
-0.050047 0.984533
-0.049589 0.984482
-0.049130 0.983738
-0.048672 0.983487
-0.048214 0.984255
-0.047755 0.983618
-0.047297 0.984297
-0.046838 0.984571
-0.046380 0.983689
-0.045921 0.984263
-0.045463 0.983468
-0.045005 0.984162
-0.044546 0.983640
-0.044088 0.983828
-0.043629 0.984417
-0.043171 0.983950
-0.042712 0.984696
-0.042254 0.984310
-0.041795 0.984396
-0.041337 0.984381
-0.040879 0.984265
-0.040420 0.984405
-0.039962 0.983859
-0.039503 0.984339
-0.039045 0.984473
-0.038586 0.984175
-0.038128 0.984122
-0.037670 0.984629
-0.037211 0.983784
-0.036753 0.984051
-0.036294 0.985169
-0.035836 0.984175
-0.035377 0.984074
-0.034919 0.984036
-0.034461 0.984959
-0.034002 0.984705
-0.033544 0.984147
-0.033085 0.984860
-0.032627 0.984145
-0.032168 0.984818
-0.031710 0.983138
-0.031252 0.984947
-0.030793 0.984172
-0.030335 0.984182
-0.029876 0.984816
-0.029418 0.983188
-0.028959 0.984049
-0.028501 0.982198
-0.028043 0.981563
-0.027584 0.979948
-0.027126 0.979864
-0.026667 0.978261
-0.026209 0.977750
-0.025750 0.976556
-0.025292 0.974866
-0.024834 0.973990
-0.024375 0.973592
-0.023917 0.971840
-0.023458 0.970568
-0.023000 0.970647
-0.022541 0.970507
-0.022083 0.970244
-0.021625 0.969923
-0.021166 0.968833
-0.020708 0.968854
-0.020249 0.968478
-0.019791 0.968597
-0.019332 0.967848
-0.018874 0.967576
-0.018416 0.967996
-0.017957 0.968490
-0.017499 0.967410
-0.017040 0.967937
-0.016582 0.966582
-0.016123 0.967048
-0.015665 0.967059
-0.015206 0.967127
-0.014748 0.967429
-0.014290 0.967791
-0.013831 0.967222
-0.013373 0.967197
-0.012914 0.967109
-0.012456 0.966942
-0.011998 0.966668
-0.011539 0.967137
-0.011081 0.967180
-0.010622 0.967815
-0.010164 0.967851
-0.009705 0.967650
-0.009247 0.966945
-0.008788 0.967115
-0.008330 0.968381
-0.007872 0.967638
-0.007413 0.967291
-0.006955 0.967273
-0.006496 0.965992
-0.006038 0.965581
-0.005579 0.966510
-0.005121 0.967263
-0.004663 0.966382
-0.004204 0.966136
-0.003746 0.965835
-0.003287 0.965554
-0.002829 0.965083
-0.002370 0.965652
-0.001912 0.965671
-0.001453 0.966303
-0.000995 0.964699
-0.000537 0.965711
