-0.098641 0.982754
-0.098182 0.981762
-0.097724 0.982646
-0.097266 0.982696
-0.096807 0.982183
-0.096349 0.981451
-0.095890 0.982369
-0.095432 0.983017
-0.094973 0.982752
-0.094515 0.982064
-0.094057 0.983248
-0.093598 0.983104
-0.093140 0.981880
-0.092681 0.983535
-0.092223 0.982939
-0.091764 0.982657
-0.091306 0.982439
-0.090848 0.982272
-0.090389 0.982100
-0.089931 0.982305
-0.089472 0.983086
-0.089014 0.982556
-0.088555 0.982325
-0.088097 0.982771
-0.087639 0.982936
-0.087180 0.982043
-0.086722 0.983044
-0.086263 0.983572
-0.085805 0.982721
-0.085346 0.982142
-0.084888 0.982819
-0.084430 0.982545
-0.083971 0.983019
-0.083513 0.982815
-0.083054 0.982986
-0.082596 0.982750
-0.082137 0.983105
-0.081679 0.982731
-0.081221 0.982938
-0.080762 0.983233
-0.080304 0.983096
-0.079845 0.983797
-0.079387 0.983020
-0.078928 0.982475
-0.078470 0.982684
-0.078012 0.983040
-0.077553 0.983160
-0.077095 0.983240
-0.076636 0.983098
-0.076178 0.983972
-0.075719 0.982509
-0.075261 0.982964
-0.074803 0.983077
-0.074344 0.983623
-0.073886 0.982689
-0.073427 0.983694
-0.072969 0.982910
-0.072510 0.983433
-0.072052 0.983489
-0.071593 0.982285
-0.071135 0.984105
-0.070677 0.983078
-0.070218 0.983663
-0.069760 0.983674
-0.069301 0.983938
-0.068843 0.983417
-0.068384 0.983277
-0.067926 0.983677
-0.067468 0.983874
-0.067009 0.983137
-0.066551 0.983567
-0.066092 0.982938
-0.065634 0.982925
-0.065175 0.983564
-0.064717 0.983716
-0.064259 0.984108
-0.063800 0.983107
-0.063342 0.983790
-0.062883 0.983319
-0.062425 0.984047
-0.061966 0.984105
-0.061508 0.983770
-0.061050 0.983100
-0.060591 0.983842
-0.060133 0.982928
-0.059674 0.984378
-0.059216 0.984076
-0.058757 0.983611
-0.058299 0.984360
-0.057841 0.982827
-0.057382 0.983775
-0.056924 0.983485
-0.056465 0.984572
-0.056007 0.982620
-0.055548 0.983734
-0.055090 0.983649
-0.054632 0.984353
-0.054173 0.983888
-0.053715 0.983809
-0.053256 0.983703
-0.052798 0.983235
-0.052339 0.984631
-0.051881 0.983634
-0.051423 0.983913
-0.050964 0.983683
-0.050506 0.984268
-0.050047 0.984533
-0.049589 0.984482
-0.049130 0.983738
-0.048672 0.983487
-0.048214 0.984255
-0.047755 0.983618
-0.047297 0.984297
-0.046838 0.984571
-0.046380 0.983689
-0.045921 0.984263
-0.045463 0.983468
-0.045005 0.984162
-0.044546 0.983640
-0.044088 0.983828
-0.043629 0.984417
-0.043171 0.983950
-0.042712 0.984696
-0.042254 0.984310
-0.041795 0.984396
-0.041337 0.984381
-0.040879 0.984265
-0.040420 0.984405
-0.039962 0.983859
-0.039503 0.984339
-0.039045 0.984473
-0.038586 0.984175
-0.038128 0.984122
-0.037670 0.984629
-0.037211 0.983784
-0.036753 0.984051
-0.036294 0.985169
-0.035836 0.984175
-0.035377 0.984074
-0.034919 0.984036
-0.034461 0.984959
-0.034002 0.984705
-0.033544 0.984147
-0.033085 0.984860
-0.032627 0.984145
-0.032168 0.984818
-0.031710 0.983138
-0.031252 0.984947
-0.030793 0.984172
-0.030335 0.984182
-0.029876 0.984816
-0.029418 0.983188
-0.028959 0.984049
-0.028501 0.982198
-0.028043 0.981563
-0.027584 0.979948
-0.027126 0.979864
-0.026667 0.978261
-0.026209 0.977750
-0.025750 0.976556
-0.025292 0.974866
-0.024834 0.973990
-0.024375 0.973592
-0.023917 0.971840
-0.023458 0.970568
-0.023000 0.970647
-0.022541 0.970507
-0.022083 0.970244
-0.021625 0.969923
-0.021166 0.968833
-0.020708 0.968854
-0.020249 0.968478
-0.019791 0.968597
-0.019332 0.967848
-0.018874 0.967576
-0.018416 0.967996
-0.017957 0.968490
-0.017499 0.967410
-0.017040 0.967937
-0.016582 0.966582
-0.016123 0.967048
-0.015665 0.967059
-0.015206 0.967127
-0.014748 0.967429
-0.014290 0.967791
-0.013831 0.967222
-0.013373 0.967197
-0.012914 0.967109
-0.012456 0.966942
-0.011998 0.966668
-0.011539 0.967137
-0.011081 0.967180
-0.010622 0.967815
-0.010164 0.967851
-0.009705 0.967650
-0.009247 0.966945
-0.008788 0.967115
-0.008330 0.968381
-0.007872 0.967638
-0.007413 0.967291
-0.006955 0.967273
-0.006496 0.965992
-0.006038 0.965581
-0.005579 0.966510
-0.005121 0.967263
-0.004663 0.966382
-0.004204 0.966136
-0.003746 0.965835
-0.003287 0.965554
-0.002829 0.965083
-0.002370 0.965652
-0.001912 0.965671
-0.001453 0.966303
-0.000995 0.964699
-0.000537 0.965711
-0.000078 0.965242
0.000380 0.965379
0.000839 0.966160
0.001297 0.964695
0.001755 0.965414
0.002214 0.964922
0.002672 0.964634
0.003131 0.965738
0.003589 0.966020
0.004048 0.965913
0.004506 0.966005
0.004964 0.966110
0.005423 0.966003
0.005881 0.965886
0.006340 0.965660
0.006798 0.965396
0.007257 0.964910
0.007715 0.966023
0.008173 0.965992
0.008632 0.966183
0.009090 0.965627
0.009549 0.966030
0.010007 0.966029
0.010466 0.966493
0.010924 0.965898
0.011382 0.966167
0.011841 0.967325
0.012299 0.967010
0.012758 0.966318
0.013216 0.966706
0.013675 0.967505
0.014133 0.967120
0.014591 0.966600
0.015050 0.967505
0.015508 0.968522
0.015967 0.967832
0.016425 0.968160
0.016884 0.967938
0.017342 0.967676
0.017801 0.968470
0.018259 0.968411
0.018717 0.968243
0.019176 0.968823
0.019634 0.969657
0.020093 0.969589
0.020551 0.970454
0.021010 0.970705
0.021468 0.970467
0.021926 0.970907
0.022385 0.971858
0.022843 0.971792
0.023302 0.973229
0.023760 0.973209
0.024219 0.974783
0.024677 0.975918
0.025135 0.976423
0.025594 0.978466
0.026052 0.978897
0.026511 0.979950
0.026969 0.980528
0.027428 0.982248
0.027886 0.981782
0.028344 0.983930
0.028803 0.984401
0.029261 0.985721
0.029720 0.985669
0.030178 0.985871
0.030637 0.986034
0.031095 0.986777
0.031553 0.985750
0.032012 0.985718
0.032470 0.986252
0.032929 0.986300
0.033387 0.986060
0.033846 0.986681
0.034304 0.986661
0.034762 0.986290
0.035221 0.986464
0.035679 0.986701
0.036138 0.986772
0.036596 0.986913
0.037055 0.986518
0.037513 0.985850
0.037971 0.986365
0.038430 0.987013
0.038888 0.986426
0.039347 0.986413
0.039805 0.986119
0.040264 0.986323
0.040722 0.986678
0.041180 0.986597
0.041639 0.987379
0.042097 0.987395
0.042556 0.986783
0.043014 0.986081
0.043473 0.986711
0.043931 0.987913
0.044390 0.986755
0.044848 0.986482
0.045306 0.986832
0.045765 0.986885
0.046223 0.986632
0.046682 0.987221
0.047140 0.986862
0.047599 0.986990
0.048057 0.987397
0.048515 0.986690
0.048974 0.986722
0.049432 0.986283
0.049891 0.986144
0.050349 0.987081
0.050808 0.986605
0.051266 0.986505
0.051724 0.986820
0.052183 0.987707
0.052641 0.986659
0.053100 0.987570
0.053558 0.986821
0.054017 0.986674
0.054475 0.987872
0.054933 0.986069
0.055392 0.986667
0.055850 0.987667
0.056309 0.987773
0.056767 0.986700
0.057226 0.986612
0.057684 0.986440
0.058142 0.986535
0.058601 0.987311
0.059059 0.986147
0.059518 0.986555
0.059976 0.987795
0.060435 0.986986
0.060893 0.987277
0.061352 0.987912
0.061810 0.986577
0.062268 0.988189
0.062727 0.987527
0.063185 0.987289
0.063644 0.986986
0.064102 0.987216
0.064561 0.987165
0.065019 0.988061
