-0.176691 0.001287
-0.111248 0.002103
-0.056924 0.002962
-0.034002 0.003378
-0.031710 0.003421
-0.029647 0.002916
-0.027584 0.001309
-0.025521 0.001068
-0.023458 0.001644
-0.021396 0.003606
-0.019332 0.003660
-0.017270 0.003701
-0.015206 0.003742
-0.013144 0.003784
-0.011081 0.003825
-0.009018 0.003867
-0.006955 0.003909
-0.004892 0.003952
-0.002829 0.003994
-0.000766 0.004037
0.001297 0.004080
0.003360 0.004124
0.005423 0.004167
0.007486 0.004211
0.009549 0.004255
0.011611 0.004299
0.013675 0.004343
0.015737 0.004387
0.017801 0.004431
0.019863 0.004476
0.021926 0.004521
0.023990 0.004565
0.026052 0.004610
0.028115 0.004656
0.030178 0.004701
0.032241 0.004746
0.034304 0.004792
0.068228 0.005562
0.133784 0.007153
0.199110 0.008860
0.264436 0.010670
0.329763 0.012565
0.395089 0.014526
0.460645 0.016543
0.525971 0.018583
0.591298 0.020635
0.656624 0.022680
0.721786 0.024697
0.787277 0.026685
0.852604 0.028614
0.918159 0.030479
0.957813 0.031568
0.965836 0.031784
0.968128 0.031845
0.970191 0.031901
0.972254 0.031956
0.974317 0.032011
0.976380 0.032066
0.978443 0.030053
0.980506 0.024687
0.982569 0.018730
0.984632 0.014281
0.986695 0.017630
0.988758 0.023607
0.990820 0.029579
0.992884 0.032503
0.994946 0.032557
0.997009 0.032611
0.999073 0.032665
1.001135 0.032719
1.003198 0.032772
1.005261 0.032826
1.007324 0.032880
1.009387 0.032933
1.011450 0.032986
1.013513 0.033040
1.015576 0.033093
1.017639 0.033146
1.019701 0.033199
1.021765 0.033252
1.023827 0.033305
1.025891 0.033357
1.027954 0.033410
1.030016 0.033462
1.032079 0.033515
1.034142 0.033567
1.068066 0.034411
1.133622 0.035956
1.198948 0.037376
1.264275 0.038666
1.329601 0.039820
1.394928 0.040831
1.460483 0.041694
1.525810 0.042400
1.591136 0.042948
1.656463 0.043334
1.721789 0.043558
1.787116 0.043617
1.854085 0.043506
1.917998 0.043239
1.957652 0.042995
1.965675 0.042939
1.967967 0.042922
1.970030 0.042907
1.972093 0.042892
1.974156 0.042876
1.976219 0.042861
1.978282 0.042845
1.980345 0.042829
1.982407 0.042813
1.984470 0.042797
1.986533 0.042780
1.988596 0.042764
1.990660 0.042747
1.992722 0.042730
1.994785 0.042713
1.996848 0.041775
1.998911 0.036250
2.000974 0.029569
2.003037 0.023961
2.005100 0.022905
2.007163 0.026395
2.009226 0.032742
2.011289 0.039054
2.013352 0.042553
2.015414 0.042534
2.017478 0.042515
2.019540 0.042496
2.021603 0.042477
2.023667 0.042458
2.025729 0.042438
2.027792 0.042419
2.029855 0.042399
2.031918 0.042379
2.033981 0.042359
2.035356 0.042346
2.068364 0.042002
2.133919 0.041201
2.199246 0.040251
2.264572 0.039155
2.329899 0.037919
2.395225 0.036551
2.460781 0.035054
2.526107 0.033448
2.591434 0.031738
2.656760 0.029936
2.722087 0.028055
2.787414 0.026110
2.852740 0.024113
2.918296 0.022075
2.957950 0.020833
2.965973 0.020581
2.968265 0.020509
2.970328 0.020444
2.972391 0.020379
2.974454 0.020314
2.976517 0.020249
2.978579 0.020185
2.980643 0.020120
2.982705 0.020055
2.984768 0.019990
2.986832 0.019925
2.988894 0.019861
2.990957 0.019796
2.993020 0.019731
2.995083 0.019666
2.997146 0.019601
2.999209 0.019537
3.001272 0.019472
3.003335 0.019407
3.005398 0.019342
3.007461 0.019277
3.009524 0.019213
3.011586 0.019148
3.013650 0.019083
3.015713 0.018548
3.017775 0.014190
3.019839 0.009008
3.021901 0.006694
3.023964 0.010478
3.026027 0.015463
3.028090 0.018593
3.030153 0.018565
3.032216 0.018501
3.034279 0.018436
3.068203 0.017375
3.133759 0.015343
3.199085 0.013360
3.264412 0.011435
3.329738 0.009588
3.395065 0.007837
3.460621 0.006195
3.525947 0.004688
3.591274 0.003346
3.656600 0.002251
3.721927 0.001400
3.787253 0.000774
3.853573 0.000343
3.918136 0.000100
3.957790 0.000025
3.965813 0.000016
3.968105 0.000014
3.970168 0.000012
3.972231 0.000011
3.974294 0.000009
3.976357 0.000008
3.978420 0.000006
3.980483 0.000005
3.982546 0.000004
3.984608 0.000003
3.986671 0.000002
3.988734 0.000002
3.990798 0.000001
3.992860 0.000001
3.994923 0.000000
3.996986 0.000000
3.999049 0.000000
4.001112 0.000000
4.003175 0.000000
4.005238 0.000000
4.007301 0.000000
4.009364 0.000000
4.011427 0.000000
4.013490 0.000000
4.015553 0.000000
4.017616 0.000000
4.019678 0.000000
4.021741 0.000000
4.023805 0.000000
4.025867 0.000000
4.027930 0.000000
4.029993 0.000000
4.032056 0.000000
4.034119 0.000000
4.068043 0.000000
4.133599 0.000000
4.198925 0.000000
4.264252 0.000000
4.329579 0.000000
4.394905 0.000000
4.460461 0.000000
4.525788 0.000000
4.591114 0.000000
4.656441 0.000000
4.721767 0.000000
4.787094 0.000000
4.852421 0.000000
4.917977 0.000000
4.957631 0.000000
4.965654 0.000000
4.967946 0.000000
4.970009 0.000000
4.972072 0.000000
4.974134 0.000000
4.976197 0.000000
4.978260 0.000000
4.980323 0.000000
4.982387 0.000000
4.984449 0.000000
4.986512 0.000000
4.988575 0.000000
4.990638 0.000000
4.992701 0.000000
4.994764 0.000000
4.996827 0.000000
4.998890 0.000000
5.000953 0.000000
5.003016 0.000000
5.005079 0.000000
5.007142 0.000000
5.009205 0.000000
5.011268 0.000000
5.013330 0.000000
5.015394 0.000000
5.017456 0.000000
5.019519 0.000000
5.021582 0.000000
5.023645 0.000000
5.025708 0.000000
5.027771 0.000000
5.029834 0.000000
5.031897 0.000000
5.033960 0.000000
5.035335 0.000000
5.068342 0.000000
5.133898 0.000000
5.199225 0.000000
5.264551 0.000000
5.329878 0.000000
5.395205 0.000000
5.460761 0.000000
5.526087 0.000000
5.591414 0.000000
5.656740 0.000000
5.722067 0.000000
5.787394 0.000000
5.853064 0.000000
5.918276 0.000000
5.957931 0.000000
5.965953 0.000000
5.968245 0.000000
5.970308 0.000000
5.972371 0.000000
5.974435 0.000000
5.976497 0.000000
5.978561 0.000000
5.980623 0.000000
5.982686 0.000000
5.984749 0.000000
5.986812 0.000000
5.988875 0.000000
5.990938 0.000000
5.993001 0.000000
5.995064 0.000000
5.997127 0.000000
5.999190 0.000000
6.001253 0.000000
6.003316 0.000000
6.005379 0.000000
6.007441 0.000000
6.009504 0.000000
6.011567 0.000000
6.013630 0.000000
6.015693 0.000000
6.017756 0.000000
6.019819 0.000000
6.021882 0.000000
6.023945 0.000000
6.026008 0.000000
6.028071 0.000000
6.030134 0.000000
6.032197 0.000000
6.034260 0.000000
6.068184 0.000000
6.133740 0.000000
6.199066 0.000000
6.264393 0.000000
6.329720 0.000000
6.395046 0.000000
6.460602 0.000000
6.525929 0.000000
6.591256 0.000000
6.656582 0.000000
6.721909 0.000000
6.787236 0.000000
6.852562 0.000000
6.918118 0.000000
6.957773 0.000000
6.965795 0.000000
6.968088 0.000000
6.970150 0.000000
6.972214 0.000000
6.974277 0.000000
6.976339 0.000000
6.978402 0.000000
6.980465 0.000000
6.982528 0.000000
6.984591 0.000000
6.986654 0.000000
6.988717 0.000000
6.990780 0.000000
6.992843 0.000000
6.994906 0.000000
6.996969 0.000000
6.999032 0.000000
7.001095 0.000000
7.003158 0.000000
7.005221 0.000000
7.007284 0.000000
7.009347 0.000000
7.011410 0.000000
7.013472 0.000000
7.015535 0.000000
7.017598 0.000000
7.019661 0.000000
7.021724 0.000000
7.023787 0.000000
7.025850 0.000000
7.027913 0.000000
7.029976 0.000000
7.032039 0.000000
7.034102 0.000000
7.068026 0.000000
7.133582 0.000000
7.198909 0.000000
7.264235 0.000000
7.329562 0.000000
7.394889 0.000000
7.460445 0.000000
7.525772 0.000000
7.591098 0.000018
7.656425 0.000155
7.721752 0.000451
7.787079 0.000932
7.852061 0.001617
7.917961 0.002544
7.957616 0.003222
7.965638 0.003371
7.967930 0.003414
7.969993 0.003232
7.972056 0.001441
7.974120 0.001055
7.976182 0.001465
7.978245 0.003363
7.980308 0.003653
7.982371 0.003694
7.984434 0.003735
7.986497 0.003776
7.988560 0.003818
7.990623 0.003860
7.992686 0.003902
7.994749 0.003944
7.996812 0.003987
7.998875 0.004030
8.000938 0.004073
8.003000 0.004116
8.005064 0.004160
8.007127 0.004203
8.009189 0.004247
8.011253 0.004291
8.013315 0.004335
8.015379 0.004379
8.017441 0.004424
8.019504 0.004468
8.021567 0.004513
8.023630 0.004558
8.025693 0.004603
8.027756 0.004648
8.029819 0.004693
8.031882 0.004738
8.033945 0.004784
8.035320 0.004814
8.068327 0.005564
8.133883 0.007156
8.199210 0.008863
8.264537 0.010673
8.329864 0.012568
8.395190 0.014529
8.460746 0.016546
8.526073 0.018586
8.591400 0.020638
8.656727 0.022683
8.722054 0.024706
8.787380 0.026689
8.852707 0.028617
8.918263 0.030482
8.957918 0.031570
8.965940 0.031787
8.968233 0.031848
8.970295 0.031904
8.972358 0.031959
8.974422 0.032014
8.976484 0.032069
8.978547 0.029826
8.980610 0.024385
8.982673 0.018445
8.984736 0.014196
8.986799 0.017901
8.988862 0.023926
8.990925 0.029842
8.992988 0.032505
8.995051 0.032560
8.997114 0.032614
8.999177 0.032668
9.001240 0.032721
9.003303 0.032775
9.005366 0.032829
9.007428 0.032882
9.009492 0.032936
9.011554 0.032989
9.013617 0.033042
9.015681 0.033096
9.017743 0.033149
9.019806 0.033202
9.021869 0.033254
9.023932 0.033307
9.025995 0.033360
9.028058 0.033412
9.030121 0.033465
9.032184 0.033517
9.034247 0.033569
9.068171 0.034413
9.133727 0.035958
9.199054 0.037378
9.264381 0.038668
9.329708 0.039822
9.395034 0.040832
9.460590 0.041695
9.525917 0.042401
9.591244 0.042949
9.656571 0.043335
9.721898 0.043558
9.787225 0.043617
9.851558 0.043513
9.918108 0.043239
9.957762 0.042995
9.965785 0.042938
9.968077 0.042921
9.970140 0.042906
9.972203 0.042891
9.974266 0.042876
9.976329 0.042860
9.978392 0.042844
9.980455 0.042828
9.982518 0.042812
9.984581 0.042796
9.986643 0.042780
9.988706 0.042763
9.990769 0.042746
9.992832 0.042729
9.994895 0.042712
9.996958 0.041558
9.999021 0.035902
10.001084 0.029223
10.003147 0.023748
10.005210 0.022912
10.007273 0.026700
10.009336 0.033097
10.011399 0.039350
10.013462 0.042552
10.015525 0.042533
10.017588 0.042514
10.019651 0.042495
10.021714 0.042476
10.023777 0.042457
10.025840 0.042437
10.027902 0.042418
10.029965 0.042398
10.032028 0.042378
10.034091 0.042358
10.068016 0.042006
10.133572 0.041206
10.198898 0.040257
10.264225 0.039161
10.329552 0.037926
10.394879 0.036559
10.460435 0.035062
10.525762 0.033457
10.591089 0.031747
10.656416 0.029946
10.721743 0.028066
10.787070 0.026120
10.852397 0.024124
10.917953 0.022086
10.957607 0.020843
10.965630 0.020591
10.967922 0.020519
10.969985 0.020455
10.972048 0.020390
10.974111 0.020325
10.976174 0.020260
10.978237 0.020195
10.980300 0.020131
10.982363 0.020066
10.984426 0.020001
10.986488 0.019936
10.988552 0.019871
10.990614 0.019807
10.992678 0.019742
10.994740 0.019677
10.996803 0.019612
10.998867 0.019547
11.000929 0.019483
11.002992 0.019418
11.005055 0.019353
11.007118 0.019288
11.009181 0.019223
11.011244 0.019159
11.013307 0.019094
11.015370 0.018940
11.017433 0.015036
11.019496 0.009835
11.021559 0.006652
11.023622 0.009592
11.025685 0.014711
11.027748 0.018328
11.029811 0.018576
11.031873 0.018511
11.033937 0.018447
11.035312 0.018403
11.068319 0.017371
11.133875 0.015340
11.199202 0.013356
11.264529 0.011432
11.329856 0.009585
11.395183 0.007834
11.460739 0.006192
11.526066 0.004686
11.591393 0.003343
11.656720 0.002249
11.722047 0.001399
11.787374 0.000773
11.851058 0.000356
11.918257 0.000100
11.957912 0.000025
11.965934 0.000016
11.968226 0.000014
11.970289 0.000012
11.972352 0.000011
11.974415 0.000009
11.976478 0.000008
11.978541 0.000006
11.980604 0.000005
11.982667 0.000004
11.984730 0.000003
11.986793 0.000002
11.988856 0.000002
11.990919 0.000001
11.992982 0.000001
11.995045 0.000000
11.997108 0.000000
11.999171 0.000000
12.001234 0.000000
12.003297 0.000000
12.005360 0.000000
12.007423 0.000000
12.009486 0.000000
12.011548 0.000000
12.013612 0.000000
12.015674 0.000000
12.017737 0.000000
12.019801 0.000000
12.021863 0.000000
12.023926 0.000000
12.025989 0.000000
12.028052 0.000000
12.030115 0.000000
12.032178 0.000000
12.034241 0.000000
12.068165 0.000000
12.133721 0.000000
12.199048 0.000000
12.264375 0.000000
12.329702 0.000000
12.395029 0.000000
12.460586 0.000000
12.525913 0.000000
12.591240 0.000000
12.656567 0.000000
12.721894 0.000000
12.787221 0.000000
12.852548 0.000000
12.918104 0.000000
12.957759 0.000000
12.965781 0.000000
12.968073 0.000000
12.970136 0.000000
12.972199 0.000000
12.974262 0.000000
12.976325 0.000000
12.978388 0.000000
12.980451 0.000000
12.982514 0.000000
12.984577 0.000000
12.986640 0.000000
12.988703 0.000000
12.990766 0.000000
12.992829 0.000000
12.994891 0.000000
12.996955 0.000000
12.999017 0.000000
13.001081 0.000000
13.003143 0.000000
13.005207 0.000000
13.007269 0.000000
13.009332 0.000000
13.011395 0.000000
13.013458 0.000000
13.015522 0.000000
13.017584 0.000000
13.019647 0.000000
13.021710 0.000000
13.023773 0.000000
13.025836 0.000000
13.027899 0.000000
13.029962 0.000000
13.032025 0.000000
13.034088 0.000000
13.068012 0.000000
13.133568 0.000000
13.198895 0.000000
13.264222 0.000000
13.329550 0.000000
13.394877 0.000000
13.460433 0.000000
13.525760 0.000000
13.591087 0.000000
13.656414 0.000000
13.721741 0.000000
13.787068 0.000000
13.850065 0.000000
13.917951 0.000000
13.957606 0.000000
13.965629 0.000000
13.967921 0.000000
13.969984 0.000000
13.972047 0.000000
13.974110 0.000000
13.976173 0.000000
13.978236 0.000000
13.980299 0.000000
13.982361 0.000000
13.984425 0.000000
13.986487 0.000000
13.988550 0.000000
13.990614 0.000000
13.992676 0.000000
13.994739 0.000000
13.996802 0.000000
13.998865 0.000000
14.000928 0.000000
14.002991 0.000000
14.005054 0.000000
14.007117 0.000000
14.009180 0.000000
14.011243 0.000000
14.013306 0.000000
14.015369 0.000000
14.017432 0.000000
14.019495 0.000000
14.021558 0.000000
14.023621 0.000000
14.025684 0.000000
14.027747 0.000000
14.029810 0.000000
14.031873 0.000000
14.033936 0.000000
14.035311 0.000000
14.068318 0.000000
14.133875 0.000000
14.199202 0.000000
14.264455 0.000000
14.329856 0.000000
14.395183 0.000000
14.460739 0.000000
14.526066 0.000000
14.591394 0.000000
14.656721 0.000000
14.722048 0.000000
14.787375 0.000000
14.852702 0.000000
14.918258 0.000000
14.957913 0.000000
14.965936 0.000000
14.968228 0.000000
14.970291 0.000000
14.972354 0.000000
14.974417 0.000000
14.976480 0.000000
14.978543 0.000000
14.980606 0.000000
14.982668 0.000000
14.984732 0.000000
14.986795 0.000000
14.988858 0.000000
14.990920 0.000000
14.992983 0.000000
14.995047 0.000000
14.997109 0.000000
14.999173 0.000000
15.001235 0.000000
15.003298 0.000000
15.005361 0.000000
15.007424 0.000000
15.009487 0.000000
15.011550 0.000000
15.013613 0.000000
15.015676 0.000000
15.017739 0.000000
15.019802 0.000000
15.021865 0.000000
15.023928 0.000000
15.025991 0.000000
15.028054 0.000000
15.030117 0.000000
15.032180 0.000000
15.034243 0.000000
15.068167 0.000000
15.133723 0.000000
15.199050 0.000000
15.264378 0.000000
15.329705 0.000000
15.395032 0.000000
15.460588 0.000000
15.525916 0.000000
15.591243 0.000018
15.656570 0.000156
15.721897 0.000452
15.787224 0.000933
15.852551 0.001623
15.920591 0.002586
15.957763 0.003225
15.965785 0.003374
15.968077 0.003417
15.970140 0.003116
15.972203 0.001383
15.974266 0.001058
15.976329 0.001533
15.978392 0.003484
15.980455 0.003656
15.982518 0.003697
15.984581 0.003738
15.986644 0.003779
15.988707 0.003821
15.990770 0.003863
15.992833 0.003905
15.994896 0.003947
15.996959 0.003990
15.999022 0.004033
16.001085 0.004076
16.003148 0.004119
16.005211 0.004163
16.007274 0.004206
16.009337 0.004250
16.011400 0.004294
16.013463 0.004338
16.015526 0.004382
16.017588 0.004427
16.019652 0.004471
16.021714 0.004516
16.023778 0.004561
16.025840 0.004606
16.027904 0.004651
16.029966 0.004696
16.032029 0.004742
16.034092 0.004787
16.068017 0.005557
16.133573 0.007148
16.198900 0.008854
16.264227 0.010664
16.329555 0.012558
16.394882 0.014520
16.460438 0.016537
16.525765 0.018577
16.591093 0.020628
16.656420 0.022674
16.721747 0.024696
16.787074 0.026679
16.852402 0.028608
16.917958 0.030473
16.957613 0.031562
16.965636 0.031779
16.967928 0.031840
16.969991 0.031895
16.972054 0.031951
16.974117 0.032006
16.976180 0.032061
16.978243 0.030468
16.980305 0.025262
16.982368 0.019285
16.984431 0.014533
16.986494 0.017126
16.988557 0.022995
16.990620 0.029058
16.992683 0.032497
16.994746 0.032552
16.996809 0.032606
16.998872 0.032660
17.000935 0.032713
17.002998 0.032767
17.005061 0.032821
17.007124 0.032874
17.009187 0.032928
17.011250 0.032981
17.013313 0.033035
17.015376 0.033088
17.017439 0.033141
17.019502 0.033194
17.021565 0.033247
17.023628 0.033299
17.025691 0.033352
17.027754 0.033405
17.029817 0.033457
17.031880 0.033509
17.033943 0.033562
17.035318 0.033596
17.068325 0.034417
17.133882 0.035962
17.199209 0.037381
17.264536 0.038671
17.329864 0.039825
17.395191 0.040834
17.460518 0.041695
17.525846 0.042401
17.591402 0.042950
17.656729 0.043336
17.722057 0.043558
17.787384 0.043617
17.852711 0.043510
17.919867 0.043229
17.957693 0.042995
17.965945 0.042937
17.968237 0.042920
17.970301 0.042905
17.972363 0.042890
17.974426 0.042874
17.976489 0.042859
17.978552 0.042843
17.980615 0.042827
17.982678 0.042811
17.984741 0.042795
17.986804 0.042778
17.988867 0.042762
17.990930 0.042745
17.992993 0.042728
17.995056 0.042711
17.997119 0.041219
17.999182 0.035388
18.001245 0.028722
18.003308 0.023463
18.005371 0.022921
18.007434 0.027157
18.009497 0.033615
18.011560 0.039769
18.013623 0.042550
18.015686 0.042532
18.017749 0.042513
18.019812 0.042494
18.021875 0.042475
18.023938 0.042455
18.026000 0.042436
18.028064 0.042416
18.030126 0.042397
18.032190 0.042377
18.034252 0.042357
18.068177 0.042004
18.133733 0.041203
18.199061 0.040254
18.264388 0.039158
18.329715 0.037923
18.395043 0.036555
18.460599 0.035058
18.525927 0.033452
18.591254 0.031743
18.656581 0.029941
18.721909 0.028061
18.787236 0.026115
18.852563 0.024119
18.917891 0.022088
18.957545 0.020845
18.965797 0.020586
18.968090 0.020514
18.970153 0.020449
18.972216 0.020385
18.974279 0.020320
18.976341 0.020255
18.978404 0.020190
18.980467 0.020125
18.982531 0.020061
18.984593 0.019996
18.986657 0.019931
18.988719 0.019866
18.990782 0.019801
18.992845 0.019736
18.994908 0.019672
18.996971 0.019607
18.999034 0.019542
19.001097 0.019477
19.003160 0.019412
19.005223 0.019348
19.007286 0.019283
19.009349 0.019218
19.011412 0.019153
19.013475 0.019089
19.015538 0.018772
19.017601 0.014624
19.019664 0.009425
19.021727 0.006655
19.023790 0.010027
19.025853 0.015086
19.027916 0.018479
19.029979 0.018571
19.032041 0.018506
19.034105 0.018441
19.068486 0.017366
19.133815 0.015341
19.199142 0.013358
19.264470 0.011433
19.329797 0.009587
19.395432 0.007828
19.460452 0.006199
19.526008 0.004687
19.591336 0.003344
19.656663 0.002250
19.721991 0.001400
19.787318 0.000773
19.852646 0.000348
19.919119 0.000098
19.957628 0.000026
19.965651 0.000017
19.967943 0.000014
19.970005 0.000013
19.972069 0.000011
19.974131 0.000009
19.976195 0.000008
19.978257 0.000007
19.980321 0.000005
19.982384 0.000004
19.984446 0.000003
19.986510 0.000003
19.988572 0.000002
19.990635 0.000001
19.992698 0.000001
19.994762 0.000000
19.996824 0.000000
19.998887 0.000000
20.000950 0.000000
20.003014 0.000000
20.005076 0.000000
20.007139 0.000000
20.009202 0.000000
20.011265 0.000000
20.013328 0.000000
20.015391 0.000000
20.017454 0.000000
20.019517 0.000000
20.021580 0.000000
20.023643 0.000000
20.025706 0.000000
20.027769 0.000000
20.029832 0.000000
20.031895 0.000000
20.033958 0.000000
20.035333 0.000000
20.068341 0.000000
20.133897 0.000000
20.199225 0.000000
20.264552 0.000000
20.329880 0.000000
20.395207 0.000000
20.460535 0.000000
20.525862 0.000000
20.591419 0.000000
20.659253 0.000000
