-0.176691 0.000000
-0.111248 0.000000
-0.056924 0.000000
-0.034002 0.000000
-0.031710 0.000000
-0.029647 0.000000
-0.027584 0.000000
-0.025521 0.000000
-0.023458 0.000000
-0.021396 0.000000
-0.019332 0.000000
-0.017270 0.000000
-0.015206 0.000000
-0.013144 0.000000
-0.011081 0.000000
-0.009018 0.000000
-0.006955 0.000000
-0.004892 0.000000
-0.002829 0.000000
-0.000766 0.000000
0.001297 0.000000
0.003360 0.000000
0.005423 0.000000
0.007486 0.000000
0.009549 0.000000
0.011611 0.000000
0.013675 0.000000
0.015737 0.000000
0.017801 0.000000
0.019863 0.000000
0.021926 0.000000
0.023990 0.000000
0.026052 0.000000
0.028115 0.000000
0.030178 0.000000
0.032241 0.000000
0.034304 0.000000
0.068228 0.000000
0.133784 0.000000
0.199110 0.000000
0.264436 0.000000
0.329763 0.000000
0.395089 0.000000
0.460645 0.000000
0.525971 0.000000
0.591298 0.000000
0.656624 0.000000
0.721786 0.000000
0.787277 0.000000
0.852604 0.000000
0.918159 0.000000
0.957813 0.000000
0.965836 0.000000
0.968128 0.000000
0.970191 0.000000
0.972254 0.000000
0.974317 0.000000
0.976380 0.000000
0.978443 0.000000
0.980506 0.000000
0.982569 0.000000
0.984632 0.000000
0.986695 0.000000
0.988758 0.000000
0.990820 0.000000
0.992884 0.000000
0.994946 0.000000
0.997009 0.000000
0.999073 0.000000
1.001135 0.000000
1.003198 0.000000
1.005261 0.000000
1.007324 0.000000
1.009387 0.000000
1.011450 0.000000
1.013513 0.000000
1.015576 0.000000
1.017639 0.000000
1.019701 0.000000
1.021765 0.000000
1.023827 0.000000
1.025891 0.000000
1.027954 0.000000
1.030016 0.000000
1.032079 0.000000
1.034142 0.000000
1.068066 0.000000
1.133622 0.000000
1.198948 0.000000
1.264275 0.000000
1.329601 0.000000
1.394928 0.000000
1.460483 0.000000
1.525810 0.000000
1.591136 0.000000
1.656463 0.000000
1.721789 0.000000
1.787116 0.000000
1.854085 0.000000
1.917998 0.000000
1.957652 0.000000
1.965675 0.000000
1.967967 0.000000
1.970030 0.000000
1.972093 0.000000
1.974156 0.000000
1.976219 0.000000
1.978282 0.000000
1.980345 0.000000
1.982407 0.000000
1.984470 0.000000
1.986533 0.000000
1.988596 0.000000
1.990660 0.000000
1.992722 0.000000
1.994785 0.000000
1.996848 0.000000
1.998911 0.000000
2.000974 0.000000
2.003037 0.000000
2.005100 0.000000
2.007163 0.000000
2.009226 0.000000
2.011289 0.000000
2.013352 0.000000
2.015414 0.000000
2.017478 0.000000
2.019540 0.000000
2.021603 0.000000
2.023667 0.000000
2.025729 0.000000
2.027792 0.000000
2.029855 0.000000
2.031918 0.000000
2.033981 0.000000
2.035356 0.000000
2.068364 0.000000
2.133919 0.000000
2.199246 0.000000
2.264572 0.000000
2.329899 0.000000
2.395225 0.000000
2.460781 0.000000
2.526107 0.000000
2.591434 0.000000
2.656760 0.000000
2.722087 0.000044
2.787414 0.000227
2.852740 0.000577
2.918296 0.001121
2.957950 0.001554
2.965973 0.001651
2.968265 0.001680
2.970328 0.001195
2.972391 0.000595
2.974454 0.000540
2.976517 0.000909
2.978579 0.001812
2.980643 0.001839
2.982705 0.001866
2.984768 0.001894
2.986832 0.001922
2.988894 0.001950
2.990957 0.001978
2.993020 0.002006
2.995083 0.002035
2.997146 0.002064
2.999209 0.002093
3.001272 0.002123
3.003335 0.002153
3.005398 0.002182
3.007461 0.002213
3.009524 0.002243
3.011586 0.002274
3.013650 0.002305
3.015713 0.002336
3.017775 0.002367
3.019839 0.002399
3.021901 0.002431
3.023964 0.002463
3.026027 0.002495
3.028090 0.002528
3.030153 0.002561
3.032216 0.002594
3.034279 0.002627
3.068203 0.003213
3.133759 0.004536
3.199085 0.006028
3.264412 0.007651
3.329738 0.009391
3.395065 0.011228
3.460621 0.013151
3.525947 0.015130
3.591274 0.017150
3.656600 0.019196
3.721927 0.021247
3.787253 0.023287
3.853573 0.025330
3.918136 0.027275
3.957790 0.028441
3.965813 0.028675
3.968105 0.028741
3.970168 0.028801
3.972231 0.028860
3.974294 0.028920
3.976357 0.027980
3.978420 0.023261
3.980483 0.017459
3.982546 0.012429
3.984608 0.014954
3.986671 0.020717
3.988734 0.026529
3.990798 0.029394
3.992860 0.029452
3.994923 0.029511
3.996986 0.029570
3.999049 0.029629
4.001112 0.029687
4.003175 0.029746
4.005238 0.029804
4.007301 0.029863
4.009364 0.029921
4.011427 0.029979
4.013490 0.030037
4.015553 0.030095
4.017616 0.030153
4.019678 0.030211
4.021741 0.030269
4.023805 0.030327
4.025867 0.030384
4.027930 0.030442
4.029993 0.030499
4.032056 0.030557
4.034119 0.030614
4.068043 0.031544
4.133599 0.033270
4.198925 0.034888
4.264252 0.036393
4.329579 0.037775
4.394905 0.039026
4.460461 0.040141
4.525788 0.041107
4.591114 0.041922
4.656441 0.042581
4.721767 0.043080
4.787094 0.043418
4.852421 0.043593
4.917977 0.043602
4.957631 0.043527
4.965654 0.043505
4.967946 0.043498
4.970009 0.043491
4.972072 0.043485
4.974134 0.043478
4.976197 0.043471
4.978260 0.043464
4.980323 0.043457
4.982387 0.043450
4.984449 0.043442
4.986512 0.043434
4.988575 0.043427
4.990638 0.043419
4.992701 0.043410
4.994764 0.041918
4.996827 0.036092
4.998890 0.029413
5.000953 0.024125
5.003016 0.023537
5.005079 0.027473
5.007142 0.033938
5.009205 0.040228
5.011268 0.043329
5.013330 0.043320
5.015394 0.043310
5.017456 0.043300
5.019519 0.043289
5.021582 0.043279
5.023645 0.043268
5.025708 0.043257
5.027771 0.043247
5.029834 0.043235
5.031897 0.043224
5.033960 0.043213
5.035335 0.043205
5.068342 0.042998
5.133898 0.042466
5.199225 0.041777
5.264551 0.040933
5.329878 0.039939
5.395205 0.038800
5.460761 0.037519
5.526087 0.036113
5.591414 0.034586
5.656740 0.032947
5.722067 0.031208
5.787394 0.029382
5.853064 0.027470
5.918276 0.025511
5.957931 0.024296
5.965953 0.024048
5.968245 0.023978
5.970308 0.023914
5.972371 0.023850
5.974435 0.023786
5.976497 0.023722
5.978561 0.023659
5.980623 0.023595
5.982686 0.023531
5.984749 0.023467
5.986812 0.023403
5.988875 0.023339
5.990938 0.023275
5.993001 0.023210
5.995064 0.023146
5.997127 0.023082
5.999190 0.023018
6.001253 0.022954
6.003316 0.022890
6.005379 0.022825
6.007441 0.022761
6.009504 0.022697
6.011567 0.022632
6.013630 0.022491
6.015693 0.018442
6.017756 0.012923
6.019819 0.008453
6.021882 0.010841
6.023945 0.016287
6.026008 0.020841
6.028071 0.022117
6.030134 0.022053
6.032197 0.021988
6.034260 0.021923
6.068184 0.020860
6.133740 0.018801
6.199066 0.016759
6.264393 0.014745
6.329720 0.012777
6.395046 0.010874
6.460602 0.009048
6.525929 0.007329
6.591256 0.005730
6.656582 0.004266
6.721909 0.002992
6.787236 0.001972
6.852562 0.001191
6.918118 0.000625
6.957773 0.000379
6.965795 0.000338
6.968088 0.000326
6.970150 0.000316
6.972214 0.000307
6.974277 0.000297
6.976339 0.000287
6.978402 0.000278
6.980465 0.000269
6.982528 0.000260
6.984591 0.000251
6.986654 0.000242
6.988717 0.000234
6.990780 0.000226
6.992843 0.000217
6.994906 0.000209
6.996969 0.000202
6.999032 0.000194
7.001095 0.000187
7.003158 0.000179
7.005221 0.000172
7.007284 0.000165
7.009347 0.000158
7.011410 0.000151
7.013472 0.000145
7.015535 0.000139
7.017598 0.000132
7.019661 0.000126
7.021724 0.000120
7.023787 0.000060
7.025850 0.000034
7.027913 0.000035
7.029976 0.000065
7.032039 0.000093
7.034102 0.000088
7.068026 0.000026
7.133582 0.000000
7.198909 0.000000
7.264235 0.000000
7.329562 0.000000
7.394889 0.000000
7.460445 0.000000
7.525772 0.000000
7.591098 0.000000
7.656425 0.000000
7.721752 0.000000
7.787079 0.000000
7.852061 0.000000
7.917961 0.000000
7.957616 0.000000
7.965638 0.000000
7.967930 0.000000
7.969993 0.000000
7.972056 0.000000
7.974120 0.000000
7.976182 0.000000
7.978245 0.000000
7.980308 0.000000
7.982371 0.000000
7.984434 0.000000
7.986497 0.000000
7.988560 0.000000
7.990623 0.000000
7.992686 0.000000
7.994749 0.000000
7.996812 0.000000
7.998875 0.000000
8.000938 0.000000
8.003000 0.000000
8.005064 0.000000
8.007127 0.000000
8.009189 0.000000
8.011253 0.000000
8.013315 0.000000
8.015379 0.000000
8.017441 0.000000
8.019504 0.000000
8.021567 0.000000
8.023630 0.000000
8.025693 0.000000
8.027756 0.000000
8.029819 0.000000
8.031882 0.000000
8.033945 0.000000
8.035320 0.000000
8.068327 0.000000
8.133883 0.000000
8.199210 0.000000
8.264537 0.000000
8.329864 0.000000
8.395190 0.000000
8.460746 0.000000
8.526073 0.000000
8.591400 0.000000
8.656727 0.000000
8.722054 0.000000
8.787380 0.000000
8.852707 0.000000
8.918263 0.000000
8.957918 0.000000
8.965940 0.000000
8.968233 0.000000
8.970295 0.000000
8.972358 0.000000
8.974422 0.000000
8.976484 0.000000
8.978547 0.000000
8.980610 0.000000
8.982673 0.000000
8.984736 0.000000
8.986799 0.000000
8.988862 0.000000
8.990925 0.000000
8.992988 0.000000
8.995051 0.000000
8.997114 0.000000
8.999177 0.000000
9.001240 0.000000
9.003303 0.000000
9.005366 0.000000
9.007428 0.000000
9.009492 0.000000
9.011554 0.000000
9.013617 0.000000
9.015681 0.000000
9.017743 0.000000
9.019806 0.000000
9.021869 0.000000
9.023932 0.000000
9.025995 0.000000
9.028058 0.000000
9.030121 0.000000
9.032184 0.000000
9.034247 0.000000
9.068171 0.000000
9.133727 0.000000
9.199054 0.000000
9.264381 0.000000
9.329708 0.000000
9.395034 0.000000
9.460590 0.000000
9.525917 0.000000
9.591244 0.000000
9.656571 0.000000
9.721898 0.000000
9.787225 0.000000
9.851558 0.000000
9.918108 0.000000
9.957762 0.000000
9.965785 0.000000
9.968077 0.000000
9.970140 0.000000
9.972203 0.000000
9.974266 0.000000
9.976329 0.000000
9.978392 0.000000
9.980455 0.000000
9.982518 0.000000
9.984581 0.000000
9.986643 0.000000
9.988706 0.000000
9.990769 0.000000
9.992832 0.000000
9.994895 0.000000
9.996958 0.000000
9.999021 0.000000
10.001084 0.000000
10.003147 0.000000
10.005210 0.000000
10.007273 0.000000
10.009336 0.000000
10.011399 0.000000
10.013462 0.000000
10.015525 0.000000
10.017588 0.000000
10.019651 0.000000
10.021714 0.000000
10.023777 0.000000
10.025840 0.000000
10.027902 0.000000
10.029965 0.000000
10.032028 0.000000
10.034091 0.000000
10.068016 0.000000
10.133572 0.000000
10.198898 0.000000
10.264225 0.000000
10.329552 0.000000
10.394879 0.000000
10.460435 0.000000
10.525762 0.000000
10.591089 0.000000
10.656416 0.000000
10.721743 0.000044
10.787070 0.000226
10.852397 0.000575
10.917953 0.001117
10.957607 0.001550
10.965630 0.001647
10.967922 0.001676
10.969985 0.001486
10.972048 0.000642
10.974111 0.000524
10.976174 0.000803
10.978237 0.001807
10.980300 0.001834
10.982363 0.001862
10.984426 0.001889
10.986488 0.001917
10.988552 0.001945
10.990614 0.001973
10.992678 0.002002
10.994740 0.002030
10.996803 0.002059
10.998867 0.002088
11.000929 0.002118
11.002992 0.002148
11.005055 0.002177
11.007118 0.002208
11.009181 0.002238
11.011244 0.002269
11.013307 0.002300
11.015370 0.002331
11.017433 0.002362
11.019496 0.002394
11.021559 0.002425
11.023622 0.002458
11.025685 0.002490
11.027748 0.002523
11.029811 0.002555
11.031873 0.002588
11.033937 0.002622
11.035312 0.002644
11.068319 0.003215
11.133875 0.004539
11.199202 0.006030
11.264529 0.007654
11.329856 0.009394
11.395183 0.011231
11.460739 0.013155
11.526066 0.015133
11.591393 0.017154
11.656720 0.019199
11.722047 0.021251
11.787374 0.023291
11.851058 0.025253
11.918257 0.027278
11.957912 0.028445
11.965934 0.028678
11.968226 0.028744
11.970289 0.028804
11.972352 0.028864
11.974415 0.028923
11.976478 0.027771
11.978541 0.022930
11.980604 0.017121
11.982667 0.012233
11.984730 0.015257
11.986793 0.021078
11.988856 0.026828
11.990919 0.029397
11.992982 0.029456
11.995045 0.029515
11.997108 0.029573
11.999171 0.029632
12.001234 0.029691
12.003297 0.029749
12.005360 0.029808
12.007423 0.029866
12.009486 0.029924
12.011548 0.029982
12.013612 0.030041
12.015674 0.030099
12.017737 0.030157
12.019801 0.030214
12.021863 0.030272
12.023926 0.030330
12.025989 0.030388
12.028052 0.030445
12.030115 0.030503
12.032178 0.030560
12.034241 0.030617
12.068165 0.031547
12.133721 0.033273
12.199048 0.034891
12.264375 0.036396
12.329702 0.037778
12.395029 0.039028
12.460586 0.040143
12.525913 0.041109
12.591240 0.041923
12.656567 0.042582
12.721894 0.043081
12.787221 0.043419
12.852548 0.043593
12.918104 0.043602
12.957759 0.043527
12.965781 0.043504
12.968073 0.043497
12.970136 0.043491
12.972199 0.043484
12.974262 0.043478
12.976325 0.043471
12.978388 0.043464
12.980451 0.043457
12.982514 0.043449
12.984577 0.043442
12.986640 0.043434
12.988703 0.043426
12.990766 0.043418
12.992829 0.043410
12.994891 0.041631
12.996955 0.035680
12.999017 0.029019
13.001081 0.023922
13.003143 0.023542
13.005207 0.027839
13.007269 0.034354
13.009332 0.040563
13.011395 0.043329
13.013458 0.043319
13.015522 0.043309
13.017584 0.043299
13.019647 0.043289
13.021710 0.043278
13.023773 0.043268
13.025836 0.043257
13.027899 0.043246
13.029962 0.043235
13.032025 0.043223
13.034088 0.043212
13.068012 0.043001
13.133568 0.042469
13.198895 0.041781
13.264222 0.040937
13.329550 0.039944
13.394877 0.038806
13.460433 0.037526
13.525760 0.036120
13.591087 0.034594
13.656414 0.032956
13.721741 0.031217
13.787068 0.029391
13.850065 0.027559
13.917951 0.025521
13.957606 0.024306
13.965629 0.024058
13.967921 0.023988
13.969984 0.023924
13.972047 0.023860
13.974110 0.023796
13.976173 0.023732
13.978236 0.023669
13.980299 0.023605
13.982361 0.023541
13.984425 0.023477
13.986487 0.023413
13.988550 0.023349
13.990614 0.023285
13.992676 0.023221
13.994739 0.023156
13.996802 0.023092
13.998865 0.023028
14.000928 0.022964
14.002991 0.022900
14.005054 0.022835
14.007117 0.022771
14.009180 0.022707
14.011243 0.022643
14.013306 0.022578
14.015369 0.019254
14.017432 0.013788
14.019495 0.008808
14.021558 0.010008
14.023621 0.015450
14.025684 0.020256
14.027747 0.022127
14.029810 0.022063
14.031873 0.021998
14.033936 0.021934
14.035311 0.021891
14.068318 0.020856
14.133875 0.018797
14.199202 0.016755
14.264455 0.014743
14.329856 0.012773
14.395183 0.010870
14.460739 0.009044
14.526066 0.007326
14.591394 0.005727
14.656721 0.004263
14.722048 0.002989
14.787375 0.001970
14.852702 0.001189
14.918258 0.000624
14.957913 0.000378
14.965936 0.000337
14.968228 0.000326
14.970291 0.000316
14.972354 0.000306
14.974417 0.000296
14.976480 0.000287
14.978543 0.000277
14.980606 0.000268
14.982668 0.000259
14.984732 0.000250
14.986795 0.000242
14.988858 0.000233
14.990920 0.000225
14.992983 0.000217
14.995047 0.000209
14.997109 0.000201
14.999173 0.000193
15.001235 0.000186
15.003298 0.000179
15.005361 0.000172
15.007424 0.000165
15.009487 0.000158
15.011550 0.000151
15.013613 0.000144
15.015676 0.000138
15.017739 0.000132
15.019802 0.000126
15.021865 0.000120
15.023928 0.000056
15.025991 0.000033
15.028054 0.000036
15.030117 0.000070
15.032180 0.000093
15.034243 0.000088
15.068167 0.000026
15.133723 0.000000
15.199050 0.000000
15.264378 0.000000
15.329705 0.000000
15.395032 0.000000
15.460588 0.000000
15.525916 0.000000
15.591243 0.000000
15.656570 0.000000
15.721897 0.000000
15.787224 0.000000
15.852551 0.000000
15.920591 0.000000
15.957763 0.000000
15.965785 0.000000
15.968077 0.000000
15.970140 0.000000
15.972203 0.000000
15.974266 0.000000
15.976329 0.000000
15.978392 0.000000
15.980455 0.000000
15.982518 0.000000
15.984581 0.000000
15.986644 0.000000
15.988707 0.000000
15.990770 0.000000
15.992833 0.000000
15.994896 0.000000
15.996959 0.000000
15.999022 0.000000
16.001085 0.000000
16.003148 0.000000
16.005211 0.000000
16.007274 0.000000
16.009337 0.000000
16.011400 0.000000
16.013463 0.000000
16.015526 0.000000
16.017588 0.000000
16.019652 0.000000
16.021714 0.000000
16.023778 0.000000
16.025840 0.000000
16.027904 0.000000
16.029966 0.000000
16.032029 0.000000
16.034092 0.000000
16.068017 0.000000
16.133573 0.000000
16.198900 0.000000
16.264227 0.000000
16.329555 0.000000
16.394882 0.000000
16.460438 0.000000
16.525765 0.000000
16.591093 0.000000
16.656420 0.000000
16.721747 0.000000
16.787074 0.000000
16.852402 0.000000
16.917958 0.000000
16.957613 0.000000
16.965636 0.000000
16.967928 0.000000
16.969991 0.000000
16.972054 0.000000
16.974117 0.000000
16.976180 0.000000
16.978243 0.000000
16.980305 0.000000
16.982368 0.000000
16.984431 0.000000
16.986494 0.000000
16.988557 0.000000
16.990620 0.000000
16.992683 0.000000
16.994746 0.000000
16.996809 0.000000
16.998872 0.000000
17.000935 0.000000
17.002998 0.000000
17.005061 0.000000
17.007124 0.000000
17.009187 0.000000
17.011250 0.000000
17.013313 0.000000
17.015376 0.000000
17.017439 0.000000
17.019502 0.000000
17.021565 0.000000
17.023628 0.000000
17.025691 0.000000
17.027754 0.000000
17.029817 0.000000
17.031880 0.000000
17.033943 0.000000
17.035318 0.000000
17.068325 0.000000
17.133882 0.000000
17.199209 0.000000
17.264536 0.000000
17.329864 0.000000
17.395191 0.000000
17.460518 0.000000
17.525846 0.000000
17.591402 0.000000
17.656729 0.000000
17.722057 0.000000
17.787384 0.000000
17.852711 0.000000
17.919867 0.000000
17.957693 0.000000
17.965945 0.000000
17.968237 0.000000
17.970301 0.000000
17.972363 0.000000
17.974426 0.000000
17.976489 0.000000
17.978552 0.000000
17.980615 0.000000
17.982678 0.000000
17.984741 0.000000
17.986804 0.000000
17.988867 0.000000
17.990930 0.000000
17.992993 0.000000
17.995056 0.000000
17.997119 0.000000
17.999182 0.000000
18.001245 0.000000
18.003308 0.000000
18.005371 0.000000
18.007434 0.000000
18.009497 0.000000
18.011560 0.000000
18.013623 0.000000
18.015686 0.000000
18.017749 0.000000
18.019812 0.000000
18.021875 0.000000
18.023938 0.000000
18.026000 0.000000
18.028064 0.000000
18.030126 0.000000
18.032190 0.000000
18.034252 0.000000
18.068177 0.000000
18.133733 0.000000
18.199061 0.000000
18.264388 0.000000
18.329715 0.000000
18.395043 0.000000
18.460599 0.000000
18.525927 0.000000
18.591254 0.000000
18.656581 0.000000
18.721909 0.000044
18.787236 0.000227
18.852563 0.000576
18.917891 0.001117
18.957545 0.001549
18.965797 0.001649
18.968090 0.001678
18.970153 0.001353
18.972216 0.000617
18.974279 0.000530
18.976341 0.000852
18.978404 0.001810
18.980467 0.001837
18.982531 0.001864
18.984593 0.001891
18.986657 0.001919
18.988719 0.001947
18.990782 0.001975
18.992845 0.002004
18.994908 0.002033
18.996971 0.002062
18.999034 0.002091
19.001097 0.002120
19.003160 0.002150
19.005223 0.002180
19.007286 0.002210
19.009349 0.002240
19.011412 0.002271
19.013475 0.002302
19.015538 0.002333
19.017601 0.002365
19.019664 0.002396
19.021727 0.002428
19.023790 0.002460
19.025853 0.002493
19.027916 0.002525
19.029979 0.002558
19.032041 0.002591
19.034105 0.002625
19.068486 0.003218
19.133815 0.004537
19.199142 0.006029
19.264470 0.007653
19.329797 0.009392
19.395432 0.011238
19.460452 0.013146
19.526008 0.015131
19.591336 0.017152
19.656663 0.019198
19.721991 0.021249
19.787318 0.023289
19.852646 0.025302
19.919119 0.027304
19.957628 0.028437
19.965651 0.028670
19.967943 0.028736
19.970005 0.028796
19.972069 0.028856
19.974131 0.028915
19.976195 0.028239
19.978257 0.023695
19.980321 0.017914
19.982384 0.012736
19.984446 0.014561
19.986510 0.020237
19.988572 0.026119
19.990635 0.029389
19.992698 0.029448
19.994762 0.029507
19.996824 0.029565
19.998887 0.029624
20.000950 0.029683
20.003014 0.029741
20.005076 0.029800
20.007139 0.029858
20.009202 0.029916
20.011265 0.029974
20.013328 0.030033
20.015391 0.030091
20.017454 0.030149
20.019517 0.030206
20.021580 0.030264
20.023643 0.030322
20.025706 0.030380
20.027769 0.030437
20.029832 0.030495
20.031895 0.030552
20.033958 0.030609
20.035333 0.030648
20.068341 0.031552
20.133897 0.033278
20.199225 0.034895
20.264552 0.036400
20.329880 0.037781
20.395207 0.039031
20.460535 0.040142
20.525862 0.041108
20.591419 0.041925
20.659253 0.042605
