-0.176691 0.000000
-0.111248 0.000000
-0.056924 0.000000
-0.034002 0.000000
-0.031710 0.000000
-0.029647 0.000000
-0.027584 0.000000
-0.025521 0.000000
-0.023458 0.000000
-0.021396 0.000000
-0.019332 0.000000
-0.017270 0.000000
-0.015206 0.000000
-0.013144 0.000000
-0.011081 0.000000
-0.009018 0.000000
-0.006955 0.000000
-0.004892 0.000000
-0.002829 0.000000
-0.000766 0.000000
0.001297 0.000000
0.003360 0.000000
0.005423 0.000000
0.007486 0.000000
0.009549 0.000000
0.011611 0.000000
0.013675 0.000000
0.015737 0.000000
0.017801 0.000000
0.019863 0.000000
0.021926 0.000000
0.023990 0.000000
0.026052 0.000000
0.028115 0.000000
0.030178 0.000000
0.032241 0.000000
0.034304 0.000000
0.068228 0.000000
0.133784 0.000000
0.199110 0.000000
0.264436 0.000000
0.329763 0.000000
0.395089 0.000000
0.460645 0.000000
0.525971 0.000000
0.591298 0.000000
0.656624 0.000000
0.721786 0.000000
0.787277 0.000000
0.852604 0.000000
0.918159 0.000000
0.957813 0.000000
0.965836 0.000000
0.968128 0.000000
0.970191 0.000000
0.972254 0.000000
0.974317 0.000000
0.976380 0.000000
0.978443 0.000000
0.980506 0.000000
0.982569 0.000000
0.984632 0.000000
0.986695 0.000000
0.988758 0.000000
0.990820 0.000000
0.992884 0.000000
0.994946 0.000000
0.997009 0.000000
0.999073 0.000000
1.001135 0.000000
1.003198 0.000000
1.005261 0.000000
1.007324 0.000000
1.009387 0.000000
1.011450 0.000000
1.013513 0.000000
1.015576 0.000000
1.017639 0.000000
1.019701 0.000000
1.021765 0.000000
1.023827 0.000000
1.025891 0.000000
1.027954 0.000000
1.030016 0.000000
1.032079 0.000000
1.034142 0.000000
1.068066 0.000000
1.133622 0.000000
1.198948 0.000000
1.264275 0.000000
1.329601 0.000000
1.394928 0.000000
1.460483 0.000000
1.525810 0.000000
1.591136 0.000000
1.656463 0.000000
1.721789 0.000000
1.787116 0.000000
1.854085 0.000000
1.917998 0.000000
1.957652 0.000000
1.965675 0.000000
1.967967 0.000000
1.970030 0.000000
1.972093 0.000000
1.974156 0.000000
1.976219 0.000000
1.978282 0.000000
1.980345 0.000000
1.982407 0.000000
1.984470 0.000000
1.986533 0.000000
1.988596 0.000000
1.990660 0.000000
1.992722 0.000000
1.994785 0.000000
1.996848 0.000000
1.998911 0.000000
2.000974 0.000000
2.003037 0.000000
2.005100 0.000000
2.007163 0.000000
2.009226 0.000000
2.011289 0.000000
2.013352 0.000000
2.015414 0.000000
2.017478 0.000000
2.019540 0.000000
2.021603 0.000000
2.023667 0.000000
2.025729 0.000000
2.027792 0.000000
2.029855 0.000000
2.031918 0.000000
2.033981 0.000000
2.035356 0.000000
2.068364 0.000000
2.133919 0.000000
2.199246 0.000000
2.264572 0.000026
2.329899 0.000178
2.395225 0.000492
2.460781 0.000996
2.526107 0.001709
2.591434 0.002653
2.656760 0.003849
2.722087 0.005267
2.787414 0.006827
2.852740 0.008510
2.918296 0.010308
2.957950 0.011439
2.965973 0.011672
2.968265 0.011738
2.970328 0.011791
2.972391 0.009158
2.974454 0.004869
2.976517 0.003926
2.978579 0.006434
2.980643 0.010669
2.982705 0.012160
2.984768 0.012221
2.986832 0.012282
2.988894 0.012342
2.990957 0.012403
2.993020 0.012464
2.995083 0.012525
2.997146 0.012586
2.999209 0.012647
3.001272 0.012708
3.003335 0.012769
3.005398 0.012830
3.007461 0.012892
3.009524 0.012953
3.011586 0.013014
3.013650 0.013076
3.015713 0.013138
3.017775 0.013199
3.019839 0.013261
3.021901 0.013323
3.023964 0.013384
3.026027 0.013446
3.028090 0.013508
3.030153 0.013570
3.032216 0.013632
3.034279 0.013694
3.068203 0.014723
3.133759 0.016744
3.199085 0.018785
3.264412 0.020837
3.329738 0.022881
3.395065 0.024900
3.460621 0.026885
3.525947 0.028807
3.591274 0.030658
3.656600 0.032425
3.721927 0.034095
3.787253 0.035658
3.853573 0.037123
3.918136 0.038424
3.957790 0.039158
3.965813 0.039300
3.968105 0.039340
3.970168 0.039376
3.972231 0.039412
3.974294 0.039448
3.976357 0.039484
3.978420 0.039519
3.980483 0.039554
3.982546 0.039590
3.984608 0.035803
3.986671 0.029615
3.988734 0.023493
3.990798 0.020410
3.992860 0.022721
3.994923 0.028767
3.996986 0.035272
3.999049 0.039805
4.001112 0.039900
4.003175 0.039934
4.005238 0.039968
4.007301 0.040001
4.009364 0.040035
4.011427 0.040068
4.013490 0.040101
4.015553 0.040134
4.017616 0.040167
4.019678 0.040199
4.021741 0.040232
4.023805 0.040264
4.025867 0.040296
4.027930 0.040328
4.029993 0.040360
4.032056 0.040392
4.034119 0.040424
4.068043 0.040922
4.133599 0.041771
4.198925 0.042461
4.264252 0.042993
4.329579 0.043364
4.394905 0.043571
4.460461 0.043613
4.525788 0.043491
4.591114 0.043204
4.656441 0.042754
4.721767 0.042145
4.787094 0.041378
4.852421 0.040459
4.917977 0.039389
4.957631 0.038672
4.965654 0.038521
4.967946 0.038477
4.970009 0.038438
4.972072 0.038399
4.974134 0.038359
4.976197 0.038319
4.978260 0.038279
4.980323 0.038239
4.982387 0.038199
4.984449 0.038159
4.986512 0.038118
4.988575 0.038078
4.990638 0.038037
4.992701 0.037996
4.994764 0.037955
4.996827 0.037914
4.998890 0.037873
5.000953 0.037832
5.003016 0.037790
5.005079 0.033912
5.007142 0.027564
5.009205 0.021458
5.011268 0.018616
5.013330 0.021910
5.015394 0.027976
5.017456 0.033991
5.019519 0.037453
5.021582 0.037411
5.023645 0.037368
5.025708 0.037325
5.027771 0.037282
5.029834 0.037239
5.031897 0.037195
5.033960 0.037152
5.035335 0.037123
5.068342 0.036409
5.133898 0.034900
5.199225 0.033283
5.264551 0.031564
5.329878 0.029754
5.395205 0.027866
5.460761 0.025907
5.526087 0.023907
5.591414 0.021873
5.656740 0.019824
5.722067 0.017775
5.787394 0.015744
5.853064 0.013741
5.918276 0.011807
5.957931 0.010666
5.965953 0.010438
5.968245 0.010374
5.970308 0.010316
5.972371 0.010258
5.974435 0.010200
5.976497 0.010142
5.978561 0.010084
5.980623 0.010026
5.982686 0.009969
5.984749 0.009911
5.986812 0.009854
5.988875 0.009797
5.990938 0.009739
5.993001 0.009682
5.995064 0.009625
5.997127 0.009568
5.999190 0.009512
6.001253 0.009455
6.003316 0.009398
6.005379 0.009342
6.007441 0.009285
6.009504 0.009229
6.011567 0.009173
6.013630 0.009117
6.015693 0.009061
6.017756 0.009005
6.019819 0.008670
6.021882 0.005263
6.023945 0.002902
6.026008 0.003141
6.028071 0.006207
6.030134 0.008666
6.032197 0.008616
6.034260 0.008561
6.068184 0.007670
6.133740 0.006040
6.199066 0.004547
6.264393 0.003226
6.329720 0.002157
6.395046 0.001329
6.460602 0.000721
6.525929 0.000315
6.591256 0.000084
6.656582 0.000001
6.721909 0.000000
6.787236 0.000000
6.852562 0.000000
6.918118 0.000000
6.957773 0.000000
6.965795 0.000000
6.968088 0.000000
6.970150 0.000000
6.972214 0.000000
6.974277 0.000000
6.976339 0.000000
6.978402 0.000000
6.980465 0.000000
6.982528 0.000000
6.984591 0.000000
6.986654 0.000000
6.988717 0.000000
6.990780 0.000000
6.992843 0.000000
6.994906 0.000000
6.996969 0.000000
6.999032 0.000000
7.001095 0.000000
7.003158 0.000000
7.005221 0.000000
7.007284 0.000000
7.009347 0.000000
7.011410 0.000000
7.013472 0.000000
7.015535 0.000000
7.017598 0.000000
7.019661 0.000000
7.021724 0.000000
7.023787 0.000000
7.025850 0.000000
7.027913 0.000000
7.029976 0.000000
7.032039 0.000000
7.034102 0.000000
7.068026 0.000000
7.133582 0.000000
7.198909 0.000000
7.264235 0.000000
7.329562 0.000000
7.394889 0.000000
7.460445 0.000000
7.525772 0.000000
7.591098 0.000000
7.656425 0.000000
7.721752 0.000000
7.787079 0.000000
7.852061 0.000000
7.917961 0.000000
7.957616 0.000000
7.965638 0.000000
7.967930 0.000000
7.969993 0.000000
7.972056 0.000000
7.974120 0.000000
7.976182 0.000000
7.978245 0.000000
7.980308 0.000000
7.982371 0.000000
7.984434 0.000000
7.986497 0.000000
7.988560 0.000000
7.990623 0.000000
7.992686 0.000000
7.994749 0.000000
7.996812 0.000000
7.998875 0.000000
8.000938 0.000000
8.003000 0.000000
8.005064 0.000000
8.007127 0.000000
8.009189 0.000000
8.011253 0.000000
8.013315 0.000000
8.015379 0.000000
8.017441 0.000000
8.019504 0.000000
8.021567 0.000000
8.023630 0.000000
8.025693 0.000000
8.027756 0.000000
8.029819 0.000000
8.031882 0.000000
8.033945 0.000000
8.035320 0.000000
8.068327 0.000000
8.133883 0.000000
8.199210 0.000000
8.264537 0.000000
8.329864 0.000000
8.395190 0.000000
8.460746 0.000000
8.526073 0.000000
8.591400 0.000000
8.656727 0.000000
8.722054 0.000000
8.787380 0.000000
8.852707 0.000000
8.918263 0.000000
8.957918 0.000000
8.965940 0.000000
8.968233 0.000000
8.970295 0.000000
8.972358 0.000000
8.974422 0.000000
8.976484 0.000000
8.978547 0.000000
8.980610 0.000000
8.982673 0.000000
8.984736 0.000000
8.986799 0.000000
8.988862 0.000000
8.990925 0.000000
8.992988 0.000000
8.995051 0.000000
8.997114 0.000000
8.999177 0.000000
9.001240 0.000000
9.003303 0.000000
9.005366 0.000000
9.007428 0.000000
9.009492 0.000000
9.011554 0.000000
9.013617 0.000000
9.015681 0.000000
9.017743 0.000000
9.019806 0.000000
9.021869 0.000000
9.023932 0.000000
9.025995 0.000000
9.028058 0.000000
9.030121 0.000000
9.032184 0.000000
9.034247 0.000000
9.068171 0.000000
9.133727 0.000000
9.199054 0.000000
9.264381 0.000000
9.329708 0.000000
9.395034 0.000000
9.460590 0.000000
9.525917 0.000000
9.591244 0.000000
9.656571 0.000000
9.721898 0.000000
9.787225 0.000000
9.851558 0.000000
9.918108 0.000000
9.957762 0.000000
9.965785 0.000000
9.968077 0.000000
9.970140 0.000000
9.972203 0.000000
9.974266 0.000000
9.976329 0.000000
9.978392 0.000000
9.980455 0.000000
9.982518 0.000000
9.984581 0.000000
9.986643 0.000000
9.988706 0.000000
9.990769 0.000000
9.992832 0.000000
9.994895 0.000000
9.996958 0.000000
9.999021 0.000000
10.001084 0.000000
10.003147 0.000000
10.005210 0.000000
10.007273 0.000000
10.009336 0.000000
10.011399 0.000000
10.013462 0.000000
10.015525 0.000000
10.017588 0.000000
10.019651 0.000000
10.021714 0.000000
10.023777 0.000000
10.025840 0.000000
10.027902 0.000000
10.029965 0.000000
10.032028 0.000000
10.034091 0.000000
10.068016 0.000000
10.133572 0.000000
10.198898 0.000000
10.264225 0.000025
10.329552 0.000177
10.394879 0.000490
10.460435 0.000993
10.525762 0.001704
10.591089 0.002648
10.656416 0.003842
10.721743 0.005259
10.787070 0.006818
10.852397 0.008501
10.917953 0.010298
10.957607 0.011429
10.965630 0.011662
10.967922 0.011728
10.969985 0.011788
10.972048 0.009781
10.974111 0.005427
10.976174 0.003876
10.978237 0.005711
10.980300 0.010035
10.982363 0.012150
10.984426 0.012211
10.986488 0.012271
10.988552 0.012332
10.990614 0.012393
10.992678 0.012454
10.994740 0.012515
10.996803 0.012576
10.998867 0.012637
11.000929 0.012698
11.002992 0.012759
11.005055 0.012820
11.007118 0.012881
11.009181 0.012943
11.011244 0.013004
11.013307 0.013066
11.015370 0.013127
11.017433 0.013189
11.019496 0.013251
11.021559 0.013312
11.023622 0.013374
11.025685 0.013436
11.027748 0.013498
11.029811 0.013560
11.031873 0.013622
11.033937 0.013684
11.035312 0.013725
11.068319 0.014726
11.133875 0.016747
11.199202 0.018789
11.264529 0.020841
11.329856 0.022885
11.395183 0.024904
11.460739 0.026889
11.526066 0.028811
11.591393 0.030662
11.656720 0.032428
11.722047 0.034098
11.787374 0.035661
11.851058 0.037070
11.918257 0.038426
11.957912 0.039160
11.965934 0.039302
11.968226 0.039342
11.970289 0.039378
11.972352 0.039414
11.974415 0.039450
11.976478 0.039486
11.978541 0.039521
11.980604 0.039556
11.982667 0.039574
11.984730 0.035471
11.986793 0.029234
11.988856 0.023179
11.990919 0.020396
11.992982 0.023024
11.995045 0.029158
11.997108 0.035626
11.999171 0.039868
12.001234 0.039902
12.003297 0.039936
12.005360 0.039970
12.007423 0.040003
12.009486 0.040037
12.011548 0.040070
12.013612 0.040103
12.015674 0.040136
12.017737 0.040168
12.019801 0.040201
12.021863 0.040234
12.023926 0.040266
12.025989 0.040298
12.028052 0.040330
12.030115 0.040362
12.032178 0.040394
12.034241 0.040425
12.068165 0.040924
12.133721 0.041772
12.199048 0.042462
12.264375 0.042994
12.329702 0.043364
12.395029 0.043571
12.460586 0.043613
12.525913 0.043490
12.591240 0.043203
12.656567 0.042753
12.721894 0.042143
12.787221 0.041377
12.852548 0.040457
12.918104 0.039387
12.957759 0.038670
12.965781 0.038519
12.968073 0.038475
12.970136 0.038436
12.972199 0.038396
12.974262 0.038357
12.976325 0.038317
12.978388 0.038277
12.980451 0.038237
12.982514 0.038197
12.984577 0.038156
12.986640 0.038116
12.988703 0.038075
12.990766 0.038035
12.992829 0.037994
12.994891 0.037953
12.996955 0.037912
12.999017 0.037870
13.001081 0.037829
13.003143 0.037787
13.005207 0.033550
13.007269 0.027157
13.009332 0.021136
13.011395 0.018636
13.013458 0.022250
13.015522 0.028370
13.017584 0.034319
13.019647 0.037451
13.021710 0.037408
13.023773 0.037365
13.025836 0.037322
13.027899 0.037279
13.029962 0.037236
13.032025 0.037193
13.034088 0.037149
13.068012 0.036417
13.133568 0.034908
13.198895 0.033292
13.264222 0.031573
13.329550 0.029763
13.394877 0.027876
13.460433 0.025917
13.525760 0.023917
13.591087 0.021884
13.656414 0.019834
13.721741 0.017785
13.787068 0.015754
13.850065 0.013831
13.917951 0.011816
13.957606 0.010675
13.965629 0.010448
13.967921 0.010383
13.969984 0.010325
13.972047 0.010267
13.974110 0.010209
13.976173 0.010151
13.978236 0.010093
13.980299 0.010035
13.982361 0.009978
13.984425 0.009920
13.986487 0.009863
13.988550 0.009806
13.990614 0.009748
13.992676 0.009691
13.994739 0.009634
13.996802 0.009577
13.998865 0.009520
14.000928 0.009464
14.002991 0.009407
14.005054 0.009351
14.007117 0.009294
14.009180 0.009238
14.011243 0.009182
14.013306 0.009125
14.015369 0.009069
14.017432 0.009013
14.019495 0.008934
14.021558 0.005877
14.023621 0.003049
14.025684 0.002967
14.027747 0.005599
14.029810 0.008512
14.031873 0.008625
14.033936 0.008569
14.035311 0.008533
14.068318 0.007667
14.133875 0.006036
14.199202 0.004544
14.264455 0.003225
14.329856 0.002155
14.395183 0.001327
14.460739 0.000720
14.526066 0.000315
14.591394 0.000084
14.656721 0.000001
14.722048 0.000000
14.787375 0.000000
14.852702 0.000000
14.918258 0.000000
14.957913 0.000000
14.965936 0.000000
14.968228 0.000000
14.970291 0.000000
14.972354 0.000000
14.974417 0.000000
14.976480 0.000000
14.978543 0.000000
14.980606 0.000000
14.982668 0.000000
14.984732 0.000000
14.986795 0.000000
14.988858 0.000000
14.990920 0.000000
14.992983 0.000000
14.995047 0.000000
14.997109 0.000000
14.999173 0.000000
15.001235 0.000000
15.003298 0.000000
15.005361 0.000000
15.007424 0.000000
15.009487 0.000000
15.011550 0.000000
15.013613 0.000000
15.015676 0.000000
15.017739 0.000000
15.019802 0.000000
15.021865 0.000000
15.023928 0.000000
15.025991 0.000000
15.028054 0.000000
15.030117 0.000000
15.032180 0.000000
15.034243 0.000000
15.068167 0.000000
15.133723 0.000000
15.199050 0.000000
15.264378 0.000000
15.329705 0.000000
15.395032 0.000000
15.460588 0.000000
15.525916 0.000000
15.591243 0.000000
15.656570 0.000000
15.721897 0.000000
15.787224 0.000000
15.852551 0.000000
15.920591 0.000000
15.957763 0.000000
15.965785 0.000000
15.968077 0.000000
15.970140 0.000000
15.972203 0.000000
15.974266 0.000000
15.976329 0.000000
15.978392 0.000000
15.980455 0.000000
15.982518 0.000000
15.984581 0.000000
15.986644 0.000000
15.988707 0.000000
15.990770 0.000000
15.992833 0.000000
15.994896 0.000000
15.996959 0.000000
15.999022 0.000000
16.001085 0.000000
16.003148 0.000000
16.005211 0.000000
16.007274 0.000000
16.009337 0.000000
16.011400 0.000000
16.013463 0.000000
16.015526 0.000000
16.017588 0.000000
16.019652 0.000000
16.021714 0.000000
16.023778 0.000000
16.025840 0.000000
16.027904 0.000000
16.029966 0.000000
16.032029 0.000000
16.034092 0.000000
16.068017 0.000000
16.133573 0.000000
16.198900 0.000000
16.264227 0.000000
16.329555 0.000000
16.394882 0.000000
16.460438 0.000000
16.525765 0.000000
16.591093 0.000000
16.656420 0.000000
16.721747 0.000000
16.787074 0.000000
16.852402 0.000000
16.917958 0.000000
16.957613 0.000000
16.965636 0.000000
16.967928 0.000000
16.969991 0.000000
16.972054 0.000000
16.974117 0.000000
16.976180 0.000000
16.978243 0.000000
16.980305 0.000000
16.982368 0.000000
16.984431 0.000000
16.986494 0.000000
16.988557 0.000000
16.990620 0.000000
16.992683 0.000000
16.994746 0.000000
16.996809 0.000000
16.998872 0.000000
17.000935 0.000000
17.002998 0.000000
17.005061 0.000000
17.007124 0.000000
17.009187 0.000000
17.011250 0.000000
17.013313 0.000000
17.015376 0.000000
17.017439 0.000000
17.019502 0.000000
17.021565 0.000000
17.023628 0.000000
17.025691 0.000000
17.027754 0.000000
17.029817 0.000000
17.031880 0.000000
17.033943 0.000000
17.035318 0.000000
17.068325 0.000000
17.133882 0.000000
17.199209 0.000000
17.264536 0.000000
17.329864 0.000000
17.395191 0.000000
17.460518 0.000000
17.525846 0.000000
17.591402 0.000000
17.656729 0.000000
17.722057 0.000000
17.787384 0.000000
17.852711 0.000000
17.919867 0.000000
17.957693 0.000000
17.965945 0.000000
17.968237 0.000000
17.970301 0.000000
17.972363 0.000000
17.974426 0.000000
17.976489 0.000000
17.978552 0.000000
17.980615 0.000000
17.982678 0.000000
17.984741 0.000000
17.986804 0.000000
17.988867 0.000000
17.990930 0.000000
17.992993 0.000000
17.995056 0.000000
17.997119 0.000000
17.999182 0.000000
18.001245 0.000000
18.003308 0.000000
18.005371 0.000000
18.007434 0.000000
18.009497 0.000000
18.011560 0.000000
18.013623 0.000000
18.015686 0.000000
18.017749 0.000000
18.019812 0.000000
18.021875 0.000000
18.023938 0.000000
18.026000 0.000000
18.028064 0.000000
18.030126 0.000000
18.032190 0.000000
18.034252 0.000000
18.068177 0.000000
18.133733 0.000000
18.199061 0.000000
18.264388 0.000025
18.329715 0.000178
18.395043 0.000491
18.460599 0.000994
18.525927 0.001706
18.591254 0.002650
18.656581 0.003845
18.721909 0.005263
18.787236 0.006822
18.852563 0.008506
18.917891 0.010296
18.957545 0.011427
18.965797 0.011667
18.968090 0.011733
18.970153 0.011793
18.972216 0.009484
18.974279 0.005125
18.976341 0.003891
18.978404 0.006063
18.980467 0.010352
18.982531 0.012155
18.984593 0.012216
18.986657 0.012276
18.988719 0.012337
18.990782 0.012398
18.992845 0.012459
18.994908 0.012520
18.996971 0.012581
18.999034 0.012642
19.001097 0.012703
19.003160 0.012764
19.005223 0.012825
19.007286 0.012886
19.009349 0.012948
19.011412 0.013009
19.013475 0.013071
19.015538 0.013132
19.017601 0.013194
19.019664 0.013256
19.021727 0.013317
19.023790 0.013379
19.025853 0.013441
19.027916 0.013503
19.029979 0.013565
19.032041 0.013627
19.034105 0.013689
19.068486 0.014731
19.133815 0.016745
19.199142 0.018787
19.264470 0.020839
19.329797 0.022883
19.395432 0.024911
19.460452 0.026880
19.526008 0.028809
19.591336 0.030660
19.656663 0.032427
19.721991 0.034097
19.787318 0.035659
19.852646 0.037104
19.919119 0.038443
19.957628 0.039155
19.965651 0.039297
19.967943 0.039337
19.970005 0.039373
19.972069 0.039409
19.974131 0.039445
19.976195 0.039481
19.978257 0.039516
19.980321 0.039552
19.982384 0.039587
19.984446 0.036234
19.986510 0.030124
19.988572 0.023924
19.990635 0.020430
19.992698 0.022334
19.994762 0.028249
19.996824 0.034793
19.998887 0.039638
20.000950 0.039898
20.003014 0.039931
20.005076 0.039965
20.007139 0.039999
20.009202 0.040032
20.011265 0.040065
20.013328 0.040098
20.015391 0.040131
20.017454 0.040164
20.019517 0.040197
20.021580 0.040229
20.023643 0.040262
20.025706 0.040294
20.027769 0.040326
20.029832 0.040358
20.031895 0.040389
20.033958 0.040421
20.035333 0.040442
20.068341 0.040927
20.133897 0.041774
20.199225 0.042464
20.264552 0.042995
20.329880 0.043365
20.395207 0.043571
20.460535 0.043613
20.525862 0.043490
20.591419 0.043202
20.659253 0.042731
