-0.176691 0.000000
-0.111248 0.000000
-0.056924 0.000000
-0.034002 0.000000
-0.031710 0.000000
-0.029647 0.000000
-0.027584 0.000000
-0.025521 0.000000
-0.023458 0.000000
-0.021396 0.000000
-0.019332 0.000000
-0.017270 0.000000
-0.015206 0.000000
-0.013144 0.000000
-0.011081 0.000000
-0.009018 0.000000
-0.006955 0.000000
-0.004892 0.000000
-0.002829 0.000000
-0.000766 0.000000
0.001297 0.000000
0.003360 0.000000
0.005423 0.000000
0.007486 0.000000
0.009549 0.000000
0.011611 0.000000
0.013675 0.000000
0.015737 0.000000
0.017801 0.000000
0.019863 0.000000
0.021926 0.000000
0.023990 0.000000
0.026052 0.000000
0.028115 0.000000
0.030178 0.000000
0.032241 0.000000
0.034304 0.000000
0.068228 0.000000
0.133784 0.000000
0.199110 0.000000
0.264436 0.000000
0.329763 0.000000
0.395089 0.000000
0.460645 0.000000
0.525971 0.000000
0.591298 0.000000
0.656624 0.000000
0.721786 0.000000
0.787277 0.000000
0.852604 0.000000
0.918159 0.000000
0.957813 0.000000
0.965836 0.000000
0.968128 0.000000
0.970191 0.000000
0.972254 0.000000
0.974317 0.000000
0.976380 0.000000
0.978443 0.000000
0.980506 0.000000
0.982569 0.000000
0.984632 0.000000
0.986695 0.000000
0.988758 0.000000
0.990820 0.000000
0.992884 0.000000
0.994946 0.000000
0.997009 0.000000
0.999073 0.000000
1.001135 0.000000
1.003198 0.000000
1.005261 0.000000
1.007324 0.000000
1.009387 0.000000
1.011450 0.000000
1.013513 0.000000
1.015576 0.000000
1.017639 0.000000
1.019701 0.000000
1.021765 0.000000
1.023827 0.000000
1.025891 0.000000
1.027954 0.000000
1.030016 0.000000
1.032079 0.000000
1.034142 0.000000
1.068066 0.000000
1.133622 0.000000
1.198948 0.000000
1.264275 0.000000
1.329601 0.000000
1.394928 0.000055
1.460483 0.000254
1.525810 0.000621
1.591136 0.001183
1.656463 0.001962
1.721789 0.002979
1.787116 0.004250
1.854085 0.005751
1.917998 0.007316
1.957652 0.008346
1.965675 0.008559
1.967967 0.008620
1.970030 0.008607
1.972093 0.005905
1.974156 0.003046
1.976219 0.002969
1.978282 0.005574
1.980345 0.008826
1.982407 0.009009
1.984470 0.009065
1.986533 0.009121
1.988596 0.009177
1.990660 0.009233
1.992722 0.009290
1.994785 0.009346
1.996848 0.009403
1.998911 0.009459
2.000974 0.009516
2.003037 0.009573
2.005100 0.009630
2.007163 0.009687
2.009226 0.009744
2.011289 0.009801
2.013352 0.009858
2.015414 0.009916
2.017478 0.009973
2.019540 0.010031
2.021603 0.010089
2.023667 0.010146
2.025729 0.010204
2.027792 0.010262
2.029855 0.010320
2.031918 0.010378
2.033981 0.010437
2.035356 0.010475
2.068364 0.011419
2.133919 0.013350
2.199246 0.015333
2.264572 0.017357
2.329899 0.019404
2.395225 0.021455
2.460781 0.023500
2.526107 0.025509
2.591434 0.027472
2.656760 0.029373
2.722087 0.031201
2.787414 0.032940
2.852740 0.034579
2.918296 0.036112
2.957950 0.036980
2.965973 0.037151
2.968265 0.037199
2.970328 0.037242
2.972391 0.037285
2.974454 0.037328
2.976517 0.037371
2.978579 0.037414
2.980643 0.037456
2.982705 0.033565
2.984768 0.027478
2.986832 0.021491
2.988894 0.018592
2.990957 0.021879
2.993020 0.028078
2.995083 0.034358
2.997146 0.037793
2.999209 0.037835
3.001272 0.037876
3.003335 0.037917
3.005398 0.037958
3.007461 0.037999
3.009524 0.038040
3.011586 0.038081
3.013650 0.038122
3.015713 0.038162
3.017775 0.038202
3.019839 0.038242
3.021901 0.038282
3.023964 0.038322
3.026027 0.038362
3.028090 0.038402
3.030153 0.038441
3.032216 0.038481
3.034279 0.038520
3.068203 0.039145
3.133759 0.040246
3.199085 0.041197
3.264412 0.041996
3.329738 0.042639
3.395065 0.043122
3.460621 0.043444
3.525947 0.043601
3.591274 0.043594
3.656600 0.043421
3.721927 0.043085
3.787253 0.042587
3.853573 0.041919
3.918136 0.041114
3.957790 0.040546
3.965813 0.040425
3.968105 0.040389
3.970168 0.040358
3.972231 0.040326
3.974294 0.040294
3.976357 0.040262
3.978420 0.040229
3.980483 0.040197
3.982546 0.040164
3.984608 0.040131
3.986671 0.040098
3.988734 0.040065
3.990798 0.040032
3.992860 0.039999
3.994923 0.039965
3.996986 0.039931
3.999049 0.039898
4.001112 0.039639
4.003175 0.034795
4.005238 0.028251
4.007301 0.022335
4.009364 0.020429
4.011427 0.023921
4.013490 0.030121
4.015553 0.036231
4.017616 0.039587
4.019678 0.039552
4.021741 0.039516
4.023805 0.039481
4.025867 0.039445
4.027930 0.039409
4.029993 0.039373
4.032056 0.039337
4.034119 0.039301
4.068043 0.038685
4.133599 0.037392
4.198925 0.035974
4.264252 0.034435
4.329579 0.032787
4.394905 0.031039
4.460461 0.029199
4.525788 0.027290
4.591114 0.025323
4.656441 0.023311
4.721767 0.021271
4.787094 0.019219
4.852421 0.017174
4.917977 0.015146
4.957631 0.013938
4.965654 0.013696
4.967946 0.013627
4.970009 0.013565
4.972072 0.013503
4.974134 0.013441
4.976197 0.013380
4.978260 0.013318
4.980323 0.013256
4.982387 0.013194
4.984449 0.013133
4.986512 0.013071
4.988575 0.013010
4.990638 0.012948
4.992701 0.012887
4.994764 0.012826
4.996827 0.012764
4.998890 0.012703
5.000953 0.012642
5.003016 0.012581
5.005079 0.012520
5.007142 0.012459
5.009205 0.012398
5.011268 0.012337
5.013330 0.012277
5.015394 0.012216
5.017456 0.012156
5.019519 0.010376
5.021582 0.006091
5.023645 0.003893
5.025708 0.005104
5.027771 0.009459
5.029834 0.011794
5.031897 0.011734
5.033960 0.011674
5.035335 0.011634
5.068342 0.010685
5.133898 0.008869
5.199225 0.007161
5.264551 0.005575
5.329878 0.004126
5.395205 0.002877
5.460761 0.001879
5.526087 0.001121
5.591414 0.000579
5.656740 0.000228
5.722067 0.000045
5.787394 0.000000
5.853064 0.000000
5.918276 0.000000
5.957931 0.000000
5.965953 0.000000
5.968245 0.000000
5.970308 0.000000
5.972371 0.000000
5.974435 0.000000
5.976497 0.000000
5.978561 0.000000
5.980623 0.000000
5.982686 0.000000
5.984749 0.000000
5.986812 0.000000
5.988875 0.000000
5.990938 0.000000
5.993001 0.000000
5.995064 0.000000
5.997127 0.000000
5.999190 0.000000
6.001253 0.000000
6.003316 0.000000
6.005379 0.000000
6.007441 0.000000
6.009504 0.000000
6.011567 0.000000
6.013630 0.000000
6.015693 0.000000
6.017756 0.000000
6.019819 0.000000
6.021882 0.000000
6.023945 0.000000
6.026008 0.000000
6.028071 0.000000
6.030134 0.000000
6.032197 0.000000
6.034260 0.000000
6.068184 0.000000
6.133740 0.000000
6.199066 0.000000
6.264393 0.000000
6.329720 0.000000
6.395046 0.000000
6.460602 0.000000
6.525929 0.000000
6.591256 0.000000
6.656582 0.000000
6.721909 0.000000
6.787236 0.000000
6.852562 0.000000
6.918118 0.000000
6.957773 0.000000
6.965795 0.000000
6.968088 0.000000
6.970150 0.000000
6.972214 0.000000
6.974277 0.000000
6.976339 0.000000
6.978402 0.000000
6.980465 0.000000
6.982528 0.000000
6.984591 0.000000
6.986654 0.000000
6.988717 0.000000
6.990780 0.000000
6.992843 0.000000
6.994906 0.000000
6.996969 0.000000
6.999032 0.000000
7.001095 0.000000
7.003158 0.000000
7.005221 0.000000
7.007284 0.000000
7.009347 0.000000
7.011410 0.000000
7.013472 0.000000
7.015535 0.000000
7.017598 0.000000
7.019661 0.000000
7.021724 0.000000
7.023787 0.000000
7.025850 0.000000
7.027913 0.000000
7.029976 0.000000
7.032039 0.000000
7.034102 0.000000
7.068026 0.000000
7.133582 0.000000
7.198909 0.000000
7.264235 0.000000
7.329562 0.000000
7.394889 0.000000
7.460445 0.000000
7.525772 0.000000
7.591098 0.000000
7.656425 0.000000
7.721752 0.000000
7.787079 0.000000
7.852061 0.000000
7.917961 0.000000
7.957616 0.000000
7.965638 0.000000
7.967930 0.000000
7.969993 0.000000
7.972056 0.000000
7.974120 0.000000
7.976182 0.000000
7.978245 0.000000
7.980308 0.000000
7.982371 0.000000
7.984434 0.000000
7.986497 0.000000
7.988560 0.000000
7.990623 0.000000
7.992686 0.000000
7.994749 0.000000
7.996812 0.000000
7.998875 0.000000
8.000938 0.000000
8.003000 0.000000
8.005064 0.000000
8.007127 0.000000
8.009189 0.000000
8.011253 0.000000
8.013315 0.000000
8.015379 0.000000
8.017441 0.000000
8.019504 0.000000
8.021567 0.000000
8.023630 0.000000
8.025693 0.000000
8.027756 0.000000
8.029819 0.000000
8.031882 0.000000
8.033945 0.000000
8.035320 0.000000
8.068327 0.000000
8.133883 0.000000
8.199210 0.000000
8.264537 0.000000
8.329864 0.000000
8.395190 0.000000
8.460746 0.000000
8.526073 0.000000
8.591400 0.000000
8.656727 0.000000
8.722054 0.000000
8.787380 0.000000
8.852707 0.000000
8.918263 0.000000
8.957918 0.000000
8.965940 0.000000
8.968233 0.000000
8.970295 0.000000
8.972358 0.000000
8.974422 0.000000
8.976484 0.000000
8.978547 0.000000
8.980610 0.000000
8.982673 0.000000
8.984736 0.000000
8.986799 0.000000
8.988862 0.000000
8.990925 0.000000
8.992988 0.000000
8.995051 0.000000
8.997114 0.000000
8.999177 0.000000
9.001240 0.000000
9.003303 0.000000
9.005366 0.000000
9.007428 0.000000
9.009492 0.000000
9.011554 0.000000
9.013617 0.000000
9.015681 0.000000
9.017743 0.000000
9.019806 0.000000
9.021869 0.000000
9.023932 0.000000
9.025995 0.000000
9.028058 0.000000
9.030121 0.000000
9.032184 0.000000
9.034247 0.000000
9.068171 0.000000
9.133727 0.000000
9.199054 0.000000
9.264381 0.000000
9.329708 0.000000
9.395034 0.000056
9.460590 0.000254
9.525917 0.000622
9.591244 0.001184
9.656571 0.001963
9.721898 0.002981
9.787225 0.004252
9.851558 0.005692
9.918108 0.007319
9.957762 0.008349
9.965785 0.008562
9.968077 0.008623
9.970140 0.008545
9.972203 0.005697
9.974266 0.002990
9.976329 0.003022
9.978392 0.005781
9.980455 0.008906
9.982518 0.009012
9.984581 0.009068
9.986643 0.009124
9.988706 0.009180
9.990769 0.009236
9.992832 0.009293
9.994895 0.009349
9.996958 0.009406
9.999021 0.009462
10.001084 0.009519
10.003147 0.009576
10.005210 0.009633
10.007273 0.009690
10.009336 0.009747
10.011399 0.009804
10.013462 0.009862
10.015525 0.009919
10.017588 0.009976
10.019651 0.010034
10.021714 0.010092
10.023777 0.010149
10.025840 0.010207
10.027902 0.010265
10.029965 0.010323
10.032028 0.010381
10.034091 0.010440
10.068016 0.011409
10.133572 0.013339
10.198898 0.015322
10.264225 0.017346
10.329552 0.019393
10.394879 0.021444
10.460435 0.023490
10.525762 0.025498
10.591089 0.027461
10.656416 0.029364
10.721743 0.031191
10.787070 0.032931
10.852397 0.034570
10.917953 0.036104
10.957607 0.036973
10.965630 0.037143
10.967922 0.037192
10.969985 0.037235
10.972048 0.037278
10.974111 0.037321
10.976174 0.037364
10.978237 0.037407
10.980300 0.037450
10.982363 0.034452
10.984426 0.028532
10.986488 0.022394
10.988552 0.018644
10.990614 0.021006
10.992678 0.026989
10.994740 0.033399
10.996803 0.037765
10.998867 0.037828
11.000929 0.037869
11.002992 0.037911
11.005055 0.037952
11.007118 0.037993
11.009181 0.038033
11.011244 0.038074
11.013307 0.038115
11.015370 0.038155
11.017433 0.038196
11.019496 0.038236
11.021559 0.038276
11.023622 0.038316
11.025685 0.038355
11.027748 0.038395
11.029811 0.038435
11.031873 0.038474
11.033937 0.038513
11.035312 0.038539
11.068319 0.039147
11.133875 0.040248
11.199202 0.041198
11.264529 0.041997
11.329856 0.042640
11.395183 0.043123
11.460739 0.043445
11.526066 0.043601
11.591393 0.043593
11.656720 0.043421
11.722047 0.043084
11.787374 0.042586
11.851058 0.041947
11.918257 0.041112
11.957912 0.040544
11.965934 0.040423
11.968226 0.040388
11.970289 0.040356
11.972352 0.040324
11.974415 0.040292
11.976478 0.040260
11.978541 0.040227
11.980604 0.040195
11.982667 0.040162
11.984730 0.040129
11.986793 0.040096
11.988856 0.040063
11.990919 0.040030
11.992982 0.039997
11.995045 0.039963
11.997108 0.039929
11.999171 0.039896
12.001234 0.039475
12.003297 0.034429
12.005360 0.027863
12.007423 0.022058
12.009486 0.020444
12.011548 0.024253
12.013612 0.030504
12.015674 0.036547
12.017737 0.039585
12.019801 0.039550
12.021863 0.039514
12.023926 0.039479
12.025989 0.039443
12.028052 0.039407
12.030115 0.039371
12.032178 0.039335
12.034241 0.039299
12.068165 0.038683
12.133721 0.037389
12.199048 0.035971
12.264375 0.034432
12.329702 0.032784
12.395029 0.031036
12.460586 0.029195
12.525913 0.027287
12.591240 0.025319
12.656567 0.023307
12.721894 0.021267
12.787221 0.019215
12.852548 0.017170
12.918104 0.015142
12.957759 0.013934
12.965781 0.013692
12.968073 0.013623
12.970136 0.013561
12.972199 0.013499
12.974262 0.013438
12.976325 0.013376
12.978388 0.013314
12.980451 0.013252
12.982514 0.013190
12.984577 0.013129
12.986640 0.013067
12.988703 0.013006
12.990766 0.012944
12.992829 0.012883
12.994891 0.012822
12.996955 0.012761
12.999017 0.012699
13.001081 0.012638
13.003143 0.012577
13.005207 0.012516
13.007269 0.012455
13.009332 0.012394
13.011395 0.012334
13.013458 0.012273
13.015522 0.012212
13.017584 0.012152
13.019647 0.010137
13.021710 0.005822
13.023773 0.003879
13.025836 0.005323
13.027899 0.009688
13.029962 0.011790
13.032025 0.011730
13.034088 0.011670
13.068012 0.010695
13.133568 0.008878
13.198895 0.007170
13.264222 0.005583
13.329550 0.004133
13.394877 0.002883
13.460433 0.001884
13.525760 0.001125
13.591087 0.000581
13.656414 0.000230
13.721741 0.000046
13.787068 0.000000
13.850065 0.000000
13.917951 0.000000
13.957606 0.000000
13.965629 0.000000
13.967921 0.000000
13.969984 0.000000
13.972047 0.000000
13.974110 0.000000
13.976173 0.000000
13.978236 0.000000
13.980299 0.000000
13.982361 0.000000
13.984425 0.000000
13.986487 0.000000
13.988550 0.000000
13.990614 0.000000
13.992676 0.000000
13.994739 0.000000
13.996802 0.000000
13.998865 0.000000
14.000928 0.000000
14.002991 0.000000
14.005054 0.000000
14.007117 0.000000
14.009180 0.000000
14.011243 0.000000
14.013306 0.000000
14.015369 0.000000
14.017432 0.000000
14.019495 0.000000
14.021558 0.000000
14.023621 0.000000
14.025684 0.000000
14.027747 0.000000
14.029810 0.000000
14.031873 0.000000
14.033936 0.000000
14.035311 0.000000
14.068318 0.000000
14.133875 0.000000
14.199202 0.000000
14.264455 0.000000
14.329856 0.000000
14.395183 0.000000
14.460739 0.000000
14.526066 0.000000
14.591394 0.000000
14.656721 0.000000
14.722048 0.000000
14.787375 0.000000
14.852702 0.000000
14.918258 0.000000
14.957913 0.000000
14.965936 0.000000
14.968228 0.000000
14.970291 0.000000
14.972354 0.000000
14.974417 0.000000
14.976480 0.000000
14.978543 0.000000
14.980606 0.000000
14.982668 0.000000
14.984732 0.000000
14.986795 0.000000
14.988858 0.000000
14.990920 0.000000
14.992983 0.000000
14.995047 0.000000
14.997109 0.000000
14.999173 0.000000
15.001235 0.000000
15.003298 0.000000
15.005361 0.000000
15.007424 0.000000
15.009487 0.000000
15.011550 0.000000
15.013613 0.000000
15.015676 0.000000
15.017739 0.000000
15.019802 0.000000
15.021865 0.000000
15.023928 0.000000
15.025991 0.000000
15.028054 0.000000
15.030117 0.000000
15.032180 0.000000
15.034243 0.000000
15.068167 0.000000
15.133723 0.000000
15.199050 0.000000
15.264378 0.000000
15.329705 0.000000
15.395032 0.000000
15.460588 0.000000
15.525916 0.000000
15.591243 0.000000
15.656570 0.000000
15.721897 0.000000
15.787224 0.000000
15.852551 0.000000
15.920591 0.000000
15.957763 0.000000
15.965785 0.000000
15.968077 0.000000
15.970140 0.000000
15.972203 0.000000
15.974266 0.000000
15.976329 0.000000
15.978392 0.000000
15.980455 0.000000
15.982518 0.000000
15.984581 0.000000
15.986644 0.000000
15.988707 0.000000
15.990770 0.000000
15.992833 0.000000
15.994896 0.000000
15.996959 0.000000
15.999022 0.000000
16.001085 0.000000
16.003148 0.000000
16.005211 0.000000
16.007274 0.000000
16.009337 0.000000
16.011400 0.000000
16.013463 0.000000
16.015526 0.000000
16.017588 0.000000
16.019652 0.000000
16.021714 0.000000
16.023778 0.000000
16.025840 0.000000
16.027904 0.000000
16.029966 0.000000
16.032029 0.000000
16.034092 0.000000
16.068017 0.000000
16.133573 0.000000
16.198900 0.000000
16.264227 0.000000
16.329555 0.000000
16.394882 0.000000
16.460438 0.000000
16.525765 0.000000
16.591093 0.000000
16.656420 0.000000
16.721747 0.000000
16.787074 0.000000
16.852402 0.000000
16.917958 0.000000
16.957613 0.000000
16.965636 0.000000
16.967928 0.000000
16.969991 0.000000
16.972054 0.000000
16.974117 0.000000
16.976180 0.000000
16.978243 0.000000
16.980305 0.000000
16.982368 0.000000
16.984431 0.000000
16.986494 0.000000
16.988557 0.000000
16.990620 0.000000
16.992683 0.000000
16.994746 0.000000
16.996809 0.000000
16.998872 0.000000
17.000935 0.000000
17.002998 0.000000
17.005061 0.000000
17.007124 0.000000
17.009187 0.000000
17.011250 0.000000
17.013313 0.000000
17.015376 0.000000
17.017439 0.000000
17.019502 0.000000
17.021565 0.000000
17.023628 0.000000
17.025691 0.000000
17.027754 0.000000
17.029817 0.000000
17.031880 0.000000
17.033943 0.000000
17.035318 0.000000
17.068325 0.000000
17.133882 0.000000
17.199209 0.000000
17.264536 0.000000
17.329864 0.000000
17.395191 0.000056
17.460518 0.000254
17.525846 0.000621
17.591402 0.001186
17.656729 0.001966
17.722057 0.002983
17.787384 0.004256
17.852711 0.005719
17.919867 0.007364
17.957693 0.008347
17.965945 0.008566
17.968237 0.008628
17.970301 0.008430
17.972363 0.005384
17.974426 0.002921
17.976489 0.003112
17.978552 0.006083
17.980615 0.008961
17.982678 0.009016
17.984741 0.009072
17.986804 0.009128
17.988867 0.009185
17.990930 0.009241
17.992993 0.009297
17.995056 0.009354
17.997119 0.009410
17.999182 0.009467
18.001245 0.009524
18.003308 0.009580
18.005371 0.009637
18.007434 0.009694
18.009497 0.009751
18.011560 0.009809
18.013623 0.009866
18.015686 0.009923
18.017749 0.009981
18.019812 0.010038
18.021875 0.010096
18.023938 0.010154
18.026000 0.010212
18.028064 0.010270
18.030126 0.010328
18.032190 0.010386
18.034252 0.010444
18.068177 0.011414
18.133733 0.013344
18.199061 0.015327
18.264388 0.017351
18.329715 0.019398
18.395043 0.021449
18.460599 0.023495
18.525927 0.025503
18.591254 0.027466
18.656581 0.029368
18.721909 0.031196
18.787236 0.032935
18.852563 0.034574
18.917891 0.036102
18.957545 0.036972
18.965797 0.037147
18.968090 0.037195
18.970153 0.037238
18.972216 0.037282
18.974279 0.037325
18.976341 0.037368
18.978404 0.037410
18.980467 0.037453
18.982531 0.034025
18.984593 0.028017
18.986657 0.021945
18.988719 0.018619
18.990782 0.021424
18.992845 0.027521
18.994908 0.033875
18.996971 0.037790
18.999034 0.037831
19.001097 0.037873
19.003160 0.037914
19.005223 0.037955
19.007286 0.037996
19.009349 0.038037
19.011412 0.038078
19.013475 0.038118
19.015538 0.038159
19.017601 0.038199
19.019664 0.038239
19.021727 0.038279
19.023790 0.038319
19.025853 0.038359
19.027916 0.038398
19.029979 0.038438
19.032041 0.038477
19.034105 0.038516
19.068486 0.039150
19.133815 0.040247
19.199142 0.041197
19.264470 0.041996
19.329797 0.042639
19.395432 0.043124
19.460452 0.043444
19.526008 0.043601
19.591336 0.043594
19.656663 0.043421
19.721991 0.043085
19.787318 0.042587
19.852646 0.041929
19.919119 0.041101
19.957628 0.040549
19.965651 0.040427
19.967943 0.040392
19.970005 0.040360
19.972069 0.040328
19.974131 0.040296
19.976195 0.040264
19.978257 0.040232
19.980321 0.040199
19.982384 0.040167
19.984446 0.040134
19.986510 0.040101
19.988572 0.040068
19.990635 0.040035
19.992698 0.040001
19.994762 0.039968
19.996824 0.039934
19.998887 0.039900
20.000950 0.039806
20.003014 0.035273
20.005076 0.028768
20.007139 0.022722
20.009202 0.020410
20.011265 0.023492
20.013328 0.029614
20.015391 0.035802
20.017454 0.039590
20.019517 0.039554
20.021580 0.039519
20.023643 0.039484
20.025706 0.039448
20.027769 0.039412
20.029832 0.039376
20.031895 0.039340
20.033958 0.039304
20.035333 0.039280
20.068341 0.038680
20.133897 0.037386
20.199225 0.035967
20.264552 0.034428
20.329880 0.032779
20.395207 0.031031
20.460535 0.029196
20.525862 0.027288
20.591419 0.025313
20.659253 0.023223
