-0.176691 0.000000
-0.111248 0.000000
-0.056924 0.000000
-0.034002 0.000000
-0.031710 0.000000
-0.029647 0.000000
-0.027584 0.000000
-0.025521 0.000000
-0.023458 0.000000
-0.021396 0.000000
-0.019332 0.000000
-0.017270 0.000000
-0.015206 0.000000
-0.013144 0.000000
-0.011081 0.000000
-0.009018 0.000000
-0.006955 0.000000
-0.004892 0.000000
-0.002829 0.000000
-0.000766 0.000000
0.001297 0.000000
0.003360 0.000000
0.005423 0.000000
0.007486 0.000001
0.009549 0.000001
0.011611 0.000002
0.013675 0.000003
0.015737 0.000003
0.017801 0.000004
0.019863 0.000005
0.021926 0.000007
0.023990 0.000008
0.026052 0.000009
0.028115 0.000011
0.030178 0.000013
0.032241 0.000015
0.034304 0.000017
0.068228 0.000068
0.133784 0.000283
0.199110 0.000669
0.264436 0.001252
0.329763 0.002054
0.395089 0.003096
0.460645 0.004397
0.525971 0.005874
0.591298 0.007486
0.656624 0.009214
0.721786 0.011038
0.787277 0.012952
0.852604 0.014925
0.918159 0.016950
0.957813 0.018188
0.965836 0.018439
0.968128 0.018511
0.970191 0.018576
0.972254 0.018326
0.974317 0.014707
0.976380 0.009587
0.978443 0.006652
0.980506 0.009839
0.982569 0.015040
0.984632 0.018942
0.986695 0.019094
0.988758 0.019159
0.990820 0.019223
0.992884 0.019288
0.994946 0.019353
0.997009 0.019418
0.999073 0.019483
1.001135 0.019547
1.003198 0.019612
1.005261 0.019677
1.007324 0.019742
1.009387 0.019807
1.011450 0.019871
1.013513 0.019936
1.015576 0.020001
1.017639 0.020066
1.019701 0.020131
1.021765 0.020195
1.023827 0.020260
1.025891 0.020325
1.027954 0.020390
1.030016 0.020455
1.032079 0.020519
1.034142 0.020584
1.068066 0.021648
1.133622 0.023692
1.198948 0.025696
1.264275 0.027654
1.329601 0.029550
1.394928 0.031369
1.460483 0.033105
1.525810 0.034733
1.591136 0.036250
1.656463 0.037644
1.721789 0.038908
1.787116 0.040034
1.854085 0.041038
1.917998 0.041848
1.957652 0.042276
1.965675 0.042356
1.967967 0.042378
1.970030 0.042398
1.972093 0.042418
1.974156 0.042437
1.976219 0.042457
1.978282 0.042476
1.980345 0.042495
1.982407 0.042514
1.984470 0.042533
1.986533 0.042552
1.988596 0.039362
1.990660 0.033112
1.992722 0.026714
1.994785 0.022912
1.996848 0.023739
1.998911 0.029208
2.000974 0.035887
2.003037 0.041548
2.005100 0.042712
2.007163 0.042729
2.009226 0.042746
2.011289 0.042763
2.013352 0.042780
2.015414 0.042796
2.017478 0.042812
2.019540 0.042828
2.021603 0.042844
2.023667 0.042860
2.025729 0.042876
2.027792 0.042891
2.029855 0.042906
2.031918 0.042921
2.033981 0.042936
2.035356 0.042946
2.068364 0.043162
2.133919 0.043468
2.199246 0.043608
2.264572 0.043584
2.329899 0.043395
2.395225 0.043042
2.460781 0.042526
2.526107 0.041852
2.591434 0.041023
2.656760 0.040043
2.722087 0.038919
2.787414 0.037656
2.852740 0.036262
2.918296 0.034742
2.957950 0.033766
2.965973 0.033564
2.968265 0.033506
2.970328 0.033453
2.972391 0.033401
2.974454 0.033348
2.976517 0.033296
2.978579 0.033243
2.980643 0.033190
2.982705 0.033137
2.984768 0.033084
2.986832 0.033031
2.988894 0.032978
2.990957 0.032924
2.993020 0.032871
2.995083 0.032817
2.997146 0.032763
2.999209 0.032710
3.001272 0.032656
3.003335 0.032602
3.005398 0.032548
3.007461 0.032494
3.009524 0.028671
3.011586 0.022557
3.013650 0.016777
3.015713 0.014755
3.017775 0.019690
3.019839 0.025672
3.021901 0.030748
3.023964 0.032057
3.026027 0.032002
3.028090 0.031947
3.030153 0.031892
3.032216 0.031836
3.034279 0.031781
3.068203 0.030857
3.133759 0.029008
3.199085 0.027093
3.264412 0.025120
3.329738 0.023105
3.395065 0.021063
3.460621 0.019004
3.525947 0.016960
3.591274 0.014942
3.656600 0.012969
3.721927 0.011059
3.787253 0.009230
3.853573 0.007475
3.918136 0.005882
3.957790 0.004968
3.965813 0.004789
3.968105 0.004739
3.970168 0.004693
3.972231 0.004648
3.974294 0.004603
3.976357 0.004558
3.978420 0.004513
3.980483 0.004468
3.982546 0.004424
3.984608 0.004380
3.986671 0.004335
3.988734 0.004291
3.990798 0.004247
3.992860 0.004203
3.994923 0.004160
3.996986 0.004116
3.999049 0.004073
4.001112 0.004030
4.003175 0.003987
4.005238 0.003944
4.007301 0.003902
4.009364 0.003860
4.011427 0.003818
4.013490 0.003777
4.015553 0.003735
4.017616 0.003694
4.019678 0.003653
4.021741 0.003375
4.023805 0.001471
4.025867 0.001055
4.027930 0.001435
4.029993 0.003222
4.032056 0.003414
4.034119 0.003375
4.068043 0.002772
4.133599 0.001798
4.198925 0.001061
4.264252 0.000538
4.329579 0.000204
4.394905 0.000035
4.460461 0.000000
4.525788 0.000000
4.591114 0.000000
4.656441 0.000000
4.721767 0.000000
4.787094 0.000000
4.852421 0.000000
4.917977 0.000000
4.957631 0.000000
4.965654 0.000000
4.967946 0.000000
4.970009 0.000000
4.972072 0.000000
4.974134 0.000000
4.976197 0.000000
4.978260 0.000000
4.980323 0.000000
4.982387 0.000000
4.984449 0.000000
4.986512 0.000000
4.988575 0.000000
4.990638 0.000000
4.992701 0.000000
4.994764 0.000000
4.996827 0.000000
4.998890 0.000000
5.000953 0.000000
5.003016 0.000000
5.005079 0.000000
5.007142 0.000000
5.009205 0.000000
5.011268 0.000000
5.013330 0.000000
5.015394 0.000000
5.017456 0.000000
5.019519 0.000000
5.021582 0.000000
5.023645 0.000000
5.025708 0.000000
5.027771 0.000000
5.029834 0.000000
5.031897 0.000000
5.033960 0.000000
5.035335 0.000000
5.068342 0.000000
5.133898 0.000000
5.199225 0.000000
5.264551 0.000000
5.329878 0.000000
5.395205 0.000000
5.460761 0.000000
5.526087 0.000000
5.591414 0.000000
5.656740 0.000000
5.722067 0.000000
5.787394 0.000000
5.853064 0.000000
5.918276 0.000000
5.957931 0.000000
5.965953 0.000000
5.968245 0.000000
5.970308 0.000000
5.972371 0.000000
5.974435 0.000000
5.976497 0.000000
5.978561 0.000000
5.980623 0.000000
5.982686 0.000000
5.984749 0.000000
5.986812 0.000000
5.988875 0.000000
5.990938 0.000000
5.993001 0.000000
5.995064 0.000000
5.997127 0.000000
5.999190 0.000000
6.001253 0.000000
6.003316 0.000000
6.005379 0.000000
6.007441 0.000000
6.009504 0.000000
6.011567 0.000000
6.013630 0.000000
6.015693 0.000000
6.017756 0.000000
6.019819 0.000000
6.021882 0.000000
6.023945 0.000000
6.026008 0.000000
6.028071 0.000000
6.030134 0.000000
6.032197 0.000000
6.034260 0.000000
6.068184 0.000000
6.133740 0.000000
6.199066 0.000000
6.264393 0.000000
6.329720 0.000000
6.395046 0.000000
6.460602 0.000000
6.525929 0.000000
6.591256 0.000000
6.656582 0.000000
6.721909 0.000000
6.787236 0.000000
6.852562 0.000000
6.918118 0.000000
6.957773 0.000000
6.965795 0.000000
6.968088 0.000000
6.970150 0.000000
6.972214 0.000000
6.974277 0.000000
6.976339 0.000000
6.978402 0.000000
6.980465 0.000000
6.982528 0.000000
6.984591 0.000000
6.986654 0.000000
6.988717 0.000000
6.990780 0.000000
6.992843 0.000000
6.994906 0.000000
6.996969 0.000000
6.999032 0.000000
7.001095 0.000000
7.003158 0.000000
7.005221 0.000000
7.007284 0.000000
7.009347 0.000000
7.011410 0.000000
7.013472 0.000000
7.015535 0.000000
7.017598 0.000000
7.019661 0.000000
7.021724 0.000000
7.023787 0.000000
7.025850 0.000000
7.027913 0.000000
7.029976 0.000000
7.032039 0.000000
7.034102 0.000000
7.068026 0.000000
7.133582 0.000000
7.198909 0.000000
7.264235 0.000000
7.329562 0.000000
7.394889 0.000000
7.460445 0.000000
7.525772 0.000000
7.591098 0.000000
7.656425 0.000000
7.721752 0.000000
7.787079 0.000000
7.852061 0.000000
7.917961 0.000000
7.957616 0.000000
7.965638 0.000000
7.967930 0.000000
7.969993 0.000000
7.972056 0.000000
7.974120 0.000000
7.976182 0.000000
7.978245 0.000000
7.980308 0.000000
7.982371 0.000000
7.984434 0.000000
7.986497 0.000000
7.988560 0.000000
7.990623 0.000000
7.992686 0.000000
7.994749 0.000000
7.996812 0.000000
7.998875 0.000000
8.000938 0.000000
8.003000 0.000000
8.005064 0.000000
8.007127 0.000001
8.009189 0.000001
8.011253 0.000002
8.013315 0.000002
8.015379 0.000003
8.017441 0.000004
8.019504 0.000005
8.021567 0.000006
8.023630 0.000008
8.025693 0.000009
8.027756 0.000011
8.029819 0.000012
8.031882 0.000014
8.033945 0.000016
8.035320 0.000018
8.068327 0.000069
8.133883 0.000283
8.199210 0.000670
8.264537 0.001253
8.329864 0.002055
8.395190 0.003098
8.460746 0.004399
8.526073 0.005877
8.591400 0.007488
8.656727 0.009217
8.722054 0.011045
8.787380 0.012955
8.852707 0.014928
8.918263 0.016953
8.957918 0.018191
8.965940 0.018443
8.968233 0.018515
8.970295 0.018579
8.972358 0.018214
8.974422 0.014469
8.976484 0.009318
8.978547 0.006667
8.980610 0.010096
8.982673 0.015292
8.984736 0.019013
8.986799 0.019097
8.988862 0.019162
8.990925 0.019227
8.992988 0.019291
8.995051 0.019356
8.997114 0.019421
8.999177 0.019486
9.001240 0.019551
9.003303 0.019615
9.005366 0.019680
9.007428 0.019745
9.009492 0.019810
9.011554 0.019875
9.013617 0.019940
9.015681 0.020004
9.017743 0.020069
9.019806 0.020134
9.021869 0.020199
9.023932 0.020264
9.025995 0.020328
9.028058 0.020393
9.030121 0.020458
9.032184 0.020523
9.034247 0.020588
9.068171 0.021652
9.133727 0.023695
9.199054 0.025700
9.264381 0.027657
9.329708 0.029553
9.395034 0.031372
9.460590 0.033108
9.525917 0.034736
9.591244 0.036252
9.656571 0.037647
9.721898 0.038910
9.787225 0.040036
9.851558 0.041003
9.918108 0.041849
9.957762 0.042277
9.965785 0.042357
9.968077 0.042379
9.970140 0.042399
9.972203 0.042419
9.974266 0.042438
9.976329 0.042458
9.978392 0.042477
9.980455 0.042496
9.982518 0.042515
9.984581 0.042534
9.986643 0.042553
9.988706 0.039067
9.990769 0.032757
9.992832 0.026408
9.994895 0.022905
9.996958 0.023951
9.999021 0.029555
10.001084 0.036235
10.003147 0.041766
10.005210 0.042713
10.007273 0.042730
10.009336 0.042747
10.011399 0.042764
10.013462 0.042780
10.015525 0.042797
10.017588 0.042813
10.019651 0.042829
10.021714 0.042845
10.023777 0.042861
10.025840 0.042876
10.027902 0.042892
10.029965 0.042907
10.032028 0.042922
10.034091 0.042937
10.068016 0.043160
10.133572 0.043467
10.198898 0.043608
10.264225 0.043584
10.329552 0.043396
10.394879 0.043044
10.460435 0.042529
10.525762 0.041856
10.591089 0.041028
10.656416 0.040049
10.721743 0.038925
10.787070 0.037663
10.852397 0.036270
10.917953 0.034750
10.957607 0.033775
10.965630 0.033573
10.967922 0.033514
10.969985 0.033462
10.972048 0.033410
10.974111 0.033357
10.976174 0.033304
10.978237 0.033252
10.980300 0.033199
10.982363 0.033146
10.984426 0.033093
10.986488 0.033040
10.988552 0.032986
10.990614 0.032933
10.992678 0.032880
10.994740 0.032826
10.996803 0.032772
10.998867 0.032719
11.000929 0.032665
11.002992 0.032611
11.005055 0.032557
11.007118 0.032503
11.009181 0.029574
11.011244 0.023602
11.013307 0.017626
11.015370 0.014283
11.017433 0.018735
11.019496 0.024692
11.021559 0.030057
11.023622 0.032066
11.025685 0.032011
11.027748 0.031956
11.029811 0.031901
11.031873 0.031845
11.033937 0.031790
11.035312 0.031753
11.068319 0.030854
11.133875 0.029005
11.199202 0.027090
11.264529 0.025117
11.329856 0.023101
11.395183 0.021059
11.460739 0.019000
11.526066 0.016956
11.591393 0.014939
11.656720 0.012966
11.722047 0.011055
11.787374 0.009226
11.851058 0.007539
11.918257 0.005879
11.957912 0.004965
11.965934 0.004787
11.968226 0.004736
11.970289 0.004691
11.972352 0.004645
11.974415 0.004600
11.976478 0.004555
11.978541 0.004510
11.980604 0.004466
11.982667 0.004421
11.984730 0.004377
11.986793 0.004333
11.988856 0.004289
11.990919 0.004245
11.992982 0.004201
11.995045 0.004157
11.997108 0.004114
11.999171 0.004071
12.001234 0.004027
12.003297 0.003985
12.005360 0.003942
12.007423 0.003900
12.009486 0.003857
12.011548 0.003816
12.013612 0.003774
12.015674 0.003733
12.017737 0.003692
12.019801 0.003651
12.021863 0.003262
12.023926 0.001419
12.025989 0.001056
12.028052 0.001488
12.030115 0.003305
12.032178 0.003412
12.034241 0.003373
12.068165 0.002770
12.133721 0.001796
12.199048 0.001060
12.264375 0.000537
12.329702 0.000204
12.395029 0.000035
12.460586 0.000000
12.525913 0.000000
12.591240 0.000000
12.656567 0.000000
12.721894 0.000000
12.787221 0.000000
12.852548 0.000000
12.918104 0.000000
12.957759 0.000000
12.965781 0.000000
12.968073 0.000000
12.970136 0.000000
12.972199 0.000000
12.974262 0.000000
12.976325 0.000000
12.978388 0.000000
12.980451 0.000000
12.982514 0.000000
12.984577 0.000000
12.986640 0.000000
12.988703 0.000000
12.990766 0.000000
12.992829 0.000000
12.994891 0.000000
12.996955 0.000000
12.999017 0.000000
13.001081 0.000000
13.003143 0.000000
13.005207 0.000000
13.007269 0.000000
13.009332 0.000000
13.011395 0.000000
13.013458 0.000000
13.015522 0.000000
13.017584 0.000000
13.019647 0.000000
13.021710 0.000000
13.023773 0.000000
13.025836 0.000000
13.027899 0.000000
13.029962 0.000000
13.032025 0.000000
13.034088 0.000000
13.068012 0.000000
13.133568 0.000000
13.198895 0.000000
13.264222 0.000000
13.329550 0.000000
13.394877 0.000000
13.460433 0.000000
13.525760 0.000000
13.591087 0.000000
13.656414 0.000000
13.721741 0.000000
13.787068 0.000000
13.850065 0.000000
13.917951 0.000000
13.957606 0.000000
13.965629 0.000000
13.967921 0.000000
13.969984 0.000000
13.972047 0.000000
13.974110 0.000000
13.976173 0.000000
13.978236 0.000000
13.980299 0.000000
13.982361 0.000000
13.984425 0.000000
13.986487 0.000000
13.988550 0.000000
13.990614 0.000000
13.992676 0.000000
13.994739 0.000000
13.996802 0.000000
13.998865 0.000000
14.000928 0.000000
14.002991 0.000000
14.005054 0.000000
14.007117 0.000000
14.009180 0.000000
14.011243 0.000000
14.013306 0.000000
14.015369 0.000000
14.017432 0.000000
14.019495 0.000000
14.021558 0.000000
14.023621 0.000000
14.025684 0.000000
14.027747 0.000000
14.029810 0.000000
14.031873 0.000000
14.033936 0.000000
14.035311 0.000000
14.068318 0.000000
14.133875 0.000000
14.199202 0.000000
14.264455 0.000000
14.329856 0.000000
14.395183 0.000000
14.460739 0.000000
14.526066 0.000000
14.591394 0.000000
14.656721 0.000000
14.722048 0.000000
14.787375 0.000000
14.852702 0.000000
14.918258 0.000000
14.957913 0.000000
14.965936 0.000000
14.968228 0.000000
14.970291 0.000000
14.972354 0.000000
14.974417 0.000000
14.976480 0.000000
14.978543 0.000000
14.980606 0.000000
14.982668 0.000000
14.984732 0.000000
14.986795 0.000000
14.988858 0.000000
14.990920 0.000000
14.992983 0.000000
14.995047 0.000000
14.997109 0.000000
14.999173 0.000000
15.001235 0.000000
15.003298 0.000000
15.005361 0.000000
15.007424 0.000000
15.009487 0.000000
15.011550 0.000000
15.013613 0.000000
15.015676 0.000000
15.017739 0.000000
15.019802 0.000000
15.021865 0.000000
15.023928 0.000000
15.025991 0.000000
15.028054 0.000000
15.030117 0.000000
15.032180 0.000000
15.034243 0.000000
15.068167 0.000000
15.133723 0.000000
15.199050 0.000000
15.264378 0.000000
15.329705 0.000000
15.395032 0.000000
15.460588 0.000000
15.525916 0.000000
15.591243 0.000000
15.656570 0.000000
15.721897 0.000000
15.787224 0.000000
15.852551 0.000000
15.920591 0.000000
15.957763 0.000000
15.965785 0.000000
15.968077 0.000000
15.970140 0.000000
15.972203 0.000000
15.974266 0.000000
15.976329 0.000000
15.978392 0.000000
15.980455 0.000000
15.982518 0.000000
15.984581 0.000000
15.986644 0.000000
15.988707 0.000000
15.990770 0.000000
15.992833 0.000000
15.994896 0.000000
15.996959 0.000000
15.999022 0.000000
16.001085 0.000000
16.003148 0.000000
16.005211 0.000000
16.007274 0.000001
16.009337 0.000001
16.011400 0.000002
16.013463 0.000002
16.015526 0.000003
16.017588 0.000004
16.019652 0.000005
16.021714 0.000007
16.023778 0.000008
16.025840 0.000009
16.027904 0.000011
16.029966 0.000013
16.032029 0.000014
16.034092 0.000016
16.068017 0.000068
16.133573 0.000282
16.198900 0.000667
16.264227 0.001250
16.329555 0.002051
16.394882 0.003092
16.460438 0.004392
16.525765 0.005869
16.591093 0.007480
16.656420 0.009209
16.721747 0.011037
16.787074 0.012946
16.852402 0.014919
16.917958 0.016943
16.957613 0.018182
16.965636 0.018433
16.967928 0.018505
16.969991 0.018570
16.972054 0.018503
16.974117 0.015153
16.976180 0.010105
16.978243 0.006659
16.980305 0.009351
16.982368 0.014548
16.984431 0.018736
16.986494 0.019088
16.988557 0.019152
16.990620 0.019217
16.992683 0.019282
16.994746 0.019347
16.996809 0.019412
16.998872 0.019476
17.000935 0.019541
17.002998 0.019606
17.005061 0.019671
17.007124 0.019736
17.009187 0.019800
17.011250 0.019865
17.013313 0.019930
17.015376 0.019995
17.017439 0.020060
17.019502 0.020124
17.021565 0.020189
17.023628 0.020254
17.025691 0.020319
17.027754 0.020384
17.029817 0.020448
17.031880 0.020513
17.033943 0.020578
17.035318 0.020621
17.068325 0.021657
17.133882 0.023700
17.199209 0.025704
17.264536 0.027662
17.329864 0.029557
17.395191 0.031376
17.460518 0.033106
17.525846 0.034734
17.591402 0.036256
17.656729 0.037650
17.722057 0.038913
17.787384 0.040038
17.852711 0.041019
17.919867 0.041869
17.957693 0.042277
17.965945 0.042358
17.968237 0.042381
17.970301 0.042401
17.972363 0.042420
17.974426 0.042440
17.976489 0.042459
17.978552 0.042479
17.980615 0.042498
17.982678 0.042517
17.984741 0.042535
17.986804 0.042554
17.988867 0.038624
17.990930 0.032239
17.992993 0.025973
17.995056 0.022896
17.997119 0.024284
17.999182 0.030066
18.001245 0.036739
18.003308 0.042057
18.005371 0.042714
18.007434 0.042732
18.009497 0.042748
18.011560 0.042765
18.013623 0.042782
18.015686 0.042798
18.017749 0.042814
18.019812 0.042830
18.021875 0.042846
18.023938 0.042862
18.026000 0.042878
18.028064 0.042893
18.030126 0.042908
18.032190 0.042923
18.034252 0.042938
18.068177 0.043161
18.133733 0.043467
18.199061 0.043608
18.264388 0.043584
18.329715 0.043395
18.395043 0.043043
18.460599 0.042527
18.525927 0.041854
18.591254 0.041025
18.656581 0.040046
18.721909 0.038922
18.787236 0.037660
18.852563 0.036266
18.917891 0.034751
18.957545 0.033776
18.965797 0.033568
18.968090 0.033510
18.970153 0.033458
18.972216 0.033405
18.974279 0.033353
18.976341 0.033300
18.978404 0.033247
18.980467 0.033195
18.982531 0.033142
18.984593 0.033089
18.986657 0.033035
18.988719 0.032982
18.990782 0.032929
18.992845 0.032875
18.994908 0.032822
18.996971 0.032768
18.999034 0.032714
19.001097 0.032660
19.003160 0.032606
19.005223 0.032552
19.007286 0.032498
19.009349 0.029139
19.011412 0.023089
19.013475 0.017201
19.015538 0.014490
19.017601 0.019199
19.019664 0.025175
19.021727 0.030406
19.023790 0.032062
19.025853 0.032007
19.027916 0.031951
19.029979 0.031896
19.032041 0.031841
19.034105 0.031786
19.068486 0.030849
19.133815 0.029006
19.199142 0.027091
19.264470 0.025118
19.329797 0.023103
19.395432 0.021051
19.460452 0.019009
19.526008 0.016958
19.591336 0.014941
19.656663 0.012967
19.721991 0.011057
19.787318 0.009228
19.852646 0.007498
19.919119 0.005859
19.957628 0.004972
19.965651 0.004793
19.967943 0.004742
19.970005 0.004697
19.972069 0.004652
19.974131 0.004606
19.976195 0.004561
19.978257 0.004517
19.980321 0.004472
19.982384 0.004427
19.984446 0.004383
19.986510 0.004339
19.988572 0.004295
19.990635 0.004251
19.992698 0.004207
19.994762 0.004163
19.996824 0.004120
19.998887 0.004076
20.000950 0.004033
20.003014 0.003990
20.005076 0.003948
20.007139 0.003905
20.009202 0.003863
20.011265 0.003821
20.013328 0.003780
20.015391 0.003738
20.017454 0.003697
20.019517 0.003657
20.021580 0.003504
20.023643 0.001546
20.025706 0.001058
20.027769 0.001373
20.029832 0.003092
20.031895 0.003417
20.033958 0.003379
20.035333 0.003353
20.068341 0.002767
20.133897 0.001794
20.199225 0.001058
20.264552 0.000536
20.329880 0.000203
20.395207 0.000035
20.460535 0.000000
20.525862 0.000000
20.591419 0.000000
20.659253 0.000000
