-0.176691 0.024403
-0.111248 0.026396
-0.056924 0.028011
-0.034002 0.028680
-0.031710 0.028746
-0.029647 0.028806
-0.027584 0.028866
-0.025521 0.028925
-0.023458 0.027657
-0.021396 0.022758
-0.019332 0.016946
-0.017270 0.012168
-0.015206 0.015418
-0.013144 0.021266
-0.011081 0.026980
-0.009018 0.029399
-0.006955 0.029458
-0.004892 0.029517
-0.002829 0.029575
-0.000766 0.029634
0.001297 0.029693
0.003360 0.029751
0.005423 0.029809
0.007486 0.029868
0.009549 0.029926
0.011611 0.029984
0.013675 0.030042
0.015737 0.030100
0.017801 0.030158
0.019863 0.030216
0.021926 0.030274
0.023990 0.030332
0.026052 0.030389
0.028115 0.030447
0.030178 0.030504
0.032241 0.030562
0.034304 0.030619
0.068228 0.031549
0.133784 0.033275
0.199110 0.034893
0.264436 0.036397
0.329763 0.037779
0.395089 0.039029
0.460645 0.040144
0.525971 0.041109
0.591298 0.041924
0.656624 0.042582
0.721786 0.043081
0.787277 0.043419
0.852604 0.043593
0.918159 0.043602
0.957813 0.043527
0.965836 0.043504
0.968128 0.043497
0.970191 0.043491
0.972254 0.043484
0.974317 0.043477
0.976380 0.043471
0.978443 0.043464
0.980506 0.043456
0.982569 0.043449
0.984632 0.043441
0.986695 0.043434
0.988758 0.043426
0.990820 0.043418
0.992884 0.043410
0.994946 0.041503
0.997009 0.035503
0.999073 0.028851
1.001135 0.023844
1.003198 0.023565
1.005261 0.027998
1.007324 0.034531
1.009387 0.040702
1.011450 0.043329
1.013513 0.043319
1.015576 0.043309
1.017639 0.043299
1.019701 0.043288
1.021765 0.043278
1.023827 0.043267
1.025891 0.043256
1.027954 0.043246
1.030016 0.043234
1.032079 0.043223
1.034142 0.043212
1.068066 0.043000
1.133622 0.042469
1.198948 0.041780
1.264275 0.040937
1.329601 0.039943
1.394928 0.038805
1.460483 0.037525
1.525810 0.036119
1.591136 0.034592
1.656463 0.032954
1.721789 0.031216
1.787116 0.029390
1.854085 0.027440
1.917998 0.025519
1.957652 0.024305
1.965675 0.024057
1.967967 0.023986
1.970030 0.023922
1.972093 0.023859
1.974156 0.023795
1.976219 0.023731
1.978282 0.023667
1.980345 0.023603
1.982407 0.023539
1.984470 0.023475
1.986533 0.023411
1.988596 0.023347
1.990660 0.023283
1.992722 0.023219
1.994785 0.023155
1.996848 0.023091
1.998911 0.023027
2.000974 0.022962
2.003037 0.022898
2.005100 0.022834
2.007163 0.022770
2.009226 0.022705
2.011289 0.022641
2.013352 0.022577
2.015414 0.019142
2.017478 0.013665
2.019540 0.008742
2.021603 0.010123
2.023667 0.015569
2.025729 0.020342
2.027792 0.022126
2.029855 0.022061
2.031918 0.021997
2.033981 0.021932
2.035356 0.021889
2.068364 0.020854
2.133919 0.018796
2.199246 0.016754
2.264572 0.014740
2.329899 0.012772
2.395225 0.010869
2.460781 0.009043
2.526107 0.007325
2.591434 0.005726
2.656760 0.004262
2.722087 0.002989
2.787414 0.001970
2.852740 0.001189
2.918296 0.000624
2.957950 0.000378
2.965973 0.000337
2.968265 0.000326
2.970328 0.000316
2.972391 0.000306
2.974454 0.000296
2.976517 0.000287
2.978579 0.000277
2.980643 0.000268
2.982705 0.000259
2.984768 0.000250
2.986832 0.000242
2.988894 0.000233
2.990957 0.000225
2.993020 0.000217
2.995083 0.000209
2.997146 0.000201
2.999209 0.000193
3.001272 0.000186
3.003335 0.000179
3.005398 0.000171
3.007461 0.000164
3.009524 0.000158
3.011586 0.000151
3.013650 0.000144
3.015713 0.000138
3.017775 0.000132
3.019839 0.000126
3.021901 0.000120
3.023964 0.000056
3.026027 0.000033
3.028090 0.000036
3.030153 0.000071
3.032216 0.000093
3.034279 0.000088
3.068203 0.000026
3.133759 0.000000
3.199085 0.000000
3.264412 0.000000
3.329738 0.000000
3.395065 0.000000
3.460621 0.000000
3.525947 0.000000
3.591274 0.000000
3.656600 0.000000
3.721927 0.000000
3.787253 0.000000
3.853573 0.000000
3.918136 0.000000
3.957790 0.000000
3.965813 0.000000
3.968105 0.000000
3.970168 0.000000
3.972231 0.000000
3.974294 0.000000
3.976357 0.000000
3.978420 0.000000
3.980483 0.000000
3.982546 0.000000
3.984608 0.000000
3.986671 0.000000
3.988734 0.000000
3.990798 0.000000
3.992860 0.000000
3.994923 0.000000
3.996986 0.000000
3.999049 0.000000
4.001112 0.000000
4.003175 0.000000
4.005238 0.000000
4.007301 0.000000
4.009364 0.000000
4.011427 0.000000
4.013490 0.000000
4.015553 0.000000
4.017616 0.000000
4.019678 0.000000
4.021741 0.000000
4.023805 0.000000
4.025867 0.000000
4.027930 0.000000
4.029993 0.000000
4.032056 0.000000
4.034119 0.000000
4.068043 0.000000
4.133599 0.000000
4.198925 0.000000
4.264252 0.000000
4.329579 0.000000
4.394905 0.000000
4.460461 0.000000
4.525788 0.000000
4.591114 0.000000
4.656441 0.000000
4.721767 0.000000
4.787094 0.000000
4.852421 0.000000
4.917977 0.000000
4.957631 0.000000
4.965654 0.000000
4.967946 0.000000
4.970009 0.000000
4.972072 0.000000
4.974134 0.000000
4.976197 0.000000
4.978260 0.000000
4.980323 0.000000
4.982387 0.000000
4.984449 0.000000
4.986512 0.000000
4.988575 0.000000
4.990638 0.000000
4.992701 0.000000
4.994764 0.000000
4.996827 0.000000
4.998890 0.000000
5.000953 0.000000
5.003016 0.000000
5.005079 0.000000
5.007142 0.000000
5.009205 0.000000
5.011268 0.000000
5.013330 0.000000
5.015394 0.000000
5.017456 0.000000
5.019519 0.000000
5.021582 0.000000
5.023645 0.000000
5.025708 0.000000
5.027771 0.000000
5.029834 0.000000
5.031897 0.000000
5.033960 0.000000
5.035335 0.000000
5.068342 0.000000
5.133898 0.000000
5.199225 0.000000
5.264551 0.000000
5.329878 0.000000
5.395205 0.000000
5.460761 0.000000
5.526087 0.000000
5.591414 0.000000
5.656740 0.000000
5.722067 0.000000
5.787394 0.000000
5.853064 0.000000
5.918276 0.000000
5.957931 0.000000
5.965953 0.000000
5.968245 0.000000
5.970308 0.000000
5.972371 0.000000
5.974435 0.000000
5.976497 0.000000
5.978561 0.000000
5.980623 0.000000
5.982686 0.000000
5.984749 0.000000
5.986812 0.000000
5.988875 0.000000
5.990938 0.000000
5.993001 0.000000
5.995064 0.000000
5.997127 0.000000
5.999190 0.000000
6.001253 0.000000
6.003316 0.000000
6.005379 0.000000
6.007441 0.000000
6.009504 0.000000
6.011567 0.000000
6.013630 0.000000
6.015693 0.000000
6.017756 0.000000
6.019819 0.000000
6.021882 0.000000
6.023945 0.000000
6.026008 0.000000
6.028071 0.000000
6.030134 0.000000
6.032197 0.000000
6.034260 0.000000
6.068184 0.000000
6.133740 0.000000
6.199066 0.000000
6.264393 0.000000
6.329720 0.000000
6.395046 0.000000
6.460602 0.000000
6.525929 0.000000
6.591256 0.000000
6.656582 0.000000
6.721909 0.000044
6.787236 0.000227
6.852562 0.000576
6.918118 0.001119
6.957773 0.001552
6.965795 0.001649
6.968088 0.001678
6.970150 0.001354
6.972214 0.000618
6.974277 0.000530
6.976339 0.000851
6.978402 0.001810
6.980465 0.001837
6.982528 0.001864
6.984591 0.001891
6.986654 0.001919
6.988717 0.001947
6.990780 0.001975
6.992843 0.002004
6.994906 0.002033
6.996969 0.002062
6.999032 0.002091
7.001095 0.002120
7.003158 0.002150
7.005221 0.002180
7.007284 0.002210
7.009347 0.002240
7.011410 0.002271
7.013472 0.002302
7.015535 0.002333
7.017598 0.002365
7.019661 0.002396
7.021724 0.002428
7.023787 0.002460
7.025850 0.002493
7.027913 0.002525
7.029976 0.002558
7.032039 0.002591
7.034102 0.002624
7.068026 0.003209
7.133582 0.004532
7.198909 0.006023
7.264235 0.007647
7.329562 0.009386
7.394889 0.011223
7.460445 0.013146
7.525772 0.015124
7.591098 0.017145
7.656425 0.019190
7.721752 0.021242
7.787079 0.023282
7.852061 0.025284
7.917961 0.027270
7.957616 0.028436
7.965638 0.028670
7.967930 0.028736
7.969993 0.028796
7.972056 0.028855
7.974120 0.028915
7.976182 0.028257
7.978245 0.023727
7.980308 0.017949
7.982371 0.012760
7.984434 0.014532
7.986497 0.020200
7.988560 0.026088
7.990623 0.029389
7.992686 0.029447
7.994749 0.029506
7.996812 0.029565
7.998875 0.029624
8.000938 0.029682
8.003000 0.029741
8.005064 0.029799
8.007127 0.029858
8.009189 0.029916
8.011253 0.029974
8.013315 0.030032
8.015379 0.030090
8.017441 0.030148
8.019504 0.030206
8.021567 0.030264
8.023630 0.030322
8.025693 0.030379
8.027756 0.030437
8.029819 0.030494
8.031882 0.030552
8.033945 0.030609
8.035320 0.030647
8.068327 0.031552
8.133883 0.033278
8.199210 0.034895
8.264537 0.036399
8.329864 0.037781
8.395190 0.039031
8.460746 0.040146
8.526073 0.041111
8.591400 0.041925
8.656727 0.042583
8.722054 0.043082
8.787380 0.043419
8.852707 0.043593
8.918263 0.043602
8.957918 0.043526
8.965940 0.043504
8.968233 0.043497
8.970295 0.043490
8.972358 0.043484
8.974422 0.043477
8.976484 0.043470
8.978547 0.043463
8.980610 0.043456
8.982673 0.043449
8.984736 0.043441
8.986799 0.043433
8.988862 0.043425
8.990925 0.043417
8.992988 0.043409
8.995051 0.041252
8.997114 0.035164
8.999177 0.028536
9.001240 0.023709
9.003303 0.023648
9.005366 0.028306
9.007428 0.034869
9.009492 0.040965
9.011554 0.043328
9.013617 0.043318
9.015681 0.043308
9.017743 0.043298
9.019806 0.043288
9.021869 0.043277
9.023932 0.043267
9.025995 0.043256
9.028058 0.043245
9.030121 0.043234
9.032184 0.043223
9.034247 0.043211
9.068171 0.043000
9.133727 0.042468
9.199054 0.041779
9.264381 0.040935
9.329708 0.039941
9.395034 0.038803
9.460590 0.037523
9.525917 0.036117
9.591244 0.034590
9.656571 0.032951
9.721898 0.031213
9.787225 0.029387
9.851558 0.027515
9.918108 0.025516
9.957762 0.024301
9.965785 0.024054
9.968077 0.023983
9.970140 0.023919
9.972203 0.023855
9.974266 0.023791
9.976329 0.023728
9.978392 0.023664
9.980455 0.023600
9.982518 0.023536
9.984581 0.023472
9.986643 0.023408
9.988706 0.023344
9.990769 0.023280
9.992832 0.023216
9.994895 0.023152
9.996958 0.023087
9.999021 0.023023
10.001084 0.022959
10.003147 0.022895
10.005210 0.022831
10.007273 0.022766
10.009336 0.022702
10.011399 0.022638
10.013462 0.022573
10.015525 0.018868
10.017588 0.013371
10.019651 0.008607
10.021714 0.010405
10.023777 0.015854
10.025840 0.020545
10.027902 0.022122
10.029965 0.022058
10.032028 0.021993
10.034091 0.021929
10.068016 0.020865
10.133572 0.018807
10.198898 0.016765
10.264225 0.014750
10.329552 0.012782
10.394879 0.010879
10.460435 0.009052
10.525762 0.007334
10.591089 0.005734
10.656416 0.004270
10.721743 0.002995
10.787070 0.001974
10.852397 0.001192
10.917953 0.000626
10.957607 0.000380
10.965630 0.000339
10.967922 0.000327
10.969985 0.000317
10.972048 0.000307
10.974111 0.000298
10.976174 0.000288
10.978237 0.000279
10.980300 0.000270
10.982363 0.000261
10.984426 0.000252
10.986488 0.000243
10.988552 0.000235
10.990614 0.000226
10.992678 0.000218
10.994740 0.000210
10.996803 0.000202
10.998867 0.000195
11.000929 0.000187
11.002992 0.000180
11.005055 0.000173
11.007118 0.000166
11.009181 0.000159
11.011244 0.000152
11.013307 0.000145
11.015370 0.000139
11.017433 0.000133
11.019496 0.000127
11.021559 0.000121
11.023622 0.000064
11.025685 0.000034
11.027748 0.000034
11.029811 0.000060
11.031873 0.000093
11.033937 0.000088
11.035312 0.000085
11.068319 0.000026
11.133875 0.000000
11.199202 0.000000
11.264529 0.000000
11.329856 0.000000
11.395183 0.000000
11.460739 0.000000
11.526066 0.000000
11.591393 0.000000
11.656720 0.000000
11.722047 0.000000
11.787374 0.000000
11.851058 0.000000
11.918257 0.000000
11.957912 0.000000
11.965934 0.000000
11.968226 0.000000
11.970289 0.000000
11.972352 0.000000
11.974415 0.000000
11.976478 0.000000
11.978541 0.000000
11.980604 0.000000
11.982667 0.000000
11.984730 0.000000
11.986793 0.000000
11.988856 0.000000
11.990919 0.000000
11.992982 0.000000
11.995045 0.000000
11.997108 0.000000
11.999171 0.000000
12.001234 0.000000
12.003297 0.000000
12.005360 0.000000
12.007423 0.000000
12.009486 0.000000
12.011548 0.000000
12.013612 0.000000
12.015674 0.000000
12.017737 0.000000
12.019801 0.000000
12.021863 0.000000
12.023926 0.000000
12.025989 0.000000
12.028052 0.000000
12.030115 0.000000
12.032178 0.000000
12.034241 0.000000
12.068165 0.000000
12.133721 0.000000
12.199048 0.000000
12.264375 0.000000
12.329702 0.000000
12.395029 0.000000
12.460586 0.000000
12.525913 0.000000
12.591240 0.000000
12.656567 0.000000
12.721894 0.000000
12.787221 0.000000
12.852548 0.000000
12.918104 0.000000
12.957759 0.000000
12.965781 0.000000
12.968073 0.000000
12.970136 0.000000
12.972199 0.000000
12.974262 0.000000
12.976325 0.000000
12.978388 0.000000
12.980451 0.000000
12.982514 0.000000
12.984577 0.000000
12.986640 0.000000
12.988703 0.000000
12.990766 0.000000
12.992829 0.000000
12.994891 0.000000
12.996955 0.000000
12.999017 0.000000
13.001081 0.000000
13.003143 0.000000
13.005207 0.000000
13.007269 0.000000
13.009332 0.000000
13.011395 0.000000
13.013458 0.000000
13.015522 0.000000
13.017584 0.000000
13.019647 0.000000
13.021710 0.000000
13.023773 0.000000
13.025836 0.000000
13.027899 0.000000
13.029962 0.000000
13.032025 0.000000
13.034088 0.000000
13.068012 0.000000
13.133568 0.000000
13.198895 0.000000
13.264222 0.000000
13.329550 0.000000
13.394877 0.000000
13.460433 0.000000
13.525760 0.000000
13.591087 0.000000
13.656414 0.000000
13.721741 0.000000
13.787068 0.000000
13.850065 0.000000
13.917951 0.000000
13.957606 0.000000
13.965629 0.000000
13.967921 0.000000
13.969984 0.000000
13.972047 0.000000
13.974110 0.000000
13.976173 0.000000
13.978236 0.000000
13.980299 0.000000
13.982361 0.000000
13.984425 0.000000
13.986487 0.000000
13.988550 0.000000
13.990614 0.000000
13.992676 0.000000
13.994739 0.000000
13.996802 0.000000
13.998865 0.000000
14.000928 0.000000
14.002991 0.000000
14.005054 0.000000
14.007117 0.000000
14.009180 0.000000
14.011243 0.000000
14.013306 0.000000
14.015369 0.000000
14.017432 0.000000
14.019495 0.000000
14.021558 0.000000
14.023621 0.000000
14.025684 0.000000
14.027747 0.000000
14.029810 0.000000
14.031873 0.000000
14.033936 0.000000
14.035311 0.000000
14.068318 0.000000
14.133875 0.000000
14.199202 0.000000
14.264455 0.000000
14.329856 0.000000
14.395183 0.000000
14.460739 0.000000
14.526066 0.000000
14.591394 0.000000
14.656721 0.000000
14.722048 0.000044
14.787375 0.000227
14.852702 0.000577
14.918258 0.001120
14.957913 0.001553
14.965936 0.001651
14.968228 0.001679
14.970291 0.001225
14.972354 0.000599
14.974417 0.000537
14.976480 0.000896
14.978543 0.001811
14.980606 0.001838
14.982668 0.001866
14.984732 0.001893
14.986795 0.001921
14.988858 0.001949
14.990920 0.001977
14.992983 0.002006
14.995047 0.002035
14.997109 0.002064
14.999173 0.002093
15.001235 0.002122
15.003298 0.002152
15.005361 0.002182
15.007424 0.002212
15.009487 0.002243
15.011550 0.002273
15.013613 0.002304
15.015676 0.002335
15.017739 0.002367
15.019802 0.002398
15.021865 0.002430
15.023928 0.002462
15.025991 0.002495
15.028054 0.002527
15.030117 0.002560
15.032180 0.002593
15.034243 0.002627
15.068167 0.003212
15.133723 0.004535
15.199050 0.006027
15.264378 0.007650
15.329705 0.009390
15.395032 0.011227
15.460588 0.013150
15.525916 0.015129
15.591243 0.017149
15.656570 0.019195
15.721897 0.021246
15.787224 0.023286
15.852551 0.025299
15.920591 0.027348
15.957763 0.028441
15.965785 0.028674
15.968077 0.028740
15.970140 0.028800
15.972203 0.028859
15.974266 0.028919
15.976329 0.028026
15.978392 0.023334
15.980455 0.017536
15.982518 0.012479
15.984581 0.014887
15.986644 0.020636
15.988707 0.026461
15.990770 0.029393
15.992833 0.029452
15.994896 0.029511
15.996959 0.029569
15.999022 0.029628
16.001085 0.029686
16.003148 0.029745
16.005211 0.029803
16.007274 0.029862
16.009337 0.029920
16.011400 0.029978
16.013463 0.030036
16.015526 0.030094
16.017588 0.030152
16.019652 0.030210
16.021714 0.030268
16.023778 0.030326
16.025840 0.030383
16.027904 0.030441
16.029966 0.030498
16.032029 0.030556
16.034092 0.030613
16.068017 0.031543
16.133573 0.033270
16.198900 0.034888
16.264227 0.036393
16.329555 0.037775
16.394882 0.039025
16.460438 0.040141
16.525765 0.041107
16.591093 0.041921
16.656420 0.042580
16.721747 0.043080
16.787074 0.043418
16.852402 0.043593
16.917958 0.043602
16.957613 0.043527
16.965636 0.043505
16.967928 0.043498
16.969991 0.043491
16.972054 0.043485
16.974117 0.043478
16.976180 0.043471
16.978243 0.043464
16.980305 0.043457
16.982368 0.043450
16.984431 0.043442
16.986494 0.043434
16.988557 0.043427
16.990620 0.043419
16.992683 0.043410
16.994746 0.041957
16.996809 0.036148
16.998872 0.029468
17.000935 0.024154
17.002998 0.023536
17.005061 0.027423
17.007124 0.033881
17.009187 0.040181
17.011250 0.043330
17.013313 0.043320
17.015376 0.043310
17.017439 0.043300
17.019502 0.043289
17.021565 0.043279
17.023628 0.043268
17.025691 0.043258
17.027754 0.043247
17.029817 0.043235
17.031880 0.043224
17.033943 0.043213
17.035318 0.043205
17.068325 0.042999
17.133882 0.042466
17.199209 0.041777
17.264536 0.040933
17.329864 0.039939
17.395191 0.038800
17.460518 0.037524
17.525846 0.036118
17.591402 0.034586
17.656729 0.032947
17.722057 0.031209
17.787384 0.029382
17.852711 0.027480
17.919867 0.025462
17.957693 0.024303
17.965945 0.024049
17.968237 0.023978
17.970301 0.023914
17.972363 0.023850
17.974426 0.023787
17.976489 0.023723
17.978552 0.023659
17.980615 0.023595
17.982678 0.023531
17.984741 0.023467
17.986804 0.023403
17.988867 0.023339
17.990930 0.023275
17.992993 0.023211
17.995056 0.023147
17.997119 0.023082
17.999182 0.023018
18.001245 0.022954
18.003308 0.022890
18.005371 0.022826
18.007434 0.022761
18.009497 0.022697
18.011560 0.022633
18.013623 0.022497
18.015686 0.018463
18.017749 0.012943
18.019812 0.008459
18.021875 0.010822
18.023938 0.016268
18.026000 0.020828
18.028064 0.022117
18.030126 0.022053
18.032190 0.021988
18.034252 0.021924
18.068177 0.020860
18.133733 0.018801
18.199061 0.016760
18.264388 0.014745
18.329715 0.012778
18.395043 0.010874
18.460599 0.009048
18.525927 0.007330
18.591254 0.005730
18.656581 0.004266
18.721909 0.002992
18.787236 0.001972
18.852563 0.001191
18.917891 0.000626
18.957545 0.000380
18.965797 0.000338
18.968090 0.000326
18.970153 0.000316
18.972216 0.000307
18.974279 0.000297
18.976341 0.000287
18.978404 0.000278
18.980467 0.000269
18.982531 0.000260
18.984593 0.000251
18.986657 0.000242
18.988719 0.000234
18.990782 0.000226
18.992845 0.000217
18.994908 0.000209
18.996971 0.000202
18.999034 0.000194
19.001097 0.000187
19.003160 0.000179
19.005223 0.000172
19.007286 0.000165
19.009349 0.000158
19.011412 0.000151
19.013475 0.000145
19.015538 0.000139
19.017601 0.000132
19.019664 0.000126
19.021727 0.000120
19.023790 0.000060
19.025853 0.000034
19.027916 0.000035
19.029979 0.000065
19.032041 0.000093
19.034105 0.000088
19.068486 0.000026
19.133815 0.000000
19.199142 0.000000
19.264470 0.000000
19.329797 0.000000
19.395432 0.000000
19.460452 0.000000
19.526008 0.000000
19.591336 0.000000
19.656663 0.000000
19.721991 0.000000
19.787318 0.000000
19.852646 0.000000
19.919119 0.000000
19.957628 0.000000
19.965651 0.000000
19.967943 0.000000
19.970005 0.000000
19.972069 0.000000
19.974131 0.000000
19.976195 0.000000
19.978257 0.000000
19.980321 0.000000
19.982384 0.000000
19.984446 0.000000
19.986510 0.000000
19.988572 0.000000
19.990635 0.000000
19.992698 0.000000
19.994762 0.000000
19.996824 0.000000
19.998887 0.000000
20.000950 0.000000
20.003014 0.000000
20.005076 0.000000
20.007139 0.000000
20.009202 0.000000
20.011265 0.000000
20.013328 0.000000
20.015391 0.000000
20.017454 0.000000
20.019517 0.000000
20.021580 0.000000
20.023643 0.000000
20.025706 0.000000
20.027769 0.000000
20.029832 0.000000
20.031895 0.000000
20.033958 0.000000
20.035333 0.000000
20.068341 0.000000
20.133897 0.000000
20.199225 0.000000
20.264552 0.000000
20.329880 0.000000
20.395207 0.000000
20.460535 0.000000
20.525862 0.000000
20.591419 0.000000
20.659253 0.000000
