-0.176691 0.036470
-0.111248 0.037848
-0.056924 0.038891
-0.034002 0.039303
-0.031710 0.039343
-0.029647 0.039379
-0.027584 0.039415
-0.025521 0.039451
-0.023458 0.039487
-0.021396 0.039522
-0.019332 0.039558
-0.017270 0.039535
-0.015206 0.035296
-0.013144 0.029035
-0.011081 0.023020
-0.009018 0.020389
-0.006955 0.023186
-0.004892 0.029362
-0.002829 0.035807
-0.000766 0.039869
0.001297 0.039903
0.003360 0.039937
0.005423 0.039971
0.007486 0.040004
0.009549 0.040038
0.011611 0.040071
0.013675 0.040104
0.015737 0.040137
0.017801 0.040169
0.019863 0.040202
0.021926 0.040235
0.023990 0.040267
0.026052 0.040299
0.028115 0.040331
0.030178 0.040363
0.032241 0.040395
0.034304 0.040426
0.068228 0.040925
0.133784 0.041773
0.199110 0.042463
0.264436 0.042995
0.329763 0.043365
0.395089 0.043571
0.460645 0.043613
0.525971 0.043490
0.591298 0.043203
0.656624 0.042753
0.721786 0.042145
0.787277 0.041376
0.852604 0.040457
0.918159 0.039386
0.957813 0.038669
0.965836 0.038518
0.968128 0.038474
0.970191 0.038435
0.972254 0.038395
0.974317 0.038355
0.976380 0.038316
0.978443 0.038276
0.980506 0.038236
0.982569 0.038196
0.984632 0.038155
0.986695 0.038115
0.988758 0.038074
0.990820 0.038033
0.992884 0.037993
0.994946 0.037952
0.997009 0.037910
0.999073 0.037869
1.001135 0.037828
1.003198 0.037764
1.005261 0.033394
1.007324 0.026984
1.009387 0.021002
1.011450 0.018645
1.013513 0.022397
1.015576 0.028537
1.017639 0.034456
1.019701 0.037450
1.021765 0.037407
1.023827 0.037364
1.025891 0.037321
1.027954 0.037278
1.030016 0.037235
1.032079 0.037192
1.034142 0.037148
1.068066 0.036416
1.133622 0.034907
1.198948 0.033290
1.264275 0.031571
1.329601 0.029762
1.394928 0.027874
1.460483 0.025916
1.525810 0.023916
1.591136 0.021882
1.656463 0.019832
1.721789 0.017783
1.787116 0.015753
1.854085 0.013710
1.917998 0.011815
1.957652 0.010673
1.965675 0.010446
1.967967 0.010382
1.970030 0.010323
1.972093 0.010265
1.974156 0.010207
1.976219 0.010150
1.978282 0.010092
1.980345 0.010034
1.982407 0.009977
1.984470 0.009919
1.986533 0.009862
1.988596 0.009804
1.990660 0.009747
1.992722 0.009690
1.994785 0.009633
1.996848 0.009576
1.998911 0.009519
2.000974 0.009462
2.003037 0.009406
2.005100 0.009349
2.007163 0.009293
2.009226 0.009237
2.011289 0.009180
2.013352 0.009124
2.015414 0.009068
2.017478 0.009012
2.019540 0.008909
2.021603 0.005791
2.023667 0.003025
2.025729 0.002988
2.027792 0.005688
2.029855 0.008541
2.031918 0.008623
2.033981 0.008568
2.035356 0.008532
2.068364 0.007666
2.133919 0.006035
2.199246 0.004543
2.264572 0.003223
2.329899 0.002154
2.395225 0.001327
2.460781 0.000720
2.526107 0.000315
2.591434 0.000084
2.656760 0.000001
2.722087 0.000000
2.787414 0.000000
2.852740 0.000000
2.918296 0.000000
2.957950 0.000000
2.965973 0.000000
2.968265 0.000000
2.970328 0.000000
2.972391 0.000000
2.974454 0.000000
2.976517 0.000000
2.978579 0.000000
2.980643 0.000000
2.982705 0.000000
2.984768 0.000000
2.986832 0.000000
2.988894 0.000000
2.990957 0.000000
2.993020 0.000000
2.995083 0.000000
2.997146 0.000000
2.999209 0.000000
3.001272 0.000000
3.003335 0.000000
3.005398 0.000000
3.007461 0.000000
3.009524 0.000000
3.011586 0.000000
3.013650 0.000000
3.015713 0.000000
3.017775 0.000000
3.019839 0.000000
3.021901 0.000000
3.023964 0.000000
3.026027 0.000000
3.028090 0.000000
3.030153 0.000000
3.032216 0.000000
3.034279 0.000000
3.068203 0.000000
3.133759 0.000000
3.199085 0.000000
3.264412 0.000000
3.329738 0.000000
3.395065 0.000000
3.460621 0.000000
3.525947 0.000000
3.591274 0.000000
3.656600 0.000000
3.721927 0.000000
3.787253 0.000000
3.853573 0.000000
3.918136 0.000000
3.957790 0.000000
3.965813 0.000000
3.968105 0.000000
3.970168 0.000000
3.972231 0.000000
3.974294 0.000000
3.976357 0.000000
3.978420 0.000000
3.980483 0.000000
3.982546 0.000000
3.984608 0.000000
3.986671 0.000000
3.988734 0.000000
3.990798 0.000000
3.992860 0.000000
3.994923 0.000000
3.996986 0.000000
3.999049 0.000000
4.001112 0.000000
4.003175 0.000000
4.005238 0.000000
4.007301 0.000000
4.009364 0.000000
4.011427 0.000000
4.013490 0.000000
4.015553 0.000000
4.017616 0.000000
4.019678 0.000000
4.021741 0.000000
4.023805 0.000000
4.025867 0.000000
4.027930 0.000000
4.029993 0.000000
4.032056 0.000000
4.034119 0.000000
4.068043 0.000000
4.133599 0.000000
4.198925 0.000000
4.264252 0.000000
4.329579 0.000000
4.394905 0.000000
4.460461 0.000000
4.525788 0.000000
4.591114 0.000000
4.656441 0.000000
4.721767 0.000000
4.787094 0.000000
4.852421 0.000000
4.917977 0.000000
4.957631 0.000000
4.965654 0.000000
4.967946 0.000000
4.970009 0.000000
4.972072 0.000000
4.974134 0.000000
4.976197 0.000000
4.978260 0.000000
4.980323 0.000000
4.982387 0.000000
4.984449 0.000000
4.986512 0.000000
4.988575 0.000000
4.990638 0.000000
4.992701 0.000000
4.994764 0.000000
4.996827 0.000000
4.998890 0.000000
5.000953 0.000000
5.003016 0.000000
5.005079 0.000000
5.007142 0.000000
5.009205 0.000000
5.011268 0.000000
5.013330 0.000000
5.015394 0.000000
5.017456 0.000000
5.019519 0.000000
5.021582 0.000000
5.023645 0.000000
5.025708 0.000000
5.027771 0.000000
5.029834 0.000000
5.031897 0.000000
5.033960 0.000000
5.035335 0.000000
5.068342 0.000000
5.133898 0.000000
5.199225 0.000000
5.264551 0.000000
5.329878 0.000000
5.395205 0.000000
5.460761 0.000000
5.526087 0.000000
5.591414 0.000000
5.656740 0.000000
5.722067 0.000000
5.787394 0.000000
5.853064 0.000000
5.918276 0.000000
5.957931 0.000000
5.965953 0.000000
5.968245 0.000000
5.970308 0.000000
5.972371 0.000000
5.974435 0.000000
5.976497 0.000000
5.978561 0.000000
5.980623 0.000000
5.982686 0.000000
5.984749 0.000000
5.986812 0.000000
5.988875 0.000000
5.990938 0.000000
5.993001 0.000000
5.995064 0.000000
5.997127 0.000000
5.999190 0.000000
6.001253 0.000000
6.003316 0.000000
6.005379 0.000000
6.007441 0.000000
6.009504 0.000000
6.011567 0.000000
6.013630 0.000000
6.015693 0.000000
6.017756 0.000000
6.019819 0.000000
6.021882 0.000000
6.023945 0.000000
6.026008 0.000000
6.028071 0.000000
6.030134 0.000000
6.032197 0.000000
6.034260 0.000000
6.068184 0.000000
6.133740 0.000000
6.199066 0.000000
6.264393 0.000025
6.329720 0.000178
6.395046 0.000491
6.460602 0.000994
6.525929 0.001706
6.591256 0.002651
6.656582 0.003845
6.721909 0.005263
6.787236 0.006822
6.852562 0.008506
6.918118 0.010303
6.957773 0.011434
6.965795 0.011667
6.968088 0.011733
6.970150 0.011793
6.972214 0.009487
6.974277 0.005128
6.976339 0.003891
6.978402 0.006058
6.980465 0.010348
6.982528 0.012155
6.984591 0.012216
6.986654 0.012276
6.988717 0.012337
6.990780 0.012398
6.992843 0.012459
6.994906 0.012520
6.996969 0.012581
6.999032 0.012642
7.001095 0.012703
7.003158 0.012764
7.005221 0.012825
7.007284 0.012886
7.009347 0.012948
7.011410 0.013009
7.013472 0.013071
7.015535 0.013132
7.017598 0.013194
7.019661 0.013256
7.021724 0.013317
7.023787 0.013379
7.025850 0.013441
7.027913 0.013503
7.029976 0.013565
7.032039 0.013627
7.034102 0.013689
7.068026 0.014717
7.133582 0.016738
7.198909 0.018780
7.264235 0.020831
7.329562 0.022875
7.394889 0.024895
7.460445 0.026880
7.525772 0.028802
7.591098 0.030653
7.656425 0.032420
7.721752 0.034091
7.787079 0.035654
7.852061 0.037091
7.917961 0.038421
7.957616 0.039154
7.965638 0.039297
7.967930 0.039337
7.969993 0.039373
7.972056 0.039409
7.974120 0.039445
7.976182 0.039480
7.978245 0.039516
7.980308 0.039551
7.982371 0.039587
7.984434 0.036266
7.986497 0.030163
7.988560 0.023957
7.990623 0.020431
7.992686 0.022305
7.994749 0.028208
7.996812 0.034756
7.998875 0.039622
8.000938 0.039897
8.003000 0.039931
8.005064 0.039965
8.007127 0.039998
8.009189 0.040032
8.011253 0.040065
8.013315 0.040098
8.015379 0.040131
8.017441 0.040164
8.019504 0.040196
8.021567 0.040229
8.023630 0.040261
8.025693 0.040294
8.027756 0.040326
8.029819 0.040358
8.031882 0.040389
8.033945 0.040421
8.035320 0.040442
8.068327 0.040926
8.133883 0.041774
8.199210 0.042464
8.264537 0.042995
8.329864 0.043365
8.395190 0.043571
8.460746 0.043613
8.526073 0.043490
8.591400 0.043202
8.656727 0.042752
8.722054 0.042142
8.787380 0.041375
8.852707 0.040455
8.918263 0.039384
8.957918 0.038667
8.965940 0.038516
8.968233 0.038472
8.970295 0.038433
8.972358 0.038393
8.974422 0.038353
8.976484 0.038314
8.978547 0.038274
8.980610 0.038234
8.982673 0.038193
8.984736 0.038153
8.986799 0.038113
8.988862 0.038072
8.990925 0.038031
8.992988 0.037991
8.995051 0.037950
8.997114 0.037908
8.999177 0.037867
9.001240 0.037826
9.003303 0.037683
9.005366 0.033091
9.007428 0.026654
9.009492 0.020752
9.011554 0.018661
9.013617 0.022683
9.015681 0.028858
9.017743 0.034715
9.019806 0.037447
9.021869 0.037405
9.023932 0.037362
9.025995 0.037319
9.028058 0.037276
9.030121 0.037233
9.032184 0.037189
9.034247 0.037146
9.068171 0.036413
9.133727 0.034905
9.199054 0.033288
9.264381 0.031568
9.329708 0.029759
9.395034 0.027871
9.460590 0.025913
9.525917 0.023912
9.591244 0.021879
9.656571 0.019829
9.721898 0.017780
9.787225 0.015750
9.851558 0.013786
9.918108 0.011812
9.957762 0.010670
9.965785 0.010443
9.968077 0.010378
9.970140 0.010320
9.972203 0.010262
9.974266 0.010204
9.976329 0.010146
9.978392 0.010089
9.980455 0.010031
9.982518 0.009973
9.984581 0.009916
9.986643 0.009859
9.988706 0.009801
9.990769 0.009744
9.992832 0.009687
9.994895 0.009630
9.996958 0.009573
9.999021 0.009516
10.001084 0.009459
10.003147 0.009403
10.005210 0.009346
10.007273 0.009290
10.009336 0.009234
10.011399 0.009177
10.013462 0.009121
10.015525 0.009065
10.017588 0.009009
10.019651 0.008830
10.021714 0.005583
10.023777 0.002971
10.025840 0.003043
10.027902 0.005897
10.029965 0.008604
10.032028 0.008620
10.034091 0.008565
10.068016 0.007675
10.133572 0.006044
10.198898 0.004551
10.264225 0.003229
10.329552 0.002159
10.394879 0.001331
10.460435 0.000722
10.525762 0.000316
10.591089 0.000085
10.656416 0.000001
10.721743 0.000000
10.787070 0.000000
10.852397 0.000000
10.917953 0.000000
10.957607 0.000000
10.965630 0.000000
10.967922 0.000000
10.969985 0.000000
10.972048 0.000000
10.974111 0.000000
10.976174 0.000000
10.978237 0.000000
10.980300 0.000000
10.982363 0.000000
10.984426 0.000000
10.986488 0.000000
10.988552 0.000000
10.990614 0.000000
10.992678 0.000000
10.994740 0.000000
10.996803 0.000000
10.998867 0.000000
11.000929 0.000000
11.002992 0.000000
11.005055 0.000000
11.007118 0.000000
11.009181 0.000000
11.011244 0.000000
11.013307 0.000000
11.015370 0.000000
11.017433 0.000000
11.019496 0.000000
11.021559 0.000000
11.023622 0.000000
11.025685 0.000000
11.027748 0.000000
11.029811 0.000000
11.031873 0.000000
11.033937 0.000000
11.035312 0.000000
11.068319 0.000000
11.133875 0.000000
11.199202 0.000000
11.264529 0.000000
11.329856 0.000000
11.395183 0.000000
11.460739 0.000000
11.526066 0.000000
11.591393 0.000000
11.656720 0.000000
11.722047 0.000000
11.787374 0.000000
11.851058 0.000000
11.918257 0.000000
11.957912 0.000000
11.965934 0.000000
11.968226 0.000000
11.970289 0.000000
11.972352 0.000000
11.974415 0.000000
11.976478 0.000000
11.978541 0.000000
11.980604 0.000000
11.982667 0.000000
11.984730 0.000000
11.986793 0.000000
11.988856 0.000000
11.990919 0.000000
11.992982 0.000000
11.995045 0.000000
11.997108 0.000000
11.999171 0.000000
12.001234 0.000000
12.003297 0.000000
12.005360 0.000000
12.007423 0.000000
12.009486 0.000000
12.011548 0.000000
12.013612 0.000000
12.015674 0.000000
12.017737 0.000000
12.019801 0.000000
12.021863 0.000000
12.023926 0.000000
12.025989 0.000000
12.028052 0.000000
12.030115 0.000000
12.032178 0.000000
12.034241 0.000000
12.068165 0.000000
12.133721 0.000000
12.199048 0.000000
12.264375 0.000000
12.329702 0.000000
12.395029 0.000000
12.460586 0.000000
12.525913 0.000000
12.591240 0.000000
12.656567 0.000000
12.721894 0.000000
12.787221 0.000000
12.852548 0.000000
12.918104 0.000000
12.957759 0.000000
12.965781 0.000000
12.968073 0.000000
12.970136 0.000000
12.972199 0.000000
12.974262 0.000000
12.976325 0.000000
12.978388 0.000000
12.980451 0.000000
12.982514 0.000000
12.984577 0.000000
12.986640 0.000000
12.988703 0.000000
12.990766 0.000000
12.992829 0.000000
12.994891 0.000000
12.996955 0.000000
12.999017 0.000000
13.001081 0.000000
13.003143 0.000000
13.005207 0.000000
13.007269 0.000000
13.009332 0.000000
13.011395 0.000000
13.013458 0.000000
13.015522 0.000000
13.017584 0.000000
13.019647 0.000000
13.021710 0.000000
13.023773 0.000000
13.025836 0.000000
13.027899 0.000000
13.029962 0.000000
13.032025 0.000000
13.034088 0.000000
13.068012 0.000000
13.133568 0.000000
13.198895 0.000000
13.264222 0.000000
13.329550 0.000000
13.394877 0.000000
13.460433 0.000000
13.525760 0.000000
13.591087 0.000000
13.656414 0.000000
13.721741 0.000000
13.787068 0.000000
13.850065 0.000000
13.917951 0.000000
13.957606 0.000000
13.965629 0.000000
13.967921 0.000000
13.969984 0.000000
13.972047 0.000000
13.974110 0.000000
13.976173 0.000000
13.978236 0.000000
13.980299 0.000000
13.982361 0.000000
13.984425 0.000000
13.986487 0.000000
13.988550 0.000000
13.990614 0.000000
13.992676 0.000000
13.994739 0.000000
13.996802 0.000000
13.998865 0.000000
14.000928 0.000000
14.002991 0.000000
14.005054 0.000000
14.007117 0.000000
14.009180 0.000000
14.011243 0.000000
14.013306 0.000000
14.015369 0.000000
14.017432 0.000000
14.019495 0.000000
14.021558 0.000000
14.023621 0.000000
14.025684 0.000000
14.027747 0.000000
14.029810 0.000000
14.031873 0.000000
14.033936 0.000000
14.035311 0.000000
14.068318 0.000000
14.133875 0.000000
14.199202 0.000000
14.264455 0.000025
14.329856 0.000178
14.395183 0.000492
14.460739 0.000995
14.526066 0.001708
14.591394 0.002653
14.656721 0.003848
14.722048 0.005266
14.787375 0.006826
14.852702 0.008509
14.918258 0.010307
14.957913 0.011438
14.965936 0.011671
14.968228 0.011737
14.970291 0.011797
14.972354 0.009228
14.974417 0.004919
14.976480 0.003917
14.978543 0.006355
14.980606 0.010604
14.982668 0.012159
14.984732 0.012220
14.986795 0.012280
14.988858 0.012341
14.990920 0.012402
14.992983 0.012463
14.995047 0.012524
14.997109 0.012585
14.999173 0.012646
15.001235 0.012707
15.003298 0.012768
15.005361 0.012829
15.007424 0.012891
15.009487 0.012952
15.011550 0.013013
15.013613 0.013075
15.015676 0.013136
15.017739 0.013198
15.019802 0.013260
15.021865 0.013321
15.023928 0.013383
15.025991 0.013445
15.028054 0.013507
15.030117 0.013569
15.032180 0.013631
15.034243 0.013693
15.068167 0.014722
15.133723 0.016742
15.199050 0.018784
15.264378 0.020836
15.329705 0.022880
15.395032 0.024899
15.460588 0.026884
15.525916 0.028806
15.591243 0.030657
15.656570 0.032424
15.721897 0.034095
15.787224 0.035657
15.852551 0.037102
15.920591 0.038471
15.957763 0.039157
15.965785 0.039299
15.968077 0.039340
15.970140 0.039376
15.972203 0.039412
15.974266 0.039447
15.976329 0.039483
15.978392 0.039519
15.980455 0.039554
15.982518 0.039589
15.984581 0.035876
15.986644 0.029701
15.988707 0.023565
15.990770 0.020414
15.992833 0.022654
15.994896 0.028678
15.996959 0.035192
15.999022 0.039782
16.001085 0.039900
16.003148 0.039934
16.005211 0.039967
16.007274 0.040001
16.009337 0.040034
16.011400 0.040067
16.013463 0.040100
16.015526 0.040133
16.017588 0.040166
16.019652 0.040199
16.021714 0.040231
16.023778 0.040264
16.025840 0.040296
16.027904 0.040328
16.029966 0.040360
16.032029 0.040392
16.034092 0.040423
16.068017 0.040922
16.133573 0.041771
16.198900 0.042461
16.264227 0.042993
16.329555 0.043364
16.394882 0.043571
16.460438 0.043613
16.525765 0.043491
16.591093 0.043204
16.656420 0.042754
16.721747 0.042145
16.787074 0.041379
16.852402 0.040460
16.917958 0.039389
16.957613 0.038673
16.965636 0.038521
16.967928 0.038478
16.969991 0.038438
16.972054 0.038399
16.974117 0.038359
16.976180 0.038320
16.978243 0.038280
16.980305 0.038240
16.982368 0.038199
16.984431 0.038159
16.986494 0.038119
16.988557 0.038078
16.990620 0.038037
16.992683 0.037997
16.994746 0.037956
16.996809 0.037914
16.998872 0.037873
17.000935 0.037832
17.002998 0.037790
17.005061 0.033961
17.007124 0.027619
17.009187 0.021503
17.011250 0.018614
17.013313 0.021864
17.015376 0.027922
17.017439 0.033946
17.019502 0.037454
17.021565 0.037411
17.023628 0.037368
17.025691 0.037325
17.027754 0.037282
17.029817 0.037239
17.031880 0.037196
17.033943 0.037152
17.035318 0.037123
17.068325 0.036410
17.133882 0.034901
17.199209 0.033284
17.264536 0.031564
17.329864 0.029754
17.395191 0.027866
17.460518 0.025915
17.525846 0.023914
17.591402 0.021874
17.656729 0.019824
17.722057 0.017775
17.787384 0.015745
17.852711 0.013751
17.919867 0.011760
17.957693 0.010672
17.965945 0.010439
17.968237 0.010374
17.970301 0.010316
17.972363 0.010258
17.974426 0.010200
17.976489 0.010142
17.978552 0.010084
17.980615 0.010027
17.982678 0.009969
17.984741 0.009912
17.986804 0.009854
17.988867 0.009797
17.990930 0.009740
17.992993 0.009683
17.995056 0.009626
17.997119 0.009569
17.999182 0.009512
18.001245 0.009455
18.003308 0.009398
18.005371 0.009342
18.007434 0.009285
18.009497 0.009229
18.011560 0.009173
18.013623 0.009117
18.015686 0.009061
18.017749 0.009005
18.019812 0.008678
18.021875 0.005278
18.023938 0.002905
18.026000 0.003136
18.028064 0.006193
18.030126 0.008664
18.032190 0.008616
18.034252 0.008561
18.068177 0.007670
18.133733 0.006040
18.199061 0.004547
18.264388 0.003226
18.329715 0.002157
18.395043 0.001329
18.460599 0.000721
18.525927 0.000315
18.591254 0.000084
18.656581 0.000001
18.721909 0.000000
18.787236 0.000000
18.852563 0.000000
18.917891 0.000000
18.957545 0.000000
18.965797 0.000000
18.968090 0.000000
18.970153 0.000000
18.972216 0.000000
18.974279 0.000000
18.976341 0.000000
18.978404 0.000000
18.980467 0.000000
18.982531 0.000000
18.984593 0.000000
18.986657 0.000000
18.988719 0.000000
18.990782 0.000000
18.992845 0.000000
18.994908 0.000000
18.996971 0.000000
18.999034 0.000000
19.001097 0.000000
19.003160 0.000000
19.005223 0.000000
19.007286 0.000000
19.009349 0.000000
19.011412 0.000000
19.013475 0.000000
19.015538 0.000000
19.017601 0.000000
19.019664 0.000000
19.021727 0.000000
19.023790 0.000000
19.025853 0.000000
19.027916 0.000000
19.029979 0.000000
19.032041 0.000000
19.034105 0.000000
19.068486 0.000000
19.133815 0.000000
19.199142 0.000000
19.264470 0.000000
19.329797 0.000000
19.395432 0.000000
19.460452 0.000000
19.526008 0.000000
19.591336 0.000000
19.656663 0.000000
19.721991 0.000000
19.787318 0.000000
19.852646 0.000000
19.919119 0.000000
19.957628 0.000000
19.965651 0.000000
19.967943 0.000000
19.970005 0.000000
19.972069 0.000000
19.974131 0.000000
19.976195 0.000000
19.978257 0.000000
19.980321 0.000000
19.982384 0.000000
19.984446 0.000000
19.986510 0.000000
19.988572 0.000000
19.990635 0.000000
19.992698 0.000000
19.994762 0.000000
19.996824 0.000000
19.998887 0.000000
20.000950 0.000000
20.003014 0.000000
20.005076 0.000000
20.007139 0.000000
20.009202 0.000000
20.011265 0.000000
20.013328 0.000000
20.015391 0.000000
20.017454 0.000000
20.019517 0.000000
20.021580 0.000000
20.023643 0.000000
20.025706 0.000000
20.027769 0.000000
20.029832 0.000000
20.031895 0.000000
20.033958 0.000000
20.035333 0.000000
20.068341 0.000000
20.133897 0.000000
20.199225 0.000000
20.264552 0.000000
20.329880 0.000000
20.395207 0.000000
20.460535 0.000000
20.525862 0.000000
20.591419 0.000000
20.659253 0.000000
