-0.176691 0.034350
-0.111248 0.032693
-0.056924 0.031242
-0.034002 0.030611
-0.031710 0.030547
-0.029647 0.030490
-0.027584 0.030432
-0.025521 0.030374
-0.023458 0.030317
-0.021396 0.030259
-0.019332 0.030201
-0.017270 0.030143
-0.015206 0.030085
-0.013144 0.030027
-0.011081 0.029969
-0.009018 0.029911
-0.006955 0.029853
-0.004892 0.029794
-0.002829 0.029736
-0.000766 0.029677
0.001297 0.029619
0.003360 0.029560
0.005423 0.029501
0.007486 0.029443
0.009549 0.029384
0.011611 0.025640
0.013675 0.019694
0.015737 0.014135
0.017801 0.013113
0.019863 0.018433
0.021926 0.024179
0.023990 0.028499
0.026052 0.028910
0.028115 0.028850
0.030178 0.028791
0.032241 0.028731
0.034304 0.028671
0.068228 0.027679
0.133784 0.025715
0.199110 0.023710
0.264436 0.021674
0.329763 0.019624
0.395089 0.017576
0.460645 0.015541
0.525971 0.013553
0.591298 0.011622
0.656624 0.009767
0.721786 0.008010
0.787277 0.006356
0.852604 0.004836
0.918159 0.003467
0.957813 0.002758
0.965836 0.002625
0.968128 0.002588
0.970191 0.002555
0.972254 0.002522
0.974317 0.002490
0.976380 0.002458
0.978443 0.002425
0.980506 0.002394
0.982569 0.002362
0.984632 0.002331
0.986695 0.002299
0.988758 0.002269
0.990820 0.002238
0.992884 0.002208
0.994946 0.002177
0.997009 0.002148
0.999073 0.002118
1.001135 0.002088
1.003198 0.002059
1.005261 0.002030
1.007324 0.002002
1.009387 0.001973
1.011450 0.001945
1.013513 0.001917
1.015576 0.001889
1.017639 0.001862
1.019701 0.001834
1.021765 0.001807
1.023827 0.000803
1.025891 0.000524
1.027954 0.000642
1.030016 0.001487
1.032079 0.001676
1.034142 0.001650
1.068066 0.001261
1.133622 0.000673
1.198948 0.000286
1.264275 0.000070
1.329601 0.000000
1.394928 0.000000
1.460483 0.000000
1.525810 0.000000
1.591136 0.000000
1.656463 0.000000
1.721789 0.000000
1.787116 0.000000
1.854085 0.000000
1.917998 0.000000
1.957652 0.000000
1.965675 0.000000
1.967967 0.000000
1.970030 0.000000
1.972093 0.000000
1.974156 0.000000
1.976219 0.000000
1.978282 0.000000
1.980345 0.000000
1.982407 0.000000
1.984470 0.000000
1.986533 0.000000
1.988596 0.000000
1.990660 0.000000
1.992722 0.000000
1.994785 0.000000
1.996848 0.000000
1.998911 0.000000
2.000974 0.000000
2.003037 0.000000
2.005100 0.000000
2.007163 0.000000
2.009226 0.000000
2.011289 0.000000
2.013352 0.000000
2.015414 0.000000
2.017478 0.000000
2.019540 0.000000
2.021603 0.000000
2.023667 0.000000
2.025729 0.000000
2.027792 0.000000
2.029855 0.000000
2.031918 0.000000
2.033981 0.000000
2.035356 0.000000
2.068364 0.000000
2.133919 0.000000
2.199246 0.000000
2.264572 0.000000
2.329899 0.000000
2.395225 0.000000
2.460781 0.000000
2.526107 0.000000
2.591434 0.000000
2.656760 0.000000
2.722087 0.000000
2.787414 0.000000
2.852740 0.000000
2.918296 0.000000
2.957950 0.000000
2.965973 0.000000
2.968265 0.000000
2.970328 0.000000
2.972391 0.000000
2.974454 0.000000
2.976517 0.000000
2.978579 0.000000
2.980643 0.000000
2.982705 0.000000
2.984768 0.000000
2.986832 0.000000
2.988894 0.000000
2.990957 0.000000
2.993020 0.000000
2.995083 0.000000
2.997146 0.000000
2.999209 0.000000
3.001272 0.000000
3.003335 0.000000
3.005398 0.000000
3.007461 0.000000
3.009524 0.000000
3.011586 0.000000
3.013650 0.000000
3.015713 0.000000
3.017775 0.000000
3.019839 0.000000
3.021901 0.000000
3.023964 0.000000
3.026027 0.000000
3.028090 0.000000
3.030153 0.000000
3.032216 0.000000
3.034279 0.000000
3.068203 0.000000
3.133759 0.000000
3.199085 0.000000
3.264412 0.000000
3.329738 0.000000
3.395065 0.000000
3.460621 0.000000
3.525947 0.000000
3.591274 0.000000
3.656600 0.000000
3.721927 0.000000
3.787253 0.000000
3.853573 0.000000
3.918136 0.000000
3.957790 0.000000
3.965813 0.000000
3.968105 0.000000
3.970168 0.000000
3.972231 0.000000
3.974294 0.000000
3.976357 0.000000
3.978420 0.000000
3.980483 0.000000
3.982546 0.000000
3.984608 0.000000
3.986671 0.000000
3.988734 0.000000
3.990798 0.000000
3.992860 0.000000
3.994923 0.000000
3.996986 0.000000
3.999049 0.000000
4.001112 0.000000
4.003175 0.000000
4.005238 0.000000
4.007301 0.000000
4.009364 0.000000
4.011427 0.000000
4.013490 0.000000
4.015553 0.000000
4.017616 0.000000
4.019678 0.000000
4.021741 0.000000
4.023805 0.000000
4.025867 0.000000
4.027930 0.000000
4.029993 0.000000
4.032056 0.000000
4.034119 0.000000
4.068043 0.000000
4.133599 0.000000
4.198925 0.000000
4.264252 0.000000
4.329579 0.000000
4.394905 0.000000
4.460461 0.000000
4.525788 0.000000
4.591114 0.000000
4.656441 0.000000
4.721767 0.000000
4.787094 0.000000
4.852421 0.000000
4.917977 0.000012
4.957631 0.000070
4.965654 0.000087
4.967946 0.000093
4.970009 0.000065
4.972072 0.000035
4.974134 0.000034
4.976197 0.000059
4.978260 0.000120
4.980323 0.000126
4.982387 0.000132
4.984449 0.000138
4.986512 0.000145
4.988575 0.000151
4.990638 0.000158
4.992701 0.000165
4.994764 0.000172
4.996827 0.000179
4.998890 0.000186
5.000953 0.000194
5.003016 0.000202
5.005079 0.000209
5.007142 0.000217
5.009205 0.000226
5.011268 0.000234
5.013330 0.000242
5.015394 0.000251
5.017456 0.000260
5.019519 0.000269
5.021582 0.000278
5.023645 0.000287
5.025708 0.000297
5.027771 0.000307
5.029834 0.000316
5.031897 0.000326
5.033960 0.000337
5.035335 0.000343
5.068342 0.000533
5.133898 0.001056
5.199225 0.001791
5.264551 0.002760
5.329878 0.003981
5.395205 0.005415
5.460761 0.006993
5.526087 0.008689
5.591414 0.010490
5.656740 0.012377
5.722067 0.014333
5.787394 0.016339
5.853064 0.018387
5.918276 0.020435
5.957931 0.021679
5.965953 0.021930
5.968245 0.022002
5.970308 0.022066
5.972371 0.022131
5.974435 0.020026
5.976497 0.015141
5.978561 0.009710
5.980623 0.009024
5.982686 0.014107
5.984749 0.019539
5.986812 0.022582
5.988875 0.022646
5.990938 0.022711
5.993001 0.022775
5.995064 0.022839
5.997127 0.022903
5.999190 0.022968
6.001253 0.023032
6.003316 0.023096
6.005379 0.023160
6.007441 0.023224
6.009504 0.023288
6.011567 0.023352
6.013630 0.023416
6.015693 0.023480
6.017756 0.023544
6.019819 0.023608
6.021882 0.023672
6.023945 0.023736
6.026008 0.023800
6.028071 0.023864
6.030134 0.023928
6.032197 0.023991
6.034260 0.024055
6.068184 0.025098
6.133740 0.027078
6.199066 0.028993
6.264393 0.030837
6.329720 0.032595
6.395046 0.034255
6.460602 0.035811
6.525929 0.037243
6.591256 0.038547
6.656582 0.039714
6.721909 0.040739
6.787236 0.041614
6.852562 0.042336
6.918118 0.042902
6.957773 0.043165
6.965795 0.043211
6.968088 0.043224
6.970150 0.043235
6.972214 0.043246
6.974277 0.043257
6.976339 0.043268
6.978402 0.043279
6.980465 0.043289
6.982528 0.043300
6.984591 0.043310
6.986654 0.043320
6.988717 0.043329
6.990780 0.040268
6.992843 0.033989
6.994906 0.027516
6.996969 0.023537
6.999032 0.024099
7.001095 0.029365
7.003158 0.036041
7.005221 0.041884
7.007284 0.043410
7.009347 0.043418
7.011410 0.043426
7.013472 0.043434
7.015535 0.043442
7.017598 0.043450
7.019661 0.043457
7.021724 0.043464
7.023787 0.043471
7.025850 0.043478
7.027913 0.043485
7.029976 0.043491
7.032039 0.043498
7.034102 0.043504
7.068026 0.043582
7.133582 0.043609
7.198909 0.043470
7.264235 0.043167
7.329562 0.042701
7.394889 0.042076
7.460445 0.041291
7.525772 0.040357
7.591098 0.039276
7.656425 0.038054
7.721752 0.036700
7.787079 0.035220
7.852061 0.033635
7.917961 0.031920
7.957616 0.030843
7.965638 0.030621
7.967930 0.030557
7.969993 0.030500
7.972056 0.030442
7.974120 0.030385
7.976182 0.030327
7.978245 0.030269
7.980308 0.030211
7.982371 0.030153
7.984434 0.030096
7.986497 0.030038
7.988560 0.029979
7.990623 0.029921
7.992686 0.029863
7.994749 0.029805
7.996812 0.029746
7.998875 0.029688
8.000938 0.029629
8.003000 0.029570
8.005064 0.029512
8.007127 0.029453
8.009189 0.029394
8.011253 0.026562
8.013315 0.020757
8.015379 0.014986
8.017441 0.012405
8.019504 0.017423
8.021567 0.023225
8.023630 0.027958
8.025693 0.028920
8.027756 0.028861
8.029819 0.028801
8.031882 0.028741
8.033945 0.028682
8.035320 0.028642
8.068327 0.027676
8.133883 0.025712
8.199210 0.023707
8.264537 0.021671
8.329864 0.019621
8.395190 0.017573
8.460746 0.015538
8.526073 0.013550
8.591400 0.011619
8.656727 0.009764
8.722054 0.008003
8.787380 0.006354
8.852707 0.004834
8.918263 0.003465
8.957918 0.002756
8.965940 0.002624
8.968233 0.002587
8.970295 0.002554
8.972358 0.002521
8.974422 0.002488
8.976484 0.002456
8.978547 0.002424
8.980610 0.002392
8.982673 0.002360
8.984736 0.002329
8.986799 0.002298
8.988862 0.002267
8.990925 0.002236
8.992988 0.002206
8.995051 0.002176
8.997114 0.002146
8.999177 0.002116
9.001240 0.002087
9.003303 0.002058
9.005366 0.002029
9.007428 0.002000
9.009492 0.001972
9.011554 0.001944
9.013617 0.001916
9.015681 0.001888
9.017743 0.001860
9.019806 0.001833
9.021869 0.001806
9.023932 0.000776
9.025995 0.000521
9.028058 0.000659
9.030121 0.001558
9.032184 0.001674
9.034247 0.001649
9.068171 0.001259
9.133727 0.000673
9.199054 0.000285
9.264381 0.000070
9.329708 0.000000
9.395034 0.000000
9.460590 0.000000
9.525917 0.000000
9.591244 0.000000
9.656571 0.000000
9.721898 0.000000
9.787225 0.000000
9.851558 0.000000
9.918108 0.000000
9.957762 0.000000
9.965785 0.000000
9.968077 0.000000
9.970140 0.000000
9.972203 0.000000
9.974266 0.000000
9.976329 0.000000
9.978392 0.000000
9.980455 0.000000
9.982518 0.000000
9.984581 0.000000
9.986643 0.000000
9.988706 0.000000
9.990769 0.000000
9.992832 0.000000
9.994895 0.000000
9.996958 0.000000
9.999021 0.000000
10.001084 0.000000
10.003147 0.000000
10.005210 0.000000
10.007273 0.000000
10.009336 0.000000
10.011399 0.000000
10.013462 0.000000
10.015525 0.000000
10.017588 0.000000
10.019651 0.000000
10.021714 0.000000
10.023777 0.000000
10.025840 0.000000
10.027902 0.000000
10.029965 0.000000
10.032028 0.000000
10.034091 0.000000
10.068016 0.000000
10.133572 0.000000
10.198898 0.000000
10.264225 0.000000
10.329552 0.000000
10.394879 0.000000
10.460435 0.000000
10.525762 0.000000
10.591089 0.000000
10.656416 0.000000
10.721743 0.000000
10.787070 0.000000
10.852397 0.000000
10.917953 0.000000
10.957607 0.000000
10.965630 0.000000
10.967922 0.000000
10.969985 0.000000
10.972048 0.000000
10.974111 0.000000
10.976174 0.000000
10.978237 0.000000
10.980300 0.000000
10.982363 0.000000
10.984426 0.000000
10.986488 0.000000
10.988552 0.000000
10.990614 0.000000
10.992678 0.000000
10.994740 0.000000
10.996803 0.000000
10.998867 0.000000
11.000929 0.000000
11.002992 0.000000
11.005055 0.000000
11.007118 0.000000
11.009181 0.000000
11.011244 0.000000
11.013307 0.000000
11.015370 0.000000
11.017433 0.000000
11.019496 0.000000
11.021559 0.000000
11.023622 0.000000
11.025685 0.000000
11.027748 0.000000
11.029811 0.000000
11.031873 0.000000
11.033937 0.000000
11.035312 0.000000
11.068319 0.000000
11.133875 0.000000
11.199202 0.000000
11.264529 0.000000
11.329856 0.000000
11.395183 0.000000
11.460739 0.000000
11.526066 0.000000
11.591393 0.000000
11.656720 0.000000
11.722047 0.000000
11.787374 0.000000
11.851058 0.000000
11.918257 0.000000
11.957912 0.000000
11.965934 0.000000
11.968226 0.000000
11.970289 0.000000
11.972352 0.000000
11.974415 0.000000
11.976478 0.000000
11.978541 0.000000
11.980604 0.000000
11.982667 0.000000
11.984730 0.000000
11.986793 0.000000
11.988856 0.000000
11.990919 0.000000
11.992982 0.000000
11.995045 0.000000
11.997108 0.000000
11.999171 0.000000
12.001234 0.000000
12.003297 0.000000
12.005360 0.000000
12.007423 0.000000
12.009486 0.000000
12.011548 0.000000
12.013612 0.000000
12.015674 0.000000
12.017737 0.000000
12.019801 0.000000
12.021863 0.000000
12.023926 0.000000
12.025989 0.000000
12.028052 0.000000
12.030115 0.000000
12.032178 0.000000
12.034241 0.000000
12.068165 0.000000
12.133721 0.000000
12.199048 0.000000
12.264375 0.000000
12.329702 0.000000
12.395029 0.000000
12.460586 0.000000
12.525913 0.000000
12.591240 0.000000
12.656567 0.000000
12.721894 0.000000
12.787221 0.000000
12.852548 0.000000
12.918104 0.000012
12.957759 0.000070
12.965781 0.000088
12.968073 0.000093
12.970136 0.000062
12.972199 0.000034
12.974262 0.000034
12.976325 0.000063
12.978388 0.000121
12.980451 0.000127
12.982514 0.000133
12.984577 0.000139
12.986640 0.000145
12.988703 0.000152
12.990766 0.000159
12.992829 0.000165
12.994891 0.000172
12.996955 0.000180
12.999017 0.000187
13.001081 0.000194
13.003143 0.000202
13.005207 0.000210
13.007269 0.000218
13.009332 0.000226
13.011395 0.000234
13.013458 0.000243
13.015522 0.000252
13.017584 0.000260
13.019647 0.000269
13.021710 0.000279
13.023773 0.000288
13.025836 0.000297
13.027899 0.000307
13.029962 0.000317
13.032025 0.000327
13.034088 0.000337
13.068012 0.000531
13.133568 0.001053
13.198895 0.001787
13.264222 0.002755
13.329550 0.003974
13.394877 0.005407
13.460433 0.006985
13.525760 0.008680
13.591087 0.010480
13.656414 0.012367
13.721741 0.014323
13.787068 0.016329
13.850065 0.018293
13.917951 0.020425
13.957606 0.021669
13.965629 0.021920
13.967921 0.021992
13.969984 0.022056
13.972047 0.022121
13.974110 0.020636
13.976173 0.015985
13.978236 0.010536
13.980299 0.008554
13.982361 0.013235
13.984425 0.018741
13.986487 0.022565
13.988550 0.022636
13.990614 0.022700
13.992676 0.022765
13.994739 0.022829
13.996802 0.022893
13.998865 0.022957
14.000928 0.023022
14.002991 0.023086
14.005054 0.023150
14.007117 0.023214
14.009180 0.023278
14.011243 0.023342
14.013306 0.023406
14.015369 0.023470
14.017432 0.023534
14.019495 0.023598
14.021558 0.023662
14.023621 0.023726
14.025684 0.023790
14.027747 0.023854
14.029810 0.023918
14.031873 0.023981
14.033936 0.024045
14.035311 0.024087
14.068318 0.025102
14.133875 0.027082
14.199202 0.028997
14.264455 0.030838
14.329856 0.032598
14.395183 0.034258
14.460739 0.035814
14.526066 0.037246
14.591394 0.038549
14.656721 0.039717
14.722048 0.040741
14.787375 0.041616
14.852702 0.042338
14.918258 0.042903
14.957913 0.043166
14.965936 0.043212
14.968228 0.043225
14.970291 0.043236
14.972354 0.043247
14.974417 0.043258
14.976480 0.043269
14.978543 0.043279
14.980606 0.043290
14.982668 0.043300
14.984732 0.043310
14.986795 0.043320
14.988858 0.043330
14.990920 0.039891
14.992983 0.033531
14.995047 0.027120
14.997109 0.023533
14.999173 0.024346
15.001235 0.029803
15.003298 0.036492
15.005361 0.042185
15.007424 0.043411
15.009487 0.043419
15.011550 0.043427
15.013613 0.043435
15.015676 0.043443
15.017739 0.043450
15.019802 0.043457
15.021865 0.043465
15.023928 0.043472
15.025991 0.043478
15.028054 0.043485
15.030117 0.043492
15.032180 0.043498
15.034243 0.043504
15.068167 0.043583
15.133723 0.043608
15.199050 0.043469
15.264378 0.043166
15.329705 0.042700
15.395032 0.042074
15.460588 0.041289
15.525916 0.040355
15.591243 0.039273
15.656570 0.038052
15.721897 0.036697
15.787224 0.035217
15.852551 0.033622
15.920591 0.031850
15.957763 0.030839
15.965785 0.030617
15.968077 0.030553
15.970140 0.030495
15.972203 0.030438
15.974266 0.030380
15.976329 0.030323
15.978392 0.030265
15.980455 0.030207
15.982518 0.030149
15.984581 0.030091
15.986644 0.030033
15.988707 0.029975
15.990770 0.029917
15.992833 0.029859
15.994896 0.029800
15.996959 0.029742
15.999022 0.029683
16.001085 0.029625
16.003148 0.029566
16.005211 0.029507
16.007274 0.029449
16.009337 0.029390
16.011400 0.026191
16.013463 0.020320
16.015526 0.014628
16.017588 0.012681
16.019652 0.017835
16.021714 0.023620
16.023778 0.028196
16.025840 0.028916
16.027904 0.028856
16.029966 0.028797
16.032029 0.028737
16.034092 0.028677
16.068017 0.027685
16.133573 0.025721
16.198900 0.023717
16.264227 0.021681
16.329555 0.019630
16.394882 0.017582
16.460438 0.015548
16.525765 0.013559
16.591093 0.011628
16.656420 0.009772
16.721747 0.008011
16.787074 0.006361
16.852402 0.004840
16.917958 0.003471
16.957613 0.002761
16.965636 0.002629
16.967928 0.002592
16.969991 0.002559
16.972054 0.002526
16.974117 0.002493
16.976180 0.002461
16.978243 0.002429
16.980305 0.002397
16.982368 0.002365
16.984431 0.002334
16.986494 0.002303
16.988557 0.002272
16.990620 0.002241
16.992683 0.002211
16.994746 0.002180
16.996809 0.002150
16.998872 0.002121
17.000935 0.002091
17.002998 0.002062
17.005061 0.002033
17.007124 0.002004
17.009187 0.001976
17.011250 0.001948
17.013313 0.001920
17.015376 0.001892
17.017439 0.001864
17.019502 0.001837
17.021565 0.001810
17.023628 0.000861
17.025691 0.000532
17.027754 0.000613
17.029817 0.001326
17.031880 0.001678
17.033943 0.001652
17.035318 0.001635
17.068325 0.001258
17.133882 0.000671
17.199209 0.000284
17.264536 0.000070
17.329864 0.000000
17.395191 0.000000
17.460518 0.000000
17.525846 0.000000
17.591402 0.000000
17.656729 0.000000
17.722057 0.000000
17.787384 0.000000
17.852711 0.000000
17.919867 0.000000
17.957693 0.000000
17.965945 0.000000
17.968237 0.000000
17.970301 0.000000
17.972363 0.000000
17.974426 0.000000
17.976489 0.000000
17.978552 0.000000
17.980615 0.000000
17.982678 0.000000
17.984741 0.000000
17.986804 0.000000
17.988867 0.000000
17.990930 0.000000
17.992993 0.000000
17.995056 0.000000
17.997119 0.000000
17.999182 0.000000
18.001245 0.000000
18.003308 0.000000
18.005371 0.000000
18.007434 0.000000
18.009497 0.000000
18.011560 0.000000
18.013623 0.000000
18.015686 0.000000
18.017749 0.000000
18.019812 0.000000
18.021875 0.000000
18.023938 0.000000
18.026000 0.000000
18.028064 0.000000
18.030126 0.000000
18.032190 0.000000
18.034252 0.000000
18.068177 0.000000
18.133733 0.000000
18.199061 0.000000
18.264388 0.000000
18.329715 0.000000
18.395043 0.000000
18.460599 0.000000
18.525927 0.000000
18.591254 0.000000
18.656581 0.000000
18.721909 0.000000
18.787236 0.000000
18.852563 0.000000
18.917891 0.000000
18.957545 0.000000
18.965797 0.000000
18.968090 0.000000
18.970153 0.000000
18.972216 0.000000
18.974279 0.000000
18.976341 0.000000
18.978404 0.000000
18.980467 0.000000
18.982531 0.000000
18.984593 0.000000
18.986657 0.000000
18.988719 0.000000
18.990782 0.000000
18.992845 0.000000
18.994908 0.000000
18.996971 0.000000
18.999034 0.000000
19.001097 0.000000
19.003160 0.000000
19.005223 0.000000
19.007286 0.000000
19.009349 0.000000
19.011412 0.000000
19.013475 0.000000
19.015538 0.000000
19.017601 0.000000
19.019664 0.000000
19.021727 0.000000
19.023790 0.000000
19.025853 0.000000
19.027916 0.000000
19.029979 0.000000
19.032041 0.000000
19.034105 0.000000
19.068486 0.000000
19.133815 0.000000
19.199142 0.000000
19.264470 0.000000
19.329797 0.000000
19.395432 0.000000
19.460452 0.000000
19.526008 0.000000
19.591336 0.000000
19.656663 0.000000
19.721991 0.000000
19.787318 0.000000
19.852646 0.000000
19.919119 0.000000
19.957628 0.000000
19.965651 0.000000
19.967943 0.000000
19.970005 0.000000
19.972069 0.000000
19.974131 0.000000
19.976195 0.000000
19.978257 0.000000
19.980321 0.000000
19.982384 0.000000
19.984446 0.000000
19.986510 0.000000
19.988572 0.000000
19.990635 0.000000
19.992698 0.000000
19.994762 0.000000
19.996824 0.000000
19.998887 0.000000
20.000950 0.000000
20.003014 0.000000
20.005076 0.000000
20.007139 0.000000
20.009202 0.000000
20.011265 0.000000
20.013328 0.000000
20.015391 0.000000
20.017454 0.000000
20.019517 0.000000
20.021580 0.000000
20.023643 0.000000
20.025706 0.000000
20.027769 0.000000
20.029832 0.000000
20.031895 0.000000
20.033958 0.000000
20.035333 0.000000
20.068341 0.000000
20.133897 0.000000
20.199225 0.000000
20.264552 0.000000
20.329880 0.000000
20.395207 0.000000
20.460535 0.000000
20.525862 0.000000
20.591419 0.000000
20.659253 0.000000
