-0.176691 0.021571
-0.111248 0.019516
-0.056924 0.017813
-0.034002 0.017097
-0.031710 0.017026
-0.029647 0.016961
-0.027584 0.016897
-0.025521 0.016833
-0.023458 0.016769
-0.021396 0.016705
-0.019332 0.016641
-0.017270 0.016576
-0.015206 0.016512
-0.013144 0.016448
-0.011081 0.016384
-0.009018 0.016320
-0.006955 0.016257
-0.004892 0.016193
-0.002829 0.016129
-0.000766 0.016065
0.001297 0.016001
0.003360 0.015937
0.005423 0.015874
0.007486 0.015810
0.009549 0.015746
0.011611 0.015683
0.013675 0.015619
0.015737 0.015556
0.017801 0.014241
0.019863 0.009720
0.021926 0.005561
0.023990 0.005796
0.026052 0.010381
0.028115 0.014306
0.030178 0.015112
0.032241 0.015049
0.034304 0.014986
0.068228 0.013954
0.133784 0.012003
0.199110 0.010131
0.264436 0.008349
0.329763 0.006676
0.395089 0.005129
0.460645 0.003722
0.525971 0.002552
0.591298 0.001630
0.656624 0.000939
0.721786 0.000457
0.787277 0.000158
0.852604 0.000019
0.918159 0.000000
0.957813 0.000000
0.965836 0.000000
0.968128 0.000000
0.970191 0.000000
0.972254 0.000000
0.974317 0.000000
0.976380 0.000000
0.978443 0.000000
0.980506 0.000000
0.982569 0.000000
0.984632 0.000000
0.986695 0.000000
0.988758 0.000000
0.990820 0.000000
0.992884 0.000000
0.994946 0.000000
0.997009 0.000000
0.999073 0.000000
1.001135 0.000000
1.003198 0.000000
1.005261 0.000000
1.007324 0.000000
1.009387 0.000000
1.011450 0.000000
1.013513 0.000000
1.015576 0.000000
1.017639 0.000000
1.019701 0.000000
1.021765 0.000000
1.023827 0.000000
1.025891 0.000000
1.027954 0.000000
1.030016 0.000000
1.032079 0.000000
1.034142 0.000000
1.068066 0.000000
1.133622 0.000000
1.198948 0.000000
1.264275 0.000000
1.329601 0.000000
1.394928 0.000000
1.460483 0.000000
1.525810 0.000000
1.591136 0.000000
1.656463 0.000000
1.721789 0.000000
1.787116 0.000000
1.854085 0.000000
1.917998 0.000000
1.957652 0.000000
1.965675 0.000000
1.967967 0.000000
1.970030 0.000000
1.972093 0.000000
1.974156 0.000000
1.976219 0.000000
1.978282 0.000000
1.980345 0.000000
1.982407 0.000000
1.984470 0.000000
1.986533 0.000000
1.988596 0.000000
1.990660 0.000000
1.992722 0.000000
1.994785 0.000000
1.996848 0.000000
1.998911 0.000000
2.000974 0.000000
2.003037 0.000000
2.005100 0.000000
2.007163 0.000000
2.009226 0.000000
2.011289 0.000000
2.013352 0.000000
2.015414 0.000000
2.017478 0.000000
2.019540 0.000000
2.021603 0.000000
2.023667 0.000000
2.025729 0.000000
2.027792 0.000000
2.029855 0.000000
2.031918 0.000000
2.033981 0.000000
2.035356 0.000000
2.068364 0.000000
2.133919 0.000000
2.199246 0.000000
2.264572 0.000000
2.329899 0.000000
2.395225 0.000000
2.460781 0.000000
2.526107 0.000000
2.591434 0.000000
2.656760 0.000000
2.722087 0.000000
2.787414 0.000000
2.852740 0.000000
2.918296 0.000000
2.957950 0.000000
2.965973 0.000000
2.968265 0.000000
2.970328 0.000000
2.972391 0.000000
2.974454 0.000000
2.976517 0.000000
2.978579 0.000000
2.980643 0.000000
2.982705 0.000000
2.984768 0.000000
2.986832 0.000000
2.988894 0.000000
2.990957 0.000000
2.993020 0.000000
2.995083 0.000000
2.997146 0.000000
2.999209 0.000000
3.001272 0.000000
3.003335 0.000000
3.005398 0.000000
3.007461 0.000000
3.009524 0.000000
3.011586 0.000000
3.013650 0.000000
3.015713 0.000000
3.017775 0.000000
3.019839 0.000000
3.021901 0.000000
3.023964 0.000000
3.026027 0.000000
3.028090 0.000000
3.030153 0.000000
3.032216 0.000000
3.034279 0.000000
3.068203 0.000000
3.133759 0.000000
3.199085 0.000000
3.264412 0.000000
3.329738 0.000000
3.395065 0.000000
3.460621 0.000000
3.525947 0.000000
3.591274 0.000000
3.656600 0.000000
3.721927 0.000000
3.787253 0.000000
3.853573 0.000000
3.918136 0.000000
3.957790 0.000000
3.965813 0.000000
3.968105 0.000000
3.970168 0.000000
3.972231 0.000000
3.974294 0.000000
3.976357 0.000000
3.978420 0.000000
3.980483 0.000000
3.982546 0.000000
3.984608 0.000000
3.986671 0.000000
3.988734 0.000000
3.990798 0.000000
3.992860 0.000000
3.994923 0.000000
3.996986 0.000000
3.999049 0.000000
4.001112 0.000000
4.003175 0.000000
4.005238 0.000000
4.007301 0.000000
4.009364 0.000000
4.011427 0.000000
4.013490 0.000000
4.015553 0.000000
4.017616 0.000000
4.019678 0.000000
4.021741 0.000000
4.023805 0.000000
4.025867 0.000000
4.027930 0.000000
4.029993 0.000000
4.032056 0.000000
4.034119 0.000000
4.068043 0.000000
4.133599 0.000000
4.198925 0.000000
4.264252 0.000000
4.329579 0.000000
4.394905 0.000000
4.460461 0.000004
4.525788 0.000099
4.591114 0.000345
4.656441 0.000768
4.721767 0.001392
4.787094 0.002240
4.852421 0.003331
4.917977 0.004677
4.957631 0.005574
4.965654 0.005762
4.967946 0.005816
4.970009 0.005665
4.972072 0.002929
4.974134 0.001850
4.976197 0.002224
4.978260 0.004711
4.980323 0.006110
4.982387 0.006160
4.984449 0.006210
4.986512 0.006259
4.988575 0.006309
4.990638 0.006359
4.992701 0.006410
4.994764 0.006460
4.996827 0.006510
4.998890 0.006561
5.000953 0.006612
5.003016 0.006663
5.005079 0.006714
5.007142 0.006765
5.009205 0.006816
5.011268 0.006867
5.013330 0.006919
5.015394 0.006970
5.017456 0.007022
5.019519 0.007074
5.021582 0.007126
5.023645 0.007178
5.025708 0.007230
5.027771 0.007282
5.029834 0.007335
5.031897 0.007387
5.033960 0.007440
5.035335 0.007475
5.068342 0.008335
5.133898 0.010122
5.199225 0.011993
5.264551 0.013937
5.329878 0.015935
5.395205 0.017967
5.460761 0.020024
5.526087 0.022073
5.591414 0.024104
5.656740 0.026101
5.722067 0.028047
5.787394 0.029928
5.853064 0.031739
5.918276 0.033446
5.957931 0.034434
5.965953 0.034629
5.968245 0.034685
5.970308 0.034735
5.972371 0.034784
5.974435 0.034834
5.976497 0.034883
5.978561 0.034933
5.980623 0.031740
5.982686 0.025909
5.984749 0.019934
5.986812 0.016495
5.988875 0.020118
5.990938 0.026267
5.993001 0.032364
5.995064 0.035323
5.997127 0.035371
5.999190 0.035419
6.001253 0.035468
6.003316 0.035515
6.005379 0.035563
6.007441 0.035611
6.009504 0.035659
6.011567 0.035706
6.013630 0.035753
6.015693 0.035801
6.017756 0.035848
6.019819 0.035895
6.021882 0.035942
6.023945 0.035988
6.026008 0.036035
6.028071 0.036082
6.030134 0.036128
6.032197 0.036174
6.034260 0.036220
6.068184 0.036962
6.133740 0.038297
6.199066 0.039492
6.264393 0.040546
6.329720 0.041451
6.395046 0.042204
6.460602 0.042802
6.525929 0.043237
6.591256 0.043509
6.656582 0.043616
6.721909 0.043559
6.787236 0.043338
6.852562 0.042953
6.918118 0.042405
6.957773 0.041996
6.965795 0.041906
6.968088 0.041880
6.970150 0.041856
6.972214 0.041833
6.974277 0.041809
6.976339 0.041785
6.978402 0.041760
6.980465 0.041736
6.982528 0.041711
6.984591 0.041687
6.986654 0.041662
6.988717 0.041637
6.990780 0.041612
6.992843 0.041586
6.994906 0.041561
6.996969 0.041535
6.999032 0.040904
7.001095 0.035622
7.003158 0.028985
7.005221 0.023236
7.007284 0.021865
7.009347 0.025377
7.011410 0.031663
7.013472 0.037882
7.015535 0.041297
7.017598 0.041270
7.019661 0.041243
7.021724 0.041215
7.023787 0.041188
7.025850 0.041160
7.027913 0.041132
7.029976 0.041104
7.032039 0.041076
7.034102 0.041047
7.068026 0.040559
7.133582 0.039504
7.198909 0.038310
7.264235 0.036981
7.329562 0.035526
7.394889 0.033954
7.460445 0.032268
7.525772 0.030493
7.591098 0.028635
7.656425 0.026708
7.721752 0.024725
7.787079 0.022703
7.852061 0.020669
7.917961 0.018599
7.957616 0.017358
7.965638 0.017108
7.967930 0.017037
7.969993 0.016972
7.972056 0.016908
7.974120 0.016844
7.976182 0.016780
7.978245 0.016716
7.980308 0.016652
7.982371 0.016588
7.984434 0.016524
7.986497 0.016460
7.988560 0.016396
7.990623 0.016332
7.992686 0.016268
7.994749 0.016204
7.996812 0.016140
7.998875 0.016076
8.000938 0.016012
8.003000 0.015949
8.005064 0.015885
8.007127 0.015821
8.009189 0.015757
8.011253 0.015694
8.013315 0.015630
8.015379 0.015567
8.017441 0.014834
8.019504 0.010571
8.021567 0.005963
8.023630 0.005459
8.025693 0.009541
8.027756 0.013775
8.029819 0.015123
8.031882 0.015060
8.033945 0.014997
8.035320 0.014955
8.068327 0.013951
8.133883 0.012000
8.199210 0.010128
8.264537 0.008347
8.329864 0.006674
8.395190 0.005127
8.460746 0.003720
8.526073 0.002550
8.591400 0.001629
8.656727 0.000938
8.722054 0.000455
8.787380 0.000157
8.852707 0.000019
8.918263 0.000000
8.957918 0.000000
8.965940 0.000000
8.968233 0.000000
8.970295 0.000000
8.972358 0.000000
8.974422 0.000000
8.976484 0.000000
8.978547 0.000000
8.980610 0.000000
8.982673 0.000000
8.984736 0.000000
8.986799 0.000000
8.988862 0.000000
8.990925 0.000000
8.992988 0.000000
8.995051 0.000000
8.997114 0.000000
8.999177 0.000000
9.001240 0.000000
9.003303 0.000000
9.005366 0.000000
9.007428 0.000000
9.009492 0.000000
9.011554 0.000000
9.013617 0.000000
9.015681 0.000000
9.017743 0.000000
9.019806 0.000000
9.021869 0.000000
9.023932 0.000000
9.025995 0.000000
9.028058 0.000000
9.030121 0.000000
9.032184 0.000000
9.034247 0.000000
9.068171 0.000000
9.133727 0.000000
9.199054 0.000000
9.264381 0.000000
9.329708 0.000000
9.395034 0.000000
9.460590 0.000000
9.525917 0.000000
9.591244 0.000000
9.656571 0.000000
9.721898 0.000000
9.787225 0.000000
9.851558 0.000000
9.918108 0.000000
9.957762 0.000000
9.965785 0.000000
9.968077 0.000000
9.970140 0.000000
9.972203 0.000000
9.974266 0.000000
9.976329 0.000000
9.978392 0.000000
9.980455 0.000000
9.982518 0.000000
9.984581 0.000000
9.986643 0.000000
9.988706 0.000000
9.990769 0.000000
9.992832 0.000000
9.994895 0.000000
9.996958 0.000000
9.999021 0.000000
10.001084 0.000000
10.003147 0.000000
10.005210 0.000000
10.007273 0.000000
10.009336 0.000000
10.011399 0.000000
10.013462 0.000000
10.015525 0.000000
10.017588 0.000000
10.019651 0.000000
10.021714 0.000000
10.023777 0.000000
10.025840 0.000000
10.027902 0.000000
10.029965 0.000000
10.032028 0.000000
10.034091 0.000000
10.068016 0.000000
10.133572 0.000000
10.198898 0.000000
10.264225 0.000000
10.329552 0.000000
10.394879 0.000000
10.460435 0.000000
10.525762 0.000000
10.591089 0.000000
10.656416 0.000000
10.721743 0.000000
10.787070 0.000000
10.852397 0.000000
10.917953 0.000000
10.957607 0.000000
10.965630 0.000000
10.967922 0.000000
10.969985 0.000000
10.972048 0.000000
10.974111 0.000000
10.976174 0.000000
10.978237 0.000000
10.980300 0.000000
10.982363 0.000000
10.984426 0.000000
10.986488 0.000000
10.988552 0.000000
10.990614 0.000000
10.992678 0.000000
10.994740 0.000000
10.996803 0.000000
10.998867 0.000000
11.000929 0.000000
11.002992 0.000000
11.005055 0.000000
11.007118 0.000000
11.009181 0.000000
11.011244 0.000000
11.013307 0.000000
11.015370 0.000000
11.017433 0.000000
11.019496 0.000000
11.021559 0.000000
11.023622 0.000000
11.025685 0.000000
11.027748 0.000000
11.029811 0.000000
11.031873 0.000000
11.033937 0.000000
11.035312 0.000000
11.068319 0.000000
11.133875 0.000000
11.199202 0.000000
11.264529 0.000000
11.329856 0.000000
11.395183 0.000000
11.460739 0.000000
11.526066 0.000000
11.591393 0.000000
11.656720 0.000000
11.722047 0.000000
11.787374 0.000000
11.851058 0.000000
11.918257 0.000000
11.957912 0.000000
11.965934 0.000000
11.968226 0.000000
11.970289 0.000000
11.972352 0.000000
11.974415 0.000000
11.976478 0.000000
11.978541 0.000000
11.980604 0.000000
11.982667 0.000000
11.984730 0.000000
11.986793 0.000000
11.988856 0.000000
11.990919 0.000000
11.992982 0.000000
11.995045 0.000000
11.997108 0.000000
11.999171 0.000000
12.001234 0.000000
12.003297 0.000000
12.005360 0.000000
12.007423 0.000000
12.009486 0.000000
12.011548 0.000000
12.013612 0.000000
12.015674 0.000000
12.017737 0.000000
12.019801 0.000000
12.021863 0.000000
12.023926 0.000000
12.025989 0.000000
12.028052 0.000000
12.030115 0.000000
12.032178 0.000000
12.034241 0.000000
12.068165 0.000000
12.133721 0.000000
12.199048 0.000000
12.264375 0.000000
12.329702 0.000000
12.395029 0.000000
12.460586 0.000004
12.525913 0.000099
12.591240 0.000345
12.656567 0.000769
12.721894 0.001393
12.787221 0.002242
12.852548 0.003334
12.918104 0.004680
12.957759 0.005577
12.965781 0.005765
12.968073 0.005819
12.970136 0.005568
12.972199 0.002796
12.974262 0.001835
12.976325 0.002297
12.978388 0.004899
12.980451 0.006113
12.982514 0.006163
12.984577 0.006213
12.986640 0.006262
12.988703 0.006312
12.990766 0.006363
12.992829 0.006413
12.994891 0.006463
12.996955 0.006514
12.999017 0.006564
13.001081 0.006615
13.003143 0.006666
13.005207 0.006717
13.007269 0.006768
13.009332 0.006819
13.011395 0.006870
13.013458 0.006922
13.015522 0.006973
13.017584 0.007025
13.019647 0.007077
13.021710 0.007129
13.023773 0.007181
13.025836 0.007233
13.027899 0.007286
13.029962 0.007338
13.032025 0.007391
13.034088 0.007443
13.068012 0.008326
13.133568 0.010112
13.198895 0.011984
13.264222 0.013927
13.329550 0.015924
13.394877 0.017957
13.460433 0.020014
13.525760 0.022063
13.591087 0.024094
13.656414 0.026091
13.721741 0.028037
13.787068 0.029919
13.850065 0.031658
13.917951 0.033438
13.957606 0.034426
13.965629 0.034622
13.967921 0.034677
13.969984 0.034727
13.972047 0.034777
13.974110 0.034826
13.976173 0.034876
13.978236 0.034925
13.980299 0.032519
13.982361 0.026883
13.984425 0.020807
13.986487 0.016566
13.988550 0.019281
13.990614 0.025252
13.992676 0.031495
13.994739 0.035315
13.996802 0.035364
13.998865 0.035412
14.000928 0.035460
14.002991 0.035508
14.005054 0.035556
14.007117 0.035604
14.009180 0.035651
14.011243 0.035699
14.013306 0.035746
14.015369 0.035793
14.017432 0.035840
14.019495 0.035887
14.021558 0.035934
14.023621 0.035981
14.025684 0.036028
14.027747 0.036074
14.029810 0.036121
14.031873 0.036167
14.033936 0.036213
14.035311 0.036244
14.068318 0.036965
14.133875 0.038299
14.199202 0.039494
14.264455 0.040547
14.329856 0.041453
14.395183 0.042206
14.460739 0.042803
14.526066 0.043237
14.591394 0.043509
14.656721 0.043616
14.722048 0.043559
14.787375 0.043337
14.852702 0.042952
14.918258 0.042404
14.957913 0.041994
14.965936 0.041905
14.968228 0.041879
14.970291 0.041855
14.972354 0.041831
14.974417 0.041807
14.976480 0.041783
14.978543 0.041759
14.980606 0.041734
14.982668 0.041710
14.984732 0.041685
14.986795 0.041660
14.988858 0.041635
14.990920 0.041610
14.992983 0.041584
14.995047 0.041559
14.997109 0.041533
14.999173 0.040655
15.001235 0.035185
15.003298 0.028538
15.005361 0.022945
15.007424 0.021877
15.009487 0.025765
15.011550 0.032111
15.013613 0.038252
15.015676 0.041296
15.017739 0.041268
15.019802 0.041241
15.021865 0.041214
15.023928 0.041186
15.025991 0.041158
15.028054 0.041130
15.030117 0.041102
15.032180 0.041074
15.034243 0.041045
15.068167 0.040557
15.133723 0.039501
15.199050 0.038307
15.264378 0.036978
15.329705 0.035523
15.395032 0.033950
15.460588 0.032265
15.525916 0.030489
15.591243 0.028631
15.656570 0.026703
15.721897 0.024721
15.787224 0.022699
15.852551 0.020653
15.920591 0.018517
15.957763 0.017354
15.965785 0.017104
15.968077 0.017032
15.970140 0.016968
15.972203 0.016904
15.974266 0.016840
15.976329 0.016775
15.978392 0.016711
15.980455 0.016647
15.982518 0.016583
15.984581 0.016519
15.986644 0.016455
15.988707 0.016391
15.990770 0.016327
15.992833 0.016263
15.994896 0.016199
15.996959 0.016135
15.999022 0.016072
16.001085 0.016008
16.003148 0.015944
16.005211 0.015880
16.007274 0.015817
16.009337 0.015753
16.011400 0.015689
16.013463 0.015626
16.015526 0.015562
16.017588 0.014604
16.019652 0.010223
16.021714 0.005777
16.023778 0.005579
16.025840 0.009888
16.027904 0.014004
16.029966 0.015119
16.032029 0.015055
16.034092 0.014992
16.068017 0.013960
16.133573 0.012009
16.198900 0.010137
16.264227 0.008355
16.329555 0.006681
16.394882 0.005134
16.460438 0.003726
16.525765 0.002555
16.591093 0.001633
16.656420 0.000940
16.721747 0.000457
16.787074 0.000158
16.852402 0.000019
16.917958 0.000000
16.957613 0.000000
16.965636 0.000000
16.967928 0.000000
16.969991 0.000000
16.972054 0.000000
16.974117 0.000000
16.976180 0.000000
16.978243 0.000000
16.980305 0.000000
16.982368 0.000000
16.984431 0.000000
16.986494 0.000000
16.988557 0.000000
16.990620 0.000000
16.992683 0.000000
16.994746 0.000000
16.996809 0.000000
16.998872 0.000000
17.000935 0.000000
17.002998 0.000000
17.005061 0.000000
17.007124 0.000000
17.009187 0.000000
17.011250 0.000000
17.013313 0.000000
17.015376 0.000000
17.017439 0.000000
17.019502 0.000000
17.021565 0.000000
17.023628 0.000000
17.025691 0.000000
17.027754 0.000000
17.029817 0.000000
17.031880 0.000000
17.033943 0.000000
17.035318 0.000000
17.068325 0.000000
17.133882 0.000000
17.199209 0.000000
17.264536 0.000000
17.329864 0.000000
17.395191 0.000000
17.460518 0.000000
17.525846 0.000000
17.591402 0.000000
17.656729 0.000000
17.722057 0.000000
17.787384 0.000000
17.852711 0.000000
17.919867 0.000000
17.957693 0.000000
17.965945 0.000000
17.968237 0.000000
17.970301 0.000000
17.972363 0.000000
17.974426 0.000000
17.976489 0.000000
17.978552 0.000000
17.980615 0.000000
17.982678 0.000000
17.984741 0.000000
17.986804 0.000000
17.988867 0.000000
17.990930 0.000000
17.992993 0.000000
17.995056 0.000000
17.997119 0.000000
17.999182 0.000000
18.001245 0.000000
18.003308 0.000000
18.005371 0.000000
18.007434 0.000000
18.009497 0.000000
18.011560 0.000000
18.013623 0.000000
18.015686 0.000000
18.017749 0.000000
18.019812 0.000000
18.021875 0.000000
18.023938 0.000000
18.026000 0.000000
18.028064 0.000000
18.030126 0.000000
18.032190 0.000000
18.034252 0.000000
18.068177 0.000000
18.133733 0.000000
18.199061 0.000000
18.264388 0.000000
18.329715 0.000000
18.395043 0.000000
18.460599 0.000000
18.525927 0.000000
18.591254 0.000000
18.656581 0.000000
18.721909 0.000000
18.787236 0.000000
18.852563 0.000000
18.917891 0.000000
18.957545 0.000000
18.965797 0.000000
18.968090 0.000000
18.970153 0.000000
18.972216 0.000000
18.974279 0.000000
18.976341 0.000000
18.978404 0.000000
18.980467 0.000000
18.982531 0.000000
18.984593 0.000000
18.986657 0.000000
18.988719 0.000000
18.990782 0.000000
18.992845 0.000000
18.994908 0.000000
18.996971 0.000000
18.999034 0.000000
19.001097 0.000000
19.003160 0.000000
19.005223 0.000000
19.007286 0.000000
19.009349 0.000000
19.011412 0.000000
19.013475 0.000000
19.015538 0.000000
19.017601 0.000000
19.019664 0.000000
19.021727 0.000000
19.023790 0.000000
19.025853 0.000000
19.027916 0.000000
19.029979 0.000000
19.032041 0.000000
19.034105 0.000000
19.068486 0.000000
19.133815 0.000000
19.199142 0.000000
19.264470 0.000000
19.329797 0.000000
19.395432 0.000000
19.460452 0.000000
19.526008 0.000000
19.591336 0.000000
19.656663 0.000000
19.721991 0.000000
19.787318 0.000000
19.852646 0.000000
19.919119 0.000000
19.957628 0.000000
19.965651 0.000000
19.967943 0.000000
19.970005 0.000000
19.972069 0.000000
19.974131 0.000000
19.976195 0.000000
19.978257 0.000000
19.980321 0.000000
19.982384 0.000000
19.984446 0.000000
19.986510 0.000000
19.988572 0.000000
19.990635 0.000000
19.992698 0.000000
19.994762 0.000000
19.996824 0.000000
19.998887 0.000000
20.000950 0.000000
20.003014 0.000000
20.005076 0.000000
20.007139 0.000000
20.009202 0.000000
20.011265 0.000000
20.013328 0.000000
20.015391 0.000000
20.017454 0.000000
20.019517 0.000000
20.021580 0.000000
20.023643 0.000000
20.025706 0.000000
20.027769 0.000000
20.029832 0.000000
20.031895 0.000000
20.033958 0.000000
20.035333 0.000000
20.068341 0.000000
20.133897 0.000000
20.199225 0.000000
20.264552 0.000000
20.329880 0.000000
20.395207 0.000000
20.460535 0.000004
20.525862 0.000099
20.591419 0.000346
20.659253 0.000790
