-0.176691 1.000000
-0.111248 1.000000
-0.056924 1.000000
-0.034002 1.000000
-0.031710 1.000000
-0.029647 0.999455
-0.027584 0.996108
-0.025521 0.991400
-0.023458 0.986762
-0.021396 0.984548
-0.019332 0.983372
-0.017270 0.982517
-0.015206 0.981863
-0.013144 0.981357
-0.011081 0.980962
-0.009018 0.980659
-0.006955 0.980430
-0.004892 0.980267
-0.002829 0.980164
-0.000766 0.980116
0.001297 0.980124
0.003360 0.980185
0.005423 0.980303
0.007486 0.980481
0.009549 0.980729
0.011611 0.981056
0.013675 0.981477
0.015737 0.982017
0.017801 0.982714
0.019863 0.983638
0.021926 0.984935
0.023990 0.987846
0.026052 0.992666
0.028115 0.997156
0.030178 0.999891
0.032241 1.000000
0.034304 1.000000
0.068228 1.000000
0.133784 1.000000
0.199110 1.000000
0.264436 1.000000
0.329763 1.000000
0.395089 1.000000
0.460645 1.000000
0.525971 1.000000
0.591298 1.000000
0.656624 1.000000
0.721786 1.000000
0.787277 1.000000
0.852604 1.000000
0.918159 1.000000
0.957813 1.000000
0.965836 1.000000
0.968128 1.000000
0.970191 0.999613
0.972254 0.996438
0.974317 0.991787
0.976380 0.987078
0.978443 0.984662
0.980506 0.983451
0.982569 0.982576
0.984632 0.981908
0.986695 0.981393
0.988758 0.980990
0.990820 0.980680
0.992884 0.980444
0.994946 0.980278
0.997009 0.980170
0.999073 0.980118
1.001135 0.980121
1.003198 0.980178
1.005261 0.980292
1.007324 0.980465
1.009387 0.980708
1.011450 0.981027
1.013513 0.981440
1.015576 0.981969
1.017639 0.982653
1.019701 0.983555
1.021765 0.984813
1.023827 0.987503
1.025891 0.992282
1.027954 0.996847
1.030016 0.999786
1.032079 1.000000
1.034142 1.000000
1.068066 1.000000
1.133622 1.000000
1.198948 1.000000
1.264275 1.000000
1.329601 1.000000
1.394928 1.000000
1.460483 1.000000
1.525810 1.000000
1.591136 1.000000
1.656463 1.000000
1.721789 1.000000
1.787116 1.000000
1.854085 1.000000
1.917998 1.000000
1.957652 1.000000
1.965675 1.000000
1.967967 1.000000
1.970030 0.999750
1.972093 0.996757
1.974156 0.992171
1.976219 0.987407
1.978282 0.984778
1.980345 0.983532
1.982407 0.982636
1.984470 0.981955
1.986533 0.981430
1.988596 0.981018
1.990660 0.980702
1.992722 0.980460
1.994785 0.980289
1.996848 0.980176
1.998911 0.980121
2.000974 0.980119
2.003037 0.980172
2.005100 0.980281
2.007163 0.980449
2.009226 0.980686
2.011289 0.980998
2.013352 0.981403
2.015414 0.981922
2.017478 0.982593
2.019540 0.983474
2.021603 0.984694
2.023667 0.987172
2.025729 0.991897
2.027792 0.996532
2.029855 0.999655
2.031918 1.000000
2.033981 1.000000
2.035356 1.000000
2.068364 1.000000
2.133919 1.000000
2.199246 1.000000
2.264572 1.000000
2.329899 1.000000
2.395225 1.000000
2.460781 1.000000
2.526107 1.000000
2.591434 1.000000
2.656760 1.000000
2.722087 1.000000
2.787414 1.000000
2.852740 1.000000
2.918296 1.000000
2.957950 1.000000
2.965973 1.000000
2.968265 1.000000
2.970328 0.999481
2.972391 0.996160
2.974454 0.991460
2.976517 0.986810
2.978579 0.984566
2.980643 0.983384
2.982705 0.982526
2.984768 0.981870
2.986832 0.981362
2.988894 0.980966
2.990957 0.980662
2.993020 0.980432
2.995083 0.980268
2.997146 0.980165
2.999209 0.980117
3.001272 0.980124
3.003335 0.980183
3.005398 0.980301
3.007461 0.980479
3.009524 0.980726
3.011586 0.981051
3.013650 0.981471
3.015713 0.982010
3.017775 0.982704
3.019839 0.983625
3.021901 0.984916
3.023964 0.987792
3.026027 0.992607
3.028090 0.997108
3.030153 0.999877
3.032216 1.000000
3.034279 1.000000
3.068203 1.000000
3.133759 1.000000
3.199085 1.000000
3.264412 1.000000
3.329738 1.000000
3.395065 1.000000
3.460621 1.000000
3.525947 1.000000
3.591274 1.000000
3.656600 1.000000
3.721927 1.000000
3.787253 1.000000
3.853573 1.000000
3.918136 1.000000
3.957790 1.000000
3.965813 1.000000
3.968105 1.000000
3.970168 0.999634
3.972231 0.996485
3.974294 0.991842
3.976357 0.987125
3.978420 0.984678
3.980483 0.983462
3.982546 0.982585
3.984608 0.981915
3.986671 0.981398
3.988734 0.980994
3.990798 0.980683
3.992860 0.980446
3.994923 0.980279
3.996986 0.980171
3.999049 0.980119
4.001112 0.980121
4.003175 0.980177
4.005238 0.980290
4.007301 0.980462
4.009364 0.980705
4.011427 0.981022
4.013490 0.981435
4.015553 0.981962
4.017616 0.982644
4.019678 0.983544
4.021741 0.984795
4.023805 0.987455
4.025867 0.992226
4.027930 0.996802
4.029993 0.999768
4.032056 1.000000
4.034119 1.000000
4.068043 1.000000
4.133599 1.000000
4.198925 1.000000
4.264252 1.000000
4.329579 1.000000
4.394905 1.000000
4.460461 1.000000
4.525788 1.000000
4.591114 1.000000
4.656441 1.000000
4.721767 1.000000
4.787094 1.000000
4.852421 1.000000
4.917977 1.000000
4.957631 1.000000
4.965654 1.000000
4.967946 1.000000
4.970009 0.999767
4.972072 0.996798
4.974134 0.992222
4.976197 0.987451
4.978260 0.984794
4.980323 0.983543
4.982387 0.982643
4.984449 0.981962
4.986512 0.981434
4.988575 0.981022
4.990638 0.980704
4.992701 0.980462
4.994764 0.980290
4.996827 0.980177
4.998890 0.980121
5.000953 0.980119
5.003016 0.980171
5.005079 0.980279
5.007142 0.980447
5.009205 0.980684
5.011268 0.980994
5.013330 0.981398
5.015394 0.981916
5.017456 0.982585
5.019519 0.983463
5.021582 0.984679
5.023645 0.987129
5.025708 0.991847
5.027771 0.996489
5.029834 0.999636
5.031897 1.000000
5.033960 1.000000
5.035335 1.000000
5.068342 1.000000
5.133898 1.000000
5.199225 1.000000
5.264551 1.000000
5.329878 1.000000
5.395205 1.000000
5.460761 1.000000
5.526087 1.000000
5.591414 1.000000
5.656740 1.000000
5.722067 1.000000
5.787394 1.000000
5.853064 1.000000
5.918276 1.000000
5.957931 1.000000
5.965953 1.000000
5.968245 1.000000
5.970308 0.999501
5.972371 0.996200
5.974435 0.991506
5.976497 0.986848
5.978561 0.984579
5.980623 0.983394
5.982686 0.982533
5.984749 0.981875
5.986812 0.981367
5.988875 0.980970
5.990938 0.980665
5.993001 0.980434
5.995064 0.980270
5.997127 0.980166
5.999190 0.980117
6.001253 0.980123
6.003316 0.980183
6.005379 0.980300
6.007441 0.980477
6.009504 0.980723
6.011567 0.981048
6.013630 0.981467
6.015693 0.982004
6.017756 0.982697
6.019819 0.983615
6.021882 0.984902
6.023945 0.987751
6.026008 0.992561
6.028071 0.997072
6.030134 0.999865
6.032197 1.000000
6.034260 1.000000
6.068184 1.000000
6.133740 1.000000
6.199066 1.000000
6.264393 1.000000
6.329720 1.000000
6.395046 1.000000
6.460602 1.000000
6.525929 1.000000
6.591256 1.000000
6.656582 1.000000
6.721909 1.000000
6.787236 1.000000
6.852562 1.000000
6.918118 1.000000
6.957773 1.000000
6.965795 1.000000
6.968088 1.000000
6.970150 0.999650
6.972214 0.996519
6.974277 0.991883
6.976339 0.987160
6.978402 0.984690
6.980465 0.983471
6.982528 0.982591
6.984591 0.981920
6.986654 0.981402
6.988717 0.980997
6.990780 0.980686
6.992843 0.980448
6.994906 0.980280
6.996969 0.980171
6.999032 0.980119
7.001095 0.980121
7.003158 0.980176
7.005221 0.980289
7.007284 0.980460
7.009347 0.980702
7.011410 0.981019
7.013472 0.981431
7.015535 0.981957
7.017598 0.982638
7.019661 0.983535
7.021724 0.984782
7.023787 0.987419
7.025850 0.992185
7.027913 0.996768
7.029976 0.999755
7.032039 1.000000
7.034102 1.000000
7.068026 1.000000
7.133582 1.000000
7.198909 1.000000
7.264235 1.000000
7.329562 1.000000
7.394889 1.000000
7.460445 1.000000
7.525772 1.000000
7.591098 1.000000
7.656425 1.000000
7.721752 1.000000
7.787079 1.000000
7.852061 1.000000
7.917961 1.000000
7.957616 1.000000
7.965638 1.000000
7.967930 1.000000
7.969993 0.999778
7.972056 0.996828
7.974120 0.992258
7.976182 0.987483
7.978245 0.984805
7.980308 0.983550
7.982371 0.982649
7.984434 0.981966
7.986497 0.981438
7.988560 0.981025
7.990623 0.980706
7.992686 0.980464
7.994749 0.980291
7.996812 0.980177
7.998875 0.980121
8.000938 0.980118
8.003000 0.980170
8.005064 0.980278
8.007127 0.980445
8.009189 0.980681
8.011253 0.980992
8.013315 0.981395
8.015379 0.981911
8.017441 0.982580
8.019504 0.983456
8.021567 0.984669
8.023630 0.987099
8.025693 0.991811
8.027756 0.996459
8.029819 0.999623
8.031882 1.000000
8.033945 1.000000
8.035320 1.000000
8.068327 1.000000
8.133883 1.000000
8.199210 1.000000
8.264537 1.000000
8.329864 1.000000
8.395190 1.000000
8.460746 1.000000
8.526073 1.000000
8.591400 1.000000
8.656727 1.000000
8.722054 1.000000
8.787380 1.000000
8.852707 1.000000
8.918263 1.000000
8.957918 1.000000
8.965940 1.000000
8.968233 1.000000
8.970295 0.999514
8.972358 0.996226
8.974422 0.991537
8.976484 0.986873
8.978547 0.984588
8.980610 0.983400
8.982673 0.982538
8.984736 0.981879
8.986799 0.981369
8.988862 0.980972
8.990925 0.980666
8.992988 0.980435
8.995051 0.980271
8.997114 0.980166
8.999177 0.980117
9.001240 0.980123
9.003303 0.980182
9.005366 0.980299
9.007428 0.980475
9.009492 0.980722
9.011554 0.981045
9.013617 0.981464
9.015681 0.982000
9.017743 0.982692
9.019806 0.983609
9.021869 0.984892
9.023932 0.987724
9.025995 0.992531
9.028058 0.997047
9.030121 0.999857
9.032184 1.000000
9.034247 1.000000
9.068171 1.000000
9.133727 1.000000
9.199054 1.000000
9.264381 1.000000
9.329708 1.000000
9.395034 1.000000
9.460590 1.000000
9.525917 1.000000
9.591244 1.000000
9.656571 1.000000
9.721898 1.000000
9.787225 1.000000
9.851558 1.000000
9.918108 1.000000
9.957762 1.000000
9.965785 1.000000
9.968077 1.000000
9.970140 0.999659
9.972203 0.996541
9.974266 0.991909
9.976329 0.987181
9.978392 0.984698
9.980455 0.983476
9.982518 0.982595
9.984581 0.981923
9.986643 0.981404
9.988706 0.980999
9.990769 0.980687
9.992832 0.980449
9.994895 0.980281
9.996958 0.980172
9.999021 0.980119
10.001084 0.980120
10.003147 0.980176
10.005210 0.980288
10.007273 0.980459
10.009336 0.980701
10.011399 0.981018
10.013462 0.981428
10.015525 0.981954
10.017588 0.982634
10.019651 0.983529
10.021714 0.984775
10.023777 0.987397
10.025840 0.992160
10.027902 0.996748
10.029965 0.999747
10.032028 1.000000
10.034091 1.000000
10.068016 1.000000
10.133572 1.000000
10.198898 1.000000
10.264225 1.000000
10.329552 1.000000
10.394879 1.000000
10.460435 1.000000
10.525762 1.000000
10.591089 1.000000
10.656416 1.000000
10.721743 1.000000
10.787070 1.000000
10.852397 1.000000
10.917953 1.000000
10.957607 1.000000
10.965630 1.000000
10.967922 1.000000
10.969985 0.999785
10.972048 0.996844
10.974111 0.992278
10.976174 0.987500
10.978237 0.984812
10.980300 0.983555
10.982363 0.982652
10.984426 0.981969
10.986488 0.981440
10.988552 0.981026
10.990614 0.980708
10.992678 0.980464
10.994740 0.980292
10.996803 0.980178
10.998867 0.980121
11.000929 0.980118
11.002992 0.980170
11.005055 0.980278
11.007118 0.980444
11.009181 0.980680
11.011244 0.980990
11.013307 0.981393
11.015370 0.981909
11.017433 0.982577
11.019496 0.983451
11.021559 0.984663
11.023622 0.987082
11.025685 0.991791
11.027748 0.996442
11.029811 0.999615
11.031873 1.000000
11.033937 1.000000
11.035312 1.000000
11.068319 1.000000
11.133875 1.000000
11.199202 1.000000
11.264529 1.000000
11.329856 1.000000
11.395183 1.000000
11.460739 1.000000
11.526066 1.000000
11.591393 1.000000
11.656720 1.000000
11.722047 1.000000
11.787374 1.000000
11.851058 1.000000
11.918257 1.000000
11.957912 1.000000
11.965934 1.000000
11.968226 1.000000
11.970289 0.999520
11.972352 0.996239
11.974415 0.991552
11.976478 0.986885
11.978541 0.984592
11.980604 0.983403
11.982667 0.982540
11.984730 0.981880
11.986793 0.981371
11.988856 0.980973
11.990919 0.980667
11.992982 0.980435
11.995045 0.980271
11.997108 0.980166
11.999171 0.980117
12.001234 0.980123
12.003297 0.980182
12.005360 0.980299
12.007423 0.980475
12.009486 0.980721
12.011548 0.981044
12.013612 0.981463
12.015674 0.981999
12.017737 0.982690
12.019801 0.983606
12.021863 0.984887
12.023926 0.987711
12.025989 0.992517
12.028052 0.997036
12.030115 0.999853
12.032178 1.000000
12.034241 1.000000
12.068165 1.000000
12.133721 1.000000
12.199048 1.000000
12.264375 1.000000
12.329702 1.000000
12.395029 1.000000
12.460586 1.000000
12.525913 1.000000
12.591240 1.000000
12.656567 1.000000
12.721894 1.000000
12.787221 1.000000
12.852548 1.000000
12.918104 1.000000
12.957759 1.000000
12.965781 1.000000
12.968073 1.000000
12.970136 0.999662
12.972199 0.996548
12.974262 0.991918
12.976325 0.987189
12.978388 0.984701
12.980451 0.983478
12.982514 0.982596
12.984577 0.981924
12.986640 0.981405
12.988703 0.981000
12.990766 0.980687
12.992829 0.980449
12.994891 0.980281
12.996955 0.980172
12.999017 0.980119
13.001081 0.980120
13.003143 0.980175
13.005207 0.980288
13.007269 0.980459
13.009332 0.980700
13.011395 0.981017
13.013458 0.981428
13.015522 0.981953
13.017584 0.982633
13.019647 0.983528
13.021710 0.984772
13.023773 0.987390
13.025836 0.992152
13.027899 0.996741
13.029962 0.999744
13.032025 1.000000
13.034088 1.000000
13.068012 1.000000
13.133568 1.000000
13.198895 1.000000
13.264222 1.000000
13.329550 1.000000
13.394877 1.000000
13.460433 1.000000
13.525760 1.000000
13.591087 1.000000
13.656414 1.000000
13.721741 1.000000
13.787068 1.000000
13.850065 1.000000
13.917951 1.000000
13.957606 1.000000
13.965629 1.000000
13.967921 1.000000
13.969984 0.999785
13.972047 0.996846
13.974110 0.992281
13.976173 0.987502
13.978236 0.984813
13.980299 0.983555
13.982361 0.982653
13.984425 0.981969
13.986487 0.981440
13.988550 0.981027
13.990614 0.980708
13.992676 0.980465
13.994739 0.980292
13.996802 0.980178
13.998865 0.980121
14.000928 0.980118
14.002991 0.980170
14.005054 0.980278
14.007117 0.980444
14.009180 0.980680
14.011243 0.980990
14.013306 0.981393
14.015369 0.981909
14.017432 0.982576
14.019495 0.983451
14.021558 0.984662
14.023621 0.987080
14.025684 0.991789
14.027747 0.996440
14.029810 0.999614
14.031873 1.000000
14.033936 1.000000
14.035311 1.000000
14.068318 1.000000
14.133875 1.000000
14.199202 1.000000
14.264455 1.000000
14.329856 1.000000
14.395183 1.000000
14.460739 1.000000
14.526066 1.000000
14.591394 1.000000
14.656721 1.000000
14.722048 1.000000
14.787375 1.000000
14.852702 1.000000
14.918258 1.000000
14.957913 1.000000
14.965936 1.000000
14.968228 1.000000
14.970291 0.999518
14.972354 0.996236
14.974417 0.991549
14.976480 0.986881
14.978543 0.984591
14.980606 0.983402
14.982668 0.982540
14.984732 0.981880
14.986795 0.981370
14.988858 0.980973
14.990920 0.980667
14.992983 0.980435
14.995047 0.980271
14.997109 0.980166
14.999173 0.980117
15.001235 0.980123
15.003298 0.980182
15.005361 0.980299
15.007424 0.980475
15.009487 0.980721
15.011550 0.981045
15.013613 0.981463
15.015676 0.981999
15.017739 0.982691
15.019802 0.983606
15.021865 0.984888
15.023928 0.987715
15.025991 0.992520
15.028054 0.997039
15.030117 0.999854
15.032180 1.000000
15.034243 1.000000
15.068167 1.000000
15.133723 1.000000
15.199050 1.000000
15.264378 1.000000
15.329705 1.000000
15.395032 1.000000
15.460588 1.000000
15.525916 1.000000
15.591243 1.000000
15.656570 1.000000
15.721897 1.000000
15.787224 1.000000
15.852551 1.000000
15.920591 1.000000
15.957763 1.000000
15.965785 1.000000
15.968077 1.000000
15.970140 0.999659
15.972203 0.996540
15.974266 0.991907
15.976329 0.987180
15.978392 0.984698
15.980455 0.983476
15.982518 0.982595
15.984581 0.981923
15.986644 0.981404
15.988707 0.980999
15.990770 0.980687
15.992833 0.980449
15.994896 0.980281
15.996959 0.980172
15.999022 0.980119
16.001085 0.980121
16.003148 0.980176
16.005211 0.980288
16.007274 0.980459
16.009337 0.980701
16.011400 0.981018
16.013463 0.981429
16.015526 0.981954
16.017588 0.982634
16.019652 0.983530
16.021714 0.984775
16.023778 0.987399
16.025840 0.992162
16.027904 0.996750
16.029966 0.999747
16.032029 1.000000
16.034092 1.000000
16.068017 1.000000
16.133573 1.000000
16.198900 1.000000
16.264227 1.000000
16.329555 1.000000
16.394882 1.000000
16.460438 1.000000
16.525765 1.000000
16.591093 1.000000
16.656420 1.000000
16.721747 1.000000
16.787074 1.000000
16.852402 1.000000
16.917958 1.000000
16.957613 1.000000
16.965636 1.000000
16.967928 1.000000
16.969991 0.999780
16.972054 0.996833
16.974117 0.992265
16.976180 0.987488
16.978243 0.984807
16.980305 0.983552
16.982368 0.982650
16.984431 0.981967
16.986494 0.981438
16.988557 0.981025
16.990620 0.980707
16.992683 0.980464
16.994746 0.980291
16.996809 0.980177
16.998872 0.980121
17.000935 0.980118
17.002998 0.980170
17.005061 0.980278
17.007124 0.980445
17.009187 0.980681
17.011250 0.980991
17.013313 0.981395
17.015376 0.981911
17.017439 0.982579
17.019502 0.983454
17.021565 0.984667
17.023628 0.987094
17.025691 0.991805
17.027754 0.996454
17.029817 0.999621
17.031880 1.000000
17.033943 1.000000
17.035318 1.000000
17.068325 1.000000
17.133882 1.000000
17.199209 1.000000
17.264536 1.000000
17.329864 1.000000
17.395191 1.000000
17.460518 1.000000
17.525846 1.000000
17.591402 1.000000
17.656729 1.000000
17.722057 1.000000
17.787384 1.000000
17.852711 1.000000
17.919867 1.000000
17.957693 1.000000
17.965945 1.000000
17.968237 1.000000
17.970301 0.999509
17.972363 0.996216
17.974426 0.991525
17.976489 0.986863
17.978552 0.984585
17.980615 0.983397
17.982678 0.982536
17.984741 0.981877
17.986804 0.981368
17.988867 0.980971
17.990930 0.980666
17.992993 0.980434
17.995056 0.980270
17.997119 0.980166
17.999182 0.980117
18.001245 0.980123
18.003308 0.980182
18.005371 0.980300
18.007434 0.980476
18.009497 0.980722
18.011560 0.981046
18.013623 0.981465
18.015686 0.982002
18.017749 0.982694
18.019812 0.983611
18.021875 0.984896
18.023938 0.987735
18.026000 0.992543
18.028064 0.997058
18.030126 0.999860
18.032190 1.000000
18.034252 1.000000
18.068177 1.000000
18.133733 1.000000
18.199061 1.000000
18.264388 1.000000
18.329715 1.000000
18.395043 1.000000
18.460599 1.000000
18.525927 1.000000
18.591254 1.000000
18.656581 1.000000
18.721909 1.000000
18.787236 1.000000
18.852563 1.000000
18.917891 1.000000
18.957545 1.000000
18.965797 1.000000
18.968090 1.000000
18.970153 0.999648
18.972216 0.996516
18.974279 0.991879
18.976341 0.987156
18.978404 0.984689
18.980467 0.983470
18.982531 0.982590
18.984593 0.981919
18.986657 0.981401
18.988719 0.980997
18.990782 0.980685
18.992845 0.980448
18.994908 0.980280
18.996971 0.980171
18.999034 0.980119
19.001097 0.980121
19.003160 0.980176
19.005223 0.980289
19.007286 0.980461
19.009349 0.980703
19.011412 0.981020
19.013475 0.981431
19.015538 0.981958
19.017601 0.982639
19.019664 0.983536
19.021727 0.984784
19.023790 0.987425
19.025853 0.992192
19.027916 0.996774
19.029979 0.999757
19.032041 1.000000
19.034105 1.000000
19.068486 1.000000
19.133815 1.000000
19.199142 1.000000
19.264470 1.000000
19.329797 1.000000
19.395432 1.000000
19.460452 1.000000
19.526008 1.000000
19.591336 1.000000
19.656663 1.000000
19.721991 1.000000
19.787318 1.000000
19.852646 1.000000
19.919119 1.000000
19.957628 1.000000
19.965651 1.000000
19.967943 1.000000
19.970005 0.999769
19.972069 0.996804
19.974131 0.992229
19.976195 0.987457
19.978257 0.984796
19.980321 0.983544
19.982384 0.982645
19.984446 0.981963
19.986510 0.981435
19.988572 0.981023
19.990635 0.980705
19.992698 0.980462
19.994762 0.980290
19.996824 0.980177
19.998887 0.980121
20.000950 0.980119
20.003014 0.980171
20.005076 0.980279
20.007139 0.980446
20.009202 0.980683
20.011265 0.980994
20.013328 0.981398
20.015391 0.981915
20.017454 0.982585
20.019517 0.983462
20.021580 0.984678
20.023643 0.987124
20.025706 0.991842
20.027769 0.996485
20.029832 0.999634
20.031895 1.000000
20.033958 1.000000
20.035333 1.000000
20.068341 1.000000
20.133897 1.000000
20.199225 1.000000
20.264552 1.000000
20.329880 1.000000
20.395207 1.000000
20.460535 1.000000
20.525862 1.000000
20.591419 1.000000
20.659253 1.000000
