-0.176691 0.222882
-0.111248 0.222882
-0.056924 0.222882
-0.034002 0.222882
-0.031710 0.222882
-0.029647 0.222338
-0.027584 0.218994
-0.025521 0.214285
-0.023458 0.209647
-0.021396 0.207431
-0.019332 0.206254
-0.017270 0.205399
-0.015206 0.204746
-0.013144 0.204240
-0.011081 0.203845
-0.009018 0.203539
-0.006955 0.203311
-0.004892 0.203148
-0.002829 0.203045
-0.000766 0.202998
0.001297 0.203005
0.003360 0.203066
0.005423 0.203184
0.007486 0.203363
0.009549 0.203610
0.011611 0.203937
0.013675 0.204358
0.015737 0.204898
0.017801 0.205596
0.019863 0.206519
0.021926 0.207818
0.023990 0.210731
0.026052 0.215553
0.028115 0.220040
0.030178 0.222774
0.032241 0.222882
0.034304 0.222882
0.068228 0.222882
0.133784 0.222882
0.199110 0.222882
0.264436 0.222882
0.329763 0.222882
0.395089 0.222882
0.460645 0.222882
0.525971 0.222882
0.591298 0.222882
0.656624 0.222882
0.721786 0.222882
0.787277 0.222882
0.852604 0.222882
0.918159 0.222882
0.957813 0.222882
0.965836 0.222882
0.968128 0.222882
0.970191 0.222497
0.972254 0.219323
0.974317 0.214672
0.976380 0.209963
0.978443 0.207544
0.980506 0.206333
0.982569 0.205457
0.984632 0.204791
0.986695 0.204275
0.988758 0.203872
0.990820 0.203561
0.992884 0.203327
0.994946 0.203159
0.997009 0.203051
0.999073 0.203000
1.001135 0.203003
1.003198 0.203059
1.005261 0.203173
1.007324 0.203347
1.009387 0.203588
1.011450 0.203908
1.013513 0.204321
1.015576 0.204851
1.017639 0.205535
1.019701 0.206436
1.021765 0.207695
1.023827 0.210387
1.025891 0.215168
1.027954 0.219732
1.030016 0.222668
1.032079 0.222882
1.034142 0.222882
1.068066 0.222882
1.133622 0.222882
1.198948 0.222882
1.264275 0.222882
1.329601 0.222882
1.394928 0.222882
1.460483 0.222882
1.525810 0.222882
1.591136 0.222882
1.656463 0.222882
1.721789 0.222882
1.787116 0.222882
1.854085 0.222882
1.917998 0.222882
1.957652 0.222882
1.965675 0.222882
1.967967 0.222882
1.970030 0.222633
1.972093 0.219642
1.974156 0.215057
1.976219 0.210291
1.978282 0.207661
1.980345 0.206413
1.982407 0.205517
1.984470 0.204837
1.986533 0.204310
1.988596 0.203900
1.990660 0.203582
1.992722 0.203342
1.994785 0.203170
1.996848 0.203058
1.998911 0.203002
2.000974 0.203000
2.003037 0.203053
2.005100 0.203162
2.007163 0.203331
2.009226 0.203567
2.011289 0.203880
2.013352 0.204285
2.015414 0.204805
2.017478 0.205474
2.019540 0.206356
2.021603 0.207577
2.023667 0.210056
2.025729 0.214783
2.027792 0.219416
2.029855 0.222538
2.031918 0.222882
2.033981 0.222882
2.035356 0.222882
2.068364 0.222882
2.133919 0.222882
2.199246 0.222882
2.264572 0.222882
2.329899 0.222882
2.395225 0.222882
2.460781 0.222882
2.526107 0.222882
2.591434 0.222882
2.656760 0.222882
2.722087 0.222882
2.787414 0.222882
2.852740 0.222882
2.918296 0.222882
2.957950 0.222882
2.965973 0.222882
2.968265 0.222882
2.970328 0.222365
2.972391 0.219045
2.974454 0.214345
2.976517 0.209696
2.978579 0.207449
2.980643 0.206267
2.982705 0.205407
2.984768 0.204753
2.986832 0.204244
2.988894 0.203848
2.990957 0.203543
2.993020 0.203313
2.995083 0.203150
2.997146 0.203046
2.999209 0.202998
3.001272 0.203004
3.003335 0.203065
3.005398 0.203183
3.007461 0.203361
3.009524 0.203607
3.011586 0.203932
3.013650 0.204352
3.015713 0.204891
3.017775 0.205587
3.019839 0.206507
3.021901 0.207798
3.023964 0.210677
3.026027 0.215493
3.028090 0.219994
3.030153 0.222760
3.032216 0.222882
3.034279 0.222882
3.068203 0.222882
3.133759 0.222882
3.199085 0.222882
3.264412 0.222882
3.329738 0.222882
3.395065 0.222882
3.460621 0.222882
3.525947 0.222882
3.591274 0.222882
3.656600 0.222882
3.721927 0.222882
3.787253 0.222882
3.853573 0.222882
3.918136 0.222882
3.957790 0.222882
3.965813 0.222882
3.968105 0.222882
3.970168 0.222518
3.972231 0.219369
3.974294 0.214728
3.976357 0.210009
3.978420 0.207561
3.980483 0.206344
3.982546 0.205466
3.984608 0.204798
3.986671 0.204280
3.988734 0.203876
3.990798 0.203564
3.992860 0.203328
3.994923 0.203160
3.996986 0.203052
3.999049 0.203000
4.001112 0.203002
4.003175 0.203059
4.005238 0.203171
4.007301 0.203344
4.009364 0.203586
4.011427 0.203904
4.013490 0.204315
4.015553 0.204844
4.017616 0.205526
4.019678 0.206425
4.021741 0.207678
4.023805 0.210340
4.025867 0.215112
4.027930 0.219687
4.029993 0.222651
4.032056 0.222882
4.034119 0.222882
4.068043 0.222882
4.133599 0.222882
4.198925 0.222882
4.264252 0.222882
4.329579 0.222882
4.394905 0.222882
4.460461 0.222882
4.525788 0.222882
4.591114 0.222882
4.656441 0.222882
4.721767 0.222882
4.787094 0.222882
4.852421 0.222882
4.917977 0.222882
4.957631 0.222882
4.965654 0.222882
4.967946 0.222882
4.970009 0.222650
4.972072 0.219683
4.974134 0.215109
4.976197 0.210335
4.978260 0.207676
4.980323 0.206423
4.982387 0.205525
4.984449 0.204844
4.986512 0.204316
4.988575 0.203904
4.990638 0.203585
4.992701 0.203344
4.994764 0.203171
4.996827 0.203058
4.998890 0.203002
5.000953 0.203000
5.003016 0.203052
5.005079 0.203160
5.007142 0.203329
5.009205 0.203564
5.011268 0.203876
5.013330 0.204280
5.015394 0.204798
5.017456 0.205467
5.019519 0.206345
5.021582 0.207562
5.023645 0.210014
5.025708 0.214732
5.027771 0.219373
5.029834 0.222520
5.031897 0.222882
5.033960 0.222882
5.035335 0.222882
5.068342 0.222882
5.133898 0.222882
5.199225 0.222882
5.264551 0.222882
5.329878 0.222882
5.395205 0.222882
5.460761 0.222882
5.526087 0.222882
5.591414 0.222882
5.656740 0.222882
5.722067 0.222882
5.787394 0.222882
5.853064 0.222882
5.918276 0.222882
5.957931 0.222882
5.965953 0.222882
5.968245 0.222882
5.970308 0.222384
5.972371 0.219085
5.974435 0.214391
5.976497 0.209733
5.978561 0.207462
5.980623 0.206276
5.982686 0.205415
5.984749 0.204758
5.986812 0.204249
5.988875 0.203852
5.990938 0.203545
5.993001 0.203315
5.995064 0.203151
5.997127 0.203047
5.999190 0.202998
6.001253 0.203004
6.003316 0.203065
6.005379 0.203181
6.007441 0.203359
6.009504 0.203605
6.011567 0.203929
6.013630 0.204347
6.015693 0.204885
6.017756 0.205579
6.019819 0.206497
6.021882 0.207784
6.023945 0.210636
6.026008 0.215447
6.028071 0.219957
6.030134 0.222748
6.032197 0.222882
6.034260 0.222882
6.068184 0.222882
6.133740 0.222882
6.199066 0.222882
6.264393 0.222882
6.329720 0.222882
6.395046 0.222882
6.460602 0.222882
6.525929 0.222882
6.591256 0.222882
6.656582 0.222882
6.721909 0.222882
6.787236 0.222882
6.852562 0.222882
6.918118 0.222882
6.957773 0.222882
6.965795 0.222882
6.968088 0.222882
6.970150 0.222533
6.972214 0.219404
6.974277 0.214769
6.976339 0.210044
6.978402 0.207573
6.980465 0.206353
6.982528 0.205472
6.984591 0.204803
6.986654 0.204284
6.988717 0.203879
6.990780 0.203566
6.992843 0.203331
6.994906 0.203161
6.996969 0.203053
6.999032 0.203000
7.001095 0.203002
7.003158 0.203058
7.005221 0.203170
7.007284 0.203343
7.009347 0.203582
7.011410 0.203901
7.013472 0.204312
7.015535 0.204839
7.017598 0.205519
7.019661 0.206416
7.021724 0.207665
7.023787 0.210303
7.025850 0.215072
7.027913 0.219653
7.029976 0.222638
7.032039 0.222882
7.034102 0.222882
7.068026 0.222882
7.133582 0.222882
7.198909 0.222882
7.264235 0.222882
7.329562 0.222882
7.394889 0.222882
7.460445 0.222882
7.525772 0.222882
7.591098 0.222882
7.656425 0.222882
7.721752 0.222882
7.787079 0.222882
7.852061 0.222882
7.917961 0.222882
7.957616 0.222882
7.965638 0.222882
7.967930 0.222882
7.969993 0.222661
7.972056 0.219714
7.974120 0.215144
7.976182 0.210367
7.978245 0.207688
7.980308 0.206432
7.982371 0.205531
7.984434 0.204848
7.986497 0.204318
7.988560 0.203906
7.990623 0.203587
7.992686 0.203346
7.994749 0.203172
7.996812 0.203059
7.998875 0.203002
8.000938 0.203000
8.003000 0.203052
8.005064 0.203160
8.007127 0.203327
8.009189 0.203562
8.011253 0.203873
8.013315 0.204277
8.015379 0.204794
8.017441 0.205461
8.019504 0.206338
8.021567 0.207551
8.023630 0.209983
8.025693 0.214697
8.027756 0.219343
8.029819 0.222506
8.031882 0.222882
8.033945 0.222882
8.035320 0.222882
8.068327 0.222882
8.133883 0.222882
8.199210 0.222882
8.264537 0.222882
8.329864 0.222882
8.395190 0.222882
8.460746 0.222882
8.526073 0.222882
8.591400 0.222882
8.656727 0.222882
8.722054 0.222882
8.787380 0.222882
8.852707 0.222882
8.918263 0.222882
8.957918 0.222882
8.965940 0.222882
8.968233 0.222882
8.970295 0.222397
8.972358 0.219111
8.974422 0.214422
8.976484 0.209758
8.978547 0.207471
8.980610 0.206282
8.982673 0.205419
8.984736 0.204762
8.986799 0.204251
8.988862 0.203854
8.990925 0.203547
8.992988 0.203316
8.995051 0.203152
8.997114 0.203047
8.999177 0.202999
9.001240 0.203004
9.003303 0.203064
9.005366 0.203180
9.007428 0.203357
9.009492 0.203602
9.011554 0.203927
9.013617 0.204345
9.015681 0.204882
9.017743 0.205574
9.019806 0.206490
9.021869 0.207773
9.023932 0.210608
9.025995 0.215417
9.028058 0.219933
9.030121 0.222740
9.032184 0.222882
9.034247 0.222882
9.068171 0.222882
9.133727 0.222882
9.199054 0.222882
9.264381 0.222882
9.329708 0.222882
9.395034 0.222882
9.460590 0.222882
9.525917 0.222882
9.591244 0.222882
9.656571 0.222882
9.721898 0.222882
9.787225 0.222882
9.851558 0.222882
9.918108 0.222882
9.957762 0.222882
9.965785 0.222882
9.968077 0.222882
9.970140 0.222543
9.972203 0.219425
9.974266 0.214795
9.976329 0.210066
9.978392 0.207581
9.980455 0.206358
9.982518 0.205476
9.984581 0.204806
9.986643 0.204286
9.988706 0.203880
9.990769 0.203568
9.992832 0.203331
9.994895 0.203162
9.996958 0.203053
9.999021 0.203000
10.001084 0.203002
10.003147 0.203057
10.005210 0.203169
10.007273 0.203341
10.009336 0.203582
10.011399 0.203899
10.013462 0.204309
10.015525 0.204836
10.017588 0.205515
10.019651 0.206411
10.021714 0.207657
10.023777 0.210281
10.025840 0.215046
10.027902 0.219633
10.029965 0.222630
10.032028 0.222882
10.034091 0.222882
10.068016 0.222882
10.133572 0.222882
10.198898 0.222882
10.264225 0.222882
10.329552 0.222882
10.394879 0.222882
10.460435 0.222882
10.525762 0.222882
10.591089 0.222882
10.656416 0.222882
10.721743 0.222882
10.787070 0.222882
10.852397 0.222882
10.917953 0.222882
10.957607 0.222882
10.965630 0.222882
10.967922 0.222882
10.969985 0.222667
10.972048 0.219729
10.974111 0.215165
10.976174 0.210384
10.978237 0.207693
10.980300 0.206435
10.982363 0.205534
10.984426 0.204850
10.986488 0.204321
10.988552 0.203908
10.990614 0.203588
10.992678 0.203347
10.994740 0.203173
10.996803 0.203059
10.998867 0.203003
11.000929 0.203000
11.002992 0.203051
11.005055 0.203159
11.007118 0.203327
11.009181 0.203561
11.011244 0.203872
11.013307 0.204275
11.015370 0.204792
11.017433 0.205458
11.019496 0.206334
11.021559 0.207546
11.023622 0.209967
11.025685 0.214676
11.027748 0.219327
11.029811 0.222499
11.031873 0.222882
11.033937 0.222882
11.035312 0.222882
11.068319 0.222882
11.133875 0.222882
11.199202 0.222882
11.264529 0.222882
11.329856 0.222882
11.395183 0.222882
11.460739 0.222882
11.526066 0.222882
11.591393 0.222882
11.656720 0.222882
11.722047 0.222882
11.787374 0.222882
11.851058 0.222882
11.918257 0.222882
11.957912 0.222882
11.965934 0.222882
11.968226 0.222882
11.970289 0.222403
11.972352 0.219124
11.974415 0.214437
11.976478 0.209769
11.978541 0.207475
11.980604 0.206285
11.982667 0.205422
11.984730 0.204764
11.986793 0.204253
11.988856 0.203855
11.990919 0.203548
11.992982 0.203317
11.995045 0.203152
11.997108 0.203047
11.999171 0.202999
12.001234 0.203004
12.003297 0.203064
12.005360 0.203180
12.007423 0.203357
12.009486 0.203602
12.011548 0.203925
12.013612 0.204343
12.015674 0.204880
12.017737 0.205572
12.019801 0.206487
12.021863 0.207769
12.023926 0.210596
12.025989 0.215403
12.028052 0.219922
12.030115 0.222736
12.032178 0.222882
12.034241 0.222882
12.068165 0.222882
12.133721 0.222882
12.199048 0.222882
12.264375 0.222882
12.329702 0.222882
12.395029 0.222882
12.460586 0.222882
12.525913 0.222882
12.591240 0.222882
12.656567 0.222882
12.721894 0.222882
12.787221 0.222882
12.852548 0.222882
12.918104 0.222882
12.957759 0.222882
12.965781 0.222882
12.968073 0.222882
12.970136 0.222546
12.972199 0.219433
12.974262 0.214804
12.976325 0.210073
12.978388 0.207584
12.980451 0.206360
12.982514 0.205478
12.984577 0.204807
12.986640 0.204287
12.988703 0.203881
12.990766 0.203568
12.992829 0.203332
12.994891 0.203162
12.996955 0.203053
12.999017 0.203001
13.001081 0.203002
13.003143 0.203057
13.005207 0.203169
13.007269 0.203342
13.009332 0.203581
13.011395 0.203899
13.013458 0.204309
13.015522 0.204835
13.017584 0.205514
13.019647 0.206408
13.021710 0.207655
13.023773 0.210274
13.025836 0.215039
13.027899 0.219626
13.029962 0.222627
13.032025 0.222882
13.034088 0.222882
13.068012 0.222882
13.133568 0.222882
13.198895 0.222882
13.264222 0.222882
13.329550 0.222882
13.394877 0.222882
13.460433 0.222882
13.525760 0.222882
13.591087 0.222882
13.656414 0.222882
13.721741 0.222882
13.787068 0.222882
13.850065 0.222882
13.917951 0.222882
13.957606 0.222882
13.965629 0.222882
13.967921 0.222882
13.969984 0.222668
13.972047 0.219732
13.974110 0.215167
13.976173 0.210387
13.978236 0.207695
13.980299 0.206437
13.982361 0.205534
13.984425 0.204851
13.986487 0.204320
13.988550 0.203908
13.990614 0.203589
13.992676 0.203347
13.994739 0.203173
13.996802 0.203060
13.998865 0.203002
14.000928 0.203000
14.002991 0.203051
14.005054 0.203159
14.007117 0.203326
14.009180 0.203561
14.011243 0.203872
14.013306 0.204275
14.015369 0.204792
14.017432 0.205457
14.019495 0.206333
14.021558 0.207545
14.023621 0.209965
14.025684 0.214674
14.027747 0.219324
14.029810 0.222498
14.031873 0.222882
14.033936 0.222882
14.035311 0.222882
14.068318 0.222882
14.133875 0.222882
14.199202 0.222882
14.264455 0.222882
14.329856 0.222882
14.395183 0.222882
14.460739 0.222882
14.526066 0.222882
14.591394 0.222882
14.656721 0.222882
14.722048 0.222882
14.787375 0.222882
14.852702 0.222882
14.918258 0.222882
14.957913 0.222882
14.965936 0.222882
14.968228 0.222882
14.970291 0.222402
14.972354 0.219121
14.974417 0.214433
14.976480 0.209767
14.978543 0.207474
14.980606 0.206284
14.982668 0.205421
14.984732 0.204763
14.986795 0.204252
14.988858 0.203855
14.990920 0.203548
14.992983 0.203317
14.995047 0.203152
14.997109 0.203048
14.999173 0.202999
15.001235 0.203004
15.003298 0.203064
15.005361 0.203180
15.007424 0.203357
15.009487 0.203602
15.011550 0.203926
15.013613 0.204344
15.015676 0.204880
15.017739 0.205573
15.019802 0.206488
15.021865 0.207770
15.023928 0.210599
15.025991 0.215406
15.028054 0.219925
15.030117 0.222737
15.032180 0.222882
15.034243 0.222882
15.068167 0.222882
15.133723 0.222882
15.199050 0.222882
15.264378 0.222882
15.329705 0.222882
15.395032 0.222882
15.460588 0.222882
15.525916 0.222882
15.591243 0.222882
15.656570 0.222882
15.721897 0.222882
15.787224 0.222882
15.852551 0.222882
15.920591 0.222882
15.957763 0.222882
15.965785 0.222882
15.968077 0.222882
15.970140 0.222542
15.972203 0.219424
15.974266 0.214793
15.976329 0.210065
15.978392 0.207580
15.980455 0.206358
15.982518 0.205476
15.984581 0.204806
15.986644 0.204286
15.988707 0.203880
15.990770 0.203568
15.992833 0.203331
15.994896 0.203162
15.996959 0.203053
15.999022 0.203000
16.001085 0.203002
16.003148 0.203058
16.005211 0.203169
16.007274 0.203341
16.009337 0.203582
16.011400 0.203899
16.013463 0.204309
16.015526 0.204836
16.017588 0.205515
16.019652 0.206412
16.021714 0.207658
16.023778 0.210283
16.025840 0.215048
16.027904 0.219635
16.029966 0.222630
16.032029 0.222882
16.034092 0.222882
16.068017 0.222882
16.133573 0.222882
16.198900 0.222882
16.264227 0.222882
16.329555 0.222882
16.394882 0.222882
16.460438 0.222882
16.525765 0.222882
16.591093 0.222882
16.656420 0.222882
16.721747 0.222882
16.787074 0.222882
16.852402 0.222882
16.917958 0.222882
16.957613 0.222882
16.965636 0.222882
16.967928 0.222882
16.969991 0.222663
16.972054 0.219718
16.974117 0.215151
16.976180 0.210372
16.978243 0.207689
16.980305 0.206432
16.982368 0.205532
16.984431 0.204849
16.986494 0.204320
16.988557 0.203907
16.990620 0.203587
16.992683 0.203346
16.994746 0.203172
16.996809 0.203059
16.998872 0.203002
17.000935 0.203000
17.002998 0.203052
17.005061 0.203159
17.007124 0.203327
17.009187 0.203562
17.011250 0.203873
17.013313 0.204276
17.015376 0.204793
17.017439 0.205460
17.019502 0.206337
17.021565 0.207550
17.023628 0.209979
17.025691 0.214691
17.027754 0.219339
17.029817 0.222504
17.031880 0.222882
17.033943 0.222882
17.035318 0.222882
17.068325 0.222882
17.133882 0.222882
17.199209 0.222882
17.264536 0.222882
17.329864 0.222882
17.395191 0.222882
17.460518 0.222882
17.525846 0.222882
17.591402 0.222882
17.656729 0.222882
17.722057 0.222882
17.787384 0.222882
17.852711 0.222882
17.919867 0.222882
17.957693 0.222882
17.965945 0.222882
17.968237 0.222882
17.970301 0.222392
17.972363 0.219101
17.974426 0.214410
17.976489 0.209748
17.978552 0.207467
17.980615 0.206279
17.982678 0.205418
17.984741 0.204761
17.986804 0.204251
17.988867 0.203853
17.990930 0.203546
17.992993 0.203316
17.995056 0.203152
17.997119 0.203047
17.999182 0.202998
18.001245 0.203004
18.003308 0.203064
18.005371 0.203180
18.007434 0.203358
18.009497 0.203603
18.011560 0.203927
18.013623 0.204346
18.015686 0.204883
18.017749 0.205576
18.019812 0.206493
18.021875 0.207778
18.023938 0.210620
18.026000 0.215429
18.028064 0.219943
18.030126 0.222743
18.032190 0.222882
18.034252 0.222882
18.068177 0.222882
18.133733 0.222882
18.199061 0.222882
18.264388 0.222882
18.329715 0.222882
18.395043 0.222882
18.460599 0.222882
18.525927 0.222882
18.591254 0.222882
18.656581 0.222882
18.721909 0.222882
18.787236 0.222882
18.852563 0.222882
18.917891 0.222882
18.957545 0.222882
18.965797 0.222882
18.968090 0.222882
18.970153 0.222532
18.972216 0.219400
18.974279 0.214764
18.976341 0.210040
18.978404 0.207572
18.980467 0.206352
18.982531 0.205472
18.984593 0.204802
18.986657 0.204283
18.988719 0.203879
18.990782 0.203565
18.992845 0.203330
18.994908 0.203161
18.996971 0.203053
18.999034 0.203000
19.001097 0.203002
19.003160 0.203058
19.005223 0.203170
19.007286 0.203343
19.009349 0.203583
19.011412 0.203901
19.013475 0.204313
19.015538 0.204840
19.017601 0.205520
19.019664 0.206417
19.021727 0.207667
19.023790 0.210309
19.025853 0.215078
19.027916 0.219659
19.029979 0.222640
19.032041 0.222882
19.034105 0.222882
19.068486 0.222882
19.133815 0.222882
19.199142 0.222882
19.264470 0.222882
19.329797 0.222882
19.395432 0.222882
19.460452 0.222882
19.526008 0.222882
19.591336 0.222882
19.656663 0.222882
19.721991 0.222882
19.787318 0.222882
19.852646 0.222882
19.919119 0.222882
19.957628 0.222882
19.965651 0.222882
19.967943 0.222882
19.970005 0.222652
19.972069 0.219689
19.974131 0.215115
19.976195 0.210341
19.978257 0.207679
19.980321 0.206426
19.982384 0.205526
19.984446 0.204844
19.986510 0.204315
19.988572 0.203904
19.990635 0.203586
19.992698 0.203344
19.994762 0.203171
19.996824 0.203059
19.998887 0.203002
20.000950 0.203000
20.003014 0.203052
20.005076 0.203160
20.007139 0.203328
20.009202 0.203564
20.011265 0.203876
20.013328 0.204280
20.015391 0.204798
20.017454 0.205465
20.019517 0.206344
20.021580 0.207560
20.023643 0.210009
20.025706 0.214727
20.027769 0.219369
20.029832 0.222518
20.031895 0.222882
20.033958 0.222882
20.035333 0.222882
20.068341 0.222882
20.133897 0.222882
20.199225 0.222882
20.264552 0.222882
20.329880 0.222882
20.395207 0.222882
20.460535 0.222882
20.525862 0.222882
20.591419 0.222882
20.659253 0.222882
