-0.176691 0.164025
-0.111248 0.185145
-0.056924 0.203543
-0.034002 0.211532
-0.031710 0.212338
-0.029647 0.212520
-0.027584 0.209900
-0.025521 0.205921
-0.023458 0.202013
-0.021396 0.200530
-0.019332 0.200085
-0.017270 0.200020
-0.015206 0.204377
-0.013144 0.210901
-0.011081 0.217292
-0.009018 0.220387
-0.006955 0.221125
-0.004892 0.221864
-0.002829 0.222604
-0.000766 0.223345
0.001297 0.224087
0.003360 0.224829
0.005423 0.225572
0.007486 0.226315
0.009549 0.227059
0.011611 0.227803
0.013675 0.228548
0.015737 0.229293
0.017801 0.230039
0.019863 0.230785
0.021926 0.231531
0.023990 0.232278
0.026052 0.233025
0.028115 0.233772
0.030178 0.234520
0.032241 0.235268
0.034304 0.236017
0.068228 0.248376
0.133784 0.272433
0.199110 0.296462
0.264436 0.320349
0.329763 0.343899
0.395089 0.366922
0.460645 0.389317
0.525971 0.410754
0.591298 0.431152
0.656624 0.450361
0.721786 0.468198
0.787277 0.484667
0.852604 0.499523
0.918159 0.512751
0.957813 0.519897
0.965836 0.521262
0.968128 0.521647
0.970191 0.521992
0.972254 0.522335
0.974317 0.522676
0.976380 0.523015
0.978443 0.521281
0.980506 0.516196
0.982569 0.510519
0.984632 0.506348
0.986695 0.506076
0.988758 0.506001
0.990820 0.506018
0.992884 0.506106
0.994946 0.506262
0.997009 0.506475
0.999073 0.506743
1.001135 0.507063
1.003198 0.507456
1.005261 0.512211
1.007324 0.519064
1.009387 0.525555
1.011450 0.528499
1.013513 0.528805
1.015576 0.529109
1.017639 0.529411
1.019701 0.529711
1.021765 0.530010
1.023827 0.530307
1.025891 0.530601
1.027954 0.530894
1.030016 0.531185
1.032079 0.531474
1.034142 0.531761
1.068066 0.536213
1.133622 0.543344
1.198948 0.548485
1.264275 0.551628
1.329601 0.552756
1.394928 0.551859
1.460483 0.548931
1.525810 0.544011
1.591136 0.537123
1.656463 0.528313
1.721789 0.517639
1.787116 0.505170
1.854085 0.490614
1.917998 0.475142
1.957652 0.464812
1.965675 0.462657
1.967967 0.462038
1.970030 0.461479
1.972093 0.460918
1.974156 0.460356
1.976219 0.459793
1.978282 0.459228
1.980345 0.458662
1.982407 0.458094
1.984470 0.457526
1.986533 0.456955
1.988596 0.456384
1.990660 0.455811
1.992722 0.455236
1.994785 0.454661
1.996848 0.453163
1.998911 0.447076
2.000974 0.439834
2.003037 0.433662
2.005100 0.432042
2.007163 0.431626
2.009226 0.431279
2.011289 0.431004
2.013352 0.430822
2.015414 0.430751
2.017478 0.430832
2.019540 0.431168
2.021603 0.434856
2.023667 0.439771
2.025729 0.444013
2.027792 0.445267
2.029855 0.444669
2.031918 0.444070
2.033981 0.443469
2.035356 0.443068
2.068364 0.433271
2.133919 0.412920
2.199246 0.391584
2.264572 0.369352
2.329899 0.346396
2.395225 0.322894
2.460781 0.298950
2.526107 0.274926
2.591434 0.250937
2.656760 0.227188
2.722087 0.204063
2.787414 0.182007
2.852740 0.161094
2.918296 0.141319
2.957950 0.129968
2.965973 0.127729
2.968265 0.127093
2.970328 0.126522
2.972391 0.125952
2.974454 0.125383
2.976517 0.124816
2.978579 0.124250
2.980643 0.123685
2.982705 0.123122
2.984768 0.122559
2.986832 0.121998
2.988894 0.121439
2.990957 0.120881
2.993020 0.120324
2.995083 0.119768
2.997146 0.119214
2.999209 0.118660
3.001272 0.118109
3.003335 0.117558
3.005398 0.117009
3.007461 0.116461
3.009524 0.115915
3.011586 0.115370
3.013650 0.114826
3.015713 0.113815
3.017775 0.108981
3.019839 0.103324
3.021901 0.098944
3.023964 0.099918
3.026027 0.104197
3.028090 0.108163
3.030153 0.110398
3.032216 0.109990
3.034279 0.109459
3.068203 0.100921
3.133759 0.085450
3.199085 0.071395
3.264412 0.058708
3.329738 0.047385
3.395065 0.037411
3.460621 0.028732
3.525947 0.021369
3.591274 0.015238
3.656600 0.010277
3.721927 0.006410
3.787253 0.003551
3.853573 0.001582
3.918136 0.000463
3.957790 0.000118
3.965813 0.000077
3.968105 0.000067
3.970168 0.000058
3.972231 0.000050
3.974294 0.000043
3.976357 0.000036
3.978420 0.000030
3.980483 0.000025
3.982546 0.000020
3.984608 0.000015
3.986671 0.000011
3.988734 0.000008
3.990798 0.000005
3.992860 0.000003
3.994923 0.000002
3.996986 0.000001
3.999049 0.000000
4.001112 0.000000
4.003175 0.000000
4.005238 0.000000
4.007301 0.000000
4.009364 0.000000
4.011427 0.000000
4.013490 0.000000
4.015553 0.000000
4.017616 0.000000
4.019678 0.000000
4.021741 0.000000
4.023805 0.000000
4.025867 0.000000
4.027930 0.000000
4.029993 0.000000
4.032056 0.000000
4.034119 0.000000
4.068043 0.000000
4.133599 0.000000
4.198925 0.000000
4.264252 0.000000
4.329579 0.000000
4.394905 0.000000
4.460461 0.000000
4.525788 0.000000
4.591114 0.000000
4.656441 0.000000
4.721767 0.000000
4.787094 0.000000
4.852421 0.000000
4.917977 0.000000
4.957631 0.000000
4.965654 0.000000
4.967946 0.000000
4.970009 0.000000
4.972072 0.000000
4.974134 0.000000
4.976197 0.000000
4.978260 0.000000
4.980323 0.000000
4.982387 0.000000
4.984449 0.000000
4.986512 0.000000
4.988575 0.000000
4.990638 0.000000
4.992701 0.000000
4.994764 0.000000
4.996827 0.000000
4.998890 0.000000
5.000953 0.000000
5.003016 0.000000
5.005079 0.000000
5.007142 0.000000
5.009205 0.000000
5.011268 0.000000
5.013330 0.000000
5.015394 0.000000
5.017456 0.000000
5.019519 0.000000
5.021582 0.000000
5.023645 0.000000
5.025708 0.000000
5.027771 0.000000
5.029834 0.000000
5.031897 0.000000
5.033960 0.000000
5.035335 0.000000
5.068342 0.000000
5.133898 0.000000
5.199225 0.000000
5.264551 0.000000
5.329878 0.000000
5.395205 0.000000
5.460761 0.000000
5.526087 0.000000
5.591414 0.000000
5.656740 0.000000
5.722067 0.000000
5.787394 0.000000
5.853064 0.000000
5.918276 0.000000
5.957931 0.000000
5.965953 0.000000
5.968245 0.000000
5.970308 0.000000
5.972371 0.000000
5.974435 0.000000
5.976497 0.000000
5.978561 0.000000
5.980623 0.000000
5.982686 0.000000
5.984749 0.000000
5.986812 0.000000
5.988875 0.000000
5.990938 0.000000
5.993001 0.000000
5.995064 0.000000
5.997127 0.000000
5.999190 0.000000
6.001253 0.000000
6.003316 0.000000
6.005379 0.000000
6.007441 0.000000
6.009504 0.000000
6.011567 0.000000
6.013630 0.000000
6.015693 0.000000
6.017756 0.000000
6.019819 0.000000
6.021882 0.000000
6.023945 0.000000
6.026008 0.000000
6.028071 0.000000
6.030134 0.000000
6.032197 0.000000
6.034260 0.000000
6.068184 0.000000
6.133740 0.000000
6.199066 0.000000
6.264393 0.000000
6.329720 0.000000
6.395046 0.000000
6.460602 0.000000
6.525929 0.000000
6.591256 0.000000
6.656582 0.000000
6.721909 0.000205
6.787236 0.001046
6.852562 0.002647
6.918118 0.005129
6.957773 0.007098
6.965795 0.007542
6.968088 0.007671
6.970150 0.007439
6.972214 0.006796
6.974277 0.006802
6.976339 0.007218
6.978402 0.008271
6.980465 0.008394
6.982528 0.008518
6.984591 0.008643
6.986654 0.008769
6.988717 0.008897
6.990780 0.009025
6.992843 0.009154
6.994906 0.009285
6.996969 0.009417
6.999032 0.009549
7.001095 0.009683
7.003158 0.009818
7.005221 0.009954
7.007284 0.010090
7.009347 0.010229
7.011410 0.010368
7.013472 0.010508
7.015535 0.010649
7.017598 0.010792
7.019661 0.010935
7.021724 0.011080
7.023787 0.011226
7.025850 0.011372
7.027913 0.011520
7.029976 0.011669
7.032039 0.011820
7.034102 0.011971
7.068026 0.014622
7.133582 0.020640
7.198909 0.027866
7.264235 0.036370
7.329562 0.046193
7.394889 0.057363
7.460445 0.069943
7.525772 0.083849
7.591098 0.099116
7.656425 0.115725
7.721752 0.133648
7.787079 0.152846
7.852061 0.173160
7.917961 0.194942
7.957616 0.208595
7.965638 0.211406
7.967930 0.212211
7.969993 0.212716
7.972056 0.210493
7.974120 0.206652
7.976182 0.202606
7.978245 0.200659
7.980308 0.200136
7.982371 0.199967
7.984434 0.203376
7.986497 0.209719
7.988560 0.216283
7.990623 0.220259
7.992686 0.220997
7.994749 0.221735
7.996812 0.222475
7.998875 0.223216
8.000938 0.223958
8.003000 0.224700
8.005064 0.225443
8.007127 0.226186
8.009189 0.226930
8.011253 0.227674
8.013315 0.228418
8.015379 0.229163
8.017441 0.229909
8.019504 0.230655
8.021567 0.231401
8.023630 0.232148
8.025693 0.232895
8.027756 0.233642
8.029819 0.234390
8.031882 0.235138
8.033945 0.235887
8.035320 0.236386
8.068327 0.248412
8.133883 0.272469
8.199210 0.296499
8.264537 0.320386
8.329864 0.343935
8.395190 0.366957
8.460746 0.389351
8.526073 0.410786
8.591400 0.431183
8.656727 0.450390
8.722054 0.468269
8.787380 0.484692
8.852707 0.499546
8.918263 0.512771
8.957918 0.519915
8.965940 0.521280
8.968233 0.521665
8.970295 0.522009
8.972358 0.522352
8.974422 0.522693
8.976484 0.523032
8.978547 0.521068
8.980610 0.515908
8.982673 0.510249
8.984736 0.506268
8.986799 0.506069
8.988862 0.506000
8.990925 0.506020
8.992988 0.506113
8.995051 0.506271
8.997114 0.506488
8.999177 0.506757
9.001240 0.507080
9.003303 0.507556
9.005366 0.512535
9.007428 0.519418
9.009492 0.525834
9.011554 0.528515
9.013617 0.528820
9.015681 0.529124
9.017743 0.529426
9.019806 0.529727
9.021869 0.530025
9.023932 0.530322
9.025995 0.530616
9.028058 0.530909
9.030121 0.531200
9.032184 0.531489
9.034247 0.531776
9.068171 0.536226
9.133727 0.543354
9.199054 0.548491
9.264381 0.551632
9.329708 0.552756
9.395034 0.551856
9.460590 0.548925
9.525917 0.544001
9.591244 0.537110
9.656571 0.528297
9.721898 0.517619
9.787225 0.505148
9.851558 0.491195
9.918108 0.475114
9.957762 0.464783
9.965785 0.462628
9.968077 0.462008
9.970140 0.461449
9.972203 0.460888
9.974266 0.460326
9.976329 0.459763
9.978392 0.459198
9.980455 0.458632
9.982518 0.458064
9.984581 0.457495
9.986643 0.456925
9.988706 0.456353
9.990769 0.455780
9.992832 0.455206
9.994895 0.454630
9.996958 0.452916
9.999021 0.446698
10.001084 0.439458
10.003147 0.433419
10.005210 0.432019
10.007273 0.431606
10.009336 0.431262
10.011399 0.430992
10.013462 0.430815
10.015525 0.430752
10.017588 0.430841
10.019651 0.431268
10.021714 0.435110
10.023777 0.440029
10.025840 0.444188
10.027902 0.445235
10.029965 0.444637
10.032028 0.444037
10.034091 0.443437
10.068016 0.433376
10.133572 0.413031
10.198898 0.391700
10.264225 0.369472
10.329552 0.346519
10.394879 0.323020
10.460435 0.299077
10.525762 0.275053
10.591089 0.251064
10.656416 0.227312
10.721743 0.204182
10.787070 0.182120
10.852397 0.161201
10.917953 0.141419
10.957607 0.130064
10.965630 0.127824
10.967922 0.127188
10.969985 0.126617
10.972048 0.126046
10.974111 0.125478
10.976174 0.124910
10.978237 0.124344
10.980300 0.123779
10.982363 0.123215
10.984426 0.122653
10.986488 0.122092
10.988552 0.121532
10.990614 0.120973
10.992678 0.120416
10.994740 0.119860
10.996803 0.119306
10.998867 0.118752
11.000929 0.118200
11.002992 0.117650
11.005055 0.117100
11.007118 0.116552
11.009181 0.116005
11.011244 0.115460
11.013307 0.114916
11.015370 0.114285
11.017433 0.109906
11.019496 0.104229
11.021559 0.099482
11.023622 0.099297
11.025685 0.103470
11.027748 0.107586
11.029811 0.110225
11.031873 0.110078
11.033937 0.109547
11.035312 0.109194
11.068319 0.100893
11.133875 0.085424
11.199202 0.071371
11.264529 0.058686
11.329856 0.047365
11.395183 0.037394
11.460739 0.028718
11.526066 0.021357
11.591393 0.015228
11.656720 0.010269
11.722047 0.006404
11.787374 0.003547
11.851058 0.001641
11.918257 0.000462
11.957912 0.000117
11.965934 0.000076
11.968226 0.000066
11.970289 0.000058
11.972352 0.000050
11.974415 0.000042
11.976478 0.000036
11.978541 0.000030
11.980604 0.000024
11.982667 0.000019
11.984730 0.000015
11.986793 0.000011
11.988856 0.000008
11.990919 0.000005
11.992982 0.000003
11.995045 0.000002
11.997108 0.000001
11.999171 0.000000
12.001234 0.000000
12.003297 0.000000
12.005360 0.000000
12.007423 0.000000
12.009486 0.000000
12.011548 0.000000
12.013612 0.000000
12.015674 0.000000
12.017737 0.000000
12.019801 0.000000
12.021863 0.000000
12.023926 0.000000
12.025989 0.000000
12.028052 0.000000
12.030115 0.000000
12.032178 0.000000
12.034241 0.000000
12.068165 0.000000
12.133721 0.000000
12.199048 0.000000
12.264375 0.000000
12.329702 0.000000
12.395029 0.000000
12.460586 0.000000
12.525913 0.000000
12.591240 0.000000
12.656567 0.000000
12.721894 0.000000
12.787221 0.000000
12.852548 0.000000
12.918104 0.000000
12.957759 0.000000
12.965781 0.000000
12.968073 0.000000
12.970136 0.000000
12.972199 0.000000
12.974262 0.000000
12.976325 0.000000
12.978388 0.000000
12.980451 0.000000
12.982514 0.000000
12.984577 0.000000
12.986640 0.000000
12.988703 0.000000
12.990766 0.000000
12.992829 0.000000
12.994891 0.000000
12.996955 0.000000
12.999017 0.000000
13.001081 0.000000
13.003143 0.000000
13.005207 0.000000
13.007269 0.000000
13.009332 0.000000
13.011395 0.000000
13.013458 0.000000
13.015522 0.000000
13.017584 0.000000
13.019647 0.000000
13.021710 0.000000
13.023773 0.000000
13.025836 0.000000
13.027899 0.000000
13.029962 0.000000
13.032025 0.000000
13.034088 0.000000
13.068012 0.000000
13.133568 0.000000
13.198895 0.000000
13.264222 0.000000
13.329550 0.000000
13.394877 0.000000
13.460433 0.000000
13.525760 0.000000
13.591087 0.000000
13.656414 0.000000
13.721741 0.000000
13.787068 0.000000
13.850065 0.000000
13.917951 0.000000
13.957606 0.000000
13.965629 0.000000
13.967921 0.000000
13.969984 0.000000
13.972047 0.000000
13.974110 0.000000
13.976173 0.000000
13.978236 0.000000
13.980299 0.000000
13.982361 0.000000
13.984425 0.000000
13.986487 0.000000
13.988550 0.000000
13.990614 0.000000
13.992676 0.000000
13.994739 0.000000
13.996802 0.000000
13.998865 0.000000
14.000928 0.000000
14.002991 0.000000
14.005054 0.000000
14.007117 0.000000
14.009180 0.000000
14.011243 0.000000
14.013306 0.000000
14.015369 0.000000
14.017432 0.000000
14.019495 0.000000
14.021558 0.000000
14.023621 0.000000
14.025684 0.000000
14.027747 0.000000
14.029810 0.000000
14.031873 0.000000
14.033936 0.000000
14.035311 0.000000
14.068318 0.000000
14.133875 0.000000
14.199202 0.000000
14.264455 0.000000
14.329856 0.000000
14.395183 0.000000
14.460739 0.000000
14.526066 0.000000
14.591394 0.000000
14.656721 0.000000
14.722048 0.000206
14.787375 0.001048
14.852702 0.002651
14.918258 0.005135
14.957913 0.007106
14.965936 0.007550
14.968228 0.007679
14.970291 0.007316
14.972354 0.006784
14.974417 0.006816
14.976480 0.007269
14.978543 0.008279
14.980606 0.008402
14.982668 0.008527
14.984732 0.008652
14.986795 0.008778
14.988858 0.008905
14.990920 0.009034
14.992983 0.009163
14.995047 0.009294
14.997109 0.009426
14.999173 0.009558
15.001235 0.009692
15.003298 0.009827
15.005361 0.009963
15.007424 0.010100
15.009487 0.010238
15.011550 0.010377
15.013613 0.010518
15.015676 0.010659
15.017739 0.010801
15.019802 0.010945
15.021865 0.011090
15.023928 0.011236
15.025991 0.011382
15.028054 0.011531
15.030117 0.011680
15.032180 0.011830
15.034243 0.011981
15.068167 0.014633
15.133723 0.020655
15.199050 0.027883
15.264378 0.036390
15.329705 0.046216
15.395032 0.057389
15.460588 0.069972
15.525916 0.083881
15.591243 0.099151
15.656570 0.115763
15.721897 0.133689
15.787224 0.152890
15.852551 0.173317
15.920591 0.195835
15.957763 0.208647
15.965785 0.211457
15.968077 0.212263
15.970140 0.212648
15.972203 0.210257
15.974266 0.206353
15.976329 0.202356
15.978392 0.200604
15.980455 0.200113
15.982518 0.199965
15.984581 0.203777
15.986644 0.210202
15.988707 0.216704
15.990770 0.220311
15.992833 0.221049
15.994896 0.221788
15.996959 0.222528
15.999022 0.223269
16.001085 0.224011
16.003148 0.224753
16.005211 0.225496
16.007274 0.226239
16.009337 0.226983
16.011400 0.227727
16.013463 0.228472
16.015526 0.229217
16.017588 0.229962
16.019652 0.230708
16.021714 0.231454
16.023778 0.232201
16.025840 0.232948
16.027904 0.233695
16.029966 0.234443
16.032029 0.235191
16.034092 0.235940
16.068017 0.248299
16.133573 0.272355
16.198900 0.296385
16.264227 0.320273
16.329555 0.343824
16.394882 0.366850
16.460438 0.389247
16.525765 0.410688
16.591093 0.431090
16.656420 0.450303
16.721747 0.468188
16.787074 0.484619
16.852402 0.499480
16.917958 0.512713
16.957613 0.519863
16.965636 0.521229
16.967928 0.521614
16.969991 0.521959
16.972054 0.522302
16.974117 0.522643
16.976180 0.522982
16.978243 0.521671
16.980305 0.516745
16.982368 0.511045
16.984431 0.506574
16.986494 0.506090
16.988557 0.506005
16.990620 0.506013
16.992683 0.506094
16.994746 0.506245
16.996809 0.506452
16.998872 0.506715
17.000935 0.507029
17.002998 0.507396
17.005061 0.511604
17.007124 0.518383
17.009187 0.525002
17.011250 0.528469
17.013313 0.528775
17.015376 0.529080
17.017439 0.529382
17.019502 0.529683
17.021565 0.529981
17.023628 0.530278
17.025691 0.530573
17.027754 0.530866
17.029817 0.531157
17.031880 0.531446
17.033943 0.531734
17.035318 0.531924
17.068325 0.536245
17.133882 0.543369
17.199209 0.548501
17.264536 0.551637
17.329864 0.552756
17.395191 0.551852
17.460518 0.548929
17.525846 0.544008
17.591402 0.537091
17.656729 0.528273
17.722057 0.517591
17.787384 0.505115
17.852711 0.490930
17.919867 0.474668
17.957693 0.464801
17.965945 0.462584
17.968237 0.461965
17.970301 0.461405
17.972363 0.460845
17.974426 0.460282
17.976489 0.459719
17.978552 0.459154
17.980615 0.458588
17.982678 0.458020
17.984741 0.457451
17.986804 0.456880
17.988867 0.456309
17.990930 0.455735
17.992993 0.455161
17.995056 0.454585
17.997119 0.452533
17.999182 0.446141
18.001245 0.438913
18.003308 0.433090
18.005371 0.431985
18.007434 0.431577
18.009497 0.431238
18.011560 0.430975
18.013623 0.430806
18.015686 0.430754
18.017749 0.430856
18.019812 0.431450
18.021875 0.435485
18.023938 0.440401
18.026000 0.444429
18.028064 0.445189
18.030126 0.444590
18.032190 0.443991
18.034252 0.443390
18.068177 0.433327
18.133733 0.412980
18.199061 0.391646
18.264388 0.369416
18.329715 0.346461
18.395043 0.322960
18.460599 0.299017
18.525927 0.274992
18.591254 0.251003
18.656581 0.227253
18.721909 0.204125
18.787236 0.182065
18.852563 0.161149
18.917891 0.141438
18.957545 0.130082
18.965797 0.127778
18.968090 0.127142
18.970153 0.126570
18.972216 0.126000
18.974279 0.125431
18.976341 0.124864
18.978404 0.124298
18.980467 0.123733
18.982531 0.123169
18.984593 0.122607
18.986657 0.122046
18.988719 0.121486
18.990782 0.120928
18.992845 0.120371
18.994908 0.119815
18.996971 0.119260
18.999034 0.118707
19.001097 0.118155
19.003160 0.117605
19.005223 0.117056
19.007286 0.116508
19.009349 0.115961
19.011412 0.115416
19.013475 0.114872
19.015538 0.114078
19.017601 0.109456
19.019664 0.103781
19.021727 0.099204
19.023790 0.099596
19.025853 0.103827
19.027916 0.107874
19.029979 0.110324
19.032041 0.110035
19.034105 0.109504
19.068486 0.100852
19.133815 0.085438
19.199142 0.071384
19.264470 0.058697
19.329797 0.047375
19.395432 0.037359
19.460452 0.028753
19.526008 0.021363
19.591336 0.015233
19.656663 0.010273
19.721991 0.006407
19.787318 0.003549
19.852646 0.001604
19.919119 0.000452
19.957628 0.000119
19.965651 0.000077
19.967943 0.000067
19.970005 0.000059
19.972069 0.000051
19.974131 0.000043
19.976195 0.000037
19.978257 0.000031
19.980321 0.000025
19.982384 0.000020
19.984446 0.000016
19.986510 0.000012
19.988572 0.000008
19.990635 0.000006
19.992698 0.000003
19.994762 0.000002
19.996824 0.000001
19.998887 0.000000
20.000950 0.000000
20.003014 0.000000
20.005076 0.000000
20.007139 0.000000
20.009202 0.000000
20.011265 0.000000
20.013328 0.000000
20.015391 0.000000
20.017454 0.000000
20.019517 0.000000
20.021580 0.000000
20.023643 0.000000
20.025706 0.000000
20.027769 0.000000
20.029832 0.000000
20.031895 0.000000
20.033958 0.000000
20.035333 0.000000
20.068341 0.000000
20.133897 0.000000
20.199225 0.000000
20.264552 0.000000
20.329880 0.000000
20.395207 0.000000
20.460535 0.000000
20.525862 0.000000
20.591419 0.000000
20.659253 0.000000
