-0.176691 0.545382
-0.111248 0.549828
-0.056924 0.551991
-0.034002 0.552485
-0.031710 0.552521
-0.029647 0.552551
-0.027584 0.552579
-0.025521 0.552605
-0.023458 0.552629
-0.021396 0.552650
-0.019332 0.552670
-0.017270 0.552631
-0.015206 0.548370
-0.013144 0.542089
-0.011081 0.536051
-0.009018 0.533399
-0.006955 0.533177
-0.004892 0.533020
-0.002829 0.532921
-0.000766 0.532875
0.001297 0.532883
0.003360 0.532941
0.005423 0.533055
0.007486 0.533227
0.009549 0.533466
0.011611 0.537465
0.013675 0.543760
0.015737 0.549786
0.017801 0.552684
0.019863 0.552665
0.021926 0.552645
0.023990 0.552623
0.026052 0.552598
0.028115 0.552572
0.030178 0.552543
0.032241 0.552513
0.034304 0.552480
0.068228 0.551655
0.133784 0.548523
0.199110 0.543401
0.264436 0.536316
0.329763 0.527313
0.395089 0.516453
0.460645 0.503760
0.525971 0.489407
0.591298 0.473452
0.656624 0.456006
0.721786 0.437240
0.787277 0.417143
0.852604 0.396009
0.918159 0.373867
0.957813 0.360091
0.965836 0.357274
0.968128 0.356467
0.970191 0.355740
0.972254 0.355013
0.974317 0.354285
0.976380 0.353556
0.978443 0.352827
0.980506 0.352097
0.982569 0.351367
0.984632 0.350636
0.986695 0.349904
0.988758 0.349172
0.990820 0.348439
0.992884 0.347706
0.994946 0.346972
0.997009 0.346238
0.999073 0.345503
1.001135 0.344768
1.003198 0.344010
1.005261 0.338946
1.007324 0.331840
1.009387 0.325164
1.011450 0.322109
1.013513 0.321784
1.015576 0.321574
1.017639 0.321518
1.019701 0.321681
1.021765 0.322198
1.023827 0.325124
1.025891 0.329415
1.027954 0.333093
1.030016 0.334418
1.032079 0.333675
1.034142 0.332932
1.068066 0.320651
1.133622 0.296683
1.198948 0.272654
1.264275 0.248679
1.329601 0.224963
1.394928 0.201931
1.460483 0.179905
1.525810 0.159109
1.591136 0.139521
1.656463 0.121195
1.721789 0.104171
1.787116 0.088481
1.854085 0.073805
1.917998 0.061139
1.957652 0.053938
1.965675 0.052542
1.967967 0.052147
1.970030 0.051793
1.972093 0.051440
1.974156 0.051088
1.976219 0.050738
1.978282 0.050390
1.980345 0.050042
1.982407 0.049696
1.984470 0.049352
1.986533 0.049009
1.988596 0.048667
1.990660 0.048326
1.992722 0.047987
1.994785 0.047649
1.996848 0.047312
1.998911 0.046977
2.000974 0.046643
2.003037 0.046311
2.005100 0.045980
2.007163 0.045650
2.009226 0.045321
2.011289 0.044994
2.013352 0.044669
2.015414 0.044344
2.017478 0.044021
2.019540 0.043652
2.021603 0.040272
2.023667 0.036920
2.025729 0.036490
2.027792 0.038957
2.029855 0.041765
2.031918 0.041797
2.033981 0.041484
2.035356 0.041277
2.068364 0.036473
2.133919 0.027927
2.199246 0.020692
2.264572 0.014683
2.329899 0.009836
2.395225 0.006075
2.460781 0.003306
2.526107 0.001450
2.591434 0.000388
2.656760 0.000006
2.722087 0.000000
2.787414 0.000000
2.852740 0.000000
2.918296 0.000000
2.957950 0.000000
2.965973 0.000000
2.968265 0.000000
2.970328 0.000000
2.972391 0.000000
2.974454 0.000000
2.976517 0.000000
2.978579 0.000000
2.980643 0.000000
2.982705 0.000000
2.984768 0.000000
2.986832 0.000000
2.988894 0.000000
2.990957 0.000000
2.993020 0.000000
2.995083 0.000000
2.997146 0.000000
2.999209 0.000000
3.001272 0.000000
3.003335 0.000000
3.005398 0.000000
3.007461 0.000000
3.009524 0.000000
3.011586 0.000000
3.013650 0.000000
3.015713 0.000000
3.017775 0.000000
3.019839 0.000000
3.021901 0.000000
3.023964 0.000000
3.026027 0.000000
3.028090 0.000000
3.030153 0.000000
3.032216 0.000000
3.034279 0.000000
3.068203 0.000000
3.133759 0.000000
3.199085 0.000000
3.264412 0.000000
3.329738 0.000000
3.395065 0.000000
3.460621 0.000000
3.525947 0.000000
3.591274 0.000000
3.656600 0.000000
3.721927 0.000000
3.787253 0.000000
3.853573 0.000000
3.918136 0.000000
3.957790 0.000000
3.965813 0.000000
3.968105 0.000000
3.970168 0.000000
3.972231 0.000000
3.974294 0.000000
3.976357 0.000000
3.978420 0.000000
3.980483 0.000000
3.982546 0.000000
3.984608 0.000000
3.986671 0.000000
3.988734 0.000000
3.990798 0.000000
3.992860 0.000000
3.994923 0.000000
3.996986 0.000000
3.999049 0.000000
4.001112 0.000000
4.003175 0.000000
4.005238 0.000000
4.007301 0.000000
4.009364 0.000000
4.011427 0.000000
4.013490 0.000000
4.015553 0.000000
4.017616 0.000000
4.019678 0.000000
4.021741 0.000000
4.023805 0.000000
4.025867 0.000000
4.027930 0.000000
4.029993 0.000000
4.032056 0.000000
4.034119 0.000000
4.068043 0.000000
4.133599 0.000000
4.198925 0.000000
4.264252 0.000000
4.329579 0.000000
4.394905 0.000000
4.460461 0.000000
4.525788 0.000000
4.591114 0.000000
4.656441 0.000000
4.721767 0.000000
4.787094 0.000000
4.852421 0.000000
4.917977 0.000000
4.957631 0.000000
4.965654 0.000000
4.967946 0.000000
4.970009 0.000000
4.972072 0.000000
4.974134 0.000000
4.976197 0.000000
4.978260 0.000000
4.980323 0.000000
4.982387 0.000000
4.984449 0.000000
4.986512 0.000000
4.988575 0.000000
4.990638 0.000000
4.992701 0.000000
4.994764 0.000000
4.996827 0.000000
4.998890 0.000000
5.000953 0.000000
5.003016 0.000000
5.005079 0.000000
5.007142 0.000000
5.009205 0.000000
5.011268 0.000000
5.013330 0.000000
5.015394 0.000000
5.017456 0.000000
5.019519 0.000000
5.021582 0.000000
5.023645 0.000000
5.025708 0.000000
5.027771 0.000000
5.029834 0.000000
5.031897 0.000000
5.033960 0.000000
5.035335 0.000000
5.068342 0.000000
5.133898 0.000000
5.199225 0.000000
5.264551 0.000000
5.329878 0.000000
5.395205 0.000259
5.460761 0.001176
5.526087 0.002864
5.591414 0.005432
5.656740 0.008981
5.722067 0.013599
5.787394 0.019365
5.853064 0.026385
5.918276 0.034625
5.957931 0.040272
5.965953 0.041474
5.968245 0.041822
5.970308 0.041636
5.972371 0.038651
5.974435 0.036444
5.976497 0.037055
5.978561 0.040601
5.980623 0.043725
5.982686 0.044047
5.984749 0.044370
5.986812 0.044694
5.988875 0.045020
5.990938 0.045347
5.993001 0.045676
5.995064 0.046006
5.997127 0.046337
5.999190 0.046670
6.001253 0.047004
6.003316 0.047339
6.005379 0.047676
6.007441 0.048014
6.009504 0.048353
6.011567 0.048694
6.013630 0.049036
6.015693 0.049379
6.017756 0.049724
6.019819 0.050070
6.021882 0.050417
6.023945 0.050766
6.026008 0.051116
6.028071 0.051468
6.030134 0.051821
6.032197 0.052175
6.034260 0.052530
6.068184 0.058572
6.133740 0.071291
6.199066 0.085336
6.264393 0.100740
6.329720 0.117484
6.395046 0.135538
6.460602 0.154933
6.525929 0.175483
6.591256 0.197196
6.656582 0.220006
6.721909 0.243635
6.787236 0.267572
6.852562 0.291607
6.918118 0.315622
6.957773 0.330015
6.965795 0.332910
6.968088 0.333736
6.970150 0.334478
6.972214 0.332852
6.974277 0.329072
6.976339 0.324795
6.978402 0.322135
6.980465 0.321656
6.982528 0.321516
6.984591 0.321585
6.986654 0.321806
6.988717 0.322139
6.990780 0.325637
6.992843 0.332427
6.994906 0.339477
6.996969 0.344091
6.999032 0.344827
7.001095 0.345563
7.003158 0.346297
7.005221 0.347032
7.007284 0.347765
7.009347 0.348499
7.011410 0.349231
7.013472 0.349963
7.015535 0.350695
7.017598 0.351426
7.019661 0.352156
7.021724 0.352886
7.023787 0.353615
7.025850 0.354344
7.027913 0.355072
7.029976 0.355799
7.032039 0.356526
7.034102 0.357252
7.068026 0.369098
7.133582 0.391415
7.198909 0.412759
7.264235 0.433050
7.329562 0.452137
7.394889 0.469883
7.460445 0.486218
7.525772 0.500912
7.591098 0.513925
7.656425 0.525170
7.721752 0.534570
7.787079 0.542065
7.852061 0.547581
7.917961 0.551164
7.957616 0.552333
7.965638 0.552479
7.967930 0.552515
7.969993 0.552546
7.972056 0.552574
7.974120 0.552600
7.976182 0.552625
7.978245 0.552647
7.980308 0.552667
7.982371 0.552685
7.984434 0.549344
7.986497 0.543221
7.988560 0.536992
7.990623 0.533445
7.992686 0.533210
7.994749 0.533044
7.996812 0.532934
7.998875 0.532880
8.000938 0.532877
8.003000 0.532927
8.005064 0.533031
8.007127 0.533192
8.009189 0.533421
8.011253 0.536492
8.013315 0.542629
8.015379 0.548843
8.017441 0.552687
8.019504 0.552669
8.021567 0.552649
8.023630 0.552627
8.025693 0.552602
8.027756 0.552576
8.029819 0.552548
8.031882 0.552518
8.033945 0.552486
8.035320 0.552463
8.068327 0.551652
8.133883 0.548516
8.199210 0.543391
8.264537 0.536303
8.329864 0.527298
8.395190 0.516435
8.460746 0.503738
8.526073 0.489383
8.591400 0.473426
8.656727 0.455977
8.722054 0.437160
8.787380 0.417110
8.852707 0.395974
8.918263 0.373831
8.957918 0.360055
8.965940 0.357237
8.968233 0.356430
8.970295 0.355703
8.972358 0.354976
8.974422 0.354248
8.976484 0.353519
8.978547 0.352790
8.980610 0.352060
8.982673 0.351330
8.984736 0.350599
8.986799 0.349867
8.988862 0.349135
8.990925 0.348402
8.992988 0.347669
8.995051 0.346935
8.997114 0.346201
8.999177 0.345466
9.001240 0.344730
9.003303 0.343893
9.005366 0.338608
9.007428 0.331475
9.009492 0.324878
9.011554 0.322090
9.013617 0.321770
9.015681 0.321568
9.017743 0.321520
9.019806 0.321696
9.021869 0.322239
9.023932 0.325333
9.025995 0.329627
9.028058 0.333238
9.030121 0.334380
9.032184 0.333638
9.034247 0.332894
9.068171 0.320613
9.133727 0.296645
9.199054 0.272615
9.264381 0.248641
9.329708 0.224925
9.395034 0.201895
9.460590 0.179870
9.525917 0.159075
9.591244 0.139490
9.656571 0.121165
9.721898 0.104143
9.787225 0.088456
9.851558 0.074333
9.918108 0.061118
9.957762 0.053918
9.965785 0.052523
9.968077 0.052128
9.970140 0.051774
9.972203 0.051421
9.974266 0.051070
9.976329 0.050720
9.978392 0.050371
9.980455 0.050024
9.982518 0.049678
9.984581 0.049333
9.986643 0.048990
9.988706 0.048648
9.990769 0.048308
9.992832 0.047969
9.994895 0.047631
9.996958 0.047294
9.999021 0.046959
10.001084 0.046626
10.003147 0.046293
10.005210 0.045962
10.007273 0.045632
10.009336 0.045304
10.011399 0.044977
10.013462 0.044651
10.015525 0.044327
10.017588 0.044004
10.019651 0.043559
10.021714 0.040049
10.023777 0.036839
10.025840 0.036530
10.027902 0.039157
10.029965 0.041841
10.032028 0.041780
10.034091 0.041468
10.068016 0.036522
10.133572 0.027969
10.198898 0.020727
10.264225 0.014711
10.329552 0.009859
10.394879 0.006092
10.460435 0.003318
10.525762 0.001457
10.591089 0.000392
10.656416 0.000007
10.721743 0.000000
10.787070 0.000000
10.852397 0.000000
10.917953 0.000000
10.957607 0.000000
10.965630 0.000000
10.967922 0.000000
10.969985 0.000000
10.972048 0.000000
10.974111 0.000000
10.976174 0.000000
10.978237 0.000000
10.980300 0.000000
10.982363 0.000000
10.984426 0.000000
10.986488 0.000000
10.988552 0.000000
10.990614 0.000000
10.992678 0.000000
10.994740 0.000000
10.996803 0.000000
10.998867 0.000000
11.000929 0.000000
11.002992 0.000000
11.005055 0.000000
11.007118 0.000000
11.009181 0.000000
11.011244 0.000000
11.013307 0.000000
11.015370 0.000000
11.017433 0.000000
11.019496 0.000000
11.021559 0.000000
11.023622 0.000000
11.025685 0.000000
11.027748 0.000000
11.029811 0.000000
11.031873 0.000000
11.033937 0.000000
11.035312 0.000000
11.068319 0.000000
11.133875 0.000000
11.199202 0.000000
11.264529 0.000000
11.329856 0.000000
11.395183 0.000000
11.460739 0.000000
11.526066 0.000000
11.591393 0.000000
11.656720 0.000000
11.722047 0.000000
11.787374 0.000000
11.851058 0.000000
11.918257 0.000000
11.957912 0.000000
11.965934 0.000000
11.968226 0.000000
11.970289 0.000000
11.972352 0.000000
11.974415 0.000000
11.976478 0.000000
11.978541 0.000000
11.980604 0.000000
11.982667 0.000000
11.984730 0.000000
11.986793 0.000000
11.988856 0.000000
11.990919 0.000000
11.992982 0.000000
11.995045 0.000000
11.997108 0.000000
11.999171 0.000000
12.001234 0.000000
12.003297 0.000000
12.005360 0.000000
12.007423 0.000000
12.009486 0.000000
12.011548 0.000000
12.013612 0.000000
12.015674 0.000000
12.017737 0.000000
12.019801 0.000000
12.021863 0.000000
12.023926 0.000000
12.025989 0.000000
12.028052 0.000000
12.030115 0.000000
12.032178 0.000000
12.034241 0.000000
12.068165 0.000000
12.133721 0.000000
12.199048 0.000000
12.264375 0.000000
12.329702 0.000000
12.395029 0.000000
12.460586 0.000000
12.525913 0.000000
12.591240 0.000000
12.656567 0.000000
12.721894 0.000000
12.787221 0.000000
12.852548 0.000000
12.918104 0.000000
12.957759 0.000000
12.965781 0.000000
12.968073 0.000000
12.970136 0.000000
12.972199 0.000000
12.974262 0.000000
12.976325 0.000000
12.978388 0.000000
12.980451 0.000000
12.982514 0.000000
12.984577 0.000000
12.986640 0.000000
12.988703 0.000000
12.990766 0.000000
12.992829 0.000000
12.994891 0.000000
12.996955 0.000000
12.999017 0.000000
13.001081 0.000000
13.003143 0.000000
13.005207 0.000000
13.007269 0.000000
13.009332 0.000000
13.011395 0.000000
13.013458 0.000000
13.015522 0.000000
13.017584 0.000000
13.019647 0.000000
13.021710 0.000000
13.023773 0.000000
13.025836 0.000000
13.027899 0.000000
13.029962 0.000000
13.032025 0.000000
13.034088 0.000000
13.068012 0.000000
13.133568 0.000000
13.198895 0.000000
13.264222 0.000000
13.329550 0.000000
13.394877 0.000256
13.460433 0.001170
13.525760 0.002853
13.591087 0.005417
13.656414 0.008961
13.721741 0.013573
13.787068 0.019333
13.850065 0.026036
13.917951 0.034580
13.957606 0.040224
13.965629 0.041425
13.967921 0.041772
13.969984 0.041871
13.972047 0.039247
13.974110 0.036550
13.976173 0.036804
13.978236 0.039947
13.980299 0.043509
13.982361 0.043996
13.984425 0.044319
13.986487 0.044643
13.988550 0.044969
13.990614 0.045296
13.992676 0.045624
13.994739 0.045954
13.996802 0.046285
13.998865 0.046617
14.000928 0.046951
14.002991 0.047286
14.005054 0.047623
14.007117 0.047960
14.009180 0.048300
14.011243 0.048640
14.013306 0.048982
14.015369 0.049325
14.017432 0.049670
14.019495 0.050016
14.021558 0.050363
14.023621 0.050711
14.025684 0.051061
14.027747 0.051413
14.029810 0.051765
14.031873 0.052119
14.033936 0.052475
14.035311 0.052712
14.068318 0.058597
14.133875 0.071319
14.199202 0.085366
14.264455 0.100755
14.329856 0.117520
14.395183 0.135577
14.460739 0.154975
14.526066 0.175527
14.591394 0.197243
14.656721 0.220056
14.722048 0.243686
14.787375 0.267623
14.852702 0.291658
14.918258 0.315673
14.957913 0.330066
14.965936 0.332960
14.968228 0.333786
14.970291 0.334529
14.972354 0.332639
14.974417 0.328782
14.976480 0.324524
14.978543 0.322087
14.980606 0.321638
14.982668 0.321515
14.984732 0.321595
14.986795 0.321824
14.988858 0.322165
14.990920 0.326047
14.992983 0.332922
14.995047 0.339914
14.997109 0.344141
14.999173 0.344877
15.001235 0.345613
15.003298 0.346348
15.005361 0.347082
15.007424 0.347815
15.009487 0.348549
15.011550 0.349281
15.013613 0.350013
15.015676 0.350745
15.017739 0.351476
15.019802 0.352206
15.021865 0.352936
15.023928 0.353665
15.025991 0.354393
15.028054 0.355121
15.030117 0.355849
15.032180 0.356575
15.034243 0.357301
15.068167 0.369147
15.133723 0.391462
15.199050 0.412804
15.264378 0.433093
15.329705 0.452177
15.395032 0.469921
15.460588 0.486252
15.525916 0.500943
15.591243 0.513952
15.656570 0.525193
15.721897 0.534589
15.787224 0.542080
15.852551 0.547615
15.920591 0.551264
15.957763 0.552336
15.965785 0.552481
15.968077 0.552517
15.970140 0.552548
15.972203 0.552576
15.974266 0.552602
15.976329 0.552626
15.978392 0.552648
15.980455 0.552668
15.982518 0.552687
15.984581 0.548952
15.986644 0.542758
15.988707 0.536598
15.990770 0.533426
15.992833 0.533196
15.994896 0.533034
15.996959 0.532929
15.999022 0.532878
16.001085 0.532879
16.003148 0.532932
16.005211 0.533041
16.007274 0.533206
16.009337 0.533439
16.011400 0.536882
16.013463 0.543094
16.015526 0.549237
16.017588 0.552686
16.019652 0.552667
16.021714 0.552647
16.023778 0.552625
16.025840 0.552601
16.027904 0.552574
16.029966 0.552546
16.032029 0.552516
16.034092 0.552483
16.068017 0.551662
16.133573 0.548536
16.198900 0.543420
16.264227 0.536341
16.329555 0.527345
16.394882 0.516490
16.460438 0.503802
16.525765 0.489455
16.591093 0.473505
16.656420 0.456063
16.721747 0.437252
16.787074 0.417207
16.852402 0.396076
16.917958 0.373936
16.957613 0.360162
16.965636 0.357344
16.967928 0.356537
16.969991 0.355811
16.972054 0.355083
16.974117 0.354356
16.976180 0.353627
16.978243 0.352898
16.980305 0.352168
16.982368 0.351438
16.984431 0.350707
16.986494 0.349975
16.988557 0.349243
16.990620 0.348510
16.992683 0.347777
16.994746 0.347043
16.996809 0.346309
16.998872 0.345574
17.000935 0.344839
17.002998 0.344103
17.005061 0.339580
17.007124 0.332543
17.009187 0.325732
17.011250 0.322145
17.013313 0.321810
17.015376 0.321587
17.017439 0.321516
17.019502 0.321651
17.021565 0.322124
17.023628 0.324732
17.025691 0.329005
17.027754 0.332804
17.029817 0.334490
17.031880 0.333747
17.033943 0.333004
17.035318 0.332508
17.068325 0.320557
17.133882 0.296588
17.199209 0.272558
17.264536 0.248584
17.329864 0.224869
17.395191 0.201841
17.460518 0.179894
17.525846 0.159098
17.591402 0.139444
17.656729 0.121123
17.722057 0.104104
17.787384 0.088420
17.852711 0.074092
17.919867 0.060788
17.957693 0.053930
17.965945 0.052495
17.968237 0.052100
17.970301 0.051746
17.972363 0.051394
17.974426 0.051042
17.976489 0.050693
17.978552 0.050344
17.980615 0.049997
17.982678 0.049651
17.984741 0.049307
17.986804 0.048964
17.988867 0.048622
17.990930 0.048281
17.992993 0.047942
17.995056 0.047605
17.997119 0.047268
17.999182 0.046933
18.001245 0.046600
18.003308 0.046267
18.005371 0.045936
18.007434 0.045607
18.009497 0.045278
18.011560 0.044951
18.013623 0.044626
18.015686 0.044302
18.017749 0.043979
18.019812 0.043388
18.021875 0.039724
18.023938 0.036734
18.026000 0.036600
18.028064 0.039442
18.030126 0.041929
18.032190 0.041756
18.034252 0.041443
18.068177 0.036499
18.133733 0.027949
18.199061 0.020710
18.264388 0.014698
18.329715 0.009848
18.395043 0.006084
18.460599 0.003312
18.525927 0.001454
18.591254 0.000390
18.656581 0.000006
18.721909 0.000000
18.787236 0.000000
18.852563 0.000000
18.917891 0.000000
18.957545 0.000000
18.965797 0.000000
18.968090 0.000000
18.970153 0.000000
18.972216 0.000000
18.974279 0.000000
18.976341 0.000000
18.978404 0.000000
18.980467 0.000000
18.982531 0.000000
18.984593 0.000000
18.986657 0.000000
18.988719 0.000000
18.990782 0.000000
18.992845 0.000000
18.994908 0.000000
18.996971 0.000000
18.999034 0.000000
19.001097 0.000000
19.003160 0.000000
19.005223 0.000000
19.007286 0.000000
19.009349 0.000000
19.011412 0.000000
19.013475 0.000000
19.015538 0.000000
19.017601 0.000000
19.019664 0.000000
19.021727 0.000000
19.023790 0.000000
19.025853 0.000000
19.027916 0.000000
19.029979 0.000000
19.032041 0.000000
19.034105 0.000000
19.068486 0.000000
19.133815 0.000000
19.199142 0.000000
19.264470 0.000000
19.329797 0.000000
19.395432 0.000000
19.460452 0.000000
19.526008 0.000000
19.591336 0.000000
19.656663 0.000000
19.721991 0.000000
19.787318 0.000000
19.852646 0.000000
19.919119 0.000000
19.957628 0.000000
19.965651 0.000000
19.967943 0.000000
19.970005 0.000000
19.972069 0.000000
19.974131 0.000000
19.976195 0.000000
19.978257 0.000000
19.980321 0.000000
19.982384 0.000000
19.984446 0.000000
19.986510 0.000000
19.988572 0.000000
19.990635 0.000000
19.992698 0.000000
19.994762 0.000000
19.996824 0.000000
19.998887 0.000000
20.000950 0.000000
20.003014 0.000000
20.005076 0.000000
20.007139 0.000000
20.009202 0.000000
20.011265 0.000000
20.013328 0.000000
20.015391 0.000000
20.017454 0.000000
20.019517 0.000000
20.021580 0.000000
20.023643 0.000000
20.025706 0.000000
20.027769 0.000000
20.029832 0.000000
20.031895 0.000000
20.033958 0.000000
20.035333 0.000000
20.068341 0.000000
20.133897 0.000000
20.199225 0.000000
20.264552 0.000000
20.329880 0.000000
20.395207 0.000000
20.460535 0.000000
20.525862 0.000000
20.591419 0.000000
20.659253 0.000000
