-0.176691 0.002371
-0.111248 0.000882
-0.056924 0.000218
-0.034002 0.000076
-0.031710 0.000066
-0.029647 0.000057
-0.027584 0.000050
-0.025521 0.000042
-0.023458 0.000036
-0.021396 0.000030
-0.019332 0.000024
-0.017270 0.000019
-0.015206 0.000015
-0.013144 0.000011
-0.011081 0.000008
-0.009018 0.000005
-0.006955 0.000003
-0.004892 0.000002
-0.002829 0.000001
-0.000766 0.000000
0.001297 0.000000
0.003360 0.000000
0.005423 0.000000
0.007486 0.000000
0.009549 0.000000
0.011611 0.000000
0.013675 0.000000
0.015737 0.000000
0.017801 0.000000
0.019863 0.000000
0.021926 0.000000
0.023990 0.000000
0.026052 0.000000
0.028115 0.000000
0.030178 0.000000
0.032241 0.000000
0.034304 0.000000
0.068228 0.000000
0.133784 0.000000
0.199110 0.000000
0.264436 0.000000
0.329763 0.000000
0.395089 0.000000
0.460645 0.000000
0.525971 0.000000
0.591298 0.000000
0.656624 0.000000
0.721786 0.000000
0.787277 0.000000
0.852604 0.000000
0.918159 0.000000
0.957813 0.000000
0.965836 0.000000
0.968128 0.000000
0.970191 0.000000
0.972254 0.000000
0.974317 0.000000
0.976380 0.000000
0.978443 0.000000
0.980506 0.000000
0.982569 0.000000
0.984632 0.000000
0.986695 0.000000
0.988758 0.000000
0.990820 0.000000
0.992884 0.000000
0.994946 0.000000
0.997009 0.000000
0.999073 0.000000
1.001135 0.000000
1.003198 0.000000
1.005261 0.000000
1.007324 0.000000
1.009387 0.000000
1.011450 0.000000
1.013513 0.000000
1.015576 0.000000
1.017639 0.000000
1.019701 0.000000
1.021765 0.000000
1.023827 0.000000
1.025891 0.000000
1.027954 0.000000
1.030016 0.000000
1.032079 0.000000
1.034142 0.000000
1.068066 0.000000
1.133622 0.000000
1.198948 0.000000
1.264275 0.000000
1.329601 0.000000
1.394928 0.000000
1.460483 0.000000
1.525810 0.000000
1.591136 0.000000
1.656463 0.000000
1.721789 0.000000
1.787116 0.000000
1.854085 0.000000
1.917998 0.000000
1.957652 0.000000
1.965675 0.000000
1.967967 0.000000
1.970030 0.000000
1.972093 0.000000
1.974156 0.000000
1.976219 0.000000
1.978282 0.000000
1.980345 0.000000
1.982407 0.000000
1.984470 0.000000
1.986533 0.000000
1.988596 0.000000
1.990660 0.000000
1.992722 0.000000
1.994785 0.000000
1.996848 0.000000
1.998911 0.000000
2.000974 0.000000
2.003037 0.000000
2.005100 0.000000
2.007163 0.000000
2.009226 0.000000
2.011289 0.000000
2.013352 0.000000
2.015414 0.000000
2.017478 0.000000
2.019540 0.000000
2.021603 0.000000
2.023667 0.000000
2.025729 0.000000
2.027792 0.000000
2.029855 0.000000
2.031918 0.000000
2.033981 0.000000
2.035356 0.000000
2.068364 0.000000
2.133919 0.000000
2.199246 0.000000
2.264572 0.000000
2.329899 0.000000
2.395225 0.000000
2.460781 0.000000
2.526107 0.000000
2.591434 0.000000
2.656760 0.000000
2.722087 0.000206
2.787414 0.001049
2.852740 0.002652
2.918296 0.005136
2.957950 0.007108
2.965973 0.007552
2.968265 0.007682
2.970328 0.007288
2.972391 0.006781
2.974454 0.006820
2.976517 0.007283
2.978579 0.008281
2.980643 0.008405
2.982705 0.008529
2.984768 0.008654
2.986832 0.008780
2.988894 0.008908
2.990957 0.009036
2.993020 0.009166
2.995083 0.009296
2.997146 0.009428
2.999209 0.009561
3.001272 0.009694
3.003335 0.009829
3.005398 0.009965
3.007461 0.010102
3.009524 0.010240
3.011586 0.010380
3.013650 0.010520
3.015713 0.010661
3.017775 0.010804
3.019839 0.010948
3.021901 0.011092
3.023964 0.011238
3.026027 0.011385
3.028090 0.011533
3.030153 0.011682
3.032216 0.011833
3.034279 0.011984
3.068203 0.014636
3.133759 0.020658
3.199085 0.027887
3.264412 0.036395
3.329738 0.046221
3.395065 0.057395
3.460621 0.069978
3.525947 0.083888
3.591274 0.099158
3.656600 0.115771
3.721927 0.133698
3.787253 0.152899
3.853573 0.173646
3.918136 0.195001
3.957790 0.208656
3.965813 0.211467
3.968105 0.212273
3.970168 0.212634
3.972231 0.210212
3.974294 0.206298
3.976357 0.202310
3.978420 0.200594
3.980483 0.200109
3.982546 0.199965
3.984608 0.203853
3.986671 0.210292
3.988734 0.216781
3.990798 0.220321
3.992860 0.221059
3.994923 0.221798
3.996986 0.222538
3.999049 0.223279
4.001112 0.224020
4.003175 0.224763
4.005238 0.225506
4.007301 0.226249
4.009364 0.226993
4.011427 0.227737
4.013490 0.228481
4.015553 0.229226
4.017616 0.229972
4.019678 0.230718
4.021741 0.231464
4.023805 0.232211
4.025867 0.232958
4.027930 0.233705
4.029993 0.234453
4.032056 0.235201
4.034119 0.235950
4.068043 0.248308
4.133599 0.272365
4.198925 0.296395
4.264252 0.320282
4.329579 0.343833
4.394905 0.366858
4.460461 0.389255
4.525788 0.410695
4.591114 0.431096
4.656441 0.450309
4.721767 0.468193
4.787094 0.484623
4.852421 0.499484
4.917977 0.512717
4.957631 0.519866
4.965654 0.521232
4.967946 0.521617
4.970009 0.521962
4.972072 0.522305
4.974134 0.522646
4.976197 0.522985
4.978260 0.521637
4.980323 0.516697
4.982387 0.510998
4.984449 0.506551
4.986512 0.506088
4.988575 0.506004
4.990638 0.506013
4.992701 0.506095
4.994764 0.506246
4.996827 0.506454
4.998890 0.506717
5.000953 0.507032
5.003016 0.507400
5.005079 0.511657
5.007142 0.518442
5.009205 0.525052
5.011268 0.528472
5.013330 0.528778
5.015394 0.529082
5.017456 0.529385
5.019519 0.529685
5.021582 0.529984
5.023645 0.530280
5.025708 0.530575
5.027771 0.530868
5.029834 0.531159
5.031897 0.531449
5.033960 0.531736
5.035335 0.531927
5.068342 0.536247
5.133898 0.543370
5.199225 0.548502
5.264551 0.551637
5.329878 0.552756
5.395205 0.551851
5.460761 0.548915
5.526087 0.543986
5.591414 0.537090
5.656740 0.528272
5.722067 0.517589
5.787394 0.505113
5.853064 0.490849
5.918276 0.475072
5.957931 0.464738
5.965953 0.462582
5.968245 0.461962
5.970308 0.461403
5.972371 0.460842
5.974435 0.460280
5.976497 0.459717
5.978561 0.459152
5.980623 0.458585
5.982686 0.458018
5.984749 0.457449
5.986812 0.456878
5.988875 0.456306
5.990938 0.455733
5.993001 0.455159
5.995064 0.454583
5.997127 0.452513
5.999190 0.446114
6.001253 0.438887
6.003316 0.433075
6.005379 0.431983
6.007441 0.431576
6.009504 0.431237
6.011567 0.430975
6.013630 0.430806
6.015693 0.430754
6.017756 0.430856
6.019819 0.431459
6.021882 0.435502
6.023945 0.440418
6.026008 0.444441
6.028071 0.445187
6.030134 0.444588
6.032197 0.443988
6.034260 0.443387
6.068184 0.433325
6.133740 0.412978
6.199066 0.391644
6.264393 0.369414
6.329720 0.346460
6.395046 0.322959
6.460602 0.299016
6.525929 0.274991
6.591256 0.251003
6.656582 0.227252
6.721909 0.204125
6.787236 0.182065
6.852562 0.161150
6.918118 0.141371
6.957773 0.130018
6.965795 0.127778
6.968088 0.127142
6.970150 0.126571
6.972214 0.126001
6.974277 0.125432
6.976339 0.124864
6.978402 0.124298
6.980465 0.123733
6.982528 0.123170
6.984591 0.122608
6.986654 0.122047
6.988717 0.121487
6.990780 0.120929
6.992843 0.120371
6.994906 0.119816
6.996969 0.119261
6.999032 0.118708
7.001095 0.118156
7.003158 0.117606
7.005221 0.117056
7.007284 0.116508
7.009347 0.115962
7.011410 0.115416
7.013472 0.114872
7.015535 0.114081
7.017598 0.109463
7.019661 0.103788
7.021724 0.099208
7.023787 0.099591
7.025850 0.103821
7.027913 0.107869
7.029976 0.110323
7.032039 0.110035
7.034102 0.109504
7.068026 0.100965
7.133582 0.085490
7.198909 0.071431
7.264235 0.058740
7.329562 0.047413
7.394889 0.037436
7.460445 0.028754
7.525772 0.021387
7.591098 0.015253
7.656425 0.010289
7.721752 0.006419
7.787079 0.003558
7.852061 0.001618
7.917961 0.000465
7.957616 0.000119
7.965638 0.000077
7.967930 0.000067
7.969993 0.000059
7.972056 0.000051
7.974120 0.000043
7.976182 0.000037
7.978245 0.000031
7.980308 0.000025
7.982371 0.000020
7.984434 0.000016
7.986497 0.000012
7.988560 0.000008
7.990623 0.000006
7.992686 0.000003
7.994749 0.000002
7.996812 0.000001
7.998875 0.000000
8.000938 0.000000
8.003000 0.000000
8.005064 0.000000
8.007127 0.000000
8.009189 0.000000
8.011253 0.000000
8.013315 0.000000
8.015379 0.000000
8.017441 0.000000
8.019504 0.000000
8.021567 0.000000
8.023630 0.000000
8.025693 0.000000
8.027756 0.000000
8.029819 0.000000
8.031882 0.000000
8.033945 0.000000
8.035320 0.000000
8.068327 0.000000
8.133883 0.000000
8.199210 0.000000
8.264537 0.000000
8.329864 0.000000
8.395190 0.000000
8.460746 0.000000
8.526073 0.000000
8.591400 0.000000
8.656727 0.000000
8.722054 0.000000
8.787380 0.000000
8.852707 0.000000
8.918263 0.000000
8.957918 0.000000
8.965940 0.000000
8.968233 0.000000
8.970295 0.000000
8.972358 0.000000
8.974422 0.000000
8.976484 0.000000
8.978547 0.000000
8.980610 0.000000
8.982673 0.000000
8.984736 0.000000
8.986799 0.000000
8.988862 0.000000
8.990925 0.000000
8.992988 0.000000
8.995051 0.000000
8.997114 0.000000
8.999177 0.000000
9.001240 0.000000
9.003303 0.000000
9.005366 0.000000
9.007428 0.000000
9.009492 0.000000
9.011554 0.000000
9.013617 0.000000
9.015681 0.000000
9.017743 0.000000
9.019806 0.000000
9.021869 0.000000
9.023932 0.000000
9.025995 0.000000
9.028058 0.000000
9.030121 0.000000
9.032184 0.000000
9.034247 0.000000
9.068171 0.000000
9.133727 0.000000
9.199054 0.000000
9.264381 0.000000
9.329708 0.000000
9.395034 0.000000
9.460590 0.000000
9.525917 0.000000
9.591244 0.000000
9.656571 0.000000
9.721898 0.000000
9.787225 0.000000
9.851558 0.000000
9.918108 0.000000
9.957762 0.000000
9.965785 0.000000
9.968077 0.000000
9.970140 0.000000
9.972203 0.000000
9.974266 0.000000
9.976329 0.000000
9.978392 0.000000
9.980455 0.000000
9.982518 0.000000
9.984581 0.000000
9.986643 0.000000
9.988706 0.000000
9.990769 0.000000
9.992832 0.000000
9.994895 0.000000
9.996958 0.000000
9.999021 0.000000
10.001084 0.000000
10.003147 0.000000
10.005210 0.000000
10.007273 0.000000
10.009336 0.000000
10.011399 0.000000
10.013462 0.000000
10.015525 0.000000
10.017588 0.000000
10.019651 0.000000
10.021714 0.000000
10.023777 0.000000
10.025840 0.000000
10.027902 0.000000
10.029965 0.000000
10.032028 0.000000
10.034091 0.000000
10.068016 0.000000
10.133572 0.000000
10.198898 0.000000
10.264225 0.000000
10.329552 0.000000
10.394879 0.000000
10.460435 0.000000
10.525762 0.000000
10.591089 0.000000
10.656416 0.000000
10.721743 0.000204
10.787070 0.001043
10.852397 0.002642
10.917953 0.005121
10.957607 0.007089
10.965630 0.007532
10.967922 0.007662
10.969985 0.007564
10.972048 0.006813
10.974111 0.006788
10.976174 0.007162
10.978237 0.008261
10.980300 0.008384
10.982363 0.008508
10.984426 0.008633
10.986488 0.008759
10.988552 0.008886
10.990614 0.009015
10.992678 0.009144
10.994740 0.009274
10.996803 0.009406
10.998867 0.009538
11.000929 0.009672
11.002992 0.009807
11.005055 0.009943
11.007118 0.010079
11.009181 0.010217
11.011244 0.010356
11.013307 0.010497
11.015370 0.010638
11.017433 0.010780
11.019496 0.010924
11.021559 0.011068
11.023622 0.011214
11.025685 0.011361
11.027748 0.011509
11.029811 0.011658
11.031873 0.011808
11.033937 0.011959
11.035312 0.012060
11.068319 0.014646
11.133875 0.020670
11.199202 0.027901
11.264529 0.036411
11.329856 0.046240
11.395183 0.057416
11.460739 0.070002
11.526066 0.083915
11.591393 0.099187
11.656720 0.115803
11.722047 0.133732
11.787374 0.152935
11.851058 0.172837
11.918257 0.195042
11.957912 0.208699
11.965934 0.211510
11.968226 0.212316
11.970289 0.212562
11.972352 0.210009
11.974415 0.206050
11.976478 0.202113
11.978541 0.200551
11.980604 0.200093
11.982667 0.199981
11.984730 0.204196
11.986793 0.210692
11.988856 0.217119
11.990919 0.220365
11.992982 0.221103
11.995045 0.221842
11.997108 0.222581
11.999171 0.223322
12.001234 0.224064
12.003297 0.224807
12.005360 0.225549
12.007423 0.226293
12.009486 0.227037
12.011548 0.227781
12.013612 0.228525
12.015674 0.229270
12.017737 0.230016
12.019801 0.230762
12.021863 0.231508
12.023926 0.232255
12.025989 0.233002
12.028052 0.233749
12.030115 0.234497
12.032178 0.235245
12.034241 0.235994
12.068165 0.248353
12.133721 0.272410
12.199048 0.296440
12.264375 0.320327
12.329702 0.343877
12.395029 0.366901
12.460586 0.389297
12.525913 0.410735
12.591240 0.431134
12.656567 0.450344
12.721894 0.468227
12.787221 0.484654
12.852548 0.499511
12.918104 0.512741
12.957759 0.519888
12.965781 0.521253
12.968073 0.521638
12.970136 0.521983
12.972199 0.522326
12.974262 0.522667
12.976325 0.523006
12.978388 0.521391
12.980451 0.516347
12.982514 0.510662
12.984577 0.506402
12.986640 0.506080
12.988703 0.506002
12.990766 0.506016
12.992829 0.506103
12.994891 0.506257
12.996955 0.506469
12.999017 0.506735
13.001081 0.507053
13.003143 0.507424
13.005207 0.512044
13.007269 0.518878
13.009332 0.525407
13.011395 0.528491
13.013458 0.528797
13.015522 0.529101
13.017584 0.529403
13.019647 0.529704
13.021710 0.530002
13.023773 0.530299
13.025836 0.530594
13.027899 0.530886
13.029962 0.531177
13.032025 0.531467
13.034088 0.531754
13.068012 0.536206
13.133568 0.543339
13.198895 0.548481
13.264222 0.551627
13.329550 0.552756
13.394877 0.551861
13.460433 0.548935
13.525760 0.544016
13.591087 0.537129
13.656414 0.528321
13.721741 0.517647
13.787068 0.505180
13.850065 0.491537
13.917951 0.475154
13.957606 0.464825
13.965629 0.462670
13.967921 0.462050
13.969984 0.461491
13.972047 0.460931
13.974110 0.460369
13.976173 0.459805
13.978236 0.459241
13.980299 0.458675
13.982361 0.458107
13.984425 0.457538
13.986487 0.456968
13.988550 0.456396
13.990614 0.455823
13.992676 0.455249
13.994739 0.454673
13.996802 0.453261
13.998865 0.447233
14.000928 0.439993
14.002991 0.433767
14.005054 0.432052
14.007117 0.431635
14.009180 0.431286
14.011243 0.431009
14.013306 0.430824
14.015369 0.430751
14.017432 0.430828
14.019495 0.431134
14.021558 0.434752
14.023621 0.439664
14.025684 0.443939
14.027747 0.445280
14.029810 0.444682
14.031873 0.444083
14.033936 0.443482
14.035311 0.443081
14.068318 0.433285
14.133875 0.412935
14.199202 0.391599
14.264455 0.369393
14.329856 0.346411
14.395183 0.322909
14.460739 0.298965
14.526066 0.274941
14.591394 0.250952
14.656721 0.227203
14.722048 0.204077
14.787375 0.182020
14.852702 0.161106
14.918258 0.141330
14.957913 0.129979
14.965936 0.127739
14.968228 0.127103
14.970291 0.126532
14.972354 0.125962
14.974417 0.125393
14.976480 0.124826
14.978543 0.124260
14.980606 0.123695
14.982668 0.123132
14.984732 0.122569
14.986795 0.122008
14.988858 0.121449
14.990920 0.120891
14.992983 0.120334
14.995047 0.119778
14.997109 0.119223
14.999173 0.118670
15.001235 0.118119
15.003298 0.117568
15.005361 0.117019
15.007424 0.116471
15.009487 0.115924
15.011550 0.115379
15.013613 0.114835
15.015676 0.113873
15.017739 0.109081
15.019802 0.103419
15.021865 0.098996
15.023928 0.099850
15.025991 0.104119
15.028054 0.108104
15.030117 0.110385
15.032180 0.109999
15.034243 0.109468
15.068167 0.100930
15.133723 0.085458
15.199050 0.071402
15.264378 0.058714
15.329705 0.047390
15.395032 0.037416
15.460588 0.028736
15.525916 0.021372
15.591243 0.015241
15.656570 0.010279
15.721897 0.006411
15.787224 0.003553
15.852551 0.001606
15.920591 0.000435
15.957763 0.000118
15.965785 0.000077
15.968077 0.000067
15.970140 0.000058
15.972203 0.000050
15.974266 0.000043
15.976329 0.000036
15.978392 0.000030
15.980455 0.000025
15.982518 0.000020
15.984581 0.000015
15.986644 0.000011
15.988707 0.000008
15.990770 0.000005
15.992833 0.000003
15.994896 0.000002
15.996959 0.000001
15.999022 0.000000
16.001085 0.000000
16.003148 0.000000
16.005211 0.000000
16.007274 0.000000
16.009337 0.000000
16.011400 0.000000
16.013463 0.000000
16.015526 0.000000
16.017588 0.000000
16.019652 0.000000
16.021714 0.000000
16.023778 0.000000
16.025840 0.000000
16.027904 0.000000
16.029966 0.000000
16.032029 0.000000
16.034092 0.000000
16.068017 0.000000
16.133573 0.000000
16.198900 0.000000
16.264227 0.000000
16.329555 0.000000
16.394882 0.000000
16.460438 0.000000
16.525765 0.000000
16.591093 0.000000
16.656420 0.000000
16.721747 0.000000
16.787074 0.000000
16.852402 0.000000
16.917958 0.000000
16.957613 0.000000
16.965636 0.000000
16.967928 0.000000
16.969991 0.000000
16.972054 0.000000
16.974117 0.000000
16.976180 0.000000
16.978243 0.000000
16.980305 0.000000
16.982368 0.000000
16.984431 0.000000
16.986494 0.000000
16.988557 0.000000
16.990620 0.000000
16.992683 0.000000
16.994746 0.000000
16.996809 0.000000
16.998872 0.000000
17.000935 0.000000
17.002998 0.000000
17.005061 0.000000
17.007124 0.000000
17.009187 0.000000
17.011250 0.000000
17.013313 0.000000
17.015376 0.000000
17.017439 0.000000
17.019502 0.000000
17.021565 0.000000
17.023628 0.000000
17.025691 0.000000
17.027754 0.000000
17.029817 0.000000
17.031880 0.000000
17.033943 0.000000
17.035318 0.000000
17.068325 0.000000
17.133882 0.000000
17.199209 0.000000
17.264536 0.000000
17.329864 0.000000
17.395191 0.000000
17.460518 0.000000
17.525846 0.000000
17.591402 0.000000
17.656729 0.000000
17.722057 0.000000
17.787384 0.000000
17.852711 0.000000
17.919867 0.000000
17.957693 0.000000
17.965945 0.000000
17.968237 0.000000
17.970301 0.000000
17.972363 0.000000
17.974426 0.000000
17.976489 0.000000
17.978552 0.000000
17.980615 0.000000
17.982678 0.000000
17.984741 0.000000
17.986804 0.000000
17.988867 0.000000
17.990930 0.000000
17.992993 0.000000
17.995056 0.000000
17.997119 0.000000
17.999182 0.000000
18.001245 0.000000
18.003308 0.000000
18.005371 0.000000
18.007434 0.000000
18.009497 0.000000
18.011560 0.000000
18.013623 0.000000
18.015686 0.000000
18.017749 0.000000
18.019812 0.000000
18.021875 0.000000
18.023938 0.000000
18.026000 0.000000
18.028064 0.000000
18.030126 0.000000
18.032190 0.000000
18.034252 0.000000
18.068177 0.000000
18.133733 0.000000
18.199061 0.000000
18.264388 0.000000
18.329715 0.000000
18.395043 0.000000
18.460599 0.000000
18.525927 0.000000
18.591254 0.000000
18.656581 0.000000
18.721909 0.000205
18.787236 0.001046
18.852563 0.002647
18.917891 0.005118
18.957545 0.007086
18.965797 0.007542
18.968090 0.007672
18.970153 0.007437
18.972216 0.006796
18.974279 0.006802
18.976341 0.007218
18.978404 0.008271
18.980467 0.008394
18.982531 0.008518
18.984593 0.008643
18.986657 0.008770
18.988719 0.008897
18.990782 0.009025
18.992845 0.009155
18.994908 0.009285
18.996971 0.009417
18.999034 0.009549
19.001097 0.009683
19.003160 0.009818
19.005223 0.009954
19.007286 0.010091
19.009349 0.010229
19.011412 0.010368
19.013475 0.010508
19.015538 0.010649
19.017601 0.010792
19.019664 0.010935
19.021727 0.011080
19.023790 0.011226
19.025853 0.011373
19.027916 0.011521
19.029979 0.011670
19.032041 0.011820
19.034105 0.011971
19.068486 0.014660
19.133815 0.020664
19.199142 0.027894
19.264470 0.036403
19.329797 0.046231
19.395432 0.057461
19.460452 0.069944
19.526008 0.083902
19.591336 0.099173
19.656663 0.115788
19.721991 0.133716
19.787318 0.152918
19.852646 0.173348
19.919119 0.195335
19.957628 0.208600
19.965651 0.211410
19.967943 0.212216
19.970005 0.212711
19.972069 0.210473
19.974131 0.206627
19.976195 0.202585
19.978257 0.200654
19.980321 0.200134
19.982384 0.199967
19.984446 0.203409
19.986510 0.209760
19.988572 0.216319
19.990635 0.220263
19.992698 0.221001
19.994762 0.221740
19.996824 0.222480
19.998887 0.223220
20.000950 0.223962
20.003014 0.224705
20.005076 0.225447
20.007139 0.226191
20.009202 0.226934
20.011265 0.227678
20.013328 0.228423
20.015391 0.229168
20.017454 0.229913
20.019517 0.230659
20.021580 0.231405
20.023643 0.232152
20.025706 0.232899
20.027769 0.233647
20.029832 0.234394
20.031895 0.235143
20.033958 0.235891
20.035333 0.236391
20.068341 0.248417
20.133897 0.272474
20.199225 0.296505
20.264552 0.320392
20.329880 0.343940
20.395207 0.366963
20.460535 0.389280
20.525862 0.410719
20.591419 0.431189
20.659253 0.451107
