-0.176691 0.000000
-0.111248 0.000000
-0.056924 0.000000
-0.034002 0.000000
-0.031710 0.000000
-0.029647 0.000000
-0.027584 0.000000
-0.025521 0.000000
-0.023458 0.000000
-0.021396 0.000000
-0.019332 0.000000
-0.017270 0.000000
-0.015206 0.000000
-0.013144 0.000000
-0.011081 0.000000
-0.009018 0.000000
-0.006955 0.000000
-0.004892 0.000000
-0.002829 0.000000
-0.000766 0.000000
0.001297 0.000000
0.003360 0.000001
0.005423 0.000002
0.007486 0.000004
0.009549 0.000006
0.011611 0.000009
0.013675 0.000012
0.015737 0.000016
0.017801 0.000020
0.019863 0.000025
0.021926 0.000031
0.023990 0.000037
0.026052 0.000044
0.028115 0.000051
0.030178 0.000059
0.032241 0.000068
0.034304 0.000077
0.068228 0.000317
0.133784 0.001305
0.199110 0.003073
0.264436 0.005733
0.329763 0.009382
0.395089 0.014109
0.460645 0.020012
0.525971 0.027118
0.591298 0.035497
0.656624 0.045192
0.721786 0.056202
0.787277 0.068634
0.852604 0.082404
0.918159 0.097591
0.957813 0.107437
0.965836 0.109488
0.968128 0.110078
0.970191 0.110224
0.972254 0.107582
0.974317 0.103466
0.976380 0.099294
0.978443 0.099485
0.980506 0.104233
0.982569 0.109910
0.984632 0.114287
0.986695 0.114916
0.988758 0.115460
0.990820 0.116006
0.992884 0.116553
0.994946 0.117101
0.997009 0.117650
0.999073 0.118201
1.001135 0.118753
1.003198 0.119306
1.005261 0.119861
1.007324 0.120416
1.009387 0.120974
1.011450 0.121532
1.013513 0.122092
1.015576 0.122653
1.017639 0.123215
1.019701 0.123779
1.021765 0.124344
1.023827 0.124910
1.025891 0.125478
1.027954 0.126047
1.030016 0.126617
1.032079 0.127188
1.034142 0.127761
1.068066 0.137363
1.133622 0.156879
1.198948 0.177544
1.264275 0.199367
1.329601 0.222280
1.394928 0.245953
1.460483 0.269992
1.525810 0.294026
1.591136 0.317936
1.656463 0.341528
1.721789 0.364614
1.787116 0.387011
1.854085 0.409077
1.917998 0.429132
1.957652 0.441019
1.965675 0.443368
1.967967 0.444036
1.970030 0.444636
1.972093 0.445234
1.974156 0.444195
1.976219 0.440040
1.978282 0.435120
1.980345 0.431272
1.982407 0.430842
1.984470 0.430752
1.986533 0.430815
1.988596 0.430992
1.990660 0.431262
1.992722 0.431605
1.994785 0.432018
1.996848 0.433408
1.998911 0.439442
2.000974 0.446682
2.003037 0.452905
2.005100 0.454628
2.007163 0.455204
2.009226 0.455779
2.011289 0.456352
2.013352 0.456924
2.015414 0.457494
2.017478 0.458063
2.019540 0.458630
2.021603 0.459197
2.023667 0.459761
2.025729 0.460325
2.027792 0.460887
2.029855 0.461448
2.031918 0.462007
2.033981 0.462565
2.035356 0.462936
2.068364 0.471651
2.133919 0.487825
2.199246 0.502348
2.264572 0.515181
2.329899 0.526236
2.395225 0.535441
2.460781 0.542756
2.526107 0.548084
2.591434 0.551417
2.656760 0.552736
2.722087 0.552031
2.787414 0.549307
2.852740 0.544581
2.918296 0.537857
2.957950 0.532845
2.965973 0.531745
2.968265 0.531426
2.970328 0.531137
2.972391 0.530845
2.974454 0.530552
2.976517 0.530257
2.978579 0.529960
2.980643 0.529662
2.982705 0.529361
2.984768 0.529058
2.986832 0.528754
2.988894 0.528448
2.990957 0.524589
2.993020 0.517891
2.995083 0.511178
2.997146 0.507369
2.999209 0.507005
3.001272 0.506695
3.003335 0.506435
3.005398 0.506232
3.007461 0.506087
3.009524 0.506009
3.011586 0.506008
3.013650 0.506099
3.015713 0.506776
3.017775 0.511430
3.019839 0.517134
3.021901 0.521932
3.023964 0.522958
3.026027 0.522619
3.028090 0.522278
3.030153 0.521935
3.032216 0.521590
3.034279 0.521243
3.068203 0.515283
3.133759 0.502417
3.199085 0.487902
3.264412 0.471795
3.329738 0.454208
3.395065 0.435265
3.460621 0.415030
3.525947 0.393794
3.591274 0.371645
3.656600 0.348754
3.721927 0.325299
3.787253 0.301467
3.853573 0.277085
3.918136 0.253365
3.957790 0.238889
3.965813 0.235975
3.968105 0.235143
3.970168 0.234395
3.972231 0.233647
3.974294 0.232899
3.976357 0.232152
3.978420 0.231406
3.980483 0.230659
3.982546 0.229914
3.984608 0.229168
3.986671 0.228423
3.988734 0.227679
3.990798 0.226934
3.992860 0.226191
3.994923 0.225448
3.996986 0.224705
3.999049 0.223962
4.001112 0.223221
4.003175 0.222480
4.005238 0.221740
4.007301 0.221001
4.009364 0.220264
4.011427 0.216321
4.013490 0.209763
4.015553 0.203412
4.017616 0.199967
4.019678 0.200134
4.021741 0.200654
4.023805 0.202583
4.025867 0.206625
4.027930 0.210472
4.029993 0.212711
4.032056 0.212216
4.034119 0.211491
4.068043 0.199715
4.133599 0.177800
4.198925 0.157120
4.264252 0.137655
4.329579 0.119455
4.394905 0.102562
4.460461 0.086953
4.525788 0.072760
4.591114 0.059933
4.656441 0.048472
4.721767 0.038363
4.787094 0.029579
4.852421 0.022083
4.917977 0.015806
4.957631 0.012589
4.965654 0.011989
4.967946 0.011821
4.970009 0.011671
4.972072 0.011522
4.974134 0.011374
4.976197 0.011227
4.978260 0.011081
4.980323 0.010936
4.982387 0.010793
4.984449 0.010650
4.986512 0.010509
4.988575 0.010369
4.990638 0.010230
4.992701 0.010092
4.994764 0.009955
4.996827 0.009819
4.998890 0.009684
5.000953 0.009550
5.003016 0.009418
5.005079 0.009286
5.007142 0.009155
5.009205 0.009026
5.011268 0.008898
5.013330 0.008770
5.015394 0.008644
5.017456 0.008519
5.019519 0.008395
5.021582 0.008272
5.023645 0.007223
5.025708 0.006803
5.027771 0.006794
5.029834 0.007426
5.031897 0.007672
5.033960 0.007556
5.035335 0.007478
5.068342 0.005760
5.133898 0.003084
5.199225 0.001311
5.264551 0.000322
5.329878 0.000001
5.395205 0.000000
5.460761 0.000000
5.526087 0.000000
5.591414 0.000000
5.656740 0.000000
5.722067 0.000000
5.787394 0.000000
5.853064 0.000000
5.918276 0.000000
5.957931 0.000000
5.965953 0.000000
5.968245 0.000000
5.970308 0.000000
5.972371 0.000000
5.974435 0.000000
5.976497 0.000000
5.978561 0.000000
5.980623 0.000000
5.982686 0.000000
5.984749 0.000000
5.986812 0.000000
5.988875 0.000000
5.990938 0.000000
5.993001 0.000000
5.995064 0.000000
5.997127 0.000000
5.999190 0.000000
6.001253 0.000000
6.003316 0.000000
6.005379 0.000000
6.007441 0.000000
6.009504 0.000000
6.011567 0.000000
6.013630 0.000000
6.015693 0.000000
6.017756 0.000000
6.019819 0.000000
6.021882 0.000000
6.023945 0.000000
6.026008 0.000000
6.028071 0.000000
6.030134 0.000000
6.032197 0.000000
6.034260 0.000000
6.068184 0.000000
6.133740 0.000000
6.199066 0.000000
6.264393 0.000000
6.329720 0.000000
6.395046 0.000000
6.460602 0.000000
6.525929 0.000000
6.591256 0.000000
6.656582 0.000000
6.721909 0.000000
6.787236 0.000000
6.852562 0.000000
6.918118 0.000000
6.957773 0.000000
6.965795 0.000000
6.968088 0.000000
6.970150 0.000000
6.972214 0.000000
6.974277 0.000000
6.976339 0.000000
6.978402 0.000000
6.980465 0.000000
6.982528 0.000000
6.984591 0.000000
6.986654 0.000000
6.988717 0.000000
6.990780 0.000000
6.992843 0.000000
6.994906 0.000000
6.996969 0.000000
6.999032 0.000000
7.001095 0.000000
7.003158 0.000000
7.005221 0.000000
7.007284 0.000000
7.009347 0.000000
7.011410 0.000000
7.013472 0.000000
7.015535 0.000000
7.017598 0.000000
7.019661 0.000000
7.021724 0.000000
7.023787 0.000000
7.025850 0.000000
7.027913 0.000000
7.029976 0.000000
7.032039 0.000000
7.034102 0.000000
7.068026 0.000000
7.133582 0.000000
7.198909 0.000000
7.264235 0.000000
7.329562 0.000000
7.394889 0.000000
7.460445 0.000000
7.525772 0.000000
7.591098 0.000000
7.656425 0.000000
7.721752 0.000000
7.787079 0.000000
7.852061 0.000000
7.917961 0.000000
7.957616 0.000000
7.965638 0.000000
7.967930 0.000000
7.969993 0.000000
7.972056 0.000000
7.974120 0.000000
7.976182 0.000000
7.978245 0.000000
7.980308 0.000000
7.982371 0.000000
7.984434 0.000000
7.986497 0.000000
7.988560 0.000000
7.990623 0.000000
7.992686 0.000000
7.994749 0.000000
7.996812 0.000000
7.998875 0.000000
8.000938 0.000000
8.003000 0.000001
8.005064 0.000002
8.007127 0.000003
8.009189 0.000005
8.011253 0.000008
8.013315 0.000011
8.015379 0.000015
8.017441 0.000020
8.019504 0.000025
8.021567 0.000030
8.023630 0.000036
8.025693 0.000043
8.027756 0.000050
8.029819 0.000058
8.031882 0.000066
8.033945 0.000076
8.035320 0.000082
8.068327 0.000318
8.133883 0.001307
8.199210 0.003077
8.264537 0.005738
8.329864 0.009388
8.395190 0.014117
8.460746 0.020022
8.526073 0.027130
8.591400 0.035511
8.656727 0.045208
8.722054 0.056250
8.787380 0.068654
8.852707 0.082427
8.918263 0.097616
8.957918 0.107463
8.965940 0.109515
8.968233 0.110105
8.970295 0.110151
8.972358 0.107398
8.974422 0.103243
8.976484 0.099115
8.978547 0.099669
8.980610 0.104515
8.982673 0.110187
8.984736 0.114382
8.986799 0.114944
8.988862 0.115488
8.990925 0.116033
8.992988 0.116580
8.995051 0.117128
8.997114 0.117678
8.999177 0.118229
9.001240 0.118781
9.003303 0.119334
9.005366 0.119889
9.007428 0.120445
9.009492 0.121002
9.011554 0.121561
9.013617 0.122120
9.015681 0.122682
9.017743 0.123244
9.019806 0.123808
9.021869 0.124373
9.023932 0.124939
9.025995 0.125507
9.028058 0.126076
9.030121 0.126646
9.032184 0.127217
9.034247 0.127790
9.068171 0.137393
9.133727 0.156911
9.199054 0.177579
9.264381 0.199403
9.329708 0.222318
9.395034 0.245992
9.460590 0.270032
9.525917 0.294065
9.591244 0.317975
9.656571 0.341567
9.721898 0.364651
9.787225 0.387048
9.851558 0.408263
9.918108 0.429166
9.957762 0.441051
9.965785 0.443400
9.968077 0.444068
9.970140 0.444668
9.972203 0.445266
9.974266 0.444021
9.976329 0.439782
9.978392 0.434867
9.980455 0.431172
9.982518 0.430832
9.984581 0.430751
9.986643 0.430821
9.988706 0.431004
9.990769 0.431278
9.992832 0.431625
9.994895 0.432041
9.996958 0.433651
9.999021 0.439819
10.001084 0.447061
10.003147 0.453152
10.005210 0.454659
10.007273 0.455235
10.009336 0.455809
10.011399 0.456382
10.013462 0.456954
10.015525 0.457524
10.017588 0.458093
10.019651 0.458661
10.021714 0.459227
10.023777 0.459792
10.025840 0.460355
10.027902 0.460917
10.029965 0.461477
10.032028 0.462037
10.034091 0.462594
10.068016 0.471561
10.133572 0.487743
10.198898 0.502275
10.264225 0.515117
10.329552 0.526183
10.394879 0.535397
10.460435 0.542723
10.525762 0.548061
10.591089 0.551405
10.656416 0.552734
10.721743 0.552040
10.787070 0.549326
10.852397 0.544611
10.917953 0.537898
10.957607 0.532891
10.965630 0.531793
10.967922 0.531474
10.969985 0.531185
10.972048 0.530894
10.974111 0.530601
10.976174 0.530306
10.978237 0.530010
10.980300 0.529711
10.982363 0.529411
10.984426 0.529109
10.986488 0.528805
10.988552 0.528499
10.990614 0.525551
10.992678 0.519058
10.994740 0.512206
10.996803 0.507455
10.998867 0.507062
11.000929 0.506742
11.002992 0.506475
11.005055 0.506262
11.007118 0.506106
11.009181 0.506018
11.011244 0.506001
11.013307 0.506076
11.015370 0.506350
11.017433 0.510524
11.019496 0.516201
11.021559 0.521285
11.023622 0.523015
11.025685 0.522675
11.027748 0.522334
11.029811 0.521992
11.031873 0.521647
11.033937 0.521301
11.035312 0.521069
11.068319 0.515262
11.133875 0.502393
11.199202 0.487874
11.264529 0.471764
11.329856 0.454175
11.395183 0.435229
11.460739 0.414993
11.526066 0.393754
11.591393 0.371604
11.656720 0.348712
11.722047 0.325256
11.787374 0.301423
11.851058 0.278011
11.918257 0.253321
11.957912 0.238845
11.965934 0.235931
11.968226 0.235099
11.970289 0.234350
11.972352 0.233603
11.974415 0.232855
11.976478 0.232108
11.978541 0.231362
11.980604 0.230615
11.982667 0.229870
11.984730 0.229124
11.986793 0.228379
11.988856 0.227635
11.990919 0.226891
11.992982 0.226147
11.995045 0.225404
11.997108 0.224661
11.999171 0.223919
12.001234 0.223177
12.003297 0.222436
12.005360 0.221696
12.007423 0.220958
12.009486 0.220220
12.011548 0.215966
12.013612 0.209363
12.015674 0.203087
12.017737 0.199970
12.019801 0.200152
12.021863 0.200703
12.023926 0.202796
12.025989 0.206872
12.028052 0.210663
12.030115 0.212753
12.032178 0.212173
12.034241 0.211448
12.068165 0.199673
12.133721 0.177760
12.199048 0.157082
12.264375 0.137620
12.329702 0.119422
12.395029 0.102531
12.460586 0.086925
12.525913 0.072734
12.591240 0.059910
12.656567 0.048451
12.721894 0.038344
12.787221 0.029563
12.852548 0.022070
12.918104 0.015795
12.957759 0.012579
12.965781 0.011980
12.968073 0.011811
12.970136 0.011661
12.972199 0.011512
12.974262 0.011364
12.976325 0.011218
12.978388 0.011072
12.980451 0.010927
12.982514 0.010784
12.984577 0.010642
12.986640 0.010500
12.988703 0.010360
12.990766 0.010221
12.992829 0.010083
12.994891 0.009946
12.996955 0.009810
12.999017 0.009676
13.001081 0.009542
13.003143 0.009409
13.005207 0.009278
13.007269 0.009147
13.009332 0.009018
13.011395 0.008890
13.013458 0.008763
13.015522 0.008636
13.017584 0.008511
13.019647 0.008387
13.021710 0.008264
13.023773 0.007179
13.025836 0.006792
13.027899 0.006807
13.029962 0.007527
13.032025 0.007665
13.034088 0.007548
13.068012 0.005776
13.133568 0.003095
13.198895 0.001318
13.264222 0.000326
13.329550 0.000001
13.394877 0.000000
13.460433 0.000000
13.525760 0.000000
13.591087 0.000000
13.656414 0.000000
13.721741 0.000000
13.787068 0.000000
13.850065 0.000000
13.917951 0.000000
13.957606 0.000000
13.965629 0.000000
13.967921 0.000000
13.969984 0.000000
13.972047 0.000000
13.974110 0.000000
13.976173 0.000000
13.978236 0.000000
13.980299 0.000000
13.982361 0.000000
13.984425 0.000000
13.986487 0.000000
13.988550 0.000000
13.990614 0.000000
13.992676 0.000000
13.994739 0.000000
13.996802 0.000000
13.998865 0.000000
14.000928 0.000000
14.002991 0.000000
14.005054 0.000000
14.007117 0.000000
14.009180 0.000000
14.011243 0.000000
14.013306 0.000000
14.015369 0.000000
14.017432 0.000000
14.019495 0.000000
14.021558 0.000000
14.023621 0.000000
14.025684 0.000000
14.027747 0.000000
14.029810 0.000000
14.031873 0.000000
14.033936 0.000000
14.035311 0.000000
14.068318 0.000000
14.133875 0.000000
14.199202 0.000000
14.264455 0.000000
14.329856 0.000000
14.395183 0.000000
14.460739 0.000000
14.526066 0.000000
14.591394 0.000000
14.656721 0.000000
14.722048 0.000000
14.787375 0.000000
14.852702 0.000000
14.918258 0.000000
14.957913 0.000000
14.965936 0.000000
14.968228 0.000000
14.970291 0.000000
14.972354 0.000000
14.974417 0.000000
14.976480 0.000000
14.978543 0.000000
14.980606 0.000000
14.982668 0.000000
14.984732 0.000000
14.986795 0.000000
14.988858 0.000000
14.990920 0.000000
14.992983 0.000000
14.995047 0.000000
14.997109 0.000000
14.999173 0.000000
15.001235 0.000000
15.003298 0.000000
15.005361 0.000000
15.007424 0.000000
15.009487 0.000000
15.011550 0.000000
15.013613 0.000000
15.015676 0.000000
15.017739 0.000000
15.019802 0.000000
15.021865 0.000000
15.023928 0.000000
15.025991 0.000000
15.028054 0.000000
15.030117 0.000000
15.032180 0.000000
15.034243 0.000000
15.068167 0.000000
15.133723 0.000000
15.199050 0.000000
15.264378 0.000000
15.329705 0.000000
15.395032 0.000000
15.460588 0.000000
15.525916 0.000000
15.591243 0.000000
15.656570 0.000000
15.721897 0.000000
15.787224 0.000000
15.852551 0.000000
15.920591 0.000000
15.957763 0.000000
15.965785 0.000000
15.968077 0.000000
15.970140 0.000000
15.972203 0.000000
15.974266 0.000000
15.976329 0.000000
15.978392 0.000000
15.980455 0.000000
15.982518 0.000000
15.984581 0.000000
15.986644 0.000000
15.988707 0.000000
15.990770 0.000000
15.992833 0.000000
15.994896 0.000000
15.996959 0.000000
15.999022 0.000000
16.001085 0.000000
16.003148 0.000001
16.005211 0.000002
16.007274 0.000003
16.009337 0.000006
16.011400 0.000008
16.013463 0.000012
16.015526 0.000015
16.017588 0.000020
16.019652 0.000025
16.021714 0.000030
16.023778 0.000037
16.025840 0.000043
16.027904 0.000051
16.029966 0.000059
16.032029 0.000067
16.034092 0.000076
16.068017 0.000315
16.133573 0.001300
16.198900 0.003066
16.264227 0.005723
16.329555 0.009369
16.394882 0.014092
16.460438 0.019992
16.525765 0.027093
16.591093 0.035469
16.656420 0.045159
16.721747 0.056195
16.787074 0.068593
16.852402 0.082359
16.917958 0.097542
16.957613 0.107386
16.965636 0.109437
16.967928 0.110027
16.969991 0.110339
16.972054 0.107925
16.974117 0.103892
16.976180 0.099651
16.978243 0.099156
16.980305 0.103701
16.982368 0.109373
16.984431 0.114035
16.986494 0.114864
16.988557 0.115408
16.990620 0.115953
16.992683 0.116499
16.994746 0.117047
16.996809 0.117597
16.998872 0.118147
17.000935 0.118699
17.002998 0.119252
17.005061 0.119807
17.007124 0.120362
17.009187 0.120920
17.011250 0.121478
17.013313 0.122038
17.015376 0.122599
17.017439 0.123161
17.019502 0.123725
17.021565 0.124289
17.023628 0.124856
17.025691 0.125423
17.027754 0.125992
17.029817 0.126562
17.031880 0.127133
17.033943 0.127706
17.035318 0.128088
17.068325 0.137437
17.133882 0.156959
17.199209 0.177629
17.264536 0.199457
17.329864 0.222374
17.395191 0.246049
17.460518 0.270005
17.525846 0.294039
17.591402 0.318033
17.656729 0.341624
17.722057 0.364707
17.787384 0.387101
17.852711 0.408635
17.919867 0.429703
17.957693 0.441031
17.965945 0.443447
17.968237 0.444115
17.970301 0.444714
17.972363 0.445312
17.974426 0.443754
17.976489 0.439403
17.978552 0.434502
17.980615 0.431089
17.982678 0.430820
17.984741 0.430751
17.986804 0.430831
17.988867 0.431022
17.990930 0.431303
17.992993 0.431656
17.995056 0.432076
17.997119 0.434029
17.999182 0.440374
18.001245 0.447608
18.003308 0.453487
18.005371 0.454704
18.007434 0.455280
18.009497 0.455854
18.011560 0.456427
18.013623 0.456999
18.015686 0.457569
18.017749 0.458138
18.019812 0.458705
18.021875 0.459271
18.023938 0.459836
18.026000 0.460399
18.028064 0.460961
18.030126 0.461521
18.032190 0.462080
18.034252 0.462638
18.068177 0.471602
18.133733 0.487781
18.199061 0.502309
18.264388 0.515147
18.329715 0.526208
18.395043 0.535418
18.460599 0.542739
18.525927 0.548072
18.591254 0.551411
18.656581 0.552735
18.721909 0.552035
18.787236 0.549317
18.852563 0.544596
18.917891 0.537905
18.957545 0.532900
18.965797 0.531770
18.968090 0.531451
18.970153 0.531161
18.972216 0.530870
18.974279 0.530577
18.976341 0.530282
18.978404 0.529986
18.980467 0.529687
18.982531 0.529386
18.984593 0.529084
18.986657 0.528780
18.988719 0.528474
18.990782 0.525089
18.992845 0.518488
18.994908 0.511696
18.996971 0.507402
18.999034 0.507034
19.001097 0.506719
19.003160 0.506455
19.005223 0.506247
19.007286 0.506096
19.009349 0.506013
19.011412 0.506004
19.013475 0.506087
19.015538 0.506535
19.017601 0.510964
19.019664 0.516662
19.021727 0.521613
19.023790 0.522987
19.025853 0.522648
19.027916 0.522307
19.029979 0.521964
19.032041 0.521619
19.034105 0.521272
19.068486 0.515231
19.133815 0.502405
19.199142 0.487889
19.264470 0.471780
19.329797 0.454191
19.395432 0.435155
19.460452 0.415084
19.526008 0.393773
19.591336 0.371624
19.656663 0.348732
19.721991 0.325276
19.787318 0.301443
19.852646 0.277427
19.919119 0.253005
19.957628 0.238948
19.965651 0.236033
19.967943 0.235202
19.970005 0.234453
19.972069 0.233705
19.974131 0.232958
19.976195 0.232211
19.978257 0.231464
19.980321 0.230718
19.982384 0.229972
19.984446 0.229227
19.986510 0.228482
19.988572 0.227737
19.990635 0.226993
19.992698 0.226249
19.994762 0.225506
19.996824 0.224763
19.998887 0.224021
20.000950 0.223279
20.003014 0.222538
20.005076 0.221798
20.007139 0.221059
20.009202 0.220321
20.011265 0.216783
20.013328 0.210293
20.015391 0.203855
20.017454 0.199965
20.019517 0.200109
20.021580 0.200594
20.023643 0.202309
20.025706 0.206297
20.027769 0.210212
20.029832 0.212634
20.031895 0.212273
20.033958 0.211548
20.035333 0.211065
20.068341 0.199613
20.133897 0.177703
20.199225 0.157028
20.264552 0.137569
20.329880 0.119375
20.395207 0.102487
20.460535 0.086937
20.525862 0.072744
20.591419 0.059877
20.659253 0.048009
